Data:  24:0A:C4:23:C1:EC ('Channel', 5) ('Header', '48') ('MAC', 'B8:63:4D:A2:0E:13') ('RSSI', -62)
Data:  24:0A:C4:23:D9:B0 ('Channel', 5) ('Header', '48') ('MAC', 'B8:63:4D:A2:0E:13') ('RSSI', -50)
Data:  24:0A:C4:23:D9:B0 ('Channel', 5) ('Header', '48') ('MAC', 'B8:63:4D:A2:0E:13') ('RSSI', -49)
Data:  24:0A:C4:23:C1:EC ('Channel', 5) ('Header', '48') ('MAC', 'B8:63:4D:A2:0E:13') ('RSSI', -62)
Data:  24:0A:C4:23:D9:B0 ('Channel', 5) ('Header', '48') ('MAC', 'B8:63:4D:A2:0E:13') ('RSSI', -50)
Data:  24:0A:C4:23:C1:EC ('Channel', 5) ('Header', '48') ('MAC', 'B8:63:4D:A2:0E:13') ('RSSI', -62)
Data:  24:0A:C4:23:C1:EC ('Channel', 5) ('Header', '48') ('MAC', 'B8:63:4D:A2:0E:13') ('RSSI', -62)
Data:  24:0A:C4:23:D9:B0 ('Channel', 5) ('Header', '48') ('MAC', 'B8:63:4D:A2:0E:13') ('RSSI', -50)
Data:  24:0A:C4:23:C1:EC ('Channel', 5) ('Header', '48') ('MAC', 'B8:63:4D:A2:0E:13') ('RSSI', -68)
Data:  24:0A:C4:23:C1:EC ('Channel', 5) ('Header', '48') ('MAC', 'B8:63:4D:A2:0E:13') ('RSSI', -68)
Data:  24:0A:C4:23:D9:B0 ('Channel', 5) ('Header', '48') ('MAC', 'B8:63:4D:A2:0E:13') ('RSSI', -47)
Data:  24:0A:C4:23:D9:B0 ('Channel', 5) ('Header', '48') ('MAC', 'B8:63:4D:A2:0E:13') ('RSSI', -47)
Data:  24:0A:C4:23:C1:EC ('Channel', 5) ('Header', '48') ('MAC', 'B8:63:4D:A2:0E:13') ('RSSI', -62)
Data:  24:0A:C4:23:D9:B0 ('Channel', 5) ('Header', '48') ('MAC', 'B8:63:4D:A2:0E:13') ('RSSI', -50)
Data:  24:0A:C4:23:C1:EC ('Channel', 5) ('Header', '48') ('MAC', 'B8:63:4D:A2:0E:13') ('RSSI', -62)
Data:  24:0A:C4:23:D9:B0 ('Channel', 5) ('Header', '48') ('MAC', 'B8:63:4D:A2:0E:13') ('RSSI', -50)
Data:  24:0A:C4:23:D9:B0 ('Channel', 5) ('Header', '48') ('MAC', 'B8:63:4D:A2:0E:13') ('RSSI', -49)
Data:  24:0A:C4:23:C1:EC ('Channel', 5) ('Header', '48') ('MAC', 'B8:63:4D:A2:0E:13') ('RSSI', -62)
Data:  24:0A:C4:23:C1:EC ('Channel', 5) ('Header', '48') ('MAC', 'B8:63:4D:A2:0E:13') ('RSSI', -62)
Data:  24:0A:C4:23:D9:B0 ('Channel', 5) ('Header', '48') ('MAC', 'B8:63:4D:A2:0E:13') ('RSSI', -50)
Data:  24:0A:C4:23:D9:B0 ('Channel', 5) ('Header', '48') ('MAC', 'B8:63:4D:A2:0E:13') ('RSSI', -50)
Data:  24:0A:C4:23:C1:EC ('Channel', 5) ('Header', '48') ('MAC', 'B8:63:4D:A2:0E:13') ('RSSI', -62)
Data:  24:0A:C4:23:D9:B0 ('Channel', 5) ('Header', '48') ('MAC', 'B8:63:4D:A2:0E:13') ('RSSI', -50)
Data:  24:0A:C4:23:D9:B0 ('Channel', 5) ('Header', '48') ('MAC', 'B8:63:4D:A2:0E:13') ('RSSI', -50)
Data:  24:0A:C4:23:C1:EC ('Channel', 5) ('Header', '48') ('MAC', 'B8:63:4D:A2:0E:13') ('RSSI', -62)
Data:  24:0A:C4:23:C1:EC ('Channel', 5) ('Header', '48') ('MAC', 'B8:63:4D:A2:0E:13') ('RSSI', -63)
Data:  24:0A:C4:23:D9:B0 ('Channel', 5) ('Header', '48') ('MAC', 'B8:63:4D:A2:0E:13') ('RSSI', -50)
Data:  24:0A:C4:23:C1:EC ('Channel', 5) ('Header', '48') ('MAC', 'B8:63:4D:A2:0E:13') ('RSSI', -62)
Data:  24:0A:C4:23:D9:B0 ('Channel', 5) ('Header', '48') ('MAC', 'B8:63:4D:A2:0E:13') ('RSSI', -50)
Data:  24:0A:C4:23:C1:EC ('Channel', 5) ('Header', '48') ('MAC', 'B8:63:4D:A2:0E:13') ('RSSI', -62)
Data:  24:0A:C4:23:D9:B0 ('Channel', 5) ('Header', '48') ('MAC', 'B8:63:4D:A2:0E:13') ('RSSI', -50)
Data:  24:0A:C4:23:C1:EC ('Channel', 5) ('Header', '48') ('MAC', 'B8:63:4D:A2:0E:13') ('RSSI', -62)
Data:  24:0A:C4:23:D9:B0 ('Channel', 5) ('Header', '48') ('MAC', 'B8:63:4D:A2:0E:13') ('RSSI', -50)
Data:  24:0A:C4:23:C1:EC ('Channel', 5) ('Header', '48') ('MAC', 'B8:63:4D:A2:0E:13') ('RSSI', -72)
Data:  24:0A:C4:23:D9:B0 ('Channel', 5) ('Header', '48') ('MAC', 'B8:63:4D:A2:0E:13') ('RSSI', -50)
Data:  24:0A:C4:23:C1:EC ('Channel', 5) ('Header', '48') ('MAC', 'B8:63:4D:A2:0E:13') ('RSSI', -72)
Data:  24:0A:C4:23:D9:B0 ('Channel', 5) ('Header', '48') ('MAC', 'B8:63:4D:A2:0E:13') ('RSSI', -50)
Data:  24:0A:C4:23:C1:EC ('Channel', 5) ('Header', '48') ('MAC', 'B8:63:4D:A2:0E:13') ('RSSI', -62)
Data:  24:0A:C4:23:D9:B0 ('Channel', 5) ('Header', '48') ('MAC', 'B8:63:4D:A2:0E:13') ('RSSI', -50)
Data:  24:0A:C4:23:D9:B0 ('Channel', 5) ('Header', '48') ('MAC', 'B8:63:4D:A2:0E:13') ('RSSI', -50)
Data:  24:0A:C4:23:C1:EC ('Channel', 5) ('Header', '48') ('MAC', 'B8:63:4D:A2:0E:13') ('RSSI', -63)
Data:  24:0A:C4:23:C1:EC ('Channel', 5) ('Header', '48') ('MAC', 'B8:63:4D:A2:0E:13') ('RSSI', -62)
Data:  24:0A:C4:23:D9:B0 ('Channel', 5) ('Header', '48') ('MAC', 'B8:63:4D:A2:0E:13') ('RSSI', -50)
Data:  24:0A:C4:23:D9:B0 ('Channel', 5) ('Header', '48') ('MAC', 'B8:63:4D:A2:0E:13') ('RSSI', -50)
Data:  24:0A:C4:23:C1:EC ('Channel', 5) ('Header', '48') ('MAC', 'B8:63:4D:A2:0E:13') ('RSSI', -62)
Data:  24:0A:C4:23:C1:EC ('Channel', 5) ('Header', '48') ('MAC', 'B8:63:4D:A2:0E:13') ('RSSI', -62)
Data:  24:0A:C4:23:D9:B0 ('Channel', 5) ('Header', '48') ('MAC', 'B8:63:4D:A2:0E:13') ('RSSI', -50)
Summary:  3C:71:BF:99:F9:E0 789 {}
Summary:  24:0A:C4:23:D9:B0 670 {'B8:63:4D:A2:0E:13': -49.7}
Summary:  24:0A:C4:23:C1:EC 1348 {'B8:63:4D:A2:0E:13': -63.5}
Data:  24:0A:C4:23:C1:EC ('Channel', 5) ('Header', '48') ('MAC', 'B8:63:4D:A2:0E:13') ('RSSI', -62)
Data:  24:0A:C4:23:D9:B0 ('Channel', 5) ('Header', '48') ('MAC', 'B8:63:4D:A2:0E:13') ('RSSI', -53)
Data:  24:0A:C4:23:C1:EC ('Channel', 5) ('Header', '48') ('MAC', 'B8:63:4D:A2:0E:13') ('RSSI', -62)
Data:  24:0A:C4:23:C1:EC ('Channel', 5) ('Header', '48') ('MAC', 'B8:63:4D:A2:0E:13') ('RSSI', -71)
Data:  24:0A:C4:23:D9:B0 ('Channel', 5) ('Header', '48') ('MAC', 'B8:63:4D:A2:0E:13') ('RSSI', -50)
Data:  24:0A:C4:23:C1:EC ('Channel', 5) ('Header', '48') ('MAC', 'B8:63:4D:A2:0E:13') ('RSSI', -62)
Data:  24:0A:C4:23:C1:EC ('Channel', 5) ('Header', '48') ('MAC', 'B8:63:4D:A2:0E:13') ('RSSI', -63)
Data:  24:0A:C4:23:D9:B0 ('Channel', 5) ('Header', '48') ('MAC', 'B8:63:4D:A2:0E:13') ('RSSI', -50)
Data:  24:0A:C4:23:D9:B0 ('Channel', 5) ('Header', '48') ('MAC', 'B8:63:4D:A2:0E:13') ('RSSI', -50)
Data:  24:0A:C4:23:C1:EC ('Channel', 5) ('Header', '48') ('MAC', 'B8:63:4D:A2:0E:13') ('RSSI', -63)
Data:  24:0A:C4:23:D9:B0 ('Channel', 5) ('Header', '48') ('MAC', 'B8:63:4D:A2:0E:13') ('RSSI', -50)
Data:  24:0A:C4:23:C1:EC ('Channel', 5) ('Header', '48') ('MAC', 'B8:63:4D:A2:0E:13') ('RSSI', -62)
Data:  24:0A:C4:23:C1:EC ('Channel', 5) ('Header', '48') ('MAC', 'B8:63:4D:A2:0E:13') ('RSSI', -63)
Data:  24:0A:C4:23:D9:B0 ('Channel', 5) ('Header', '48') ('MAC', 'B8:63:4D:A2:0E:13') ('RSSI', -50)
Data:  24:0A:C4:23:C1:EC ('Channel', 5) ('Header', '48') ('MAC', 'B8:63:4D:A2:0E:13') ('RSSI', -63)
Data:  24:0A:C4:23:D9:B0 ('Channel', 5) ('Header', '48') ('MAC', 'B8:63:4D:A2:0E:13') ('RSSI', -50)
Data:  24:0A:C4:23:C1:EC ('Channel', 5) ('Header', '48') ('MAC', 'B8:63:4D:A2:0E:13') ('RSSI', -63)
Data:  24:0A:C4:23:D9:B0 ('Channel', 5) ('Header', '48') ('MAC', 'B8:63:4D:A2:0E:13') ('RSSI', -50)
Data:  24:0A:C4:23:D9:B0 ('Channel', 5) ('Header', '48') ('MAC', 'B8:63:4D:A2:0E:13') ('RSSI', -50)
Data:  24:0A:C4:23:C1:EC ('Channel', 5) ('Header', '48') ('MAC', 'B8:63:4D:A2:0E:13') ('RSSI', -62)
Data:  24:0A:C4:23:D9:B0 ('Channel', 5) ('Header', '48') ('MAC', 'B8:63:4D:A2:0E:13') ('RSSI', -50)
Data:  24:0A:C4:23:C1:EC ('Channel', 5) ('Header', '48') ('MAC', 'B8:63:4D:A2:0E:13') ('RSSI', -62)
Data:  24:0A:C4:23:C1:EC ('Channel', 5) ('Header', '48') ('MAC', 'B8:63:4D:A2:0E:13') ('RSSI', -63)
Data:  24:0A:C4:23:D9:B0 ('Channel', 5) ('Header', '48') ('MAC', 'B8:63:4D:A2:0E:13') ('RSSI', -50)
Data:  24:0A:C4:23:D9:B0 ('Channel', 5) ('Header', '48') ('MAC', 'B8:63:4D:A2:0E:13') ('RSSI', -50)
Data:  24:0A:C4:23:C1:EC ('Channel', 5) ('Header', '48') ('MAC', 'B8:63:4D:A2:0E:13') ('RSSI', -62)
Data:  24:0A:C4:23:C1:EC ('Channel', 5) ('Header', '48') ('MAC', 'B8:63:4D:A2:0E:13') ('RSSI', -62)
Data:  24:0A:C4:23:D9:B0 ('Channel', 5) ('Header', '48') ('MAC', 'B8:63:4D:A2:0E:13') ('RSSI', -50)
Data:  24:0A:C4:23:D9:B0 ('Channel', 5) ('Header', '48') ('MAC', 'B8:63:4D:A2:0E:13') ('RSSI', -50)
Data:  24:0A:C4:23:C1:EC ('Channel', 5) ('Header', '48') ('MAC', 'B8:63:4D:A2:0E:13') ('RSSI', -62)
Data:  24:0A:C4:23:C1:EC ('Channel', 5) ('Header', '48') ('MAC', 'B8:63:4D:A2:0E:13') ('RSSI', -63)
Data:  24:0A:C4:23:D9:B0 ('Channel', 5) ('Header', '48') ('MAC', 'B8:63:4D:A2:0E:13') ('RSSI', -51)
Data:  24:0A:C4:23:C1:EC ('Channel', 5) ('Header', '48') ('MAC', 'B8:63:4D:A2:0E:13') ('RSSI', -63)
Data:  24:0A:C4:23:D9:B0 ('Channel', 5) ('Header', '48') ('MAC', 'B8:63:4D:A2:0E:13') ('RSSI', -50)
Data:  24:0A:C4:23:D9:B0 ('Channel', 5) ('Header', '48') ('MAC', 'B8:63:4D:A2:0E:13') ('RSSI', -50)
Data:  24:0A:C4:23:C1:EC ('Channel', 5) ('Header', '48') ('MAC', 'B8:63:4D:A2:0E:13') ('RSSI', -63)
Data:  24:0A:C4:23:D9:B0 ('Channel', 5) ('Header', '48') ('MAC', 'B8:63:4D:A2:0E:13') ('RSSI', -50)
Data:  24:0A:C4:23:C1:EC ('Channel', 5) ('Header', '48') ('MAC', 'B8:63:4D:A2:0E:13') ('RSSI', -63)
Data:  24:0A:C4:23:D9:B0 ('Channel', 5) ('Header', '48') ('MAC', 'B8:63:4D:A2:0E:13') ('RSSI', -49)
Data:  24:0A:C4:23:C1:EC ('Channel', 5) ('Header', '48') ('MAC', 'B8:63:4D:A2:0E:13') ('RSSI', -61)
Data:  24:0A:C4:23:C1:EC ('Channel', 5) ('Header', '48') ('MAC', 'B8:63:4D:A2:0E:13') ('RSSI', -63)
Data:  24:0A:C4:23:D9:B0 ('Channel', 5) ('Header', '48') ('MAC', 'B8:63:4D:A2:0E:13') ('RSSI', -50)
Data:  24:0A:C4:23:D9:B0 ('Channel', 5) ('Header', '48') ('MAC', 'B8:63:4D:A2:0E:13') ('RSSI', -50)
Data:  24:0A:C4:23:C1:EC ('Channel', 5) ('Header', '48') ('MAC', 'B8:63:4D:A2:0E:13') ('RSSI', -62)
Data:  24:0A:C4:23:C1:EC ('Channel', 5) ('Header', '48') ('MAC', 'B8:63:4D:A2:0E:13') ('RSSI', -62)
Summary:  3C:71:BF:99:F9:E0 789 {}
Summary:  24:0A:C4:23:D9:B0 670 {'B8:63:4D:A2:0E:13': -50.1}
Summary:  24:0A:C4:23:C1:EC 1348 {'B8:63:4D:A2:0E:13': -62.8}
Data:  24:0A:C4:23:D9:B0 ('Channel', 5) ('Header', '48') ('MAC', 'B8:63:4D:A2:0E:13') ('RSSI', -50)
Data:  24:0A:C4:23:C1:EC ('Channel', 5) ('Header', '48') ('MAC', 'B8:63:4D:A2:0E:13') ('RSSI', -62)
Data:  24:0A:C4:23:D9:B0 ('Channel', 5) ('Header', '48') ('MAC', 'B8:63:4D:A2:0E:13') ('RSSI', -50)
Data:  24:0A:C4:23:D9:B0 ('Channel', 5) ('Header', '48') ('MAC', 'B8:63:4D:A2:0E:13') ('RSSI', -50)
Data:  24:0A:C4:23:C1:EC ('Channel', 5) ('Header', '48') ('MAC', 'B8:63:4D:A2:0E:13') ('RSSI', -62)
Data:  24:0A:C4:23:C1:EC ('Channel', 5) ('Header', '48') ('MAC', 'B8:63:4D:A2:0E:13') ('RSSI', -63)
Data:  24:0A:C4:23:D9:B0 ('Channel', 5) ('Header', '48') ('MAC', 'B8:63:4D:A2:0E:13') ('RSSI', -50)
Data:  24:0A:C4:23:C1:EC ('Channel', 5) ('Header', '48') ('MAC', 'B8:63:4D:A2:0E:13') ('RSSI', -63)
Data:  24:0A:C4:23:D9:B0 ('Channel', 5) ('Header', '48') ('MAC', 'B8:63:4D:A2:0E:13') ('RSSI', -50)
Data:  24:0A:C4:23:D9:B0 ('Channel', 5) ('Header', '48') ('MAC', 'B8:63:4D:A2:0E:13') ('RSSI', -50)
Data:  24:0A:C4:23:C1:EC ('Channel', 5) ('Header', '48') ('MAC', 'B8:63:4D:A2:0E:13') ('RSSI', -63)
Data:  24:0A:C4:23:C1:EC ('Channel', 5) ('Header', '48') ('MAC', 'B8:63:4D:A2:0E:13') ('RSSI', -62)
Data:  24:0A:C4:23:D9:B0 ('Channel', 5) ('Header', '48') ('MAC', 'B8:63:4D:A2:0E:13') ('RSSI', -50)
Data:  24:0A:C4:23:D9:B0 ('Channel', 5) ('Header', '48') ('MAC', 'B8:63:4D:A2:0E:13') ('RSSI', -50)
Data:  24:0A:C4:23:C1:EC ('Channel', 5) ('Header', '48') ('MAC', 'B8:63:4D:A2:0E:13') ('RSSI', -63)
Data:  24:0A:C4:23:C1:EC ('Channel', 5) ('Header', '48') ('MAC', 'B8:63:4D:A2:0E:13') ('RSSI', -62)
Data:  24:0A:C4:23:D9:B0 ('Channel', 5) ('Header', '48') ('MAC', 'B8:63:4D:A2:0E:13') ('RSSI', -50)
Data:  24:0A:C4:23:C1:EC ('Channel', 5) ('Header', '48') ('MAC', 'B8:63:4D:A2:0E:13') ('RSSI', -62)
Data:  24:0A:C4:23:D9:B0 ('Channel', 5) ('Header', '48') ('MAC', 'B8:63:4D:A2:0E:13') ('RSSI', -50)
Data:  24:0A:C4:23:C1:EC ('Channel', 5) ('Header', '48') ('MAC', 'B8:63:4D:A2:0E:13') ('RSSI', -62)
Data:  24:0A:C4:23:D9:B0 ('Channel', 5) ('Header', '48') ('MAC', 'B8:63:4D:A2:0E:13') ('RSSI', -50)
Data:  24:0A:C4:23:D9:B0 ('Channel', 5) ('Header', '48') ('MAC', 'B8:63:4D:A2:0E:13') ('RSSI', -50)
Data:  24:0A:C4:23:C1:EC ('Channel', 5) ('Header', '48') ('MAC', 'B8:63:4D:A2:0E:13') ('RSSI', -63)
Data:  24:0A:C4:23:C1:EC ('Channel', 5) ('Header', '48') ('MAC', 'B8:63:4D:A2:0E:13') ('RSSI', -64)
Data:  24:0A:C4:23:D9:B0 ('Channel', 5) ('Header', '48') ('MAC', 'B8:63:4D:A2:0E:13') ('RSSI', -50)
Data:  24:0A:C4:23:C1:EC ('Channel', 5) ('Header', '48') ('MAC', 'B8:63:4D:A2:0E:13') ('RSSI', -63)
Data:  24:0A:C4:23:D9:B0 ('Channel', 5) ('Header', '48') ('MAC', 'B8:63:4D:A2:0E:13') ('RSSI', -50)
Data:  24:0A:C4:23:C1:EC ('Channel', 5) ('Header', '48') ('MAC', 'B8:63:4D:A2:0E:13') ('RSSI', -62)
Data:  24:0A:C4:23:D9:B0 ('Channel', 5) ('Header', '48') ('MAC', 'B8:63:4D:A2:0E:13') ('RSSI', -50)
Data:  24:0A:C4:23:D9:B0 ('Channel', 5) ('Header', '48') ('MAC', 'B8:63:4D:A2:0E:13') ('RSSI', -50)
Data:  24:0A:C4:23:C1:EC ('Channel', 5) ('Header', '48') ('MAC', 'B8:63:4D:A2:0E:13') ('RSSI', -62)
Data:  24:0A:C4:23:C1:EC ('Channel', 5) ('Header', '48') ('MAC', 'B8:63:4D:A2:0E:13') ('RSSI', -64)
Data:  24:0A:C4:23:D9:B0 ('Channel', 5) ('Header', '48') ('MAC', 'B8:63:4D:A2:0E:13') ('RSSI', -51)
Data:  24:0A:C4:23:C1:EC ('Channel', 5) ('Header', '48') ('MAC', 'B8:63:4D:A2:0E:13') ('RSSI', -64)
Data:  24:0A:C4:23:D9:B0 ('Channel', 5) ('Header', '48') ('MAC', 'B8:63:4D:A2:0E:13') ('RSSI', -51)
Data:  24:0A:C4:23:C1:EC ('Channel', 5) ('Header', '48') ('MAC', 'B8:63:4D:A2:0E:13') ('RSSI', -64)
Data:  24:0A:C4:23:D9:B0 ('Channel', 5) ('Header', '48') ('MAC', 'B8:63:4D:A2:0E:13') ('RSSI', -51)
Data:  24:0A:C4:23:C1:EC ('Channel', 5) ('Header', '48') ('MAC', 'B8:63:4D:A2:0E:13') ('RSSI', -63)
Data:  24:0A:C4:23:D9:B0 ('Channel', 5) ('Header', '48') ('MAC', 'B8:63:4D:A2:0E:13') ('RSSI', -50)
Data:  24:0A:C4:23:D9:B0 ('Channel', 5) ('Header', '48') ('MAC', 'B8:63:4D:A2:0E:13') ('RSSI', -50)
Data:  24:0A:C4:23:C1:EC ('Channel', 5) ('Header', '48') ('MAC', 'B8:63:4D:A2:0E:13') ('RSSI', -63)
Data:  24:0A:C4:23:C1:EC ('Channel', 5) ('Header', '48') ('MAC', 'B8:63:4D:A2:0E:13') ('RSSI', -62)
Data:  24:0A:C4:23:D9:B0 ('Channel', 5) ('Header', '48') ('MAC', 'B8:63:4D:A2:0E:13') ('RSSI', -50)
Data:  24:0A:C4:23:D9:B0 ('Channel', 5) ('Header', '48') ('MAC', 'B8:63:4D:A2:0E:13') ('RSSI', -50)
Data:  24:0A:C4:23:C1:EC ('Channel', 5) ('Header', '48') ('MAC', 'B8:63:4D:A2:0E:13') ('RSSI', -62)
Data:  24:0A:C4:23:D9:B0 ('Channel', 5) ('Header', '48') ('MAC', 'B8:63:4D:A2:0E:13') ('RSSI', -50)
Data:  24:0A:C4:23:D9:B0 ('Channel', 5) ('Header', '48') ('MAC', 'B8:63:4D:A2:0E:13') ('RSSI', -50)
Data:  24:0A:C4:23:C1:EC ('Channel', 5) ('Header', '48') ('MAC', 'B8:63:4D:A2:0E:13') ('RSSI', -62)
Data:  24:0A:C4:23:C1:EC ('Channel', 5) ('Header', '48') ('MAC', 'B8:63:4D:A2:0E:13') ('RSSI', -62)
Data:  24:0A:C4:23:C1:EC ('Channel', 5) ('Header', '48') ('MAC', 'B8:63:4D:A2:0E:13') ('RSSI', -64)
Data:  24:0A:C4:23:D9:B0 ('Channel', 5) ('Header', '48') ('MAC', 'B8:63:4D:A2:0E:13') ('RSSI', -51)
Summary:  3C:71:BF:99:F9:E0 789 {}
Summary:  24:0A:C4:23:D9:B0 670 {'B8:63:4D:A2:0E:13': -50.1}
Summary:  24:0A:C4:23:C1:EC 1348 {'B8:63:4D:A2:0E:13': -62.7}
Data:  24:0A:C4:23:D9:B0 ('Channel', 5) ('Header', '48') ('MAC', 'B8:63:4D:A2:0E:13') ('RSSI', -50)
Data:  24:0A:C4:23:C1:EC ('Channel', 5) ('Header', '48') ('MAC', 'B8:63:4D:A2:0E:13') ('RSSI', -62)
Data:  24:0A:C4:23:D9:B0 ('Channel', 5) ('Header', '48') ('MAC', 'B8:63:4D:A2:0E:13') ('RSSI', -50)
Data:  24:0A:C4:23:C1:EC ('Channel', 5) ('Header', '48') ('MAC', 'B8:63:4D:A2:0E:13') ('RSSI', -62)
Data:  24:0A:C4:23:D9:B0 ('Channel', 5) ('Header', '48') ('MAC', 'B8:63:4D:A2:0E:13') ('RSSI', -51)
Data:  24:0A:C4:23:C1:EC ('Channel', 5) ('Header', '48') ('MAC', 'B8:63:4D:A2:0E:13') ('RSSI', -63)
Data:  24:0A:C4:23:C1:EC ('Channel', 5) ('Header', '48') ('MAC', 'B8:63:4D:A2:0E:13') ('RSSI', -64)
Data:  24:0A:C4:23:D9:B0 ('Channel', 5) ('Header', '48') ('MAC', 'B8:63:4D:A2:0E:13') ('RSSI', -51)
Data:  24:0A:C4:23:C1:EC ('Channel', 5) ('Header', '48') ('MAC', 'B8:63:4D:A2:0E:13') ('RSSI', -64)
Data:  24:0A:C4:23:D9:B0 ('Channel', 5) ('Header', '48') ('MAC', 'B8:63:4D:A2:0E:13') ('RSSI', -51)
Data:  24:0A:C4:23:C1:EC ('Channel', 5) ('Header', '48') ('MAC', 'B8:63:4D:A2:0E:13') ('RSSI', -64)
Data:  24:0A:C4:23:D9:B0 ('Channel', 5) ('Header', '48') ('MAC', 'B8:63:4D:A2:0E:13') ('RSSI', -51)
Data:  24:0A:C4:23:C1:EC ('Channel', 5) ('Header', '48') ('MAC', 'B8:63:4D:A2:0E:13') ('RSSI', -63)
Data:  24:0A:C4:23:D9:B0 ('Channel', 5) ('Header', '48') ('MAC', 'B8:63:4D:A2:0E:13') ('RSSI', -50)
Data:  24:0A:C4:23:C1:EC ('Channel', 5) ('Header', '48') ('MAC', 'B8:63:4D:A2:0E:13') ('RSSI', -62)
Data:  24:0A:C4:23:C1:EC ('Channel', 5) ('Header', '48') ('MAC', 'B8:63:4D:A2:0E:13') ('RSSI', -63)
Data:  24:0A:C4:23:D9:B0 ('Channel', 5) ('Header', '48') ('MAC', 'B8:63:4D:A2:0E:13') ('RSSI', -50)
Data:  24:0A:C4:23:D9:B0 ('Channel', 5) ('Header', '48') ('MAC', 'B8:63:4D:A2:0E:13') ('RSSI', -50)
Data:  24:0A:C4:23:C1:EC ('Channel', 5) ('Header', '48') ('MAC', 'B8:63:4D:A2:0E:13') ('RSSI', -62)
Data:  24:0A:C4:23:D9:B0 ('Channel', 5) ('Header', '48') ('MAC', 'B8:63:4D:A2:0E:13') ('RSSI', -50)
Data:  24:0A:C4:23:C1:EC ('Channel', 5) ('Header', '48') ('MAC', 'B8:63:4D:A2:0E:13') ('RSSI', -62)
Data:  24:0A:C4:23:D9:B0 ('Channel', 5) ('Header', '48') ('MAC', 'B8:63:4D:A2:0E:13') ('RSSI', -50)
Data:  24:0A:C4:23:C1:EC ('Channel', 5) ('Header', '48') ('MAC', 'B8:63:4D:A2:0E:13') ('RSSI', -63)
Data:  24:0A:C4:23:D9:B0 ('Channel', 5) ('Header', '48') ('MAC', 'B8:63:4D:A2:0E:13') ('RSSI', -50)
Data:  24:0A:C4:23:C1:EC ('Channel', 5) ('Header', '48') ('MAC', 'B8:63:4D:A2:0E:13') ('RSSI', -63)
Data:  24:0A:C4:23:D9:B0 ('Channel', 5) ('Header', '48') ('MAC', 'B8:63:4D:A2:0E:13') ('RSSI', -51)
Data:  24:0A:C4:23:C1:EC ('Channel', 5) ('Header', '48') ('MAC', 'B8:63:4D:A2:0E:13') ('RSSI', -62)
Data:  24:0A:C4:23:C1:EC ('Channel', 5) ('Header', '48') ('MAC', 'B8:63:4D:A2:0E:13') ('RSSI', -64)
Data:  24:0A:C4:23:C1:EC ('Channel', 5) ('Header', '48') ('MAC', 'B8:63:4D:A2:0E:13') ('RSSI', -65)
Data:  24:0A:C4:23:D9:B0 ('Channel', 5) ('Header', '48') ('MAC', 'B8:63:4D:A2:0E:13') ('RSSI', -51)
Data:  24:0A:C4:23:D9:B0 ('Channel', 5) ('Header', '48') ('MAC', 'B8:63:4D:A2:0E:13') ('RSSI', -52)
Data:  24:0A:C4:23:D9:B0 ('Channel', 5) ('Header', '48') ('MAC', 'B8:63:4D:A2:0E:13') ('RSSI', -51)
Data:  24:0A:C4:23:C1:EC ('Channel', 5) ('Header', '48') ('MAC', 'B8:63:4D:A2:0E:13') ('RSSI', -64)
Data:  24:0A:C4:23:D9:B0 ('Channel', 5) ('Header', '48') ('MAC', 'B8:63:4D:A2:0E:13') ('RSSI', -51)
Data:  24:0A:C4:23:C1:EC ('Channel', 5) ('Header', '48') ('MAC', 'B8:63:4D:A2:0E:13') ('RSSI', -64)
Data:  24:0A:C4:23:C1:EC ('Channel', 5) ('Header', '48') ('MAC', 'B8:63:4D:A2:0E:13') ('RSSI', -63)
Data:  24:0A:C4:23:D9:B0 ('Channel', 5) ('Header', '48') ('MAC', 'B8:63:4D:A2:0E:13') ('RSSI', -51)
Data:  24:0A:C4:23:C1:EC ('Channel', 5) ('Header', '48') ('MAC', 'B8:63:4D:A2:0E:13') ('RSSI', -63)
Data:  24:0A:C4:23:D9:B0 ('Channel', 5) ('Header', '48') ('MAC', 'B8:63:4D:A2:0E:13') ('RSSI', -51)
Data:  24:0A:C4:23:C1:EC ('Channel', 5) ('Header', '48') ('MAC', 'B8:63:4D:A2:0E:13') ('RSSI', -63)
Data:  24:0A:C4:23:D9:B0 ('Channel', 5) ('Header', '48') ('MAC', 'B8:63:4D:A2:0E:13') ('RSSI', -50)
Data:  24:0A:C4:23:D9:B0 ('Channel', 5) ('Header', '48') ('MAC', 'B8:63:4D:A2:0E:13') ('RSSI', -51)
Data:  24:0A:C4:23:C1:EC ('Channel', 5) ('Header', '48') ('MAC', 'B8:63:4D:A2:0E:13') ('RSSI', -64)
Data:  24:0A:C4:23:D9:B0 ('Channel', 5) ('Header', '48') ('MAC', 'B8:63:4D:A2:0E:13') ('RSSI', -51)
Data:  24:0A:C4:23:C1:EC ('Channel', 5) ('Header', '48') ('MAC', 'B8:63:4D:A2:0E:13') ('RSSI', -64)
Data:  24:0A:C4:23:C1:EC ('Channel', 5) ('Header', '48') ('MAC', 'B8:63:4D:A2:0E:13') ('RSSI', -63)
Data:  24:0A:C4:23:D9:B0 ('Channel', 5) ('Header', '48') ('MAC', 'B8:63:4D:A2:0E:13') ('RSSI', -51)
Data:  24:0A:C4:23:C1:EC ('Channel', 5) ('Header', '48') ('MAC', 'B8:63:4D:A2:0E:13') ('RSSI', -63)
Data:  24:0A:C4:23:D9:B0 ('Channel', 5) ('Header', '48') ('MAC', 'B8:63:4D:A2:0E:13') ('RSSI', -51)
Data:  24:0A:C4:23:D9:B0 ('Channel', 5) ('Header', '48') ('MAC', 'B8:63:4D:A2:0E:13') ('RSSI', -51)
Data:  24:0A:C4:23:C1:EC ('Channel', 5) ('Header', '48') ('MAC', 'B8:63:4D:A2:0E:13') ('RSSI', -63)
Data:  24:0A:C4:23:C1:EC ('Channel', 5) ('Header', '48') ('MAC', 'B8:63:4D:A2:0E:13') ('RSSI', -63)
Data:  24:0A:C4:23:D9:B0 ('Channel', 5) ('Header', '48') ('MAC', 'B8:63:4D:A2:0E:13') ('RSSI', -50)
Summary:  3C:71:BF:99:F9:E0 789 {}
Summary:  24:0A:C4:23:D9:B0 670 {'B8:63:4D:A2:0E:13': -50.7}
Summary:  24:0A:C4:23:C1:EC 1348 {'B8:63:4D:A2:0E:13': -63.1}
Data:  24:0A:C4:23:D9:B0 ('Channel', 5) ('Header', '48') ('MAC', 'B8:63:4D:A2:0E:13') ('RSSI', -51)
Data:  24:0A:C4:23:C1:EC ('Channel', 5) ('Header', '48') ('MAC', 'B8:63:4D:A2:0E:13') ('RSSI', -64)
Data:  24:0A:C4:23:C1:EC ('Channel', 5) ('Header', '48') ('MAC', 'B8:63:4D:A2:0E:13') ('RSSI', -63)
Data:  24:0A:C4:23:D9:B0 ('Channel', 5) ('Header', '48') ('MAC', 'B8:63:4D:A2:0E:13') ('RSSI', -51)
Data:  24:0A:C4:23:D9:B0 ('Channel', 5) ('Header', '48') ('MAC', 'B8:63:4D:A2:0E:13') ('RSSI', -51)
Data:  24:0A:C4:23:C1:EC ('Channel', 5) ('Header', '48') ('MAC', 'B8:63:4D:A2:0E:13') ('RSSI', -63)
Data:  24:0A:C4:23:D9:B0 ('Channel', 5) ('Header', '48') ('MAC', 'B8:63:4D:A2:0E:13') ('RSSI', -51)
Data:  24:0A:C4:23:C1:EC ('Channel', 5) ('Header', '48') ('MAC', 'B8:63:4D:A2:0E:13') ('RSSI', -63)
Data:  24:0A:C4:23:C1:EC ('Channel', 5) ('Header', '48') ('MAC', 'B8:63:4D:A2:0E:13') ('RSSI', -63)
Data:  24:0A:C4:23:D9:B0 ('Channel', 5) ('Header', '48') ('MAC', 'B8:63:4D:A2:0E:13') ('RSSI', -51)
Data:  24:0A:C4:23:C1:EC ('Channel', 5) ('Header', '48') ('MAC', 'B8:63:4D:A2:0E:13') ('RSSI', -63)
Data:  24:0A:C4:23:D9:B0 ('Channel', 5) ('Header', '48') ('MAC', 'B8:63:4D:A2:0E:13') ('RSSI', -50)
Data:  24:0A:C4:23:D9:B0 ('Channel', 5) ('Header', '48') ('MAC', 'B8:63:4D:A2:0E:13') ('RSSI', -50)
Data:  24:0A:C4:23:D9:B0 ('Channel', 5) ('Header', '48') ('MAC', 'B8:63:4D:A2:0E:13') ('RSSI', -50)
Data:  24:0A:C4:23:C1:EC ('Channel', 5) ('Header', '48') ('MAC', 'B8:63:4D:A2:0E:13') ('RSSI', -63)
Data:  24:0A:C4:23:C1:EC ('Channel', 5) ('Header', '48') ('MAC', 'B8:63:4D:A2:0E:13') ('RSSI', -62)
Data:  24:0A:C4:23:C1:EC ('Channel', 5) ('Header', '48') ('MAC', 'B8:63:4D:A2:0E:13') ('RSSI', -64)
Data:  24:0A:C4:23:D9:B0 ('Channel', 5) ('Header', '48') ('MAC', 'B8:63:4D:A2:0E:13') ('RSSI', -50)
Data:  24:0A:C4:23:C1:EC ('Channel', 5) ('Header', '48') ('MAC', 'B8:63:4D:A2:0E:13') ('RSSI', -64)
Data:  24:0A:C4:23:D9:B0 ('Channel', 5) ('Header', '48') ('MAC', 'B8:63:4D:A2:0E:13') ('RSSI', -50)
Data:  24:0A:C4:23:D9:B0 ('Channel', 5) ('Header', '48') ('MAC', 'B8:63:4D:A2:0E:13') ('RSSI', -51)
Data:  24:0A:C4:23:C1:EC ('Channel', 5) ('Header', '48') ('MAC', 'B8:63:4D:A2:0E:13') ('RSSI', -65)
Data:  24:0A:C4:23:D9:B0 ('Channel', 5) ('Header', '48') ('MAC', 'B8:63:4D:A2:0E:13') ('RSSI', -51)
Data:  24:0A:C4:23:C1:EC ('Channel', 5) ('Header', '48') ('MAC', 'B8:63:4D:A2:0E:13') ('RSSI', -65)
Data:  24:0A:C4:23:D9:B0 ('Channel', 5) ('Header', '48') ('MAC', 'B8:63:4D:A2:0E:13') ('RSSI', -50)
Data:  24:0A:C4:23:C1:EC ('Channel', 5) ('Header', '48') ('MAC', 'B8:63:4D:A2:0E:13') ('RSSI', -62)
Data:  24:0A:C4:23:C1:EC ('Channel', 5) ('Header', '48') ('MAC', 'B8:63:4D:A2:0E:13') ('RSSI', -60)
Data:  24:0A:C4:23:D9:B0 ('Channel', 5) ('Header', '48') ('MAC', 'B8:63:4D:A2:0E:13') ('RSSI', -50)
Data:  24:0A:C4:23:D9:B0 ('Channel', 5) ('Header', '48') ('MAC', 'B8:63:4D:A2:0E:13') ('RSSI', -50)
Data:  24:0A:C4:23:C1:EC ('Channel', 5) ('Header', '48') ('MAC', 'B8:63:4D:A2:0E:13') ('RSSI', -62)
Data:  24:0A:C4:23:C1:EC ('Channel', 5) ('Header', '48') ('MAC', 'B8:63:4D:A2:0E:13') ('RSSI', -62)
Data:  24:0A:C4:23:C1:EC ('Channel', 5) ('Header', '48') ('MAC', 'B8:63:4D:A2:0E:13') ('RSSI', -62)
Data:  24:0A:C4:23:D9:B0 ('Channel', 5) ('Header', '48') ('MAC', 'B8:63:4D:A2:0E:13') ('RSSI', -51)
Data:  24:0A:C4:23:C1:EC ('Channel', 5) ('Header', '48') ('MAC', 'B8:63:4D:A2:0E:13') ('RSSI', -63)
Data:  24:0A:C4:23:D9:B0 ('Channel', 5) ('Header', '48') ('MAC', 'B8:63:4D:A2:0E:13') ('RSSI', -50)
Data:  24:0A:C4:23:C1:EC ('Channel', 5) ('Header', '48') ('MAC', 'B8:63:4D:A2:0E:13') ('RSSI', -62)
Data:  24:0A:C4:23:D9:B0 ('Channel', 5) ('Header', '48') ('MAC', 'B8:63:4D:A2:0E:13') ('RSSI', -51)
Data:  24:0A:C4:23:D9:B0 ('Channel', 5) ('Header', '48') ('MAC', 'B8:63:4D:A2:0E:13') ('RSSI', -51)
Data:  24:0A:C4:23:D9:B0 ('Channel', 5) ('Header', '48') ('MAC', 'B8:63:4D:A2:0E:13') ('RSSI', -50)
Data:  24:0A:C4:23:C1:EC ('Channel', 5) ('Header', '48') ('MAC', 'B8:63:4D:A2:0E:13') ('RSSI', -62)
Data:  24:0A:C4:23:D9:B0 ('Channel', 5) ('Header', '48') ('MAC', 'B8:63:4D:A2:0E:13') ('RSSI', -50)
Data:  24:0A:C4:23:C1:EC ('Channel', 5) ('Header', '48') ('MAC', 'B8:63:4D:A2:0E:13') ('RSSI', -62)
Data:  24:0A:C4:23:D9:B0 ('Channel', 5) ('Header', '48') ('MAC', 'B8:63:4D:A2:0E:13') ('RSSI', -50)
Data:  24:0A:C4:23:C1:EC ('Channel', 5) ('Header', '48') ('MAC', 'B8:63:4D:A2:0E:13') ('RSSI', -62)
Data:  24:0A:C4:23:D9:B0 ('Channel', 5) ('Header', '48') ('MAC', 'B8:63:4D:A2:0E:13') ('RSSI', -50)
Data:  24:0A:C4:23:C1:EC ('Channel', 5) ('Header', '48') ('MAC', 'B8:63:4D:A2:0E:13') ('RSSI', -64)
Data:  24:0A:C4:23:D9:B0 ('Channel', 5) ('Header', '48') ('MAC', 'B8:63:4D:A2:0E:13') ('RSSI', -51)
Data:  24:0A:C4:23:C1:EC ('Channel', 5) ('Header', '48') ('MAC', 'B8:63:4D:A2:0E:13') ('RSSI', -62)
Data:  24:0A:C4:23:D9:B0 ('Channel', 5) ('Header', '48') ('MAC', 'B8:63:4D:A2:0E:13') ('RSSI', -50)
Data:  24:0A:C4:23:D9:B0 ('Channel', 5) ('Header', '48') ('MAC', 'B8:63:4D:A2:0E:13') ('RSSI', -50)
Data:  24:0A:C4:23:C1:EC ('Channel', 5) ('Header', '48') ('MAC', 'B8:63:4D:A2:0E:13') ('RSSI', -62)
Data:  24:0A:C4:23:D9:B0 ('Channel', 5) ('Header', '48') ('MAC', 'B8:63:4D:A2:0E:13') ('RSSI', -50)
Summary:  3C:71:BF:99:F9:E0 789 {}
Summary:  24:0A:C4:23:D9:B0 670 {'B8:63:4D:A2:0E:13': -50.4}
Summary:  24:0A:C4:23:C1:EC 1348 {'B8:63:4D:A2:0E:13': -62.8}
Data:  24:0A:C4:23:C1:EC ('Channel', 5) ('Header', '48') ('MAC', 'B8:63:4D:A2:0E:13') ('RSSI', -63)
Data:  24:0A:C4:23:D9:B0 ('Channel', 5) ('Header', '48') ('MAC', 'B8:63:4D:A2:0E:13') ('RSSI', -49)
Data:  24:0A:C4:23:C1:EC ('Channel', 5) ('Header', '48') ('MAC', 'B8:63:4D:A2:0E:13') ('RSSI', -62)
Data:  24:0A:C4:23:D9:B0 ('Channel', 5) ('Header', '48') ('MAC', 'B8:63:4D:A2:0E:13') ('RSSI', -50)
Data:  24:0A:C4:23:C1:EC ('Channel', 5) ('Header', '48') ('MAC', 'B8:63:4D:A2:0E:13') ('RSSI', -63)
Data:  24:0A:C4:23:C1:EC ('Channel', 5) ('Header', '48') ('MAC', 'B8:63:4D:A2:0E:13') ('RSSI', -64)
Data:  24:0A:C4:23:D9:B0 ('Channel', 5) ('Header', '48') ('MAC', 'B8:63:4D:A2:0E:13') ('RSSI', -51)
Data:  24:0A:C4:23:C1:EC ('Channel', 5) ('Header', '48') ('MAC', 'B8:63:4D:A2:0E:13') ('RSSI', -63)
Data:  24:0A:C4:23:D9:B0 ('Channel', 5) ('Header', '48') ('MAC', 'B8:63:4D:A2:0E:13') ('RSSI', -50)
Data:  24:0A:C4:23:C1:EC ('Channel', 5) ('Header', '48') ('MAC', 'B8:63:4D:A2:0E:13') ('RSSI', -63)
Data:  24:0A:C4:23:D9:B0 ('Channel', 5) ('Header', '48') ('MAC', 'B8:63:4D:A2:0E:13') ('RSSI', -50)
Data:  24:0A:C4:23:D9:B0 ('Channel', 5) ('Header', '48') ('MAC', 'B8:63:4D:A2:0E:13') ('RSSI', -51)
Data:  24:0A:C4:23:C1:EC ('Channel', 5) ('Header', '48') ('MAC', 'B8:63:4D:A2:0E:13') ('RSSI', -64)
Data:  24:0A:C4:23:C1:EC ('Channel', 5) ('Header', '48') ('MAC', 'B8:63:4D:A2:0E:13') ('RSSI', -64)
Data:  24:0A:C4:23:D9:B0 ('Channel', 5) ('Header', '48') ('MAC', 'B8:63:4D:A2:0E:13') ('RSSI', -51)
Data:  24:0A:C4:23:D9:B0 ('Channel', 5) ('Header', '48') ('MAC', 'B8:63:4D:A2:0E:13') ('RSSI', -50)
Data:  24:0A:C4:23:C1:EC ('Channel', 5) ('Header', '48') ('MAC', 'B8:63:4D:A2:0E:13') ('RSSI', -63)
Data:  24:0A:C4:23:D9:B0 ('Channel', 5) ('Header', '48') ('MAC', 'B8:63:4D:A2:0E:13') ('RSSI', -50)
Data:  24:0A:C4:23:C1:EC ('Channel', 5) ('Header', '48') ('MAC', 'B8:63:4D:A2:0E:13') ('RSSI', -63)
Data:  24:0A:C4:23:D9:B0 ('Channel', 5) ('Header', '48') ('MAC', 'B8:63:4D:A2:0E:13') ('RSSI', -50)
Data:  24:0A:C4:23:D9:B0 ('Channel', 5) ('Header', '48') ('MAC', 'B8:63:4D:A2:0E:13') ('RSSI', -51)
Data:  24:0A:C4:23:C1:EC ('Channel', 5) ('Header', '48') ('MAC', 'B8:63:4D:A2:0E:13') ('RSSI', -63)
Data:  24:0A:C4:23:D9:B0 ('Channel', 5) ('Header', '48') ('MAC', 'B8:63:4D:A2:0E:13') ('RSSI', -51)
Data:  24:0A:C4:23:C1:EC ('Channel', 5) ('Header', '48') ('MAC', 'B8:63:4D:A2:0E:13') ('RSSI', -64)
Data:  24:0A:C4:23:C1:EC ('Channel', 5) ('Header', '48') ('MAC', 'B8:63:4D:A2:0E:13') ('RSSI', -62)
Data:  24:0A:C4:23:D9:B0 ('Channel', 5) ('Header', '48') ('MAC', 'B8:63:4D:A2:0E:13') ('RSSI', -50)
Data:  24:0A:C4:23:C1:EC ('Channel', 5) ('Header', '48') ('MAC', 'B8:63:4D:A2:0E:13') ('RSSI', -63)
Data:  24:0A:C4:23:D9:B0 ('Channel', 5) ('Header', '48') ('MAC', 'B8:63:4D:A2:0E:13') ('RSSI', -50)
Data:  24:0A:C4:23:C1:EC ('Channel', 5) ('Header', '48') ('MAC', 'B8:63:4D:A2:0E:13') ('RSSI', -62)
Data:  24:0A:C4:23:D9:B0 ('Channel', 5) ('Header', '48') ('MAC', 'B8:63:4D:A2:0E:13') ('RSSI', -50)
Data:  24:0A:C4:23:C1:EC ('Channel', 5) ('Header', '48') ('MAC', 'B8:63:4D:A2:0E:13') ('RSSI', -64)
Data:  24:0A:C4:23:D9:B0 ('Channel', 5) ('Header', '48') ('MAC', 'B8:63:4D:A2:0E:13') ('RSSI', -51)
Data:  24:0A:C4:23:C1:EC ('Channel', 5) ('Header', '48') ('MAC', 'B8:63:4D:A2:0E:13') ('RSSI', -63)
Data:  24:0A:C4:23:D9:B0 ('Channel', 5) ('Header', '48') ('MAC', 'B8:63:4D:A2:0E:13') ('RSSI', -51)
Data:  24:0A:C4:23:C1:EC ('Channel', 5) ('Header', '48') ('MAC', 'B8:63:4D:A2:0E:13') ('RSSI', -64)
Data:  24:0A:C4:23:C1:EC ('Channel', 5) ('Header', '48') ('MAC', 'B8:63:4D:A2:0E:13') ('RSSI', -64)
Data:  24:0A:C4:23:D9:B0 ('Channel', 5) ('Header', '48') ('MAC', 'B8:63:4D:A2:0E:13') ('RSSI', -51)
Data:  24:0A:C4:23:C1:EC ('Channel', 5) ('Header', '48') ('MAC', 'B8:63:4D:A2:0E:13') ('RSSI', -64)
Data:  24:0A:C4:23:D9:B0 ('Channel', 5) ('Header', '48') ('MAC', 'B8:63:4D:A2:0E:13') ('RSSI', -51)
Data:  24:0A:C4:23:D9:B0 ('Channel', 5) ('Header', '48') ('MAC', 'B8:63:4D:A2:0E:13') ('RSSI', -51)
Data:  24:0A:C4:23:D9:B0 ('Channel', 5) ('Header', '48') ('MAC', 'B8:63:4D:A2:0E:13') ('RSSI', -50)
Data:  24:0A:C4:23:C1:EC ('Channel', 5) ('Header', '48') ('MAC', 'B8:63:4D:A2:0E:13') ('RSSI', -62)
Data:  24:0A:C4:23:D9:B0 ('Channel', 5) ('Header', '48') ('MAC', 'B8:63:4D:A2:0E:13') ('RSSI', -50)
Data:  24:0A:C4:23:C1:EC ('Channel', 5) ('Header', '48') ('MAC', 'B8:63:4D:A2:0E:13') ('RSSI', -62)
Data:  24:0A:C4:23:C1:EC ('Channel', 5) ('Header', '48') ('MAC', 'B8:63:4D:A2:0E:13') ('RSSI', -63)
Data:  24:0A:C4:23:D9:B0 ('Channel', 5) ('Header', '48') ('MAC', 'B8:63:4D:A2:0E:13') ('RSSI', -50)
Data:  24:0A:C4:23:C1:EC ('Channel', 5) ('Header', '48') ('MAC', 'B8:63:4D:A2:0E:13') ('RSSI', -63)
Data:  24:0A:C4:23:D9:B0 ('Channel', 5) ('Header', '48') ('MAC', 'B8:63:4D:A2:0E:13') ('RSSI', -50)
Data:  24:0A:C4:23:C1:EC ('Channel', 5) ('Header', '48') ('MAC', 'B8:63:4D:A2:0E:13') ('RSSI', -64)
Data:  24:0A:C4:23:D9:B0 ('Channel', 5) ('Header', '48') ('MAC', 'B8:63:4D:A2:0E:13') ('RSSI', -51)
Data:  24:0A:C4:23:C1:EC ('Channel', 5) ('Header', '48') ('MAC', 'B8:63:4D:A2:0E:13') ('RSSI', -66)
Data:  24:0A:C4:23:D9:B0 ('Channel', 5) ('Header', '48') ('MAC', 'B8:63:4D:A2:0E:13') ('RSSI', -52)
Data:  24:0A:C4:23:C1:EC ('Channel', 5) ('Header', '48') ('MAC', 'B8:63:4D:A2:0E:13') ('RSSI', -64)
Data:  24:0A:C4:23:D9:B0 ('Channel', 5) ('Header', '48') ('MAC', 'B8:63:4D:A2:0E:13') ('RSSI', -51)
Data:  24:0A:C4:23:C1:EC ('Channel', 5) ('Header', '48') ('MAC', 'B8:63:4D:A2:0E:13') ('RSSI', -63)
Data:  24:0A:C4:23:D9:B0 ('Channel', 5) ('Header', '48') ('MAC', 'B8:63:4D:A2:0E:13') ('RSSI', -51)
Data:  24:0A:C4:23:C1:EC ('Channel', 5) ('Header', '48') ('MAC', 'B8:63:4D:A2:0E:13') ('RSSI', -63)
Data:  24:0A:C4:23:C1:EC ('Channel', 5) ('Header', '48') ('MAC', 'B8:63:4D:A2:0E:13') ('RSSI', -64)
Data:  24:0A:C4:23:C1:EC ('Channel', 5) ('Header', '48') ('MAC', 'B8:63:4D:A2:0E:13') ('RSSI', -64)
Data:  24:0A:C4:23:D9:B0 ('Channel', 5) ('Header', '48') ('MAC', 'B8:63:4D:A2:0E:13') ('RSSI', -51)
Data:  24:0A:C4:23:D9:B0 ('Channel', 5) ('Header', '48') ('MAC', 'B8:63:4D:A2:0E:13') ('RSSI', -51)
Data:  24:0A:C4:23:D9:B0 ('Channel', 5) ('Header', '48') ('MAC', 'B8:63:4D:A2:0E:13') ('RSSI', -51)
Data:  24:0A:C4:23:C1:EC ('Channel', 5) ('Header', '48') ('MAC', 'B8:63:4D:A2:0E:13') ('RSSI', -63)
Data:  24:0A:C4:23:D9:B0 ('Channel', 5) ('Header', '48') ('MAC', 'B8:63:4D:A2:0E:13') ('RSSI', -51)
Data:  24:0A:C4:23:C1:EC ('Channel', 5) ('Header', '48') ('MAC', 'B8:63:4D:A2:0E:13') ('RSSI', -63)
Data:  24:0A:C4:23:D9:B0 ('Channel', 5) ('Header', '48') ('MAC', 'B8:63:4D:A2:0E:13') ('RSSI', -51)
Data:  24:0A:C4:23:C1:EC ('Channel', 5) ('Header', '48') ('MAC', 'B8:63:4D:A2:0E:13') ('RSSI', -63)
Data:  24:0A:C4:23:D9:B0 ('Channel', 5) ('Header', '48') ('MAC', 'B8:63:4D:A2:0E:13') ('RSSI', -51)
Data:  24:0A:C4:23:D9:B0 ('Channel', 5) ('Header', '48') ('MAC', 'B8:63:4D:A2:0E:13') ('RSSI', -50)
Data:  24:0A:C4:23:C1:EC ('Channel', 5) ('Header', '48') ('MAC', 'B8:63:4D:A2:0E:13') ('RSSI', -63)
Data:  24:0A:C4:23:C1:EC ('Channel', 5) ('Header', '48') ('MAC', 'B8:63:4D:A2:0E:13') ('RSSI', -63)
Summary:  3C:71:BF:99:F9:E0 789 {}
Summary:  24:0A:C4:23:D9:B0 670 {'B8:63:4D:A2:0E:13': -50.6}
Summary:  24:0A:C4:23:C1:ECData:  24:0A:C4:23:D9:B0 ('Channel', 5) ('Header', '48') ('MAC', 'B8:63:4D:A2:0E:13') ('RSSI', -51)
 1348 {'B8:63:4D:A2:0E:13': -63.3}
Data:  24:0A:C4:23:D9:B0 ('Channel', 5) ('Header', '48') ('MAC', 'B8:63:4D:A2:0E:13') ('RSSI', -51)
Data:  24:0A:C4:23:C1:EC ('Channel', 5) ('Header', '48') ('MAC', 'B8:63:4D:A2:0E:13') ('RSSI', -63)
Data:  24:0A:C4:23:C1:EC ('Channel', 5) ('Header', '48') ('MAC', 'B8:63:4D:A2:0E:13') ('RSSI', -64)
Data:  24:0A:C4:23:D9:B0 ('Channel', 5) ('Header', '48') ('MAC', 'B8:63:4D:A2:0E:13') ('RSSI', -51)
Data:  24:0A:C4:23:D9:B0 ('Channel', 5) ('Header', '48') ('MAC', 'B8:63:4D:A2:0E:13') ('RSSI', -50)
Data:  24:0A:C4:23:C1:EC ('Channel', 5) ('Header', '48') ('MAC', 'B8:63:4D:A2:0E:13') ('RSSI', -63)
Data:  24:0A:C4:23:D9:B0 ('Channel', 5) ('Header', '48') ('MAC', 'B8:63:4D:A2:0E:13') ('RSSI', -50)
Data:  24:0A:C4:23:D9:B0 ('Channel', 5) ('Header', '48') ('MAC', 'B8:63:4D:A2:0E:13') ('RSSI', -50)
Data:  24:0A:C4:23:D9:B0 ('Channel', 5) ('Header', '48') ('MAC', 'B8:63:4D:A2:0E:13') ('RSSI', -51)
Data:  24:0A:C4:23:C1:EC ('Channel', 5) ('Header', '48') ('MAC', 'B8:63:4D:A2:0E:13') ('RSSI', -63)
Data:  24:0A:C4:23:C1:EC ('Channel', 5) ('Header', '48') ('MAC', 'B8:63:4D:A2:0E:13') ('RSSI', -63)
Data:  24:0A:C4:23:C1:EC ('Channel', 5) ('Header', '48') ('MAC', 'B8:63:4D:A2:0E:13') ('RSSI', -64)
Data:  24:0A:C4:23:C1:EC ('Channel', 5) ('Header', '48') ('MAC', 'B8:63:4D:A2:0E:13') ('RSSI', -62)
Data:  24:0A:C4:23:D9:B0 ('Channel', 5) ('Header', '48') ('MAC', 'B8:63:4D:A2:0E:13') ('RSSI', -50)
Data:  24:0A:C4:23:C1:EC ('Channel', 5) ('Header', '48') ('MAC', 'B8:63:4D:A2:0E:13') ('RSSI', -63)
Data:  24:0A:C4:23:D9:B0 ('Channel', 5) ('Header', '48') ('MAC', 'B8:63:4D:A2:0E:13') ('RSSI', -50)
Data:  24:0A:C4:23:C1:EC ('Channel', 5) ('Header', '48') ('MAC', 'B8:63:4D:A2:0E:13') ('RSSI', -62)
Data:  24:0A:C4:23:D9:B0 ('Channel', 5) ('Header', '48') ('MAC', 'B8:63:4D:A2:0E:13') ('RSSI', -50)
Data:  24:0A:C4:23:C1:EC ('Channel', 5) ('Header', '48') ('MAC', 'B8:63:4D:A2:0E:13') ('RSSI', -63)
Data:  24:0A:C4:23:D9:B0 ('Channel', 5) ('Header', '48') ('MAC', 'B8:63:4D:A2:0E:13') ('RSSI', -50)
Data:  24:0A:C4:23:C1:EC ('Channel', 5) ('Header', '48') ('MAC', 'B8:63:4D:A2:0E:13') ('RSSI', -63)
Data:  24:0A:C4:23:D9:B0 ('Channel', 5) ('Header', '48') ('MAC', 'B8:63:4D:A2:0E:13') ('RSSI', -51)
Data:  24:0A:C4:23:C1:EC ('Channel', 5) ('Header', '48') ('MAC', 'B8:63:4D:A2:0E:13') ('RSSI', -64)
Data:  24:0A:C4:23:D9:B0 ('Channel', 5) ('Header', '48') ('MAC', 'B8:63:4D:A2:0E:13') ('RSSI', -51)
Data:  24:0A:C4:23:C1:EC ('Channel', 5) ('Header', '48') ('MAC', 'B8:63:4D:A2:0E:13') ('RSSI', -63)
Data:  24:0A:C4:23:C1:EC ('Channel', 5) ('Header', '48') ('MAC', 'B8:63:4D:A2:0E:13') ('RSSI', -63)
Data:  24:0A:C4:23:D9:B0 ('Channel', 5) ('Header', '48') ('MAC', 'B8:63:4D:A2:0E:13') ('RSSI', -50)
Data:  24:0A:C4:23:C1:EC ('Channel', 5) ('Header', '48') ('MAC', 'B8:63:4D:A2:0E:13') ('RSSI', -64)
Data:  24:0A:C4:23:D9:B0 ('Channel', 5) ('Header', '48') ('MAC', 'B8:63:4D:A2:0E:13') ('RSSI', -51)
Data:  24:0A:C4:23:D9:B0 ('Channel', 5) ('Header', '48') ('MAC', 'B8:63:4D:A2:0E:13') ('RSSI', -51)
Data:  24:0A:C4:23:C1:EC ('Channel', 5) ('Header', '48') ('MAC', 'B8:63:4D:A2:0E:13') ('RSSI', -63)
Data:  24:0A:C4:23:C1:EC ('Channel', 5) ('Header', '48') ('MAC', 'B8:63:4D:A2:0E:13') ('RSSI', -63)
Data:  24:0A:C4:23:D9:B0 ('Channel', 5) ('Header', '48') ('MAC', 'B8:63:4D:A2:0E:13') ('RSSI', -51)
Data:  24:0A:C4:23:D9:B0 ('Channel', 5) ('Header', '48') ('MAC', 'B8:63:4D:A2:0E:13') ('RSSI', -50)
Data:  24:0A:C4:23:C1:EC ('Channel', 5) ('Header', '48') ('MAC', 'B8:63:4D:A2:0E:13') ('RSSI', -63)
Data:  24:0A:C4:23:D9:B0 ('Channel', 5) ('Header', '48') ('MAC', 'B8:63:4D:A2:0E:13') ('RSSI', -51)
Data:  24:0A:C4:23:D9:B0 ('Channel', 5) ('Header', '48') ('MAC', 'B8:63:4D:A2:0E:13') ('RSSI', -51)
Data:  24:0A:C4:23:D9:B0 ('Channel', 5) ('Header', '48') ('MAC', 'B8:63:4D:A2:0E:13') ('RSSI', -51)
Data:  24:0A:C4:23:C1:EC ('Channel', 5) ('Header', '48') ('MAC', 'B8:63:4D:A2:0E:13') ('RSSI', -63)
Data:  24:0A:C4:23:C1:EC ('Channel', 5) ('Header', '48') ('MAC', 'B8:63:4D:A2:0E:13') ('RSSI', -63)
Data:  24:0A:C4:23:D9:B0 ('Channel', 5) ('Header', '48') ('MAC', 'B8:63:4D:A2:0E:13') ('RSSI', -51)
Data:  24:0A:C4:23:C1:EC ('Channel', 5) ('Header', '48') ('MAC', 'B8:63:4D:A2:0E:13') ('RSSI', -64)
Data:  24:0A:C4:23:C1:EC ('Channel', 5) ('Header', '48') ('MAC', 'B8:63:4D:A2:0E:13') ('RSSI', -64)
Data:  24:0A:C4:23:D9:B0 ('Channel', 5) ('Header', '48') ('MAC', 'B8:63:4D:A2:0E:13') ('RSSI', -51)
Data:  24:0A:C4:23:D9:B0 ('Channel', 5) ('Header', '48') ('MAC', 'B8:63:4D:A2:0E:13') ('RSSI', -50)
Data:  24:0A:C4:23:C1:EC ('Channel', 5) ('Header', '48') ('MAC', 'B8:63:4D:A2:0E:13') ('RSSI', -62)
Data:  24:0A:C4:23:C1:EC ('Channel', 5) ('Header', '48') ('MAC', 'B8:63:4D:A2:0E:13') ('RSSI', -63)
Data:  24:0A:C4:23:D9:B0 ('Channel', 5) ('Header', '48') ('MAC', 'B8:63:4D:A2:0E:13') ('RSSI', -51)
Data:  24:0A:C4:23:D9:B0 ('Channel', 5) ('Header', '48') ('MAC', 'B8:63:4D:A2:0E:13') ('RSSI', -50)
Data:  24:0A:C4:23:C1:EC ('Channel', 5) ('Header', '48') ('MAC', 'B8:63:4D:A2:0E:13') ('RSSI', -62)
Data:  24:0A:C4:23:C1:EC ('Channel', 5) ('Header', '48') ('MAC', 'B8:63:4D:A2:0E:13') ('RSSI', -62)
Data:  24:0A:C4:23:D9:B0 ('Channel', 5) ('Header', '48') ('MAC', 'B8:63:4D:A2:0E:13') ('RSSI', -51)
Data:  24:0A:C4:23:C1:EC ('Channel', 5) ('Header', '48') ('MAC', 'B8:63:4D:A2:0E:13') ('RSSI', -62)
Data:  24:0A:C4:23:D9:B0 ('Channel', 5) ('Header', '48') ('MAC', 'B8:63:4D:A2:0E:13') ('RSSI', -50)
Data:  24:0A:C4:23:C1:EC ('Channel', 5) ('Header', '48') ('MAC', 'B8:63:4D:A2:0E:13') ('RSSI', -63)
Data:  24:0A:C4:23:D9:B0 ('Channel', 5) ('Header', '48') ('MAC', 'B8:63:4D:A2:0E:13') ('RSSI', -51)
Data:  24:0A:C4:23:C1:EC ('Channel', 5) ('Header', '48') ('MAC', 'B8:63:4D:A2:0E:13') ('RSSI', -63)
Data:  24:0A:C4:23:D9:B0 ('Channel', 5) ('Header', '48') ('MAC', 'B8:63:4D:A2:0E:13') ('RSSI', -51)
Data:  24:0A:C4:23:D9:B0 ('Channel', 5) ('Header', '48') ('MAC', 'B8:63:4D:A2:0E:13') ('RSSI', -50)
Data:  24:0A:C4:23:C1:EC ('Channel', 5) ('Header', '48') ('MAC', 'B8:63:4D:A2:0E:13') ('RSSI', -63)
Data:  24:0A:C4:23:C1:EC ('Channel', 5) ('Header', '48') ('MAC', 'B8:63:4D:A2:0E:13') ('RSSI', -63)
Data:  24:0A:C4:23:D9:B0 ('Channel', 5) ('Header', '48') ('MAC', 'B8:63:4D:A2:0E:13') ('RSSI', -50)
Data:  24:0A:C4:23:C1:EC ('Channel', 5) ('Header', '48') ('MAC', 'B8:63:4D:A2:0E:13') ('RSSI', -62)
Data:  24:0A:C4:23:D9:B0 ('Channel', 5) ('Header', '48') ('MAC', 'B8:63:4D:A2:0E:13') ('RSSI', -50)
Data:  24:0A:C4:23:C1:EC ('Channel', 5) ('Header', '48') ('MAC', 'B8:63:4D:A2:0E:13') ('RSSI', -63)
Data:  24:0A:C4:23:D9:B0 ('Channel', 5) ('Header', '48') ('MAC', 'B8:63:4D:A2:0E:13') ('RSSI', -51)
Data:  24:0A:C4:23:D9:B0 ('Channel', 5) ('Header', '48') ('MAC', 'B8:63:4D:A2:0E:13') ('RSSI', -50)
Summary:  3C:71:BF:99:F9:E0 789 {}
Summary:  24:0A:C4:23:D9:B0 670 {'B8:63:4D:A2:0E:13': -50.5}
Summary:  24:0A:C4:23:C1:EC 1348 {'B8:63:4D:A2:0E:13': -63.0}
Data:  24:0A:C4:23:C1:EC ('Channel', 5) ('Header', '48') ('MAC', 'B8:63:4D:A2:0E:13') ('RSSI', -62)
Data:  24:0A:C4:23:C1:EC ('Channel', 5) ('Header', '48') ('MAC', 'B8:63:4D:A2:0E:13') ('RSSI', -63)
Data:  24:0A:C4:23:C1:EC ('Channel', 5) ('Header', '48') ('MAC', 'B8:63:4D:A2:0E:13') ('RSSI', -70)
Data:  24:0A:C4:23:D9:B0 ('Channel', 5) ('Header', '48') ('MAC', 'B8:63:4D:A2:0E:13') ('RSSI', -52)
Data:  24:0A:C4:23:D9:B0 ('Channel', 5) ('Header', '48') ('MAC', 'B8:63:4D:A2:0E:13') ('RSSI', -50)
Data:  24:0A:C4:23:C1:EC ('Channel', 5) ('Header', '48') ('MAC', 'B8:63:4D:A2:0E:13') ('RSSI', -63)
Data:  24:0A:C4:23:C1:EC ('Channel', 5) ('Header', '48') ('MAC', 'B8:63:4D:A2:0E:13') ('RSSI', -62)
Data:  24:0A:C4:23:D9:B0 ('Channel', 5) ('Header', '48') ('MAC', 'B8:63:4D:A2:0E:13') ('RSSI', -50)
Data:  24:0A:C4:23:D9:B0 ('Channel', 5) ('Header', '48') ('MAC', 'B8:63:4D:A2:0E:13') ('RSSI', -50)
Data:  24:0A:C4:23:C1:EC ('Channel', 5) ('Header', '48') ('MAC', 'B8:63:4D:A2:0E:13') ('RSSI', -63)
Data:  24:0A:C4:23:C1:EC ('Channel', 5) ('Header', '48') ('MAC', 'B8:63:4D:A2:0E:13') ('RSSI', -63)
Data:  24:0A:C4:23:D9:B0 ('Channel', 5) ('Header', '48') ('MAC', 'B8:63:4D:A2:0E:13') ('RSSI', -50)
Data:  24:0A:C4:23:C1:EC ('Channel', 5) ('Header', '48') ('MAC', 'B8:63:4D:A2:0E:13') ('RSSI', -63)
Data:  24:0A:C4:23:D9:B0 ('Channel', 5) ('Header', '48') ('MAC', 'B8:63:4D:A2:0E:13') ('RSSI', -50)
Data:  24:0A:C4:23:C1:EC ('Channel', 5) ('Header', '48') ('MAC', 'B8:63:4D:A2:0E:13') ('RSSI', -65)
Data:  24:0A:C4:23:D9:B0 ('Channel', 5) ('Header', '48') ('MAC', 'B8:63:4D:A2:0E:13') ('RSSI', -51)
Data:  24:0A:C4:23:C1:EC ('Channel', 5) ('Header', '48') ('MAC', 'B8:63:4D:A2:0E:13') ('RSSI', -62)
Data:  24:0A:C4:23:D9:B0 ('Channel', 5) ('Header', '48') ('MAC', 'B8:63:4D:A2:0E:13') ('RSSI', -50)
Data:  24:0A:C4:23:D9:B0 ('Channel', 5) ('Header', '48') ('MAC', 'B8:63:4D:A2:0E:13') ('RSSI', -50)
Data:  24:0A:C4:23:D9:B0 ('Channel', 5) ('Header', '48') ('MAC', 'B8:63:4D:A2:0E:13') ('RSSI', -50)
Data:  24:0A:C4:23:D9:B0 ('Channel', 5) ('Header', '48') ('MAC', 'B8:63:4D:A2:0E:13') ('RSSI', -50)
Data:  24:0A:C4:23:C1:EC ('Channel', 5) ('Header', '48') ('MAC', 'B8:63:4D:A2:0E:13') ('RSSI', -63)
Data:  24:0A:C4:23:C1:EC ('Channel', 5) ('Header', '48') ('MAC', 'B8:63:4D:A2:0E:13') ('RSSI', -63)
Data:  24:0A:C4:23:C1:EC ('Channel', 5) ('Header', '48') ('MAC', 'B8:63:4D:A2:0E:13') ('RSSI', -63)
Data:  24:0A:C4:23:C1:EC ('Channel', 5) ('Header', '48') ('MAC', 'B8:63:4D:A2:0E:13') ('RSSI', -63)
Data:  24:0A:C4:23:D9:B0 ('Channel', 5) ('Header', '48') ('MAC', 'B8:63:4D:A2:0E:13') ('RSSI', -50)
Data:  24:0A:C4:23:C1:EC ('Channel', 5) ('Header', '48') ('MAC', 'B8:63:4D:A2:0E:13') ('RSSI', -64)
Data:  24:0A:C4:23:D9:B0 ('Channel', 5) ('Header', '48') ('MAC', 'B8:63:4D:A2:0E:13') ('RSSI', -51)
Data:  24:0A:C4:23:C1:EC ('Channel', 5) ('Header', '48') ('MAC', 'B8:63:4D:A2:0E:13') ('RSSI', -64)
Data:  24:0A:C4:23:D9:B0 ('Channel', 5) ('Header', '48') ('MAC', 'B8:63:4D:A2:0E:13') ('RSSI', -51)
Data:  24:0A:C4:23:D9:B0 ('Channel', 5) ('Header', '48') ('MAC', 'B8:63:4D:A2:0E:13') ('RSSI', -51)
Data:  24:0A:C4:23:C1:EC ('Channel', 5) ('Header', '48') ('MAC', 'B8:63:4D:A2:0E:13') ('RSSI', -63)
Data:  24:0A:C4:23:D9:B0 ('Channel', 5) ('Header', '48') ('MAC', 'B8:63:4D:A2:0E:13') ('RSSI', -51)
Data:  24:0A:C4:23:C1:EC ('Channel', 5) ('Header', '48') ('MAC', 'B8:63:4D:A2:0E:13') ('RSSI', -65)
Data:  24:0A:C4:23:D9:B0 ('Channel', 5) ('Header', '48') ('MAC', 'B8:63:4D:A2:0E:13') ('RSSI', -51)
Data:  24:0A:C4:23:C1:EC ('Channel', 5) ('Header', '48') ('MAC', 'B8:63:4D:A2:0E:13') ('RSSI', -63)
Data:  24:0A:C4:23:D9:B0 ('Channel', 5) ('Header', '48') ('MAC', 'B8:63:4D:A2:0E:13') ('RSSI', -51)
Data:  24:0A:C4:23:C1:EC ('Channel', 5) ('Header', '48') ('MAC', 'B8:63:4D:A2:0E:13') ('RSSI', -64)
Data:  24:0A:C4:23:D9:B0 ('Channel', 5) ('Header', '48') ('MAC', 'B8:63:4D:A2:0E:13') ('RSSI', -50)
Data:  24:0A:C4:23:C1:EC ('Channel', 5) ('Header', '48') ('MAC', 'B8:63:4D:A2:0E:13') ('RSSI', -64)
Data:  24:0A:C4:23:D9:B0 ('Channel', 5) ('Header', '48') ('MAC', 'B8:63:4D:A2:0E:13') ('RSSI', -51)
Data:  24:0A:C4:23:C1:EC ('Channel', 5) ('Header', '48') ('MAC', 'B8:63:4D:A2:0E:13') ('RSSI', -64)
Data:  24:0A:C4:23:D9:B0 ('Channel', 5) ('Header', '48') ('MAC', 'B8:63:4D:A2:0E:13') ('RSSI', -52)
Data:  24:0A:C4:23:C1:EC ('Channel', 5) ('Header', '48') ('MAC', 'B8:63:4D:A2:0E:13') ('RSSI', -65)
Data:  24:0A:C4:23:D9:B0 ('Channel', 5) ('Header', '48') ('MAC', 'B8:63:4D:A2:0E:13') ('RSSI', -51)
Data:  24:0A:C4:23:C1:EC ('Channel', 5) ('Header', '48') ('MAC', 'B8:63:4D:A2:0E:13') ('RSSI', -64)
Data:  24:0A:C4:23:C1:EC ('Channel', 5) ('Header', '48') ('MAC', 'B8:63:4D:A2:0E:13') ('RSSI', -63)
Data:  24:0A:C4:23:D9:B0 ('Channel', 5) ('Header', '48') ('MAC', 'B8:63:4D:A2:0E:13') ('RSSI', -50)
Data:  24:0A:C4:23:C1:EC ('Channel', 5) ('Header', '48') ('MAC', 'B8:63:4D:A2:0E:13') ('RSSI', -64)
Data:  24:0A:C4:23:D9:B0 ('Channel', 5) ('Header', '48') ('MAC', 'B8:63:4D:A2:0E:13') ('RSSI', -51)
Data:  24:0A:C4:23:C1:EC ('Channel', 5) ('Header', '48') ('MAC', 'B8:63:4D:A2:0E:13') ('RSSI', -64)
Data:  24:0A:C4:23:C1:EC ('Channel', 5) ('Header', '48') ('MAC', 'B8:63:4D:A2:0E:13') ('RSSI', -63)
Data:  24:0A:C4:23:D9:B0 ('Channel', 5) ('Header', '48') ('MAC', 'B8:63:4D:A2:0E:13') ('RSSI', -50)
Data:  24:0A:C4:23:C1:EC ('Channel', 5) ('Header', '48') ('MAC', 'B8:63:4D:A2:0E:13') ('RSSI', -63)
Data:  24:0A:C4:23:D9:B0 ('Channel', 5) ('Header', '48') ('MAC', 'B8:63:4D:A2:0E:13') ('RSSI', -50)
Data:  24:0A:C4:23:C1:EC ('Channel', 5) ('Header', '48') ('MAC', 'B8:63:4D:A2:0E:13') ('RSSI', -62)
Data:  24:0A:C4:23:D9:B0 ('Channel', 5) ('Header', '48') ('MAC', 'B8:63:4D:A2:0E:13') ('RSSI', -50)
Data:  24:0A:C4:23:D9:B0 ('Channel', 5) ('Header', '48') ('MAC', 'B8:63:4D:A2:0E:13') ('RSSI', -50)
Data:  24:0A:C4:23:D9:B0 ('Channel', 5) ('Header', '48') ('MAC', 'B8:63:4D:A2:0E:13') ('RSSI', -51)
Data:  24:0A:C4:23:C1:EC ('Channel', 5) ('Header', '48') ('MAC', 'B8:63:4D:A2:0E:13') ('RSSI', -62)
Data:  24:0A:C4:23:C1:EC ('Channel', 5) ('Header', '48') ('MAC', 'B8:63:4D:A2:0E:13') ('RSSI', -64)
Data:  24:0A:C4:23:C1:EC ('Channel', 5) ('Header', '48') ('MAC', 'B8:63:4D:A2:0E:13') ('RSSI', -63)
Data:  24:0A:C4:23:D9:B0 ('Channel', 5) ('Header', '48') ('MAC', 'B8:63:4D:A2:0E:13') ('RSSI', -50)
Data:  24:0A:C4:23:C1:EC ('Channel', 5) ('Header', '48') ('MAC', 'B8:63:4D:A2:0E:13') ('RSSI', -64)
Data:  24:0A:C4:23:D9:B0 ('Channel', 5) ('Header', '48') ('MAC', 'B8:63:4D:A2:0E:13') ('RSSI', -51)
Data:  24:0A:C4:23:C1:EC ('Channel', 5) ('Header', '48') ('MAC', 'B8:63:4D:A2:0E:13') ('RSSI', -63)
Summary:  3C:71:BF:99:F9:E0 789 {}
Summary:  24:0A:C4:23:D9:B0 670 {'B8:63:4D:A2:0E:13': -50.5}
Summary:  24:0A:C4:23:C1:EC 1348 {'B8:63:4D:A2:0E:13': -63.5}
Data:  24:0A:C4:23:D9:B0 ('Channel', 5) ('Header', '48') ('MAC', 'B8:63:4D:A2:0E:13') ('RSSI', -51)
Data:  24:0A:C4:23:C1:EC ('Channel', 5) ('Header', '48') ('MAC', 'B8:63:4D:A2:0E:13') ('RSSI', -64)
Data:  24:0A:C4:23:C1:EC ('Channel', 5) ('Header', '48') ('MAC', 'B8:63:4D:A2:0E:13') ('RSSI', -64)
Data:  24:0A:C4:23:C1:EC ('Channel', 5) ('Header', '48') ('MAC', 'B8:63:4D:A2:0E:13') ('RSSI', -63)
Data:  24:0A:C4:23:D9:B0 ('Channel', 5) ('Header', '48') ('MAC', 'B8:63:4D:A2:0E:13') ('RSSI', -51)
Data:  24:0A:C4:23:D9:B0 ('Channel', 5) ('Header', '48') ('MAC', 'B8:63:4D:A2:0E:13') ('RSSI', -51)
Data:  24:0A:C4:23:D9:B0 ('Channel', 5) ('Header', '48') ('MAC', 'B8:63:4D:A2:0E:13') ('RSSI', -51)
Data:  24:0A:C4:23:C1:EC ('Channel', 5) ('Header', '48') ('MAC', 'B8:63:4D:A2:0E:13') ('RSSI', -64)
Data:  24:0A:C4:23:D9:B0 ('Channel', 5) ('Header', '48') ('MAC', 'B8:63:4D:A2:0E:13') ('RSSI', -51)
Data:  24:0A:C4:23:C1:EC ('Channel', 5) ('Header', '48') ('MAC', 'B8:63:4D:A2:0E:13') ('RSSI', -63)
Data:  24:0A:C4:23:D9:B0 ('Channel', 5) ('Header', '48') ('MAC', 'B8:63:4D:A2:0E:13') ('RSSI', -50)
Data:  24:0A:C4:23:D9:B0 ('Channel', 5) ('Header', '48') ('MAC', 'B8:63:4D:A2:0E:13') ('RSSI', -50)
Data:  24:0A:C4:23:D9:B0 ('Channel', 5) ('Header', '48') ('MAC', 'B8:63:4D:A2:0E:13') ('RSSI', -50)
Data:  24:0A:C4:23:C1:EC ('Channel', 5) ('Header', '48') ('MAC', 'B8:63:4D:A2:0E:13') ('RSSI', -63)
Data:  24:0A:C4:23:C1:EC ('Channel', 5) ('Header', '48') ('MAC', 'B8:63:4D:A2:0E:13') ('RSSI', -62)
Data:  24:0A:C4:23:C1:EC ('Channel', 5) ('Header', '48') ('MAC', 'B8:63:4D:A2:0E:13') ('RSSI', -64)
Data:  24:0A:C4:23:D9:B0 ('Channel', 5) ('Header', '48') ('MAC', 'B8:63:4D:A2:0E:13') ('RSSI', -51)
Data:  24:0A:C4:23:C1:EC ('Channel', 5) ('Header', '48') ('MAC', 'B8:63:4D:A2:0E:13') ('RSSI', -65)
Data:  24:0A:C4:23:D9:B0 ('Channel', 5) ('Header', '48') ('MAC', 'B8:63:4D:A2:0E:13') ('RSSI', -51)
Data:  24:0A:C4:23:D9:B0 ('Channel', 5) ('Header', '48') ('MAC', 'B8:63:4D:A2:0E:13') ('RSSI', -51)
Data:  24:0A:C4:23:C1:EC ('Channel', 5) ('Header', '48') ('MAC', 'B8:63:4D:A2:0E:13') ('RSSI', -64)
Data:  24:0A:C4:23:C1:EC ('Channel', 5) ('Header', '48') ('MAC', 'B8:63:4D:A2:0E:13') ('RSSI', -65)
Data:  24:0A:C4:23:D9:B0 ('Channel', 5) ('Header', '48') ('MAC', 'B8:63:4D:A2:0E:13') ('RSSI', -51)
Data:  24:0A:C4:23:D9:B0 ('Channel', 5) ('Header', '48') ('MAC', 'B8:63:4D:A2:0E:13') ('RSSI', -50)
Data:  24:0A:C4:23:C1:EC ('Channel', 5) ('Header', '48') ('MAC', 'B8:63:4D:A2:0E:13') ('RSSI', -63)
Data:  24:0A:C4:23:D9:B0 ('Channel', 5) ('Header', '48') ('MAC', 'B8:63:4D:A2:0E:13') ('RSSI', -50)
Data:  24:0A:C4:23:C1:EC ('Channel', 5) ('Header', '48') ('MAC', 'B8:63:4D:A2:0E:13') ('RSSI', -63)
Data:  24:0A:C4:23:D9:B0 ('Channel', 5) ('Header', '48') ('MAC', 'B8:63:4D:A2:0E:13') ('RSSI', -51)
Data:  24:0A:C4:23:C1:EC ('Channel', 5) ('Header', '48') ('MAC', 'B8:63:4D:A2:0E:13') ('RSSI', -64)
Data:  24:0A:C4:23:D9:B0 ('Channel', 5) ('Header', '48') ('MAC', 'B8:63:4D:A2:0E:13') ('RSSI', -51)
Data:  24:0A:C4:23:C1:EC ('Channel', 5) ('Header', '48') ('MAC', 'B8:63:4D:A2:0E:13') ('RSSI', -64)
Data:  24:0A:C4:23:C1:EC ('Channel', 5) ('Header', '48') ('MAC', 'B8:63:4D:A2:0E:13') ('RSSI', -64)
Data:  24:0A:C4:23:D9:B0 ('Channel', 5) ('Header', '48') ('MAC', 'B8:63:4D:A2:0E:13') ('RSSI', -51)
Data:  24:0A:C4:23:D9:B0 ('Channel', 5) ('Header', '48') ('MAC', 'B8:63:4D:A2:0E:13') ('RSSI', -51)
Data:  24:0A:C4:23:C1:EC ('Channel', 5) ('Header', '48') ('MAC', 'B8:63:4D:A2:0E:13') ('RSSI', -64)
Data:  24:0A:C4:23:C1:EC ('Channel', 5) ('Header', '48') ('MAC', 'B8:63:4D:A2:0E:13') ('RSSI', -64)
Data:  24:0A:C4:23:D9:B0 ('Channel', 5) ('Header', '48') ('MAC', 'B8:63:4D:A2:0E:13') ('RSSI', -51)
Data:  24:0A:C4:23:C1:EC ('Channel', 5) ('Header', '48') ('MAC', 'B8:63:4D:A2:0E:13') ('RSSI', -63)
Data:  24:0A:C4:23:D9:B0 ('Channel', 5) ('Header', '48') ('MAC', 'B8:63:4D:A2:0E:13') ('RSSI', -51)
Data:  24:0A:C4:23:D9:B0 ('Channel', 5) ('Header', '48') ('MAC', 'B8:63:4D:A2:0E:13') ('RSSI', -51)
Data:  24:0A:C4:23:C1:EC ('Channel', 5) ('Header', '48') ('MAC', 'B8:63:4D:A2:0E:13') ('RSSI', -64)
Data:  24:0A:C4:23:D9:B0 ('Channel', 5) ('Header', '48') ('MAC', 'B8:63:4D:A2:0E:13') ('RSSI', -51)
Data:  24:0A:C4:23:C1:EC ('Channel', 5) ('Header', '48') ('MAC', 'B8:63:4D:A2:0E:13') ('RSSI', -64)
Data:  24:0A:C4:23:D9:B0 ('Channel', 5) ('Header', '48') ('MAC', 'B8:63:4D:A2:0E:13') ('RSSI', -50)
Data:  24:0A:C4:23:C1:EC ('Channel', 5) ('Header', '48') ('MAC', 'B8:63:4D:A2:0E:13') ('RSSI', -63)
Data:  24:0A:C4:23:D9:B0 ('Channel', 5) ('Header', '48') ('MAC', 'B8:63:4D:A2:0E:13') ('RSSI', -51)
Data:  24:0A:C4:23:C1:EC ('Channel', 5) ('Header', '48') ('MAC', 'B8:63:4D:A2:0E:13') ('RSSI', -63)
Data:  24:0A:C4:23:D9:B0 ('Channel', 5) ('Header', '48') ('MAC', 'B8:63:4D:A2:0E:13') ('RSSI', -52)
Data:  24:0A:C4:23:C1:EC ('Channel', 5) ('Header', '48') ('MAC', 'B8:63:4D:A2:0E:13') ('RSSI', -65)
Data:  24:0A:C4:23:C1:EC ('Channel', 5) ('Header', '48') ('MAC', 'B8:63:4D:A2:0E:13') ('RSSI', -63)
Data:  24:0A:C4:23:C1:EC ('Channel', 5) ('Header', '48') ('MAC', 'B8:63:4D:A2:0E:13') ('RSSI', -64)
Data:  24:0A:C4:23:C1:EC ('Channel', 5) ('Header', '48') ('MAC', 'B8:63:4D:A2:0E:13') ('RSSI', -64)
Data:  24:0A:C4:23:C1:EC ('Channel', 5) ('Header', '48') ('MAC', 'B8:63:4D:A2:0E:13') ('RSSI', -63)
Data:  24:0A:C4:23:C1:EC ('Channel', 5) ('Header', '48') ('MAC', 'B8:63:4D:A2:0E:13') ('RSSI', -63)
Data:  24:0A:C4:23:C1:EC ('Channel', 5) ('Header', '48') ('MAC', 'B8:63:4D:A2:0E:13') ('RSSI', -63)
Data:  24:0A:C4:23:C1:EC ('Channel', 5) ('Header', '48') ('MAC', 'B8:63:4D:A2:0E:13') ('RSSI', -62)
Data:  24:0A:C4:23:C1:EC ('Channel', 5) ('Header', '48') ('MAC', 'B8:63:4D:A2:0E:13') ('RSSI', -65)
Data:  24:0A:C4:23:C1:EC ('Channel', 5) ('Header', '48') ('MAC', 'B8:63:4D:A2:0E:13') ('RSSI', -64)
Data:  24:0A:C4:23:C1:EC ('Channel', 5) ('Header', '48') ('MAC', 'B8:63:4D:A2:0E:13') ('RSSI', -64)
Data:  24:0A:C4:23:D9:B0 ('Channel', 5) ('Header', '48') ('MAC', 'B8:63:4D:A2:0E:13') ('RSSI', -50)
Data:  24:0A:C4:23:D9:B0 ('Channel', 5) ('Header', '48') ('MAC', 'B8:63:4D:A2:0E:13') ('RSSI', -51)
Data:  24:0A:C4:23:D9:B0 ('Channel', 5) ('Header', '48') ('MAC', 'B8:63:4D:A2:0E:13') ('RSSI', -51)
Data:  24:0A:C4:23:D9:B0 ('Channel', 5) ('Header', '48') ('MAC', 'B8:63:4D:A2:0E:13') ('RSSI', -51)
Data:  24:0A:C4:23:D9:B0 ('Channel', 5) ('Header', '48') ('MAC', 'B8:63:4D:A2:0E:13') ('RSSI', -50)
Data:  24:0A:C4:23:D9:B0 ('Channel', 5) ('Header', '48') ('MAC', 'B8:63:4D:A2:0E:13') ('RSSI', -50)
Data:  24:0A:C4:23:D9:B0 ('Channel', 5) ('Header', '48') ('MAC', 'B8:63:4D:A2:0E:13') ('RSSI', -50)
Data:  24:0A:C4:23:D9:B0 ('Channel', 5) ('Header', '48') ('MAC', 'B8:63:4D:A2:0E:13') ('RSSI', -51)
Data:  24:0A:C4:23:D9:B0 ('Channel', 5) ('Header', '48') ('MAC', 'B8:63:4D:A2:0E:13') ('RSSI', -51)
Data:  24:0A:C4:23:D9:B0 ('Channel', 5) ('Header', '48') ('MAC', 'B8:63:4D:A2:0E:13') ('RSSI', -51)
Data:  24:0A:C4:23:D9:B0 ('Channel', 5) ('Header', '48') ('MAC', 'B8:63:4D:A2:0E:13') ('RSSI', -51)
Data:  24:0A:C4:23:D9:B0 ('Channel', 5) ('Header', '48') ('MAC', 'B8:63:4D:A2:0E:13') ('RSSI', -51)
Data:  24:0A:C4:23:C1:EC ('Channel', 5) ('Header', '48') ('MAC', 'B8:63:4D:A2:0E:13') ('RSSI', -65)
Data:  24:0A:C4:23:D9:B0 ('Channel', 5) ('Header', '48') ('MAC', 'B8:63:4D:A2:0E:13') ('RSSI', -51)
Data:  24:0A:C4:23:C1:EC ('Channel', 5) ('Header', '48') ('MAC', 'B8:63:4D:A2:0E:13') ('RSSI', -65)
Data:  24:0A:C4:23:D9:B0 ('Channel', 5) ('Header', '48') ('MAC', 'B8:63:4D:A2:0E:13') ('RSSI', -51)
Data:  24:0A:C4:23:C1:EC ('Channel', 5) ('Header', '48') ('MAC', 'B8:63:4D:A2:0E:13') ('RSSI', -63)
Data:  24:0A:C4:23:D9:B0 ('Channel', 5) ('Header', '48') ('MAC', 'B8:63:4D:A2:0E:13') ('RSSI', -51)
Data:  24:0A:C4:23:C1:EC ('Channel', 5) ('Header', '48') ('MAC', 'B8:63:4D:A2:0E:13') ('RSSI', -63)
Data:  24:0A:C4:23:C1:EC ('Channel', 5) ('Header', '48') ('MAC', 'B8:63:4D:A2:0E:13') ('RSSI', -65)
Data:  24:0A:C4:23:D9:B0 ('Channel', 5) ('Header', '48') ('MAC', 'B8:63:4D:A2:0E:13') ('RSSI', -50)
Data:  24:0A:C4:23:D9:B0 ('Channel', 5) ('Header', '48') ('MAC', 'B8:63:4D:A2:0E:13') ('RSSI', -51)
Data:  24:0A:C4:23:C1:EC ('Channel', 5) ('Header', '48') ('MAC', 'B8:63:4D:A2:0E:13') ('RSSI', -62)
Data:  24:0A:C4:23:D9:B0 ('Channel', 5) ('Header', '48') ('MAC', 'B8:63:4D:A2:0E:13') ('RSSI', -50)
Data:  24:0A:C4:23:C1:EC ('Channel', 5) ('Header', '48') ('MAC', 'B8:63:4D:A2:0E:13') ('RSSI', -64)
Data:  24:0A:C4:23:D9:B0 ('Channel', 5) ('Header', '48') ('MAC', 'B8:63:4D:A2:0E:13') ('RSSI', -51)
Summary:  3C:71:BF:99:F9:E0 789 {}
Summary:  24:0A:C4:23:D9:B0 670 {'B8:63:4D:A2:0E:13': -50.7}
Summary:  24:0A:C4:23:C1:EC 1348 {'B8:63:4D:A2:0E:13': -63.7}
Data:  24:0A:C4:23:C1:EC ('Channel', 5) ('Header', '48') ('MAC', 'B8:63:4D:A2:0E:13') ('RSSI', -63)
Data:  24:0A:C4:23:D9:B0 ('Channel', 5) ('Header', '48') ('MAC', 'B8:63:4D:A2:0E:13') ('RSSI', -50)
Data:  24:0A:C4:23:D9:B0 ('Channel', 5) ('Header', '48') ('MAC', 'B8:63:4D:A2:0E:13') ('RSSI', -51)
Data:  24:0A:C4:23:C1:EC ('Channel', 5) ('Header', '48') ('MAC', 'B8:63:4D:A2:0E:13') ('RSSI', -62)
Data:  24:0A:C4:23:D9:B0 ('Channel', 5) ('Header', '48') ('MAC', 'B8:63:4D:A2:0E:13') ('RSSI', -50)
Data:  24:0A:C4:23:C1:EC ('Channel', 5) ('Header', '48') ('MAC', 'B8:63:4D:A2:0E:13') ('RSSI', -61)
Data:  24:0A:C4:23:D9:B0 ('Channel', 5) ('Header', '48') ('MAC', 'B8:63:4D:A2:0E:13') ('RSSI', -49)
Data:  24:0A:C4:23:C1:EC ('Channel', 5) ('Header', '48') ('MAC', 'B8:63:4D:A2:0E:13') ('RSSI', -64)
Data:  24:0A:C4:23:D9:B0 ('Channel', 5) ('Header', '48') ('MAC', 'B8:63:4D:A2:0E:13') ('RSSI', -51)
Data:  24:0A:C4:23:C1:EC ('Channel', 5) ('Header', '48') ('MAC', 'B8:63:4D:A2:0E:13') ('RSSI', -63)
Data:  24:0A:C4:23:C1:EC ('Channel', 5) ('Header', '48') ('MAC', 'B8:63:4D:A2:0E:13') ('RSSI', -66)
Data:  24:0A:C4:23:C1:EC ('Channel', 5) ('Header', '48') ('MAC', 'B8:63:4D:A2:0E:13') ('RSSI', -63)
Data:  24:0A:C4:23:C1:EC ('Channel', 5) ('Header', '48') ('MAC', 'B8:63:4D:A2:0E:13') ('RSSI', -63)
Data:  24:0A:C4:23:C1:EC ('Channel', 5) ('Header', '48') ('MAC', 'B8:63:4D:A2:0E:13') ('RSSI', -64)
Data:  24:0A:C4:23:D9:B0 ('Channel', 5) ('Header', '48') ('MAC', 'B8:63:4D:A2:0E:13') ('RSSI', -51)
Data:  24:0A:C4:23:C1:EC ('Channel', 5) ('Header', '48') ('MAC', 'B8:63:4D:A2:0E:13') ('RSSI', -63)
Data:  24:0A:C4:23:D9:B0 ('Channel', 5) ('Header', '48') ('MAC', 'B8:63:4D:A2:0E:13') ('RSSI', -52)
Data:  24:0A:C4:23:C1:EC ('Channel', 5) ('Header', '48') ('MAC', 'B8:63:4D:A2:0E:13') ('RSSI', -62)
Data:  24:0A:C4:23:D9:B0 ('Channel', 5) ('Header', '48') ('MAC', 'B8:63:4D:A2:0E:13') ('RSSI', -51)
Data:  24:0A:C4:23:D9:B0 ('Channel', 5) ('Header', '48') ('MAC', 'B8:63:4D:A2:0E:13') ('RSSI', -51)
Data:  24:0A:C4:23:D9:B0 ('Channel', 5) ('Header', '48') ('MAC', 'B8:63:4D:A2:0E:13') ('RSSI', -51)
Data:  24:0A:C4:23:D9:B0 ('Channel', 5) ('Header', '48') ('MAC', 'B8:63:4D:A2:0E:13') ('RSSI', -50)
Data:  24:0A:C4:23:D9:B0 ('Channel', 5) ('Header', '48') ('MAC', 'B8:63:4D:A2:0E:13') ('RSSI', -50)
Data:  24:0A:C4:23:C1:EC ('Channel', 5) ('Header', '48') ('MAC', 'B8:63:4D:A2:0E:13') ('RSSI', -63)
Data:  24:0A:C4:23:D9:B0 ('Channel', 5) ('Header', '48') ('MAC', 'B8:63:4D:A2:0E:13') ('RSSI', -50)
Data:  24:0A:C4:23:C1:EC ('Channel', 5) ('Header', '48') ('MAC', 'B8:63:4D:A2:0E:13') ('RSSI', -64)
Data:  24:0A:C4:23:C1:EC ('Channel', 5) ('Header', '48') ('MAC', 'B8:63:4D:A2:0E:13') ('RSSI', -64)
Data:  24:0A:C4:23:D9:B0 ('Channel', 5) ('Header', '48') ('MAC', 'B8:63:4D:A2:0E:13') ('RSSI', -51)
Data:  24:0A:C4:23:D9:B0 ('Channel', 5) ('Header', '48') ('MAC', 'B8:63:4D:A2:0E:13') ('RSSI', -51)
Data:  24:0A:C4:23:C1:EC ('Channel', 5) ('Header', '48') ('MAC', 'B8:63:4D:A2:0E:13') ('RSSI', -63)
Data:  24:0A:C4:23:D9:B0 ('Channel', 5) ('Header', '48') ('MAC', 'B8:63:4D:A2:0E:13') ('RSSI', -51)
Data:  24:0A:C4:23:C1:EC ('Channel', 5) ('Header', '48') ('MAC', 'B8:63:4D:A2:0E:13') ('RSSI', -63)
Data:  24:0A:C4:23:D9:B0 ('Channel', 5) ('Header', '48') ('MAC', 'B8:63:4D:A2:0E:13') ('RSSI', -51)
Data:  24:0A:C4:23:D9:B0 ('Channel', 5) ('Header', '48') ('MAC', 'B8:63:4D:A2:0E:13') ('RSSI', -51)
Data:  24:0A:C4:23:C1:EC ('Channel', 5) ('Header', '48') ('MAC', 'B8:63:4D:A2:0E:13') ('RSSI', -63)
Data:  24:0A:C4:23:D9:B0 ('Channel', 5) ('Header', '48') ('MAC', 'B8:63:4D:A2:0E:13') ('RSSI', -51)
Data:  24:0A:C4:23:C1:EC ('Channel', 5) ('Header', '48') ('MAC', 'B8:63:4D:A2:0E:13') ('RSSI', -63)
Data:  24:0A:C4:23:D9:B0 ('Channel', 5) ('Header', '48') ('MAC', 'B8:63:4D:A2:0E:13') ('RSSI', -51)
Data:  24:0A:C4:23:C1:EC ('Channel', 5) ('Header', '48') ('MAC', 'B8:63:4D:A2:0E:13') ('RSSI', -64)
Data:  24:0A:C4:23:D9:B0 ('Channel', 5) ('Header', '48') ('MAC', 'B8:63:4D:A2:0E:13') ('RSSI', -51)
Data:  24:0A:C4:23:C1:EC ('Channel', 5) ('Header', '48') ('MAC', 'B8:63:4D:A2:0E:13') ('RSSI', -63)
Data:  24:0A:C4:23:D9:B0 ('Channel', 5) ('Header', '48') ('MAC', 'B8:63:4D:A2:0E:13') ('RSSI', -51)
Data:  24:0A:C4:23:D9:B0 ('Channel', 5) ('Header', '48') ('MAC', 'B8:63:4D:A2:0E:13') ('RSSI', -50)
Data:  24:0A:C4:23:C1:EC ('Channel', 5) ('Header', '48') ('MAC', 'B8:63:4D:A2:0E:13') ('RSSI', -63)
Data:  24:0A:C4:23:D9:B0 ('Channel', 5) ('Header', '48') ('MAC', 'B8:63:4D:A2:0E:13') ('RSSI', -51)
Data:  24:0A:C4:23:C1:EC ('Channel', 5) ('Header', '48') ('MAC', 'B8:63:4D:A2:0E:13') ('RSSI', -64)
Data:  24:0A:C4:23:C1:EC ('Channel', 5) ('Header', '48') ('MAC', 'B8:63:4D:A2:0E:13') ('RSSI', -63)
Data:  24:0A:C4:23:D9:B0 ('Channel', 5) ('Header', '48') ('MAC', 'B8:63:4D:A2:0E:13') ('RSSI', -51)
Data:  24:0A:C4:23:C1:EC ('Channel', 5) ('Header', '48') ('MAC', 'B8:63:4D:A2:0E:13') ('RSSI', -63)
Data:  24:0A:C4:23:D9:B0 ('Channel', 5) ('Header', '48') ('MAC', 'B8:63:4D:A2:0E:13') ('RSSI', -51)
Data:  24:0A:C4:23:C1:EC ('Channel', 5) ('Header', '48') ('MAC', 'B8:63:4D:A2:0E:13') ('RSSI', -63)
Data:  24:0A:C4:23:D9:B0 ('Channel', 5) ('Header', '48') ('MAC', 'B8:63:4D:A2:0E:13') ('RSSI', -51)
Data:  24:0A:C4:23:C1:EC ('Channel', 5) ('Header', '48') ('MAC', 'B8:63:4D:A2:0E:13') ('RSSI', -63)
Data:  24:0A:C4:23:D9:B0 ('Channel', 5) ('Header', '48') ('MAC', 'B8:63:4D:A2:0E:13') ('RSSI', -51)
Data:  24:0A:C4:23:C1:EC ('Channel', 5) ('Header', '48') ('MAC', 'B8:63:4D:A2:0E:13') ('RSSI', -64)
Data:  24:0A:C4:23:D9:B0 ('Channel', 5) ('Header', '48') ('MAC', 'B8:63:4D:A2:0E:13') ('RSSI', -51)
Data:  24:0A:C4:23:D9:B0 ('Channel', 5) ('Header', '48') ('MAC', 'B8:63:4D:A2:0E:13') ('RSSI', -50)
Data:  24:0A:C4:23:C1:EC ('Channel', 5) ('Header', '48') ('MAC', 'B8:63:4D:A2:0E:13') ('RSSI', -63)
Data:  24:0A:C4:23:D9:B0 ('Channel', 5) ('Header', '48') ('MAC', 'B8:63:4D:A2:0E:13') ('RSSI', -50)
Data:  24:0A:C4:23:C1:EC ('Channel', 5) ('Header', '48') ('MAC', 'B8:63:4D:A2:0E:13') ('RSSI', -63)
Data:  24:0A:C4:23:C1:EC ('Channel', 5) ('Header', '48') ('MAC', 'B8:63:4D:A2:0E:13') ('RSSI', -62)
Data:  24:0A:C4:23:D9:B0 ('Channel', 5) ('Header', '48') ('MAC', 'B8:63:4D:A2:0E:13') ('RSSI', -50)
Data:  24:0A:C4:23:C1:EC ('Channel', 5) ('Header', '48') ('MAC', 'B8:63:4D:A2:0E:13') ('RSSI', -63)
Data:  24:0A:C4:23:D9:B0 ('Channel', 5) ('Header', '48') ('MAC', 'B8:63:4D:A2:0E:13') ('RSSI', -51)
Data:  24:0A:C4:23:C1:EC ('Channel', 5) ('Header', '48') ('MAC', 'B8:63:4D:A2:0E:13') ('RSSI', -64)
Data:  24:0A:C4:23:D9:B0 ('Channel', 5) ('Header', '48') ('MAC', 'B8:63:4D:A2:0E:13') ('RSSI', -51)
Data:  24:0A:C4:23:C1:EC ('Channel', 5) ('Header', '48') ('MAC', 'B8:63:4D:A2:0E:13') ('RSSI', -64)
Data:  24:0A:C4:23:D9:B0 ('Channel', 5) ('Header', '48') ('MAC', 'B8:63:4D:A2:0E:13') ('RSSI', -51)
Data:  24:0A:C4:23:C1:EC ('Channel', 5) ('Header', '48') ('MAC', 'B8:63:4D:A2:0E:13') ('RSSI', -64)
Summary:  3C:71:BF:99:F9:E0 789 {}
Summary:  24:0A:C4:23:D9:B0 670 {'B8:63:4D:A2:0E:13': -50.7}
Summary:  24:0A:C4:23:C1:EC 1348 {'B8:63:4D:A2:0E:13': -63.2}
Data:  24:0A:C4:23:D9:B0 ('Channel', 5) ('Header', '48') ('MAC', 'B8:63:4D:A2:0E:13') ('RSSI', -51)
Data:  24:0A:C4:23:C1:EC ('Channel', 5) ('Header', '48') ('MAC', 'B8:63:4D:A2:0E:13') ('RSSI', -63)
Data:  24:0A:C4:23:D9:B0 ('Channel', 5) ('Header', '48') ('MAC', 'B8:63:4D:A2:0E:13') ('RSSI', -51)
Data:  24:0A:C4:23:C1:EC ('Channel', 5) ('Header', '48') ('MAC', 'B8:63:4D:A2:0E:13') ('RSSI', -63)
Data:  24:0A:C4:23:D9:B0 ('Channel', 5) ('Header', '48') ('MAC', 'B8:63:4D:A2:0E:13') ('RSSI', -51)
Data:  24:0A:C4:23:C1:EC ('Channel', 5) ('Header', '48') ('MAC', 'B8:63:4D:A2:0E:13') ('RSSI', -64)
Data:  24:0A:C4:23:D9:B0 ('Channel', 5) ('Header', '48') ('MAC', 'B8:63:4D:A2:0E:13') ('RSSI', -51)
Data:  24:0A:C4:23:D9:B0 ('Channel', 5) ('Header', '48') ('MAC', 'B8:63:4D:A2:0E:13') ('RSSI', -51)
Data:  24:0A:C4:23:D9:B0 ('Channel', 5) ('Header', '48') ('MAC', 'B8:63:4D:A2:0E:13') ('RSSI', -51)
Data:  24:0A:C4:23:C1:EC ('Channel', 5) ('Header', '48') ('MAC', 'B8:63:4D:A2:0E:13') ('RSSI', -63)
Data:  24:0A:C4:23:C1:EC ('Channel', 5) ('Header', '48') ('MAC', 'B8:63:4D:A2:0E:13') ('RSSI', -64)
Data:  24:0A:C4:23:C1:EC ('Channel', 5) ('Header', '48') ('MAC', 'B8:63:4D:A2:0E:13') ('RSSI', -64)
Data:  24:0A:C4:23:D9:B0 ('Channel', 5) ('Header', '48') ('MAC', 'B8:63:4D:A2:0E:13') ('RSSI', -51)
Data:  24:0A:C4:23:C1:EC ('Channel', 5) ('Header', '48') ('MAC', 'B8:63:4D:A2:0E:13') ('RSSI', -63)
Data:  24:0A:C4:23:D9:B0 ('Channel', 5) ('Header', '48') ('MAC', 'B8:63:4D:A2:0E:13') ('RSSI', -50)
Data:  24:0A:C4:23:C1:EC ('Channel', 5) ('Header', '48') ('MAC', 'B8:63:4D:A2:0E:13') ('RSSI', -63)
Data:  24:0A:C4:23:D9:B0 ('Channel', 5) ('Header', '48') ('MAC', 'B8:63:4D:A2:0E:13') ('RSSI', -51)
Data:  24:0A:C4:23:C1:EC ('Channel', 5) ('Header', '48') ('MAC', 'B8:63:4D:A2:0E:13') ('RSSI', -64)
Data:  24:0A:C4:23:D9:B0 ('Channel', 5) ('Header', '48') ('MAC', 'B8:63:4D:A2:0E:13') ('RSSI', -51)
Data:  24:0A:C4:23:D9:B0 ('Channel', 5) ('Header', '48') ('MAC', 'B8:63:4D:A2:0E:13') ('RSSI', -51)
Data:  24:0A:C4:23:C1:EC ('Channel', 5) ('Header', '48') ('MAC', 'B8:63:4D:A2:0E:13') ('RSSI', -64)
Data:  24:0A:C4:23:C1:EC ('Channel', 5) ('Header', '48') ('MAC', 'B8:63:4D:A2:0E:13') ('RSSI', -63)
Data:  24:0A:C4:23:D9:B0 ('Channel', 5) ('Header', '48') ('MAC', 'B8:63:4D:A2:0E:13') ('RSSI', -50)
Data:  24:0A:C4:23:D9:B0 ('Channel', 5) ('Header', '48') ('MAC', 'B8:63:4D:A2:0E:13') ('RSSI', -51)
Data:  24:0A:C4:23:C1:EC ('Channel', 5) ('Header', '48') ('MAC', 'B8:63:4D:A2:0E:13') ('RSSI', -64)
Data:  24:0A:C4:23:D9:B0 ('Channel', 5) ('Header', '48') ('MAC', 'B8:63:4D:A2:0E:13') ('RSSI', -51)
Data:  24:0A:C4:23:C1:EC ('Channel', 5) ('Header', '48') ('MAC', 'B8:63:4D:A2:0E:13') ('RSSI', -65)
Data:  24:0A:C4:23:C1:EC ('Channel', 5) ('Header', '48') ('MAC', 'B8:63:4D:A2:0E:13') ('RSSI', -64)
Data:  24:0A:C4:23:D9:B0 ('Channel', 5) ('Header', '48') ('MAC', 'B8:63:4D:A2:0E:13') ('RSSI', -51)
Data:  24:0A:C4:23:C1:EC ('Channel', 5) ('Header', '48') ('MAC', 'B8:63:4D:A2:0E:13') ('RSSI', -62)
Data:  24:0A:C4:23:D9:B0 ('Channel', 5) ('Header', '48') ('MAC', 'B8:63:4D:A2:0E:13') ('RSSI', -50)
Data:  24:0A:C4:23:C1:EC ('Channel', 5) ('Header', '48') ('MAC', 'B8:63:4D:A2:0E:13') ('RSSI', -62)
Data:  24:0A:C4:23:C1:EC ('Channel', 5) ('Header', '48') ('MAC', 'B8:63:4D:A2:0E:13') ('RSSI', -63)
Data:  24:0A:C4:23:D9:B0