Data:  24:0A:C4:23:D9:B0 ('Channel', 4) ('Header', '48') ('MAC', 'B8:63:4D:A2:0E:13') ('RSSI', -58)
Data:  24:0A:C4:23:D9:B0 ('Channel', 4) ('Header', '48') ('MAC', 'B8:63:4D:A2:0E:13') ('RSSI', -58)
Data:  24:0A:C4:23:C1:EC ('Channel', 4) ('Header', '48') ('MAC', 'B8:63:4D:A2:0E:13') ('RSSI', -58)
Data:  24:0A:C4:23:C1:EC ('Channel', 4) ('Header', '48') ('MAC', 'B8:63:4D:A2:0E:13') ('RSSI', -59)
Data:  3C:71:BF:99:F9:E0 ('Channel', 4) ('Header', '48') ('MAC', 'B8:63:4D:A2:0E:13') ('RSSI', -64)
Data:  3C:71:BF:99:F9:E0 ('Channel', 4) ('Header', '48') ('MAC', 'B8:63:4D:A2:0E:13') ('RSSI', -65)
Data:  24:0A:C4:23:D9:B0 ('Channel', 4) ('Header', '48') ('MAC', 'B8:63:4D:A2:0E:13') ('RSSI', -58)
Data:  3C:71:BF:99:F9:E0 ('Channel', 4) ('Header', '48') ('MAC', 'B8:63:4D:A2:0E:13') ('RSSI', -63)
Data:  24:0A:C4:23:C1:EC ('Channel', 4) ('Header', '48') ('MAC', 'B8:63:4D:A2:0E:13') ('RSSI', -57)
Data:  24:0A:C4:23:D9:B0 ('Channel', 4) ('Header', '48') ('MAC', 'B8:63:4D:A2:0E:13') ('RSSI', -58)
Data:  3C:71:BF:99:F9:E0 ('Channel', 4) ('Header', '48') ('MAC', 'B8:63:4D:A2:0E:13') ('RSSI', -65)
Data:  24:0A:C4:23:C1:EC ('Channel', 4) ('Header', '48') ('MAC', 'B8:63:4D:A2:0E:13') ('RSSI', -59)
Data:  24:0A:C4:23:D9:B0 ('Channel', 4) ('Header', '48') ('MAC', 'B8:63:4D:A2:0E:13') ('RSSI', -56)
Data:  24:0A:C4:23:C1:EC ('Channel', 4) ('Header', '48') ('MAC', 'B8:63:4D:A2:0E:13') ('RSSI', -56)
Data:  3C:71:BF:99:F9:E0 ('Channel', 4) ('Header', '48') ('MAC', 'B8:63:4D:A2:0E:13') ('RSSI', -63)
Data:  24:0A:C4:23:D9:B0 ('Channel', 4) ('Header', '48') ('MAC', 'B8:63:4D:A2:0E:13') ('RSSI', -58)
Data:  24:0A:C4:23:C1:EC ('Channel', 4) ('Header', '48') ('MAC', 'B8:63:4D:A2:0E:13') ('RSSI', -56)
Data:  3C:71:BF:99:F9:E0 ('Channel', 4) ('Header', '48') ('MAC', 'B8:63:4D:A2:0E:13') ('RSSI', -62)
Data:  3C:71:BF:99:F9:E0 ('Channel', 4) ('Header', '48') ('MAC', 'B8:63:4D:A2:0E:13') ('RSSI', -62)
Data:  24:0A:C4:23:C1:EC ('Channel', 4) ('Header', '48') ('MAC', 'B8:63:4D:A2:0E:13') ('RSSI', -56)
Data:  24:0A:C4:23:D9:B0 ('Channel', 4) ('Header', '48') ('MAC', 'B8:63:4D:A2:0E:13') ('RSSI', -57)
Data:  24:0A:C4:23:C1:EC ('Channel', 4) ('Header', '48') ('MAC', 'B8:63:4D:A2:0E:13') ('RSSI', -59)
Data:  24:0A:C4:23:D9:B0 ('Channel', 4) ('Header', '48') ('MAC', 'B8:63:4D:A2:0E:13') ('RSSI', -57)
Data:  3C:71:BF:99:F9:E0 ('Channel', 4) ('Header', '48') ('MAC', 'B8:63:4D:A2:0E:13') ('RSSI', -67)
Data:  24:0A:C4:23:C1:EC ('Channel', 4) ('Header', '48') ('MAC', 'B8:63:4D:A2:0E:13') ('RSSI', -59)
Data:  24:0A:C4:23:D9:B0 ('Channel', 4) ('Header', '48') ('MAC', 'B8:63:4D:A2:0E:13') ('RSSI', -57)
Data:  3C:71:BF:99:F9:E0 ('Channel', 4) ('Header', '48') ('MAC', 'B8:63:4D:A2:0E:13') ('RSSI', -66)
Data:  24:0A:C4:23:D9:B0 ('Channel', 4) ('Header', '48') ('MAC', 'B8:63:4D:A2:0E:13') ('RSSI', -58)
Data:  3C:71:BF:99:F9:E0 ('Channel', 4) ('Header', '48') ('MAC', 'B8:63:4D:A2:0E:13') ('RSSI', -61)
Data:  24:0A:C4:23:C1:EC ('Channel', 4) ('Header', '48') ('MAC', 'B8:63:4D:A2:0E:13') ('RSSI', -57)
Data:  3C:71:BF:99:F9:E0 ('Channel', 4) ('Header', '48') ('MAC', 'B8:63:4D:A2:0E:13') ('RSSI', -62)
Data:  24:0A:C4:23:C1:EC ('Channel', 4) ('Header', '48') ('MAC', 'B8:63:4D:A2:0E:13') ('RSSI', -57)
Data:  24:0A:C4:23:D9:B0 ('Channel', 4) ('Header', '48') ('MAC', 'B8:63:4D:A2:0E:13') ('RSSI', -58)
Data:  24:0A:C4:23:C1:EC ('Channel', 4) ('Header', '48') ('MAC', 'B8:63:4D:A2:0E:13') ('RSSI', -59)
Data:  24:0A:C4:23:D9:B0 ('Channel', 4) ('Header', '48') ('MAC', 'B8:63:4D:A2:0E:13') ('RSSI', -58)
Data:  3C:71:BF:99:F9:E0 ('Channel', 4) ('Header', '48') ('MAC', 'B8:63:4D:A2:0E:13') ('RSSI', -66)
Data:  24:0A:C4:23:D9:B0 ('Channel', 4) ('Header', '48') ('MAC', 'B8:63:4D:A2:0E:13') ('RSSI', -58)
Data:  24:0A:C4:23:C1:EC ('Channel', 4) ('Header', '48') ('MAC', 'B8:63:4D:A2:0E:13') ('RSSI', -58)
Data:  3C:71:BF:99:F9:E0 ('Channel', 4) ('Header', '48') ('MAC', 'B8:63:4D:A2:0E:13') ('RSSI', -66)
Data:  24:0A:C4:23:C1:EC ('Channel', 4) ('Header', '48') ('MAC', 'B8:63:4D:A2:0E:13') ('RSSI', -61)
Data:  3C:71:BF:99:F9:E0 ('Channel', 4) ('Header', '48') ('MAC', 'B8:63:4D:A2:0E:13') ('RSSI', -64)
Data:  24:0A:C4:23:D9:B0 ('Channel', 4) ('Header', '48') ('MAC', 'B8:63:4D:A2:0E:13') ('RSSI', -59)
Data:  24:0A:C4:23:D9:B0 ('Channel', 4) ('Header', '48') ('MAC', 'B8:63:4D:A2:0E:13') ('RSSI', -58)
Data:  24:0A:C4:23:C1:EC ('Channel', 4) ('Header', '48') ('MAC', 'B8:63:4D:A2:0E:13') ('RSSI', -61)
Data:  3C:71:BF:99:F9:E0 ('Channel', 4) ('Header', '48') ('MAC', 'B8:63:4D:A2:0E:13') ('RSSI', -65)
Data:  24:0A:C4:23:D9:B0 ('Channel', 4) ('Header', '48') ('MAC', 'B8:63:4D:A2:0E:13') ('RSSI', -59)
Data:  3C:71:BF:99:F9:E0 ('Channel', 4) ('Header', '48') ('MAC', 'B8:63:4D:A2:0E:13') ('RSSI', -64)
Data:  24:0A:C4:23:C1:EC ('Channel', 4) ('Header', '48') ('MAC', 'B8:63:4D:A2:0E:13') ('RSSI', -57)
Data:  24:0A:C4:23:C1:EC ('Channel', 4) ('Header', '48') ('MAC', 'B8:63:4D:A2:0E:13') ('RSSI', -58)
Data:  24:0A:C4:23:D9:B0 ('Channel', 4) ('Header', '48') ('MAC', 'B8:63:4D:A2:0E:13') ('RSSI', -59)
Data:  3C:71:BF:99:F9:E0 ('Channel', 4) ('Header', '48') ('MAC', 'B8:63:4D:A2:0E:13') ('RSSI', -64)
Data:  3C:71:BF:99:F9:E0 ('Channel', 4) ('Header', '48') ('MAC', 'B8:63:4D:A2:0E:13') ('RSSI', -63)
Data:  24:0A:C4:23:C1:EC ('Channel', 4) ('Header', '48') ('MAC', 'B8:63:4D:A2:0E:13') ('RSSI', -60)
Data:  24:0A:C4:23:D9:B0 ('Channel', 4) ('Header', '48') ('MAC', 'B8:63:4D:A2:0E:13') ('RSSI', -58)
Data:  3C:71:BF:99:F9:E0 ('Channel', 4) ('Header', '48') ('MAC', 'B8:63:4D:A2:0E:13') ('RSSI', -63)
Data:  24:0A:C4:23:C1:EC ('Channel', 4) ('Header', '48') ('MAC', 'B8:63:4D:A2:0E:13') ('RSSI', -60)
Data:  24:0A:C4:23:D9:B0 ('Channel', 4) ('Header', '48') ('MAC', 'B8:63:4D:A2:0E:13') ('RSSI', -58)
Data:  3C:71:BF:99:F9:E0 ('Channel', 4) ('Header', '48') ('MAC', 'B8:63:4D:A2:0E:13') ('RSSI', -64)
Data:  24:0A:C4:23:C1:EC ('Channel', 4) ('Header', '48') ('MAC', 'B8:63:4D:A2:0E:13') ('RSSI', -60)
Data:  24:0A:C4:23:D9:B0 ('Channel', 4) ('Header', '48') ('MAC', 'B8:63:4D:A2:0E:13') ('RSSI', -58)
Data:  24:0A:C4:23:C1:EC ('Channel', 4) ('Header', '48') ('MAC', 'B8:63:4D:A2:0E:13') ('RSSI', -60)
Data:  24:0A:C4:23:D9:B0 ('Channel', 4) ('Header', '48') ('MAC', 'B8:63:4D:A2:0E:13') ('RSSI', -58)
Data:  3C:71:BF:99:F9:E0 ('Channel', 4) ('Header', '48') ('MAC', 'B8:63:4D:A2:0E:13') ('RSSI', -63)
Data:  3C:71:BF:99:F9:E0 ('Channel', 4) ('Header', '48') ('MAC', 'B8:63:4D:A2:0E:13') ('RSSI', -63)
Data:  24:0A:C4:23:C1:EC ('Channel', 4) ('Header', '48') ('MAC', 'B8:63:4D:A2:0E:13') ('RSSI', -60)
Data:  24:0A:C4:23:D9:B0 ('Channel', 4) ('Header', '48') ('MAC', 'B8:63:4D:A2:0E:13') ('RSSI', -58)
Data:  3C:71:BF:99:F9:E0 ('Channel', 4) ('Header', '48') ('MAC', 'B8:63:4D:A2:0E:13') ('RSSI', -71)
Data:  24:0A:C4:23:C1:EC ('Channel', 4) ('Header', '48') ('MAC', 'B8:63:4D:A2:0E:13') ('RSSI', -63)
Data:  24:0A:C4:23:D9:B0 ('Channel', 4) ('Header', '48') ('MAC', 'B8:63:4D:A2:0E:13') ('RSSI', -59)
Data:  3C:71:BF:99:F9:E0 ('Channel', 4) ('Header', '48') ('MAC', 'B8:63:4D:A2:0E:13') ('RSSI', -64)
Summary:  24:0A:C4:23:D9:B0 538 {'B8:63:4D:A2:0E:13': -58.0}
Summary:  24:0A:C4:23:C1:EC 784 {'B8:63:4D:A2:0E:13': -58.7}
Summary:  3C:71:BF:99:F9:E0 1316 {'B8:63:4D:A2:0E:13': -64.2}
Data:  24:0A:C4:23:D9:B0 ('Channel', 4) ('Header', '48') ('MAC', 'B8:63:4D:A2:0E:13') ('RSSI', -58)
Data:  24:0A:C4:23:C1:EC ('Channel', 4) ('Header', '48') ('MAC', 'B8:63:4D:A2:0E:13') ('RSSI', -61)
Data:  3C:71:BF:99:F9:E0 ('Channel', 4) ('Header', '48') ('MAC', 'B8:63:4D:A2:0E:13') ('RSSI', -64)
Data:  24:0A:C4:23:C1:EC ('Channel', 4) ('Header', '48') ('MAC', 'B8:63:4D:A2:0E:13') ('RSSI', -60)
Data:  24:0A:C4:23:D9:B0 ('Channel', 4) ('Header', '48') ('MAC', 'B8:63:4D:A2:0E:13') ('RSSI', -58)
Data:  24:0A:C4:23:D9:B0 ('Channel', 4) ('Header', '48') ('MAC', 'B8:63:4D:A2:0E:13') ('RSSI', -59)
Data:  3C:71:BF:99:F9:E0 ('Channel', 4) ('Header', '48') ('MAC', 'B8:63:4D:A2:0E:13') ('RSSI', -63)
Data:  24:0A:C4:23:C1:EC ('Channel', 4) ('Header', '48') ('MAC', 'B8:63:4D:A2:0E:13') ('RSSI', -60)
Data:  24:0A:C4:23:C1:EC ('Channel', 4) ('Header', '48') ('MAC', 'B8:63:4D:A2:0E:13') ('RSSI', -60)
Data:  24:0A:C4:23:D9:B0 ('Channel', 4) ('Header', '48') ('MAC', 'B8:63:4D:A2:0E:13') ('RSSI', -58)
Data:  3C:71:BF:99:F9:E0 ('Channel', 4) ('Header', '48') ('MAC', 'B8:63:4D:A2:0E:13') ('RSSI', -63)
Data:  24:0A:C4:23:C1:EC ('Channel', 4) ('Header', '48') ('MAC', 'B8:63:4D:A2:0E:13') ('RSSI', -60)
Data:  24:0A:C4:23:D9:B0 ('Channel', 4) ('Header', '48') ('MAC', 'B8:63:4D:A2:0E:13') ('RSSI', -58)
Data:  3C:71:BF:99:F9:E0 ('Channel', 4) ('Header', '48') ('MAC', 'B8:63:4D:A2:0E:13') ('RSSI', -63)
Data:  24:0A:C4:23:C1:EC ('Channel', 4) ('Header', '48') ('MAC', 'B8:63:4D:A2:0E:13') ('RSSI', -60)
Data:  3C:71:BF:99:F9:E0 ('Channel', 4) ('Header', '48') ('MAC', 'B8:63:4D:A2:0E:13') ('RSSI', -64)
Data:  24:0A:C4:23:D9:B0 ('Channel', 4) ('Header', '48') ('MAC', 'B8:63:4D:A2:0E:13') ('RSSI', -58)
Data:  3C:71:BF:99:F9:E0 ('Channel', 4) ('Header', '48') ('MAC', 'B8:63:4D:A2:0E:13') ('RSSI', -61)
Data:  24:0A:C4:23:C1:EC ('Channel', 4) ('Header', '48') ('MAC', 'B8:63:4D:A2:0E:13') ('RSSI', -74)
Data:  24:0A:C4:23:D9:B0 ('Channel', 4) ('Header', '48') ('MAC', 'B8:63:4D:A2:0E:13') ('RSSI', -57)
Data:  24:0A:C4:23:D9:B0 ('Channel', 4) ('Header', '48') ('MAC', 'B8:63:4D:A2:0E:13') ('RSSI', -58)
Data:  24:0A:C4:23:C1:EC ('Channel', 4) ('Header', '48') ('MAC', 'B8:63:4D:A2:0E:13') ('RSSI', -60)
Data:  24:0A:C4:23:C1:EC ('Channel', 4) ('Header', '48') ('MAC', 'B8:63:4D:A2:0E:13') ('RSSI', -59)
Data:  3C:71:BF:99:F9:E0 ('Channel', 4) ('Header', '48') ('MAC', 'B8:63:4D:A2:0E:13') ('RSSI', -63)
Data:  3C:71:BF:99:F9:E0 ('Channel', 4) ('Header', '48') ('MAC', 'B8:63:4D:A2:0E:13') ('RSSI', -64)
Data:  24:0A:C4:23:C1:EC ('Channel', 4) ('Header', '48') ('MAC', 'B8:63:4D:A2:0E:13') ('RSSI', -61)
Data:  24:0A:C4:23:D9:B0 ('Channel', 4) ('Header', '48') ('MAC', 'B8:63:4D:A2:0E:13') ('RSSI', -58)
Data:  24:0A:C4:23:C1:EC ('Channel', 4) ('Header', '48') ('MAC', 'B8:63:4D:A2:0E:13') ('RSSI', -59)
Data:  24:0A:C4:23:D9:B0 ('Channel', 4) ('Header', '48') ('MAC', 'B8:63:4D:A2:0E:13') ('RSSI', -58)
Data:  24:0A:C4:23:C1:EC ('Channel', 4) ('Header', '48') ('MAC', 'B8:63:4D:A2:0E:13') ('RSSI', -57)
Data:  24:0A:C4:23:D9:B0 ('Channel', 4) ('Header', '48') ('MAC', 'B8:63:4D:A2:0E:13') ('RSSI', -58)
Data:  24:0A:C4:23:C1:EC ('Channel', 4) ('Header', '48') ('MAC', 'B8:63:4D:A2:0E:13') ('RSSI', -58)
Data:  3C:71:BF:99:F9:E0 ('Channel', 4) ('Header', '48') ('MAC', 'B8:63:4D:A2:0E:13') ('RSSI', -61)
Data:  24:0A:C4:23:C1:EC ('Channel', 4) ('Header', '48') ('MAC', 'B8:63:4D:A2:0E:13') ('RSSI', -61)
Data:  24:0A:C4:23:D9:B0 ('Channel', 4) ('Header', '48') ('MAC', 'B8:63:4D:A2:0E:13') ('RSSI', -57)
Data:  3C:71:BF:99:F9:E0 ('Channel', 4) ('Header', '48') ('MAC', 'B8:63:4D:A2:0E:13') ('RSSI', -64)
Data:  24:0A:C4:23:C1:EC ('Channel', 4) ('Header', '48') ('MAC', 'B8:63:4D:A2:0E:13') ('RSSI', -60)
Data:  24:0A:C4:23:D9:B0 ('Channel', 4) ('Header', '48') ('MAC', 'B8:63:4D:A2:0E:13') ('RSSI', -58)
Data:  3C:71:BF:99:F9:E0 ('Channel', 4) ('Header', '48') ('MAC', 'B8:63:4D:A2:0E:13') ('RSSI', -65)
Data:  24:0A:C4:23:D9:B0 ('Channel', 4) ('Header', '48') ('MAC', 'B8:63:4D:A2:0E:13') ('RSSI', -57)
Data:  24:0A:C4:23:C1:EC ('Channel', 4) ('Header', '48') ('MAC', 'B8:63:4D:A2:0E:13') ('RSSI', -60)
Data:  24:0A:C4:23:D9:B0 ('Channel', 4) ('Header', '48') ('MAC', 'B8:63:4D:A2:0E:13') ('RSSI', -58)
Data:  24:0A:C4:23:C1:EC ('Channel', 4) ('Header', '48') ('MAC', 'B8:63:4D:A2:0E:13') ('RSSI', -59)
Data:  3C:71:BF:99:F9:E0 ('Channel', 4) ('Header', '48') ('MAC', 'B8:63:4D:A2:0E:13') ('RSSI', -65)
Data:  24:0A:C4:23:C1:EC ('Channel', 4) ('Header', '48') ('MAC', 'B8:63:4D:A2:0E:13') ('RSSI', -58)
Data:  24:0A:C4:23:D9:B0 ('Channel', 4) ('Header', '48') ('MAC', 'B8:63:4D:A2:0E:13') ('RSSI', -59)
Data:  3C:71:BF:99:F9:E0 ('Channel', 4) ('Header', '48') ('MAC', 'B8:63:4D:A2:0E:13') ('RSSI', -64)
Data:  3C:71:BF:99:F9:E0 ('Channel', 4) ('Header', '48') ('MAC', 'B8:63:4D:A2:0E:13') ('RSSI', -63)
Data:  24:0A:C4:23:D9:B0 ('Channel', 4) ('Header', '48') ('MAC', 'B8:63:4D:A2:0E:13') ('RSSI', -58)
Data:  24:0A:C4:23:C1:EC ('Channel', 4) ('Header', '48') ('MAC', 'B8:63:4D:A2:0E:13') ('RSSI', -58)
Data:  3C:71:BF:99:F9:E0 ('Channel', 4) ('Header', '48') ('MAC', 'B8:63:4D:A2:0E:13') ('RSSI', -63)
Data:  24:0A:C4:23:C1:EC ('Channel', 4) ('Header', '48') ('MAC', 'B8:63:4D:A2:0E:13') ('RSSI', -58)
Data:  24:0A:C4:23:D9:B0 ('Channel', 4) ('Header', '48') ('MAC', 'B8:63:4D:A2:0E:13') ('RSSI', -58)
Data:  3C:71:BF:99:F9:E0 ('Channel', 4) ('Header', '48') ('MAC', 'B8:63:4D:A2:0E:13') ('RSSI', -64)
Data:  24:0A:C4:23:C1:EC ('Channel', 4) ('Header', '48') ('MAC', 'B8:63:4D:A2:0E:13') ('RSSI', -59)
Data:  24:0A:C4:23:D9:B0 ('Channel', 4) ('Header', '48') ('MAC', 'B8:63:4D:A2:0E:13') ('RSSI', -59)
Data:  3C:71:BF:99:F9:E0 ('Channel', 4) ('Header', '48') ('MAC', 'B8:63:4D:A2:0E:13') ('RSSI', -64)
Data:  24:0A:C4:23:C1:EC ('Channel', 4) ('Header', '48') ('MAC', 'B8:63:4D:A2:0E:13') ('RSSI', -60)
Data:  24:0A:C4:23:D9:B0 ('Channel', 4) ('Header', '48') ('MAC', 'B8:63:4D:A2:0E:13') ('RSSI', -59)
Data:  24:0A:C4:23:D9:B0 ('Channel', 4) ('Header', '48') ('MAC', 'B8:63:4D:A2:0E:13') ('RSSI', -59)
Data:  24:0A:C4:23:C1:EC ('Channel', 4) ('Header', '48') ('MAC', 'B8:63:4D:A2:0E:13') ('RSSI', -59)
Data:  3C:71:BF:99:F9:E0 ('Channel', 4) ('Header', '48') ('MAC', 'B8:63:4D:A2:0E:13') ('RSSI', -64)
Summary:  24:0A:C4:23:D9:B0 538 {'B8:63:4D:A2:0E:13': -58.1}
Summary:  24:0A:C4:23:C1:EC 784 {'B8:63:4D:A2:0E:13': -60.1}
Summary:  3C:71:BF:99:F9:E0 1316 {'B8:63:4D:A2:0E:13': -63.4}
Data:  24:0A:C4:23:C1:EC ('Channel', 4) ('Header', '48') ('MAC', 'B8:63:4D:A2:0E:13') ('RSSI', -58)
Data:  24:0A:C4:23:C1:EC ('Channel', 4) ('Header', '48') ('MAC', 'B8:63:4D:A2:0E:13') ('RSSI', -72)
Data:  24:0A:C4:23:D9:B0 ('Channel', 4) ('Header', '48') ('MAC', 'B8:63:4D:A2:0E:13') ('RSSI', -59)
Data:  3C:71:BF:99:F9:E0 ('Channel', 4) ('Header', '48') ('MAC', 'B8:63:4D:A2:0E:13') ('RSSI', -64)
Data:  24:0A:C4:23:C1:EC ('Channel', 4) ('Header', '48') ('MAC', 'B8:63:4D:A2:0E:13') ('RSSI', -59)
Data:  24:0A:C4:23:C1:EC ('Channel', 4) ('Header', '48') ('MAC', 'B8:63:4D:A2:0E:13') ('RSSI', -74)
Data:  24:0A:C4:23:D9:B0 ('Channel', 4) ('Header', '48') ('MAC', 'B8:63:4D:A2:0E:13') ('RSSI', -59)
Data:  3C:71:BF:99:F9:E0 ('Channel', 4) ('Header', '48') ('MAC', 'B8:63:4D:A2:0E:13') ('RSSI', -64)
Data:  24:0A:C4:23:C1:EC ('Channel', 4) ('Header', '48') ('MAC', 'B8:63:4D:A2:0E:13') ('RSSI', -58)
Data:  24:0A:C4:23:C1:EC ('Channel', 4) ('Header', '48') ('MAC', 'B8:63:4D:A2:0E:13') ('RSSI', -58)
Data:  24:0A:C4:23:D9:B0 ('Channel', 4) ('Header', '48') ('MAC', 'B8:63:4D:A2:0E:13') ('RSSI', -59)
Data:  3C:71:BF:99:F9:E0 ('Channel', 4) ('Header', '48') ('MAC', 'B8:63:4D:A2:0E:13') ('RSSI', -64)
Data:  24:0A:C4:23:C1:EC ('Channel', 4) ('Header', '48') ('MAC', 'B8:63:4D:A2:0E:13') ('RSSI', -58)
Data:  24:0A:C4:23:C1:EC ('Channel', 4) ('Header', '48') ('MAC', 'B8:63:4D:A2:0E:13') ('RSSI', -62)
Data:  24:0A:C4:23:D9:B0 ('Channel', 4) ('Header', '48') ('MAC', 'B8:63:4D:A2:0E:13') ('RSSI', -60)
Data:  3C:71:BF:99:F9:E0 ('Channel', 4) ('Header', '48') ('MAC', 'B8:63:4D:A2:0E:13') ('RSSI', -72)
Data:  24:0A:C4:23:C1:EC ('Channel', 4) ('Header', '48') ('MAC', 'B8:63:4D:A2:0E:13') ('RSSI', -63)
Data:  24:0A:C4:23:D9:B0 ('Channel', 4) ('Header', '48') ('MAC', 'B8:63:4D:A2:0E:13') ('RSSI', -59)
Data:  24:0A:C4:23:C1:EC ('Channel', 4) ('Header', '48') ('MAC', 'B8:63:4D:A2:0E:13') ('RSSI', -60)
Data:  24:0A:C4:23:C1:EC ('Channel', 4) ('Header', '48') ('MAC', 'B8:63:4D:A2:0E:13') ('RSSI', -59)
Data:  24:0A:C4:23:D9:B0 ('Channel', 4) ('Header', '48') ('MAC', 'B8:63:4D:A2:0E:13') ('RSSI', -59)
Data:  24:0A:C4:23:C1:EC ('Channel', 4) ('Header', '48') ('MAC', 'B8:63:4D:A2:0E:13') ('RSSI', -59)
Data:  24:0A:C4:23:D9:B0 ('Channel', 4) ('Header', '48') ('MAC', 'B8:63:4D:A2:0E:13') ('RSSI', -58)
Data:  3C:71:BF:99:F9:E0 ('Channel', 4) ('Header', '48') ('MAC', 'B8:63:4D:A2:0E:13') ('RSSI', -64)
Data:  24:0A:C4:23:C1:EC ('Channel', 4) ('Header', '48') ('MAC', 'B8:63:4D:A2:0E:13') ('RSSI', -58)
Data:  24:0A:C4:23:D9:B0 ('Channel', 4) ('Header', '48') ('MAC', 'B8:63:4D:A2:0E:13') ('RSSI', -59)
Data:  24:0A:C4:23:C1:EC ('Channel', 4) ('Header', '48') ('MAC', 'B8:63:4D:A2:0E:13') ('RSSI', -57)
Data:  24:0A:C4:23:C1:EC ('Channel', 4) ('Header', '48') ('MAC', 'B8:63:4D:A2:0E:13') ('RSSI', -56)
Data:  3C:71:BF:99:F9:E0 ('Channel', 4) ('Header', '48') ('MAC', 'B8:63:4D:A2:0E:13') ('RSSI', -63)
Data:  24:0A:C4:23:D9:B0 ('Channel', 4) ('Header', '48') ('MAC', 'B8:63:4D:A2:0E:13') ('RSSI', -59)
Data:  24:0A:C4:23:C1:EC ('Channel', 4) ('Header', '48') ('MAC', 'B8:63:4D:A2:0E:13') ('RSSI', -58)
Data:  24:0A:C4:23:D9:B0 ('Channel', 4) ('Header', '48') ('MAC', 'B8:63:4D:A2:0E:13') ('RSSI', -58)
Data:  3C:71:BF:99:F9:E0 ('Channel', 4) ('Header', '48') ('MAC', 'B8:63:4D:A2:0E:13') ('RSSI', -64)
Data:  24:0A:C4:23:C1:EC ('Channel', 4) ('Header', '48') ('MAC', 'B8:63:4D:A2:0E:13') ('RSSI', -61)
Data:  24:0A:C4:23:D9:B0 ('Channel', 4) ('Header', '48') ('MAC', 'B8:63:4D:A2:0E:13') ('RSSI', -58)
Data:  24:0A:C4:23:C1:EC ('Channel', 4) ('Header', '48') ('MAC', 'B8:63:4D:A2:0E:13') ('RSSI', -59)
Data:  24:0A:C4:23:C1:EC ('Channel', 4) ('Header', '48') ('MAC', 'B8:63:4D:A2:0E:13') ('RSSI', -59)
Data:  24:0A:C4:23:D9:B0 ('Channel', 4) ('Header', '48') ('MAC', 'B8:63:4D:A2:0E:13') ('RSSI', -59)
Data:  3C:71:BF:99:F9:E0 ('Channel', 4) ('Header', '48') ('MAC', 'B8:63:4D:A2:0E:13') ('RSSI', -63)
Data:  3C:71:BF:99:F9:E0 ('Channel', 4) ('Header', '48') ('MAC', 'B8:63:4D:A2:0E:13') ('RSSI', -63)
Data:  24:0A:C4:23:C1:EC ('Channel', 4) ('Header', '48') ('MAC', 'B8:63:4D:A2:0E:13') ('RSSI', -58)
Data:  24:0A:C4:23:D9:B0 ('Channel', 4) ('Header', '48') ('MAC', 'B8:63:4D:A2:0E:13') ('RSSI', -58)
Data:  24:0A:C4:23:C1:EC ('Channel', 4) ('Header', '48') ('MAC', 'B8:63:4D:A2:0E:13') ('RSSI', -58)
Data:  24:0A:C4:23:D9:B0 ('Channel', 4) ('Header', '48') ('MAC', 'B8:63:4D:A2:0E:13') ('RSSI', -58)
Data:  24:0A:C4:23:C1:EC ('Channel', 4) ('Header', '48') ('MAC', 'B8:63:4D:A2:0E:13') ('RSSI', -58)
Data:  24:0A:C4:23:D9:B0 ('Channel', 4) ('Header', '48') ('MAC', 'B8:63:4D:A2:0E:13') ('RSSI', -59)
Summary:  24:0A:C4:23:D9:B0 538 {'B8:63:4D:A2:0E:13': -58.7}
Summary:  24:0A:C4:23:C1:EC 784 {'B8:63:4D:A2:0E:13': -60.0}
Summary:  3C:71:BF:99:F9:E0 1316 {'B8:63:4D:A2:0E:13': -64.5}
Data:  3C:71:BF:99:F9:E0 ('Channel', 4) ('Header', '48') ('MAC', 'B8:63:4D:A2:0E:13') ('RSSI', -63)
Data:  24:0A:C4:23:C1:EC ('Channel', 4) ('Header', '48') ('MAC', 'B8:63:4D:A2:0E:13') ('RSSI', -58)
Data:  24:0A:C4:23:D9:B0 ('Channel', 4) ('Header', '48') ('MAC', 'B8:63:4D:A2:0E:13') ('RSSI', -59)
Data:  3C:71:BF:99:F9:E0 ('Channel', 4) ('Header', '48') ('MAC', 'B8:63:4D:A2:0E:13') ('RSSI', -64)
Data:  24:0A:C4:23:C1:EC ('Channel', 4) ('Header', '48') ('MAC', 'B8:63:4D:A2:0E:13') ('RSSI', -58)
Data:  3C:71:BF:99:F9:E0 ('Channel', 4) ('Header', '48') ('MAC', 'B8:63:4D:A2:0E:13') ('RSSI', -63)
Data:  24:0A:C4:23:D9:B0 ('Channel', 4) ('Header', '48') ('MAC', 'B8:63:4D:A2:0E:13') ('RSSI', -59)
Data:  24:0A:C4:23:D9:B0 ('Channel', 4) ('Header', '48') ('MAC', 'B8:63:4D:A2:0E:13') ('RSSI', -58)
Data:  24:0A:C4:23:C1:EC ('Channel', 4) ('Header', '48') ('MAC', 'B8:63:4D:A2:0E:13') ('RSSI', -61)
Data:  3C:71:BF:99:F9:E0 ('Channel', 4) ('Header', '48') ('MAC', 'B8:63:4D:A2:0E:13') ('RSSI', -71)
Data:  24:0A:C4:23:C1:EC ('Channel', 4) ('Header', '48') ('MAC', 'B8:63:4D:A2:0E:13') ('RSSI', -63)
Data:  24:0A:C4:23:D9:B0 ('Channel', 4) ('Header', '48') ('MAC', 'B8:63:4D:A2:0E:13') ('RSSI', -60)
Data:  24:0A:C4:23:D9:B0 ('Channel', 4) ('Header', '48') ('MAC', 'B8:63:4D:A2:0E:13') ('RSSI', -58)
Data:  24:0A:C4:23:C1:EC ('Channel', 4) ('Header', '48') ('MAC', 'B8:63:4D:A2:0E:13') ('RSSI', -59)
Data:  24:0A:C4:23:D9:B0 ('Channel', 4) ('Header', '48') ('MAC', 'B8:63:4D:A2:0E:13') ('RSSI', -59)
Data:  3C:71:BF:99:F9:E0 ('Channel', 4) ('Header', '48') ('MAC', 'B8:63:4D:A2:0E:13') ('RSSI', -64)
Data:  3C:71:BF:99:F9:E0 ('Channel', 4) ('Header', '48') ('MAC', 'B8:63:4D:A2:0E:13') ('RSSI', -63)
Data:  24:0A:C4:23:C1:EC ('Channel', 4) ('Header', '48') ('MAC', 'B8:63:4D:A2:0E:13') ('RSSI', -59)
Data:  24:0A:C4:23:D9:B0 ('Channel', 4) ('Header', '48') ('MAC', 'B8:63:4D:A2:0E:13') ('RSSI', -59)
Data:  24:0A:C4:23:C1:EC ('Channel', 4) ('Header', '48') ('MAC', 'B8:63:4D:A2:0E:13') ('RSSI', -56)
Data:  24:0A:C4:23:D9:B0 ('Channel', 4) ('Header', '48') ('MAC', 'B8:63:4D:A2:0E:13') ('RSSI', -58)
Data:  24:0A:C4:23:C1:EC ('Channel', 4) ('Header', '48') ('MAC', 'B8:63:4D:A2:0E:13') ('RSSI', -58)
Data:  24:0A:C4:23:D9:B0 ('Channel', 4) ('Header', '48') ('MAC', 'B8:63:4D:A2:0E:13') ('RSSI', -58)
Data:  3C:71:BF:99:F9:E0 ('Channel', 4) ('Header', '48') ('MAC', 'B8:63:4D:A2:0E:13') ('RSSI', -63)
Data:  24:0A:C4:23:C1:EC ('Channel', 4) ('Header', '48') ('MAC', 'B8:63:4D:A2:0E:13') ('RSSI', -57)
Data:  24:0A:C4:23:D9:B0 ('Channel', 4) ('Header', '48') ('MAC', 'B8:63:4D:A2:0E:13') ('RSSI', -58)
Data:  3C:71:BF:99:F9:E0 ('Channel', 4) ('Header', '48') ('MAC', 'B8:63:4D:A2:0E:13') ('RSSI', -63)
Data:  24:0A:C4:23:C1:EC ('Channel', 4) ('Header', '48') ('MAC', 'B8:63:4D:A2:0E:13') ('RSSI', -58)
Data:  24:0A:C4:23:D9:B0 ('Channel', 4) ('Header', '48') ('MAC', 'B8:63:4D:A2:0E:13') ('RSSI', -59)
Data:  3C:71:BF:99:F9:E0 ('Channel', 4) ('Header', '48') ('MAC', 'B8:63:4D:A2:0E:13') ('RSSI', -64)
Data:  24:0A:C4:23:C1:EC ('Channel', 4) ('Header', '48') ('MAC', 'B8:63:4D:A2:0E:13') ('RSSI', -59)
Data:  24:0A:C4:23:D9:B0 ('Channel', 4) ('Header', '48') ('MAC', 'B8:63:4D:A2:0E:13') ('RSSI', -59)
Data:  24:0A:C4:23:D9:B0 ('Channel', 4) ('Header', '48') ('MAC', 'B8:63:4D:A2:0E:13') ('RSSI', -59)
Data:  24:0A:C4:23:C1:EC ('Channel', 4) ('Header', '48') ('MAC', 'B8:63:4D:A2:0E:13') ('RSSI', -58)
Data:  3C:71:BF:99:F9:E0 ('Channel', 4) ('Header', '48') ('MAC', 'B8:63:4D:A2:0E:13') ('RSSI', -63)
Data:  24:0A:C4:23:C1:EC ('Channel', 4) ('Header', '48') ('MAC', 'B8:63:4D:A2:0E:13') ('RSSI', -58)
Data:  24:0A:C4:23:D9:B0 ('Channel', 4) ('Header', '48') ('MAC', 'B8:63:4D:A2:0E:13') ('RSSI', -59)
Data:  24:0A:C4:23:C1:EC ('Channel', 4) ('Header', '48') ('MAC', 'B8:63:4D:A2:0E:13') ('RSSI', -77)
Data:  24:0A:C4:23:D9:B0 ('Channel', 4) ('Header', '48') ('MAC', 'B8:63:4D:A2:0E:13') ('RSSI', -77)
Data:  3C:71:BF:99:F9:E0 ('Channel', 4) ('Header', '48') ('MAC', 'B8:63:4D:A2:0E:13') ('RSSI', -66)
Data:  3C:71:BF:99:F9:E0 ('Channel', 4) ('Header', '48') ('MAC', 'B8:63:4D:A2:0E:13') ('RSSI', -64)
Data:  24:0A:C4:23:D9:B0 ('Channel', 4) ('Header', '48') ('MAC', 'B8:63:4D:A2:0E:13') ('RSSI', -59)
Data:  24:0A:C4:23:C1:EC ('Channel', 4) ('Header', '48') ('MAC', 'B8:63:4D:A2:0E:13') ('RSSI', -58)
Data:  24:0A:C4:23:C1:EC ('Channel', 4) ('Header', '48') ('MAC', 'B8:63:4D:A2:0E:13') ('RSSI', -58)
Data:  24:0A:C4:23:D9:B0 ('Channel', 4) ('Header', '48') ('MAC', 'B8:63:4D:A2:0E:13') ('RSSI', -58)
Data:  24:0A:C4:23:C1:EC ('Channel', 4) ('Header', '48') ('MAC', 'B8:63:4D:A2:0E:13') ('RSSI', -73)
Data:  24:0A:C4:23:C1:EC ('Channel', 4) ('Header', '48') ('MAC', 'B8:63:4D:A2:0E:13') ('RSSI', -57)
Data:  24:0A:C4:23:C1:EC ('Channel', 4) ('Header', '48') ('MAC', 'B8:63:4D:A2:0E:13') ('RSSI', -59)
Data:  3C:71:BF:99:F9:E0 ('Channel', 4) ('Header', '48') ('MAC', 'B8:63:4D:A2:0E:13') ('RSSI', -65)
Data:  24:0A:C4:23:D9:B0 ('Channel', 4) ('Header', '48') ('MAC', 'B8:63:4D:A2:0E:13') ('RSSI', -59)
Data:  24:0A:C4:23:C1:EC ('Channel', 4) ('Header', '48') ('MAC', 'B8:63:4D:A2:0E:13') ('RSSI', -59)
Data:  24:0A:C4:23:D9:B0 ('Channel', 4) ('Header', '48') ('MAC', 'B8:63:4D:A2:0E:13') ('RSSI', -57)
Data:  24:0A:C4:23:C1:EC ('Channel', 4) ('Header', '48') ('MAC', 'B8:63:4D:A2:0E:13') ('RSSI', -59)
Data:  24:0A:C4:23:D9:B0 ('Channel', 4) ('Header', '48') ('MAC', 'B8:63:4D:A2:0E:13') ('RSSI', -59)
Data:  24:0A:C4:23:C1:EC ('Channel', 4) ('Header', '48') ('MAC', 'B8:63:4D:A2:0E:13') ('RSSI', -59)
Data:  24:0A:C4:23:D9:B0 ('Channel', 4) ('Header', '48') ('MAC', 'B8:63:4D:A2:0E:13') ('RSSI', -58)
Data:  3C:71:BF:99:F9:E0 ('Channel', 4) ('Header', '48') ('MAC', 'B8:63:4D:A2:0E:13') ('RSSI', -65)
Data:  24:0A:C4:23:D9:B0 ('Channel', 4) ('Header', '48') ('MAC', 'B8:63:4D:A2:0E:13') ('RSSI', -59)
Data:  24:0A:C4:23:C1:EC ('Channel', 4) ('Header', '48') ('MAC', 'B8:63:4D:A2:0E:13') ('RSSI', -59)
Data:  24:0A:C4:23:D9:B0 ('Channel', 4) ('Header', '48') ('MAC', 'B8:63:4D:A2:0E:13') ('RSSI', -59)
Data:  24:0A:C4:23:D9:B0 ('Channel', 4) ('Header', '48') ('MAC', 'B8:63:4D:A2:0E:13') ('RSSI', -58)
Data:  24:0A:C4:23:C1:EC ('Channel', 4) ('Header', '48') ('MAC', 'B8:63:4D:A2:0E:13') ('RSSI', -62)
Data:  24:0A:C4:23:C1:EC ('Channel', 4) ('Header', '48') ('MAC', 'B8:63:4D:A2:0E:13') ('RSSI', -59)
Data:  3C:71:BF:99:F9:E0 ('Channel', 4) ('Header', '48') ('MAC', 'B8:63:4D:A2:0E:13') ('RSSI', -69)
Summary:  24:0A:C4:23:D9:B0 538 {'B8:63:4D:A2:0E:13': -59.4}
Summary:  24:0A:C4:23:C1:EC 784 {'B8:63:4D:A2:0E:13': -60.0}
Summary:  3C:71:BF:99:F9:E0 1316 {'B8:63:4D:A2:0E:13': -64.7}
Data:  24:0A:C4:23:D9:B0 ('Channel', 4) ('Header', '48') ('MAC', 'B8:63:4D:A2:0E:13') ('RSSI', -59)
Data:  3C:71:BF:99:F9:E0 ('Channel', 4) ('Header', '48') ('MAC', 'B8:63:4D:A2:0E:13') ('RSSI', -64)
Data:  24:0A:C4:23:C1:EC ('Channel', 4) ('Header', '48') ('MAC', 'B8:63:4D:A2:0E:13') ('RSSI', -58)
Data:  24:0A:C4:23:C1:EC ('Channel', 4) ('Header', '48') ('MAC', 'B8:63:4D:A2:0E:13') ('RSSI', -58)
Data:  3C:71:BF:99:F9:E0 ('Channel', 4) ('Header', '48') ('MAC', 'B8:63:4D:A2:0E:13') ('RSSI', -62)
Data:  24:0A:C4:23:C1:EC ('Channel', 4) ('Header', '48') ('MAC', 'B8:63:4D:A2:0E:13') ('RSSI', -56)
Data:  24:0A:C4:23:D9:B0 ('Channel', 4) ('Header', '48') ('MAC', 'B8:63:4D:A2:0E:13') ('RSSI', -58)
Data:  24:0A:C4:23:D9:B0 ('Channel', 4) ('Header', '48') ('MAC', 'B8:63:4D:A2:0E:13') ('RSSI', -58)
Data:  24:0A:C4:23:D9:B0 ('Channel', 4) ('Header', '48') ('MAC', 'B8:63:4D:A2:0E:13') ('RSSI', -60)
Data:  24:0A:C4:23:C1:EC ('Channel', 4) ('Header', '48') ('MAC', 'B8:63:4D:A2:0E:13') ('RSSI', -59)
Data:  24:0A:C4:23:C1:EC ('Channel', 4) ('Header', '48') ('MAC', 'B8:63:4D:A2:0E:13') ('RSSI', -60)
Data:  24:0A:C4:23:C1:EC ('Channel', 4) ('Header', '48') ('MAC', 'B8:63:4D:A2:0E:13') ('RSSI', -60)
Data:  3C:71:BF:99:F9:E0 ('Channel', 4) ('Header', '48') ('MAC', 'B8:63:4D:A2:0E:13') ('RSSI', -66)
Data:  3C:71:BF:99:F9:E0 ('Channel', 4) ('Header', '48') ('MAC', 'B8:63:4D:A2:0E:13') ('RSSI', -71)
Data:  24:0A:C4:23:C1:EC ('Channel', 4) ('Header', '48') ('MAC', 'B8:63:4D:A2:0E:13') ('RSSI', -56)
Data:  24:0A:C4:23:D9:B0 ('Channel', 4) ('Header', '48') ('MAC', 'B8:63:4D:A2:0E:13') ('RSSI', -58)
Data:  3C:71:BF:99:F9:E0 ('Channel', 4) ('Header', '48') ('MAC', 'B8:63:4D:A2:0E:13') ('RSSI', -64)
Data:  24:0A:C4:23:C1:EC ('Channel', 4) ('Header', '48') ('MAC', 'B8:63:4D:A2:0E:13') ('RSSI', -56)
Data:  24:0A:C4:23:D9:B0 ('Channel', 4) ('Header', '48') ('MAC', 'B8:63:4D:A2:0E:13') ('RSSI', -58)
Data:  24:0A:C4:23:C1:EC ('Channel', 4) ('Header', '48') ('MAC', 'B8:63:4D:A2:0E:13') ('RSSI', -57)
Data:  24:0A:C4:23:D9:B0 ('Channel', 4) ('Header', '48') ('MAC', 'B8:63:4D:A2:0E:13') ('RSSI', -58)
Data:  3C:71:BF:99:F9:E0 ('Channel', 4) ('Header', '48') ('MAC', 'B8:63:4D:A2:0E:13') ('RSSI', -63)
Data:  24:0A:C4:23:C1:EC ('Channel', 4) ('Header', '48') ('MAC', 'B8:63:4D:A2:0E:13') ('RSSI', -56)
Data:  3C:71:BF:99:F9:E0 ('Channel', 4) ('Header', '48') ('MAC', 'B8:63:4D:A2:0E:13') ('RSSI', -62)
Data:  24:0A:C4:23:C1:EC ('Channel', 4) ('Header', '48') ('MAC', 'B8:63:4D:A2:0E:13') ('RSSI', -55)
Data:  24:0A:C4:23:D9:B0 ('Channel', 4) ('Header', '48') ('MAC', 'B8:63:4D:A2:0E:13') ('RSSI', -58)
Data:  24:0A:C4:23:C1:EC ('Channel', 4) ('Header', '48') ('MAC', 'B8:63:4D:A2:0E:13') ('RSSI', -57)
Data:  24:0A:C4:23:D9:B0 ('Channel', 4) ('Header', '48') ('MAC', 'B8:63:4D:A2:0E:13') ('RSSI', -59)
Data:  3C:71:BF:99:F9:E0 ('Channel', 4) ('Header', '48') ('MAC', 'B8:63:4D:A2:0E:13') ('RSSI', -63)
Data:  24:0A:C4:23:C1:EC ('Channel', 4) ('Header', '48') ('MAC', 'B8:63:4D:A2:0E:13') ('RSSI', -56)
Data:  24:0A:C4:23:C1:EC ('Channel', 4) ('Header', '48') ('MAC', 'B8:63:4D:A2:0E:13') ('RSSI', -56)
Data:  24:0A:C4:23:C1:EC ('Channel', 4) ('Header', '48') ('MAC', 'B8:63:4D:A2:0E:13') ('RSSI', -57)
Data:  24:0A:C4:23:D9:B0 ('Channel', 4) ('Header', '48') ('MAC', 'B8:63:4D:A2:0E:13') ('RSSI', -56)
Data:  3C:71:BF:99:F9:E0 ('Channel', 4) ('Header', '48') ('MAC', 'B8:63:4D:A2:0E:13') ('RSSI', -64)
Data:  24:0A:C4:23:C1:EC ('Channel', 4) ('Header', '48') ('MAC', 'B8:63:4D:A2:0E:13') ('RSSI', -58)
Data:  24:0A:C4:23:D9:B0 ('Channel', 4) ('Header', '48') ('MAC', 'B8:63:4D:A2:0E:13') ('RSSI', -58)
Data:  24:0A:C4:23:C1:EC ('Channel', 4) ('Header', '48') ('MAC', 'B8:63:4D:A2:0E:13') ('RSSI', -57)
Data:  24:0A:C4:23:D9:B0 ('Channel', 4) ('Header', '48') ('MAC', 'B8:63:4D:A2:0E:13') ('RSSI', -58)
Data:  3C:71:BF:99:F9:E0 ('Channel', 4) ('Header', '48') ('MAC', 'B8:63:4D:A2:0E:13') ('RSSI', -64)
Data:  24:0A:C4:23:C1:EC ('Channel', 4) ('Header', '48') ('MAC', 'B8:63:4D:A2:0E:13') ('RSSI', -58)
Data:  24:0A:C4:23:C1:EC ('Channel', 4) ('Header', '48') ('MAC', 'B8:63:4D:A2:0E:13') ('RSSI', -57)
Data:  24:0A:C4:23:D9:B0 ('Channel', 4) ('Header', '48') ('MAC', 'B8:63:4D:A2:0E:13') ('RSSI', -59)
Data:  3C:71:BF:99:F9:E0 ('Channel', 4) ('Header', '48') ('MAC', 'B8:63:4D:A2:0E:13') ('RSSI', -65)
Data:  24:0A:C4:23:C1:EC ('Channel', 4) ('Header', '48') ('MAC', 'B8:63:4D:A2:0E:13') ('RSSI', -59)
Data:  3C:71:BF:99:F9:E0 ('Channel', 4) ('Header', '48') ('MAC', 'B8:63:4D:A2:0E:13') ('RSSI', -64)
Data:  24:0A:C4:23:C1:EC ('Channel', 4) ('Header', '48') ('MAC', 'B8:63:4D:A2:0E:13') ('RSSI', -59)
Data:  24:0A:C4:23:D9:B0 ('Channel', 4) ('Header', '48') ('MAC', 'B8:63:4D:A2:0E:13') ('RSSI', -58)
Data:  24:0A:C4:23:D9:B0 ('Channel', 4) ('Header', '48') ('MAC', 'B8:63:4D:A2:0E:13') ('RSSI', -58)
Data:  3C:71:BF:99:F9:E0 ('Channel', 4) ('Header', '48') ('MAC', 'B8:63:4D:A2:0E:13') ('RSSI', -64)
Data:  24:0A:C4:23:C1:EC ('Channel', 4) ('Header', '48') ('MAC', 'B8:63:4D:A2:0E:13') ('RSSI', -59)
Data:  24:0A:C4:23:C1:EC ('Channel', 4) ('Header', '48') ('MAC', 'B8:63:4D:A2:0E:13') ('RSSI', -58)
Data:  24:0A:C4:23:D9:B0 ('Channel', 4) ('Header', '48') ('MAC', 'B8:63:4D:A2:0E:13') ('RSSI', -58)
Data:  3C:71:BF:99:F9:E0 ('Channel', 4) ('Header', '48') ('MAC', 'B8:63:4D:A2:0E:13') ('RSSI', -65)
Data:  24:0A:C4:23:D9:B0 ('Channel', 4) ('Header', '48') ('MAC', 'B8:63:4D:A2:0E:13') ('RSSI', -58)
Data:  3C:71:BF:99:F9:E0 ('Channel', 4) ('Header', '48') ('MAC', 'B8:63:4D:A2:0E:13') ('RSSI', -64)
Data:  24:0A:C4:23:C1:EC ('Channel', 4) ('Header', '48') ('MAC', 'B8:63:4D:A2:0E:13') ('RSSI', -57)
Data:  24:0A:C4:23:D9:B0 ('Channel', 4) ('Header', '48') ('MAC', 'B8:63:4D:A2:0E:13') ('RSSI', -58)
Data:  3C:71:BF:99:F9:E0 ('Channel', 4) ('Header', '48') ('MAC', 'B8:63:4D:A2:0E:13') ('RSSI', -64)
Data:  24:0A:C4:23:C1:EC ('Channel', 4) ('Header', '48') ('MAC', 'B8:63:4D:A2:0E:13') ('RSSI', -57)
Data:  24:0A:C4:23:C1:EC ('Channel', 4) ('Header', '48') ('MAC', 'B8:63:4D:A2:0E:13') ('RSSI', -57)
Data:  24:0A:C4:23:D9:B0 ('Channel', 4) ('Header', '48') ('MAC', 'B8:63:4D:A2:0E:13') ('RSSI', -58)
Data:  3C:71:BF:99:F9:E0 ('Channel', 4) ('Header', '48') ('MAC', 'B8:63:4D:A2:0E:13') ('RSSI', -64)
Data:  24:0A:C4:23:C1:EC ('Channel', 4) ('Header', '48') ('MAC', 'B8:63:4D:A2:0E:13') ('RSSI', -58)
Data:  24:0A:C4:23:D9:B0 ('Channel', 4) ('Header', '48') ('MAC', 'B8:63:4D:A2:0E:13') ('RSSI', -58)
Data:  3C:71:BF:99:F9:E0 ('Channel', 4) ('Header', '48') ('MAC', 'B8:63:4D:A2:0E:13') ('RSSI', -64)
Data:  24:0A:C4:23:C1:EC ('Channel', 4) ('Header', '48') ('MAC', 'B8:63:4D:A2:0E:13') ('RSSI', -60)
Data:  24:0A:C4:23:D9:B0 ('Channel', 4) ('Header', '48') ('MAC', 'B8:63:4D:A2:0E:13') ('RSSI', -60)
Data:  3C:71:BF:99:F9:E0 ('Channel', 4) ('Header', '48') ('MAC', 'B8:63:4D:A2:0E:13') ('RSSI', -65)
Data:  24:0A:C4:23:C1:EC ('Channel', 4) ('Header', '48') ('MAC', 'B8:63:4D:A2:0E:13') ('RSSI', -58)
Data:  24:0A:C4:23:D9:B0 ('Channel', 4) ('Header', '48') ('MAC', 'B8:63:4D:A2:0E:13') ('RSSI', -58)
Data:  3C:71:BF:99:F9:E0 ('Channel', 4) ('Header', '48') ('MAC', 'B8:63:4D:A2:0E:13') ('RSSI', -65)
Data:  24:0A:C4:23:C1:EC ('Channel', 4) ('Header', '48') ('MAC', 'B8:63:4D:A2:0E:13') ('RSSI', -59)
Summary:  24:0A:C4:23:D9:B0 538 {'B8:63:4D:A2:0E:13': -58.2}
Summary:  24:0A:C4:23:C1:EC 784 {'B8:63:4D:A2:0E:13': -57.6}
Summary:  3C:71:BF:99:F9:E0 1316 {'B8:63:4D:A2:0E:13': -64.3}
Data:  24:0A:C4:23:D9:B0 ('Channel', 4) ('Header', '48') ('MAC', 'B8:63:4D:A2:0E:13') ('RSSI', -58)
Data:  24:0A:C4:23:D9:B0 ('Channel', 4) ('Header', '48') ('MAC', 'B8:63:4D:A2:0E:13') ('RSSI', -59)
Data:  3C:71:BF:99:F9:E0 ('Channel', 4) ('Header', '48') ('MAC', 'B8:63:4D:A2:0E:13') ('RSSI', -65)
Data:  24:0A:C4:23:C1:EC ('Channel', 4) ('Header', '48') ('MAC', 'B8:63:4D:A2:0E:13') ('RSSI', -56)
Data:  24:0A:C4:23:C1:EC ('Channel', 4) ('Header', '48') ('MAC', 'B8:63:4D:A2:0E:13') ('RSSI', -56)
Data:  24:0A:C4:23:C1:EC ('Channel', 4) ('Header', '48') ('MAC', 'B8:63:4D:A2:0E:13') ('RSSI', -63)
Data:  3C:71:BF:99:F9:E0 ('Channel', 4) ('Header', '48') ('MAC', 'B8:63:4D:A2:0E:13') ('RSSI', -71)
Data:  24:0A:C4:23:D9:B0 ('Channel', 4) ('Header', '48') ('MAC', 'B8:63:4D:A2:0E:13') ('RSSI', -60)
Data:  24:0A:C4:23:C1:EC ('Channel', 4) ('Header', '48') ('MAC', 'B8:63:4D:A2:0E:13') ('RSSI', -62)
Data:  24:0A:C4:23:D9:B0 ('Channel', 4) ('Header', '48') ('MAC', 'B8:63:4D:A2:0E:13') ('RSSI', -58)
Data:  24:0A:C4:23:C1:EC ('Channel', 4) ('Header', '48') ('MAC', 'B8:63:4D:A2:0E:13') ('RSSI', -63)
Data:  24:0A:C4:23:D9:B0 ('Channel', 4) ('Header', '48') ('MAC', 'B8:63:4D:A2:0E:13') ('RSSI', -59)
Data:  24:0A:C4:23:C1:EC ('Channel', 4) ('Header', '48') ('MAC', 'B8:63:4D:A2:0E:13') ('RSSI', -61)
Data:  24:0A:C4:23:D9:B0 ('Channel', 4) ('Header', '48') ('MAC', 'B8:63:4D:A2:0E:13') ('RSSI', -60)
Data:  3C:71:BF:99:F9:E0 ('Channel', 4) ('Header', '48') ('MAC', 'B8:63:4D:A2:0E:13') ('RSSI', -72)
Data:  3C:71:BF:99:F9:E0 ('Channel', 4) ('Header', '48') ('MAC', 'B8:63:4D:A2:0E:13') ('RSSI', -64)
Data:  24:0A:C4:23:C1:EC ('Channel', 4) ('Header', '48') ('MAC', 'B8:63:4D:A2:0E:13') ('RSSI', -57)
Data:  24:0A:C4:23:D9:B0 ('Channel', 4) ('Header', '48') ('MAC', 'B8:63:4D:A2:0E:13') ('RSSI', -58)
Data:  24:0A:C4:23:D9:B0 ('Channel', 4) ('Header', '48') ('MAC', 'B8:63:4D:A2:0E:13') ('RSSI', -58)
Data:  3C:71:BF:99:F9:E0 ('Channel', 4) ('Header', '48') ('MAC', 'B8:63:4D:A2:0E:13') ('RSSI', -65)
Data:  24:0A:C4:23:C1:EC ('Channel', 4) ('Header', '48') ('MAC', 'B8:63:4D:A2:0E:13') ('RSSI', -56)
Data:  24:0A:C4:23:C1:EC ('Channel', 4) ('Header', '48') ('MAC', 'B8:63:4D:A2:0E:13') ('RSSI', -74)
Data:  3C:71:BF:99:F9:E0 ('Channel', 4) ('Header', '48') ('MAC', 'B8:63:4D:A2:0E:13') ('RSSI', -64)
Data:  24:0A:C4:23:D9:B0 ('Channel', 4) ('Header', '48') ('MAC', 'B8:63:4D:A2:0E:13') ('RSSI', -58)
Data:  24:0A:C4:23:C1:EC ('Channel', 4) ('Header', '48') ('MAC', 'B8:63:4D:A2:0E:13') ('RSSI', -55)
Data:  24:0A:C4:23:C1:EC ('Channel', 4) ('Header', '48') ('MAC', 'B8:63:4D:A2:0E:13') ('RSSI', -55)
Data:  3C:71:BF:99:F9:E0 ('Channel', 4) ('Header', '48') ('MAC', 'B8:63:4D:A2:0E:13') ('RSSI', -64)
Data:  24:0A:C4:23:D9:B0 ('Channel', 4) ('Header', '48') ('MAC', 'B8:63:4D:A2:0E:13') ('RSSI', -58)
Data:  24:0A:C4:23:D9:B0 ('Channel', 4) ('Header', '48') ('MAC', 'B8:63:4D:A2:0E:13') ('RSSI', -58)
Data:  24:0A:C4:23:C1:EC ('Channel', 4) ('Header', '48') ('MAC', 'B8:63:4D:A2:0E:13') ('RSSI', -56)
Data:  3C:71:BF:99:F9:E0 ('Channel', 4) ('Header', '48') ('MAC', 'B8:63:4D:A2:0E:13') ('RSSI', -64)
Data:  3C:71:BF:99:F9:E0 ('Channel', 4) ('Header', '48') ('MAC', 'B8:63:4D:A2:0E:13') ('RSSI', -65)
Data:  24:0A:C4:23:C1:EC ('Channel', 4) ('Header', '48') ('MAC', 'B8:63:4D:A2:0E:13') ('RSSI', -57)
Data:  24:0A:C4:23:D9:B0 ('Channel', 4) ('Header', '48') ('MAC', 'B8:63:4D:A2:0E:13') ('RSSI', -58)
Data:  24:0A:C4:23:C1:EC ('Channel', 4) ('Header', '48') ('MAC', 'B8:63:4D:A2:0E:13') ('RSSI', -57)
Data:  24:0A:C4:23:D9:B0 ('Channel', 4) ('Header', '48') ('MAC', 'B8:63:4D:A2:0E:13') ('RSSI', -59)
Data:  3C:71:BF:99:F9:E0 ('Channel', 4) ('Header', '48') ('MAC', 'B8:63:4D:A2:0E:13') ('RSSI', -65)
Data:  3C:71:BF:99:F9:E0 ('Channel', 4) ('Header', '48') ('MAC', 'B8:63:4D:A2:0E:13') ('RSSI', -65)
Data:  24:0A:C4:23:C1:EC ('Channel', 4) ('Header', '48') ('MAC', 'B8:63:4D:A2:0E:13') ('RSSI', -57)
Data:  24:0A:C4:23:D9:B0 ('Channel', 4) ('Header', '48') ('MAC', 'B8:63:4D:A2:0E:13') ('RSSI', -59)
Data:  24:0A:C4:23:C1:EC ('Channel', 4) ('Header', '48') ('MAC', 'B8:63:4D:A2:0E:13') ('RSSI', -57)
Data:  24:0A:C4:23:D9:B0 ('Channel', 4) ('Header', '48') ('MAC', 'B8:63:4D:A2:0E:13') ('RSSI', -59)
Data:  3C:71:BF:99:F9:E0 ('Channel', 4) ('Header', '48') ('MAC', 'B8:63:4D:A2:0E:13') ('RSSI', -65)
Data:  24:0A:C4:23:D9:B0 ('Channel', 4) ('Header', '48') ('MAC', 'B8:63:4D:A2:0E:13') ('RSSI', -58)
Data:  3C:71:BF:99:F9:E0 ('Channel', 4) ('Header', '48') ('MAC', 'B8:63:4D:A2:0E:13') ('RSSI', -64)
Data:  24:0A:C4:23:C1:EC ('Channel', 4) ('Header', '48') ('MAC', 'B8:63:4D:A2:0E:13') ('RSSI', -57)
Data:  3C:71:BF:99:F9:E0 ('Channel', 4) ('Header', '48') ('MAC', 'B8:63:4D:A2:0E:13') ('RSSI', -64)
Data:  24:0A:C4:23:C1:EC ('Channel', 4) ('Header', '48') ('MAC', 'B8:63:4D:A2:0E:13') ('RSSI', -57)
Data:  24:0A:C4:23:D9:B0 ('Channel', 4) ('Header', '48') ('MAC', 'B8:63:4D:A2:0E:13') ('RSSI', -58)
Data:  24:0A:C4:23:C1:EC ('Channel', 4) ('Header', '48') ('MAC', 'B8:63:4D:A2:0E:13') ('RSSI', -56)
Data:  3C:71:BF:99:F9:E0 ('Channel', 4) ('Header', '48') ('MAC', 'B8:63:4D:A2:0E:13') ('RSSI', -64)
Data:  24:0A:C4:23:D9:B0 ('Channel', 4) ('Header', '48') ('MAC', 'B8:63:4D:A2:0E:13') ('RSSI', -59)
Data:  24:0A:C4:23:C1:EC ('Channel', 4) ('Header', '48') ('MAC', 'B8:63:4D:A2:0E:13') ('RSSI', -56)
Data:  24:0A:C4:23:C1:EC ('Channel', 4) ('Header', '48') ('MAC', 'B8:63:4D:A2:0E:13') ('RSSI', -57)
Data:  3C:71:BF:99:F9:E0 ('Channel', 4) ('Header', '48') ('MAC', 'B8:63:4D:A2:0E:13') ('RSSI', -64)
Data:  3C:71:BF:99:F9:E0 ('Channel', 4) ('Header', '48') ('MAC', 'B8:63:4D:A2:0E:13') ('RSSI', -65)
Data:  24:0A:C4:23:D9:B0 ('Channel', 4) ('Header', '48') ('MAC', 'B8:63:4D:A2:0E:13') ('RSSI', -58)
Data:  24:0A:C4:23:D9:B0 ('Channel', 4) ('Header', '48') ('MAC', 'B8:63:4D:A2:0E:13') ('RSSI', -59)
Data:  3C:71:BF:99:F9:E0 ('Channel', 4) ('Header', '48') ('MAC', 'B8:63:4D:A2:0E:13') ('RSSI', -64)
Data:  24:0A:C4:23:C1:EC ('Channel', 4) ('Header', '48') ('MAC', 'B8:63:4D:A2:0E:13') ('RSSI', -56)
Data:  24:0A:C4:23:D9:B0 ('Channel', 4) ('Header', '48') ('MAC', 'B8:63:4D:A2:0E:13') ('RSSI', -58)
Data:  24:0A:C4:23:C1:EC ('Channel', 4) ('Header', '48') ('MAC', 'B8:63:4D:A2:0E:13') ('RSSI', -56)
Data:  24:0A:C4:23:D9:B0 ('Channel', 4) ('Header', '48') ('MAC', 'B8:63:4D:A2:0E:13') ('RSSI', -58)
Data:  3C:71:BF:99:F9:E0 ('Channel', 4) ('Header', '48') ('MAC', 'B8:63:4D:A2:0E:13') ('RSSI', -63)
Data:  24:0A:C4:23:D9:B0 ('Channel', 4) ('Header', '48') ('MAC', 'B8:63:4D:A2:0E:13') ('RSSI', -58)
Data:  24:0A:C4:23:C1:EC ('Channel', 4) ('Header', '48') ('MAC', 'B8:63:4D:A2:0E:13') ('RSSI', -56)
Data:  3C:71:BF:99:F9:E0 ('Channel', 4) ('Header', '48') ('MAC', 'B8:63:4D:A2:0E:13') ('RSSI', -63)
Data:  3C:71:BF:99:F9:E0 ('Channel', 4) ('Header', '48') ('MAC', 'B8:63:4D:A2:0E:13') ('RSSI', -64)
Data:  24:0A:C4:23:C1:EC ('Channel', 4) ('Header', '48') ('MAC', 'B8:63:4D:A2:0E:13') ('RSSI', -57)
Data:  24:0A:C4:23:D9:B0 ('Channel', 4) ('Header', '48') ('MAC', 'B8:63:4D:A2:0E:13') ('RSSI', -59)
Summary:  24:0A:C4:23:D9:B0 538 {'B8:63:4D:A2:0E:13': -58.5}
Summary:  24:0A:C4:23:C1:EC 784 {'B8:63:4D:A2:0E:13': -58.1}
Summary:  3C:71:BF:99:F9:E0 1316 {'B8:63:4D:A2:0E:13': -65.0}
Data:  24:0A:C4:23:C1:EC ('Channel', 4) ('Header', '48') ('MAC', 'B8:63:4D:A2:0E:13') ('RSSI', -57)
Data:  24:0A:C4:23:D9:B0 ('Channel', 4) ('Header', '48') ('MAC', 'B8:63:4D:A2:0E:13') ('RSSI', -59)
Data:  3C:71:BF:99:F9:E0 ('Channel', 4) ('Header', '48') ('MAC', 'B8:63:4D:A2:0E:13') ('RSSI', -64)
Data:  3C:71:BF:99:F9:E0 ('Channel', 4) ('Header', '48') ('MAC', 'B8:63:4D:A2:0E:13') ('RSSI', -64)
Data:  24:0A:C4:23:D9:B0 ('Channel', 4) ('Header', '48') ('MAC', 'B8:63:4D:A2:0E:13') ('RSSI', -59)
Data:  24:0A:C4:23:C1:EC ('Channel', 4) ('Header', '48') ('MAC', 'B8:63:4D:A2:0E:13') ('RSSI', -56)
Data:  3C:71:BF:99:F9:E0 ('Channel', 4) ('Header', '48') ('MAC', 'B8:63:4D:A2:0E:13') ('RSSI', -62)
Data:  24:0A:C4:23:C1:EC ('Channel', 4) ('Header', '48') ('MAC', 'B8:63:4D:A2:0E:13') ('RSSI', -56)
Data:  24:0A:C4:23:D9:B0 ('Channel', 4) ('Header', '48') ('MAC', 'B8:63:4D:A2:0E:13') ('RSSI', -58)
Data:  3C:71:BF:99:F9:E0 ('Channel', 4) ('Header', '48') ('MAC', 'B8:63:4D:A2:0E:13') ('RSSI', -63)
Data:  24:0A:C4:23:C1:EC ('Channel', 4) ('Header', '48') ('MAC', 'B8:63:4D:A2:0E:13') ('RSSI', -56)
Data:  24:0A:C4:23:D9:B0 ('Channel', 4) ('Header', '48') ('MAC', 'B8:63:4D:A2:0E:13') ('RSSI', -59)
Data:  24:0A:C4:23:D9:B0 ('Channel', 4) ('Header', '48') ('MAC', 'B8:63:4D:A2:0E:13') ('RSSI', -58)
Data:  3C:71:BF:99:F9:E0 ('Channel', 4) ('Header', '48') ('MAC', 'B8:63:4D:A2:0E:13') ('RSSI', -64)
Data:  24:0A:C4:23:C1:EC ('Channel', 4) ('Header', '48') ('MAC', 'B8:63:4D:A2:0E:13') ('RSSI', -56)
Data:  24:0A:C4:23:D9:B0 ('Channel', 4) ('Header', '48') ('MAC', 'B8:63:4D:A2:0E:13') ('RSSI', -59)
Data:  3C:71:BF:99:F9:E0 ('Channel', 4) ('Header', '48') ('MAC', 'B8:63:4D:A2:0E:13') ('RSSI', -65)
Data:  24:0A:C4:23:C1:EC ('Channel', 4) ('Header', '48') ('MAC', 'B8:63:4D:A2:0E:13') ('RSSI', -57)
Data:  3C:71:BF:99:F9:E0 ('Channel', 4) ('Header', '48') ('MAC', 'B8:63:4D:A2:0E:13') ('RSSI', -64)
Data:  24:0A:C4:23:C1:EC ('Channel', 4) ('Header', '48') ('MAC', 'B8:63:4D:A2:0E:13') ('RSSI', -56)
Data:  24:0A:C4:23:D9:B0 ('Channel', 4) ('Header', '48') ('MAC', 'B8:63:4D:A2:0E:13') ('RSSI', -59)
Data:  3C:71:BF:99:F9:E0 ('Channel', 4) ('Header', '48') ('MAC', 'B8:63:4D:A2:0E:13') ('RSSI', -65)
Data:  24:0A:C4:23:C1:EC ('Channel', 4) ('Header', '48') ('MAC', 'B8:63:4D:A2:0E:13') ('RSSI', -57)
Data:  24:0A:C4:23:D9:B0 ('Channel', 4) ('Header', '48') ('MAC', 'B8:63:4D:A2:0E:13') ('RSSI', -59)
Data:  24:0A:C4:23:C1:EC ('Channel', 4) ('Header', '48') ('MAC', 'B8:63:4D:A2:0E:13') ('RSSI', -57)
Data:  24:0A:C4:23:D9:B0 ('Channel', 4) ('Header', '48') ('MAC', 'B8:63:4D:A2:0E:13') ('RSSI', -59)
Data:  3C:71:BF:99:F9:E0 ('Channel', 4) ('Header', '48') ('MAC', 'B8:63:4D:A2:0E:13') ('RSSI', -65)
Data:  24:0A:C4:23:C1:EC ('Channel', 4) ('Header', '48') ('MAC', 'B8:63:4D:A2:0E:13') ('RSSI', -57)
Data:  24:0A:C4:23:D9:B0 ('Channel', 4) ('Header', '48') ('MAC', 'B8:63:4D:A2:0E:13') ('RSSI', -59)
Data:  3C:71:BF:99:F9:E0 ('Channel', 4) ('Header', '48') ('MAC', 'B8:63:4D:A2:0E:13') ('RSSI', -65)
Data:  24:0A:C4:23:C1:EC ('Channel', 4) ('Header', '48') ('MAC', 'B8:63:4D:A2:0E:13') ('RSSI', -57)
Data:  3C:71:BF:99:F9:E0 ('Channel', 4) ('Header', '48') ('MAC', 'B8:63:4D:A2:0E:13') ('RSSI', -65)
Data:  24:0A:C4:23:D9:B0 ('Channel', 4) ('Header', '48') ('MAC', 'B8:63:4D:A2:0E:13') ('RSSI', -59)
Data:  24:0A:C4:23:C1:EC ('Channel', 4) ('Header', '48') ('MAC', 'B8:63:4D:A2:0E:13') ('RSSI', -57)
Data:  24:0A:C4:23:D9:B0 ('Channel', 4) ('Header', '48') ('MAC', 'B8:63:4D:A2:0E:13') ('RSSI', -59)
Data:  3C:71:BF:99:F9:E0 ('Channel', 4) ('Header', '48') ('MAC', 'B8:63:4D:A2:0E:13') ('RSSI', -65)
Data:  24:0A:C4:23:D9:B0 ('Channel', 4) ('Header', '48') ('MAC', 'B8:63:4D:A2:0E:13') ('RSSI', -58)
Data:  24:0A:C4:23:C1:EC ('Channel', 4) ('Header', '48') ('MAC', 'B8:63:4D:A2:0E:13') ('RSSI', -57)
Data:  3C:71:BF:99:F9:E0 ('Channel', 4) ('Header', '48') ('MAC', 'B8:63:4D:A2:0E:13') ('RSSI', -65)
Data:  24:0A:C4:23:D9:B0 ('Channel', 4) ('Header', '48') ('MAC', 'B8:63:4D:A2:0E:13') ('RSSI', -59)
Data:  3C:71:BF:99:F9:E0 ('Channel', 4) ('Header', '48') ('MAC', 'B8:63:4D:A2:0E:13') ('RSSI', -65)
Data:  24:0A:C4:23:C1:EC ('Channel', 4) ('Header', '48') ('MAC', 'B8:63:4D:A2:0E:13') ('RSSI', -57)
Data:  3C:71:BF:99:F9:E0 ('Channel', 4) ('Header', '48') ('MAC', 'B8:63:4D:A2:0E:13') ('RSSI', -64)
Data:  24:0A:C4:23:C1:EC ('Channel', 4) ('Header', '48') ('MAC', 'B8:63:4D:A2:0E:13') ('RSSI', -56)
Data:  24:0A:C4:23:D9:B0 ('Channel', 4) ('Header', '48') ('MAC', 'B8:63:4D:A2:0E:13') ('RSSI', -58)
Data:  24:0A:C4:23:C1:EC ('Channel', 4) ('Header', '48') ('MAC', 'B8:63:4D:A2:0E:13') ('RSSI', -56)
Data:  24:0A:C4:23:D9:B0 ('Channel', 4) ('Header', '48') ('MAC', 'B8:63:4D:A2:0E:13') ('RSSI', -58)
Data:  3C:71:BF:99:F9:E0 ('Channel', 4) ('Header', '48') ('MAC', 'B8:63:4D:A2:0E:13') ('RSSI', -64)
Data:  3C:71:BF:99:F9:E0 ('Channel', 4) ('Header', '48') ('MAC', 'B8:63:4D:A2:0E:13') ('RSSI', -65)
Data:  24:0A:C4:23:C1:EC ('Channel', 4) ('Header', '48') ('MAC', 'B8:63:4D:A2:0E:13') ('RSSI', -57)
Data:  24:0A:C4:23:D9:B0 ('Channel', 4) ('Header', '48') ('MAC', 'B8:63:4D:A2:0E:13') ('RSSI', -59)
Data:  3C:71:BF:99:F9:E0 ('Channel', 4) ('Header', '48') ('MAC', 'B8:63:4D:A2:0E:13') ('RSSI', -64)
Data:  24:0A:C4:23:C1:EC ('Channel', 4) ('Header', '48') ('MAC', 'B8:63:4D:A2:0E:13') ('RSSI', -56)
Data:  24:0A:C4:23:D9:B0 ('Channel', 4) ('Header', '48') ('MAC', 'B8:63:4D:A2:0E:13') ('RSSI', -58)
Data:  3C:71:BF:99:F9:E0 ('Channel', 4) ('Header', '48') ('MAC', 'B8:63:4D:A2:0E:13') ('RSSI', -64)
Data:  24:0A:C4:23:C1:EC ('Channel', 4) ('Header', '48') ('MAC', 'B8:63:4D:A2:0E:13') ('RSSI', -56)
Data:  24:0A:C4:23:D9:B0 ('Channel', 4) ('Header', '48') ('MAC', 'B8:63:4D:A2:0E:13') ('RSSI', -58)
Data:  3C:71:BF:99:F9:E0 ('Channel', 4) ('Header', '48') ('MAC', 'B8:63:4D:A2:0E:13') ('RSSI', -65)
Data:  24:0A:C4:23:C1:EC ('Channel', 4) ('Header', '48') ('MAC', 'B8:63:4D:A2:0E:13') ('RSSI', -57)
Data:  24:0A:C4:23:D9:B0 ('Channel', 4) ('Header', '48') ('MAC', 'B8:63:4D:A2:0E:13') ('RSSI', -59)
Data:  3C:71:BF:99:F9:E0 ('Channel', 4) ('Header', '48') ('MAC', 'B8:63:4D:A2:0E:13') ('RSSI', -65)
Data:  24:0A:C4:23:C1:EC ('Channel', 4) ('Header', '48') ('MAC', 'B8:63:4D:A2:0E:13') ('RSSI', -56)
Data:  24:0A:C4:23:D9:B0 ('Channel', 4) ('Header', '48') ('MAC', 'B8:63:4D:A2:0E:13') ('RSSI', -59)
Data:  3C:71:BF:99:F9:E0 ('Channel', 4) ('Header', '48') ('MAC', 'B8:63:4D:A2:0E:13') ('RSSI', -63)
Data:  24:0A:C4:23:C1:EC ('Channel', 4) ('Header', '48') ('MAC', 'B8:63:4D:A2:0E:13') ('RSSI', -56)
Data:  24:0A:C4:23:D9:B0 ('Channel', 4) ('Header', '48') ('MAC', 'B8:63:4D:A2:0E:13') ('RSSI', -59)
Data:  3C:71:BF:99:F9:E0 ('Channel', 4) ('Header', '48') ('MAC', 'B8:63:4D:A2:0E:13') ('RSSI', -65)
Data:  24:0A:C4:23:C1:EC ('Channel', 4) ('Header', '48') ('MAC', 'B8:63:4D:A2:0E:13') ('RSSI', -58)
Data:  24:0A:C4:23:D9:B0 ('Channel', 4) ('Header', '48') ('MAC', 'B8:63:4D:A2:0E:13') ('RSSI', -60)
Data:  3C:71:BF:99:F9:E0 ('Channel', 4) ('Header', '48') ('MAC', 'B8:63:4D:A2:0E:13') ('RSSI', -64)
Data:  24:0A:C4:23:D9:B0 ('Channel', 4) ('Header', '48') ('MAC', 'B8:63:4D:A2:0E:13') ('RSSI', -58)
Data:  3C:71:BF:99:F9:E0 ('Channel', 4) ('Header', '48') ('MAC', 'B8:63:4D:A2:0E:13') ('RSSI', -64)
Data:  24:0A:C4:23:D9:B0 ('Channel', 4) ('Header', '48') ('MAC', 'B8:63:4D:A2:0E:13') ('RSSI', -59)
Data:  3C:71:BF:99:F9:E0 ('Channel', 4) ('Header', '48') ('MAC', 'B8:63:4D:A2:0E:13') ('RSSI', -64)
Data:  24:0A:C4:23:D9:B0 ('Channel', 4) ('Header', '48') ('MAC', 'B8:63:4D:A2:0E:13') ('RSSI', -59)
Data:  24:0A:C4:23:C1:EC ('Channel', 4) ('Header', '48') ('MAC', 'B8:63:4D:A2:0E:13') ('RSSI', -55)
Data:  24:0A:C4:23:C1:EC ('Channel', 4) ('Header', '48') ('MAC', 'B8:63:4D:A2:0E:13') ('RSSI', -57)
Data:  24:0A:C4:23:C1:EC ('Channel', 4) ('Header', '48') ('MAC', 'B8:63:4D:A2:0E:13') ('RSSI', -57)
Data:  24:0A:C4:23:C1:EC ('Channel', 4) ('Header', '48') ('MAC', 'B8:63:4D:A2:0E:13') ('RSSI', -57)
Data:  24:0A:C4:23:D9:B0 ('Channel', 4) ('Header', '48') ('MAC', 'B8:63:4D:A2:0E:13') ('RSSI', -59)
Data:  3C:71:BF:99:F9:E0 ('Channel', 4) ('Header', '48') ('MAC', 'B8:63:4D:A2:0E:13') ('RSSI', -65)
Data:  24:0A:C4:23:C1:EC ('Channel', 4) ('Header', '48') ('MAC', 'B8:63:4D:A2:0E:13') ('RSSI', -56)
Data:  3C:71:BF:99:F9:E0 ('Channel', 4) ('Header', '48') ('MAC', 'B8:63:4D:A2:0E:13') ('RSSI', -65)
Data:  24:0A:C4:23:D9:B0 ('Channel', 4) ('Header', '48') ('MAC', 'B8:63:4D:A2:0E:13') ('RSSI', -59)
Data:  24:0A:C4:23:C1:EC ('Channel', 4) ('Header', '48') ('MAC', 'B8:63:4D:A2:0E:13') ('RSSI', -56)
Data:  3C:71:BF:99:F9:E0 ('Channel', 4) ('Header', '48') ('MAC', 'B8:63:4D:A2:0E:13') ('RSSI', -64)
Data:  24:0A:C4:23:C1:EC ('Channel', 4) ('Header', '48') ('MAC', 'B8:63:4D:A2:0E:13') ('RSSI', -56)
Data:  24:0A:C4:23:D9:B0 ('Channel', 4) ('Header', '48') ('MAC', 'B8:63:4D:A2:0E:13') ('RSSI', -58)
Data:  3C:71:BF:99:F9:E0 ('Channel', 4) ('Header', '48') ('MAC', 'B8:63:4D:A2:0E:13') ('RSSI', -65)
Data:  24:0A:C4:23:C1:EC ('Channel', 4) ('Header', '48') ('MAC', 'B8:63:4D:A2:0E:13') ('RSSI', -57)
Data:  24:0A:C4:23:D9:B0 ('Channel', 4) ('Header', '48') ('MAC', 'B8:63:4D:A2:0E:13') ('RSSI', -59)
Data:  24:0A:C4:23:C1:EC ('Channel', 4) ('Header', '48') ('MAC', 'B8:63:4D:A2:0E:13') ('RSSI', -55)
Data:  24:0A:C4:23:D9:B0 ('Channel', 4) ('Header', '48') ('MAC', 'B8:63:4D:A2:0E:13') ('RSSI', -58)
Data:  3C:71:BF:99:F9:E0 ('Channel', 4) ('Header', '48') ('MAC', 'B8:63:4D:A2:0E:13') ('RSSI', -64)
Summary:  24:0A:C4:23:D9:B0 538 {'B8:63:4D:A2:0E:13': -58.7}
Summary:  24:0A:C4:23:C1:EC 784 {'B8:63:4D:A2:0E:13': -56.5}
Summary:  3C:71:BF:99:F9:E0 1316 {'B8:63:4D:A2:0E:13': -64.4}
Data:  3C:71:BF:99:F9:E0 ('Channel', 4) ('Header', '48') ('MAC', 'B8:63:4D:A2:0E:13') ('RSSI', -64)
Data:  24:0A:C4:23:D9:B0