Data:  24:0A:C4:23:C1:EC ('Channel', 5) ('RSSI', -64) ('Header', '48') ('MAC', 'B8:63:4D:A2:0E:13')
Data:  24:0A:C4:23:D9:B0 ('Channel', 5) ('RSSI', -59) ('Header', '48') ('MAC', 'B8:63:4D:A2:0E:13')
Data:  24:0A:C4:23:C1:EC ('Channel', 5) ('RSSI', -63) ('Header', '48') ('MAC', 'B8:63:4D:A2:0E:13')
Data:  24:0A:C4:23:D9:B0 ('Channel', 5) ('RSSI', -59) ('Header', '48') ('MAC', 'B8:63:4D:A2:0E:13')
Data:  24:0A:C4:23:D9:B0 ('Channel', 5) ('RSSI', -60) ('Header', '48') ('MAC', 'B8:63:4D:A2:0E:13')
Data:  24:0A:C4:23:C1:EC ('Channel', 5) ('RSSI', -63) ('Header', '48') ('MAC', 'B8:63:4D:A2:0E:13')
Data:  24:0A:C4:23:C1:EC ('Channel', 5) ('RSSI', -63) ('Header', '48') ('MAC', 'B8:63:4D:A2:0E:13')
Data:  24:0A:C4:23:D9:B0 ('Channel', 5) ('RSSI', -60) ('Header', '48') ('MAC', 'B8:63:4D:A2:0E:13')
Data:  24:0A:C4:23:D9:B0 ('Channel', 5) ('RSSI', -59) ('Header', '48') ('MAC', 'B8:63:4D:A2:0E:13')
Data:  24:0A:C4:23:C1:EC ('Channel', 5) ('RSSI', -63) ('Header', '48') ('MAC', 'B8:63:4D:A2:0E:13')
Data:  24:0A:C4:23:D9:B0 ('Channel', 5) ('RSSI', -59) ('Header', '48') ('MAC', 'B8:63:4D:A2:0E:13')
Data:  24:0A:C4:23:C1:EC ('Channel', 5) ('RSSI', -63) ('Header', '48') ('MAC', 'B8:63:4D:A2:0E:13')
Data:  24:0A:C4:23:C1:EC ('Channel', 5) ('RSSI', -63) ('Header', '48') ('MAC', 'B8:63:4D:A2:0E:13')
Data:  24:0A:C4:23:D9:B0 ('Channel', 5) ('RSSI', -59) ('Header', '48') ('MAC', 'B8:63:4D:A2:0E:13')
Data:  24:0A:C4:23:C1:EC ('Channel', 5) ('RSSI', -63) ('Header', '48') ('MAC', 'B8:63:4D:A2:0E:13')
Data:  24:0A:C4:23:D9:B0 ('Channel', 5) ('RSSI', -59) ('Header', '48') ('MAC', 'B8:63:4D:A2:0E:13')
Data:  24:0A:C4:23:C1:EC ('Channel', 5) ('RSSI', -63) ('Header', '48') ('MAC', 'B8:63:4D:A2:0E:13')
Data:  24:0A:C4:23:D9:B0 ('Channel', 5) ('RSSI', -59) ('Header', '48') ('MAC', 'B8:63:4D:A2:0E:13')
Data:  24:0A:C4:23:C1:EC ('Channel', 5) ('RSSI', -63) ('Header', '48') ('MAC', 'B8:63:4D:A2:0E:13')
Data:  24:0A:C4:23:D9:B0 ('Channel', 5) ('RSSI', -59) ('Header', '48') ('MAC', 'B8:63:4D:A2:0E:13')
Data:  24:0A:C4:23:C1:EC ('Channel', 5) ('RSSI', -63) ('Header', '48') ('MAC', 'B8:63:4D:A2:0E:13')
Data:  24:0A:C4:23:D9:B0 ('Channel', 5) ('RSSI', -59) ('Header', '48') ('MAC', 'B8:63:4D:A2:0E:13')
Data:  24:0A:C4:23:D9:B0 ('Channel', 5) ('RSSI', -59) ('Header', '48') ('MAC', 'B8:63:4D:A2:0E:13')
Data:  24:0A:C4:23:C1:EC ('Channel', 5) ('RSSI', -63) ('Header', '48') ('MAC', 'B8:63:4D:A2:0E:13')
Data:  24:0A:C4:23:C1:EC ('Channel', 5) ('RSSI', -63) ('Header', '48') ('MAC', 'B8:63:4D:A2:0E:13')
Data:  24:0A:C4:23:D9:B0 ('Channel', 5) ('RSSI', -60) ('Header', '48') ('MAC', 'B8:63:4D:A2:0E:13')
Data:  24:0A:C4:23:C1:EC ('Channel', 5) ('RSSI', -63) ('Header', '48') ('MAC', 'B8:63:4D:A2:0E:13')
Data:  24:0A:C4:23:D9:B0 ('Channel', 5) ('RSSI', -59) ('Header', '48') ('MAC', 'B8:63:4D:A2:0E:13')
Data:  24:0A:C4:23:D9:B0 ('Channel', 5) ('RSSI', -59) ('Header', '48') ('MAC', 'B8:63:4D:A2:0E:13')
Data:  24:0A:C4:23:C1:EC ('Channel', 5) ('RSSI', -63) ('Header', '48') ('MAC', 'B8:63:4D:A2:0E:13')
Data:  24:0A:C4:23:C1:EC ('Channel', 5) ('RSSI', -63) ('Header', '48') ('MAC', 'B8:63:4D:A2:0E:13')
Data:  24:0A:C4:23:D9:B0 ('Channel', 5) ('RSSI', -59) ('Header', '48') ('MAC', 'B8:63:4D:A2:0E:13')
Data:  24:0A:C4:23:C1:EC ('Channel', 5) ('RSSI', -63) ('Header', '48') ('MAC', 'B8:63:4D:A2:0E:13')
Data:  24:0A:C4:23:D9:B0 ('Channel', 5) ('RSSI', -60) ('Header', '48') ('MAC', 'B8:63:4D:A2:0E:13')
Data:  24:0A:C4:23:C1:EC ('Channel', 5) ('RSSI', -63) ('Header', '48') ('MAC', 'B8:63:4D:A2:0E:13')
Data:  24:0A:C4:23:C1:EC ('Channel', 5) ('RSSI', -63) ('Header', '48') ('MAC', 'B8:63:4D:A2:0E:13')
Data:  24:0A:C4:23:C1:EC ('Channel', 5) ('RSSI', -63) ('Header', '48') ('MAC', 'B8:63:4D:A2:0E:13')
Data:  24:0A:C4:23:D9:B0 ('Channel', 5) ('RSSI', -59) ('Header', '48') ('MAC', 'B8:63:4D:A2:0E:13')
Data:  24:0A:C4:23:D9:B0 ('Channel', 5) ('RSSI', -60) ('Header', '48') ('MAC', 'B8:63:4D:A2:0E:13')
Data:  24:0A:C4:23:C1:EC ('Channel', 5) ('RSSI', -63) ('Header', '48') ('MAC', 'B8:63:4D:A2:0E:13')
Data:  24:0A:C4:23:D9:B0 ('Channel', 5) ('RSSI', -59) ('Header', '48') ('MAC', 'B8:63:4D:A2:0E:13')
Data:  24:0A:C4:23:C1:EC ('Channel', 5) ('RSSI', -63) ('Header', '48') ('MAC', 'B8:63:4D:A2:0E:13')
Data:  24:0A:C4:23:D9:B0 ('Channel', 5) ('RSSI', -59) ('Header', '48') ('MAC', 'B8:63:4D:A2:0E:13')
Data:  24:0A:C4:23:C1:EC ('Channel', 5) ('RSSI', -63) ('Header', '48') ('MAC', 'B8:63:4D:A2:0E:13')
Data:  24:0A:C4:23:D9:B0 ('Channel', 5) ('RSSI', -59) ('Header', '48') ('MAC', 'B8:63:4D:A2:0E:13')
Data:  24:0A:C4:23:C1:EC ('Channel', 5) ('RSSI', -63) ('Header', '48') ('MAC', 'B8:63:4D:A2:0E:13')
Data:  24:0A:C4:23:D9:B0 ('Channel', 5) ('RSSI', -59) ('Header', '48') ('MAC', 'B8:63:4D:A2:0E:13')
Summary:  3C:71:BF:99:F9:E0 627 {}
Summary:  24:0A:C4:23:D9:B0 280 {'B8:63:4D:A2:0E:13': -59.2}
Summary:  24:0A:C4:23:C1:EC 940 {'B8:63:4D:A2:0E:13': -63.0}
Data:  24:0A:C4:23:C1:EC ('Channel', 5) ('RSSI', -63) ('Header', '48') ('MAC', 'B8:63:4D:A2:0E:13')
Data:  24:0A:C4:23:D9:B0 ('Channel', 5) ('RSSI', -59) ('Header', '48') ('MAC', 'B8:63:4D:A2:0E:13')
Data:  24:0A:C4:23:C1:EC ('Channel', 5) ('RSSI', -63) ('Header', '48') ('MAC', 'B8:63:4D:A2:0E:13')
Data:  24:0A:C4:23:D9:B0 ('Channel', 5) ('RSSI', -59) ('Header', '48') ('MAC', 'B8:63:4D:A2:0E:13')
Data:  24:0A:C4:23:D9:B0 ('Channel', 5) ('RSSI', -59) ('Header', '48') ('MAC', 'B8:63:4D:A2:0E:13')
Data:  24:0A:C4:23:C1:EC ('Channel', 5) ('RSSI', -63) ('Header', '48') ('MAC', 'B8:63:4D:A2:0E:13')
Data:  24:0A:C4:23:D9:B0 ('Channel', 5) ('RSSI', -59) ('Header', '48') ('MAC', 'B8:63:4D:A2:0E:13')
Data:  24:0A:C4:23:C1:EC ('Channel', 5) ('RSSI', -63) ('Header', '48') ('MAC', 'B8:63:4D:A2:0E:13')
Data:  24:0A:C4:23:C1:EC ('Channel', 5) ('RSSI', -63) ('Header', '48') ('MAC', 'B8:63:4D:A2:0E:13')
Data:  24:0A:C4:23:C1:EC ('Channel', 5) ('RSSI', -63) ('Header', '48') ('MAC', 'B8:63:4D:A2:0E:13')
Data:  24:0A:C4:23:D9:B0 ('Channel', 5) ('RSSI', -59) ('Header', '48') ('MAC', 'B8:63:4D:A2:0E:13')
Data:  24:0A:C4:23:D9:B0 ('Channel', 5) ('RSSI', -59) ('Header', '48') ('MAC', 'B8:63:4D:A2:0E:13')
Data:  24:0A:C4:23:D9:B0 ('Channel', 5) ('RSSI', -58) ('Header', '48') ('MAC', 'B8:63:4D:A2:0E:13')
Data:  24:0A:C4:23:C1:EC ('Channel', 5) ('RSSI', -63) ('Header', '48') ('MAC', 'B8:63:4D:A2:0E:13')
Data:  24:0A:C4:23:D9:B0 ('Channel', 5) ('RSSI', -59) ('Header', '48') ('MAC', 'B8:63:4D:A2:0E:13')
Data:  24:0A:C4:23:C1:EC ('Channel', 5) ('RSSI', -63) ('Header', '48') ('MAC', 'B8:63:4D:A2:0E:13')
Data:  24:0A:C4:23:C1:EC ('Channel', 5) ('RSSI', -63) ('Header', '48') ('MAC', 'B8:63:4D:A2:0E:13')
Data:  24:0A:C4:23:D9:B0 ('Channel', 5) ('RSSI', -58) ('Header', '48') ('MAC', 'B8:63:4D:A2:0E:13')
Data:  24:0A:C4:23:D9:B0 ('Channel', 5) ('RSSI', -58) ('Header', '48') ('MAC', 'B8:63:4D:A2:0E:13')
Data:  24:0A:C4:23:C1:EC ('Channel', 5) ('RSSI', -63) ('Header', '48') ('MAC', 'B8:63:4D:A2:0E:13')
Data:  24:0A:C4:23:C1:EC ('Channel', 5) ('RSSI', -63) ('Header', '48') ('MAC', 'B8:63:4D:A2:0E:13')
Data:  24:0A:C4:23:D9:B0 ('Channel', 5) ('RSSI', -58) ('Header', '48') ('MAC', 'B8:63:4D:A2:0E:13')
Data:  24:0A:C4:23:D9:B0 ('Channel', 5) ('RSSI', -58) ('Header', '48') ('MAC', 'B8:63:4D:A2:0E:13')
Data:  24:0A:C4:23:C1:EC ('Channel', 5) ('RSSI', -63) ('Header', '48') ('MAC', 'B8:63:4D:A2:0E:13')
Data:  24:0A:C4:23:D9:B0 ('Channel', 5) ('RSSI', -58) ('Header', '48') ('MAC', 'B8:63:4D:A2:0E:13')
Data:  24:0A:C4:23:C1:EC ('Channel', 5) ('RSSI', -63) ('Header', '48') ('MAC', 'B8:63:4D:A2:0E:13')
Data:  24:0A:C4:23:C1:EC ('Channel', 5) ('RSSI', -63) ('Header', '48') ('MAC', 'B8:63:4D:A2:0E:13')
Data:  24:0A:C4:23:D9:B0 ('Channel', 5) ('RSSI', -58) ('Header', '48') ('MAC', 'B8:63:4D:A2:0E:13')
Data:  24:0A:C4:23:D9:B0 ('Channel', 5) ('RSSI', -59) ('Header', '48') ('MAC', 'B8:63:4D:A2:0E:13')
Data:  24:0A:C4:23:C1:EC ('Channel', 5) ('RSSI', -63) ('Header', '48') ('MAC', 'B8:63:4D:A2:0E:13')
Data:  24:0A:C4:23:D9:B0 ('Channel', 5) ('RSSI', -58) ('Header', '48') ('MAC', 'B8:63:4D:A2:0E:13')
Data:  24:0A:C4:23:C1:EC ('Channel', 5) ('RSSI', -63) ('Header', '48') ('MAC', 'B8:63:4D:A2:0E:13')
Data:  24:0A:C4:23:C1:EC ('Channel', 5) ('RSSI', -63) ('Header', '48') ('MAC', 'B8:63:4D:A2:0E:13')
Data:  24:0A:C4:23:D9:B0 ('Channel', 5) ('RSSI', -58) ('Header', '48') ('MAC', 'B8:63:4D:A2:0E:13')
Data:  24:0A:C4:23:C1:EC ('Channel', 5) ('RSSI', -63) ('Header', '48') ('MAC', 'B8:63:4D:A2:0E:13')
Data:  24:0A:C4:23:D9:B0 ('Channel', 5) ('RSSI', -58) ('Header', '48') ('MAC', 'B8:63:4D:A2:0E:13')
Data:  24:0A:C4:23:D9:B0 ('Channel', 5) ('RSSI', -58) ('Header', '48') ('MAC', 'B8:63:4D:A2:0E:13')
Data:  24:0A:C4:23:C1:EC ('Channel', 5) ('RSSI', -63) ('Header', '48') ('MAC', 'B8:63:4D:A2:0E:13')
Data:  24:0A:C4:23:C1:EC ('Channel', 5) ('RSSI', -62) ('Header', '48') ('MAC', 'B8:63:4D:A2:0E:13')
Data:  24:0A:C4:23:D9:B0 ('Channel', 5) ('RSSI', -57) ('Header', '48') ('MAC', 'B8:63:4D:A2:0E:13')
Data:  24:0A:C4:23:D9:B0 ('Channel', 5) ('RSSI', -58) ('Header', '48') ('MAC', 'B8:63:4D:A2:0E:13')
Data:  24:0A:C4:23:C1:EC ('Channel', 5) ('RSSI', -63) ('Header', '48') ('MAC', 'B8:63:4D:A2:0E:13')
Data:  24:0A:C4:23:D9:B0 ('Channel', 5) ('RSSI', -57) ('Header', '48') ('MAC', 'B8:63:4D:A2:0E:13')
Summary:  3C:71:BF:99:F9:E0 627 {}
Summary:  24:0A:C4:23:D9:B0 280 {'B8:63:4D:A2:0E:13': -58.3}
Summary:  24:0A:C4:23:C1:EC 940 {'B8:63:4D:A2:0E:13': -63.0}
Data:  24:0A:C4:23:C1:EC ('Channel', 5) ('RSSI', -62) ('Header', '48') ('MAC', 'B8:63:4D:A2:0E:13')
Data:  24:0A:C4:23:C1:EC ('Channel', 5) ('RSSI', -62) ('Header', '48') ('MAC', 'B8:63:4D:A2:0E:13')
Data:  24:0A:C4:23:D9:B0 ('Channel', 5) ('RSSI', -59) ('Header', '48') ('MAC', 'B8:63:4D:A2:0E:13')
Data:  24:0A:C4:23:D9:B0 ('Channel', 5) ('RSSI', -59) ('Header', '48') ('MAC', 'B8:63:4D:A2:0E:13')
Data:  24:0A:C4:23:C1:EC ('Channel', 5) ('RSSI', -62) ('Header', '48') ('MAC', 'B8:63:4D:A2:0E:13')
Data:  24:0A:C4:23:D9:B0 ('Channel', 5) ('RSSI', -60) ('Header', '48') ('MAC', 'B8:63:4D:A2:0E:13')
Data:  24:0A:C4:23:C1:EC ('Channel', 5) ('RSSI', -63) ('Header', '48') ('MAC', 'B8:63:4D:A2:0E:13')
Data:  24:0A:C4:23:C1:EC ('Channel', 5) ('RSSI', -63) ('Header', '48') ('MAC', 'B8:63:4D:A2:0E:13')
Data:  24:0A:C4:23:D9:B0 ('Channel', 5) ('RSSI', -60) ('Header', '48') ('MAC', 'B8:63:4D:A2:0E:13')
Data:  24:0A:C4:23:C1:EC ('Channel', 5) ('RSSI', -62) ('Header', '48') ('MAC', 'B8:63:4D:A2:0E:13')
Data:  24:0A:C4:23:D9:B0 ('Channel', 5) ('RSSI', -59) ('Header', '48') ('MAC', 'B8:63:4D:A2:0E:13')
Data:  24:0A:C4:23:D9:B0 ('Channel', 5) ('RSSI', -59) ('Header', '48') ('MAC', 'B8:63:4D:A2:0E:13')
Data:  24:0A:C4:23:C1:EC ('Channel', 5) ('RSSI', -62) ('Header', '48') ('MAC', 'B8:63:4D:A2:0E:13')
Data:  24:0A:C4:23:C1:EC ('Channel', 5) ('RSSI', -62) ('Header', '48') ('MAC', 'B8:63:4D:A2:0E:13')
Data:  24:0A:C4:23:D9:B0 ('Channel', 5) ('RSSI', -59) ('Header', '48') ('MAC', 'B8:63:4D:A2:0E:13')
Data:  24:0A:C4:23:C1:EC ('Channel', 5) ('RSSI', -62) ('Header', '48') ('MAC', 'B8:63:4D:A2:0E:13')
Data:  24:0A:C4:23:D9:B0 ('Channel', 5) ('RSSI', -59) ('Header', '48') ('MAC', 'B8:63:4D:A2:0E:13')
Data:  24:0A:C4:23:D9:B0 ('Channel', 5) ('RSSI', -59) ('Header', '48') ('MAC', 'B8:63:4D:A2:0E:13')
Data:  24:0A:C4:23:C1:EC ('Channel', 5) ('RSSI', -63) ('Header', '48') ('MAC', 'B8:63:4D:A2:0E:13')
Data:  24:0A:C4:23:C1:EC ('Channel', 5) ('RSSI', -62) ('Header', '48') ('MAC', 'B8:63:4D:A2:0E:13')
Data:  24:0A:C4:23:D9:B0 ('Channel', 5) ('RSSI', -58) ('Header', '48') ('MAC', 'B8:63:4D:A2:0E:13')
Data:  24:0A:C4:23:D9:B0 ('Channel', 5) ('RSSI', -58) ('Header', '48') ('MAC', 'B8:63:4D:A2:0E:13')
Data:  24:0A:C4:23:C1:EC ('Channel', 5) ('RSSI', -63) ('Header', '48') ('MAC', 'B8:63:4D:A2:0E:13')
Data:  24:0A:C4:23:D9:B0 ('Channel', 5) ('RSSI', -58) ('Header', '48') ('MAC', 'B8:63:4D:A2:0E:13')
Data:  24:0A:C4:23:C1:EC ('Channel', 5) ('RSSI', -62) ('Header', '48') ('MAC', 'B8:63:4D:A2:0E:13')
Data:  24:0A:C4:23:D9:B0 ('Channel', 5) ('RSSI', -59) ('Header', '48') ('MAC', 'B8:63:4D:A2:0E:13')
Data:  24:0A:C4:23:C1:EC ('Channel', 5) ('RSSI', -63) ('Header', '48') ('MAC', 'B8:63:4D:A2:0E:13')
Data:  24:0A:C4:23:C1:EC ('Channel', 5) ('RSSI', -62) ('Header', '48') ('MAC', 'B8:63:4D:A2:0E:13')
Data:  24:0A:C4:23:D9:B0 ('Channel', 5) ('RSSI', -59) ('Header', '48') ('MAC', 'B8:63:4D:A2:0E:13')
Data:  24:0A:C4:23:D9:B0 ('Channel', 5) ('RSSI', -58) ('Header', '48') ('MAC', 'B8:63:4D:A2:0E:13')
Data:  24:0A:C4:23:C1:EC ('Channel', 5) ('RSSI', -62) ('Header', '48') ('MAC', 'B8:63:4D:A2:0E:13')
Data:  24:0A:C4:23:D9:B0 ('Channel', 5) ('RSSI', -58) ('Header', '48') ('MAC', 'B8:63:4D:A2:0E:13')
Data:  24:0A:C4:23:C1:EC ('Channel', 5) ('RSSI', -62) ('Header', '48') ('MAC', 'B8:63:4D:A2:0E:13')
Data:  24:0A:C4:23:D9:B0 ('Channel', 5) ('RSSI', -58) ('Header', '48') ('MAC', 'B8:63:4D:A2:0E:13')
Data:  24:0A:C4:23:C1:EC ('Channel', 5) ('RSSI', -62) ('Header', '48') ('MAC', 'B8:63:4D:A2:0E:13')
Data:  24:0A:C4:23:C1:EC ('Channel', 5) ('RSSI', -63) ('Header', '48') ('MAC', 'B8:63:4D:A2:0E:13')
Data:  24:0A:C4:23:D9:B0 ('Channel', 5) ('RSSI', -59) ('Header', '48') ('MAC', 'B8:63:4D:A2:0E:13')
Data:  24:0A:C4:23:C1:EC ('Channel', 5) ('RSSI', -63) ('Header', '48') ('MAC', 'B8:63:4D:A2:0E:13')
Data:  24:0A:C4:23:D9:B0 ('Channel', 5) ('RSSI', -59) ('Header', '48') ('MAC', 'B8:63:4D:A2:0E:13')
Data:  24:0A:C4:23:C1:EC ('Channel', 5) ('RSSI', -62) ('Header', '48') ('MAC', 'B8:63:4D:A2:0E:13')
Data:  24:0A:C4:23:D9:B0 ('Channel', 5) ('RSSI', -84) ('Header', '48') ('MAC', 'B8:63:4D:A2:0E:13')
Data:  24:0A:C4:23:C1:EC ('Channel', 5) ('RSSI', -73) ('Header', '48') ('MAC', 'B8:63:4D:A2:0E:13')
Data:  24:0A:C4:23:D9:B0 ('Channel', 5) ('RSSI', -60) ('Header', '48') ('MAC', 'B8:63:4D:A2:0E:13')
Data:  24:0A:C4:23:C1:EC ('Channel', 5) ('RSSI', -62) ('Header', '48') ('MAC', 'B8:63:4D:A2:0E:13')
Data:  24:0A:C4:23:D9:B0 ('Channel', 5) ('RSSI', -59) ('Header', '48') ('MAC', 'B8:63:4D:A2:0E:13')
Data:  24:0A:C4:23:C1:EC ('Channel', 5) ('RSSI', -64) ('Header', '48') ('MAC', 'B8:63:4D:A2:0E:13')
Data:  24:0A:C4:23:D9:B0 ('Channel', 5) ('RSSI', -59) ('Header', '48') ('MAC', 'B8:63:4D:A2:0E:13')
Data:  24:0A:C4:23:D9:B0 ('Channel', 5) ('RSSI', -58) ('Header', '48') ('MAC', 'B8:63:4D:A2:0E:13')
Data:  24:0A:C4:23:C1:EC ('Channel', 5) ('RSSI', -62) ('Header', '48') ('MAC', 'B8:63:4D:A2:0E:13')
Data:  24:0A:C4:23:C1:EC ('Channel', 5) ('RSSI', -62) ('Header', '48') ('MAC', 'B8:63:4D:A2:0E:13')
Data:  24:0A:C4:23:D9:B0 ('Channel', 5) ('RSSI', -57) ('Header', '48') ('MAC', 'B8:63:4D:A2:0E:13')
Data:  24:0A:C4:23:C1:EC ('Channel', 5) ('RSSI', -62) ('Header', '48') ('MAC', 'B8:63:4D:A2:0E:13')
Data:  24:0A:C4:23:D9:B0 ('Channel', 5) ('RSSI', -58) ('Header', '48') ('MAC', 'B8:63:4D:A2:0E:13')
Data:  24:0A:C4:23:C1:EC ('Channel', 5) ('RSSI', -63) ('Header', '48') ('MAC', 'B8:63:4D:A2:0E:13')
Data:  24:0A:C4:23:D9:B0 ('Channel', 5) ('RSSI', -60) ('Header', '48') ('MAC', 'B8:63:4D:A2:0E:13')
Data:  24:0A:C4:23:D9:B0 ('Channel', 5) ('RSSI', -58) ('Header', '48') ('MAC', 'B8:63:4D:A2:0E:13')
Data:  24:0A:C4:23:C1:EC ('Channel', 5) ('RSSI', -63) ('Header', '48') ('MAC', 'B8:63:4D:A2:0E:13')
Data:  24:0A:C4:23:C1:EC ('Channel', 5) ('RSSI', -63) ('Header', '48') ('MAC', 'B8:63:4D:A2:0E:13')
Data:  24:0A:C4:23:D9:B0 ('Channel', 5) ('RSSI', -58) ('Header', '48') ('MAC', 'B8:63:4D:A2:0E:13')
Data:  24:0A:C4:23:D9:B0 ('Channel', 5) ('RSSI', -58) ('Header', '48') ('MAC', 'B8:63:4D:A2:0E:13')
Data:  24:0A:C4:23:C1:EC ('Channel', 5) ('RSSI', -62) ('Header', '48') ('MAC', 'B8:63:4D:A2:0E:13')
Data:  24:0A:C4:23:D9:B0 ('Channel', 5) ('RSSI', -58) ('Header', '48') ('MAC', 'B8:63:4D:A2:0E:13')
Data:  24:0A:C4:23:D9:B0 ('Channel', 5) ('RSSI', -59) ('Header', '48') ('MAC', 'B8:63:4D:A2:0E:13')
Data:  24:0A:C4:23:C1:EC ('Channel', 5) ('RSSI', -62) ('Header', '48') ('MAC', 'B8:63:4D:A2:0E:13')
Data:  24:0A:C4:23:C1:EC ('Channel', 5) ('RSSI', -63) ('Header', '48') ('MAC', 'B8:63:4D:A2:0E:13')
Data:  24:0A:C4:23:C1:EC ('Channel', 5) ('RSSI', -62) ('Header', '48') ('MAC', 'B8:63:4D:A2:0E:13')
Data:  24:0A:C4:23:D9:B0 ('Channel', 5) ('RSSI', -59) ('Header', '48') ('MAC', 'B8:63:4D:A2:0E:13')
Data:  24:0A:C4:23:C1:EC ('Channel', 5) ('RSSI', -62) ('Header', '48') ('MAC', 'B8:63:4D:A2:0E:13')
Data:  24:0A:C4:23:D9:B0 ('Channel', 5) ('RSSI', -58) ('Header', '48') ('MAC', 'B8:63:4D:A2:0E:13')
Data:  24:0A:C4:23:D9:B0 ('Channel', 5) ('RSSI', -59) ('Header', '48') ('MAC', 'B8:63:4D:A2:0E:13')
Data:  24:0A:C4:23:C1:EC ('Channel', 5) ('RSSI', -63) ('Header', '48') ('MAC', 'B8:63:4D:A2:0E:13')
Data:  24:0A:C4:23:D9:B0 ('Channel', 5) ('RSSI', -58) ('Header', '48') ('MAC', 'B8:63:4D:A2:0E:13')
Data:  24:0A:C4:23:C1:EC ('Channel', 5) ('RSSI', -63) ('Header', '48') ('MAC', 'B8:63:4D:A2:0E:13')
Data:  24:0A:C4:23:C1:EC ('Channel', 5) ('RSSI', -62) ('Header', '48') ('MAC', 'B8:63:4D:A2:0E:13')
Data:  24:0A:C4:23:C1:EC ('Channel', 5) ('RSSI', -62) ('Header', '48') ('MAC', 'B8:63:4D:A2:0E:13')
Data:  24:0A:C4:23:C1:EC ('Channel', 5) ('RSSI', -63) ('Header', '48') ('MAC', 'B8:63:4D:A2:0E:13')
Data:  24:0A:C4:23:D9:B0 ('Channel', 5) ('RSSI', -58) ('Header', '48') ('MAC', 'B8:63:4D:A2:0E:13')
Data:  24:0A:C4:23:D9:B0 ('Channel', 5) ('RSSI', -58) ('Header', '48') ('MAC', 'B8:63:4D:A2:0E:13')
Data:  24:0A:C4:23:D9:B0 ('Channel', 5) ('RSSI', -60) ('Header', '48') ('MAC', 'B8:63:4D:A2:0E:13')
Data:  24:0A:C4:23:C1:EC ('Channel', 5) ('RSSI', -63) ('Header', '48') ('MAC', 'B8:63:4D:A2:0E:13')
Data:  24:0A:C4:23:D9:B0 ('Channel', 5) ('RSSI', -60) ('Header', '48') ('MAC', 'B8:63:4D:A2:0E:13')
Data:  24:0A:C4:23:C1:EC ('Channel', 5) ('RSSI', -63) ('Header', '48') ('MAC', 'B8:63:4D:A2:0E:13')
Data:  24:0A:C4:23:D9:B0 ('Channel', 5) ('RSSI', -59) ('Header', '48') ('MAC', 'B8:63:4D:A2:0E:13')
Summary:  3C:71:BF:99:F9:E0 627 {}
Summary:  24:0A:C4:23:D9:B0 280 {'B8:63:4D:A2:0E:13': -59.3}
Summary:  24:0A:C4:23:C1:EC 940 {'B8:63:4D:A2:0E:13': -62.7}
Data:  24:0A:C4:23:C1:EC ('Channel', 5) ('RSSI', -62) ('Header', '48') ('MAC', 'B8:63:4D:A2:0E:13')
Data:  24:0A:C4:23:D9:B0 ('Channel', 5) ('RSSI', -59) ('Header', '48') ('MAC', 'B8:63:4D:A2:0E:13')
Data:  24:0A:C4:23:C1:EC ('Channel', 5) ('RSSI', -62) ('Header', '48') ('MAC', 'B8:63:4D:A2:0E:13')
Data:  24:0A:C4:23:D9:B0 ('Channel', 5) ('RSSI', -59) ('Header', '48') ('MAC', 'B8:63:4D:A2:0E:13')
Data:  24:0A:C4:23:C1:EC ('Channel', 5) ('RSSI', -62) ('Header', '48') ('MAC', 'B8:63:4D:A2:0E:13')
Data:  24:0A:C4:23:C1:EC ('Channel', 5) ('RSSI', -62) ('Header', '48') ('MAC', 'B8:63:4D:A2:0E:13')
Data:  24:0A:C4:23:D9:B0 ('Channel', 5) ('RSSI', -59) ('Header', '48') ('MAC', 'B8:63:4D:A2:0E:13')
Data:  24:0A:C4:23:D9:B0 ('Channel', 5) ('RSSI', -60) ('Header', '48') ('MAC', 'B8:63:4D:A2:0E:13')
Data:  24:0A:C4:23:C1:EC ('Channel', 5) ('RSSI', -63) ('Header', '48') ('MAC', 'B8:63:4D:A2:0E:13')
Data:  24:0A:C4:23:D9:B0 ('Channel', 5) ('RSSI', -61) ('Header', '48') ('MAC', 'B8:63:4D:A2:0E:13')
Data:  24:0A:C4:23:C1:EC ('Channel', 5) ('RSSI', -63) ('Header', '48') ('MAC', 'B8:63:4D:A2:0E:13')
Data:  24:0A:C4:23:C1:EC ('Channel', 5) ('RSSI', -63) ('Header', '48') ('MAC', 'B8:63:4D:A2:0E:13')
Data:  24:0A:C4:23:D9:B0 ('Channel', 5) ('RSSI', -60) ('Header', '48') ('MAC', 'B8:63:4D:A2:0E:13')
Data:  24:0A:C4:23:C1:EC ('Channel', 5) ('RSSI', -63) ('Header', '48') ('MAC', 'B8:63:4D:A2:0E:13')
Data:  24:0A:C4:23:D9:B0 ('Channel', 5) ('RSSI', -60) ('Header', '48') ('MAC', 'B8:63:4D:A2:0E:13')
Data:  24:0A:C4:23:C1:EC ('Channel', 5) ('RSSI', -63) ('Header', '48') ('MAC', 'B8:63:4D:A2:0E:13')
Data:  24:0A:C4:23:D9:B0 ('Channel', 5) ('RSSI', -58) ('Header', '48') ('MAC', 'B8:63:4D:A2:0E:13')
Data:  24:0A:C4:23:C1:EC ('Channel', 5) ('RSSI', -63) ('Header', '48') ('MAC', 'B8:63:4D:A2:0E:13')
Data:  24:0A:C4:23:C1:EC ('Channel', 5) ('RSSI', -62) ('Header', '48') ('MAC', 'B8:63:4D:A2:0E:13')
Data:  24:0A:C4:23:D9:B0 ('Channel', 5) ('RSSI', -57) ('Header', '48') ('MAC', 'B8:63:4D:A2:0E:13')
Data:  24:0A:C4:23:D9:B0 ('Channel', 5) ('RSSI', -59) ('Header', '48') ('MAC', 'B8:63:4D:A2:0E:13')
Data:  24:0A:C4:23:C1:EC ('Channel', 5) ('RSSI', -63) ('Header', '48') ('MAC', 'B8:63:4D:A2:0E:13')
Data:  24:0A:C4:23:D9:B0 ('Channel', 5) ('RSSI', -59) ('Header', '48') ('MAC', 'B8:63:4D:A2:0E:13')
Data:  24:0A:C4:23:C1:EC ('Channel', 5) ('RSSI', -63) ('Header', '48') ('MAC', 'B8:63:4D:A2:0E:13')
Data:  24:0A:C4:23:D9:B0 ('Channel', 5) ('RSSI', -59) ('Header', '48') ('MAC', 'B8:63:4D:A2:0E:13')
Data:  24:0A:C4:23:C1:EC ('Channel', 5) ('RSSI', -62) ('Header', '48') ('MAC', 'B8:63:4D:A2:0E:13')
Data:  24:0A:C4:23:D9:B0 ('Channel', 5) ('RSSI', -58) ('Header', '48') ('MAC', 'B8:63:4D:A2:0E:13')
Data:  24:0A:C4:23:C1:EC ('Channel', 5) ('RSSI', -63) ('Header', '48') ('MAC', 'B8:63:4D:A2:0E:13')
Data:  24:0A:C4:23:D9:B0 ('Channel', 5) ('RSSI', -59) ('Header', '48') ('MAC', 'B8:63:4D:A2:0E:13')
Data:  24:0A:C4:23:C1:EC ('Channel', 5) ('RSSI', -62) ('Header', '48') ('MAC', 'B8:63:4D:A2:0E:13')
Data:  24:0A:C4:23:C1:EC ('Channel', 5) ('RSSI', -64) ('Header', '48') ('MAC', 'B8:63:4D:A2:0E:13')
Data:  24:0A:C4:23:D9:B0 ('Channel', 5) ('RSSI', -60) ('Header', '48') ('MAC', 'B8:63:4D:A2:0E:13')
Data:  24:0A:C4:23:D9:B0 ('Channel', 5) ('RSSI', -58) ('Header', '48') ('MAC', 'B8:63:4D:A2:0E:13')
Data:  24:0A:C4:23:C1:EC ('Channel', 5) ('RSSI', -62) ('Header', '48') ('MAC', 'B8:63:4D:A2:0E:13')
Data:  24:0A:C4:23:C1:EC ('Channel', 5) ('RSSI', -62) ('Header', '48') ('MAC', 'B8:63:4D:A2:0E:13')
Data:  24:0A:C4:23:D9:B0 ('Channel', 5) ('RSSI', -59) ('Header', '48') ('MAC', 'B8:63:4D:A2:0E:13')
Data:  24:0A:C4:23:C1:EC ('Channel', 5) ('RSSI', -62) ('Header', '48') ('MAC', 'B8:63:4D:A2:0E:13')
Data:  24:0A:C4:23:D9:B0 ('Channel', 5) ('RSSI', -59) ('Header', '48') ('MAC', 'B8:63:4D:A2:0E:13')
Data:  24:0A:C4:23:C1:EC ('Channel', 5) ('RSSI', -63) ('Header', '48') ('MAC', 'B8:63:4D:A2:0E:13')
Data:  24:0A:C4:23:D9:B0 ('Channel', 5) ('RSSI', -59) ('Header', '48') ('MAC', 'B8:63:4D:A2:0E:13')
Data:  24:0A:C4:23:C1:EC ('Channel', 5) ('RSSI', -64) ('Header', '48') ('MAC', 'B8:63:4D:A2:0E:13')
Data:  24:0A:C4:23:D9:B0 ('Channel', 5) ('RSSI', -61) ('Header', '48') ('MAC', 'B8:63:4D:A2:0E:13')
Data:  24:0A:C4:23:C1:EC ('Channel', 5) ('RSSI', -63) ('Header', '48') ('MAC', 'B8:63:4D:A2:0E:13')
Data:  24:0A:C4:23:D9:B0 ('Channel', 5) ('RSSI', -60) ('Header', '48') ('MAC', 'B8:63:4D:A2:0E:13')
Data:  24:0A:C4:23:D9:B0 ('Channel', 5) ('RSSI', -59) ('Header', '48') ('MAC', 'B8:63:4D:A2:0E:13')
Data:  24:0A:C4:23:D9:B0 ('Channel', 5) ('RSSI', -60) ('Header', '48') ('MAC', 'B8:63:4D:A2:0E:13')
Data:  24:0A:C4:23:D9:B0 ('Channel', 5) ('RSSI', -60) ('Header', '48') ('MAC', 'B8:63:4D:A2:0E:13')
Data:  24:0A:C4:23:C1:EC ('Channel', 5) ('RSSI', -63) ('Header', '48') ('MAC', 'B8:63:4D:A2:0E:13')
Data:  24:0A:C4:23:C1:EC ('Channel', 5) ('RSSI', -64) ('Header', '48') ('MAC', 'B8:63:4D:A2:0E:13')
Data:  24:0A:C4:23:D9:B0 ('Channel', 5) ('RSSI', -59) ('Header', '48') ('MAC', 'B8:63:4D:A2:0E:13')
Data:  24:0A:C4:23:C1:EC ('Channel', 5) ('RSSI', -62) ('Header', '48') ('MAC', 'B8:63:4D:A2:0E:13')
Data:  24:0A:C4:23:D9:B0 ('Channel', 5) ('RSSI', -59) ('Header', '48') ('MAC', 'B8:63:4D:A2:0E:13')
Data:  24:0A:C4:23:C1:EC ('Channel', 5) ('RSSI', -63) ('Header', '48') ('MAC', 'B8:63:4D:A2:0E:13')
Data:  24:0A:C4:23:C1:EC ('Channel', 5) ('RSSI', -62) ('Header', '48') ('MAC', 'B8:63:4D:A2:0E:13')
Data:  24:0A:C4:23:C1:EC ('Channel', 5) ('RSSI', -64) ('Header', '48') ('MAC', 'B8:63:4D:A2:0E:13')
Data:  24:0A:C4:23:D9:B0 ('Channel', 5) ('RSSI', -59) ('Header', '48') ('MAC', 'B8:63:4D:A2:0E:13')
Data:  24:0A:C4:23:D9:B0 ('Channel', 5) ('RSSI', -60) ('Header', '48') ('MAC', 'B8:63:4D:A2:0E:13')
Data:  24:0A:C4:23:D9:B0 ('Channel', 5) ('RSSI', -60) ('Header', '48') ('MAC', 'B8:63:4D:A2:0E:13')
Data:  24:0A:C4:23:C1:EC ('Channel', 5) ('RSSI', -63) ('Header', '48') ('MAC', 'B8:63:4D:A2:0E:13')
Data:  24:0A:C4:23:D9:B0 ('Channel', 5) ('RSSI', -59) ('Header', '48') ('MAC', 'B8:63:4D:A2:0E:13')
Data:  24:0A:C4:23:C1:EC ('Channel', 5) ('RSSI', -63) ('Header', '48') ('MAC', 'B8:63:4D:A2:0E:13')
Data:  24:0A:C4:23:C1:EC ('Channel', 5) ('RSSI', -63) ('Header', '48') ('MAC', 'B8:63:4D:A2:0E:13')
Data:  24:0A:C4:23:D9:B0 ('Channel', 5) ('RSSI', -59) ('Header', '48') ('MAC', 'B8:63:4D:A2:0E:13')
Data:  24:0A:C4:23:C1:EC ('Channel', 5) ('RSSI', -63) ('Header', '48') ('MAC', 'B8:63:4D:A2:0E:13')
Data:  24:0A:C4:23:D9:B0 ('Channel', 5) ('RSSI', -59) ('Header', '48') ('MAC', 'B8:63:4D:A2:0E:13')
Data:  24:0A:C4:23:C1:EC ('Channel', 5) ('RSSI', -62) ('Header', '48') ('MAC', 'B8:63:4D:A2:0E:13')
Data:  24:0A:C4:23:D9:B0 ('Channel', 5) ('RSSI', -58) ('Header', '48') ('MAC', 'B8:63:4D:A2:0E:13')
Data:  24:0A:C4:23:C1:EC ('Channel', 5) ('RSSI', -63) ('Header', '48') ('MAC', 'B8:63:4D:A2:0E:13')
Summary:  3C:71:BF:99:F9:E0 627 {}
Data:  24:0A:C4:23:D9:B0 ('Channel', 5) ('RSSI', -59) ('Header', '48') ('MAC', 'B8:63:4D:A2:0E:13')
Summary:  24:0A:C4:23:D9:B0 280 {'B8:63:4D:A2:0E:13': -59.2}
Summary:  24:0A:C4:23:C1:EC 940 {'B8:63:4D:A2:0E:13': -62.7}
Data:  24:0A:C4:23:C1:EC ('Channel', 5) ('RSSI', -63) ('Header', '48') ('MAC', 'B8:63:4D:A2:0E:13')
Data:  24:0A:C4:23:D9:B0 ('Channel', 5) ('RSSI', -59) ('Header', '48') ('MAC', 'B8:63:4D:A2:0E:13')
Data:  24:0A:C4:23:C1:EC ('Channel', 5) ('RSSI', -63) ('Header', '48') ('MAC', 'B8:63:4D:A2:0E:13')
Data:  24:0A:C4:23:D9:B0 ('Channel', 5) ('RSSI', -59) ('Header', '48') ('MAC', 'B8:63:4D:A2:0E:13')
Data:  24:0A:C4:23:C1:EC ('Channel', 5) ('RSSI', -62) ('Header', '48') ('MAC', 'B8:63:4D:A2:0E:13')
Data:  24:0A:C4:23:D9:B0 ('Channel', 5) ('RSSI', -59) ('Header', '48') ('MAC', 'B8:63:4D:A2:0E:13')
Data:  24:0A:C4:23:D9:B0 ('Channel', 5) ('RSSI', -59) ('Header', '48') ('MAC', 'B8:63:4D:A2:0E:13')
Data:  24:0A:C4:23:C1:EC ('Channel', 5) ('RSSI', -63) ('Header', '48') ('MAC', 'B8:63:4D:A2:0E:13')
Data:  24:0A:C4:23:C1:EC ('Channel', 5) ('RSSI', -63) ('Header', '48') ('MAC', 'B8:63:4D:A2:0E:13')
Data:  24:0A:C4:23:D9:B0 ('Channel', 5) ('RSSI', -60) ('Header', '48') ('MAC', 'B8:63:4D:A2:0E:13')
Data:  24:0A:C4:23:C1:EC ('Channel', 5) ('RSSI', -63) ('Header', '48') ('MAC', 'B8:63:4D:A2:0E:13')
Data:  24:0A:C4:23:D9:B0 ('Channel', 5) ('RSSI', -60) ('Header', '48') ('MAC', 'B8:63:4D:A2:0E:13')
Data:  24:0A:C4:23:C1:EC ('Channel', 5) ('RSSI', -62) ('Header', '48') ('MAC', 'B8:63:4D:A2:0E:13')
Data:  24:0A:C4:23:D9:B0 ('Channel', 5) ('RSSI', -60) ('Header', '48') ('MAC', 'B8:63:4D:A2:0E:13')
Data:  24:0A:C4:23:C1:EC ('Channel', 5) ('RSSI', -63) ('Header', '48') ('MAC', 'B8:63:4D:A2:0E:13')
Data:  24:0A:C4:23:D9:B0 ('Channel', 5) ('RSSI', -60) ('Header', '48') ('MAC', 'B8:63:4D:A2:0E:13')
Data:  24:0A:C4:23:D9:B0 ('Channel', 5) ('RSSI', -59) ('Header', '48') ('MAC', 'B8:63:4D:A2:0E:13')
Data:  24:0A:C4:23:C1:EC ('Channel', 5) ('RSSI', -63) ('Header', '48') ('MAC', 'B8:63:4D:A2:0E:13')
Data:  24:0A:C4:23:C1:EC ('Channel', 5) ('RSSI', -63) ('Header', '48') ('MAC', 'B8:63:4D:A2:0E:13')
Data:  24:0A:C4:23:D9:B0 ('Channel', 5) ('RSSI', -60) ('Header', '48') ('MAC', 'B8:63:4D:A2:0E:13')
Data:  24:0A:C4:23:C1:EC ('Channel', 5) ('RSSI', -63) ('Header', '48') ('MAC', 'B8:63:4D:A2:0E:13')
Data:  24:0A:C4:23:C1:EC ('Channel', 5) ('RSSI', -63) ('Header', '48') ('MAC', 'B8:63:4D:A2:0E:13')
Data:  24:0A:C4:23:C1:EC ('Channel', 5) ('RSSI', -62) ('Header', '48') ('MAC', 'B8:63:4D:A2:0E:13')
Data:  24:0A:C4:23:C1:EC ('Channel', 5) ('RSSI', -62) ('Header', '48') ('MAC', 'B8:63:4D:A2:0E:13')
Data:  24:0A:C4:23:C1:EC ('Channel', 5) ('RSSI', -63) ('Header', '48') ('MAC', 'B8:63:4D:A2:0E:13')
Data:  24:0A:C4:23:D9:B0 ('Channel', 5) ('RSSI', -60) ('Header', '48') ('MAC', 'B8:63:4D:A2:0E:13')
Data:  24:0A:C4:23:D9:B0 ('Channel', 5) ('RSSI', -58) ('Header', '48') ('MAC', 'B8:63:4D:A2:0E:13')
Data:  24:0A:C4:23:D9:B0 ('Channel', 5) ('RSSI', -59) ('Header', '48') ('MAC', 'B8:63:4D:A2:0E:13')
Data:  24:0A:C4:23:D9:B0 ('Channel', 5) ('RSSI', -59) ('Header', '48') ('MAC', 'B8:63:4D:A2:0E:13')
Data:  24:0A:C4:23:D9:B0 ('Channel', 5) ('RSSI', -59) ('Header', '48') ('MAC', 'B8:63:4D:A2:0E:13')
Data:  24:0A:C4:23:D9:B0 ('Channel', 5) ('RSSI', -60) ('Header', '48') ('MAC', 'B8:63:4D:A2:0E:13')
Data:  24:0A:C4:23:C1:EC ('Channel', 5) ('RSSI', -63) ('Header', '48') ('MAC', 'B8:63:4D:A2:0E:13')
Data:  24:0A:C4:23:C1:EC ('Channel', 5) ('RSSI', -62) ('Header', '48') ('MAC', 'B8:63:4D:A2:0E:13')
Data:  24:0A:C4:23:D9:B0 ('Channel', 5) ('RSSI', -59) ('Header', '48') ('MAC', 'B8:63:4D:A2:0E:13')
Data:  24:0A:C4:23:C1:EC ('Channel', 5) ('RSSI', -63) ('Header', '48') ('MAC', 'B8:63:4D:A2:0E:13')
Data:  24:0A:C4:23:D9:B0 ('Channel', 5) ('RSSI', -59) ('Header', '48') ('MAC', 'B8:63:4D:A2:0E:13')
Data:  24:0A:C4:23:C1:EC ('Channel', 5) ('RSSI', -63) ('Header', '48') ('MAC', 'B8:63:4D:A2:0E:13')
Data:  24:0A:C4:23:D9:B0 ('Channel', 5) ('RSSI', -59) ('Header', '48') ('MAC', 'B8:63:4D:A2:0E:13')
Data:  24:0A:C4:23:C1:EC ('Channel', 5) ('RSSI', -63) ('Header', '48') ('MAC', 'B8:63:4D:A2:0E:13')
Data:  24:0A:C4:23:D9:B0 ('Channel', 5) ('RSSI', -59) ('Header', '48') ('MAC', 'B8:63:4D:A2:0E:13')
Data:  24:0A:C4:23:C1:EC ('Channel', 5) ('RSSI', -64) ('Header', '48') ('MAC', 'B8:63:4D:A2:0E:13')
Data:  24:0A:C4:23:C1:EC ('Channel', 5) ('RSSI', -63) ('Header', '48') ('MAC', 'B8:63:4D:A2:0E:13')
Data:  24:0A:C4:23:D9:B0 ('Channel', 5) ('RSSI', -59) ('Header', '48') ('MAC', 'B8:63:4D:A2:0E:13')
Data:  24:0A:C4:23:C1:EC ('Channel', 5) ('RSSI', -63) ('Header', '48') ('MAC', 'B8:63:4D:A2:0E:13')
Data:  24:0A:C4:23:D9:B0 ('Channel', 5) ('RSSI', -59) ('Header', '48') ('MAC', 'B8:63:4D:A2:0E:13')
Data:  24:0A:C4:23:C1:EC ('Channel', 5) ('RSSI', -62) ('Header', '48') ('MAC', 'B8:63:4D:A2:0E:13')
Data:  24:0A:C4:23:C1:EC ('Channel', 5) ('RSSI', -63) ('Header', '48') ('MAC', 'B8:63:4D:A2:0E:13')
Data:  24:0A:C4:23:D9:B0 ('Channel', 5) ('RSSI', -59) ('Header', '48') ('MAC', 'B8:63:4D:A2:0E:13')
Data:  24:0A:C4:23:C1:EC ('Channel', 5) ('RSSI', -64) ('Header', '48') ('MAC', 'B8:63:4D:A2:0E:13')
Data:  24:0A:C4:23:D9:B0 ('Channel', 5) ('RSSI', -60) ('Header', '48') ('MAC', 'B8:63:4D:A2:0E:13')
Data:  24:0A:C4:23:C1:EC ('Channel', 5) ('RSSI', -63) ('Header', '48') ('MAC', 'B8:63:4D:A2:0E:13')
Data:  24:0A:C4:23:D9:B0 ('Channel', 5) ('RSSI', -60) ('Header', '48') ('MAC', 'B8:63:4D:A2:0E:13')
Data:  24:0A:C4:23:C1:EC ('Channel', 5) ('RSSI', -63) ('Header', '48') ('MAC', 'B8:63:4D:A2:0E:13')
Data:  24:0A:C4:23:C1:EC ('Channel', 5) ('RSSI', -63) ('Header', '48') ('MAC', 'B8:63:4D:A2:0E:13')
Data:  24:0A:C4:23:D9:B0 ('Channel', 5) ('RSSI', -60) ('Header', '48') ('MAC', 'B8:63:4D:A2:0E:13')
Data:  24:0A:C4:23:D9:B0 ('Channel', 5) ('RSSI', -60) ('Header', '48') ('MAC', 'B8:63:4D:A2:0E:13')
Data:  24:0A:C4:23:C1:EC ('Channel', 5) ('RSSI', -63) ('Header', '48') ('MAC', 'B8:63:4D:A2:0E:13')
Data:  24:0A:C4:23:D9:B0 ('Channel', 5) ('RSSI', -60) ('Header', '48') ('MAC', 'B8:63:4D:A2:0E:13')
Data:  24:0A:C4:23:C1:EC ('Channel', 5) ('RSSI', -63) ('Header', '48') ('MAC', 'B8:63:4D:A2:0E:13')
Data:  24:0A:C4:23:C1:EC ('Channel', 5) ('RSSI', -62) ('Header', '48') ('MAC', 'B8:63:4D:A2:0E:13')
Data:  24:0A:C4:23:D9:B0 ('Channel', 5) ('RSSI', -59) ('Header', '48') ('MAC', 'B8:63:4D:A2:0E:13')
Data:  24:0A:C4:23:D9:B0 ('Channel', 5) ('RSSI', -59) ('Header', '48') ('MAC', 'B8:63:4D:A2:0E:13')
Data:  24:0A:C4:23:C1:EC ('Channel', 5) ('RSSI', -63) ('Header', '48') ('MAC', 'B8:63:4D:A2:0E:13')
Data:  24:0A:C4:23:D9:B0 ('Channel', 5) ('RSSI', -61) ('Header', '48') ('MAC', 'B8:63:4D:A2:0E:13')
Data:  24:0A:C4:23:C1:EC ('Channel', 5) ('RSSI', -63) ('Header', '48') ('MAC', 'B8:63:4D:A2:0E:13')
Data:  24:0A:C4:23:D9:B0 ('Channel', 5) ('RSSI', -59) ('Header', '48') ('MAC', 'B8:63:4D:A2:0E:13')
Data:  24:0A:C4:23:C1:EC ('Channel', 5) ('RSSI', -64) ('Header', '48') ('MAC', 'B8:63:4D:A2:0E:13')
Data:  24:0A:C4:23:D9:B0 ('Channel', 5) ('RSSI', -60) ('Header', '48') ('MAC', 'B8:63:4D:A2:0E:13')
Data:  24:0A:C4:23:D9:B0 ('Channel', 5) ('RSSI', -60) ('Header', '48') ('MAC', 'B8:63:4D:A2:0E:13')
Data:  24:0A:C4:23:D9:B0 ('Channel', 5) ('RSSI', -61) ('Header', '48') ('MAC', 'B8:63:4D:A2:0E:13')
Data:  24:0A:C4:23:D9:B0 ('Channel', 5) ('RSSI', -61) ('Header', '48') ('MAC', 'B8:63:4D:A2:0E:13')
Data:  24:0A:C4:23:C1:EC ('Channel', 5) ('RSSI', -62) ('Header', '48') ('MAC', 'B8:63:4D:A2:0E:13')
Data:  24:0A:C4:23:C1:EC ('Channel', 5) ('RSSI', -62) ('Header', '48') ('MAC', 'B8:63:4D:A2:0E:13')
Data:  24:0A:C4:23:D9:B0 ('Channel', 5) ('RSSI', -59) ('Header', '48') ('MAC', 'B8:63:4D:A2:0E:13')
Data:  24:0A:C4:23:C1:EC ('Channel', 5) ('RSSI', -62) ('Header', '48') ('MAC', 'B8:63:4D:A2:0E:13')
Data:  24:0A:C4:23:D9:B0 ('Channel', 5) ('RSSI', -60) ('Header', '48') ('MAC', 'B8:63:4D:A2:0E:13')
Data:  24:0A:C4:23:C1:EC ('Channel', 5) ('RSSI', -63) ('Header', '48') ('MAC', 'B8:63:4D:A2:0E:13')
Data:  24:0A:C4:23:C1:EC ('Channel', 5) ('RSSI', -63) ('Header', '48') ('MAC', 'B8:63:4D:A2:0E:13')
Data:  24:0A:C4:23:D9:B0 ('Channel', 5) ('RSSI', -60) ('Header', '48') ('MAC', 'B8:63:4D:A2:0E:13')
Data:  24:0A:C4:23:D9:B0 ('Channel', 5) ('RSSI', -60) ('Header', '48') ('MAC', 'B8:63:4D:A2:0E:13')
Data:  24:0A:C4:23:C1:EC ('Channel', 5) ('RSSI', -63) ('Header', '48') ('MAC', 'B8:63:4D:A2:0E:13')
Summary:  3C:71:BF:99:F9:E0 627 {}
Summary:  24:0A:C4:23:D9:B0 280 {'B8:63:4D:A2:0E:13': -59.5}
Summary:  24:0A:C4:23:C1:EC 940 {'B8:63:4D:A2:0E:13': -62.8}
Data:  24:0A:C4:23:C1:EC ('Channel', 5) ('RSSI', -62) ('Header', '48') ('MAC', 'B8:63:4D:A2:0E:13')
Data:  24:0A:C4:23:D9:B0 ('Channel', 5) ('RSSI', -58) ('Header', '48') ('MAC', 'B8:63:4D:A2:0E:13')
Data:  24:0A:C4:23:C1:EC ('Channel', 5) ('RSSI', -62) ('Header', '48') ('MAC', 'B8:63:4D:A2:0E:13')
Data:  24:0A:C4:23:D9:B0 ('Channel', 5) ('RSSI', -59) ('Header', '48') ('MAC', 'B8:63:4D:A2:0E:13')
Data:  24:0A:C4:23:C1:EC ('Channel', 5) ('RSSI', -61) ('Header', '48') ('MAC', 'B8:63:4D:A2:0E:13')
Data:  24:0A:C4:23:D9:B0 ('Channel', 5) ('RSSI', -59) ('Header', '48') ('MAC', 'B8:63:4D:A2:0E:13')
Data:  24:0A:C4:23:D9:B0 ('Channel', 5) ('RSSI', -61) ('Header', '48') ('MAC', 'B8:63:4D:A2:0E:13')
Data:  24:0A:C4:23:C1:EC ('Channel', 5) ('RSSI', -63) ('Header', '48') ('MAC', 'B8:63:4D:A2:0E:13')
Data:  24:0A:C4:23:C1:EC ('Channel', 5) ('RSSI', -62) ('Header', '48') ('MAC', 'B8:63:4D:A2:0E:13')
Data:  24:0A:C4:23:D9:B0 ('Channel', 5) ('RSSI', -59) ('Header', '48') ('MAC', 'B8:63:4D:A2:0E:13')
Data:  24:0A:C4:23:C1:EC ('Channel', 5) ('RSSI', -62) ('Header', '48') ('MAC', 'B8:63:4D:A2:0E:13')
Data:  24:0A:C4:23:D9:B0 ('Channel', 5) ('RSSI', -59) ('Header', '48') ('MAC', 'B8:63:4D:A2:0E:13')
Data:  24:0A:C4:23:C1:EC ('Channel', 5) ('RSSI', -62) ('Header', '48') ('MAC', 'B8:63:4D:A2:0E:13')
Data:  24:0A:C4:23:D9:B0 ('Channel', 5) ('RSSI', -60) ('Header', '48') ('MAC', 'B8:63:4D:A2:0E:13')
Data:  24:0A:C4:23:C1:EC ('Channel', 5) ('RSSI', -63) ('Header', '48') ('MAC', 'B8:63:4D:A2:0E:13')
Data:  24:0A:C4:23:D9:B0 ('Channel', 5) ('RSSI', -59) ('Header', '48') ('MAC', 'B8:63:4D:A2:0E:13')
Data:  24:0A:C4:23:C1:EC ('Channel', 5) ('RSSI', -62) ('Header', '48') ('MAC', 'B8:63:4D:A2:0E:13')
Data:  24:0A:C4:23:D9:B0 ('Channel', 5) ('RSSI', -59) ('Header', '48') ('MAC', 'B8:63:4D:A2:0E:13')
Data:  24:0A:C4:23:C1:EC ('Channel', 5) ('RSSI', -62) ('Header', '48') ('MAC', 'B8:63:4D:A2:0E:13')
Data:  24:0A:C4:23:D9:B0 ('Channel', 5) ('RSSI', -59) ('Header', '48') ('MAC', 'B8:63:4D:A2:0E:13')
Data:  24:0A:C4:23:C1:EC ('Channel', 5) ('RSSI', -62) ('Header', '48') ('MAC', 'B8:63:4D:A2:0E:13')
Data:  24:0A:C4:23:D9:B0 ('Channel', 5) ('RSSI', -59) ('Header', '48') ('MAC', 'B8:63:4D:A2:0E:13')
Data:  24:0A:C4:23:C1:EC ('Channel', 5) ('RSSI', -62) ('Header', '48') ('MAC', 'B8:63:4D:A2:0E:13')
Data:  24:0A:C4:23:D9:B0 ('Channel', 5) ('RSSI', -59) ('Header', '48') ('MAC', 'B8:63:4D:A2:0E:13')
Data:  24:0A:C4:23:C1:EC ('Channel', 5) ('RSSI', -62) ('Header', '48') ('MAC', 'B8:63:4D:A2:0E:13')
Data:  24:0A:C4:23:D9:B0 ('Channel', 5) ('RSSI', -59) ('Header', '48') ('MAC', 'B8:63:4D:A2:0E:13')
Data:  24:0A:C4:23:D9:B0 ('Channel', 5) ('RSSI', -59) ('Header', '48') ('MAC', 'B8:63:4D:A2:0E:13')
Data:  24:0A:C4:23:D9:B0 ('Channel', 5) ('RSSI', -59) ('Header', '48') ('MAC', 'B8:63:4D:A2:0E:13')
Data:  24:0A:C4:23:D9:B0 ('Channel', 5) ('RSSI', -59) ('Header', '48') ('MAC', 'B8:63:4D:A2:0E:13')
Data:  24:0A:C4:23:D9:B0 ('Channel', 5) ('RSSI', -59) ('Header', '48') ('MAC', 'B8:63:4D:A2:0E:13')
Data:  24:0A:C4:23:C1:EC ('Channel', 5) ('RSSI', -62) ('Header', '48') ('MAC', 'B8:63:4D:A2:0E:13')
Data:  24:0A:C4:23:C1:EC ('Channel', 5) ('RSSI', -62) ('Header', '48') ('MAC', 'B8:63:4D:A2:0E:13')
Data:  24:0A:C4:23:C1:EC ('Channel', 5) ('RSSI', -63) ('Header', '48') ('MAC', 'B8:63:4D:A2:0E:13')
Data:  24:0A:C4:23:D9:B0 ('Channel', 5) ('RSSI', -59) ('Header', '48') ('MAC', 'B8:63:4D:A2:0E:13')
Data:  24:0A:C4:23:C1:EC ('Channel', 5) ('RSSI', -62) ('Header', '48') ('MAC', 'B8:63:4D:A2:0E:13')
Data:  24:0A:C4:23:D9:B0 ('Channel', 5) ('RSSI', -59) ('Header', '48') ('MAC', 'B8:63:4D:A2:0E:13')
Data:  24:0A:C4:23:C1:EC ('Channel', 5) ('RSSI', -62) ('Header', '48') ('MAC', 'B8:63:4D:A2:0E:13')
Data:  24:0A:C4:23:D9:B0 ('Channel', 5) ('RSSI', -59) ('Header', '48') ('MAC', 'B8:63:4D:A2:0E:13')
Data:  24:0A:C4:23:C1:EC ('Channel', 5) ('RSSI', -64) ('Header', '48') ('MAC', 'B8:63:4D:A2:0E:13')
Data:  24:0A:C4:23:C1:EC ('Channel', 5) ('RSSI', -63) ('Header', '48') ('MAC', 'B8:63:4D:A2:0E:13')
Data:  24:0A:C4:23:D9:B0 ('Channel', 5) ('RSSI', -60) ('Header', '48') ('MAC', 'B8:63:4D:A2:0E:13')
Data:  24:0A:C4:23:D9:B0 ('Channel', 5) ('RSSI', -59) ('Header', '48') ('MAC', 'B8:63:4D:A2:0E:13')
Data:  24:0A:C4:23:D9:B0 ('Channel', 5) ('RSSI', -59) ('Header', '48') ('MAC', 'B8:63:4D:A2:0E:13')
Data:  24:0A:C4:23:C1:EC ('Channel', 5) ('RSSI', -63) ('Header', '48') ('MAC', 'B8:63:4D:A2:0E:13')
Data:  24:0A:C4:23:D9:B0 ('Channel', 5) ('RSSI', -60) ('Header', '48') ('MAC', 'B8:63:4D:A2:0E:13')
Data:  24:0A:C4:23:C1:EC ('Channel', 5) ('RSSI', -62) ('Header', '48') ('MAC', 'B8:63:4D:A2:0E:13')
Data:  24:0A:C4:23:D9:B0 ('Channel', 5) ('RSSI', -59) ('Header', '48') ('MAC', 'B8:63:4D:A2:0E:13')
Data:  24:0A:C4:23:C1:EC ('Channel', 5) ('RSSI', -63) ('Header', '48') ('MAC', 'B8:63:4D:A2:0E:13')
Data:  24:0A:C4:23:C1:EC ('Channel', 5) ('RSSI', -62) ('Header', '48') ('MAC', 'B8:63:4D:A2:0E:13')
Data:  24:0A:C4:23:D9:B0 ('Channel', 5) ('RSSI', -60) ('Header', '48') ('MAC', 'B8:63:4D:A2:0E:13')
Summary:  3C:71:BF:99:F9:E0 627 {}
Summary:  24:0A:C4:23:D9:B0 280 {'B8:63:4D:A2:0E:13': -59.2}
Summary:  24:0A:C4:23:C1:EC 940 {'B8:63:4D:A2:0E:13': -62.3}
Data:  24:0A:C4:23:C1:EC ('Channel', 5) ('RSSI', -63) ('Header', '48') ('MAC', 'B8:63:4D:A2:0E:13')
Data:  24:0A:C4:23:D9:B0 ('Channel', 5) ('RSSI', -60) ('Header', '48') ('MAC', 'B8:63:4D:A2:0E:13')
Data:  24:0A:C4:23:C1:EC ('Channel', 5) ('RSSI', -63) ('Header', '48') ('MAC', 'B8:63:4D:A2:0E:13')
Data:  24:0A:C4:23:D9:B0 ('Channel', 5) ('RSSI', -59) ('Header', '48') ('MAC', 'B8:63:4D:A2:0E:13')
Data:  24:0A:C4:23:C1:EC ('Channel', 5) ('RSSI', -63) ('Header', '48') ('MAC', 'B8:63:4D:A2:0E:13')
Data:  24:0A:C4:23:D9:B0 ('Channel', 5) ('RSSI', -60) ('Header', '48') ('MAC', 'B8:63:4D:A2:0E:13')
Data:  24:0A:C4:23:C1:EC ('Channel', 5) ('RSSI', -62) ('Header', '48') ('MAC', 'B8:63:4D:A2:0E:13')
Data:  24:0A:C4:23:C1:EC ('Channel', 5) ('RSSI', -62) ('Header', '48') ('MAC', 'B8:63:4D:A2:0E:13')
Data:  24:0A:C4:23:D9:B0 ('Channel', 5) ('RSSI', -59) ('Header', '48') ('MAC', 'B8:63:4D:A2:0E:13')
Data:  24:0A:C4:23:C1:EC ('Channel', 5) ('RSSI', -62) ('Header', '48') ('MAC', 'B8:63:4D:A2:0E:13')
Data:  24:0A:C4:23:C1:EC ('Channel', 5) ('RSSI', -62) ('Header', '48') ('MAC', 'B8:63:4D:A2:0E:13')
Data:  24:0A:C4:23:D9:B0 ('Channel', 5) ('RSSI', -59) ('Header', '48') ('MAC', 'B8:63:4D:A2:0E:13')
Data:  24:0A:C4:23:D9:B0 ('Channel', 5) ('RSSI', -59) ('Header', '48') ('MAC', 'B8:63:4D:A2:0E:13')
Data:  24:0A:C4:23:D9:B0 ('Channel', 5) ('RSSI', -59) ('Header', '48') ('MAC', 'B8:63:4D:A2:0E:13')
Data:  24:0A:C4:23:D9:B0 ('Channel', 5) ('RSSI', -59) ('Header', '48') ('MAC', 'B8:63:4D:A2:0E:13')
Data:  24:0A:C4:23:C1:EC ('Channel', 5) ('RSSI', -62) ('Header', '48') ('MAC', 'B8:63:4D:A2:0E:13')
Data:  24:0A:C4:23:D9:B0 ('Channel', 5) ('RSSI', -59) ('Header', '48') ('MAC', 'B8:63:4D:A2:0E:13')
Data:  24:0A:C4:23:C1:EC ('Channel', 5) ('RSSI', -63) ('Header', '48') ('MAC', 'B8:63:4D:A2:0E:13')
Data:  24:0A:C4:23:C1:EC ('Channel', 5) ('RSSI', -62) ('Header', '48') ('MAC', 'B8:63:4D:A2:0E:13')
Data:  24:0A:C4:23:D9:B0 ('Channel', 5) ('RSSI', -60) ('Header', '48') ('MAC', 'B8:63:4D:A2:0E:13')
Data:  24:0A:C4:23:C1:EC ('Channel', 5) ('RSSI', -63) ('Header', '48') ('MAC', 'B8:63:4D:A2:0E:13')
Data:  24:0A:C4:23:D9:B0 ('Channel', 5) ('RSSI', -59) ('Header', '48') ('MAC', 'B8:63:4D:A2:0E:13')
Data:  24:0A:C4:23:D9:B0 ('Channel', 5) ('RSSI', -59) ('Header', '48') ('MAC', 'B8:63:4D:A2:0E:13')
Data:  24:0A:C4:23:C1:EC ('Channel', 5) ('RSSI', -62) ('Header', '48') ('MAC', 'B8:63:4D:A2:0E:13')
Data:  24:0A:C4:23:D9:B0 ('Channel', 5) ('RSSI', -59) ('Header', '48') ('MAC', 'B8:63:4D:A2:0E:13')
Data:  24:0A:C4:23:C1:EC ('Channel', 5) ('RSSI', -62) ('Header', '48') ('MAC', 'B8:63:4D:A2:0E:13')
Data:  24:0A:C4:23:D9:B0 ('Channel', 5) ('RSSI', -59) ('Header', '48') ('MAC', 'B8:63:4D:A2:0E:13')
Data:  24:0A:C4:23:C1:EC ('Channel', 5) ('RSSI', -63) ('Header', '48') ('MAC', 'B8:63:4D:A2:0E:13')
Data:  24:0A:C4:23:D9:B0 ('Channel', 5) ('RSSI', -60) ('Header', '48') ('MAC', 'B8:63:4D:A2:0E:13')
Data:  24:0A:C4:23:C1:EC ('Channel', 5) ('RSSI', -63) ('Header', '48') ('MAC', 'B8:63:4D:A2:0E:13')
Data:  24:0A:C4:23:D9:B0 ('Channel', 5) ('RSSI', -60) ('Header', '48') ('MAC', 'B8:63:4D:A2:0E:13')
Data:  24:0A:C4:23:C1:EC ('Channel', 5) ('RSSI', -63) ('Header', '48') ('MAC', 'B8:63:4D:A2:0E:13')
Data:  24:0A:C4:23:D9:B0 ('Channel', 5) ('RSSI', -60) ('Header', '48') ('MAC', 'B8:63:4D:A2:0E:13')
Data:  24:0A:C4:23:C1:EC ('Channel', 5) ('RSSI', -63) ('Header', '48') ('MAC', 'B8:63:4D:A2:0E:13')
Data:  24:0A:C4:23:D9:B0 ('Channel', 5) ('RSSI', -60) ('Header', '48') ('MAC', 'B8:63:4D:A2:0E:13')
Data:  24:0A:C4:23:D9:B0 ('Channel', 5) ('RSSI', -60) ('Header', '48') ('MAC', 'B8:63:4D:A2:0E:13')
Data:  24:0A:C4:23:C1:EC ('Channel', 5) ('RSSI', -62) ('Header', '48') ('MAC', 'B8:63:4D:A2:0E:13')
Data:  24:0A:C4:23:D9:B0 ('Channel', 5) ('RSSI', -60) ('Header', '48') ('MAC', 'B8:63:4D:A2:0E:13')
Data:  24:0A:C4:23:C1:EC ('Channel', 5) ('RSSI', -63) ('Header', '48') ('MAC', 'B8:63:4D:A2:0E:13')
Data:  24:0A:C4:23:C1:EC ('Channel', 5) ('RSSI', -63) ('Header', '48') ('MAC', 'B8:63:4D:A2:0E:13')
Data:  24:0A:C4:23:D9:B0 ('Channel', 5) ('RSSI', -60) ('Header', '48') ('MAC', 'B8:63:4D:A2:0E:13')
Data:  24:0A:C4:23:D9:B0 ('Channel', 5) ('RSSI', -60) ('Header', '48') ('MAC', 'B8:63:4D:A2:0E:13')
Data:  24:0A:C4:23:C1:EC ('Channel', 5) ('RSSI', -63) ('Header', '48') ('MAC', 'B8:63:4D:A2:0E:13')
Data:  24:0A:C4:23:C1:EC ('Channel', 5) ('RSSI', -63) ('Header', '48') ('MAC', 'B8:63:4D:A2:0E:13')
Data:  24:0A:C4:23:D9:B0 ('Channel', 5) ('RSSI', -60) ('Header', '48') ('MAC', 'B8:63:4D:A2:0E:13')
Data:  24:0A:C4:23:D9:B0 ('Channel', 5) ('RSSI', -59) ('Header', '48') ('MAC', 'B8:63:4D:A2:0E:13')
Data:  24:0A:C4:23:D9:B0 ('Channel', 5) ('RSSI', -60) ('Header', '48') ('MAC', 'B8:63:4D:A2:0E:13')
Data:  24:0A:C4:23:D9:B0 ('Channel', 5) ('RSSI', -59) ('Header', '48') ('MAC', 'B8:63:4D:A2:0E:13')
Data:  24:0A:C4:23:C1:EC ('Channel', 5) ('RSSI', -62) ('Header', '48') ('MAC', 'B8:63:4D:A2:0E:13')
Data:  24:0A:C4:23:C1:EC ('Channel', 5) ('RSSI', -62) ('Header', '48') ('MAC', 'B8:63:4D:A2:0E:13')
Data:  24:0A:C4:23:C1:EC ('Channel', 5) ('RSSI', -63) ('Header', '48') ('MAC', 'B8:63:4D:A2:0E:13')
Data:  24:0A:C4:23:C1:EC ('Channel', 5) ('RSSI', -63) ('Header', '48') ('MAC', 'B8:63:4D:A2:0E:13')
Data:  24:0A:C4:23:D9:B0 ('Channel', 5) ('RSSI', -60) ('Header', '48') ('MAC', 'B8:63:4D:A2:0E:13')
Data:  24:0A:C4:23:D9:B0 ('Channel', 5) ('RSSI', -60) ('Header', '48') ('MAC', 'B8:63:4D:A2:0E:13')
Data:  24:0A:C4:23:C1:EC ('Channel', 5) ('RSSI', -63) ('Header', '48') ('MAC', 'B8:63:4D:A2:0E:13')
Data:  24:0A:C4:23:D9:B0 ('Channel', 5) ('RSSI', -60) ('Header', '48') ('MAC', 'B8:63:4D:A2:0E:13')
Data:  24:0A:C4:23:C1:EC ('Channel', 5) ('RSSI', -62) ('Header', '48') ('MAC', 'B8:63:4D:A2:0E:13')
Data:  24:0A:C4:23:D9:B0 ('Channel', 5) ('RSSI', -59) ('Header', '48') ('MAC', 'B8:63:4D:A2:0E:13')
Data:  24:0A:C4:23:C1:EC ('Channel', 5) ('RSSI', -62) ('Header', '48') ('MAC', 'B8:63:4D:A2:0E:13')
Data:  24:0A:C4:23:C1:EC ('Channel', 5) ('RSSI', -63) ('Header', '48') ('MAC', 'B8:63:4D:A2:0E:13')
Data:  24:0A:C4:23:D9:B0 ('Channel', 5) ('RSSI', -59) ('Header', '48') ('MAC', 'B8:63:4D:A2:0E:13')
Data:  24:0A:C4:23:C1:EC ('Channel', 5) ('RSSI', -62) ('Header', '48') ('MAC', 'B8:63:4D:A2:0E:13')
Data:  24:0A:C4:23:D9:B0 ('Channel', 5) ('RSSI', -59) ('Header', '48') ('MAC', 'B8:63:4D:A2:0E:13')
Data:  24:0A:C4:23:D9:B0 ('Channel', 5) ('RSSI', -59) ('Header', '48') ('MAC', 'B8:63:4D:A2:0E:13')
Data:  24:0A:C4:23:C1:EC ('Channel', 5) ('RSSI', -62) ('Header', '48') ('MAC', 'B8:63:4D:A2:0E:13')
Data:  24:0A:C4:23:D9:B0 ('Channel', 5) ('RSSI', -59) ('Header', '48') ('MAC', 'B8:63:4D:A2:0E:13')
Data:  24:0A:C4:23:C1:EC ('Channel', 5) ('RSSI', -62) ('Header', '48') ('MAC', 'B8:63:4D:A2:0E:13')
Data:  24:0A:C4:23:D9:B0 ('Channel', 5) ('RSSI', -59) ('Header', '48') ('MAC', 'B8:63:4D:A2:0E:13')
Data:  24:0A:C4:23:C1:EC ('Channel', 5) ('RSSI', -63) ('Header', '48') ('MAC', 'B8:63:4D:A2:0E:13')
Data:  24:0A:C4:23:D9:B0 ('Channel', 5) ('RSSI', -60) ('Header', '48') ('MAC', 'B8:63:4D:A2:0E:13')
Data:  24:0A:C4:23:C1:EC ('Channel', 5) ('RSSI', -63) ('Header', '48') ('MAC', 'B8:63:4D:A2:0E:13')
Data:  24:0A:C4:23:D9:B0 ('Channel', 5) ('RSSI', -60) ('Header', '48') ('MAC', 'B8:63:4D:A2:0E:13')
Data:  24:0A:C4:23:D9:B0 ('Channel', 5) ('RSSI', -59) ('Header', '48') ('MAC', 'B8:63:4D:A2:0E:13')
Data:  24:0A:C4:23:C1:EC ('Channel', 5) ('RSSI', -62) ('Header', '48') ('MAC', 'B8:63:4D:A2:0E:13')
Data:  24:0A:C4:23:D9:B0 ('Channel', 5) ('RSSI', -59) ('Header', '48') ('MAC', 'B8:63:4D:A2:0E:13')
Data:  24:0A:C4:23:C1:EC ('Channel', 5) ('RSSI', -63) ('Header', '48') ('MAC', 'B8:63:4D:A2:0E:13')
Data:  24:0A:C4:23:C1:EC ('Channel', 5) ('RSSI', -63) ('Header', '48') ('MAC', 'B8:63:4D:A2:0E:13')
Data:  24:0A:C4:23:D9:B0 ('Channel', 5) ('RSSI', -59) ('Header', '48') ('MAC', 'B8:63:4D:A2:0E:13')
Data:  24:0A:C4:23:C1:EC ('Channel', 5) ('RSSI', -62) ('Header', '48') ('MAC', 'B8:63:4D:A2:0E:13')
Data:  24:0A:C4:23:D9:B0 ('Channel', 5) ('RSSI', -59) ('Header', '48') ('MAC', 'B8:63:4D:A2:0E:13')
Data:  24:0A:C4:23:C1:EC ('Channel', 5) ('RSSI', -62) ('Header', '48') ('MAC', 'B8:63:4D:A2:0E:13')
Data:  24:0A:C4:23:D9:B0 ('Channel', 5) ('RSSI', -59) ('Header', '48') ('MAC', 'B8:63:4D:A2:0E:13')
Summary:  3C:71:BF:99:F9:E0 627 {}
Summary:  24:0A:C4:23:D9:B0 280 {'B8:63:4D:A2:0E:13': -59.4}
Summary:  24:0A:C4:23:C1:EC 940 {'B8:63:4D:A2:0E:13': -62.5}
Data:  24:0A:C4:23:C1:EC ('Channel', 5) ('RSSI', -62) ('Header', '48') ('MAC', 'B8:63:4D:A2:0E:13')
Data:  24:0A:C4:23:C1:EC ('Channel', 5) ('RSSI', -62) ('Header', '48') ('MAC', 'B8:63:4D:A2:0E:13')
Data:  24:0A:C4:23:D9:B0 ('Channel', 5) ('RSSI', -60) ('Header', '48') ('MAC', 'B8:63:4D:A2:0E:13')
Data:  24:0A:C4:23:C1:EC ('Channel', 5) ('RSSI', -63) ('Header', '48') ('MAC', 'B8:63:4D:A2:0E:13')
Data:  24:0A:C4:23:D9:B0 ('Channel', 5) ('RSSI', -60) ('Header', '48') ('MAC', 'B8:63:4D:A2:0E:13')
Data:  24:0A:C4:23:C1:EC ('Channel', 5) ('RSSI', -62) ('Header', '48') ('MAC', 'B8:63:4D:A2:0E:13')
Data:  24:0A:C4:23:D9:B0 ('Channel', 5) ('RSSI', -59) ('Header', '48') ('MAC', 'B8:63:4D:A2:0E:13')
Data:  24:0A:C4:23:C1:EC ('Channel', 5) ('RSSI', -62) ('Header', '48') ('MAC', 'B8:63:4D:A2:0E:13')
Data:  24:0A:C4:23:C1:EC ('Channel', 5) ('RSSI', -62) ('Header', '48') ('MAC', 'B8:63:4D:A2:0E:13')
Data:  24:0A:C4:23:C1:EC ('Channel', 5) ('RSSI', -62) ('Header', '48') ('MAC', 'B8:63:4D:A2:0E:13')
Data:  24:0A:C4:23:D9:B0 ('Channel', 5) ('RSSI', -59) ('Header', '48') ('MAC', 'B8:63:4D:A2:0E:13')
Data:  24:0A:C4:23:D9:B0 ('Channel', 5) ('RSSI', -59) ('Header', '48') ('MAC', 'B8:63:4D:A2:0E:13')
Data:  24:0A:C4:23:D9:B0 ('Channel', 5) ('RSSI', -60) ('Header', '48') ('MAC', 'B8:63:4D:A2:0E:13')
Data:  24:0A:C4:23:C1:EC ('Channel', 5) ('RSSI', -62) ('Header', '48') ('MAC', 'B8:63:4D:A2:0E:13')
Data:  24:0A:C4:23:D9:B0 ('Channel', 5) ('RSSI', -59) ('Header', '48') ('MAC', 'B8:63:4D:A2:0E:13')
Data:  24:0A:C4:23:C1:EC ('Channel', 5) ('RSSI', -62) ('Header', '48') ('MAC', 'B8:63:4D:A2:0E:13')
Data:  24:0A:C4:23:D9:B0 ('Channel', 5) ('RSSI', -59) ('Header', '48') ('MAC', 'B8:63:4D:A2:0E:13')
Data:  24:0A:C4:23:C1:EC ('Channel', 5) ('RSSI', -62) ('Header', '48') ('MAC', 'B8:63:4D:A2:0E:13')
Data:  24:0A:C4:23:D9:B0 ('Channel', 5) ('RSSI', -59) ('Header', '48') ('MAC', 'B8:63:4D:A2:0E:13')
Data:  24:0A:C4:23:C1:EC ('Channel', 5) ('RSSI', -62) ('Header', '48') ('MAC', 'B8:63:4D:A2:0E:13')
Data:  24:0A:C4:23:D9:B0 ('Channel', 5) ('RSSI', -60) ('Header', '48') ('MAC', 'B8:63:4D:A2:0E:13')
Data:  24:0A:C4:23:D9:B0 ('Channel', 5) ('RSSI', -59) ('Header', '48') ('MAC', 'B8:63:4D:A2:0E:13')
Data:  24:0A:C4:23:C1:EC ('Channel', 5) ('RSSI', -62) ('Header', '48') ('MAC', 'B8:63:4D:A2:0E:13')
Data:  24:0A:C4:23:D9:B0 ('Channel', 5) ('RSSI', -59) ('Header', '48') ('MAC', 'B8:63:4D:A2:0E:13')
Data:  24:0A:C4:23:C1:EC ('Channel', 5) ('RSSI', -62) ('Header', '48') ('MAC', 'B8:63:4D:A2:0E:13')
Data:  24:0A:C4:23:D9:B0 ('Channel', 5) ('RSSI', -59) ('Header', '48') ('MAC', 'B8:63:4D:A2:0E:13')
Data:  24:0A:C4:23:C1:EC ('Channel', 5) ('RSSI', -62) ('Header', '48') ('MAC', 'B8:63:4D:A2:0E:13')
Data:  24:0A:C4:23:D9:B0 ('Channel', 5) ('RSSI', -59) ('Header', '48') ('MAC', 'B8:63:4D:A2:0E:13')
Data:  24:0A:C4:23:C1:EC ('Channel', 5) ('RSSI', -62) ('Header', '48') ('MAC', 'B8:63:4D:A2:0E:13')
Data:  24:0A:C4:23:C1:EC ('Channel', 5) ('RSSI', -62) ('Header', '48') ('MAC', 'B8:63:4D:A2:0E:13')
Data:  24:0A:C4:23:D9:B0 ('Channel', 5) ('RSSI', -59) ('Header', '48') ('MAC', 'B8:63:4D:A2:0E:13')
Data:  24:0A:C4:23:C1:EC ('Channel', 5) ('RSSI', -62) ('Header', '48') ('MAC', 'B8:63:4D:A2:0E:13')
Data:  24:0A:C4:23:D9:B0 ('Channel', 5) ('RSSI', -59) ('Header', '48') ('MAC', 'B8:63:4D:A2:0E:13')
Data:  24:0A:C4:23:C1:EC ('Channel', 5) ('RSSI', -62) ('Header', '48') ('MAC', 'B8:63:4D:A2:0E:13')
Data:  24:0A:C4:23:D9:B0 ('Channel', 5) ('RSSI', -59) ('Header', '48') ('MAC', 'B8:63:4D:A2:0E:13')
Data:  24:0A:C4:23:C1:EC ('Channel', 5) ('RSSI', -63) ('Header', '48') ('MAC', 'B8:63:4D:A2:0E:13')
Data:  24:0A:C4:23:D9:B0 ('Channel', 5) ('RSSI', -60) ('Header', '48') ('MAC', 'B8:63:4D:A2:0E:13')
Data:  24:0A:C4:23:C1:EC ('Channel', 5) ('RSSI', -62) ('Header', '48') ('MAC', 'B8:63:4D:A2:0E:13')
Data:  24:0A:C4:23:D9:B0 ('Channel', 5) ('RSSI', -59) ('Header', '48') ('MAC', 'B8:63:4D:A2:0E:13')
Data:  24:0A:C4:23:C1:EC ('Channel', 5) ('RSSI', -63) ('Header', '48') ('MAC', 'B8:63:4D:A2:0E:13')
Data:  24:0A:C4:23:D9:B0 ('Channel', 5) ('RSSI', -60) ('Header', '48') ('MAC', 'B8:63:4D:A2:0E:13')
Data:  24:0A:C4:23:D9:B0 ('Channel', 5) ('RSSI', -59) ('Header', '48') ('MAC', 'B8:63:4D:A2:0E:13')
Data:  24:0A:C4:23:C1:EC ('Channel', 5) ('RSSI', -62) ('Header', '48') ('MAC', 'B8:63:4D:A2:0E:13')
Data:  24:0A:C4:23:D9:B0 ('Channel', 5) ('RSSI', -59) ('Header', '48') ('MAC', 'B8:63:4D:A2:0E:13')
Data:  24:0A:C4:23:C1:EC ('Channel', 5) ('RSSI', -62) ('Header', '48') ('MAC', 'B8:63:4D:A2:0E:13')
Data:  24:0A:C4:23:D9:B0 ('Channel', 5) ('RSSI', -59) ('Header', '48') ('MAC', 'B8:63:4D:A2:0E:13')
Data:  24:0A:C4:23:C1:EC ('Channel', 5) ('RSSI', -62) ('Header', '48') ('MAC', 'B8:63:4D:A2:0E:13')
Data:  24:0A:C4:23:D9:B0 ('Channel', 5) ('RSSI', -60) ('Header', '48') ('MAC', 'B8:63:4D:A2:0E:13')
Data:  24:0A:C4:23:C1:EC ('Channel', 5) ('RSSI', -62) ('Header', '48') ('MAC', 'B8:63:4D:A2:0E:13')
Data:  24:0A:C4:23:D9:B0 ('Channel', 5) ('RSSI', -59) ('Header', '48') ('MAC', 'B8:63:4D:A2:0E:13')
Data:  24:0A:C4:23:C1:EC ('Channel', 5) ('RSSI', -62) ('Header', '48') ('MAC', 'B8:63:4D:A2:0E:13')
Data:  24:0A:C4:23:D9:B0 ('Channel', 5) ('RSSI', -59) ('Header', '48') ('MAC', 'B8:63:4D:A2:0E:13')
Data:  24:0A:C4:23:C1:EC ('Channel', 5) ('RSSI', -62) ('Header', '48') ('MAC', 'B8:63:4D:A2:0E:13')
Data:  24:0A:C4:23:C1:EC ('Channel', 5) ('RSSI', -63) ('Header', '48') ('MAC', 'B8:63:4D:A2:0E:13')
Data:  24:0A:C4:23:D9:B0 ('Channel', 5) ('RSSI', -59) ('Header', '48') ('MAC', 'B8:63:4D:A2:0E:13')
Data:  24:0A:C4:23:C1:EC ('Channel', 5) ('RSSI', -62) ('Header', '48') ('MAC', 'B8:63:4D:A2:0E:13')
Data:  24:0A:C4:23:D9:B0 ('Channel', 5) ('RSSI', -59) ('Header', '48') ('MAC', 'B8:63:4D:A2:0E:13')
Data:  24:0A:C4:23:C1:EC ('Channel', 5) ('RSSI', -62) ('Header', '48') ('MAC', 'B8:63:4D:A2:0E:13')
Data:  24:0A:C4:23:D9:B0 ('Channel', 5) ('RSSI', -59) ('Header', '48') ('MAC', 'B8:63:4D:A2:0E:13')
Summary:  3C:71:BF:99:F9:E0 627 {}
Summary:  24:0A:C4:23:D9:B0 280 {'B8:63:4D:A2:0E:13': -59.2}
Summary:  24:0A:C4:23:C1:EC 940 {'B8:63:4D:A2:0E:13': -62.1}
Data:  24:0A:C4:23:C1:EC ('Channel', 5) ('RSSI', -62) ('Header', '48') ('MAC', 'B8:63:4D:A2:0E:13')
Data:  24:0A:C4:23:D9:B0 ('Channel', 5) ('RSSI', -60) ('Header', '48') ('MAC', 'B8:63:4D:A2:0E:13')
Data:  24:0A:C4:23:C1:EC ('Channel', 5) ('RSSI', -62) ('Header', '48') ('MAC', 'B8:63:4D:A2:0E:13')
Data:  24:0A:C4:23:D9:B0 ('Channel', 5) ('RSSI', -60) ('Header', '48') ('MAC', 'B8:63:4D:A2:0E:13')
Data:  24:0A:C4:23:D9:B0 ('Channel', 5) ('RSSI', -60) ('Header', '48') ('MAC', 'B8:63:4D:A2:0E:13')
Data:  24:0A:C4:23:C1:EC ('Channel', 5) ('RSSI', -63) ('Header', '48') ('MAC', 'B8:63:4D:A2:0E:13')
Data:  24:0A:C4:23:C1:EC ('Channel', 5) ('RSSI', -62) ('Header', '48') ('MAC', 'B8:63:4D:A2:0E:13')
Data:  24:0A:C4:23:D9:B0 ('Channel', 5) ('RSSI', -59) ('Header', '48') ('MAC', 'B8:63:4D:A2:0E:13')
Data:  24:0A:C4:23:C1:EC ('Channel', 5) ('RSSI', -63) ('Header', '48') ('MAC', 'B8:63:4D:A2:0E:13')
Data:  24:0A:C4:23:D9:B0 ('Channel', 5) ('RSSI', -59) ('Header', '48') ('MAC', 'B8:63:4D:A2:0E:13')
Data:  24:0A:C4:23:D9:B0 ('Channel', 5) ('RSSI', -60) ('Header', '48') ('MAC', 'B8:63:4D:A2:0E:13')
Data:  24:0A:C4:23:C1:EC ('Channel', 5) ('RSSI', -64) ('Header', '48') ('MAC', 'B8:63:4D:A2:0E:13')
Data:  24:0A:C4:23:C1:EC ('Channel', 5) ('RSSI', -63) ('Header', '48') ('MAC', 'B8:63:4D:A2:0E:13')
Data:  24:0A:C4:23:D9:B0 ('Channel', 5) ('RSSI', -60) ('Header', '48') ('MAC', 'B8:63:4D:A2:0E:13')
Data:  24:0A:C4:23:C1:EC ('Channel', 5) ('RSSI', -63) ('Header', '48') ('MAC', 'B8:63:4D:A2:0E:13')
Data:  24:0A:C4:23:D9:B0 ('Channel', 5) ('RSSI', -60) ('Header', '48') ('MAC', 'B8:63:4D:A2:0E:13')
Data:  24:0A:C4:23:C1:EC ('Channel', 5) ('RSSI', -63) ('Header', '48') ('MAC', 'B8:63:4D:A2:0E:13')
Data:  24:0A:C4:23:D9:B0 ('Channel', 5) ('RSSI', -60) ('Header', '48') ('MAC', 'B8:63:4D:A2:0E:13')
Data:  24:0A:C4:23:C1:EC ('Channel', 5) ('RSSI', -62) ('Header', '48') ('MAC', 'B8:63:4D:A2:0E:13')
Data:  24:0A:C4:23:D9:B0 ('Channel', 5) ('RSSI', -59) ('Header', '48') ('MAC', 'B8:63:4D:A2:0E:13')
Data:  24:0A:C4:23:C1:EC ('Channel', 5) ('RSSI', -63) ('Header', '48') ('MAC', 'B8:63:4D:A2:0E:13')
Data:  24:0A:C4:23:C1:EC ('Channel', 5) ('RSSI', -63) ('Header', '48') ('MAC', 'B8:63:4D:A2:0E:13')
Data:  24:0A:C4:23:C1:EC ('Channel', 5) ('RSSI', -62) ('Header', '48') ('MAC', 'B8:63:4D:A2:0E:13')
Data:  24:0A:C4:23:D9:B0 ('Channel', 5) ('RSSI', -59) ('Header', '48') ('MAC', 'B8:63:4D:A2:0E:13')
Data:  24:0A:C4:23:D9:B0 ('Channel', 5) ('RSSI', -61) ('Header', '48') ('MAC', 'B8:63:4D:A2:0E:13')
Data:  24:0A:C4:23:D9:B0 ('Channel', 5) ('RSSI', -60) ('Header', '48') ('MAC', 'B8:63:4D:A2:0E:13')
Data:  24:0A:C4:23:C1:EC ('Channel', 5) ('RSSI', -62) ('Header', '48') ('MAC', 'B8:63:4D:A2:0E:13')
Data:  24:0A:C4:23:D9:B0 ('Channel', 5) ('RSSI', -60) ('Header', '48') ('MAC', 'B8:63:4D:A2:0E:13')
Data:  24:0A:C4:23:C1:EC ('Channel', 5) ('RSSI', -62) ('Header', '48') ('MAC', 'B8:63:4D:A2:0E:13')
Data:  24:0A:C4:23:D9:B0 ('Channel', 5) ('RSSI', -58) ('Header', '48') ('MAC', 'B8:63:4D:A2:0E:13')
Data:  24:0A:C4:23:D9:B0 ('Channel', 5) ('RSSI', -60) ('Header', '48') ('MAC', 'B8:63:4D:A2:0E:13')
Data:  24:0A:C4:23:C1:EC ('Channel', 5) ('RSSI', -61) ('Header', '48') ('MAC', 'B8:63:4D:A2:0E:13')
Data:  24:0A:C4:23:C1:EC ('Channel', 5) ('RSSI', -61) ('Header', '48') ('MAC', 'B8:63:4D:A2:0E:13')
Data:  24:0A:C4:23:D9:B0 ('Channel', 5) ('RSSI', -60) ('Header', '48') ('MAC', 'B8:63:4D:A2:0E:13')
Data:  24:0A:C4:23:C1:EC ('Channel', 5) ('RSSI', -62) ('Header', '48') ('MAC', 'B8:63:4D:A2:0E:13')
Data:  24:0A:C4:23:D9:B0 ('Channel', 5) ('RSSI', -60) ('Header', '48') ('MAC', 'B8:63:4D:A2:0E:13')
Data:  24:0A:C4:23:C1:EC ('Channel', 5) ('RSSI', -61) ('Header', '48') ('MAC', 'B8:63:4D:A2:0E:13')
Data:  24:0A:C4:23:D9:B0 ('Channel', 5) ('RSSI', -59) ('Header', '48') ('MAC', 'B8:63:4D:A2:0E:13')
Data:  24:0A:C4:23:D9:B0 ('Channel', 5) ('RSSI', -60) ('Header', '48') ('MAC', 'B8:63:4D:A2:0E:13')
Data:  24:0A:C4:23:D9:B0 ('Channel', 5) ('RSSI', -60) ('Header', '48') ('MAC', 'B8:63:4D:A2:0E:13')
Data:  24:0A:C4:23:C1:EC ('Channel', 5) ('RSSI', -61) ('Header', '48') ('MAC', 'B8:63:4D:A2:0E:13')
Data:  24:0A:C4:23:C1:EC ('Channel', 5) ('RSSI', -61) ('Header', '48') ('MAC', 'B8:63:4D:A2:0E:13')
Data:  24:0A:C4:23:D9:B0 ('Channel', 5) ('RSSI', -60) ('Header', '48') ('MAC', 'B8:63:4D:A2:0E:13')
Data:  24:0A:C4:23:C1:EC ('Channel', 5) ('RSSI', -61) ('Header', '48') ('MAC', 'B8:63:4D:A2:0E:13')
Data:  24:0A:C4:23:C1:EC ('Channel', 5) ('RSSI', -62) ('Header', '48') ('MAC', 'B8:63:4D:A2:0E:13')
Data:  24:0A:C4:23:D9:B0 ('Channel', 5) ('RSSI', -60) ('Header', '48') ('MAC', 'B8:63:4D:A2:0E:13')
Data:  24:0A:C4:23:C1:EC ('Channel', 5) ('RSSI', -62) ('Header', '48') ('MAC', 'B8:63:4D:A2:0E:13')
Data:  24:0A:C4:23:D9:B0 ('Channel', 5)