Data:  24:0A:C4:23:C1:EC ('Channel', 4) ('MAC', 'B8:63:4D:A2:0E:13') ('RSSI', -56) ('Header', '48')
Data:  3C:71:BF:99:F9:E0 ('Channel', 4) ('MAC', 'B8:63:4D:A2:0E:13') ('RSSI', -56) ('Header', '48')
Data:  24:0A:C4:23:D9:B0 ('Channel', 4) ('MAC', 'B8:63:4D:A2:0E:13') ('RSSI', -52) ('Header', '48')
Data:  3C:71:BF:99:F9:E0 ('Channel', 4) ('MAC', 'B8:63:4D:A2:0E:13') ('RSSI', -55) ('Header', '48')
Data:  24:0A:C4:23:D9:B0 ('Channel', 4) ('MAC', 'B8:63:4D:A2:0E:13') ('RSSI', -52) ('Header', '48')
Data:  24:0A:C4:23:C1:EC ('Channel', 4) ('MAC', 'B8:63:4D:A2:0E:13') ('RSSI', -55) ('Header', '48')
Data:  24:0A:C4:23:D9:B0 ('Channel', 4) ('MAC', 'B8:63:4D:A2:0E:13') ('RSSI', -53) ('Header', '48')
Data:  3C:71:BF:99:F9:E0 ('Channel', 4) ('MAC', 'B8:63:4D:A2:0E:13') ('RSSI', -57) ('Header', '48')
Data:  24:0A:C4:23:C1:EC ('Channel', 4) ('MAC', 'B8:63:4D:A2:0E:13') ('RSSI', -56) ('Header', '48')
Summary:  3C:71:BF:99:F9:E0 521 {'B8:63:4D:A2:0E:13': -55.5}
Summary:  24:0A:C4:23:C1:EC 826 {'B8:63:4D:A2:0E:13': -55.5}
Summary:  24:0A:C4:23:D9:B0 313 {'B8:63:4D:A2:0E:13': -52.3}
Data:  24:0A:C4:23:C1:EC ('Channel', 4) ('MAC', 'B8:63:4D:A2:0E:13') ('RSSI', -56) ('Header', '48')
Data:  3C:71:BF:99:F9:E0 ('Channel', 4) ('MAC', 'B8:63:4D:A2:0E:13') ('RSSI', -55) ('Header', '48')
Data:  24:0A:C4:23:D9:B0 ('Channel', 4) ('MAC', 'B8:63:4D:A2:0E:13') ('RSSI', -53) ('Header', '48')
Data:  24:0A:C4:23:D9:B0 ('Channel', 4) ('MAC', 'B8:63:4D:A2:0E:13') ('RSSI', -54) ('Header', '48')
Summary:  3C:71:BF:99:F9:E0 521 {'B8:63:4D:A2:0E:13': -56.0}
Summary:  24:0A:C4:23:C1:EC 826 {'B8:63:4D:A2:0E:13': -56.0}
Summary:  24:0A:C4:23:D9:B0 313 {'B8:63:4D:A2:0E:13': -53.5}
Data:  3C:71:BF:99:F9:E0 ('Channel', 4) ('MAC', 'B8:63:4D:A2:0E:13') ('RSSI', -57) ('Header', '48')
Data:  24:0A:C4:23:C1:EC ('Channel', 4) ('MAC', 'B8:63:4D:A2:0E:13') ('RSSI', -59) ('Header', '48')
Data:  3C:71:BF:99:F9:E0 ('Channel', 4) ('MAC', 'B8:63:4D:A2:0E:13') ('RSSI', -56) ('Header', '48')
Data:  24:0A:C4:23:C1:EC ('Channel', 4) ('MAC', 'B8:63:4D:A2:0E:13') ('RSSI', -56) ('Header', '48')
Data:  24:0A:C4:23:D9:B0 ('Channel', 4) ('MAC', 'B8:63:4D:A2:0E:13') ('RSSI', -53) ('Header', '48')
Data:  24:0A:C4:23:D9:B0 ('Channel', 4) ('MAC', 'B8:63:4D:A2:0E:13') ('RSSI', -53) ('Header', '48')
Data:  3C:71:BF:99:F9:E0 ('Channel', 4) ('MAC', 'B8:63:4D:A2:0E:13') ('RSSI', -56) ('Header', '48')
Data:  24:0A:C4:23:C1:EC ('Channel', 4) ('MAC', 'B8:63:4D:A2:0E:13') ('RSSI', -58) ('Header', '48')
Data:  24:0A:C4:23:C1:EC ('Channel', 4) ('MAC', 'B8:63:4D:A2:0E:13') ('RSSI', -56) ('Header', '48')
Data:  24:0A:C4:23:D9:B0 ('Channel', 4) ('MAC', 'B8:63:4D:A2:0E:13') ('RSSI', -52) ('Header', '48')
Data:  3C:71:BF:99:F9:E0 ('Channel', 4) ('MAC', 'B8:63:4D:A2:0E:13') ('RSSI', -56) ('Header', '48')
Data:  24:0A:C4:23:C1:EC ('Channel', 4) ('MAC', 'B8:63:4D:A2:0E:13') ('RSSI', -56) ('Header', '48')
Data:  24:0A:C4:23:C1:EC ('Channel', 4) ('MAC', 'B8:63:4D:A2:0E:13') ('RSSI', -57) ('Header', '48')
Data:  24:0A:C4:23:D9:B0 ('Channel', 4) ('MAC', 'B8:63:4D:A2:0E:13') ('RSSI', -51) ('Header', '48')
Data:  24:0A:C4:23:D9:B0 ('Channel', 4) ('MAC', 'B8:63:4D:A2:0E:13') ('RSSI', -52) ('Header', '48')
Data:  3C:71:BF:99:F9:E0 ('Channel', 4) ('MAC', 'B8:63:4D:A2:0E:13') ('RSSI', -56) ('Header', '48')
Data:  3C:71:BF:99:F9:E0 ('Channel', 4) ('MAC', 'B8:63:4D:A2:0E:13') ('RSSI', -57) ('Header', '48')
Data:  3C:71:BF:99:F9:E0 ('Channel', 4) ('MAC', 'B8:63:4D:A2:0E:13') ('RSSI', -57) ('Header', '48')
Data:  24:0A:C4:23:D9:B0 ('Channel', 4) ('MAC', 'B8:63:4D:A2:0E:13') ('RSSI', -53) ('Header', '48')
Summary:  3C:71:BF:99:F9:E0 521 {'B8:63:4D:A2:0E:13': -56.4}
Summary:  24:0A:C4:23:C1:EC 826 {'B8:63:4D:A2:0E:13': -57.0}
Summary:  24:0A:C4:23:D9:B0 313 {'B8:63:4D:A2:0E:13': -52.2}
Data:  24:0A:C4:23:C1:EC ('Channel', 4) ('MAC', 'B8:63:4D:A2:0E:13') ('RSSI', -57) ('Header', '48')
Data:  3C:71:BF:99:F9:E0 ('Channel', 4) ('MAC', 'B8:63:4D:A2:0E:13') ('RSSI', -57) ('Header', '48')
Data:  24:0A:C4:23:D9:B0 ('Channel', 4) ('MAC', 'B8:63:4D:A2:0E:13') ('RSSI', -54) ('Header', '48')
Data:  24:0A:C4:23:C1:EC ('Channel', 4) ('MAC', 'B8:63:4D:A2:0E:13') ('RSSI', -58) ('Header', '48')
Data:  24:0A:C4:23:D9:B0 ('Channel', 4) ('MAC', 'B8:63:4D:A2:0E:13') ('RSSI', -53) ('Header', '48')
Data:  3C:71:BF:99:F9:E0 ('Channel', 4) ('MAC', 'B8:63:4D:A2:0E:13') ('RSSI', -57) ('Header', '48')
Data:  24:0A:C4:23:C1:EC ('Channel', 4) ('MAC', 'B8:63:4D:A2:0E:13') ('RSSI', -56) ('Header', '48')
Data:  3C:71:BF:99:F9:E0 ('Channel', 4) ('MAC', 'B8:63:4D:A2:0E:13') ('RSSI', -56) ('Header', '48')
Data:  24:0A:C4:23:D9:B0 ('Channel', 4) ('MAC', 'B8:63:4D:A2:0E:13') ('RSSI', -52) ('Header', '48')
Data:  24:0A:C4:23:C1:EC ('Channel', 4) ('MAC', 'B8:63:4D:A2:0E:13') ('RSSI', -56) ('Header', '48')
Data:  3C:71:BF:99:F9:E0 ('Channel', 4) ('MAC', 'B8:63:4D:A2:0E:13') ('RSSI', -57) ('Header', '48')
Summary:  3C:71:BF:99:F9:E0 521 {'B8:63:4D:A2:0E:13': -56.8}
Summary:  24:0A:C4:23:C1:EC 826 {'B8:63:4D:A2:0E:13': -56.8}
Summary:  24:0A:C4:23:D9:B0 313 {'B8:63:4D:A2:0E:13': -53.0}
Data:  24:0A:C4:23:C1:EC ('Channel', 4) ('MAC', 'B8:63:4D:A2:0E:13') ('RSSI', -56) ('Header', '48')
Data:  24:0A:C4:23:D9:B0 ('Channel', 4) ('MAC', 'B8:63:4D:A2:0E:13') ('RSSI', -52) ('Header', '48')
Data:  3C:71:BF:99:F9:E0 ('Channel', 4) ('MAC', 'B8:63:4D:A2:0E:13') ('RSSI', -59) ('Header', '48')
Data:  24:0A:C4:23:D9:B0 ('Channel', 4) ('MAC', 'B8:63:4D:A2:0E:13') ('RSSI', -54) ('Header', '48')
Data:  24:0A:C4:23:C1:EC ('Channel', 4) ('MAC', 'B8:63:4D:A2:0E:13') ('RSSI', -57) ('Header', '48')
Data:  24:0A:C4:23:D9:B0 ('Channel', 4) ('MAC', 'B8:63:4D:A2:0E:13') ('RSSI', -53) ('Header', '48')
Data:  3C:71:BF:99:F9:E0 ('Channel', 4) ('MAC', 'B8:63:4D:A2:0E:13') ('RSSI', -58) ('Header', '48')
Data:  24:0A:C4:23:C1:EC ('Channel', 4) ('MAC', 'B8:63:4D:A2:0E:13') ('RSSI', -56) ('Header', '48')
Data:  24:0A:C4:23:C1:EC ('Channel', 4) ('MAC', 'B8:63:4D:A2:0E:13') ('RSSI', -55) ('Header', '48')
Data:  24:0A:C4:23:D9:B0 ('Channel', 4) ('MAC', 'B8:63:4D:A2:0E:13') ('RSSI', -51) ('Header', '48')
Data:  3C:71:BF:99:F9:E0 ('Channel', 4) ('MAC', 'B8:63:4D:A2:0E:13') ('RSSI', -57) ('Header', '48')
Data:  3C:71:BF:99:F9:E0 ('Channel', 4) ('MAC', 'B8:63:4D:A2:0E:13') ('RSSI', -57) ('Header', '48')
Data:  24:0A:C4:23:C1:EC ('Channel', 4) ('MAC', 'B8:63:4D:A2:0E:13') ('RSSI', -55) ('Header', '48')
Data:  3C:71:BF:99:F9:E0 ('Channel', 4) ('MAC', 'B8:63:4D:A2:0E:13') ('RSSI', -57) ('Header', '48')
Data:  24:0A:C4:23:C1:EC ('Channel', 4) ('MAC', 'B8:63:4D:A2:0E:13') ('RSSI', -56) ('Header', '48')
Data:  24:0A:C4:23:D9:B0 ('Channel', 4) ('MAC', 'B8:63:4D:A2:0E:13') ('RSSI', -51) ('Header', '48')
Data:  24:0A:C4:23:D9:B0 ('Channel', 4) ('MAC', 'B8:63:4D:A2:0E:13') ('RSSI', -52) ('Header', '48')
Data:  24:0A:C4:23:C1:EC ('Channel', 4) ('MAC', 'B8:63:4D:A2:0E:13') ('RSSI', -56) ('Header', '48')
Data:  24:0A:C4:23:C1:EC ('Channel', 4) ('MAC', 'B8:63:4D:A2:0E:13') ('RSSI', -56) ('Header', '48')
Data:  24:0A:C4:23:D9:B0 ('Channel', 4) ('MAC', 'B8:63:4D:A2:0E:13') ('RSSI', -52) ('Header', '48')
Data:  24:0A:C4:23:D9:B0 ('Channel', 4) ('MAC', 'B8:63:4D:A2:0E:13') ('RSSI', -52) ('Header', '48')
Data:  3C:71:BF:99:F9:E0 ('Channel', 4) ('MAC', 'B8:63:4D:A2:0E:13') ('RSSI', -56) ('Header', '48')
Data:  3C:71:BF:99:F9:E0 ('Channel', 4) ('MAC', 'B8:63:4D:A2:0E:13') ('RSSI', -56) ('Header', '48')
Data:  3C:71:BF:99:F9:E0 ('Channel', 4) ('MAC', 'B8:63:4D:A2:0E:13') ('RSSI', -57) ('Header', '48')
Data:  24:0A:C4:23:D9:B0 ('Channel', 4) ('MAC', 'B8:63:4D:A2:0E:13') ('RSSI', -51) ('Header', '48')
Data:  24:0A:C4:23:C1:EC ('Channel', 4) ('MAC', 'B8:63:4D:A2:0E:13') ('RSSI', -55) ('Header', '48')
Data:  24:0A:C4:23:C1:EC ('Channel', 4) ('MAC', 'B8:63:4D:A2:0E:13') ('RSSI', -56) ('Header', '48')
Data:  3C:71:BF:99:F9:E0 ('Channel', 4) ('MAC', 'B8:63:4D:A2:0E:13') ('RSSI', -56) ('Header', '48')
Data:  24:0A:C4:23:D9:B0 ('Channel', 4) ('MAC', 'B8:63:4D:A2:0E:13') ('RSSI', -51) ('Header', '48')
Data:  3C:71:BF:99:F9:E0 ('Channel', 4) ('MAC', 'B8:63:4D:A2:0E:13') ('RSSI', -58) ('Header', '48')
Data:  24:0A:C4:23:C1:EC ('Channel', 4) ('MAC', 'B8:63:4D:A2:0E:13') ('RSSI', -57) ('Header', '48')
Data:  24:0A:C4:23:D9:B0 ('Channel', 4) ('MAC', 'B8:63:4D:A2:0E:13') ('RSSI', -53) ('Header', '48')
Data:  3C:71:BF:99:F9:E0 ('Channel', 4) ('MAC', 'B8:63:4D:A2:0E:13') ('RSSI', -57) ('Header', '48')
Data:  24:0A:C4:23:D9:B0 ('Channel', 4) ('MAC', 'B8:63:4D:A2:0E:13') ('RSSI', -52) ('Header', '48')
Data:  24:0A:C4:23:C1:EC ('Channel', 4) ('MAC', 'B8:63:4D:A2:0E:13') ('RSSI', -57) ('Header', '48')
Data:  3C:71:BF:99:F9:E0 ('Channel', 4) ('MAC', 'B8:63:4D:A2:0E:13') ('RSSI', -57) ('Header', '48')
Data:  24:0A:C4:23:C1:EC ('Channel', 4) ('MAC', 'B8:63:4D:A2:0E:13') ('RSSI', -55) ('Header', '48')
Data:  24:0A:C4:23:D9:B0 ('Channel', 4) ('MAC', 'B8:63:4D:A2:0E:13') ('RSSI', -51) ('Header', '48')
Data:  24:0A:C4:23:D9:B0 ('Channel', 4) ('MAC', 'B8:63:4D:A2:0E:13') ('RSSI', -52) ('Header', '48')
Data:  3C:71:BF:99:F9:E0 ('Channel', 4) ('MAC', 'B8:63:4D:A2:0E:13') ('RSSI', -57) ('Header', '48')
Data:  24:0A:C4:23:C1:EC ('Channel', 4) ('MAC', 'B8:63:4D:A2:0E:13') ('RSSI', -56) ('Header', '48')
Data:  3C:71:BF:99:F9:E0 ('Channel', 4) ('MAC', 'B8:63:4D:A2:0E:13') ('RSSI', -57) ('Header', '48')
Data:  24:0A:C4:23:D9:B0 ('Channel', 4) ('MAC', 'B8:63:4D:A2:0E:13') ('RSSI', -52) ('Header', '48')
Data:  24:0A:C4:23:C1:EC ('Channel', 4) ('MAC', 'B8:63:4D:A2:0E:13') ('RSSI', -56) ('Header', '48')
Data:  24:0A:C4:23:C1:EC ('Channel', 4) ('MAC', 'B8:63:4D:A2:0E:13') ('RSSI', -55) ('Header', '48')
Data:  24:0A:C4:23:D9:B0 ('Channel', 4) ('MAC', 'B8:63:4D:A2:0E:13') ('RSSI', -51) ('Header', '48')
Data:  3C:71:BF:99:F9:E0 ('Channel', 4) ('MAC', 'B8:63:4D:A2:0E:13') ('RSSI', -56) ('Header', '48')
Data:  24:0A:C4:23:C1:EC ('Channel', 4) ('MAC', 'B8:63:4D:A2:0E:13') ('RSSI', -55) ('Header', '48')
Data:  24:0A:C4:23:D9:B0 ('Channel', 4) ('MAC', 'B8:63:4D:A2:0E:13') ('RSSI', -51) ('Header', '48')
Data:  3C:71:BF:99:F9:E0 ('Channel', 4) ('MAC', 'B8:63:4D:A2:0E:13') ('RSSI', -56) ('Header', '48')
Data:  24:0A:C4:23:C1:EC ('Channel', 4) ('MAC', 'B8:63:4D:A2:0E:13') ('RSSI', -55) ('Header', '48')
Data:  24:0A:C4:23:D9:B0 ('Channel', 4) ('MAC', 'B8:63:4D:A2:0E:13') ('RSSI', -51) ('Header', '48')
Data:  3C:71:BF:99:F9:E0 ('Channel', 4) ('MAC', 'B8:63:4D:A2:0E:13') ('RSSI', -57) ('Header', '48')
Data:  3C:71:BF:99:F9:E0 ('Channel', 4) ('MAC', 'B8:63:4D:A2:0E:13') ('RSSI', -58) ('Header', '48')
Data:  24:0A:C4:23:C1:EC ('Channel', 4) ('MAC', 'B8:63:4D:A2:0E:13') ('RSSI', -56) ('Header', '48')
Data:  24:0A:C4:23:D9:B0 ('Channel', 4) ('MAC', 'B8:63:4D:A2:0E:13') ('RSSI', -51) ('Header', '48')
Data:  3C:71:BF:99:F9:E0 ('Channel', 4) ('MAC', 'B8:63:4D:A2:0E:13') ('RSSI', -55) ('Header', '48')
Data:  24:0A:C4:23:D9:B0 ('Channel', 4) ('MAC', 'B8:63:4D:A2:0E:13') ('RSSI', -51) ('Header', '48')
Data:  24:0A:C4:23:C1:EC ('Channel', 4) ('MAC', 'B8:63:4D:A2:0E:13') ('RSSI', -56) ('Header', '48')
Data:  3C:71:BF:99:F9:E0 ('Channel', 4) ('MAC', 'B8:63:4D:A2:0E:13') ('RSSI', -56) ('Header', '48')
Data:  24:0A:C4:23:C1:EC ('Channel', 4) ('MAC', 'B8:63:4D:A2:0E:13') ('RSSI', -56) ('Header', '48')
Data:  24:0A:C4:23:D9:B0 ('Channel', 4) ('MAC', 'B8:63:4D:A2:0E:13') ('RSSI', -51) ('Header', '48')
Data:  3C:71:BF:99:F9:E0 ('Channel', 4) ('MAC', 'B8:63:4D:A2:0E:13') ('RSSI', -56) ('Header', '48')
Data:  24:0A:C4:23:C1:EC ('Channel', 4) ('MAC', 'B8:63:4D:A2:0E:13') ('RSSI', -55) ('Header', '48')
Data:  24:0A:C4:23:D9:B0 ('Channel', 4) ('MAC', 'B8:63:4D:A2:0E:13') ('RSSI', -50) ('Header', '48')
Data:  3C:71:BF:99:F9:E0 ('Channel', 4) ('MAC', 'B8:63:4D:A2:0E:13') ('RSSI', -56) ('Header', '48')
Data:  24:0A:C4:23:C1:EC ('Channel', 4) ('MAC', 'B8:63:4D:A2:0E:13') ('RSSI', -55) ('Header', '48')
Data:  24:0A:C4:23:D9:B0 ('Channel', 4) ('MAC', 'B8:63:4D:A2:0E:13') ('RSSI', -51) ('Header', '48')
Data:  3C:71:BF:99:F9:E0 ('Channel', 4) ('MAC', 'B8:63:4D:A2:0E:13') ('RSSI', -57) ('Header', '48')
Data:  24:0A:C4:23:C1:EC ('Channel', 4) ('MAC', 'B8:63:4D:A2:0E:13') ('RSSI', -56) ('Header', '48')
Data:  24:0A:C4:23:D9:B0 ('Channel', 4) ('MAC', 'B8:63:4D:A2:0E:13') ('RSSI', -52) ('Header', '48')
Data:  24:0A:C4:23:C1:EC ('Channel', 4) ('MAC', 'B8:63:4D:A2:0E:13') ('RSSI', -56) ('Header', '48')
Summary:  3C:71:BF:99:F9:E0 521 {'B8:63:4D:A2:0E:13': -56.8}
Summary:  24:0A:C4:23:C1:EC 826 {'B8:63:4D:A2:0E:13': -55.8}
Summary:  24:0A:C4:23:D9:B0 313 {'B8:63:4D:A2:0E:13': -51.6}
Data:  24:0A:C4:23:D9:B0 ('Channel', 4) ('MAC', 'B8:63:4D:A2:0E:13') ('RSSI', -54) ('Header', '48')
Data:  3C:71:BF:99:F9:E0 ('Channel', 4) ('MAC', 'B8:63:4D:A2:0E:13') ('RSSI', -56) ('Header', '48')
Data:  3C:71:BF:99:F9:E0 ('Channel', 4) ('MAC', 'B8:63:4D:A2:0E:13') ('RSSI', -56) ('Header', '48')
Data:  24:0A:C4:23:C1:EC ('Channel', 4) ('MAC', 'B8:63:4D:A2:0E:13') ('RSSI', -56) ('Header', '48')
Data:  24:0A:C4:23:D9:B0 ('Channel', 4) ('MAC', 'B8:63:4D:A2:0E:13') ('RSSI', -53) ('Header', '48')
Data:  24:0A:C4:23:C1:EC ('Channel', 4) ('MAC', 'B8:63:4D:A2:0E:13') ('RSSI', -54) ('Header', '48')
Data:  3C:71:BF:99:F9:E0 ('Channel', 4) ('MAC', 'B8:63:4D:A2:0E:13') ('RSSI', -55) ('Header', '48')
Data:  24:0A:C4:23:D9:B0 ('Channel', 4) ('MAC', 'B8:63:4D:A2:0E:13') ('RSSI', -52) ('Header', '48')
Data:  24:0A:C4:23:D9:B0 ('Channel', 4) ('MAC', 'B8:63:4D:A2:0E:13') ('RSSI', -53) ('Header', '48')
Data:  24:0A:C4:23:C1:EC ('Channel', 4) ('MAC', 'B8:63:4D:A2:0E:13') ('RSSI', -56) ('Header', '48')
Data:  3C:71:BF:99:F9:E0 ('Channel', 4) ('MAC', 'B8:63:4D:A2:0E:13') ('RSSI', -56) ('Header', '48')
Data:  3C:71:BF:99:F9:E0 ('Channel', 4) ('MAC', 'B8:63:4D:A2:0E:13') ('RSSI', -55) ('Header', '48')
Data:  24:0A:C4:23:C1:EC ('Channel', 4) ('MAC', 'B8:63:4D:A2:0E:13') ('RSSI', -56) ('Header', '48')
Data:  24:0A:C4:23:D9:B0 ('Channel', 4) ('MAC', 'B8:63:4D:A2:0E:13') ('RSSI', -53) ('Header', '48')
Data:  24:0A:C4:23:D9:B0 ('Channel', 4) ('MAC', 'B8:63:4D:A2:0E:13') ('RSSI', -55) ('Header', '48')
Data:  3C:71:BF:99:F9:E0 ('Channel', 4) ('MAC', 'B8:63:4D:A2:0E:13') ('RSSI', -57) ('Header', '48')
Data:  24:0A:C4:23:C1:EC ('Channel', 4) ('MAC', 'B8:63:4D:A2:0E:13') ('RSSI', -57) ('Header', '48')
Data:  3C:71:BF:99:F9:E0 ('Channel', 4) ('MAC', 'B8:63:4D:A2:0E:13') ('RSSI', -57) ('Header', '48')
Data:  24:0A:C4:23:C1:EC ('Channel', 4) ('MAC', 'B8:63:4D:A2:0E:13') ('RSSI', -56) ('Header', '48')
Data:  24:0A:C4:23:D9:B0 ('Channel', 4) ('MAC', 'B8:63:4D:A2:0E:13') ('RSSI', -54) ('Header', '48')
Data:  3C:71:BF:99:F9:E0 ('Channel', 4) ('MAC', 'B8:63:4D:A2:0E:13') ('RSSI', -56) ('Header', '48')
Data:  24:0A:C4:23:C1:EC ('Channel', 4) ('MAC', 'B8:63:4D:A2:0E:13') ('RSSI', -55) ('Header', '48')
Data:  24:0A:C4:23:D9:B0 ('Channel', 4) ('MAC', 'B8:63:4D:A2:0E:13') ('RSSI', -52) ('Header', '48')
Data:  3C:71:BF:99:F9:E0 ('Channel', 4) ('MAC', 'B8:63:4D:A2:0E:13') ('RSSI', -57) ('Header', '48')
Data:  24:0A:C4:23:D9:B0 ('Channel', 4) ('MAC', 'B8:63:4D:A2:0E:13') ('RSSI', -52) ('Header', '48')
Data:  3C:71:BF:99:F9:E0 ('Channel', 4) ('MAC', 'B8:63:4D:A2:0E:13') ('RSSI', -56) ('Header', '48')
Data:  24:0A:C4:23:C1:EC ('Channel', 4) ('MAC', 'B8:63:4D:A2:0E:13') ('RSSI', -56) ('Header', '48')
Data:  24:0A:C4:23:D9:B0 ('Channel', 4) ('MAC', 'B8:63:4D:A2:0E:13') ('RSSI', -52) ('Header', '48')
Data:  24:0A:C4:23:C1:EC ('Channel', 4) ('MAC', 'B8:63:4D:A2:0E:13') ('RSSI', -56) ('Header', '48')
Data:  24:0A:C4:23:C1:EC ('Channel', 4) ('MAC', 'B8:63:4D:A2:0E:13') ('RSSI', -55) ('Header', '48')
Data:  24:0A:C4:23:D9:B0 ('Channel', 4) ('MAC', 'B8:63:4D:A2:0E:13') ('RSSI', -52) ('Header', '48')
Data:  3C:71:BF:99:F9:E0 ('Channel', 4) ('MAC', 'B8:63:4D:A2:0E:13') ('RSSI', -55) ('Header', '48')
Data:  24:0A:C4:23:C1:EC ('Channel', 4) ('MAC', 'B8:63:4D:A2:0E:13') ('RSSI', -57) ('Header', '48')
Data:  24:0A:C4:23:D9:B0 ('Channel', 4) ('MAC', 'B8:63:4D:A2:0E:13') ('RSSI', -53) ('Header', '48')
Data:  3C:71:BF:99:F9:E0 ('Channel', 4) ('MAC', 'B8:63:4D:A2:0E:13') ('RSSI', -56) ('Header', '48')
Data:  24:0A:C4:23:D9:B0 ('Channel', 4) ('MAC', 'B8:63:4D:A2:0E:13') ('RSSI', -53) ('Header', '48')
Data:  24:0A:C4:23:D9:B0 ('Channel', 4) ('MAC', 'B8:63:4D:A2:0E:13') ('RSSI', -53) ('Header', '48')
Data:  24:0A:C4:23:C1:EC ('Channel', 4) ('MAC', 'B8:63:4D:A2:0E:13') ('RSSI', -57) ('Header', '48')
Data:  24:0A:C4:23:C1:EC ('Channel', 4) ('MAC', 'B8:63:4D:A2:0E:13') ('RSSI', -58) ('Header', '48')
Data:  3C:71:BF:99:F9:E0 ('Channel', 4) ('MAC', 'B8:63:4D:A2:0E:13') ('RSSI', -56)