Data:  24:0A:C4:23:C1:EC ('MAC', 'B8:63:4D:A2:0E:13') ('Channel', 4) ('RSSI', -59) ('Header', '48')
Data:  24:0A:C4:23:D9:B0 ('MAC', 'B8:63:4D:A2:0E:13') ('Channel', 4) ('RSSI', -37) ('Header', '48')
Data:  3C:71:BF:99:F9:E0 ('MAC', 'B8:63:4D:A2:0E:13') ('Channel', 4) ('RSSI', -58) ('Header', '48')
Data:  24:0A:C4:23:C1:EC ('MAC', 'B8:63:4D:A2:0E:13') ('Channel', 4) ('RSSI', -59) ('Header', '48')
Data:  24:0A:C4:23:D9:B0 ('MAC', 'B8:63:4D:A2:0E:13') ('Channel', 4) ('RSSI', -37) ('Header', '48')
Data:  3C:71:BF:99:F9:E0 ('MAC', 'B8:63:4D:A2:0E:13') ('Channel', 4) ('RSSI', -57) ('Header', '48')
Data:  3C:71:BF:99:F9:E0 ('MAC', 'B8:63:4D:A2:0E:13') ('Channel', 4) ('RSSI', -57) ('Header', '48')
Data:  24:0A:C4:23:D9:B0 ('MAC', 'B8:63:4D:A2:0E:13') ('Channel', 4) ('RSSI', -38) ('Header', '48')
Data:  24:0A:C4:23:C1:EC ('MAC', 'B8:63:4D:A2:0E:13') ('Channel', 4) ('RSSI', -60) ('Header', '48')
Data:  3C:71:BF:99:F9:E0 ('MAC', 'B8:63:4D:A2:0E:13') ('Channel', 4) ('RSSI', -56) ('Header', '48')
Data:  24:0A:C4:23:C1:EC ('MAC', 'B8:63:4D:A2:0E:13') ('Channel', 4) ('RSSI', -59) ('Header', '48')
Data:  24:0A:C4:23:C1:EC ('MAC', 'B8:63:4D:A2:0E:13') ('Channel', 4) ('RSSI', -59) ('Header', '48')
Data:  3C:71:BF:99:F9:E0 ('MAC', 'B8:63:4D:A2:0E:13') ('Channel', 4) ('RSSI', -58) ('Header', '48')
Data:  24:0A:C4:23:D9:B0 ('MAC', 'B8:63:4D:A2:0E:13') ('Channel', 4) ('RSSI', -37) ('Header', '48')
Data:  24:0A:C4:23:D9:B0 ('MAC', 'B8:63:4D:A2:0E:13') ('Channel', 4) ('RSSI', -37) ('Header', '48')
Data:  24:0A:C4:23:C1:EC ('MAC', 'B8:63:4D:A2:0E:13') ('Channel', 4) ('RSSI', -60) ('Header', '48')
Data:  24:0A:C4:23:D9:B0 ('MAC', 'B8:63:4D:A2:0E:13') ('Channel', 4) ('RSSI', -37) ('Header', '48')
Data:  3C:71:BF:99:F9:E0 ('MAC', 'B8:63:4D:A2:0E:13') ('Channel', 4) ('RSSI', -57) ('Header', '48')
Data:  24:0A:C4:23:D9:B0 ('MAC', 'B8:63:4D:A2:0E:13') ('Channel', 4) ('RSSI', -37) ('Header', '48')
Data:  3C:71:BF:99:F9:E0 ('MAC', 'B8:63:4D:A2:0E:13') ('Channel', 4) ('RSSI', -57) ('Header', '48')
Data:  24:0A:C4:23:C1:EC ('MAC', 'B8:63:4D:A2:0E:13') ('Channel', 4) ('RSSI', -59) ('Header', '48')
Data:  24:0A:C4:23:C1:EC ('MAC', 'B8:63:4D:A2:0E:13') ('Channel', 4) ('RSSI', -59) ('Header', '48')
Data:  24:0A:C4:23:D9:B0 ('MAC', 'B8:63:4D:A2:0E:13') ('Channel', 4) ('RSSI', -37) ('Header', '48')
Data:  3C:71:BF:99:F9:E0 ('MAC', 'B8:63:4D:A2:0E:13') ('Channel', 4) ('RSSI', -57) ('Header', '48')
Data:  24:0A:C4:23:D9:B0 ('MAC', 'B8:63:4D:A2:0E:13') ('Channel', 4) ('RSSI', -38) ('Header', '48')
Data:  3C:71:BF:99:F9:E0 ('MAC', 'B8:63:4D:A2:0E:13') ('Channel', 4) ('RSSI', -59) ('Header', '48')
Data:  24:0A:C4:23:C1:EC ('MAC', 'B8:63:4D:A2:0E:13') ('Channel', 4) ('RSSI', -60) ('Header', '48')
Data:  3C:71:BF:99:F9:E0 ('MAC', 'B8:63:4D:A2:0E:13') ('Channel', 4) ('RSSI', -59) ('Header', '48')
Data:  24:0A:C4:23:C1:EC ('MAC', 'B8:63:4D:A2:0E:13') ('Channel', 4) ('RSSI', -60) ('Header', '48')
Data:  24:0A:C4:23:D9:B0 ('MAC', 'B8:63:4D:A2:0E:13') ('Channel', 4) ('RSSI', -38) ('Header', '48')
Data:  3C:71:BF:99:F9:E0 ('MAC', 'B8:63:4D:A2:0E:13') ('Channel', 4) ('RSSI', -60) ('Header', '48')
Data:  24:0A:C4:23:D9:B0 ('MAC', 'B8:63:4D:A2:0E:13') ('Channel', 4) ('RSSI', -37) ('Header', '48')
Data:  24:0A:C4:23:C1:EC ('MAC', 'B8:63:4D:A2:0E:13') ('Channel', 4) ('RSSI', -59) ('Header', '48')
Data:  24:0A:C4:23:C1:EC ('MAC', 'B8:63:4D:A2:0E:13') ('Channel', 4) ('RSSI', -59) ('Header', '48')
Data:  24:0A:C4:23:C1:EC ('MAC', 'B8:63:4D:A2:0E:13') ('Channel', 4) ('RSSI', -59) ('Header', '48')
Data:  24:0A:C4:23:D9:B0 ('MAC', 'B8:63:4D:A2:0E:13') ('Channel', 4) ('RSSI', -37) ('Header', '48')
Data:  3C:71:BF:99:F9:E0 ('MAC', 'B8:63:4D:A2:0E:13') ('Channel', 4) ('RSSI', -60) ('Header', '48')
Data:  24:0A:C4:23:D9:B0 ('MAC', 'B8:63:4D:A2:0E:13') ('Channel', 4) ('RSSI', -37) ('Header', '48')
Data:  3C:71:BF:99:F9:E0 ('MAC', 'B8:63:4D:A2:0E:13') ('Channel', 4) ('RSSI', -60) ('Header', '48')
Data:  24:0A:C4:23:D9:B0 ('MAC', 'B8:63:4D:A2:0E:13') ('Channel', 4) ('RSSI', -37) ('Header', '48')
Data:  3C:71:BF:99:F9:E0 ('MAC', 'B8:63:4D:A2:0E:13') ('Channel', 4) ('RSSI', -57) ('Header', '48')
Data:  24:0A:C4:23:C1:EC ('MAC', 'B8:63:4D:A2:0E:13') ('Channel', 4) ('RSSI', -59) ('Header', '48')
Data:  3C:71:BF:99:F9:E0 ('MAC', 'B8:63:4D:A2:0E:13') ('Channel', 4) ('RSSI', -58) ('Header', '48')
Data:  24:0A:C4:23:C1:EC ('MAC', 'B8:63:4D:A2:0E:13') ('Channel', 4) ('RSSI', -59) ('Header', '48')
Data:  24:0A:C4:23:D9:B0 ('MAC', 'B8:63:4D:A2:0E:13') ('Channel', 4) ('RSSI', -37) ('Header', '48')
Data:  24:0A:C4:23:D9:B0 ('MAC', 'B8:63:4D:A2:0E:13') ('Channel', 4) ('RSSI', -37) ('Header', '48')
Data:  24:0A:C4:23:C1:EC ('MAC', 'B8:63:4D:A2:0E:13') ('Channel', 4) ('RSSI', -59) ('Header', '48')
Data:  24:0A:C4:23:D9:B0 ('MAC', 'B8:63:4D:A2:0E:13') ('Channel', 4) ('RSSI', -37) ('Header', '48')
Data:  24:0A:C4:23:C1:EC ('MAC', 'B8:63:4D:A2:0E:13') ('Channel', 4) ('RSSI', -59) ('Header', '48')
Data:  3C:71:BF:99:F9:E0 ('MAC', 'B8:63:4D:A2:0E:13') ('Channel', 4) ('RSSI', -58) ('Header', '48')
Data:  3C:71:BF:99:F9:E0 ('MAC', 'B8:63:4D:A2:0E:13') ('Channel', 4) ('RSSI', -58) ('Header', '48')
Data:  24:0A:C4:23:C1:EC ('MAC', 'B8:63:4D:A2:0E:13') ('Channel', 4) ('RSSI', -59) ('Header', '48')
Data:  24:0A:C4:23:D9:B0 ('MAC', 'B8:63:4D:A2:0E:13') ('Channel', 4) ('RSSI', -37) ('Header', '48')
Data:  3C:71:BF:99:F9:E0 ('MAC', 'B8:63:4D:A2:0E:13') ('Channel', 4) ('RSSI', -57) ('Header', '48')
Data:  24:0A:C4:23:C1:EC ('MAC', 'B8:63:4D:A2:0E:13') ('Channel', 4) ('RSSI', -59) ('Header', '48')
Data:  24:0A:C4:23:D9:B0 ('MAC', 'B8:63:4D:A2:0E:13') ('Channel', 4) ('RSSI', -37) ('Header', '48')
Data:  3C:71:BF:99:F9:E0 ('MAC', 'B8:63:4D:A2:0E:13') ('Channel', 4) ('RSSI', -57) ('Header', '48')
Data:  3C:71:BF:99:F9:E0 ('MAC', 'B8:63:4D:A2:0E:13') ('Channel', 4) ('RSSI', -59) ('Header', '48')
Data:  24:0A:C4:23:D9:B0 ('MAC', 'B8:63:4D:A2:0E:13') ('Channel', 4) ('RSSI', -38) ('Header', '48')
Data:  24:0A:C4:23:C1:EC ('MAC', 'B8:63:4D:A2:0E:13') ('Channel', 4) ('RSSI', -60) ('Header', '48')
Data:  24:0A:C4:23:D9:B0 ('MAC', 'B8:63:4D:A2:0E:13') ('Channel', 4) ('RSSI', -38) ('Header', '48')
Data:  3C:71:BF:99:F9:E0 ('MAC', 'B8:63:4D:A2:0E:13') ('Channel', 4) ('RSSI', -59) ('Header', '48')
Data:  24:0A:C4:23:C1:EC ('MAC', 'B8:63:4D:A2:0E:13') ('Channel', 4) ('RSSI', -60) ('Header', '48')
Data:  24:0A:C4:23:C1:EC ('MAC', 'B8:63:4D:A2:0E:13') ('Channel', 4) ('RSSI', -59) ('Header', '48')
Data:  24:0A:C4:23:D9:B0 ('MAC', 'B8:63:4D:A2:0E:13') ('Channel', 4) ('RSSI', -37) ('Header', '48')
Data:  3C:71:BF:99:F9:E0 ('MAC', 'B8:63:4D:A2:0E:13') ('Channel', 4) ('RSSI', -58) ('Header', '48')
Data:  24:0A:C4:23:C1:EC ('MAC', 'B8:63:4D:A2:0E:13') ('Channel', 4) ('RSSI', -59) ('Header', '48')
Data:  3C:71:BF:99:F9:E0 ('MAC', 'B8:63:4D:A2:0E:13') ('Channel', 4) ('RSSI', -57) ('Header', '48')
Data:  24:0A:C4:23:D9:B0 ('MAC', 'B8:63:4D:A2:0E:13') ('Channel', 4) ('RSSI', -37) ('Header', '48')
Data:  24:0A:C4:23:D9:B0 ('MAC', 'B8:63:4D:A2:0E:13') ('Channel', 4) ('RSSI', -37) ('Header', '48')
Data:  24:0A:C4:23:C1:EC ('MAC', 'B8:63:4D:A2:0E:13') ('Channel', 4) ('RSSI', -59) ('Header', '48')
Data:  3C:71:BF:99:F9:E0 ('MAC', 'B8:63:4D:A2:0E:13') ('Channel', 4) ('RSSI', -58) ('Header', '48')
Data:  24:0A:C4:23:C1:EC ('MAC', 'B8:63:4D:A2:0E:13') ('Channel', 4) ('RSSI', -57) ('Header', '48')
Data:  24:0A:C4:23:D9:B0 ('MAC', 'B8:63:4D:A2:0E:13') ('Channel', 4) ('RSSI', -37) ('Header', '48')
Data:  3C:71:BF:99:F9:E0 ('MAC', 'B8:63:4D:A2:0E:13') ('Channel', 4) ('RSSI', -59) ('Header', '48')
Data:  24:0A:C4:23:D9:B0 ('MAC', 'B8:63:4D:A2:0E:13') ('Channel', 4) ('RSSI', -37) ('Header', '48')
Data:  24:0A:C4:23:D9:B0 ('MAC', 'B8:63:4D:A2:0E:13') ('Channel', 4) ('RSSI', -37) ('Header', '48')
Data:  24:0A:C4:23:C1:EC ('MAC', 'B8:63:4D:A2:0E:13') ('Channel', 4) ('RSSI', -57) ('Header', '48')
Data:  24:0A:C4:23:C1:EC ('MAC', 'B8:63:4D:A2:0E:13') ('Channel', 4) ('RSSI', -58) ('Header', '48')
Data:  3C:71:BF:99:F9:E0 ('MAC', 'B8:63:4D:A2:0E:13') ('Channel', 4) ('RSSI', -60) ('Header', '48')
Data:  3C:71:BF:99:F9:E0 ('MAC', 'B8:63:4D:A2:0E:13') ('Channel', 4) ('RSSI', -60) ('Header', '48')
Data:  3C:71:BF:99:F9:E0 ('MAC', 'B8:63:4D:A2:0E:13') ('Channel', 4) ('RSSI', -61) ('Header', '48')
Data:  24:0A:C4:23:D9:B0 ('MAC', 'B8:63:4D:A2:0E:13') ('Channel', 4) ('RSSI', -37) ('Header', '48')
Data:  24:0A:C4:23:C1:EC ('MAC', 'B8:63:4D:A2:0E:13') ('Channel', 4) ('RSSI', -60) ('Header', '48')
Data:  3C:71:BF:99:F9:E0 ('MAC', 'B8:63:4D:A2:0E:13') ('Channel', 4) ('RSSI', -60) ('Header', '48')
Data:  24:0A:C4:23:D9:B0 ('MAC', 'B8:63:4D:A2:0E:13') ('Channel', 4) ('RSSI', -37) ('Header', '48')
Data:  24:0A:C4:23:C1:EC ('MAC', 'B8:63:4D:A2:0E:13') ('Channel', 4) ('RSSI', -59) ('Header', '48')
Data:  24:0A:C4:23:D9:B0 ('MAC', 'B8:63:4D:A2:0E:13') ('Channel', 4) ('RSSI', -37) ('Header', '48')
Data:  3C:71:BF:99:F9:E0 ('MAC', 'B8:63:4D:A2:0E:13') ('Channel', 4) ('RSSI', -60) ('Header', '48')
Data:  24:0A:C4:23:C1:EC ('MAC', 'B8:63:4D:A2:0E:13') ('Channel', 4) ('RSSI', -59) ('Header', '48')
Data:  3C:71:BF:99:F9:E0 ('MAC', 'B8:63:4D:A2:0E:13') ('Channel', 4) ('RSSI', -61) ('Header', '48')
Data:  24:0A:C4:23:D9:B0 ('MAC', 'B8:63:4D:A2:0E:13') ('Channel', 4) ('RSSI', -36) ('Header', '48')
Data:  24:0A:C4:23:C1:EC ('MAC', 'B8:63:4D:A2:0E:13') ('Channel', 4) ('RSSI', -57) ('Header', '48')
Data:  24:0A:C4:23:C1:EC ('MAC', 'B8:63:4D:A2:0E:13') ('Channel', 4) ('RSSI', -57) ('Header', '48')
Data:  3C:71:BF:99:F9:E0 ('MAC', 'B8:63:4D:A2:0E:13') ('Channel', 4) ('RSSI', -61) ('Header', '48')
Data:  24:0A:C4:23:D9:B0 ('MAC', 'B8:63:4D:A2:0E:13') ('Channel', 4) ('RSSI', -37) ('Header', '48')
Summary:  24:0A:C4:23:D9:B0 60 {'B8:63:4D:A2:0E:13': -37.1}
Summary:  24:0A:C4:23:C1:EC 752 {'B8:63:4D:A2:0E:13': -58.9}
Summary:  3C:71:BF:99:F9:E0 765 {'B8:63:4D:A2:0E:13': -58.5}
Data:  24:0A:C4:23:C1:EC ('MAC', 'B8:63:4D:A2:0E:13') ('Channel', 4) ('RSSI', -59) ('Header', '48')
Data:  24:0A:C4:23:D9:B0 ('MAC', 'B8:63:4D:A2:0E:13') ('Channel', 4) ('RSSI', -36) ('Header', '48')
Data:  3C:71:BF:99:F9:E0 ('MAC', 'B8:63:4D:A2:0E:13') ('Channel', 4) ('RSSI', -61) ('Header', '48')
Data:  24:0A:C4:23:D9:B0 ('MAC', 'B8:63:4D:A2:0E:13') ('Channel', 4) ('RSSI', -37) ('Header', '48')
Data:  3C:71:BF:99:F9:E0 ('MAC', 'B8:63:4D:A2:0E:13') ('Channel', 4) ('RSSI', -61) ('Header', '48')
Data:  24:0A:C4:23:C1:EC ('MAC', 'B8:63:4D:A2:0E:13') ('Channel', 4) ('RSSI', -59) ('Header', '48')
Data:  24:0A:C4:23:D9:B0 ('MAC', 'B8:63:4D:A2:0E:13') ('Channel', 4) ('RSSI', -37) ('Header', '48')
Data:  3C:71:BF:99:F9:E0 ('MAC', 'B8:63:4D:A2:0E:13') ('Channel', 4) ('RSSI', -61) ('Header', '48')
Data:  24:0A:C4:23:C1:EC ('MAC', 'B8:63:4D:A2:0E:13') ('Channel', 4) ('RSSI', -59) ('Header', '48')
Data:  24:0A:C4:23:D9:B0 ('MAC', 'B8:63:4D:A2:0E:13') ('Channel', 4) ('RSSI', -37) ('Header', '48')
Data:  24:0A:C4:23:C1:EC ('MAC', 'B8:63:4D:A2:0E:13') ('Channel', 4) ('RSSI', -59) ('Header', '48')
Data:  3C:71:BF:99:F9:E0 ('MAC', 'B8:63:4D:A2:0E:13') ('Channel', 4) ('RSSI', -61) ('Header', '48')
Data:  24:0A:C4:23:D9:B0 ('MAC', 'B8:63:4D:A2:0E:13') ('Channel', 4) ('RSSI', -37) ('Header', '48')
Data:  3C:71:BF:99:F9:E0 ('MAC', 'B8:63:4D:A2:0E:13') ('Channel', 4) ('RSSI', -62) ('Header', '48')
Data:  24:0A:C4:23:C1:EC ('MAC', 'B8:63:4D:A2:0E:13') ('Channel', 4) ('RSSI', -58) ('Header', '48')
Data:  3C:71:BF:99:F9:E0 ('MAC', 'B8:63:4D:A2:0E:13') ('Channel', 4) ('RSSI', -61) ('Header', '48')
Data:  3C:71:BF:99:F9:E0 ('MAC', 'B8:63:4D:A2:0E:13') ('Channel', 4) ('RSSI', -62) ('Header', '48')
Data:  24:0A:C4:23:D9:B0 ('MAC', 'B8:63:4D:A2:0E:13') ('Channel', 4) ('RSSI', -36) ('Header', '48')
Data:  24:0A:C4:23:D9:B0 ('MAC', 'B8:63:4D:A2:0E:13') ('Channel', 4) ('RSSI', -37) ('Header', '48')
Data:  24:0A:C4:23:C1:EC ('MAC', 'B8:63:4D:A2:0E:13') ('Channel', 4) ('RSSI', -57) ('Header', '48')
Data:  24:0A:C4:23:C1:EC ('MAC', 'B8:63:4D:A2:0E:13') ('Channel', 4) ('RSSI', -58) ('Header', '48')
Data:  24:0A:C4:23:D9:B0 ('MAC', 'B8:63:4D:A2:0E:13') ('Channel', 4) ('RSSI', -37) ('Header', '48')
Data:  3C:71:BF:99:F9:E0 ('MAC', 'B8:63:4D:A2:0E:13') ('Channel', 4) ('RSSI', -62) ('Header', '48')
Data:  24:0A:C4:23:C1:EC ('MAC', 'B8:63:4D:A2:0E:13') ('Channel', 4) ('RSSI', -57) ('Header', '48')
Data:  24:0A:C4:23:C1:EC ('MAC', 'B8:63:4D:A2:0E:13') ('Channel', 4) ('RSSI', -57) ('Header', '48')
Data:  24:0A:C4:23:D9:B0 ('MAC', 'B8:63:4D:A2:0E:13') ('Channel', 4) ('RSSI', -37) ('Header', '48')
Data:  3C:71:BF:99:F9:E0 ('MAC', 'B8:63:4D:A2:0E:13') ('Channel', 4) ('RSSI', -62) ('Header', '48')
Data:  24:0A:C4:23:D9:B0 ('MAC', 'B8:63:4D:A2:0E:13') ('Channel', 4) ('RSSI', -37) ('Header', '48')
Data:  3C:71:BF:99:F9:E0 ('MAC', 'B8:63:4D:A2:0E:13') ('Channel', 4) ('RSSI', -61) ('Header', '48')
Data:  24:0A:C4:23:C1:EC ('MAC', 'B8:63:4D:A2:0E:13') ('Channel', 4) ('RSSI', -58) ('Header', '48')
Data:  24:0A:C4:23:D9:B0 ('MAC', 'B8:63:4D:A2:0E:13') ('Channel', 4) ('RSSI', -37) ('Header', '48')
Data:  3C:71:BF:99:F9:E0 ('MAC', 'B8:63:4D:A2:0E:13') ('Channel', 4) ('RSSI', -61) ('Header', '48')
Data:  24:0A:C4:23:C1:EC ('MAC', 'B8:63:4D:A2:0E:13') ('Channel', 4) ('RSSI', -59) ('Header', '48')
Data:  24:0A:C4:23:D9:B0 ('MAC', 'B8:63:4D:A2:0E:13') ('Channel', 4) ('RSSI', -37) ('Header', '48')
Data:  3C:71:BF:99:F9:E0 ('MAC', 'B8:63:4D:A2:0E:13') ('Channel', 4) ('RSSI', -62) ('Header', '48')
Data:  24:0A:C4:23:C1:EC ('MAC', 'B8:63:4D:A2:0E:13') ('Channel', 4) ('RSSI', -59) ('Header', '48')
Data:  3C:71:BF:99:F9:E0 ('MAC', 'B8:63:4D:A2:0E:13') ('Channel', 4) ('RSSI', -63) ('Header', '48')
Data:  24:0A:C4:23:C1:EC ('MAC', 'B8:63:4D:A2:0E:13') ('Channel', 4) ('RSSI', -59) ('Header', '48')
Data:  24:0A:C4:23:D9:B0 ('MAC', 'B8:63:4D:A2:0E:13') ('Channel', 4) ('RSSI', -37) ('Header', '48')
Data:  24:0A:C4:23:C1:EC ('MAC', 'B8:63:4D:A2:0E:13') ('Channel', 4) ('RSSI', -59) ('Header', '48')
Data:  24:0A:C4:23:D9:B0 ('MAC', 'B8:63:4D:A2:0E:13') ('Channel', 4) ('RSSI', -38) ('Header', '48')
Data:  3C:71:BF:99:F9:E0 ('MAC', 'B8:63:4D:A2:0E:13') ('Channel', 4) ('RSSI', -62) ('Header', '48')
Data:  3C:71:BF:99:F9:E0 ('MAC', 'B8:63:4D:A2:0E:13') ('Channel', 4) ('RSSI', -63) ('Header', '48')
Data:  24:0A:C4:23:D9:B0 ('MAC', 'B8:63:4D:A2:0E:13') ('Channel', 4) ('RSSI', -36) ('Header', '48')
Data:  3C:71:BF:99:F9:E0 ('MAC', 'B8:63:4D:A2:0E:13') ('Channel', 4) ('RSSI', -63) ('Header', '48')
Data:  24:0A:C4:23:C1:EC ('MAC', 'B8:63:4D:A2:0E:13') ('Channel', 4) ('RSSI', -58) ('Header', '48')
Data:  24:0A:C4:23:D9:B0 ('MAC', 'B8:63:4D:A2:0E:13') ('Channel', 4) ('RSSI', -36) ('Header', '48')
Data:  3C:71:BF:99:F9:E0 ('MAC', 'B8:63:4D:A2:0E:13') ('Channel', 4) ('RSSI', -63) ('Header', '48')
Data:  24:0A:C4:23:C1:EC ('MAC', 'B8:63:4D:A2:0E:13') ('Channel', 4) ('RSSI', -58) ('Header', '48')
Data:  24:0A:C4:23:D9:B0 ('MAC', 'B8:63:4D:A2:0E:13') ('Channel', 4) ('RSSI', -36) ('Header', '48')
Data:  24:0A:C4:23:C1:EC ('MAC', 'B8:63:4D:A2:0E:13') ('Channel', 4) ('RSSI', -57) ('Header', '48')
Data:  24:0A:C4:23:D9:B0 ('MAC', 'B8:63:4D:A2:0E:13') ('Channel', 4) ('RSSI', -36) ('Header', '48')
Data:  24:0A:C4:23:C1:EC ('MAC', 'B8:63:4D:A2:0E:13') ('Channel', 4) ('RSSI', -58) ('Header', '48')
Data:  3C:71:BF:99:F9:E0 ('MAC', 'B8:63:4D:A2:0E:13') ('Channel', 4) ('RSSI', -62) ('Header', '48')
Data:  24:0A:C4:23:D9:B0 ('MAC', 'B8:63:4D:A2:0E:13') ('Channel', 4) ('RSSI', -37) ('Header', '48')
Data:  24:0A:C4:23:C1:EC ('MAC', 'B8:63:4D:A2:0E:13') ('Channel', 4) ('RSSI', -58) ('Header', '48')
Data:  3C:71:BF:99:F9:E0 ('MAC', 'B8:63:4D:A2:0E:13') ('Channel', 4) ('RSSI', -61) ('Header', '48')
Data:  24:0A:C4:23:C1:EC ('MAC', 'B8:63:4D:A2:0E:13') ('Channel', 4) ('RSSI', -59) ('Header', '48')
Data:  24:0A:C4:23:D9:B0 ('MAC', 'B8:63:4D:A2:0E:13') ('Channel', 4) ('RSSI', -37) ('Header', '48')
Data:  3C:71:BF:99:F9:E0 ('MAC', 'B8:63:4D:A2:0E:13') ('Channel', 4) ('RSSI', -62) ('Header', '48')
Data:  24:0A:C4:23:D9:B0 ('MAC', 'B8:63:4D:A2:0E:13') ('Channel', 4) ('RSSI', -36) ('Header', '48')
Data:  3C:71:BF:99:F9:E0 ('MAC', 'B8:63:4D:A2:0E:13') ('Channel', 4) ('RSSI', -61) ('Header', '48')
Data:  24:0A:C4:23:D9:B0 ('MAC', 'B8:63:4D:A2:0E:13') ('Channel', 4) ('RSSI', -36) ('Header', '48')
Data:  3C:71:BF:99:F9:E0 ('MAC', 'B8:63:4D:A2:0E:13') ('Channel', 4) ('RSSI', -61) ('Header', '48')
Data:  24:0A:C4:23:C1:EC ('MAC', 'B8:63:4D:A2:0E:13') ('Channel', 4) ('RSSI', -57) ('Header', '48')
Data:  24:0A:C4:23:C1:EC ('MAC', 'B8:63:4D:A2:0E:13') ('Channel', 4) ('RSSI', -57) ('Header', '48')
Data:  24:0A:C4:23:D9:B0 ('MAC', 'B8:63:4D:A2:0E:13') ('Channel', 4) ('RSSI', -36) ('Header', '48')
Data:  3C:71:BF:99:F9:E0 ('MAC', 'B8:63:4D:A2:0E:13') ('Channel', 4) ('RSSI', -60) ('Header', '48')
Data:  24:0A:C4:23:C1:EC ('MAC', 'B8:63:4D:A2:0E:13') ('Channel', 4) ('RSSI', -57) ('Header', '48')
Data:  24:0A:C4:23:C1:EC ('MAC', 'B8:63:4D:A2:0E:13') ('Channel', 4) ('RSSI', -57) ('Header', '48')
Data:  24:0A:C4:23:D9:B0 ('MAC', 'B8:63:4D:A2:0E:13') ('Channel', 4) ('RSSI', -36) ('Header', '48')
Data:  3C:71:BF:99:F9:E0 ('MAC', 'B8:63:4D:A2:0E:13') ('Channel', 4) ('RSSI', -61) ('Header', '48')
Data:  24:0A:C4:23:C1:EC ('MAC', 'B8:63:4D:A2:0E:13') ('Channel', 4) ('RSSI', -57) ('Header', '48')
Data:  24:0A:C4:23:D9:B0 ('MAC', 'B8:63:4D:A2:0E:13') ('Channel', 4) ('RSSI', -37) ('Header', '48')
Data:  3C:71:BF:99:F9:E0 ('MAC', 'B8:63:4D:A2:0E:13') ('Channel', 4) ('RSSI', -61) ('Header', '48')
Data:  24:0A:C4:23:D9:B0 ('MAC', 'B8:63:4D:A2:0E:13') ('Channel', 4) ('RSSI', -37) ('Header', '48')
Data:  24:0A:C4:23:C1:EC ('MAC', 'B8:63:4D:A2:0E:13') ('Channel', 4) ('RSSI', -57) ('Header', '48')
Data:  3C:71:BF:99:F9:E0 ('MAC', 'B8:63:4D:A2:0E:13') ('Channel', 4) ('RSSI', -61) ('Header', '48')
Data:  3C:71:BF:99:F9:E0 ('MAC', 'B8:63:4D:A2:0E:13') ('Channel', 4) ('RSSI', -61) ('Header', '48')
Data:  24:0A:C4:23:C1:EC ('MAC', 'B8:63:4D:A2:0E:13') ('Channel', 4) ('RSSI', -57) ('Header', '48')
Data:  24:0A:C4:23:D9:B0 ('MAC', 'B8:63:4D:A2:0E:13') ('Channel', 4) ('RSSI', -37) ('Header', '48')
Data:  3C:71:BF:99:F9:E0 ('MAC', 'B8:63:4D:A2:0E:13') ('Channel', 4) ('RSSI', -62) ('Header', '48')
Data:  24:0A:C4:23:D9:B0 ('MAC', 'B8:63:4D:A2:0E:13') ('Channel', 4) ('RSSI', -37) ('Header', '48')
Data:  24:0A:C4:23:C1:EC ('MAC', 'B8:63:4D:A2:0E:13') ('Channel', 4) ('RSSI', -57) ('Header', '48')
Data:  3C:71:BF:99:F9:E0 ('MAC', 'B8:63:4D:A2:0E:13') ('Channel', 4) ('RSSI', -62) ('Header', '48')
Data:  24:0A:C4:23:D9:B0 ('MAC', 'B8:63:4D:A2:0E:13') ('Channel', 4) ('RSSI', -37) ('Header', '48')
Data:  24:0A:C4:23:C1:EC ('MAC', 'B8:63:4D:A2:0E:13') ('Channel', 4) ('RSSI', -58) ('Header', '48')
Data:  3C:71:BF:99:F9:E0 ('MAC', 'B8:63:4D:A2:0E:13') ('Channel', 4) ('RSSI', -62) ('Header', '48')
Data:  24:0A:C4:23:D9:B0 ('MAC', 'B8:63:4D:A2:0E:13') ('Channel', 4) ('RSSI', -37) ('Header', '48')
Data:  24:0A:C4:23:C1:EC ('MAC', 'B8:63:4D:A2:0E:13') ('Channel', 4) ('RSSI', -57) ('Header', '48')
Data:  24:0A:C4:23:D9:B0 ('MAC', 'B8:63:4D:A2:0E:13') ('Channel', 4) ('RSSI', -37) ('Header', '48')
Data:  3C:71:BF:99:F9:E0 ('MAC', 'B8:63:4D:A2:0E:13') ('Channel', 4) ('RSSI', -60) ('Header', '48')
Data:  24:0A:C4:23:C1:EC ('MAC', 'B8:63:4D:A2:0E:13') ('Channel', 4) ('RSSI', -57) ('Header', '48')
Data:  24:0A:C4:23:C1:EC ('MAC', 'B8:63:4D:A2:0E:13') ('Channel', 4) ('RSSI', -57) ('Header', '48')
Data:  3C:71:BF:99:F9:E0 ('MAC', 'B8:63:4D:A2:0E:13') ('Channel', 4) ('RSSI', -60) ('Header', '48')
Data:  24:0A:C4:23:D9:B0 ('MAC', 'B8:63:4D:A2:0E:13') ('Channel', 4) ('RSSI', -37) ('Header', '48')
Data:  3C:71:BF:99:F9:E0 ('MAC', 'B8:63:4D:A2:0E:13') ('Channel', 4) ('RSSI', -59) ('Header', '48')
Data:  24:0A:C4:23:D9:B0 ('MAC', 'B8:63:4D:A2:0E:13') ('Channel', 4) ('RSSI', -37) ('Header', '48')
Data:  24:0A:C4:23:C1:EC ('MAC', 'B8:63:4D:A2:0E:13') ('Channel', 4) ('RSSI', -57) ('Header', '48')
Data:  24:0A:C4:23:D9:B0 ('MAC', 'B8:63:4D:A2:0E:13') ('Channel', 4) ('RSSI', -37) ('Header', '48')
Data:  3C:71:BF:99:F9:E0 ('MAC', 'B8:63:4D:A2:0E:13') ('Channel', 4) ('RSSI', -59) ('Header', '48')
Data:  24:0A:C4:23:C1:EC ('MAC', 'B8:63:4D:A2:0E:13') ('Channel', 4) ('RSSI', -57) ('Header', '48')
Data:  3C:71:BF:99:F9:E0 ('MAC', 'B8:63:4D:A2:0E:13') ('Channel', 4) ('RSSI', -59) ('Header', '48')
Data:  24:0A:C4:23:C1:EC ('MAC', 'B8:63:4D:A2:0E:13') ('Channel', 4) ('RSSI', -58) ('Header', '48')
Data:  24:0A:C4:23:D9:B0 ('MAC', 'B8:63:4D:A2:0E:13') ('Channel', 4) ('RSSI', -37) ('Header', '48')
Data:  24:0A:C4:23:C1:EC ('MAC', 'B8:63:4D:A2:0E:13') ('Channel', 4) ('RSSI', -58) ('Header', '48')
Data:  3C:71:BF:99:F9:E0 ('MAC', 'B8:63:4D:A2:0E:13') ('Channel', 4) ('RSSI', -59) ('Header', '48')
Data:  24:0A:C4:23:D9:B0 ('MAC', 'B8:63:4D:A2:0E:13') ('Channel', 4) ('RSSI', -37) ('Header', '48')
Data:  24:0A:C4:23:C1:EC ('MAC', 'B8:63:4D:A2:0E:13') ('Channel', 4) ('RSSI', -58) ('Header', '48')
Summary:  24:0A:C4:23:D9:B0 60 {'B8:63:4D:A2:0E:13': -36.8}
Summary:  24:0A:C4:23:C1:EC 752 {'B8:63:4D:A2:0E:13': -57.8}
Summary:  3C:71:BF:99:F9:E0 765 {'B8:63:4D:A2:0E:13': -61.2}
Data:  3C:71:BF:99:F9:E0 ('MAC', 'B8:63:4D:A2:0E:13') ('Channel', 4) ('RSSI', -59) ('Header', '48')
Data:  24:0A:C4:23:D9:B0 ('MAC', 'B8:63:4D:A2:0E:13') ('Channel', 4) ('RSSI', -37) ('Header', '48')
Data:  24:0A:C4:23:D9:B0 ('MAC', 'B8:63:4D:A2:0E:13') ('Channel', 4) ('RSSI', -37) ('Header', '48')
Data:  24:0A:C4:23:C1:EC ('MAC', 'B8:63:4D:A2:0E:13') ('Channel', 4) ('RSSI', -58) ('Header', '48')
Data:  3C:71:BF:99:F9:E0 ('MAC', 'B8:63:4D:A2:0E:13') ('Channel', 4) ('RSSI', -58) ('Header', '48')
Data:  3C:71:BF:99:F9:E0 ('MAC', 'B8:63:4D:A2:0E:13') ('Channel', 4) ('RSSI', -58) ('Header', '48')
Data:  24:0A:C4:23:D9:B0 ('MAC', 'B8:63:4D:A2:0E:13') ('Channel', 4) ('RSSI', -37) ('Header', '48')
Data:  24:0A:C4:23:C1:EC ('MAC', 'B8:63:4D:A2:0E:13') ('Channel', 4) ('RSSI', -58) ('Header', '48')
Data:  3C:71:BF:99:F9:E0 ('MAC', 'B8:63:4D:A2:0E:13') ('Channel', 4) ('RSSI', -57) ('Header', '48')
Data:  24:0A:C4:23:D9:B0 ('MAC', 'B8:63:4D:A2:0E:13') ('Channel', 4) ('RSSI', -37) ('Header', '48')
Data:  24:0A:C4:23:C1:EC ('MAC', 'B8:63:4D:A2:0E:13') ('Channel', 4) ('RSSI', -58) ('Header', '48')
Data:  24:0A:C4:23:D9:B0 ('MAC', 'B8:63:4D:A2:0E:13') ('Channel', 4) ('RSSI', -37) ('Header', '48')
Data:  24:0A:C4:23:C1:EC ('MAC', 'B8:63:4D:A2:0E:13') ('Channel', 4) ('RSSI', -58) ('Header', '48')
Data:  3C:71:BF:99:F9:E0 ('MAC', 'B8:63:4D:A2:0E:13') ('Channel', 4) ('RSSI', -57) ('Header', '48')
Data:  24:0A:C4:23:D9:B0 ('MAC', 'B8:63:4D:A2:0E:13') ('Channel', 4) ('RSSI', -37) ('Header', '48')
Data:  3C:71:BF:99:F9:E0 ('MAC', 'B8:63:4D:A2:0E:13') ('Channel', 4) ('RSSI', -57) ('Header', '48')
Data:  24:0A:C4:23:C1:EC ('MAC', 'B8:63:4D:A2:0E:13') ('Channel', 4) ('RSSI', -58) ('Header', '48')
Data:  24:0A:C4:23:C1:EC ('MAC', 'B8:63:4D:A2:0E:13') ('Channel', 4) ('RSSI', -58) ('Header', '48')
Data:  24:0A:C4:23:D9:B0 ('MAC', 'B8:63:4D:A2:0E:13') ('Channel', 4) ('RSSI', -37) ('Header', '48')
Data:  3C:71:BF:99:F9:E0 ('MAC', 'B8:63:4D:A2:0E:13') ('Channel', 4) ('RSSI', -57) ('Header', '48')
Data:  3C:71:BF:99:F9:E0 ('MAC', 'B8:63:4D:A2:0E:13') ('Channel', 4) ('RSSI', -57) ('Header', '48')
Data:  24:0A:C4:23:C1:EC ('MAC', 'B8:63:4D:A2:0E:13') ('Channel', 4) ('RSSI', -58) ('Header', '48')
Data:  24:0A:C4:23:D9:B0 ('MAC', 'B8:63:4D:A2:0E:13') ('Channel', 4) ('RSSI', -37) ('Header', '48')
Data:  24:0A:C4:23:D9:B0 ('MAC', 'B8:63:4D:A2:0E:13') ('Channel', 4) ('RSSI', -37) ('Header', '48')
Data:  3C:71:BF:99:F9:E0 ('MAC', 'B8:63:4D:A2:0E:13') ('Channel', 4) ('RSSI', -58) ('Header', '48')
Data:  24:0A:C4:23:C1:EC ('MAC', 'B8:63:4D:A2:0E:13') ('Channel', 4) ('RSSI', -58) ('Header', '48')
Data:  24:0A:C4:23:D9:B0 ('MAC', 'B8:63:4D:A2:0E:13') ('Channel', 4) ('RSSI', -37) ('Header', '48')
Data:  3C:71:BF:99:F9:E0 ('MAC', 'B8:63:4D:A2:0E:13') ('Channel', 4) ('RSSI', -58) ('Header', '48')
Data:  24:0A:C4:23:C1:EC ('MAC', 'B8:63:4D:A2:0E:13') ('Channel', 4) ('RSSI', -58) ('Header', '48')
Data:  3C:71:BF:99:F9:E0 ('MAC', 'B8:63:4D:A2:0E:13') ('Channel', 4) ('RSSI', -58) ('Header', '48')
Data:  24:0A:C4:23:D9:B0 ('MAC', 'B8:63:4D:A2:0E:13') ('Channel', 4) ('RSSI', -37) ('Header', '48')
Data:  3C:71:BF:99:F9:E0 ('MAC', 'B8:63:4D:A2:0E:13') ('Channel', 4) ('RSSI', -57) ('Header', '48')
Data:  24:0A:C4:23:D9:B0 ('MAC', 'B8:63:4D:A2:0E:13') ('Channel', 4) ('RSSI', -37) ('Header', '48')
Data:  3C:71:BF:99:F9:E0 ('MAC', 'B8:63:4D:A2:0E:13') ('Channel', 4) ('RSSI', -59) ('Header', '48')
Data:  24:0A:C4:23:C1:EC ('MAC', 'B8:63:4D:A2:0E:13') ('Channel', 4) ('RSSI', -58) ('Header', '48')
Data:  24:0A:C4:23:D9:B0 ('MAC', 'B8:63:4D:A2:0E:13') ('Channel', 4) ('RSSI', -37) ('Header', '48')
Data:  24:0A:C4:23:D9:B0 ('MAC', 'B8:63:4D:A2:0E:13') ('Channel', 4) ('RSSI', -37) ('Header', '48')
Data:  3C:71:BF:99:F9:E0 ('MAC', 'B8:63:4D:A2:0E:13') ('Channel', 4) ('RSSI', -58) ('Header', '48')
Data:  24:0A:C4:23:C1:EC ('MAC', 'B8:63:4D:A2:0E:13') ('Channel', 4) ('RSSI', -58) ('Header', '48')
Data:  3C:71:BF:99:F9:E0 ('MAC', 'B8:63:4D:A2:0E:13') ('Channel', 4) ('RSSI', -57) ('Header', '48')
Data:  24:0A:C4:23:D9:B0 ('MAC', 'B8:63:4D:A2:0E:13') ('Channel', 4) ('RSSI', -37) ('Header', '48')
Data:  24:0A:C4:23:C1:EC ('MAC', 'B8:63:4D:A2:0E:13') ('Channel', 4) ('RSSI', -58) ('Header', '48')
Data:  24:0A:C4:23:C1:EC ('MAC', 'B8:63:4D:A2:0E:13') ('Channel', 4) ('RSSI', -57) ('Header', '48')
Data:  3C:71:BF:99:F9:E0 ('MAC', 'B8:63:4D:A2:0E:13') ('Channel', 4) ('RSSI', -58) ('Header', '48')
Data:  24:0A:C4:23:D9:B0 ('MAC', 'B8:63:4D:A2:0E:13') ('Channel', 4) ('RSSI', -37) ('Header', '48')
Data:  24:0A:C4:23:C1:EC ('MAC', 'B8:63:4D:A2:0E:13') ('Channel', 4) ('RSSI', -59) ('Header', '48')
Data:  24:0A:C4:23:D9:B0 ('MAC', 'B8:63:4D:A2:0E:13') ('Channel', 4) ('RSSI', -37) ('Header', '48')
Data:  3C:71:BF:99:F9:E0 ('MAC', 'B8:63:4D:A2:0E:13') ('Channel', 4) ('RSSI', -58) ('Header', '48')
Data:  3C:71:BF:99:F9:E0 ('MAC', 'B8:63:4D:A2:0E:13') ('Channel', 4) ('RSSI', -58) ('Header', '48')
Data:  24:0A:C4:23:D9:B0 ('MAC', 'B8:63:4D:A2:0E:13') ('Channel', 4) ('RSSI', -37) ('Header', '48')
Data:  24:0A:C4:23:C1:EC ('MAC', 'B8:63:4D:A2:0E:13') ('Channel', 4) ('RSSI', -58) ('Header', '48')
Data:  24:0A:C4:23:C1:EC ('MAC', 'B8:63:4D:A2:0E:13') ('Channel', 4) ('RSSI', -58) ('Header', '48')
Data:  3C:71:BF:99:F9:E0 ('MAC', 'B8:63:4D:A2:0E:13') ('Channel', 4) ('RSSI', -58) ('Header', '48')
Data:  24:0A:C4:23:D9:B0 ('MAC', 'B8:63:4D:A2:0E:13') ('Channel', 4) ('RSSI', -37) ('Header', '48')
Data:  3C:71:BF:99:F9:E0 ('MAC', 'B8:63:4D:A2:0E:13') ('Channel', 4) ('RSSI', -59) ('Header', '48')
Data:  24:0A:C4:23:D9:B0 ('MAC', 'B8:63:4D:A2:0E:13') ('Channel', 4) ('RSSI', -37) ('Header', '48')
Data:  3C:71:BF:99:F9:E0 ('MAC', 'B8:63:4D:A2:0E:13') ('Channel', 4) ('RSSI', -58) ('Header', '48')
Data:  24:0A:C4:23:D9:B0 ('MAC', 'B8:63:4D:A2:0E:13') ('Channel', 4) ('RSSI', -37) ('Header', '48')
Data:  24:0A:C4:23:C1:EC ('MAC', 'B8:63:4D:A2:0E:13') ('Channel', 4) ('RSSI', -59) ('Header', '48')
Data:  3C:71:BF:99:F9:E0 ('MAC', 'B8:63:4D:A2:0E:13') ('Channel', 4) ('RSSI', -58) ('Header', '48')
Data:  24:0A:C4:23:C1:EC ('MAC', 'B8:63:4D:A2:0E:13') ('Channel', 4) ('RSSI', -58) ('Header', '48')
Data:  24:0A:C4:23:D9:B0 ('MAC', 'B8:63:4D:A2:0E:13') ('Channel', 4) ('RSSI', -37) ('Header', '48')
Data:  24:0A:C4:23:C1:EC ('MAC', 'B8:63:4D:A2:0E:13') ('Channel', 4) ('RSSI', -57) ('Header', '48')
Data:  24:0A:C4:23:D9:B0 ('MAC', 'B8:63:4D:A2:0E:13') ('Channel', 4) ('RSSI', -37) ('Header', '48')
Data:  24:0A:C4:23:C1:EC ('MAC', 'B8:63:4D:A2:0E:13') ('Channel', 4) ('RSSI', -58) ('Header', '48')
Data:  3C:71:BF:99:F9:E0 ('MAC', 'B8:63:4D:A2:0E:13') ('Channel', 4) ('RSSI', -59) ('Header', '48')
Data:  3C:71:BF:99:F9:E0 ('MAC', 'B8:63:4D:A2:0E:13') ('Channel', 4) ('RSSI', -59) ('Header', '48')
Data:  24:0A:C4:23:D9:B0 ('MAC', 'B8:63:4D:A2:0E:13') ('Channel', 4) ('RSSI', -38) ('Header', '48')
Data:  24:0A:C4:23:C1:EC ('MAC', 'B8:63:4D:A2:0E:13') ('Channel', 4) ('RSSI', -59) ('Header', '48')
Data:  24:0A:C4:23:C1:EC ('MAC', 'B8:63:4D:A2:0E:13') ('Channel', 4) ('RSSI', -57) ('Header', '48')
Data:  24:0A:C4:23:D9:B0 ('MAC', 'B8:63:4D:A2:0E:13') ('Channel', 4) ('RSSI', -37) ('Header', '48')
Data:  3C:71:BF:99:F9:E0 ('MAC', 'B8:63:4D:A2:0E:13') ('Channel', 4) ('RSSI', -60) ('Header', '48')
Data:  24:0A:C4:23:D9:B0 ('MAC', 'B8:63:4D:A2:0E:13') ('Channel', 4) ('RSSI', -37) ('Header', '48')
Data:  3C:71:BF:99:F9:E0 ('MAC', 'B8:63:4D:A2:0E:13') ('Channel', 4) ('RSSI', -60) ('Header', '48')
Data:  24:0A:C4:23:C1:EC ('MAC', 'B8:63:4D:A2:0E:13') ('Channel', 4) ('RSSI', -57) ('Header', '48')
Data:  3C:71:BF:99:F9:E0 ('MAC', 'B8:63:4D:A2:0E:13') ('Channel', 4) ('RSSI', -62) ('Header', '48')
Data:  24:0A:C4:23:C1:EC ('MAC', 'B8:63:4D:A2:0E:13') ('Channel', 4) ('RSSI', -60) ('Header', '48')
Data:  24:0A:C4:23:D9:B0 ('MAC', 'B8:63:4D:A2:0E:13') ('Channel', 4) ('RSSI', -37) ('Header', '48')
Data:  24:0A:C4:23:C1:EC ('MAC', 'B8:63:4D:A2:0E:13') ('Channel', 4) ('RSSI', -59) ('Header', '48')
Data:  24:0A:C4:23:D9:B0 ('MAC', 'B8:63:4D:A2:0E:13') ('Channel', 4) ('RSSI', -37) ('Header', '48')
Data:  24:0A:C4:23:C1:EC ('MAC', 'B8:63:4D:A2:0E:13') ('Channel', 4) ('RSSI', -59) ('Header', '48')
Data:  24:0A:C4:23:D9:B0 ('MAC', 'B8:63:4D:A2:0E:13') ('Channel', 4) ('RSSI', -36) ('Header', '48')
Data:  3C:71:BF:99:F9:E0 ('MAC', 'B8:63:4D:A2:0E:13') ('Channel', 4) ('RSSI', -62) ('Header', '48')
Data:  3C:71:BF:99:F9:E0 ('MAC', 'B8:63:4D:A2:0E:13') ('Channel', 4) ('RSSI', -62) ('Header', '48')
Data:  3C:71:BF:99:F9:E0 ('MAC', 'B8:63:4D:A2:0E:13') ('Channel', 4) ('RSSI', -60) ('Header', '48')
Data:  24:0A:C4:23:C1:EC ('MAC', 'B8:63:4D:A2:0E:13') ('Channel', 4) ('RSSI', -59) ('Header', '48')
Data:  24:0A:C4:23:D9:B0 ('MAC', 'B8:63:4D:A2:0E:13') ('Channel', 4) ('RSSI', -37) ('Header', '48')
Data:  3C:71:BF:99:F9:E0 ('MAC', 'B8:63:4D:A2:0E:13') ('Channel', 4) ('RSSI', -61) ('Header', '48')
Data:  24:0A:C4:23:D9:B0 ('MAC', 'B8:63:4D:A2:0E:13') ('Channel', 4) ('RSSI', -36) ('Header', '48')
Data:  24:0A:C4:23:C1:EC ('MAC', 'B8:63:4D:A2:0E:13') ('Channel', 4) ('RSSI', -58) ('Header', '48')
Data:  24:0A:C4:23:D9:B0 ('MAC', 'B8:63:4D:A2:0E:13') ('Channel', 4) ('RSSI', -36) ('Header', '48')
Data:  3C:71:BF:99:F9:E0 ('MAC', 'B8:63:4D:A2:0E:13') ('Channel', 4) ('RSSI', -61) ('Header', '48')
Data:  24:0A:C4:23:C1:EC ('MAC', 'B8:63:4D:A2:0E:13') ('Channel', 4) ('RSSI', -58) ('Header', '48')
Data:  24:0A:C4:23:D9:B0 ('MAC', 'B8:63:4D:A2:0E:13') ('Channel', 4) ('RSSI', -37) ('Header', '48')
Data:  3C:71:BF:99:F9:E0 ('MAC', 'B8:63:4D:A2:0E:13') ('Channel', 4) ('RSSI', -61) ('Header', '48')
Data:  24:0A:C4:23:C1:EC ('MAC', 'B8:63:4D:A2:0E:13') ('Channel', 4) ('RSSI', -58) ('Header', '48')
Data:  24:0A:C4:23:D9:B0 ('MAC', 'B8:63:4D:A2:0E:13') ('Channel', 4) ('RSSI', -36) ('Header', '48')
Data:  24:0A:C4:23:C1:EC ('MAC', 'B8:63:4D:A2:0E:13') ('Channel', 4) ('RSSI', -57) ('Header', '48')
Data:  3C:71:BF:99:F9:E0 ('MAC', 'B8:63:4D:A2:0E:13') ('Channel', 4) ('RSSI', -60) ('Header', '48')
Data:  3C:71:BF:99:F9:E0 ('MAC', 'B8:63:4D:A2:0E:13') ('Channel', 4) ('RSSI', -60) ('Header', '48')
Data:  24:0A:C4:23:C1:EC ('MAC', 'B8:63:4D:A2:0E:13') ('Channel', 4) ('RSSI', -57) ('Header', '48')
Data:  24:0A:C4:23:D9:B0 ('MAC', 'B8:63:4D:A2:0E:13') ('Channel', 4) ('RSSI', -36) ('Header', '48')
Data:  3C:71:BF:99:F9:E0 ('MAC', 'B8:63:4D:A2:0E:13') ('Channel', 4) ('RSSI', -60) ('Header', '48')
Data:  24:0A:C4:23:D9:B0 ('MAC', 'B8:63:4D:A2:0E:13') ('Channel', 4) ('RSSI', -37) ('Header', '48')
Summary:  24:0A:C4:23:D9:B0 60 {'B8:63:4D:A2:0E:13': -36.9}
Summary:  24:0A:C4:23:C1:EC 752 {'B8:63:4D:A2:0E:13': -58.1}
Summary:  3C:71:BF:99:F9:E0 765 {'B8:63:4D:A2:0E:13': -58.9}
Data:  24:0A:C4:23:C1:EC ('MAC', 'B8:63:4D:A2:0E:13') ('Channel', 4) ('RSSI', -57) ('Header', '48')
Data:  24:0A:C4:23:C1:EC ('MAC', 'B8:63:4D:A2:0E:13') ('Channel', 4) ('RSSI', -57) ('Header', '48')
Data:  3C:71:BF:99:F9:E0 ('MAC', 'B8:63:4D:A2:0E:13') ('Channel', 4) ('RSSI', -60) ('Header', '48')
Data:  24:0A:C4:23:D9:B0 ('MAC', 'B8:63:4D:A2:0E:13') ('Channel', 4) ('RSSI', -36) ('Header', '48')
Data:  24:0A:C4:23:D9:B0 ('MAC', 'B8:63:4D:A2:0E:13') ('Channel', 4) ('RSSI', -36) ('Header', '48')
Data:  24:0A:C4:23:C1:EC ('MAC', 'B8:63:4D:A2:0E:13') ('Channel', 4) ('RSSI', -57) ('Header', '48')
Data:  3C:71:BF:99:F9:E0 ('MAC', 'B8:63:4D:A2:0E:13') ('Channel', 4) ('RSSI', -60) ('Header', '48')
Data:  24:0A:C4:23:D9:B0 ('MAC', 'B8:63:4D:A2:0E:13') ('Channel', 4) ('RSSI', -37) ('Header', '48')
Data:  3C:71:BF:99:F9:E0 ('MAC', 'B8:63:4D:A2:0E:13') ('Channel', 4) ('RSSI', -59) ('Header', '48')
Data:  24:0A:C4:23:D9:B0 ('MAC', 'B8:63:4D:A2:0E:13') ('Channel', 4) ('RSSI', -37) ('Header', '48')
Data:  3C:71:BF:99:F9:E0 ('MAC', 'B8:63:4D:A2:0E:13') ('Channel', 4) ('RSSI', -60) ('Header', '48')
Data:  24:0A:C4:23:C1:EC ('MAC', 'B8:63:4D:A2:0E:13') ('Channel', 4) ('RSSI', -56) ('Header', '48')
Data:  24:0A:C4:23:C1:EC ('MAC', 'B8:63:4D:A2:0E:13') ('Channel', 4) ('RSSI', -56) ('Header', '48')
Data:  3C:71:BF:99:F9:E0 ('MAC', 'B8:63:4D:A2:0E:13') ('Channel', 4) ('RSSI', -60) ('Header', '48')
Data:  24:0A:C4:23:D9:B0 ('MAC', 'B8:63:4D:A2:0E:13') ('Channel', 4) ('RSSI', -36) ('Header', '48')
Data:  24:0A:C4:23:D9:B0 ('MAC', 'B8:63:4D:A2:0E:13') ('Channel', 4) ('RSSI', -37) ('Header', '48')
Data:  3C:71:BF:99:F9:E0 ('MAC', 'B8:63:4D:A2:0E:13') ('Channel', 4) ('RSSI', -60) ('Header', '48')
Data:  24:0A:C4:23:C1:EC ('MAC', 'B8:63:4D:A2:0E:13') ('Channel', 4) ('RSSI', -56) ('Header', '48')
Data:  24:0A:C4:23:C1:EC ('MAC', 'B8:63:4D:A2:0E:13') ('Channel', 4) ('RSSI', -56) ('Header', '48')
Data:  24:0A:C4:23:D9:B0 ('MAC', 'B8:63:4D:A2:0E:13') ('Channel', 4) ('RSSI', -37) ('Header', '48')
Data:  3C:71:BF:99:F9:E0 ('MAC', 'B8:63:4D:A2:0E:13') ('Channel', 4) ('RSSI', -61) ('Header', '48')
Data:  24:0A:C4:23:C1:EC ('MAC', 'B8:63:4D:A2:0E:13') ('Channel', 4) ('RSSI', -56) ('Header', '48')
Data:  24:0A:C4:23:D9:B0 ('MAC', 'B8:63:4D:A2:0E:13') ('Channel', 4) ('RSSI', -37) ('Header', '48')
Data:  3C:71:BF:99:F9:E0 ('MAC', 'B8:63:4D:A2:0E:13') ('Channel', 4) ('RSSI', -61) ('Header', '48')
Data:  24:0A:C4:23:D9:B0 ('MAC', 'B8:63:4D:A2:0E:13') ('Channel', 4) ('RSSI', -37) ('Header', '48')
Data:  3C:71:BF:99:F9:E0 ('MAC', 'B8:63:4D:A2:0E:13') ('Channel', 4) ('RSSI', -61) ('Header', '48')
Data:  24:0A:C4:23:C1:EC ('MAC', 'B8:63:4D:A2:0E:13') ('Channel', 4) ('RSSI', -56) ('Header', '48')
Data:  24:0A:C4:23:C1:EC ('MAC', 'B8:63:4D:A2:0E:13') ('Channel', 4) ('RSSI', -55) ('Header', '48')
Data:  24:0A:C4:23:D9:B0 ('MAC', 'B8:63:4D:A2:0E:13') ('Channel', 4) ('RSSI', -37) ('Header', '48')
Data:  3C:71:BF:99:F9:E0 ('MAC', 'B8:63:4D:A2:0E:13') ('Channel', 4) ('RSSI', -61) ('Header', '48')
Data:  3C:71:BF:99:F9:E0 ('MAC', 'B8:63:4D:A2:0E:13') ('Channel', 4) ('RSSI', -61) ('Header', '48')
Data:  24:0A:C4:23:D9:B0 ('MAC', 'B8:63:4D:A2:0E:13') ('Channel', 4) ('RSSI', -36) ('Header', '48')
Data:  24:0A:C4:23:C1:EC ('MAC', 'B8:63:4D:A2:0E:13') ('Channel', 4) ('RSSI', -55) ('Header', '48')
Data:  3C:71:BF:99:F9:E0 ('MAC', 'B8:63:4D:A2:0E:13') ('Channel', 4) ('RSSI', -61) ('Header', '48')
Data:  24:0A:C4:23:D9:B0 ('MAC', 'B8:63:4D:A2:0E:13') ('Channel', 4) ('RSSI', -37) ('Header', '48')
Data:  24:0A:C4:23:C1:EC ('MAC', 'B8:63:4D:A2:0E:13') ('Channel', 4) ('RSSI', -55) ('Header', '48')
Data:  24:0A:C4:23:C1:EC ('MAC', 'B8:63:4D:A2:0E:13') ('Channel', 4) ('RSSI', -55) ('Header', '48')
Data:  3C:71:BF:99:F9:E0 ('MAC', 'B8:63:4D:A2:0E:13') ('Channel', 4) ('RSSI', -61) ('Header', '48')
Data:  24:0A:C4:23:D9:B0 ('MAC', 'B8:63:4D:A2:0E:13') ('Channel', 4) ('RSSI', -36) ('Header', '48')
Data:  3C:71:BF:99:F9:E0 ('MAC', 'B8:63:4D:A2:0E:13') ('Channel', 4) ('RSSI', -61) ('Header', '48')
Data:  24:0A:C4:23:C1:EC ('MAC', 'B8:63:4D:A2:0E:13') ('Channel', 4) ('RSSI', -56) ('Header', '48')
Data:  24:0A:C4:23:D9:B0 ('MAC', 'B8:63:4D:A2:0E:13') ('Channel', 4) ('RSSI', -37) ('Header', '48')
Data:  24:0A:C4:23:D9:B0 ('MAC', 'B8:63:4D:A2:0E:13') ('Channel', 4) ('RSSI', -37) ('Header', '48')
Data:  3C:71:BF:99:F9:E0 ('MAC', 'B8:63:4D:A2:0E:13') ('Channel', 4) ('RSSI', -61) ('Header', '48')
Data:  24:0A:C4:23:C1:EC ('MAC', 'B8:63:4D:A2:0E:13') ('Channel', 4) ('RSSI', -56) ('Header', '48')
Data:  3C:71:BF:99:F9:E0 ('MAC', 'B8:63:4D:A2:0E:13') ('Channel', 4) ('RSSI', -59) ('Header', '48')
Data:  24:0A:C4:23:D9:B0 ('MAC', 'B8:63:4D:A2:0E:13') ('Channel', 4) ('RSSI', -36) ('Header', '48')
Data:  24:0A:C4:23:C1:EC ('MAC', 'B8:63:4D:A2:0E:13') ('Channel', 4) ('RSSI', -55) ('Header', '48')
Data:  24:0A:C4:23:C1:EC ('MAC', 'B8:63:4D:A2:0E:13') ('Channel', 4) ('RSSI', -57) ('Header', '48')
Data:  3C:71:BF:99:F9:E0 ('MAC', 'B8:63:4D:A2:0E:13') ('Channel', 4) ('RSSI', -61) ('Header', '48')
Data:  24:0A:C4:23:D9:B0 ('MAC', 'B8:63:4D:A2:0E:13') ('Channel', 4) ('RSSI', -41) ('Header', '48')
Data:  24:0A:C4:23:D9:B0 ('MAC', 'B8:63:4D:A2:0E:13') ('Channel', 4) ('RSSI', -37) ('Header', '48')
Data:  24:0A:C4:23:C1:EC ('MAC', 'B8:63:4D:A2:0E:13') ('Channel', 4) ('RSSI', -56) ('Header', '48')
Data:  3C:71:BF:99:F9:E0 ('MAC', 'B8:63:4D:A2:0E:13') ('Channel', 4) ('RSSI', -61) ('Header', '48')
Data:  24:0A:C4:23:D9:B0 ('MAC', 'B8:63:4D:A2:0E:13') ('Channel', 4) ('RSSI', -37) ('Header', '48')
Data:  24:0A:C4:23:C1:EC ('MAC', 'B8:63:4D:A2:0E:13') ('Channel', 4) ('RSSI', -56) ('Header', '48')
Data:  3C:71:BF:99:F9:E0 ('MAC', 'B8:63:4D:A2:0E:13') ('Channel', 4) ('RSSI', -62) ('Header', '48')
Data:  24:0A:C4:23:C1:EC ('MAC', 'B8:63:4D:A2:0E:13') ('Channel', 4) ('RSSI', -56) ('Header', '48')
Data:  3C:71:BF:99:F9:E0 ('MAC', 'B8:63:4D:A2:0E:13') ('Channel', 4) ('RSSI', -60) ('Header', '48')
Data:  24:0A:C4:23:D9:B0 ('MAC', 'B8:63:4D:A2:0E:13') ('Channel', 4) ('RSSI', -37) ('Header', '48')
Data:  3C:71:BF:99:F9:E0 ('MAC', 'B8:63:4D:A2:0E:13') ('Channel', 4) ('RSSI', -60) ('Header', '48')
Data:  24:0A:C4:23:C1:EC ('MAC', 'B8:63:4D:A2:0E:13') ('Channel', 4) ('RSSI', -55) ('Header', '48')
Data:  24:0A:C4:23:D9:B0 ('MAC', 'B8:63:4D:A2:0E:13') ('Channel', 4) ('RSSI', -36) ('Header', '48')
Data:  24:0A:C4:23:D9:B0 ('MAC', 'B8:63:4D:A2:0E:13') ('Channel', 4) ('RSSI', -36) ('Header', '48')
Data:  24:0A:C4:23:C1:EC ('MAC', 'B8:63:4D:A2:0E:13') ('Channel', 4) ('RSSI', -55) ('Header', '48')
Data:  3C:71:BF:99:F9:E0 ('MAC', 'B8:63:4D:A2:0E:13') ('Channel', 4) ('RSSI', -60) ('Header', '48')
Data:  3C:71:BF:99:F9:E0 ('MAC', 'B8:63:4D:A2:0E:13') ('Channel', 4) ('RSSI', -60) ('Header', '48')
Data:  24:0A:C4:23:D9:B0 ('MAC', 'B8:63:4D:A2:0E:13') ('Channel', 4) ('RSSI', -36) ('Header', '48')
Data:  24:0A:C4:23:D9:B0 ('MAC', 'B8:63:4D:A2:0E:13') ('Channel', 4) ('RSSI', -37) ('Header', '48')
Data:  3C:71:BF:99:F9:E0 ('MAC', 'B8:63:4D:A2:0E:13') ('Channel', 4) ('RSSI', -60) ('Header', '48')
Data:  24:0A:C4:23:C1:EC ('MAC', 'B8:63:4D:A2:0E:13') ('Channel', 4) ('RSSI', -56) ('Header', '48')
Data:  3C:71:BF:99:F9:E0 ('MAC', 'B8:63:4D:A2:0E:13') ('Channel', 4) ('RSSI', -60) ('Header', '48')
Data:  24:0A:C4:23:C1:EC ('MAC', 'B8:63:4D:A2:0E:13') ('Channel', 4) ('RSSI', -55) ('Header', '48')
Data:  24:0A:C4:23:D9:B0 ('MAC', 'B8:63:4D:A2:0E:13') ('Channel', 4) ('RSSI', -37) ('Header', '48')
Summary:  24:0A:C4:23:D9:B0 60 {'B8:63:4D:A2:0E:13': -36.8}
Summary:  24:0A:C4:23:C1:EC 752 {'B8:63:4D:A2:0E:13': -55.9}
Summary:  3C:71:BF:99:F9:E0 765 {'B8:63:4D:A2:0E:13': -60.4}
Data:  24:0A:C4:23:D9:B0 ('MAC', 'B8:63:4D:A2:0E:13') ('Channel', 4) ('RSSI', -36) ('Header', '48')
Data:  3C:71:BF:99:F9:E0 ('MAC', 'B8:63:4D:A2:0E:13') ('Channel', 4) ('RSSI', -60) ('Header', '48')
Data:  24:0A:C4:23:C1:EC ('MAC', 'B8:63:4D:A2:0E:13') ('Channel', 4) ('RSSI', -56) ('Header', '48')
Data:  3C:71:BF:99:F9:E0 ('MAC', 'B8:63:4D:A2:0E:13') ('Channel', 4) ('RSSI', -60) ('Header', '48')
Data:  24:0A:C4:23:C1:EC ('MAC', 'B8:63:4D:A2:0E:13') ('Channel', 4) ('RSSI', -56) ('Header', '48')
Data:  24:0A:C4:23:D9:B0 ('MAC', 'B8:63:4D:A2:0E:13') ('Channel', 4) ('RSSI', -37) ('Header', '48')
Data:  24:0A:C4:23:C1:EC ('MAC', 'B8:63:4D:A2:0E:13') ('Channel', 4) ('RSSI', -56) ('Header', '48')
Data:  3C:71:BF:99:F9:E0 ('MAC', 'B8:63:4D:A2:0E:13') ('Channel', 4) ('RSSI', -60) ('Header', '48')
Data:  24:0A:C4:23:C1:EC ('MAC', 'B8:63:4D:A2:0E:13') ('Channel', 4) ('RSSI', -56) ('Header', '48')
Data:  24:0A:C4:23:D9:B0 ('MAC', 'B8:63:4D:A2:0E:13') ('Channel', 4) ('RSSI', -37) ('Header', '48')
Data:  3C:71:BF:99:F9:E0 ('MAC', 'B8:63:4D:A2:0E:13') ('Channel', 4) ('RSSI', -60) ('Header', '48')
Data:  24:0A:C4:23:D9:B0 ('MAC', 'B8:63:4D:A2:0E:13') ('Channel', 4) ('RSSI', -37) ('Header', '48')
Data:  24:0A:C4:23:C1:EC ('MAC', 'B8:63:4D:A2:0E:13') ('Channel', 4) ('RSSI', -55) ('Header', '48')
Data:  24:0A:C4:23:D9:B0 ('MAC', 'B8:63:4D:A2:0E:13') ('Channel', 4) ('RSSI', -37) ('Header', '48')
Data:  3C:71:BF:99:F9:E0 ('MAC', 'B8:63:4D:A2:0E:13') ('Channel', 4) ('RSSI', -60) ('Header', '48')
Data:  24:0A:C4:23:C1:EC ('MAC', 'B8:63:4D:A2:0E:13') ('Channel', 4) ('RSSI', -55) ('Header', '48')
Data:  3C:71:BF:99:F9:E0 ('MAC', 'B8:63:4D:A2:0E:13') ('Channel', 4) ('RSSI', -60) ('Header', '48')
Data:  24:0A:C4:23:D9:B0 ('MAC', 'B8:63:4D:A2:0E:13') ('Channel', 4) ('RSSI', -37) ('Header', '48')
Data:  24:0A:C4:23:C1:EC ('MAC', 'B8:63:4D:A2:0E:13') ('Channel', 4) ('RSSI', -55) ('Header', '48')
Data:  3C:71:BF:99:F9:E0 ('MAC', 'B8:63:4D:A2:0E:13') ('Channel', 4) ('RSSI', -60) ('Header', '48')
Data:  24:0A:C4:23:D9:B0 ('MAC', 'B8:63:4D:A2:0E:13') ('Channel', 4) ('RSSI', -36) ('Header', '48')
Data:  24:0A:C4:23:D9:B0 ('MAC', 'B8:63:4D:A2:0E:13') ('Channel', 4) ('RSSI', -36) ('Header', '48')
Data:  3C:71:BF:99:F9:E0 ('MAC', 'B8:63:4D:A2:0E:13') ('Channel', 4) ('RSSI', -60) ('Header', '48')
Data:  24:0A:C4:23:C1:EC ('MAC', 'B8:63:4D:A2:0E:13') ('Channel', 4) ('RSSI', -55) ('Header', '48')
Data:  24:0A:C4:23:D9:B0 ('MAC', 'B8:63:4D:A2:0E:13') ('Channel', 4) ('RSSI', -37) ('Header', '48')
Data:  3C:71:BF:99:F9:E0 ('MAC', 'B8:63:4D:A2:0E:13') ('Channel', 4) ('RSSI', -62) ('Header', '48')
Data:  24:0A:C4:23:C1:EC ('MAC', 'B8:63:4D:A2:0E:13') ('Channel', 4) ('RSSI', -56) ('Header', '48')
Data:  24:0A:C4:23:D9:B0 ('MAC', 'B8:63:4D:A2:0E:13') ('Channel', 4) ('RSSI', -37) ('Header', '48')
Data:  3C:71:BF:99:F9:E0 ('MAC', 'B8:63:4D:A2:0E:13') ('Channel', 4) ('RSSI', -60) ('Header', '48')
Data:  24:0A:C4:23:C1:EC ('MAC', 'B8:63:4D:A2:0E:13') ('Channel', 4) ('RSSI', -56) ('Header', '48')
Data:  24:0A:C4:23:D9:B0 ('MAC', 'B8:63:4D:A2:0E:13') ('Channel', 4) ('RSSI', -37) ('Header', '48')
Data:  24:0A:C4:23:D9:B0 ('MAC', 'B8:63:4D:A2:0E:13') ('Channel', 4) ('RSSI', -36) ('Header', '48')
Data:  3C:71:BF:99:F9:E0 ('MAC', 'B8:63:4D:A2:0E:13') ('Channel', 4) ('RSSI', -61) ('Header', '48')
Data:  3C:71:BF:99:F9:E0 ('MAC', 'B8:63:4D:A2:0E:13') ('Channel', 4) ('RSSI', -61) ('Header', '48')
Data:  24:0A:C4:23:C1:EC ('MAC', 'B8:63:4D:A2:0E:13') ('Channel', 4) ('RSSI', -56) ('Header', '48')
Data:  24:0A:C4:23:C1:EC ('MAC', 'B8:63:4D:A2:0E:13') ('Channel', 4) ('RSSI', -56) ('Header', '48')
Data:  3C:71:BF:99:F9:E0 ('MAC', 'B8:63:4D:A2:0E:13') ('Channel', 4) ('RSSI', -61) ('Header', '48')
Data:  24:0A:C4:23:D9:B0 ('MAC', 'B8:63:4D:A2:0E:13') ('Channel', 4) ('RSSI', -37) ('Header', '48')
Data:  24:0A:C4:23:C1:EC ('MAC', 'B8:63:4D:A2:0E:13') ('Channel', 4) ('RSSI', -56) ('Header', '48')
Data:  24:0A:C4:23:D9:B0 ('MAC', 'B8:63:4D:A2:0E:13') ('Channel', 4) ('RSSI', -36) ('Header', '48')
Data:  3C:71:BF:99:F9:E0 ('MAC', 'B8:63:4D:A2:0E:13') ('Channel', 4) ('RSSI', -60) ('Header', '48')
Data:  24:0A:C4:23:C1:EC ('MAC', 'B8:63:4D:A2:0E:13') ('Channel', 4) ('RSSI', -55) ('Header', '48')
Data:  24:0A:C4:23:C1:EC ('MAC', 'B8:63:4D:A2:0E:13') ('Channel', 4) ('RSSI', -55) ('Header', '48')
Data:  3C:71:BF:99:F9:E0 ('MAC', 'B8:63:4D:A2:0E:13') ('Channel', 4) ('RSSI', -60) ('Header', '48')
Data:  24:0A:C4:23:D9:B0 ('MAC', 'B8:63:4D:A2:0E:13') ('Channel', 4) ('RSSI', -36) ('Header', '48')
Data:  3C:71:BF:99:F9:E0 ('MAC', 'B8:63:4D:A2:0E:13') ('Channel', 4) ('RSSI', -60) ('Header', '48')
Data:  24:0A:C4:23:C1:EC ('MAC', 'B8:63:4D:A2:0E:13') ('Channel', 4) ('RSSI', -55) ('Header', '48')
Data:  24:0A:C4:23:D9:B0 ('MAC', 'B8:63:4D:A2:0E:13') ('Channel', 4) ('RSSI', -36) ('Header', '48')
Data:  3C:71:BF:99:F9:E0 ('MAC', 'B8:63:4D:A2:0E:13') ('Channel', 4) ('RSSI', -60) ('Header', '48')
Data:  24:0A:C4:23:C1:EC ('MAC', 'B8:63:4D:A2:0E:13') ('Channel', 4) ('RSSI', -56) ('Header', '48')
Data:  24:0A:C4:23:D9:B0 ('MAC', 'B8:63:4D:A2:0E:13') ('Channel', 4) ('RSSI', -37) ('Header', '48')
Data:  3C:71:BF:99:F9:E0 ('MAC', 'B8:63:4D:A2:0E:13') ('Channel', 4) ('RSSI', -59) ('Header', '48')
Data:  24:0A:C4:23:D9:B0 ('MAC', 'B8:63:4D:A2:0E:13') ('Channel', 4) ('RSSI', -37) ('Header', '48')
Data:  24:0A:C4:23:C1:EC ('MAC', 'B8:63:4D:A2:0E:13') ('Channel', 4) ('RSSI', -57) ('Header', '48')
Data:  24:0A:C4:23:D9:B0 ('MAC', 'B8:63:4D:A2:0E:13') ('Channel', 4) ('RSSI', -37) ('Header', '48')
Data:  3C:71:BF:99:F9:E0 ('MAC', 'B8:63:4D:A2:0E:13') ('Channel', 4) ('RSSI', -58) ('Header', '48')
Data:  24:0A:C4:23:C1:EC ('MAC', 'B8:63:4D:A2:0E:13') ('Channel', 4) ('RSSI', -56) ('Header', '48')
Data:  24:0A:C4:23:C1:EC ('MAC', 'B8:63:4D:A2:0E:13') ('Channel', 4) ('RSSI', -57) ('Header', '48')
Data:  24:0A:C4:23:D9:B0 ('MAC', 'B8:63:4D:A2:0E:13') ('Channel', 4) ('RSSI', -36) ('Header', '48')
Data:  3C:71:BF:99:F9:E0 ('MAC', 'B8:63:4D:A2:0E:13') ('Channel', 4) ('RSSI', -59) ('Header', '48')
Data:  24:0A:C4:23:D9:B0 ('MAC', 'B8:63:4D:A2:0E:13') ('Channel', 4) ('RSSI', -37) ('Header', '48')
Data:  24:0A:C4:23:C1:EC ('MAC', 'B8:63:4D:A2:0E:13') ('Channel', 4) ('RSSI', -57) ('Header', '48')
Data:  3C:71:BF:99:F9:E0 ('MAC', 'B8:63:4D:A2:0E:13') ('Channel', 4) ('RSSI', -59) ('Header', '48')
Data:  24:0A:C4:23:D9:B0 ('MAC', 'B8:63:4D:A2:0E:13') ('Channel', 4) ('RSSI', -37) ('Header', '48')
Data:  3C:71:BF:99:F9:E0 ('MAC', 'B8:63:4D:A2:0E:13') ('Channel', 4) ('RSSI', -59) ('Header', '48')
Data:  24:0A:C4:23:C1:EC ('MAC', 'B8:63:4D:A2:0E:13') ('Channel', 4) ('RSSI', -57) ('Header', '48')
Data:  24:0A:C4:23:C1:EC ('MAC', 'B8:63:4D:A2:0E:13') ('Channel', 4) ('RSSI', -57) ('Header', '48')
Data:  3C:71:BF:99:F9:E0 ('MAC', 'B8:63:4D:A2:0E:13') ('Channel', 4) ('RSSI', -61) ('Header', '48')
Data:  24:0A:C4:23:D9:B0 ('MAC', 'B8:63:4D:A2:0E:13') ('Channel', 4) ('RSSI', -37) ('Header', '48')
Data:  3C:71:BF:99:F9:E0 ('MAC', 'B8:63:4D:A2:0E:13') ('Channel', 4) ('RSSI', -62) ('Header', '48')
Data:  3C:71:BF:99:F9:E0 ('MAC', 'B8:63:4D:A2:0E:13') ('Channel', 4) ('RSSI', -62) ('Header', '48')
Data:  3C:71:BF:99:F9:E0 ('MAC', 'B8:63:4D:A2:0E:13') ('Channel', 4) ('RSSI', -61) ('Header', '48')
Data:  24:0A:C4:23:C1:EC ('MAC', 'B8:63:4D:A2:0E:13') ('Channel', 4) ('RSSI', -57) ('Header', '48')
Data:  24:0A:C4:23:C1:EC ('MAC', 'B8:63:4D:A2:0E:13') ('Channel', 4) ('RSSI', -56) ('Header', '48')
Data:  24:0A:C4:23:D9:B0 ('MAC', 'B8:63:4D:A2:0E:13') ('Channel', 4) ('RSSI', -37) ('Header', '48')
Data:  24:0A:C4:23:D9:B0 ('MAC', 'B8:63:4D:A2:0E:13') ('Channel', 4) ('RSSI', -36) ('Header', '48')
Data:  24:0A:C4:23:D9:B0 ('MAC', 'B8:63:4D:A2:0E:13') ('Channel', 4) ('RSSI', -36) ('Header', '48')
Data:  24:0A:C4:23:D9:B0 ('MAC', 'B8:63:4D:A2:0E:13') ('Channel', 4) ('RSSI', -36) ('Header', '48')
Data:  3C:71:BF:99:F9:E0 ('MAC', 'B8:63:4D:A2:0E:13') ('Channel', 4) ('RSSI', -61) ('Header', '48')
Summary:  24:0A:C4:23:D9:B0 60 {'B8:63:4D:A2:0E:13': -36.6}
Summary:  24:0A:C4:23:C1:EC 752 {'B8:63:4D:A2:0E:13': -55.9}
Summary:  3C:71:BF:99:F9:E0 765 {'B8:63:4D:A2:0E:13': -60.2}
Data:  24:0A:C4:23:C1:EC ('MAC', 'B8:63:4D:A2:0E:13') ('Channel', 4) ('RSSI', -60) ('Header', '48')
Data:  24:0A:C4:23:D9:B0 ('MAC', 'B8:63:4D:A2:0E:13') ('Channel', 4) ('RSSI', -37) ('Header', '48')
Data:  3C:71:BF:99:F9:E0 ('MAC', 'B8:63:4D:A2:0E:13') ('Channel', 4) ('RSSI', -60) ('Header', '48')
Data:  24:0A:C4:23:C1:EC ('MAC', 'B8:63:4D:A2:0E:13') ('Channel', 4) ('RSSI', -59) ('Header', '48')
Data:  24:0A:C4:23:C1:EC ('MAC', 'B8:63:4D:A2:0E:13') ('Channel', 4) ('RSSI', -59) ('Header', '48')
Data:  3C:71:BF:99:F9:E0 ('MAC', 'B8:63:4D:A2:0E:13') ('Channel', 4) ('RSSI', -62) ('Header', '48')
Data:  24:0A:C4:23:D9:B0 ('MAC', 'B8:63:4D:A2:0E:13') ('Channel', 4) ('RSSI', -37) ('Header', '48')
Data:  24:0A:C4:23:D9:B0 ('MAC', 'B8:63:4D:A2:0E:13') ('Channel', 4) ('RSSI', -36) ('Header', '48')
Data:  24:0A:C4:23:C1:EC ('MAC', 'B8:63:4D:A2:0E:13') ('Channel', 4) ('RSSI', -59) ('Header', '48')
Data:  3C:71:BF:99:F9:E0 ('MAC', 'B8:63:4D:A2:0E:13') ('Channel', 4) ('RSSI', -61) ('Header', '48')
Data:  24:0A:C4:23:D9:B0 ('MAC', 'B8:63:4D:A2:0E:13') ('Channel', 4) ('RSSI', -37) ('Header', '48')
Data:  3C:71:BF:99:F9:E0 ('MAC', 'B8:63:4D:A2:0E:13') ('Channel', 4) ('RSSI', -61) ('Header', '48')
Data:  24:0A:C4:23:C1:EC ('MAC', 'B8:63:4D:A2:0E:13') ('Channel', 4) ('RSSI', -59) ('Header', '48')
Data:  3C:71:BF:99:F9:E0 ('MAC', 'B8:63:4D:A2:0E:13') ('Channel', 4) ('RSSI', -60) ('Header', '48')
Data:  24:0A:C4:23:D9:B0 ('MAC', 'B8:63:4D:A2:0E:13') ('Channel', 4) ('RSSI', -36) ('Header', '48')
Data:  24:0A:C4:23:C1:EC ('MAC', 'B8:63:4D:A2:0E:13') ('Channel', 4) ('RSSI', -59) ('Header', '48')
Data:  3C:71:BF:99:F9:E0 ('MAC', 'B8:63:4D:A2:0E:13') ('Channel', 4) ('RSSI', -61) ('Header', '48')
Data:  24:0A:C4:23:D9:B0 ('MAC', 'B8:63:4D:A2:0E:13') ('Channel', 4) ('RSSI', -36) ('Header', '48')
Data:  24:0A:C4:23:C1:EC ('MAC', 'B8:63:4D:A2:0E:13') ('Channel', 4) ('RSSI', -59) ('Header', '48')
Data:  3C:71:BF:99:F9:E0 ('MAC', 'B8:63:4D:A2:0E:13') ('Channel', 4) ('RSSI', -61) ('Header', '48')
Data:  24:0A:C4:23:D9:B0 ('MAC', 'B8:63:4D:A2:0E:13') ('Channel', 4) ('RSSI', -36) ('Header', '48')
Data:  24:0A:C4:23:C1:EC ('MAC', 'B8:63:4D:A2:0E:13') ('Channel', 4) ('RSSI', -59) ('Header', '48')
Data:  3C:71:BF:99:F9:E0 ('MAC', 'B8:63:4D:A2:0E:13') ('Channel', 4) ('RSSI', -61) ('Header', '48')
Data:  24:0A:C4:23:C1:EC ('MAC', 'B8:63:4D:A2:0E:13') ('Channel', 4) ('RSSI', -58) ('Header', '48')
Data:  24:0A:C4:23:D9:B0 ('MAC', 'B8:63:4D:A2:0E:13') ('Channel', 4) ('RSSI', -36) ('Header', '48')
Data:  24:0A:C4:23:D9:B0 ('MAC', 'B8:63:4D:A2:0E:13') ('Channel', 4) ('RSSI', -36) ('Header', '48')
Data:  3C:71:BF:99:F9:E0 ('MAC', 'B8:63:4D:A2:0E:13') ('Channel', 4) ('RSSI', -61) ('Header', '48')
Data:  24:0A:C4:23:C1:EC ('MAC', 'B8:63:4D:A2:0E:13') ('Channel', 4) ('RSSI', -58) ('Header', '48')
Data:  3C:71:BF:99:F9:E0 ('MAC', 'B8:63:4D:A2:0E:13') ('Channel', 4) ('RSSI', -61) ('Header', '48')
Data:  24:0A:C4:23:D9:B0 ('MAC', 'B8:63:4D:A2:0E:13') ('Channel', 4) ('RSSI', -36) ('Header', '48')
Data:  24:0A:C4:23:C1:EC ('MAC', 'B8:63:4D:A2:0E:13') ('Channel', 4) ('RSSI', -56) ('Header', '48')
Data:  24:0A:C4:23:D9:B0 ('MAC', 'B8:63:4D:A2:0E:13') ('Channel', 4) ('RSSI', -36) ('Header', '48')
Data:  3C:71:BF:99:F9:E0 ('MAC', 'B8:63:4D:A2:0E:13') ('Channel', 4) ('RSSI', -60) ('Header', '48')
Data:  24:0A:C4:23:C1:EC ('MAC', 'B8:63:4D:A2:0E:13') ('Channel', 4) ('RSSI', -56) ('Header', '48')
Data:  3C:71:BF:99:F9:E0 ('MAC', 'B8:63:4D:A2:0E:13') ('Channel', 4) ('RSSI', -61) ('Header', '48')
Data:  24:0A:C4:23:D9:B0 ('MAC', 'B8:63:4D:A2:0E:13') ('Channel', 4) ('RSSI', -36) ('Header', '48')
Data:  24:0A:C4:23:C1:EC ('MAC', 'B8:63:4D:A2:0E:13') ('Channel', 4) ('RSSI', -58) ('Header', '48')
Data:  24:0A:C4:23:D9:B0 ('MAC', 'B8:63:4D:A2:0E:13') ('Channel', 4) ('RSSI', -36) ('Header', '48')
Data:  3C:71:BF:99:F9:E0 ('MAC', 'B8:63:4D:A2:0E:13') ('Channel', 4) ('RSSI', -61) ('Header', '48')
Data:  24:0A:C4:23:C1:EC ('MAC', 'B8:63:4D:A2:0E:13') ('Channel', 4) ('RSSI', -58) ('Header', '48')
Data:  3C:71:BF:99:F9:E0 ('MAC', 'B8:63:4D:A2:0E:13') ('Channel', 4) ('RSSI', -61) ('Header', '48')
Data:  24:0A:C4:23:D9:B0 ('MAC', 'B8:63:4D:A2:0E:13') ('Channel', 4) ('RSSI', -36) ('Header', '48')
Data:  24:0A:C4:23:C1:EC ('MAC', 'B8:63:4D:A2:0E:13') ('Channel', 4) ('RSSI', -58) ('Header', '48')
Data:  3C:71:BF:99:F9:E0 ('MAC', 'B8:63:4D:A2:0E:13') ('Channel', 4) ('RSSI', -61) ('Header', '48')
Data:  24:0A:C4:23:D9:B0 ('MAC', 'B8:63:4D:A2:0E:13') ('Channel', 4) ('RSSI', -36) ('Header', '48')
Data:  24:0A:C4:23:C1:EC ('MAC', 'B8:63:4D:A2:0E:13') ('Channel', 4) ('RSSI', -58) ('Header', '48')
Data:  3C:71:BF:99:F9:E0 ('MAC', 'B8:63:4D:A2:0E:13') ('Channel', 4) ('RSSI', -60) ('Header', '48')
Data:  24:0A:C4:23:D9:B0 ('MAC', 'B8:63:4D:A2:0E:13') ('Channel', 4) ('RSSI', -36) ('Header', '48')
Data:  24:0A:C4:23:C1:EC ('MAC', 'B8:63:4D:A2:0E:13') ('Channel', 4) ('RSSI', -58) ('Header', '48')
Data:  3C:71:BF:99:F9:E0 ('MAC', 'B8:63:4D:A2:0E:13') ('Channel', 4) ('RSSI', -61) ('Header', '48')
Data:  24:0A:C4:23:D9:B0 ('MAC', 'B8:63:4D:A2:0E:13') ('Channel', 4) ('RSSI', -36) ('Header', '48')
Data:  24:0A:C4:23:C1:EC ('MAC', 'B8:63:4D:A2:0E:13') ('Channel', 4) ('RSSI', -58) ('Header', '48')
Data:  24:0A:C4:23:D9:B0 ('MAC', 'B8:63:4D:A2:0E:13') ('Channel', 4) ('RSSI', -37) ('Header', '48')
Data:  3C:71:BF:99:F9:E0 ('MAC', 'B8:63:4D:A2:0E:13') ('Channel', 4) ('RSSI', -61) ('Header', '48')
Data:  24:0A:C4:23:C1:EC ('MAC', 'B8:63:4D:A2:0E:13') ('Channel', 4) ('RSSI', -55) ('Header', '48')
Data:  3C:71:BF:99:F9:E0 ('MAC', 'B8:63:4D:A2:0E:13') ('Channel', 4) ('RSSI', -61) ('Header', '48')
Data:  24:0A:C4:23:C1:EC ('MAC', 'B8:63:4D:A2:0E:13') ('Channel', 4) ('RSSI', -55) ('Header', '48')
Data:  24:0A:C4:23:D9:B0 ('MAC', 'B8:63:4D:A2:0E:13') ('Channel', 4) ('RSSI', -37) ('Header', '48')
Data:  24:0A:C4:23:D9:B0 ('MAC', 'B8:63:4D:A2:0E:13') ('Channel', 4) ('RSSI', -37) ('Header', '48')
Data:  3C:71:BF:99:F9:E0 ('MAC', 'B8:63:4D:A2:0E:13') ('Channel', 4) ('RSSI', -61) ('Header', '48')
Data:  24:0A:C4:23:C1:EC ('MAC', 'B8:63:4D:A2:0E:13') ('Channel', 4) ('RSSI', -55) ('Header', '48')
Data:  24:0A:C4:23:D9:B0 ('MAC', 'B8:63:4D:A2:0E:13') ('Channel', 4) ('RSSI', -36) ('Header', '48')
Data:  3C:71:BF:99:F9:E0 ('MAC', 'B8:63:4D:A2:0E:13') ('Channel', 4) ('RSSI', -61) ('Header', '48')
Data:  24:0A:C4:23:C1:EC ('MAC', 'B8:63:4D:A2:0E:13') ('Channel', 4) ('RSSI', -55) ('Header', '48')
Data:  3C:71:BF:99:F9:E0 ('MAC', 'B8:63:4D:A2:0E:13') ('Channel', 4) ('RSSI', -60) ('Header', '48')
Data:  24:0A:C4:23:C1:EC ('MAC', 'B8:63:4D:A2:0E:13') ('Channel', 4) ('RSSI', -55) ('Header', '48')
Data:  24:0A:C4:23:D9:B0 ('MAC', 'B8:63:4D:A2:0E:13') ('Channel', 4) ('RSSI', -37) ('Header', '48')
Data:  24:0A:C4:23:D9:B0 ('MAC', 'B8:63:4D:A2:0E:13') ('Channel', 4) ('RSSI', -37) ('Header', '48')
Data:  3C:71:BF:99:F9:E0 ('MAC', 'B8:63:4D:A2:0E:13') ('Channel', 4) ('RSSI', -61) ('Header', '48')
Data:  24:0A:C4:23:D9:B0 ('MAC', 'B8:63:4D:A2:0E:13') ('Channel', 4) ('RSSI', -36) ('Header', '48')
Data:  3C:71:BF:99:F9:E0 ('MAC', 'B8:63:4D:A2:0E:13') ('Channel', 4) ('RSSI', -61) ('Header', '48')
Data:  24:0A:C4:23:C1:EC ('MAC', 'B8:63:4D:A2:0E:13') ('Channel', 4) ('RSSI', -55) ('Header', '48')
Data:  24:0A:C4:23:C1:EC ('MAC', 'B8:63:4D:A2:0E:13') ('Channel', 4) ('RSSI', -55) ('Header', '48')
Data:  24:0A:C4:23:C1:EC ('MAC', 'B8:63:4D:A2:0E:13') ('Channel', 4) ('RSSI', -56) ('Header', '48')
Data:  3C:71:BF:99:F9:E0 ('MAC', 'B8:63:4D:A2:0E:13') ('Channel', 4) ('RSSI', -61) ('Header', '48')
Data:  24:0A:C4:23:D9:B0 ('MAC', 'B8:63:4D:A2:0E:13') ('Channel', 4) ('RSSI', -37) ('Header', '48')
Data:  24:0A:C4:23:C1:EC ('MAC', 'B8:63:4D:A2:0E:13') ('Channel', 4) ('RSSI', -56) ('Header', '48')
Summary:  24:0A:C4:23:D9:B0 60 {'B8:63:4D:A2:0E:13': -36.4}
Summary:  24:0A:C4:23:C1:EC 752 {'B8:63:4D:A2:0E:13': -57.3}
Summary:  3C:71:BF:99:F9:E0 765 {'B8:63:4D:A2:0E:13': -60.8}
Data:  24:0A:C4:23:D9:B0 ('MAC', 'B8:63:4D:A2:0E:13') ('Channel', 4) ('RSSI', -37) ('Header', '48')
Data:  3C:71:BF:99:F9:E0 ('MAC', 'B8:63:4D:A2:0E:13') ('Channel', 4) ('RSSI', -61) ('Header', '48')
Data:  3C:71:BF:99:F9:E0 ('MAC', 'B8:63:4D:A2:0E:13') ('Channel', 4) ('RSSI', -60) ('Header', '48')
Data:  24:0A:C4:23:D9:B0 ('MAC', 'B8:63:4D:A2:0E:13') ('Channel', 4) ('RSSI', -36) ('Header', '48')
Data:  24:0A:C4:23:D9:B0 ('MAC', 'B8:63:4D:A2:0E:13') ('Channel', 4) ('RSSI', -36) ('Header', '48')
Data:  3C:71:BF:99:F9:E0 ('MAC', 'B8:63:4D:A2:0E:13') ('Channel', 4) ('RSSI', -61) ('Header', '48')
Data:  24:0A:C4:23:C1:EC ('MAC', 'B8:63:4D:A2:0E:13') ('Channel', 4) ('RSSI', -55) ('Header', '48')
Data:  24:0A:C4:23:D9:B0 ('MAC', 'B8:63:4D:A2:0E:13') ('Channel', 4) ('RSSI', -36) ('Header', '48')
Data:  24:0A:C4:23:C1:EC ('MAC', 'B8:63:4D:A2:0E:13') ('Channel', 4) ('RSSI', -55) ('Header', '48')
Data:  3C:71:BF:99:F9:E0 ('MAC', 'B8:63:4D:A2:0E:13') ('Channel', 4) ('RSSI', -61) ('Header', '48')
Data:  24:0A:C4:23:C1:EC ('MAC', 'B8:63:4D:A2:0E:13') ('Channel', 4) ('RSSI', -56) ('Header', '48')
Data:  3C:71:BF:99:F9:E0 ('MAC', 'B8:63:4D:A2:0E:13') ('Channel', 4) ('RSSI', -61) ('Header', '48')
Data:  24:0A:C4:23:D9:B0 ('MAC', 'B8:63:4D:A2:0E:13') ('Channel', 4) ('RSSI', -37) ('Header', '48')
Data:  3C:71:BF:99:F9:E0 ('MAC', 'B8:63:4D:A2:0E:13') ('Channel', 4) ('RSSI', -62) ('Header', '48')
Data:  24:0A:C4:23:D9:B0 ('MAC', 'B8:63:4D:A2:0E:13') ('Channel', 4) ('RSSI', -36) ('Header', '48')
Data:  24:0A:C4:23:C1:EC ('MAC', 'B8:63:4D:A2:0E:13') ('Channel', 4) ('RSSI', -56) ('Header', '48')
Data:  24:0A:C4:23:D9:B0 ('MAC', 'B8:63:4D:A2:0E:13') ('Channel', 4) ('RSSI', -37) ('Header', '48')
Data:  24:0A:C4:23:D9:B0 ('MAC', 'B8:63:4D:A2:0E:13') ('Channel', 4) ('RSSI', -37) ('Header', '48')
Data:  24:0A:C4:23:D9:B0 ('MAC', 'B8:63:4D:A2:0E:13') ('Channel', 4) ('RSSI', -37) ('Header', '48')
Data:  3C:71:BF:99:F9:E0 ('MAC', 'B8:63:4D:A2:0E:13') ('Channel', 4) ('RSSI', -62) ('Header', '48')
Data:  3C:71:BF:99:F9:E0 ('MAC', 'B8:63:4D:A2:0E:13') ('Channel', 4) ('RSSI', -62) ('Header', '48')
Data:  3C:71:BF:99:F9:E0 ('MAC', 'B8:63:4D:A2:0E:13') ('Channel', 4) ('RSSI', -62) ('Header', '48')
Data:  24:0A:C4:23:C1:EC ('MAC', 'B8:63:4D:A2:0E:13') ('Channel', 4) ('RSSI', -57) ('Header', '48')
Data:  24:0A:C4:23:C1:EC ('MAC', 'B8:63:4D:A2:0E:13') ('Channel', 4) ('RSSI', -57) ('Header', '48')
Data:  24:0A:C4:23:C1:EC ('MAC', 'B8:63:4D:A2:0E:13') ('Channel', 4) ('RSSI', -57) ('Header', '48')
Data:  24:0A:C4:23:C1:EC ('MAC', 'B8:63:4D:A2:0E:13') ('Channel', 4) ('RSSI', -57) ('Header', '48')
Data:  3C:71:BF:99:F9:E0 ('MAC', 'B8:63:4D:A2:0E:13') ('Channel', 4) ('RSSI', -61) ('Header', '48')
Data:  24:0A:C4:23:D9:B0 ('MAC', 'B8:63:4D:A2:0E:13') ('Channel', 4) ('RSSI', -37) ('Header', '48')
Data:  24:0A:C4:23:C1:EC ('MAC', 'B8:63:4D:A2:0E:13') ('Channel', 4) ('RSSI', -57) ('Header', '48')
Data:  24:0A:C4:23:D9:B0 ('MAC', 'B8:63:4D:A2:0E:13') ('Channel', 4) ('RSSI', -37) ('Header', '48')
Data:  24:0A:C4:23:C1:EC ('MAC', 'B8:63:4D:A2:0E:13') ('Channel', 4) ('RSSI', -57) ('Header', '48')
Data:  24:0A:C4:23:D9:B0 ('MAC', 'B8:63:4D:A2:0E:13') ('Channel', 4) ('RSSI', -36) ('Header', '48')
Data:  3C:71:BF:99:F9:E0 ('MAC', 'B8:63:4D:A2:0E:13') ('Channel', 4) ('RSSI', -61) ('Header', '48')
Data:  3C:71:BF:99:F9:E0 ('MAC', 'B8:63:4D:A2:0E:13') ('Channel', 4) ('RSSI', -62) ('Header', '48')
Data:  24:0A:C4:23:C1:EC ('MAC', 'B8:63:4D:A2:0E:13') ('Channel', 4) ('RSSI', -57) ('Header', '48')
Data:  24:0A:C4:23:D9:B0 ('MAC', 'B8:63:4D:A2:0E:13') ('Channel', 4) ('RSSI', -37) ('Header', '48')
Data:  3C:71:BF:99:F9:E0 ('MAC', 'B8:63:4D:A2:0E:13') ('Channel', 4) ('RSSI', -61) ('Header', '48')
Data:  3C:71:BF:99:F9:E0 ('MAC', 'B8:63:4D:A2:0E:13') ('Channel', 4) ('RSSI', -61) ('Header', '48')
Data:  24:0A:C4:23:C1:EC ('MAC', 'B8:63:4D:A2:0E:13') ('Channel', 4) ('RSSI', -57) ('Header', '48')
Data:  24:0A:C4:23:D9:B0 ('MAC', 'B8:63:4D:A2:0E:13') ('Channel', 4) ('RSSI', -37) ('Header', '48')
Data:  24:0A:C4:23:D9:B0 ('MAC', 'B8:63:4D:A2:0E:13') ('Channel', 4) ('RSSI', -37) ('Header', '48')
Data:  24:0A:C4:23:C1:EC ('MAC', 'B8:63:4D:A2:0E:13') ('Channel', 4) ('RSSI', -57) ('Header', '48')
Data:  3C:71:BF:99:F9:E0 ('MAC', 'B8:63:4D:A2:0E:13') ('Channel', 4) ('RSSI', -62) ('Header', '48')
Data:  24:0A:C4:23:C1:EC ('MAC', 'B8:63:4D:A2:0E:13') ('Channel', 4) ('RSSI', -57) ('Header', '48')
Data:  3C:71:BF:99:F9:E0 ('MAC', 'B8:63:4D:A2:0E:13') ('Channel', 4) ('RSSI', -61) ('Header', '48')
Data:  24:0A:C4:23:D9:B0 ('MAC', 'B8:63:4D:A2:0E:13') ('Channel', 4) ('RSSI', -36) ('Header', '48')
Data:  24:0A:C4:23:D9:B0 ('MAC', 'B8:63:4D:A2:0E:13') ('Channel', 4) ('RSSI', -37) ('Header', '48')
Data:  24:0A:C4:23:C1:EC ('MAC', 'B8:63:4D:A2:0E:13') ('Channel', 4) ('RSSI', -56) ('Header', '48')
Data:  3C:71:BF:99:F9:E0 ('MAC', 'B8:63:4D:A2:0E:13') ('Channel', 4) ('RSSI', -61) ('Header', '48')
Data:  24:0A:C4:23:D9:B0 ('MAC', 'B8:63:4D:A2:0E:13') ('Channel', 4) ('RSSI', -36) ('Header', '48')
Data:  3C:71:BF:99:F9:E0 ('MAC', 'B8:63:4D:A2:0E:13') ('Channel', 4) ('RSSI', -62) ('Header', '48')
Data:  24:0A:C4:23:C1:EC ('MAC', 'B8:63:4D:A2:0E:13') ('Channel', 4) ('RSSI', -56) ('Header', '48')
Data:  24:0A:C4:23:D9:B0 ('MAC', 'B8:63:4D:A2:0E:13') ('Channel', 4) ('RSSI', -37) ('Header', '48')
Data:  24:0A:C4:23:C1:EC ('MAC', 'B8:63:4D:A2:0E:13') ('Channel', 4) ('RSSI', -55) ('Header', '48')
Data:  3C:71:BF:99:F9:E0 ('MAC', 'B8:63:4D:A2:0E:13') ('Channel', 4) ('RSSI', -62) ('Header', '48')
Data:  3C:71:BF:99:F9:E0 ('MAC', 'B8:63:4D:A2:0E:13') ('Channel', 4) ('RSSI', -61) ('Header', '48')
Data:  24:0A:C4:23:C1:EC ('MAC', 'B8:63:4D:A2:0E:13') ('Channel', 4) ('RSSI', -55) ('Header', '48')
Data:  24:0A:C4:23:D9:B0 ('MAC', 'B8:63:4D:A2:0E:13') ('Channel', 4) ('RSSI', -37) ('Header', '48')
Data:  24:0A:C4:23:D9:B0 ('MAC', 'B8:63:4D:A2:0E:13') ('Channel', 4) ('RSSI', -37) ('Header', '48')
Data:  3C:71:BF:99:F9:E0 ('MAC', 'B8:63:4D:A2:0E:13') ('Channel', 4) ('RSSI', -62) ('Header', '48')
Data:  24:0A:C4:23:C1:EC ('MAC', 'B8:63:4D:A2:0E:13') ('Channel', 4) ('RSSI', -55) ('Header', '48')
Data:  24:0A:C4:23:C1:EC ('MAC', 'B8:63:4D:A2:0E:13') ('Channel', 4) ('RSSI', -55) ('Header', '48')
Data:  3C:71:BF:99:F9:E0 ('MAC', 'B8:63:4D:A2:0E:13') ('Channel', 4) ('RSSI', -62) ('Header', '48')
Data:  24:0A:C4:23:D9:B0 ('MAC', 'B8:63:4D:A2:0E:13') ('Channel', 4) ('RSSI', -37) ('Header', '48')
Data:  24:0A:C4:23:D9:B0 ('MAC', 'B8:63:4D:A2:0E:13') ('Channel', 4) ('RSSI', -36) ('Header', '48')
Data:  3C:71:BF:99:F9:E0 ('MAC', 'B8:63:4D:A2:0E:13') ('Channel', 4) ('RSSI', -61) ('Header', '48')
Data:  24:0A:C4:23:C1:EC ('MAC', 'B8:63:4D:A2:0E:13') ('Channel', 4) ('RSSI', -56) ('Header', '48')
Data:  3C:71:BF:99:F9:E0 ('MAC', 'B8:63:4D:A2:0E:13') ('Channel', 4) ('RSSI', -61) ('Header', '48')
Data:  24:0A:C4:23:D9:B0 ('MAC', 'B8:63:4D:A2:0E:13') ('Channel', 4) ('RSSI', -37) ('Header', '48')
Data:  24:0A:C4:23:C1:EC ('MAC', 'B8:63:4D:A2:0E:13') ('Channel', 4) ('RSSI', -55) ('Header', '48')
Data:  24:0A:C4:23:D9:B0 ('MAC', 'B8:63:4D:A2:0E:13') ('Channel', 4) ('RSSI', -37) ('Header', '48')
Data:  24:0A:C4:23:C1:EC ('MAC', 'B8:63:4D:A2:0E:13') ('Channel', 4) ('RSSI', -55) ('Header', '48')
Data:  3C:71:BF:99:F9:E0 ('MAC', 'B8:63:4D:A2:0E:13') ('Channel', 4) ('RSSI', -61) ('Header', '48')
Data:  24:0A:C4:23:D9:B0 ('MAC', 'B8:63:4D:A2:0E:13') ('Channel', 4) ('RSSI', -37) ('Header', '48')
Data:  24:0A:C4:23:C1:EC ('MAC', 'B8:63:4D:A2:0E:13') ('Channel', 4) ('RSSI', -54) ('Header', '48')
Data:  3C:71:BF:99:F9:E0 ('MAC', 'B8:63:4D:A2:0E:13') ('Channel', 4) ('RSSI', -61) ('Header', '48')
Data:  3C:71:BF:99:F9:E0 ('MAC', 'B8:63:4D:A2:0E:13') ('Channel', 4) ('RSSI', -62) ('Header', '48')
Data:  24:0A:C4:23:D9:B0 ('MAC', 'B8:63:4D:A2:0E:13') ('Channel', 4) ('RSSI', -37) ('Header', '48')
Data:  24:0A:C4:23:C1:EC ('MAC', 'B8:63:4D:A2:0E:13') ('Channel', 4) ('RSSI', -55) ('Header', '48')
Data:  24:0A:C4:23:D9:B0 ('MAC', 'B8:63:4D:A2:0E:13') ('Channel', 4) ('RSSI', -36) ('Header', '48')
Data:  3C:71:BF:99:F9:E0 ('MAC', 'B8:63:4D:A2:0E:13') ('Channel', 4) ('RSSI', -61) ('Header', '48')
Data:  24:0A:C4:23:C1:EC ('MAC', 'B8:63:4D:A2:0E:13') ('Channel', 4) ('RSSI', -54) ('Header', '48')
Data:  24:0A:C4:23:C1:EC ('MAC', 'B8:63:4D:A2:0E:13') ('Channel', 4) ('RSSI', -54) ('Header', '48')
Data:  24:0A:C4:23:D9:B0 ('MAC', 'B8:63:4D:A2:0E:13') ('Channel', 4) ('RSSI', -36) ('Header', '48')
Data:  3C:71:BF:99:F9:E0 ('MAC', 'B8:63:4D:A2:0E:13') ('Channel', 4) ('RSSI', -61) ('Header', '48')
Data:  24:0A:C4:23:D9:B0 ('MAC', 'B8:63:4D:A2:0E:13') ('Channel', 4) ('RSSI', -37) ('Header', '48')
Data:  24:0A:C4:23:C1:EC ('MAC', 'B8:63:4D:A2:0E:13') ('Channel', 4) ('RSSI', -55) ('Header', '48')
Data:  3C:71:BF:99:F9:E0 ('MAC', 'B8:63:4D:A2:0E:13') ('Channel', 4) ('RSSI', -61) ('Header', '48')
Data:  24:0A:C4:23:C1:EC ('MAC', 'B8:63:4D:A2:0E:13') ('Channel', 4) ('RSSI', -55) ('Header', '48')
Data:  24:0A:C4:23:C1:EC ('MAC', 'B8:63:4D:A2:0E:13') ('Channel', 4) ('RSSI', -55) ('Header', '48')
Data:  24:0A:C4:23:D9:B0 ('MAC', 'B8:63:4D:A2:0E:13') ('Channel', 4) ('RSSI', -37) ('Header', '48')
Data:  3C:71:BF:99:F9:E0 ('MAC', 'B8:63:4D:A2:0E:13') ('Channel', 4) ('RSSI', -61) ('Header', '48')
Data:  24:0A:C4:23:D9:B0 ('MAC', 'B8:63:4D:A2:0E:13') ('Channel', 4) ('RSSI', -37) ('Header', '48')
Data:  3C:71:BF:99:F9:E0 ('MAC', 'B8:63:4D:A2:0E:13') ('Channel', 4) ('RSSI', -61) ('Header', '48')
Data:  3C:71:BF:99:F9:E0 ('MAC', 'B8:63:4D:A2:0E:13') ('Channel', 4) ('RSSI', -62) ('Header', '48')
Data:  24:0A:C4:23:C1:EC ('MAC', 'B8:63:4D:A2:0E:13') ('Channel', 4) ('RSSI', -55) ('Header', '48')
Data:  24:0A:C4:23:D9:B0 ('MAC', 'B8:63:4D:A2:0E:13') ('Channel', 4) ('RSSI', -37) ('Header', '48')
Summary:  24:0A:C4:23:D9:B0 60 {'B8:63:4D:A2:0E:13': -36.7}
Summary:  24:0A:C4:23:C1:EC 752 {'B8:63:4D:A2:0E:13': -55.7}
Summary:  3C:71:BF:99:F9:E0 765 {'B8:63:4D:A2:0E:13': -61.3}
Data:  24:0A:C4:23:C1:EC ('MAC', 'B8:63:4D:A2:0E:13') ('Channel', 4) ('RSSI', -55) ('Header', '48')
Data:  3C:71:BF:99:F9:E0 ('MAC', 'B8:63:4D:A2:0E:13') ('Channel', 4) ('RSSI', -62) ('Header', '48')
Data:  24:0A:C4:23:D9:B0 ('MAC', 'B8:63:4D:A2:0E:13') ('Channel', 4) ('RSSI', -37) ('Header', '48')
Data:  3C:71:BF:99:F9:E0 ('MAC', 'B8:63:4D:A2:0E:13') ('Channel', 4) ('RSSI', -60) ('Header', '48')
Data:  24:0A:C4:23:C1:EC ('MAC', 'B8:63:4D:A2:0E:13') ('Channel', 4) ('RSSI', -54) ('Header', '48')
Data:  24:0A:C4:23:D9:B0 ('MAC', 'B8:63:4D:A2:0E:13') ('Channel', 4) ('RSSI', -37) ('Header', '48')
Data:  24:0A:C4:23:D9:B0 ('MAC', 'B8:63:4D:A2:0E:13') ('Channel', 4) ('RSSI', -36) ('Header', '48')
Data:  3C:71:BF:99:F9:E0 ('MAC', 'B8:63:4D:A2:0E:13') ('Channel', 4) ('RSSI', -60) ('Header', '48')
Data:  24:0A:C4:23:C1:EC ('MAC', 'B8:63:4D:A2:0E:13') ('Channel', 4) ('RSSI', -55) ('Header', '48')
Data:  24:0A:C4:23:D9:B0 ('MAC', 'B8:63:4D:A2:0E:13') ('Channel', 4) ('RSSI', -37) ('Header', '48')
Data:  3C:71:BF:99:F9:E0 ('MAC', 'B8:63:4D:A2:0E:13') ('Channel', 4) ('RSSI', -62) ('Header', '48')
Data:  24:0A:C4:23:C1:EC ('MAC', 'B8:63:4D:A2:0E:13') ('Channel', 4) ('RSSI', -56) ('Header', '48')
Data:  24:0A:C4:23:D9:B0 ('MAC', 'B8:63:4D:A2:0E:13') ('Channel', 4) ('RSSI', -37) ('Header', '48')
Data:  3C:71:BF:99:F9:E0 ('MAC', 'B8:63:4D:A2:0E:13') ('Channel', 4) ('RSSI', -61) ('Header', '48')
Data:  24:0A:C4:23:C1:EC ('MAC', 'B8:63:4D:A2:0E:13') ('Channel', 4) ('RSSI', -55) ('Header', '48')
Data:  24:0A:C4:23:D9:B0 ('MAC', 'B8:63:4D:A2:0E:13') ('Channel', 4) ('RSSI', -37) ('Header', '48')
Data:  24:0A:C4:23:C1:EC ('MAC', 'B8:63:4D:A2:0E:13') ('Channel', 4) ('RSSI', -55) ('Header', '48')
Data:  3C:71:BF:99:F9:E0 ('MAC', 'B8:63:4D:A2:0E:13') ('Channel', 4) ('RSSI', -62) ('Header', '48')
Data:  24:0A:C4:23:D9:B0 ('MAC', 'B8:63:4D:A2:0E:13') ('Channel', 4) ('RSSI', -36) ('Header', '48')
Data:  3C:71:BF:99:F9:E0 ('MAC', 'B8:63:4D:A2:0E:13') ('Channel', 4) ('RSSI', -61) ('Header', '48')
Data:  24:0A:C4:23:C1:EC ('MAC', 'B8:63:4D:A2:0E:13') ('Channel', 4) ('RSSI', -56) ('Header', '48')
Data:  3C:71:BF:99:F9:E0 ('MAC', 'B8:63:4D:A2:0E:13') ('Channel', 4) ('RSSI', -61) ('Header', '48')
Data:  24:0A:C4:23:D9:B0 ('MAC', 'B8:63:4D:A2:0E:13') ('Channel', 4) ('RSSI', -37) ('Header', '48')
Data:  24:0A:C4:23:C1:EC ('MAC', 'B8:63:4D:A2:0E:13') ('Channel', 4) ('RSSI', -56) ('Header', '48')
Data:  24:0A:C4:23:C1:EC ('MAC', 'B8:63:4D:A2:0E:13') ('Channel', 4) ('RSSI', -55) ('Header', '48')
Data:  24:0A:C4:23:D9:B0 ('MAC', 'B8:63:4D:A2:0E:13') ('Channel', 4) ('RSSI', -37) ('Header', '48')
Data:  3C:71:BF:99:F9:E0 ('MAC', 'B8:63:4D:A2:0E:13') ('Channel', 4) ('RSSI', -61) ('Header', '48')
Data:  24:0A:C4:23:D9:B0 ('MAC', 'B8:63:4D:A2:0E:13') ('Channel', 4) ('RSSI', -36) ('Header', '48')
Data:  3C:71:BF:99:F9:E0 ('MAC', 'B8:63:4D:A2:0E:13') ('Channel', 4) ('RSSI', -60) ('Header', '48')
Data:  24:0A:C4:23:C1:EC ('MAC', 'B8:63:4D:A2:0E:13') ('Channel', 4) ('RSSI', -55) ('Header', '48')
Data:  24:0A:C4:23:D9:B0 ('MAC', 'B8:63:4D:A2:0E:13') ('Channel', 4) ('RSSI', -36) ('Header', '48')
Data:  3C:71:BF:99:F9:E0 ('MAC', 'B8:63:4D:A2:0E:13') ('Channel', 4) ('RSSI', -61) ('Header', '48')
Data:  24:0A:C4:23:C1:EC ('MAC', 'B8:63:4D:A2:0E:13') ('Channel', 4) ('RSSI', -55) ('Header', '48')
Data:  24:0A:C4:23:D9:B0 ('MAC', 'B8:63:4D:A2:0E:13') ('Channel', 4) ('RSSI', -37) ('Header', '48')
Data:  3C:71:BF:99:F9:E0 ('MAC', 'B8:63:4D:A2:0E:13') ('Channel', 4) ('RSSI', -61) ('Header', '48')
Data:  24:0A:C4:23:C1:EC ('MAC', 'B8:63:4D:A2:0E:13') ('Channel', 4) ('RSSI', -55) ('Header', '48')
Data:  24:0A:C4:23:C1:EC ('MAC', 'B8:63:4D:A2:0E:13') ('Channel', 4) ('RSSI', -56) ('Header', '48')
Data:  24:0A:C4:23:D9:B0 ('MAC', 'B8:63:4D:A2:0E:13') ('Channel', 4) ('RSSI', -36) ('Header', '48')
Data:  3C:71:BF:99:F9:E0 ('MAC', 'B8:63:4D:A2:0E:13') ('Channel', 4) ('RSSI', -62) ('Header', '48')
Data:  24:0A:C4:23:D9:B0 ('MAC', 'B8:63:4D:A2:0E:13') ('Channel', 4) ('RSSI', -36) ('Header', '48')
Data:  24:0A:C4:23:C1:EC ('MAC', 'B8:63:4D:A2:0E:13') ('Channel', 4) ('RSSI', -56) ('Header', '48')
Data:  3C:71:BF:99:F9:E0 ('MAC', 'B8:63:4D:A2:0E:13') ('Channel', 4) ('RSSI', -61) ('Header', '48')
Data:  24:0A:C4:23:C1:EC ('MAC', 'B8:63:4D:A2:0E:13') ('Channel', 4) ('RSSI', -56) ('Header', '48')
Data:  24:0A:C4:23:D9:B0 ('MAC', 'B8:63:4D:A2:0E:13') ('Channel', 4) ('RSSI', -37) ('Header', '48')
Data:  3C:71:BF:99:F9:E0 ('MAC', 'B8:63:4D:A2:0E:13') ('Channel', 4) ('RSSI', -60) ('Header', '48')
Data:  24:0A:C4:23:D9:B0 ('MAC', 'B8:63:4D:A2:0E:13') ('Channel', 4) ('RSSI', -37) ('Header', '48')
Data:  3C:71:BF:99:F9:E0 ('MAC', 'B8:63:4D:A2:0E:13') ('Channel', 4) ('RSSI', -61) ('Header', '48')
Data:  24:0A:C4:23:C1:EC ('MAC', 'B8:63:4D:A2:0E:13') ('Channel', 4) ('RSSI', -56) ('Header', '48')
Data:  24:0A:C4:23:C1:EC ('MAC', 'B8:63:4D:A2:0E:13') ('Channel', 4) ('RSSI', -60) ('Header', '48')
Data:  24:0A:C4:23:D9:B0 ('MAC', 'B8:63:4D:A2:0E:13') ('Channel', 4) ('RSSI', -36) ('Header', '48')
Data:  3C:71:BF:99:F9:E0 ('MAC', 'B8:63:4D:A2:0E:13') ('Channel', 4) ('RSSI', -61) ('Header', '48')
Data:  3C:71:BF:99:F9:E0 ('MAC', 'B8:63:4D:A2:0E:13') ('Channel', 4) ('RSSI', -61) ('Header', '48')
Data:  24:0A:C4:23:C1:EC ('MAC', 'B8:63:4D:A2:0E:13') ('Channel', 4) ('RSSI', -60) ('Header', '48')
Data:  24:0A:C4:23:D9:B0 ('MAC', 'B8:63:4D:A2:0E:13') ('Channel', 4) ('RSSI', -36) ('Header', '48')
Data:  24:0A:C4:23:D9:B0 ('MAC', 'B8:63:4D:A2:0E:13') ('Channel', 4) ('RSSI', -36) ('Header', '48')
Data:  24:0A:C4:23:C1:EC ('MAC', 'B8:63:4D:A2:0E:13') ('Channel', 4) ('RSSI', -57) ('Header', '48')
Data:  3C:71:BF:99:F9:E0 ('MAC', 'B8:63:4D:A2:0E:13') ('Channel', 4) ('RSSI', -61) ('Header', '48')
Data:  24:0A:C4:23:C1:EC ('MAC', 'B8:63:4D:A2:0E:13') ('Channel', 4) ('RSSI', -58) ('Header', '48')
Data:  24:0A:C4:23:D9:B0 ('MAC', 'B8:63:4D:A2:0E:13') ('Channel', 4) ('RSSI', -36) ('Header', '48')
Data:  3C:71:BF:99:F9:E0 ('MAC', 'B8:63:4D:A2:0E:13') ('Channel', 4) ('RSSI', -61) ('Header', '48')
Data:  24:0A:C4:23:C1:EC ('MAC', 'B8:63:4D:A2:0E:13') ('Channel', 4) ('RSSI', -57) ('Header', '48')
Data:  24:0A:C4:23:D9:B0 ('MAC', 'B8:63:4D:A2:0E:13') ('Channel', 4) ('RSSI', -36) ('Header', '48')
Data:  3C:71:BF:99:F9:E0 ('MAC', 'B8:63:4D:A2:0E:13') ('Channel', 4) ('RSSI', -61) ('Header', '48')
Data:  24:0A:C4:23:D9:B0 ('MAC', 'B8:63:4D:A2:0E:13') ('Channel', 4) ('RSSI', -36) ('Header', '48')
Data:  3C:71:BF:99:F9:E0 ('MAC', 'B8:63:4D:A2:0E:13') ('Channel', 4) ('RSSI', -61) ('Header', '48')
Data:  24:0A:C4:23:C1:EC ('MAC', 'B8:63:4D:A2:0E:13') ('Channel', 4) ('RSSI', -58) ('Header', '48')
Data:  24:0A:C4:23:C1:EC ('MAC', 'B8:63:4D:A2:0E:13') ('Channel', 4) ('RSSI', -58) ('Header', '48')
Data:  24:0A:C4:23:D9:B0 ('MAC', 'B8:63:4D:A2:0E:13') ('Channel', 4) ('RSSI', -36) ('Header', '48')
Data:  3C:71:BF:99:F9:E0 ('MAC', 'B8:63:4D:A2:0E:13') ('Channel', 4) ('RSSI', -61) ('Header', '48')
Data:  24:0A:C4:23:D9:B0 ('MAC', 'B8:63:4D:A2:0E:13') ('Channel', 4) ('RSSI', -37) ('Header', '48')
Data:  3C:71:BF:99:F9:E0 ('MAC', 'B8:63:4D:A2:0E:13') ('Channel', 4) ('RSSI', -60) ('Header', '48')
Data:  24:0A:C4:23:C1:EC ('MAC', 'B8:63:4D:A2:0E:13') ('Channel', 4) ('RSSI', -56) ('Header', '48')
Data:  24:0A:C4:23:C1:EC ('MAC', 'B8:63:4D:A2:0E:13') ('Channel', 4) ('RSSI', -56) ('Header', '48')
Data:  24:0A:C4:23:D9:B0 ('MAC', 'B8:63:4D:A2:0E:13') ('Channel', 4) ('RSSI', -37) ('Header', '48')
Data:  3C:71:BF:99:F9:E0 ('MAC', 'B8:63:4D:A2:0E:13') ('Channel', 4) ('RSSI', -61) ('Header', '48')
Data:  24:0A:C4:23:C1:EC ('MAC', 'B8:63:4D:A2:0E:13') ('Channel', 4) ('RSSI', -56) ('Header', '48')
Summary:  24:0A:C4:23:D9:B0 60 {'B8:63:4D:A2:0E:13': -36.5}
Summary:  24:0A:C4:23:C1:EC 752 {'B8:63:4D:A2:0E:13': -56.2}
Summary:  3C:71:BF:99:F9:E0 765 {'B8:63:4D:A2:0E:13': -61.0}
Data:  24:0A:C4:23:D9:B0 ('MAC', 'B8:63:4D:A2:0E:13') ('Channel', 4) ('RSSI', -37) ('Header', '48')
Data:  3C:71:BF:99:F9:E0 ('MAC', 'B8:63:4D:A2:0E:13') ('Channel', 4) ('RSSI', -61) ('Header', '48')
Data:  24:0A:C4:23:D9:B0 ('MAC', 'B8:63:4D:A2:0E:13') ('Channel', 4) ('RSSI', -37) ('Header', '48')
Data:  24:0A:C4:23:C1:EC ('MAC', 'B8:63:4D:A2:0E:13') ('Channel', 4) ('RSSI', -56) ('Header', '48')
Data:  3C:71:BF:99:F9:E0 ('MAC', 'B8:63:4D:A2:0E:13') ('Channel', 4) ('RSSI', -61) ('Header', '48')
Data:  24:0A:C4:23:D9:B0 ('MAC', 'B8:63:4D:A2:0E:13') ('Channel', 4) ('RSSI', -37) ('Header', '48')
Data:  24:0A:C4:23:C1:EC ('MAC', 'B8:63:4D:A2:0E:13') ('Channel', 4) ('RSSI', -56) ('Header', '48')
Data:  3C:71:BF:99:F9:E0 ('MAC', 'B8:63:4D:A2:0E:13') ('Channel', 4) ('RSSI', -61) ('Header', '48')
Data:  24:0A:C4:23:D9:B0 ('MAC', 'B8:63:4D:A2:0E:13') ('Channel', 4) ('RSSI', -36) ('Header', '48')
Data:  24:0A:C4:23:C1:EC ('MAC', 'B8:63:4D:A2:0E:13') ('Channel', 4) ('RSSI', -55) ('Header', '48')
Data:  3C:71:BF:99:F9:E0 ('MAC', 'B8:63:4D:A2:0E:13') ('Channel', 4) ('RSSI', -61) ('Header', '48')
Data:  24:0A:C4:23:C1:EC ('MAC', 'B8:63:4D:A2:0E:13') ('Channel', 4) ('RSSI', -56) ('Header', '48')
Data:  3C:71:BF:99:F9:E0 ('MAC', 'B8:63:4D:A2:0E:13') ('Channel', 4) ('RSSI', -61) ('Header', '48')
Data:  24:0A:C4:23:D9:B0 ('MAC', 'B8:63:4D:A2:0E:13') ('Channel', 4) ('RSSI', -35) ('Header', '48')
Data:  3C:71:BF:99:F9:E0 ('MAC', 'B8:63:4D:A2:0E:13') ('Channel', 4) ('RSSI', -61) ('Header', '48')
Data:  24:0A:C4:23:C1:EC ('MAC', 'B8:63:4D:A2:0E:13') ('Channel', 4) ('RSSI', -56) ('Header', '48')
Data:  24:0A:C4:23:D9:B0 ('MAC', 'B8:63:4D:A2:0E:13') ('Channel', 4) ('RSSI', -37) ('Header', '48')
Data:  3C:71:BF:99:F9:E0 ('MAC', 'B8:63:4D:A2:0E:13') ('Channel', 4) ('RSSI', -61) ('Header', '48')
Data:  24:0A:C4:23:C1:EC ('MAC', 'B8:63:4D:A2:0E:13') ('Channel', 4) ('RSSI', -57) ('Header', '48')
Data:  24:0A:C4:23:D9:B0 ('MAC', 'B8:63:4D:A2:0E:13') ('Channel', 4) ('RSSI', -37) ('Header', '48')
Data:  24:0A:C4:23:D9:B0 ('MAC', 'B8:63:4D:A2:0E:13') ('Channel', 4) ('RSSI', -37) ('Header', '48')
Data:  3C:71:BF:99:F9:E0 ('MAC', 'B8:63:4D:A2:0E:13') ('Channel', 4) ('RSSI', -62) ('Header', '48')
Data:  24:0A:C4:23:C1:EC ('MAC', 'B8:63:4D:A2:0E:13') ('Channel', 4) ('RSSI', -58) ('Header', '48')
Data:  3C:71:BF:99:F9:E0 ('MAC', 'B8:63:4D:A2:0E:13') ('Channel', 4) ('RSSI', -60) ('Header', '48')
Data:  24:0A:C4:23:D9:B0 ('MAC', 'B8:63:4D:A2:0E:13') ('Channel', 4) ('RSSI', -37) ('Header', '48')
Data:  24:0A:C4:23:D9:B0 ('MAC', 'B8:63:4D:A2:0E:13') ('Channel', 4) ('RSSI', -37) ('Header', '48')
Data:  3C:71:BF:99:F9:E0 ('MAC', 'B8:63:4D:A2:0E:13') ('Channel', 4) ('RSSI', -62) ('Header', '48')
Data:  24:0A:C4:23:C1:EC ('MAC', 'B8:63:4D:A2:0E:13') ('Channel', 4) ('RSSI', -58) ('Header', '48')
Data:  24:0A:C4:23:D9:B0 ('MAC', 'B8:63:4D:A2:0E:13') ('Channel', 4) ('RSSI', -37) ('Header', '48')
Data:  3C:71:BF:99:F9:E0 ('MAC', 'B8:63:4D:A2:0E:13') ('Channel', 4) ('RSSI', -61) ('Header', '48')
Data:  24:0A:C4:23:C1:EC ('MAC', 'B8:63:4D:A2:0E:13') ('Channel', 4) ('RSSI', -58) ('Header', '48')
Data:  24:0A:C4:23:C1:EC ('MAC', 'B8:63:4D:A2:0E:13') ('Channel', 4) ('RSSI', -57) ('Header', '48')
Data:  3C:71:BF:99:F9:E0 ('MAC', 'B8:63:4D:A2:0E:13') ('Channel', 4) ('RSSI', -60) ('Header', '48')
Data:  24:0A:C4:23:D9:B0 ('MAC', 'B8:63:4D:A2:0E:13') ('Channel', 4) ('RSSI', -36) ('Header', '48')
Data:  24:0A:C4:23:D9:B0 ('MAC', 'B8:63:4D:A2:0E:13') ('Channel', 4) ('RSSI', -36) ('Header', '48')
Data:  24:0A:C4:23:C1:EC ('MAC', 'B8:63:4D:A2:0E:13') ('Channel', 4) ('RSSI', -57) ('Header', '48')
Data:  3C:71:BF:99:F9:E0 ('MAC', 'B8:63:4D:A2:0E:13') ('Channel', 4) ('RSSI', -61) ('Header', '48')
Data:  3C:71:BF:99:F9:E0 ('MAC', 'B8:63:4D:A2:0E:13') ('Channel', 4) ('RSSI', -61) ('Header', '48')
Data:  24:0A:C4:23:C1:EC ('MAC', 'B8:63:4D:A2:0E:13') ('Channel', 4) ('RSSI', -56) ('Header', '48')
Data:  24:0A:C4:23:D9:B0 ('MAC', 'B8:63:4D:A2:0E:13') ('Channel', 4) ('RSSI', -36) ('Header', '48')
Data:  3C:71:BF:99:F9:E0 ('MAC', 'B8:63:4D:A2:0E:13') ('Channel', 4) ('RSSI', -61) ('Header', '48')
Data:  24:0A:C4:23:C1:EC ('MAC', 'B8:63:4D:A2:0E:13') ('Channel', 4) ('RSSI', -55) ('Header', '48')
Data:  24:0A:C4:23:D9:B0 ('MAC', 'B8:63:4D:A2:0E:13') ('Channel', 4) ('RSSI', -36) ('Header', '48')
Data:  24:0A:C4:23:D9:B0 ('MAC', 'B8:63:4D:A2:0E:13') ('Channel', 4) ('RSSI', -36) ('Header', '48')
Data:  3C:71:BF:99:F9:E0 ('MAC', 'B8:63:4D:A2:0E:13') ('Channel', 4) ('RSSI', -61) ('Header', '48')
Data:  24:0A:C4:23:C1:EC ('MAC', 'B8:63:4D:A2:0E:13') ('Channel', 4) ('RSSI', -55) ('Header', '48')
Data:  3C:71:BF:99:F9:E0 ('MAC', 'B8:63:4D:A2:0E:13') ('Channel', 4) ('RSSI', -61) ('Header', '48')
Data:  24:0A:C4:23:C1:EC ('MAC', 'B8:63:4D:A2:0E:13') ('Channel', 4) ('RSSI', -56) ('Header', '48')
Data:  24:0A:C4:23:D9:B0 ('MAC', 'B8:63:4D:A2:0E:13') ('Channel', 4) ('RSSI', -37) ('Header', '48')
Data:  3C:71:BF:99:F9:E0 ('MAC', 'B8:63:4D:A2:0E:13') ('Channel', 4) ('RSSI', -61) ('Header', '48')
Data:  24:0A:C4:23:C1:EC ('MAC', 'B8:63:4D:A2:0E:13') ('Channel', 4) ('RSSI', -55) ('Header', '48')
Data:  24:0A:C4:23:D9:B0 ('MAC', 'B8:63:4D:A2:0E:13') ('Channel', 4) ('RSSI', -37) ('Header', '48')
Data:  24:0A:C4:23:C1:EC ('MAC', 'B8:63:4D:A2:0E:13') ('Channel', 4) ('RSSI', -56) ('Header', '48')
Data:  3C:71:BF:99:F9:E0 ('MAC', 'B8:63:4D:A2:0E:13') ('Channel', 4) ('RSSI', -61) ('Header', '48')
Data:  24:0A:C4:23:D9:B0 ('MAC', 'B8:63:4D:A2:0E:13') ('Channel', 4) ('RSSI', -37) ('Header', '48')
Data:  24:0A:C4:23:C1:EC ('MAC', 'B8:63:4D:A2:0E:13') ('Channel', 4) ('RSSI', -56) ('Header', '48')
Data:  3C:71:BF:99:F9:E0 ('MAC', 'B8:63:4D:A2:0E:13') ('Channel', 4) ('RSSI', -61) ('Header', '48')
Data:  24:0A:C4:23:D9:B0 ('MAC', 'B8:63:4D:A2:0E:13') ('Channel', 4) ('RSSI', -37) ('Header', '48')
Data:  24:0A:C4:23:C1:EC ('MAC', 'B8:63:4D:A2:0E:13') ('Channel', 4) ('RSSI', -55) ('Header', '48')
Data:  3C:71:BF:99:F9:E0 ('MAC', 'B8:63:4D:A2:0E:13') ('Channel', 4) ('RSSI', -61) ('Header', '48')
Data:  24:0A:C4:23:D9:B0 ('MAC', 'B8:63:4D:A2:0E:13') ('Channel', 4) ('RSSI', -37) ('Header', '48')
Data:  3C:71:BF:99:F9:E0 ('MAC', 'B8:63:4D:A2:0E:13') ('Channel', 4) ('RSSI', -62) ('Header', '48')
Data:  24:0A:C4:23:C1:EC ('MAC', 'B8:63:4D:A2:0E:13') ('Channel', 4) ('RSSI', -56) ('Header', '48')
Data:  24:0A:C4:23:C1:EC ('MAC', 'B8:63:4D:A2:0E:13') ('Channel', 4) ('RSSI', -56) ('Header', '48')
Data:  24:0A:C4:23:D9:B0 ('MAC', 'B8:63:4D:A2:0E:13') ('Channel', 4) ('RSSI', -36) ('Header', '48')
Data:  3C:71:BF:99:F9:E0 ('MAC', 'B8:63:4D:A2:0E:13') ('Channel', 4) ('RSSI', -61) ('Header', '48')
Data:  3C:71:BF:99:F9:E0 ('MAC', 'B8:63:4D:A2:0E:13') ('Channel', 4) ('RSSI', -61) ('Header', '48')
Data:  3C:71:BF:99:F9:E0 ('MAC', 'B8:63:4D:A2:0E:13') ('Channel', 4) ('RSSI', -61) ('Header', '48')
Data:  24:0A:C4:23:C1:EC ('MAC', 'B8:63:4D:A2:0E:13') ('Channel', 4) ('RSSI', -56) ('Header', '48')
Data:  24:0A:C4:23:D9:B0 ('MAC', 'B8:63:4D:A2:0E:13') ('Channel', 4) ('RSSI', -37) ('Header', '48')
Data:  24:0A:C4:23:C1:EC ('MAC', 'B8:63:4D:A2:0E:13') ('Channel', 4) ('RSSI', -56) ('Header', '48')
Data:  24:0A:C4:23:D9:B0 ('MAC', 'B8:63:4D:A2:0E:13') ('Channel', 4) ('RSSI', -37) ('Header', '48')
Data:  24:0A:C4:23:C1:EC ('MAC', 'B8:63:4D:A2:0E:13') ('Channel', 4) ('RSSI', -56) ('Header', '48')
Data:  24:0A:C4:23:D9:B0 ('MAC', 'B8:63:4D:A2:0E:13') ('Channel', 4) ('RSSI', -37) ('Header', '48')
Data:  3C:71:BF:99:F9:E0 ('MAC', 'B8:63:4D:A2:0E:13') ('Channel', 4) ('RSSI', -62) ('Header', '48')
Data:  24:0A:C4:23:C1:EC ('MAC', 'B8:63:4D:A2:0E:13') ('Channel', 4) ('RSSI', -56) ('Header', '48')
Data:  3C:71:BF:99:F9:E0 ('MAC', 'B8:63:4D:A2:0E:13') ('Channel', 4) ('RSSI', -61) ('Header', '48')
Data:  24:0A:C4:23:D9:B0 ('MAC', 'B8:63:4D:A2:0E:13') ('Channel', 4) ('RSSI', -37) ('Header', '48')
Data:  3C:71:BF:99:F9:E0 ('MAC', 'B8:63:4D:A2:0E:13') ('Channel', 4) ('RSSI', -61) ('Header', '48')
Data:  24:0A:C4:23:D9:B0 ('MAC', 'B8:63:4D:A2:0E:13') ('Channel', 4) ('RSSI', -37) ('Header', '48')
Data:  24:0A:C4:23:C1:EC ('MAC', 'B8:63:4D:A2:0E:13') ('Channel', 4) ('RSSI', -56) ('Header', '48')
Data:  24:0A:C4:23:C1:EC ('MAC', 'B8:63:4D:A2:0E:13') ('Channel', 4) ('RSSI', -56) ('Header', '48')
Data:  24:0A:C4:23:D9:B0 ('MAC', 'B8:63:4D:A2:0E:13') ('Channel', 4) ('RSSI', -37) ('Header', '48')
Data:  3C:71:BF:99:F9:E0 ('MAC', 'B8:63:4D:A2:0E:13') ('Channel', 4) ('RSSI', -61) ('Header', '48')
Data:  3C:71:BF:99:F9:E0 ('MAC', 'B8:63:4D:A2:0E:13') ('Channel', 4) ('RSSI', -61) ('Header', '48')
Summary:  24:0A:C4:23:D9:B0 60 {'B8:63:4D:A2:0E:13': -36.7}
Summary:  24:0A:C4:23:C1:EC 752 {'B8:63:4D:A2:0E:13': -56.1}
Summary:  3C:71:BF:99:F9:E0 765 {'B8:63:4D:A2:0E:13': -61.1}
Data:  24:0A:C4:23:C1:EC ('MAC', 'B8:63:4D:A2:0E:13') ('Channel', 4) ('RSSI', -56) ('Header', '48')
Data:  24:0A:C4:23:D9:B0 ('MAC', 'B8:63:4D:A2:0E:13') ('Channel', 4) ('RSSI', -37) ('Header', '48')
Data:  24:0A:C4:23:D9:B0 ('MAC', 'B8:63:4D:A2:0E:13') ('Channel', 4) ('RSSI', -37) ('Header', '48')
Data:  3C:71:BF:99:F9:E0 ('MAC', 'B8:63:4D:A2:0E:13') ('Channel', 4) ('RSSI', -60) ('Header', '48')
Data:  24:0A:C4:23:C1:EC ('MAC', 'B8:63:4D:A2:0E:13') ('Channel', 4) ('RSSI', -55) ('Header', '48')
Data:  3C:71:BF:99:F9:E0 ('MAC', 'B8:63:4D:A2:0E:13') ('Channel', 4) ('RSSI', -61) ('Header', '48')
Data:  24:0A:C4:23:C1:EC ('MAC', 'B8:63:4D:A2:0E:13') ('Channel', 4) ('RSSI', -55)