Data:  24:0A:C4:23:C1:EC ('MAC', 'B8:63:4D:A2:0E:13') ('Channel', 5) ('RSSI', -64) ('Header', '48')
Data:  24:0A:C4:23:D9:B0 ('MAC', 'B8:63:4D:A2:0E:13') ('Channel', 5) ('RSSI', -42) ('Header', '48')
Data:  24:0A:C4:23:C1:EC ('MAC', 'B8:63:4D:A2:0E:13') ('Channel', 5) ('RSSI', -57) ('Header', '48')
Data:  24:0A:C4:23:D9:B0 ('MAC', 'B8:63:4D:A2:0E:13') ('Channel', 5) ('RSSI', -39) ('Header', '48')
Data:  24:0A:C4:23:C1:EC ('MAC', 'B8:63:4D:A2:0E:13') ('Channel', 5) ('RSSI', -59) ('Header', '48')
Data:  24:0A:C4:23:D9:B0 ('MAC', 'B8:63:4D:A2:0E:13') ('Channel', 5) ('RSSI', -42) ('Header', '48')
Data:  24:0A:C4:23:D9:B0 ('MAC', 'B8:63:4D:A2:0E:13') ('Channel', 5) ('RSSI', -42) ('Header', '48')
Data:  24:0A:C4:23:C1:EC ('MAC', 'B8:63:4D:A2:0E:13') ('Channel', 5) ('RSSI', -60) ('Header', '48')
Data:  24:0A:C4:23:C1:EC ('MAC', 'B8:63:4D:A2:0E:13') ('Channel', 5) ('RSSI', -58) ('Header', '48')
Data:  24:0A:C4:23:D9:B0 ('MAC', 'B8:63:4D:A2:0E:13') ('Channel', 5) ('RSSI', -42) ('Header', '48')
Data:  24:0A:C4:23:C1:EC ('MAC', 'B8:63:4D:A2:0E:13') ('Channel', 5) ('RSSI', -58) ('Header', '48')
Data:  24:0A:C4:23:D9:B0 ('MAC', 'B8:63:4D:A2:0E:13') ('Channel', 5) ('RSSI', -42) ('Header', '48')
Data:  24:0A:C4:23:C1:EC ('MAC', 'B8:63:4D:A2:0E:13') ('Channel', 5) ('RSSI', -58) ('Header', '48')
Data:  24:0A:C4:23:D9:B0 ('MAC', 'B8:63:4D:A2:0E:13') ('Channel', 5) ('RSSI', -42) ('Header', '48')
Data:  24:0A:C4:23:C1:EC ('MAC', 'B8:63:4D:A2:0E:13') ('Channel', 5) ('RSSI', -58) ('Header', '48')
Data:  24:0A:C4:23:D9:B0 ('MAC', 'B8:63:4D:A2:0E:13') ('Channel', 5) ('RSSI', -42) ('Header', '48')
Data:  24:0A:C4:23:C1:EC ('MAC', 'B8:63:4D:A2:0E:13') ('Channel', 5) ('RSSI', -58) ('Header', '48')
Data:  24:0A:C4:23:D9:B0 ('MAC', 'B8:63:4D:A2:0E:13') ('Channel', 5) ('RSSI', -42) ('Header', '48')
Data:  24:0A:C4:23:C1:EC ('MAC', 'B8:63:4D:A2:0E:13') ('Channel', 5) ('RSSI', -59) ('Header', '48')
Data:  24:0A:C4:23:D9:B0 ('MAC', 'B8:63:4D:A2:0E:13') ('Channel', 5) ('RSSI', -43) ('Header', '48')
Data:  24:0A:C4:23:C1:EC ('MAC', 'B8:63:4D:A2:0E:13') ('Channel', 5) ('RSSI', -59) ('Header', '48')
Data:  24:0A:C4:23:D9:B0 ('MAC', 'B8:63:4D:A2:0E:13') ('Channel', 5) ('RSSI', -42) ('Header', '48')
Data:  24:0A:C4:23:C1:EC ('MAC', 'B8:63:4D:A2:0E:13') ('Channel', 5) ('RSSI', -60) ('Header', '48')
Data:  24:0A:C4:23:D9:B0 ('MAC', 'B8:63:4D:A2:0E:13') ('Channel', 5) ('RSSI', -42) ('Header', '48')
Data:  24:0A:C4:23:C1:EC ('MAC', 'B8:63:4D:A2:0E:13') ('Channel', 5) ('RSSI', -59) ('Header', '48')
Data:  24:0A:C4:23:C1:EC ('MAC', 'B8:63:4D:A2:0E:13') ('Channel', 5) ('RSSI', -58) ('Header', '48')
Data:  24:0A:C4:23:D9:B0 ('MAC', 'B8:63:4D:A2:0E:13') ('Channel', 5) ('RSSI', -42) ('Header', '48')
Data:  24:0A:C4:23:D9:B0 ('MAC', 'B8:63:4D:A2:0E:13') ('Channel', 5) ('RSSI', -42) ('Header', '48')
Data:  24:0A:C4:23:C1:EC ('MAC', 'B8:63:4D:A2:0E:13') ('Channel', 5) ('RSSI', -58) ('Header', '48')
Data:  24:0A:C4:23:C1:EC ('MAC', 'B8:63:4D:A2:0E:13') ('Channel', 5) ('RSSI', -59) ('Header', '48')
Data:  24:0A:C4:23:D9:B0 ('MAC', 'B8:63:4D:A2:0E:13') ('Channel', 5) ('RSSI', -42) ('Header', '48')
Data:  24:0A:C4:23:C1:EC ('MAC', 'B8:63:4D:A2:0E:13') ('Channel', 5) ('RSSI', -59) ('Header', '48')
Data:  24:0A:C4:23:D9:B0 ('MAC', 'B8:63:4D:A2:0E:13') ('Channel', 5) ('RSSI', -42) ('Header', '48')
Data:  24:0A:C4:23:D9:B0 ('MAC', 'B8:63:4D:A2:0E:13') ('Channel', 5) ('RSSI', -42) ('Header', '48')
Data:  24:0A:C4:23:C1:EC ('MAC', 'B8:63:4D:A2:0E:13') ('Channel', 5) ('RSSI', -59) ('Header', '48')
Data:  24:0A:C4:23:D9:B0 ('MAC', 'B8:63:4D:A2:0E:13') ('Channel', 5) ('RSSI', -42) ('Header', '48')
Data:  24:0A:C4:23:C1:EC ('MAC', 'B8:63:4D:A2:0E:13') ('Channel', 5) ('RSSI', -59) ('Header', '48')
Data:  24:0A:C4:23:D9:B0 ('MAC', 'B8:63:4D:A2:0E:13') ('Channel', 5) ('RSSI', -42) ('Header', '48')
Data:  24:0A:C4:23:C1:EC ('MAC', 'B8:63:4D:A2:0E:13') ('Channel', 5) ('RSSI', -60) ('Header', '48')
Data:  24:0A:C4:23:C1:EC ('MAC', 'B8:63:4D:A2:0E:13') ('Channel', 5) ('RSSI', -59) ('Header', '48')
Summary:  3C:71:BF:99:F9:E0 681 {}
Summary:  24:0A:C4:23:D9:B0 140 {'B8:63:4D:A2:0E:13': -41.9}
Summary:  24:0A:C4:23:C1:EC 636 {'B8:63:4D:A2:0E:13': -59.0}
Data:  24:0A:C4:23:D9:B0 ('MAC', 'B8:63:4D:A2:0E:13') ('Channel', 5) ('RSSI', -42) ('Header', '48')
Data:  24:0A:C4:23:C1:EC ('MAC', 'B8:63:4D:A2:0E:13') ('Channel', 5) ('RSSI', -59) ('Header', '48')
Data:  24:0A:C4:23:D9:B0 ('MAC', 'B8:63:4D:A2:0E:13') ('Channel', 5) ('RSSI', -42) ('Header', '48')
Data:  24:0A:C4:23:C1:EC ('MAC', 'B8:63:4D:A2:0E:13') ('Channel', 5) ('RSSI', -59) ('Header', '48')
Data:  24:0A:C4:23:D9:B0 ('MAC', 'B8:63:4D:A2:0E:13') ('Channel', 5) ('RSSI', -42) ('Header', '48')
Data:  24:0A:C4:23:C1:EC ('MAC', 'B8:63:4D:A2:0E:13') ('Channel', 5) ('RSSI', -60) ('Header', '48')
Data:  24:0A:C4:23:D9:B0 ('MAC', 'B8:63:4D:A2:0E:13') ('Channel', 5) ('RSSI', -42) ('Header', '48')
Data:  24:0A:C4:23:C1:EC ('MAC', 'B8:63:4D:A2:0E:13') ('Channel', 5) ('RSSI', -59) ('Header', '48')
Data:  24:0A:C4:23:D9:B0 ('MAC', 'B8:63:4D:A2:0E:13') ('Channel', 5) ('RSSI', -42) ('Header', '48')
Data:  24:0A:C4:23:D9:B0 ('MAC', 'B8:63:4D:A2:0E:13') ('Channel', 5) ('RSSI', -42) ('Header', '48')
Data:  24:0A:C4:23:C1:EC ('MAC', 'B8:63:4D:A2:0E:13') ('Channel', 5) ('RSSI', -59) ('Header', '48')
Data:  24:0A:C4:23:C1:EC ('MAC', 'B8:63:4D:A2:0E:13') ('Channel', 5) ('RSSI', -59) ('Header', '48')
Data:  24:0A:C4:23:D9:B0 ('MAC', 'B8:63:4D:A2:0E:13') ('Channel', 5) ('RSSI', -42) ('Header', '48')
Data:  24:0A:C4:23:C1:EC ('MAC', 'B8:63:4D:A2:0E:13') ('Channel', 5) ('RSSI', -58) ('Header', '48')
Data:  24:0A:C4:23:D9:B0 ('MAC', 'B8:63:4D:A2:0E:13') ('Channel', 5) ('RSSI', -42) ('Header', '48')
Data:  24:0A:C4:23:C1:EC ('MAC', 'B8:63:4D:A2:0E:13') ('Channel', 5) ('RSSI', -58) ('Header', '48')
Data:  24:0A:C4:23:D9:B0 ('MAC', 'B8:63:4D:A2:0E:13') ('Channel', 5) ('RSSI', -42) ('Header', '48')
Data:  24:0A:C4:23:C1:EC ('MAC', 'B8:63:4D:A2:0E:13') ('Channel', 5) ('RSSI', -58) ('Header', '48')
Data:  24:0A:C4:23:D9:B0 ('MAC', 'B8:63:4D:A2:0E:13') ('Channel', 5) ('RSSI', -42) ('Header', '48')
Data:  24:0A:C4:23:C1:EC ('MAC', 'B8:63:4D:A2:0E:13') ('Channel', 5) ('RSSI', -58) ('Header', '48')
Data:  24:0A:C4:23:D9:B0 ('MAC', 'B8:63:4D:A2:0E:13') ('Channel', 5) ('RSSI', -42) ('Header', '48')
Data:  24:0A:C4:23:C1:EC ('MAC', 'B8:63:4D:A2:0E:13') ('Channel', 5) ('RSSI', -58) ('Header', '48')
Data:  24:0A:C4:23:D9:B0 ('MAC', 'B8:63:4D:A2:0E:13') ('Channel', 5) ('RSSI', -42) ('Header', '48')
Data:  24:0A:C4:23:D9:B0 ('MAC', 'B8:63:4D:A2:0E:13') ('Channel', 5) ('RSSI', -42) ('Header', '48')
Data:  24:0A:C4:23:C1:EC ('MAC', 'B8:63:4D:A2:0E:13') ('Channel', 5) ('RSSI', -58) ('Header', '48')
Data:  24:0A:C4:23:C1:EC ('MAC', 'B8:63:4D:A2:0E:13') ('Channel', 5) ('RSSI', -58) ('Header', '48')
Data:  24:0A:C4:23:D9:B0 ('MAC', 'B8:63:4D:A2:0E:13') ('Channel', 5) ('RSSI', -42) ('Header', '48')
Data:  24:0A:C4:23:C1:EC ('MAC', 'B8:63:4D:A2:0E:13') ('Channel', 5) ('RSSI', -58) ('Header', '48')
Data:  24:0A:C4:23:D9:B0 ('MAC', 'B8:63:4D:A2:0E:13') ('Channel', 5) ('RSSI', -42) ('Header', '48')
Data:  24:0A:C4:23:C1:EC ('MAC', 'B8:63:4D:A2:0E:13') ('Channel', 5) ('RSSI', -59) ('Header', '48')
Data:  24:0A:C4:23:D9:B0 ('MAC', 'B8:63:4D:A2:0E:13') ('Channel', 5) ('RSSI', -42) ('Header', '48')
Data:  24:0A:C4:23:C1:EC ('MAC', 'B8:63:4D:A2:0E:13') ('Channel', 5) ('RSSI', -58) ('Header', '48')
Data:  24:0A:C4:23:D9:B0 ('MAC', 'B8:63:4D:A2:0E:13') ('Channel', 5) ('RSSI', -42) ('Header', '48')
Data:  24:0A:C4:23:C1:EC ('MAC', 'B8:63:4D:A2:0E:13') ('Channel', 5) ('RSSI', -59) ('Header', '48')
Data:  24:0A:C4:23:D9:B0 ('MAC', 'B8:63:4D:A2:0E:13') ('Channel', 5) ('RSSI', -42) ('Header', '48')
Data:  24:0A:C4:23:C1:EC ('MAC', 'B8:63:4D:A2:0E:13') ('Channel', 5) ('RSSI', -58) ('Header', '48')
Data:  24:0A:C4:23:D9:B0 ('MAC', 'B8:63:4D:A2:0E:13') ('Channel', 5) ('RSSI', -42) ('Header', '48')
Data:  24:0A:C4:23:C1:EC ('MAC', 'B8:63:4D:A2:0E:13') ('Channel', 5) ('RSSI', -58) ('Header', '48')
Data:  24:0A:C4:23:D9:B0 ('MAC', 'B8:63:4D:A2:0E:13') ('Channel', 5) ('RSSI', -42) ('Header', '48')
Data:  24:0A:C4:23:C1:EC ('MAC', 'B8:63:4D:A2:0E:13') ('Channel', 5) ('RSSI', -57) ('Header', '48')
Data:  24:0A:C4:23:D9:B0 ('MAC', 'B8:63:4D:A2:0E:13') ('Channel', 5) ('RSSI', -42) ('Header', '48')
Data:  24:0A:C4:23:D9:B0 ('MAC', 'B8:63:4D:A2:0E:13') ('Channel', 5) ('RSSI', -42) ('Header', '48')
Data:  24:0A:C4:23:C1:EC ('MAC', 'B8:63:4D:A2:0E:13') ('Channel', 5) ('RSSI', -58) ('Header', '48')
Data:  24:0A:C4:23:C1:EC ('MAC', 'B8:63:4D:A2:0E:13') ('Channel', 5) ('RSSI', -58) ('Header', '48')
Summary:  3C:71:BF:99:F9:E0 681 {}
Summary:  24:0A:C4:23:D9:B0 140 {'B8:63:4D:A2:0E:13': -42.0}
Summary:  24:0A:C4:23:C1:EC 636 {'B8:63:4D:A2:0E:13': -58.4}
Data:  24:0A:C4:23:D9:B0 ('MAC', 'B8:63:4D:A2:0E:13') ('Channel', 5) ('RSSI', -42) ('Header', '48')
Data:  24:0A:C4:23:C1:EC ('MAC', 'B8:63:4D:A2:0E:13') ('Channel', 5) ('RSSI', -58) ('Header', '48')
Data:  24:0A:C4:23:D9:B0 ('MAC', 'B8:63:4D:A2:0E:13') ('Channel', 5) ('RSSI', -42) ('Header', '48')
Data:  24:0A:C4:23:C1:EC ('MAC', 'B8:63:4D:A2:0E:13') ('Channel', 5) ('RSSI', -58) ('Header', '48')
Data:  24:0A:C4:23:D9:B0 ('MAC', 'B8:63:4D:A2:0E:13') ('Channel', 5) ('RSSI', -42) ('Header', '48')
Data:  24:0A:C4:23:C1:EC ('MAC', 'B8:63:4D:A2:0E:13') ('Channel', 5) ('RSSI', -58) ('Header', '48')
Data:  24:0A:C4:23:D9:B0 ('MAC', 'B8:63:4D:A2:0E:13') ('Channel', 5) ('RSSI', -42) ('Header', '48')
Data:  24:0A:C4:23:C1:EC ('MAC', 'B8:63:4D:A2:0E:13') ('Channel', 5) ('RSSI', -58) ('Header', '48')
Data:  24:0A:C4:23:D9:B0 ('MAC', 'B8:63:4D:A2:0E:13') ('Channel', 5) ('RSSI', -42) ('Header', '48')
Data:  24:0A:C4:23:C1:EC ('MAC', 'B8:63:4D:A2:0E:13') ('Channel', 5) ('RSSI', -59) ('Header', '48')
Data:  24:0A:C4:23:D9:B0 ('MAC', 'B8:63:4D:A2:0E:13') ('Channel', 5) ('RSSI', -42) ('Header', '48')
Data:  24:0A:C4:23:C1:EC ('MAC', 'B8:63:4D:A2:0E:13') ('Channel', 5) ('RSSI', -59) ('Header', '48')
Data:  24:0A:C4:23:D9:B0 ('MAC', 'B8:63:4D:A2:0E:13') ('Channel', 5) ('RSSI', -42) ('Header', '48')
Data:  24:0A:C4:23:C1:EC ('MAC', 'B8:63:4D:A2:0E:13') ('Channel', 5) ('RSSI', -59) ('Header', '48')
Data:  24:0A:C4:23:D9:B0 ('MAC', 'B8:63:4D:A2:0E:13') ('Channel', 5) ('RSSI', -42) ('Header', '48')
Data:  24:0A:C4:23:C1:EC ('MAC', 'B8:63:4D:A2:0E:13') ('Channel', 5) ('RSSI', -59) ('Header', '48')
Data:  24:0A:C4:23:D9:B0 ('MAC', 'B8:63:4D:A2:0E:13') ('Channel', 5) ('RSSI', -42) ('Header', '48')
Data:  24:0A:C4:23:C1:EC ('MAC', 'B8:63:4D:A2:0E:13') ('Channel', 5) ('RSSI', -58) ('Header', '48')
Data:  24:0A:C4:23:D9:B0 ('MAC', 'B8:63:4D:A2:0E:13') ('Channel', 5) ('RSSI', -42) ('Header', '48')
Data:  24:0A:C4:23:C1:EC ('MAC', 'B8:63:4D:A2:0E:13') ('Channel', 5) ('RSSI', -59) ('Header', '48')
Data:  24:0A:C4:23:D9:B0 ('MAC', 'B8:63:4D:A2:0E:13') ('Channel', 5) ('RSSI', -42) ('Header', '48')
Data:  24:0A:C4:23:D9:B0 ('MAC', 'B8:63:4D:A2:0E:13') ('Channel', 5) ('RSSI', -42) ('Header', '48')
Data:  24:0A:C4:23:C1:EC ('MAC', 'B8:63:4D:A2:0E:13') ('Channel', 5) ('RSSI', -59) ('Header', '48')
Data:  24:0A:C4:23:C1:EC ('MAC', 'B8:63:4D:A2:0E:13') ('Channel', 5) ('RSSI', -59) ('Header', '48')
Data:  24:0A:C4:23:D9:B0 ('MAC', 'B8:63:4D:A2:0E:13') ('Channel', 5) ('RSSI', -42) ('Header', '48')
Data:  24:0A:C4:23:C1:EC ('MAC', 'B8:63:4D:A2:0E:13') ('Channel', 5) ('RSSI', -59) ('Header', '48')
Data:  24:0A:C4:23:D9:B0 ('MAC', 'B8:63:4D:A2:0E:13') ('Channel', 5) ('RSSI', -42) ('Header', '48')
Data:  24:0A:C4:23:C1:EC ('MAC', 'B8:63:4D:A2:0E:13') ('Channel', 5) ('RSSI', -59) ('Header', '48')
Data:  24:0A:C4:23:D9:B0 ('MAC', 'B8:63:4D:A2:0E:13') ('Channel', 5) ('RSSI', -42) ('Header', '48')
Data:  24:0A:C4:23:C1:EC ('MAC', 'B8:63:4D:A2:0E:13') ('Channel', 5) ('RSSI', -59) ('Header', '48')
Data:  24:0A:C4:23:D9:B0 ('MAC', 'B8:63:4D:A2:0E:13') ('Channel', 5) ('RSSI', -42) ('Header', '48')
Data:  24:0A:C4:23:C1:EC ('MAC', 'B8:63:4D:A2:0E:13') ('Channel', 5) ('RSSI', -58) ('Header', '48')
Data:  24:0A:C4:23:D9:B0 ('MAC', 'B8:63:4D:A2:0E:13') ('Channel', 5) ('RSSI', -42) ('Header', '48')
Data:  24:0A:C4:23:C1:EC ('MAC', 'B8:63:4D:A2:0E:13') ('Channel', 5) ('RSSI', -58) ('Header', '48')
Data:  24:0A:C4:23:D9:B0 ('MAC', 'B8:63:4D:A2:0E:13') ('Channel', 5) ('RSSI', -37) ('Header', '48')
Data:  24:0A:C4:23:C1:EC ('MAC', 'B8:63:4D:A2:0E:13') ('Channel', 5) ('RSSI', -58) ('Header', '48')
Data:  24:0A:C4:23:D9:B0 ('MAC', 'B8:63:4D:A2:0E:13') ('Channel', 5) ('RSSI', -41) ('Header', '48')
Data:  24:0A:C4:23:C1:EC ('MAC', 'B8:63:4D:A2:0E:13') ('Channel', 5) ('RSSI', -59) ('Header', '48')
Data:  24:0A:C4:23:D9:B0 ('MAC', 'B8:63:4D:A2:0E:13') ('Channel', 5) ('RSSI', -42) ('Header', '48')
Data:  24:0A:C4:23:C1:EC ('MAC', 'B8:63:4D:A2:0E:13') ('Channel', 5) ('RSSI', -59) ('Header', '48')
Data:  24:0A:C4:23:D9:B0 ('MAC', 'B8:63:4D:A2:0E:13') ('Channel', 5) ('RSSI', -42) ('Header', '48')
Data:  24:0A:C4:23:D9:B0 ('MAC', 'B8:63:4D:A2:0E:13') ('Channel', 5) ('RSSI', -42) ('Header', '48')
Data:  24:0A:C4:23:C1:EC ('MAC', 'B8:63:4D:A2:0E:13') ('Channel', 5) ('RSSI', -59) ('Header', '48')
Data:  24:0A:C4:23:C1:EC ('MAC', 'B8:63:4D:A2:0E:13') ('Channel', 5) ('RSSI', -59) ('Header', '48')
Data:  24:0A:C4:23:D9:B0 ('MAC', 'B8:63:4D:A2:0E:13') ('Channel', 5) ('RSSI', -42) ('Header', '48')
Data:  24:0A:C4:23:C1:EC ('MAC', 'B8:63:4D:A2:0E:13') ('Channel', 5) ('RSSI', -59) ('Header', '48')
Data:  24:0A:C4:23:D9:B0 ('MAC', 'B8:63:4D:A2:0E:13') ('Channel', 5) ('RSSI', -42) ('Header', '48')
Summary:  3C:71:BF:99:F9:E0 681 {}
Summary:  24:0A:C4:23:D9:B0 140 {'B8:63:4D:A2:0E:13': -41.7}
Summary:  24:0A:C4:23:C1:EC 636 {'B8:63:4D:A2:0E:13': -58.7}
Data:  24:0A:C4:23:D9:B0 ('MAC', 'B8:63:4D:A2:0E:13') ('Channel', 5) ('RSSI', -42) ('Header', '48')
Data:  24:0A:C4:23:C1:EC ('MAC', 'B8:63:4D:A2:0E:13') ('Channel', 5) ('RSSI', -59) ('Header', '48')
Data:  24:0A:C4:23:C1:EC ('MAC', 'B8:63:4D:A2:0E:13') ('Channel', 5) ('RSSI', -58) ('Header', '48')
Data:  24:0A:C4:23:D9:B0 ('MAC', 'B8:63:4D:A2:0E:13') ('Channel', 5) ('RSSI', -42) ('Header', '48')
Data:  24:0A:C4:23:C1:EC ('MAC', 'B8:63:4D:A2:0E:13') ('Channel', 5) ('RSSI', -57) ('Header', '48')
Data:  24:0A:C4:23:D9:B0 ('MAC', 'B8:63:4D:A2:0E:13') ('Channel', 5) ('RSSI', -41) ('Header', '48')
Data:  24:0A:C4:23:D9:B0 ('MAC', 'B8:63:4D:A2:0E:13') ('Channel', 5) ('RSSI', -41) ('Header', '48')
Data:  24:0A:C4:23:C1:EC ('MAC', 'B8:63:4D:A2:0E:13') ('Channel', 5) ('RSSI', -57) ('Header', '48')
Data:  24:0A:C4:23:D9:B0 ('MAC', 'B8:63:4D:A2:0E:13') ('Channel', 5) ('RSSI', -42) ('Header', '48')
Data:  24:0A:C4:23:C1:EC ('MAC', 'B8:63:4D:A2:0E:13') ('Channel', 5) ('RSSI', -59) ('Header', '48')
Data:  24:0A:C4:23:D9:B0 ('MAC', 'B8:63:4D:A2:0E:13') ('Channel', 5) ('RSSI', -42) ('Header', '48')
Data:  24:0A:C4:23:C1:EC ('MAC', 'B8:63:4D:A2:0E:13') ('Channel', 5) ('RSSI', -59) ('Header', '48')
Data:  24:0A:C4:23:C1:EC ('MAC', 'B8:63:4D:A2:0E:13') ('Channel', 5) ('RSSI', -58) ('Header', '48')
Data:  24:0A:C4:23:D9:B0 ('MAC', 'B8:63:4D:A2:0E:13') ('Channel', 5) ('RSSI', -42) ('Header', '48')
Data:  24:0A:C4:23:D9:B0 ('MAC', 'B8:63:4D:A2:0E:13') ('Channel', 5) ('RSSI', -42) ('Header', '48')
Data:  24:0A:C4:23:C1:EC ('MAC', 'B8:63:4D:A2:0E:13') ('Channel', 5) ('RSSI', -58) ('Header', '48')
Data:  24:0A:C4:23:C1:EC ('MAC', 'B8:63:4D:A2:0E:13') ('Channel', 5) ('RSSI', -58) ('Header', '48')
Data:  24:0A:C4:23:D9:B0 ('MAC', 'B8:63:4D:A2:0E:13') ('Channel', 5) ('RSSI', -42) ('Header', '48')
Data:  24:0A:C4:23:C1:EC ('MAC', 'B8:63:4D:A2:0E:13') ('Channel', 5) ('RSSI', -60) ('Header', '48')
Data:  24:0A:C4:23:D9:B0 ('MAC', 'B8:63:4D:A2:0E:13') ('Channel', 5) ('RSSI', -42) ('Header', '48')
Data:  24:0A:C4:23:D9:B0 ('MAC', 'B8:63:4D:A2:0E:13') ('Channel', 5) ('RSSI', -42) ('Header', '48')
Data:  24:0A:C4:23:C1:EC ('MAC', 'B8:63:4D:A2:0E:13') ('Channel', 5) ('RSSI', -58) ('Header', '48')
Data:  24:0A:C4:23:D9:B0 ('MAC', 'B8:63:4D:A2:0E:13') ('Channel', 5) ('RSSI', -42) ('Header', '48')
Data:  24:0A:C4:23:C1:EC ('MAC', 'B8:63:4D:A2:0E:13') ('Channel', 5) ('RSSI', -58) ('Header', '48')
Data:  24:0A:C4:23:C1:EC ('MAC', 'B8:63:4D:A2:0E:13') ('Channel', 5) ('RSSI', -59) ('Header', '48')
Data:  24:0A:C4:23:D9:B0 ('MAC', 'B8:63:4D:A2:0E:13') ('Channel', 5) ('RSSI', -42) ('Header', '48')
Data:  24:0A:C4:23:C1:EC ('MAC', 'B8:63:4D:A2:0E:13') ('Channel', 5) ('RSSI', -58) ('Header', '48')
Data:  24:0A:C4:23:C1:EC ('MAC', 'B8:63:4D:A2:0E:13') ('Channel', 5) ('RSSI', -58) ('Header', '48')
Data:  24:0A:C4:23:D9:B0 ('MAC', 'B8:63:4D:A2:0E:13') ('Channel', 5) ('RSSI', -42) ('Header', '48')
Data:  24:0A:C4:23:D9:B0 ('MAC', 'B8:63:4D:A2:0E:13') ('Channel', 5) ('RSSI', -42) ('Header', '48')
Data:  24:0A:C4:23:D9:B0 ('MAC', 'B8:63:4D:A2:0E:13') ('Channel', 5) ('RSSI', -42) ('Header', '48')
Data:  24:0A:C4:23:C1:EC ('MAC', 'B8:63:4D:A2:0E:13') ('Channel', 5) ('RSSI', -58) ('Header', '48')
Data:  24:0A:C4:23:D9:B0 ('MAC', 'B8:63:4D:A2:0E:13') ('Channel', 5) ('RSSI', -42) ('Header', '48')
Data:  24:0A:C4:23:C1:EC ('MAC', 'B8:63:4D:A2:0E:13') ('Channel', 5) ('RSSI', -57) ('Header', '48')
Data:  24:0A:C4:23:D9:B0 ('MAC', 'B8:63:4D:A2:0E:13') ('Channel', 5) ('RSSI', -42) ('Header', '48')
Data:  24:0A:C4:23:D9:B0 ('MAC', 'B8:63:4D:A2:0E:13') ('Channel', 5) ('RSSI', -41) ('Header', '48')
Data:  24:0A:C4:23:C1:EC ('MAC', 'B8:63:4D:A2:0E:13') ('Channel', 5) ('RSSI', -57) ('Header', '48')
Data:  24:0A:C4:23:D9:B0 ('MAC', 'B8:63:4D:A2:0E:13') ('Channel', 5) ('RSSI', -41) ('Header', '48')
Data:  24:0A:C4:23:C1:EC ('MAC', 'B8:63:4D:A2:0E:13') ('Channel', 5) ('RSSI', -57) ('Header', '48')
Data:  24:0A:C4:23:C1:EC ('MAC', 'B8:63:4D:A2:0E:13') ('Channel', 5) ('RSSI', -58) ('Header', '48')
Data:  24:0A:C4:23:D9:B0 ('MAC', 'B8:63:4D:A2:0E:13') ('Channel', 5) ('RSSI', -42) ('Header', '48')
Data:  24:0A:C4:23:C1:EC ('MAC', 'B8:63:4D:A2:0E:13') ('Channel', 5) ('RSSI', -58) ('Header', '48')
Data:  24:0A:C4:23:D9:B0 ('MAC', 'B8:63:4D:A2:0E:13') ('Channel', 5) ('RSSI', -41) ('Header', '48')
Data:  24:0A:C4:23:C1:EC ('MAC', 'B8:63:4D:A2:0E:13') ('Channel', 5) ('RSSI', -59) ('Header', '48')
Data:  24:0A:C4:23:D9:B0 ('MAC', 'B8:63:4D:A2:0E:13') ('Channel', 5) ('RSSI', -42) ('Header', '48')
Data:  24:0A:C4:23:C1:EC ('MAC', 'B8:63:4D:A2:0E:13') ('Channel', 5) ('RSSI', -58) ('Header', '48')
Data:  24:0A:C4:23:D9:B0 ('MAC', 'B8:63:4D:A2:0E:13') ('Channel', 5) ('RSSI', -42) ('Header', '48')
Data:  24:0A:C4:23:C1:EC ('MAC', 'B8:63:4D:A2:0E:13') ('Channel', 5) ('RSSI', -59) ('Header', '48')
Data:  24:0A:C4:23:D9:B0 ('MAC', 'B8:63:4D:A2:0E:13') ('Channel', 5) ('RSSI', -43) ('Header', '48')
Data:  24:0A:C4:23:C1:EC ('MAC', 'B8:63:4D:A2:0E:13') ('Channel', 5) ('RSSI', -60) ('Header', '48')
Data:  24:0A:C4:23:D9:B0 ('MAC', 'B8:63:4D:A2:0E:13') ('Channel', 5) ('RSSI', -43) ('Header', '48')
Data:  24:0A:C4:23:D9:B0 ('MAC', 'B8:63:4D:A2:0E:13') ('Channel', 5) ('RSSI', -42) ('Header', '48')
Data:  24:0A:C4:23:C1:EC ('MAC', 'B8:63:4D:A2:0E:13') ('Channel', 5) ('RSSI', -59) ('Header', '48')
Data:  24:0A:C4:23:C1:EC ('MAC', 'B8:63:4D:A2:0E:13') ('Channel', 5) ('RSSI', -59) ('Header', '48')
Data:  24:0A:C4:23:D9:B0 ('MAC', 'B8:63:4D:A2:0E:13') ('Channel', 5) ('RSSI', -42) ('Header', '48')
Data:  24:0A:C4:23:D9:B0 ('MAC', 'B8:63:4D:A2:0E:13') ('Channel', 5) ('RSSI', -42) ('Header', '48')
Data:  24:0A:C4:23:C1:EC ('MAC', 'B8:63:4D:A2:0E:13') ('Channel', 5) ('RSSI', -58) ('Header', '48')
Data:  24:0A:C4:23:D9:B0 ('MAC', 'B8:63:4D:A2:0E:13') ('Channel', 5) ('RSSI', -43) ('Header', '48')
Data:  24:0A:C4:23:C1:EC ('MAC', 'B8:63:4D:A2:0E:13') ('Channel', 5) ('RSSI', -59) ('Header', '48')
Data:  24:0A:C4:23:D9:B0 ('MAC', 'B8:63:4D:A2:0E:13') ('Channel', 5) ('RSSI', -42) ('Header', '48')
Data:  24:0A:C4:23:C1:EC ('MAC', 'B8:63:4D:A2:0E:13') ('Channel', 5) ('RSSI', -58) ('Header', '48')
Data:  24:0A:C4:23:D9:B0 ('MAC', 'B8:63:4D:A2:0E:13') ('Channel', 5) ('RSSI', -42) ('Header', '48')
Data:  24:0A:C4:23:C1:EC ('MAC', 'B8:63:4D:A2:0E:13') ('Channel', 5) ('RSSI', -58) ('Header', '48')
Data:  24:0A:C4:23:C1:EC ('MAC', 'B8:63:4D:A2:0E:13') ('Channel', 5) ('RSSI', -59) ('Header', '48')
Data:  24:0A:C4:23:D9:B0 ('MAC', 'B8:63:4D:A2:0E:13') ('Channel', 5) ('RSSI', -42) ('Header', '48')
Data:  24:0A:C4:23:D9:B0 ('MAC', 'B8:63:4D:A2:0E:13') ('Channel', 5) ('RSSI', -42) ('Header', '48')
Data:  24:0A:C4:23:C1:EC ('MAC', 'B8:63:4D:A2:0E:13') ('Channel', 5) ('RSSI', -58) ('Header', '48')
Data:  24:0A:C4:23:D9:B0 ('MAC', 'B8:63:4D:A2:0E:13') ('Channel', 5) ('RSSI', -42) ('Header', '48')
Data:  24:0A:C4:23:C1:EC ('MAC', 'B8:63:4D:A2:0E:13') ('Channel', 5) ('RSSI', -59) ('Header', '48')
Data:  24:0A:C4:23:D9:B0 ('MAC', 'B8:63:4D:A2:0E:13') ('Channel', 5) ('RSSI', -42) ('Header', '48')
Data:  24:0A:C4:23:C1:EC ('MAC', 'B8:63:4D:A2:0E:13') ('Channel', 5) ('RSSI', -57) ('Header', '48')
Data:  24:0A:C4:23:C1:EC ('MAC', 'B8:63:4D:A2:0E:13') ('Channel', 5) ('RSSI', -58) ('Header', '48')
Data:  24:0A:C4:23:D9:B0 ('MAC', 'B8:63:4D:A2:0E:13') ('Channel', 5) ('RSSI', -41) ('Header', '48')
Data:  24:0A:C4:23:D9:B0 ('MAC', 'B8:63:4D:A2:0E:13') ('Channel', 5) ('RSSI', -41) ('Header', '48')
Data:  24:0A:C4:23:C1:EC ('MAC', 'B8:63:4D:A2:0E:13') ('Channel', 5) ('RSSI', -58) ('Header', '48')
Data:  24:0A:C4:23:D9:B0 ('MAC', 'B8:63:4D:A2:0E:13') ('Channel', 5) ('RSSI', -41) ('Header', '48')
Data:  24:0A:C4:23:C1:EC ('MAC', 'B8:63:4D:A2:0E:13') ('Channel', 5) ('RSSI', -58) ('Header', '48')
Data:  24:0A:C4:23:C1:EC ('MAC', 'B8:63:4D:A2:0E:13') ('Channel', 5) ('RSSI', -59) ('Header', '48')
Data:  24:0A:C4:23:D9:B0 ('MAC', 'B8:63:4D:A2:0E:13') ('Channel', 5) ('RSSI', -42) ('Header', '48')
Data:  24:0A:C4:23:C1:EC ('MAC', 'B8:63:4D:A2:0E:13') ('Channel', 5) ('RSSI', -57) ('Header', '48')
Data:  24:0A:C4:23:D9:B0 ('MAC', 'B8:63:4D:A2:0E:13') ('Channel', 5) ('RSSI', -42) ('Header', '48')
Summary:  3C:71:BF:99:F9:E0 681 {}
Summary:  24:0A:C4:23:D9:B0 140 {'B8:63:4D:A2:0E:13': -41.9}
Summary:  24:0A:C4:23:C1:EC 636 {'B8:63:4D:A2:0E:13': -58.2}
Data:  24:0A:C4:23:C1:EC ('MAC', 'B8:63:4D:A2:0E:13') ('Channel', 5) ('RSSI', -57) ('Header', '48')
Data:  24:0A:C4:23:D9:B0 ('MAC', 'B8:63:4D:A2:0E:13') ('Channel', 5) ('RSSI', -43) ('Header', '48')
Data:  24:0A:C4:23:C1:EC ('MAC', 'B8:63:4D:A2:0E:13') ('Channel', 5) ('RSSI', -58) ('Header', '48')
Data:  24:0A:C4:23:D9:B0 ('MAC', 'B8:63:4D:A2:0E:13') ('Channel', 5) ('RSSI', -42) ('Header', '48')
Data:  24:0A:C4:23:C1:EC ('MAC', 'B8:63:4D:A2:0E:13') ('Channel', 5) ('RSSI', -58) ('Header', '48')
Data:  24:0A:C4:23:D9:B0 ('MAC', 'B8:63:4D:A2:0E:13') ('Channel', 5) ('RSSI', -42) ('Header', '48')
Data:  24:0A:C4:23:C1:EC ('MAC', 'B8:63:4D:A2:0E:13') ('Channel', 5) ('RSSI', -59) ('Header', '48')
Data:  24:0A:C4:23:D9:B0 ('MAC', 'B8:63:4D:A2:0E:13') ('Channel', 5) ('RSSI', -42) ('Header', '48')
Data:  24:0A:C4:23:C1:EC ('MAC', 'B8:63:4D:A2:0E:13') ('Channel', 5) ('RSSI', -59) ('Header', '48')
Data:  24:0A:C4:23:D9:B0 ('MAC', 'B8:63:4D:A2:0E:13') ('Channel', 5) ('RSSI', -42) ('Header', '48')
Data:  24:0A:C4:23:D9:B0 ('MAC', 'B8:63:4D:A2:0E:13') ('Channel', 5) ('RSSI', -42) ('Header', '48')
Data:  24:0A:C4:23:C1:EC ('MAC', 'B8:63:4D:A2:0E:13') ('Channel', 5) ('RSSI', -59) ('Header', '48')
Data:  24:0A:C4:23:C1:EC ('MAC', 'B8:63:4D:A2:0E:13') ('Channel', 5) ('RSSI', -58) ('Header', '48')
Data:  24:0A:C4:23:C1:EC ('MAC', 'B8:63:4D:A2:0E:13') ('Channel', 5) ('RSSI', -59) ('Header', '48')
Data:  24:0A:C4:23:D9:B0 ('MAC', 'B8:63:4D:A2:0E:13') ('Channel', 5) ('RSSI', -42) ('Header', '48')
Data:  24:0A:C4:23:C1:EC ('MAC', 'B8:63:4D:A2:0E:13') ('Channel', 5) ('RSSI', -58) ('Header', '48')
Data:  24:0A:C4:23:D9:B0 ('MAC', 'B8:63:4D:A2:0E:13') ('Channel', 5) ('RSSI', -41) ('Header', '48')
Data:  24:0A:C4:23:C1:EC ('MAC', 'B8:63:4D:A2:0E:13') ('Channel', 5) ('RSSI', -58) ('Header', '48')
Data:  24:0A:C4:23:D9:B0 ('MAC', 'B8:63:4D:A2:0E:13') ('Channel', 5) ('RSSI', -42) ('Header', '48')
Data:  24:0A:C4:23:C1:EC ('MAC', 'B8:63:4D:A2:0E:13') ('Channel', 5) ('RSSI', -58) ('Header', '48')
Data:  24:0A:C4:23:D9:B0 ('MAC', 'B8:63:4D:A2:0E:13') ('Channel', 5) ('RSSI', -42) ('Header', '48')
Data:  24:0A:C4:23:C1:EC ('MAC', 'B8:63:4D:A2:0E:13') ('Channel', 5) ('RSSI', -58) ('Header', '48')
Data:  24:0A:C4:23:D9:B0 ('MAC', 'B8:63:4D:A2:0E:13') ('Channel', 5) ('RSSI', -42) ('Header', '48')
Data:  24:0A:C4:23:C1:EC ('MAC', 'B8:63:4D:A2:0E:13') ('Channel', 5) ('RSSI', -59) ('Header', '48')
Data:  24:0A:C4:23:D9:B0 ('MAC', 'B8:63:4D:A2:0E:13') ('Channel', 5) ('RSSI', -42) ('Header', '48')
Data:  24:0A:C4:23:C1:EC ('MAC', 'B8:63:4D:A2:0E:13') ('Channel', 5) ('RSSI', -58) ('Header', '48')
Data:  24:0A:C4:23:D9:B0 ('MAC', 'B8:63:4D:A2:0E:13') ('Channel', 5) ('RSSI', -42) ('Header', '48')
Data:  24:0A:C4:23:C1:EC ('MAC', 'B8:63:4D:A2:0E:13') ('Channel', 5) ('RSSI', -58) ('Header', '48')
Data:  24:0A:C4:23:D9:B0 ('MAC', 'B8:63:4D:A2:0E:13') ('Channel', 5) ('RSSI', -42) ('Header', '48')
Data:  24:0A:C4:23:C1:EC ('MAC', 'B8:63:4D:A2:0E:13') ('Channel', 5) ('RSSI', -59) ('Header', '48')
Data:  24:0A:C4:23:D9:B0 ('MAC', 'B8:63:4D:A2:0E:13') ('Channel', 5) ('RSSI', -42) ('Header', '48')
Data:  24:0A:C4:23:D9:B0 ('MAC', 'B8:63:4D:A2:0E:13') ('Channel', 5) ('RSSI', -42) ('Header', '48')
Data:  24:0A:C4:23:C1:EC ('MAC', 'B8:63:4D:A2:0E:13') ('Channel', 5) ('RSSI', -58) ('Header', '48')
Data:  24:0A:C4:23:D9:B0 ('MAC', 'B8:63:4D:A2:0E:13') ('Channel', 5) ('RSSI', -42) ('Header', '48')
Data:  24:0A:C4:23:C1:EC ('MAC', 'B8:63:4D:A2:0E:13') ('Channel', 5) ('RSSI', -58) ('Header', '48')
Data:  24:0A:C4:23:C1:EC ('MAC', 'B8:63:4D:A2:0E:13') ('Channel', 5) ('RSSI', -58) ('Header', '48')
Data:  24:0A:C4:23:D9:B0 ('MAC', 'B8:63:4D:A2:0E:13') ('Channel', 5) ('RSSI', -42) ('Header', '48')
Data:  24:0A:C4:23:C1:EC ('MAC', 'B8:63:4D:A2:0E:13') ('Channel', 5) ('RSSI', -59) ('Header', '48')
Data:  24:0A:C4:23:D9:B0 ('MAC', 'B8:63:4D:A2:0E:13') ('Channel', 5) ('RSSI', -42) ('Header', '48')
Data:  24:0A:C4:23:C1:EC ('MAC', 'B8:63:4D:A2:0E:13') ('Channel', 5) ('RSSI', -59) ('Header', '48')
Data:  24:0A:C4:23:D9:B0 ('MAC', 'B8:63:4D:A2:0E:13') ('Channel', 5) ('RSSI', -42) ('Header', '48')
Data:  24:0A:C4:23:D9:B0 ('MAC', 'B8:63:4D:A2:0E:13') ('Channel', 5) ('RSSI', -41) ('Header', '48')
Data:  24:0A:C4:23:C1:EC ('MAC', 'B8:63:4D:A2:0E:13') ('Channel', 5) ('RSSI', -59) ('Header', '48')
Data:  24:0A:C4:23:D9:B0 ('MAC', 'B8:63:4D:A2:0E:13') ('Channel', 5) ('RSSI', -42) ('Header', '48')
Data:  24:0A:C4:23:D9:B0 ('MAC', 'B8:63:4D:A2:0E:13') ('Channel', 5) ('RSSI', -42) ('Header', '48')
Data:  24:0A:C4:23:C1:EC ('MAC', 'B8:63:4D:A2:0E:13') ('Channel', 5) ('RSSI', -59) ('Header', '48')
Data:  24:0A:C4:23:D9:B0 ('MAC', 'B8:63:4D:A2:0E:13') ('Channel', 5) ('RSSI', -42) ('Header', '48')
Data:  24:0A:C4:23:C1:EC ('MAC', 'B8:63:4D:A2:0E:13') ('Channel', 5) ('RSSI', -58) ('Header', '48')
Data:  24:0A:C4:23:C1:EC ('MAC', 'B8:63:4D:A2:0E:13') ('Channel', 5) ('RSSI', -58) ('Header', '48')
Data:  24:0A:C4:23:D9:B0 ('MAC', 'B8:63:4D:A2:0E:13') ('Channel', 5) ('RSSI', -41) ('Header', '48')
Data:  24:0A:C4:23:D9:B0 ('MAC', 'B8:63:4D:A2:0E:13') ('Channel', 5) ('RSSI', -42) ('Header', '48')
Data:  24:0A:C4:23:D9:B0 ('MAC', 'B8:63:4D:A2:0E:13') ('Channel', 5) ('RSSI', -42) ('Header', '48')
Data:  24:0A:C4:23:C1:EC ('MAC', 'B8:63:4D:A2:0E:13') ('Channel', 5) ('RSSI', -58) ('Header', '48')
Data:  24:0A:C4:23:D9:B0 ('MAC', 'B8:63:4D:A2:0E:13') ('Channel', 5) ('RSSI', -42) ('Header', '48')
Data:  24:0A:C4:23:C1:EC ('MAC', 'B8:63:4D:A2:0E:13') ('Channel', 5) ('RSSI', -59) ('Header', '48')
Data:  24:0A:C4:23:D9:B0 ('MAC', 'B8:63:4D:A2:0E:13') ('Channel', 5) ('RSSI', -42) ('Header', '48')
Data:  24:0A:C4:23:C1:EC ('MAC', 'B8:63:4D:A2:0E:13') ('Channel', 5) ('RSSI', -60) ('Header', '48')
Data:  24:0A:C4:23:D9:B0 ('MAC', 'B8:63:4D:A2:0E:13') ('Channel', 5) ('RSSI', -41) ('Header', '48')
Data:  24:0A:C4:23:C1:EC ('MAC', 'B8:63:4D:A2:0E:13') ('Channel', 5) ('RSSI', -59) ('Header', '48')
Data:  24:0A:C4:23:C1:EC ('MAC', 'B8:63:4D:A2:0E:13') ('Channel', 5) ('RSSI', -58) ('Header', '48')
Data:  24:0A:C4:23:D9:B0 ('MAC', 'B8:63:4D:A2:0E:13') ('Channel', 5) ('RSSI', -41) ('Header', '48')
Data:  24:0A:C4:23:C1:EC ('MAC', 'B8:63:4D:A2:0E:13') ('Channel', 5) ('RSSI', -58) ('Header', '48')
Data:  24:0A:C4:23:C1:EC ('MAC', 'B8:63:4D:A2:0E:13') ('Channel', 5) ('RSSI', -58) ('Header', '48')
Data:  24:0A:C4:23:D9:B0 ('MAC', 'B8:63:4D:A2:0E:13') ('Channel', 5) ('RSSI', -41) ('Header', '48')
Data:  24:0A:C4:23:D9:B0 ('MAC', 'B8:63:4D:A2:0E:13') ('Channel', 5) ('RSSI', -42) ('Header', '48')
Data:  24:0A:C4:23:C1:EC ('MAC', 'B8:63:4D:A2:0E:13') ('Channel', 5) ('RSSI', -59) ('Header', '48')
Data:  24:0A:C4:23:D9:B0 ('MAC', 'B8:63:4D:A2:0E:13') ('Channel', 5) ('RSSI', -42) ('Header', '48')
Data:  24:0A:C4:23:C1:EC ('MAC', 'B8:63:4D:A2:0E:13') ('Channel', 5) ('RSSI', -59) ('Header', '48')
Data:  24:0A:C4:23:D9:B0 ('MAC', 'B8:63:4D:A2:0E:13') ('Channel', 5) ('RSSI', -42) ('Header', '48')
Data:  24:0A:C4:23:C1:EC ('MAC', 'B8:63:4D:A2:0E:13') ('Channel', 5) ('RSSI', -59) ('Header', '48')
Data:  24:0A:C4:23:D9:B0 ('MAC', 'B8:63:4D:A2:0E:13') ('Channel', 5) ('RSSI', -42) ('Header', '48')
Data:  24:0A:C4:23:C1:EC ('MAC', 'B8:63:4D:A2:0E:13') ('Channel', 5) ('RSSI', -60) ('Header', '48')
Data:  24:0A:C4:23:D9:B0 ('MAC', 'B8:63:4D:A2:0E:13') ('Channel', 5) ('RSSI', -42) ('Header', '48')
Data:  24:0A:C4:23:C1:EC ('MAC', 'B8:63:4D:A2:0E:13') ('Channel', 5) ('RSSI', -60) ('Header', '48')
Data:  24:0A:C4:23:D9:B0 ('MAC', 'B8:63:4D:A2:0E:13') ('Channel', 5) ('RSSI', -42) ('Header', '48')
Data:  24:0A:C4:23:C1:EC ('MAC', 'B8:63:4D:A2:0E:13') ('Channel', 5) ('RSSI', -58) ('Header', '48')
Data:  24:0A:C4:23:D9:B0 ('MAC', 'B8:63:4D:A2:0E:13') ('Channel', 5) ('RSSI', -43) ('Header', '48')
Data:  24:0A:C4:23:C1:EC ('MAC', 'B8:63:4D:A2:0E:13') ('Channel', 5) ('RSSI', -59) ('Header', '48')
Data:  24:0A:C4:23:C1:EC ('MAC', 'B8:63:4D:A2:0E:13') ('Channel', 5) ('RSSI', -59) ('Header', '48')
Data:  24:0A:C4:23:C1:EC ('MAC', 'B8:63:4D:A2:0E:13') ('Channel', 5) ('RSSI', -59) ('Header', '48')
Data:  24:0A:C4:23:D9:B0 ('MAC', 'B8:63:4D:A2:0E:13') ('Channel', 5) ('RSSI', -42) ('Header', '48')
Data:  24:0A:C4:23:D9:B0 ('MAC', 'B8:63:4D:A2:0E:13') ('Channel', 5) ('RSSI', -42) ('Header', '48')
Data:  24:0A:C4:23:C1:EC ('MAC', 'B8:63:4D:A2:0E:13') ('Channel', 5) ('RSSI', -58) ('Header', '48')
Data:  24:0A:C4:23:D9:B0 ('MAC', 'B8:63:4D:A2:0E:13') ('Channel', 5) ('RSSI', -40) ('Header', '48')
Data:  24:0A:C4:23:C1:EC ('MAC', 'B8:63:4D:A2:0E:13') ('Channel', 5) ('RSSI', -57) ('Header', '48')
Data:  24:0A:C4:23:D9:B0 ('MAC', 'B8:63:4D:A2:0E:13') ('Channel', 5) ('RSSI', -40) ('Header', '48')
Data:  24:0A:C4:23:C1:EC ('MAC', 'B8:63:4D:A2:0E:13') ('Channel', 5) ('RSSI', -58) ('Header', '48')
Data:  24:0A:C4:23:D9:B0 ('MAC', 'B8:63:4D:A2:0E:13') ('Channel', 5) ('RSSI', -42) ('Header', '48')
Data:  24:0A:C4:23:D9:B0 ('MAC', 'B8:63:4D:A2:0E:13') ('Channel', 5) ('RSSI', -42) ('Header', '48')
Data:  24:0A:C4:23:C1:EC ('MAC', 'B8:63:4D:A2:0E:13') ('Channel', 5) ('RSSI', -58) ('Header', '48')
Data:  24:0A:C4:23:C1:EC ('MAC', 'B8:63:4D:A2:0E:13') ('Channel', 5) ('RSSI', -58) ('Header', '48')
Data:  24:0A:C4:23:D9:B0 ('MAC', 'B8:63:4D:A2:0E:13') ('Channel', 5) ('RSSI', -42) ('Header', '48')
Data:  24:0A:C4:23:D9:B0 ('MAC', 'B8:63:4D:A2:0E:13') ('Channel', 5) ('RSSI', -42) ('Header', '48')
Data:  24:0A:C4:23:C1:EC ('MAC', 'B8:63:4D:A2:0E:13') ('Channel', 5) ('RSSI', -60) ('Header', '48')
Data:  24:0A:C4:23:C1:EC ('MAC', 'B8:63:4D:A2:0E:13') ('Channel', 5) ('RSSI', -58) ('Header', '48')
Data:  24:0A:C4:23:D9:B0 ('MAC', 'B8:63:4D:A2:0E:13') ('Channel', 5) ('RSSI', -42) ('Header', '48')
Data:  24:0A:C4:23:D9:B0 ('MAC', 'B8:63:4D:A2:0E:13') ('Channel', 5) ('RSSI', -42) ('Header', '48')
Data:  24:0A:C4:23:C1:EC ('MAC', 'B8:63:4D:A2:0E:13') ('Channel', 5) ('RSSI', -59) ('Header', '48')
Summary:  3C:71:BF:99:F9:E0 681 {}
Summary:  24:0A:C4:23:D9:B0 140 {'B8:63:4D:A2:0E:13': -41.8}
Summary:  24:0A:C4:23:C1:EC 636 {'B8:63:4D:A2:0E:13': -58.5}
Data:  24:0A:C4:23:C1:EC ('MAC', 'B8:63:4D:A2:0E:13') ('Channel', 5) ('RSSI', -58) ('Header', '48')
Data:  24:0A:C4:23:D9:B0 ('MAC', 'B8:63:4D:A2:0E:13') ('Channel', 5) ('RSSI', -42) ('Header', '48')
Data:  24:0A:C4:23:C1:EC ('MAC', 'B8:63:4D:A2:0E:13') ('Channel', 5) ('RSSI', -58) ('Header', '48')
Data:  24:0A:C4:23:D9:B0 ('MAC', 'B8:63:4D:A2:0E:13') ('Channel', 5) ('RSSI', -42) ('Header', '48')
Data:  24:0A:C4:23:C1:EC ('MAC', 'B8:63:4D:A2:0E:13') ('Channel', 5) ('RSSI', -58) ('Header', '48')
Data:  24:0A:C4:23:D9:B0 ('MAC', 'B8:63:4D:A2:0E:13') ('Channel', 5) ('RSSI', -42) ('Header', '48')
Data:  24:0A:C4:23:C1:EC ('MAC', 'B8:63:4D:A2:0E:13') ('Channel', 5) ('RSSI', -57) ('Header', '48')
Data:  24:0A:C4:23:D9:B0 ('MAC', 'B8:63:4D:A2:0E:13') ('Channel', 5) ('RSSI', -41) ('Header', '48')
Data:  24:0A:C4:23:D9:B0 ('MAC', 'B8:63:4D:A2:0E:13') ('Channel', 5) ('RSSI', -42) ('Header', '48')
Data:  24:0A:C4:23:C1:EC ('MAC', 'B8:63:4D:A2:0E:13') ('Channel', 5) ('RSSI', -58) ('Header', '48')
Data:  24:0A:C4:23:D9:B0 ('MAC', 'B8:63:4D:A2:0E:13') ('Channel', 5) ('RSSI', -42) ('Header', '48')
Data:  24:0A:C4:23:C1:EC ('MAC', 'B8:63:4D:A2:0E:13') ('Channel', 5) ('RSSI', -58) ('Header', '48')
Data:  24:0A:C4:23:C1:EC ('MAC', 'B8:63:4D:A2:0E:13') ('Channel', 5) ('RSSI', -57) ('Header', '48')
Data:  24:0A:C4:23:D9:B0 ('MAC', 'B8:63:4D:A2:0E:13') ('Channel', 5) ('RSSI', -42) ('Header', '48')
Data:  24:0A:C4:23:C1:EC ('MAC', 'B8:63:4D:A2:0E:13') ('Channel', 5) ('RSSI', -57) ('Header', '48')
Data:  24:0A:C4:23:D9:B0 ('MAC', 'B8:63:4D:A2:0E:13') ('Channel', 5) ('RSSI', -41) ('Header', '48')
Data:  24:0A:C4:23:C1:EC ('MAC', 'B8:63:4D:A2:0E:13') ('Channel', 5) ('RSSI', -57) ('Header', '48')
Data:  24:0A:C4:23:D9:B0 ('MAC', 'B8:63:4D:A2:0E:13') ('Channel', 5) ('RSSI', -42) ('Header', '48')
Data:  24:0A:C4:23:C1:EC ('MAC', 'B8:63:4D:A2:0E:13') ('Channel', 5) ('RSSI', -58) ('Header', '48')
Data:  24:0A:C4:23:D9:B0 ('MAC', 'B8:63:4D:A2:0E:13') ('Channel', 5) ('RSSI', -42) ('Header', '48')
Data:  24:0A:C4:23:C1:EC ('MAC', 'B8:63:4D:A2:0E:13') ('Channel', 5) ('RSSI', -58) ('Header', '48')
Data:  24:0A:C4:23:D9:B0 ('MAC', 'B8:63:4D:A2:0E:13') ('Channel', 5) ('RSSI', -43) ('Header', '48')
Data:  24:0A:C4:23:C1:EC ('MAC', 'B8:63:4D:A2:0E:13') ('Channel', 5) ('RSSI', -57) ('Header', '48')
Data:  24:0A:C4:23:D9:B0 ('MAC', 'B8:63:4D:A2:0E:13') ('Channel', 5) ('RSSI', -42) ('Header', '48')
Data:  24:0A:C4:23:D9:B0 ('MAC', 'B8:63:4D:A2:0E:13') ('Channel', 5) ('RSSI', -42) ('Header', '48')
Data:  24:0A:C4:23:C1:EC ('MAC', 'B8:63:4D:A2:0E:13') ('Channel', 5) ('RSSI', -57) ('Header', '48')
Data:  24:0A:C4:23:C1:EC ('MAC', 'B8:63:4D:A2:0E:13') ('Channel', 5) ('RSSI', -58) ('Header', '48')
Data:  24:0A:C4:23:D9:B0 ('MAC', 'B8:63:4D:A2:0E:13') ('Channel', 5) ('RSSI', -43) ('Header', '48')
Data:  24:0A:C4:23:C1:EC ('MAC', 'B8:63:4D:A2:0E:13') ('Channel', 5) ('RSSI', -58) ('Header', '48')
Data:  24:0A:C4:23:D9:B0 ('MAC', 'B8:63:4D:A2:0E:13') ('Channel', 5) ('RSSI', -43) ('Header', '48')
Data:  24:0A:C4:23:C1:EC ('MAC', 'B8:63:4D:A2:0E:13') ('Channel', 5) ('RSSI', -58) ('Header', '48')
Data:  24:0A:C4:23:D9:B0 ('MAC', 'B8:63:4D:A2:0E:13') ('Channel', 5) ('RSSI', -43) ('Header', '48')
Data:  24:0A:C4:23:D9:B0 ('MAC', 'B8:63:4D:A2:0E:13') ('Channel', 5) ('RSSI', -42) ('Header', '48')
Data:  24:0A:C4:23:C1:EC ('MAC', 'B8:63:4D:A2:0E:13') ('Channel', 5) ('RSSI', -59) ('Header', '48')
Data:  24:0A:C4:23:D9:B0 ('MAC', 'B8:63:4D:A2:0E:13') ('Channel', 5) ('RSSI', -43) ('Header', '48')
Data:  24:0A:C4:23:C1:EC ('MAC', 'B8:63:4D:A2:0E:13') ('Channel', 5) ('RSSI', -58) ('Header', '48')
Data:  24:0A:C4:23:D9:B0 ('MAC', 'B8:63:4D:A2:0E:13') ('Channel', 5) ('RSSI', -42) ('Header', '48')
Data:  24:0A:C4:23:C1:EC ('MAC', 'B8:63:4D:A2:0E:13') ('Channel', 5) ('RSSI', -57) ('Header', '48')
Data:  24:0A:C4:23:C1:EC ('MAC', 'B8:63:4D:A2:0E:13') ('Channel', 5) ('RSSI', -58) ('Header', '48')
Data:  24:0A:C4:23:D9:B0 ('MAC', 'B8:63:4D:A2:0E:13') ('Channel', 5) ('RSSI', -42) ('Header', '48')
Data:  24:0A:C4:23:C1:EC ('MAC', 'B8:63:4D:A2:0E:13') ('Channel', 5) ('RSSI', -58) ('Header', '48')
Data:  24:0A:C4:23:D9:B0 ('MAC', 'B8:63:4D:A2:0E:13') ('Channel', 5) ('RSSI', -42) ('Header', '48')
Data:  24:0A:C4:23:C1:EC ('MAC', 'B8:63:4D:A2:0E:13') ('Channel', 5) ('RSSI', -57) ('Header', '48')
Data:  24:0A:C4:23:D9:B0 ('MAC', 'B8:63:4D:A2:0E:13') ('Channel', 5) ('RSSI', -42) ('Header', '48')
Data:  24:0A:C4:23:C1:EC ('MAC', 'B8:63:4D:A2:0E:13') ('Channel', 5) ('RSSI', -57) ('Header', '48')
Data:  24:0A:C4:23:D9:B0 ('MAC', 'B8:63:4D:A2:0E:13') ('Channel', 5) ('RSSI', -42) ('Header', '48')
Data:  24:0A:C4:23:C1:EC ('MAC', 'B8:63:4D:A2:0E:13') ('Channel', 5) ('RSSI', -58) ('Header', '48')
Data:  24:0A:C4:23:D9:B0 ('MAC', 'B8:63:4D:A2:0E:13') ('Channel', 5) ('RSSI', -42) ('Header', '48')
Data:  24:0A:C4:23:D9:B0 ('MAC', 'B8:63:4D:A2:0E:13') ('Channel', 5) ('RSSI', -41) ('Header', '48')
Data:  24:0A:C4:23:D9:B0 ('MAC', 'B8:63:4D:A2:0E:13') ('Channel', 5) ('RSSI', -42) ('Header', '48')
Data:  24:0A:C4:23:C1:EC ('MAC', 'B8:63:4D:A2:0E:13') ('Channel', 5) ('RSSI', -58) ('Header', '48')
Data:  24:0A:C4:23:D9:B0 ('MAC', 'B8:63:4D:A2:0E:13') ('Channel', 5) ('RSSI', -42) ('Header', '48')
Data:  24:0A:C4:23:C1:EC ('MAC', 'B8:63:4D:A2:0E:13') ('Channel', 5) ('RSSI', -57) ('Header', '48')
Data:  24:0A:C4:23:D9:B0 ('MAC', 'B8:63:4D:A2:0E:13') ('Channel', 5) ('RSSI', -41) ('Header', '48')
Data:  24:0A:C4:23:C1:EC ('MAC', 'B8:63:4D:A2:0E:13') ('Channel', 5) ('RSSI', -57) ('Header', '48')
Data:  24:0A:C4:23:D9:B0 ('MAC', 'B8:63:4D:A2:0E:13') ('Channel', 5) ('RSSI', -41) ('Header', '48')
Data:  24:0A:C4:23:C1:EC ('MAC', 'B8:63:4D:A2:0E:13') ('Channel', 5) ('RSSI', -58) ('Header', '48')
Data:  24:0A:C4:23:C1:EC ('MAC', 'B8:63:4D:A2:0E:13') ('Channel', 5) ('RSSI', -58) ('Header', '48')
Data:  24:0A:C4:23:C1:EC ('MAC', 'B8:63:4D:A2:0E:13') ('Channel', 5) ('RSSI', -59) ('Header', '48')
Data:  24:0A:C4:23:D9:B0 ('MAC', 'B8:63:4D:A2:0E:13') ('Channel', 5) ('RSSI', -42) ('Header', '48')
Data:  24:0A:C4:23:C1:EC ('MAC', 'B8:63:4D:A2:0E:13') ('Channel', 5) ('RSSI', -58) ('Header', '48')
Data:  24:0A:C4:23:D9:B0 ('MAC', 'B8:63:4D:A2:0E:13') ('Channel', 5) ('RSSI', -41) ('Header', '48')
Data:  24:0A:C4:23:C1:EC ('MAC', 'B8:63:4D:A2:0E:13') ('Channel', 5) ('RSSI', -58) ('Header', '48')
Data:  24:0A:C4:23:D9:B0 ('MAC', 'B8:63:4D:A2:0E:13') ('Channel', 5) ('RSSI', -41) ('Header', '48')
Data:  24:0A:C4:23:C1:EC ('MAC', 'B8:63:4D:A2:0E:13') ('Channel', 5) ('RSSI', -58) ('Header', '48')
Data:  24:0A:C4:23:D9:B0 ('MAC', 'B8:63:4D:A2:0E:13') ('Channel', 5) ('RSSI', -42) ('Header', '48')
Data:  24:0A:C4:23:C1:EC ('MAC', 'B8:63:4D:A2:0E:13') ('Channel', 5) ('RSSI', -58) ('Header', '48')
Data:  24:0A:C4:23:D9:B0 ('MAC', 'B8:63:4D:A2:0E:13') ('Channel', 5) ('RSSI', -41) ('Header', '48')
Data:  24:0A:C4:23:C1:EC ('MAC', 'B8:63:4D:A2:0E:13') ('Channel', 5) ('RSSI', -58) ('Header', '48')
Data:  24:0A:C4:23:D9:B0 ('MAC', 'B8:63:4D:A2:0E:13') ('Channel', 5) ('RSSI', -42) ('Header', '48')
Data:  24:0A:C4:23:C1:EC ('MAC', 'B8:63:4D:A2:0E:13') ('Channel', 5) ('RSSI', -58) ('Header', '48')
Data:  24:0A:C4:23:D9:B0 ('MAC', 'B8:63:4D:A2:0E:13') ('Channel', 5) ('RSSI', -42) ('Header', '48')
Summary:  3C:71:BF:99:F9:E0 681 {}
Summary:  24:0A:C4:23:D9:B0 140 {'B8:63:4D:A2:0E:13': -41.9}
Summary:  24:0A:C4:23:C1:EC 636 {'B8:63:4D:A2:0E:13': -57.8}
Data:  24:0A:C4:23:C1:EC ('MAC', 'B8:63:4D:A2:0E:13') ('Channel', 5) ('RSSI', -58) ('Header', '48')
Data:  24:0A:C4:23:D9:B0 ('MAC', 'B8:63:4D:A2:0E:13') ('Channel', 5) ('RSSI', -41) ('Header', '48')
Data:  24:0A:C4:23:C1:EC ('MAC', 'B8:63:4D:A2:0E:13') ('Channel', 5) ('RSSI', -58) ('Header', '48')
Data:  24:0A:C4:23:D9:B0 ('MAC', 'B8:63:4D:A2:0E:13') ('Channel', 5) ('RSSI', -42) ('Header', '48')
Data:  24:0A:C4:23:C1:EC ('MAC', 'B8:63:4D:A2:0E:13') ('Channel', 5) ('RSSI', -58) ('Header', '48')
Data:  24:0A:C4:23:D9:B0 ('MAC', 'B8:63:4D:A2:0E:13') ('Channel', 5) ('RSSI', -42) ('Header', '48')
Data:  24:0A:C4:23:C1:EC ('MAC', 'B8:63:4D:A2:0E:13') ('Channel', 5) ('RSSI', -58) ('Header', '48')
Data:  24:0A:C4:23:D9:B0 ('MAC', 'B8:63:4D:A2:0E:13') ('Channel', 5) ('RSSI', -41) ('Header', '48')
Data:  24:0A:C4:23:C1:EC ('MAC', 'B8:63:4D:A2:0E:13') ('Channel', 5) ('RSSI', -58) ('Header', '48')
Data:  24:0A:C4:23:D9:B0 ('MAC', 'B8:63:4D:A2:0E:13') ('Channel', 5) ('RSSI', -41) ('Header', '48')
Data:  24:0A:C4:23:C1:EC ('MAC', 'B8:63:4D:A2:0E:13') ('Channel', 5) ('RSSI', -58) ('Header', '48')
Data:  24:0A:C4:23:D9:B0 ('MAC', 'B8:63:4D:A2:0E:13') ('Channel', 5) ('RSSI', -41) ('Header', '48')
Data:  24:0A:C4:23:C1:EC ('MAC', 'B8:63:4D:A2:0E:13') ('Channel', 5) ('RSSI', -57) ('Header', '48')
Data:  24:0A:C4:23:C1:EC ('MAC', 'B8:63:4D:A2:0E:13') ('Channel', 5) ('RSSI', -58) ('Header', '48')
Data:  24:0A:C4:23:D9:B0 ('MAC', 'B8:63:4D:A2:0E:13') ('Channel', 5) ('RSSI', -42) ('Header', '48')
Data:  24:0A:C4:23:C1:EC ('MAC', 'B8:63:4D:A2:0E:13') ('Channel', 5) ('RSSI', -59) ('Header', '48')
Data:  24:0A:C4:23:C1:EC ('MAC', 'B8:63:4D:A2:0E:13') ('Channel', 5) ('RSSI', -57) ('Header', '48')
Data:  24:0A:C4:23:D9:B0 ('MAC', 'B8:63:4D:A2:0E:13') ('Channel', 5) ('RSSI', -42) ('Header', '48')
Data:  24:0A:C4:23:C1:EC ('MAC', 'B8:63:4D:A2:0E:13') ('Channel', 5) ('RSSI', -58) ('Header', '48')
Data:  24:0A:C4:23:D9:B0 ('MAC', 'B8:63:4D:A2:0E:13') ('Channel', 5) ('RSSI', -42) ('Header', '48')
Data:  24:0A:C4:23:C1:EC ('MAC', 'B8:63:4D:A2:0E:13') ('Channel', 5) ('RSSI', -59) ('Header', '48')
Data:  24:0A:C4:23:D9:B0 ('MAC', 'B8:63:4D:A2:0E:13') ('Channel', 5) ('RSSI', -42) ('Header', '48')
Data:  24:0A:C4:23:C1:EC ('MAC', 'B8:63:4D:A2:0E:13') ('Channel', 5) ('RSSI', -59) ('Header', '48')
Data:  24:0A:C4:23:D9:B0 ('MAC', 'B8:63:4D:A2:0E:13') ('Channel', 5) ('RSSI', -42) ('Header', '48')
Data:  24:0A:C4:23:C1:EC ('MAC', 'B8:63:4D:A2:0E:13') ('Channel', 5) ('RSSI', -59) ('Header', '48')
Data:  24:0A:C4:23:D9:B0 ('MAC', 'B8:63:4D:A2:0E:13') ('Channel', 5) ('RSSI', -42) ('Header', '48')
Data:  24:0A:C4:23:C1:EC ('MAC', 'B8:63:4D:A2:0E:13') ('Channel', 5) ('RSSI', -59) ('Header', '48')
Data:  24:0A:C4:23:D9:B0 ('MAC', 'B8:63:4D:A2:0E:13') ('Channel', 5) ('RSSI', -42) ('Header', '48')
Data:  24:0A:C4:23:C1:EC ('MAC', 'B8:63:4D:A2:0E:13') ('Channel', 5) ('RSSI', -59) ('Header', '48')
Data:  24:0A:C4:23:D9:B0 ('MAC', 'B8:63:4D:A2:0E:13') ('Channel', 5) ('RSSI', -42) ('Header', '48')
Data:  24:0A:C4:23:D9:B0 ('MAC', 'B8:63:4D:A2:0E:13') ('Channel', 5) ('RSSI', -42) ('Header', '48')
Data:  24:0A:C4:23:C1:EC ('MAC', 'B8:63:4D:A2:0E:13') ('Channel', 5) ('RSSI', -59) ('Header', '48')
Data:  24:0A:C4:23:D9:B0 ('MAC', 'B8:63:4D:A2:0E:13') ('Channel', 5) ('RSSI', -42) ('Header', '48')
Data:  24:0A:C4:23:C1:EC ('MAC', 'B8:63:4D:A2:0E:13') ('Channel', 5) ('RSSI', -59) ('Header', '48')
Data:  24:0A:C4:23:D9:B0 ('MAC', 'B8:63:4D:A2:0E:13') ('Channel', 5) ('RSSI', -43) ('Header', '48')
Data:  24:0A:C4:23:C1:EC ('MAC', 'B8:63:4D:A2:0E:13') ('Channel', 5) ('RSSI', -60) ('Header', '48')
Data:  24:0A:C4:23:C1:EC ('MAC', 'B8:63:4D:A2:0E:13') ('Channel', 5) ('RSSI', -58) ('Header', '48')
Data:  24:0A:C4:23:D9:B0 ('MAC', 'B8:63:4D:A2:0E:13') ('Channel', 5) ('RSSI', -42) ('Header', '48')
Data:  24:0A:C4:23:C1:EC ('MAC', 'B8:63:4D:A2:0E:13') ('Channel', 5) ('RSSI', -58) ('Header', '48')
Data:  24:0A:C4:23:D9:B0 ('MAC', 'B8:63:4D:A2:0E:13') ('Channel', 5) ('RSSI', -42) ('Header', '48')
Data:  24:0A:C4:23:C1:EC ('MAC', 'B8:63:4D:A2:0E:13') ('Channel', 5) ('RSSI', -58) ('Header', '48')
Data:  24:0A:C4:23:D9:B0 ('MAC', 'B8:63:4D:A2:0E:13') ('Channel', 5) ('RSSI', -42) ('Header', '48')
Data:  24:0A:C4:23:C1:EC ('MAC', 'B8:63:4D:A2:0E:13') ('Channel', 5) ('RSSI', -58) ('Header', '48')
Data:  24:0A:C4:23:D9:B0 ('MAC', 'B8:63:4D:A2:0E:13') ('Channel', 5) ('RSSI', -41) ('Header', '48')
Data:  24:0A:C4:23:C1:EC ('MAC', 'B8:63:4D:A2:0E:13') ('Channel', 5) ('RSSI', -58) ('Header', '48')
Data:  24:0A:C4:23:D9:B0 ('MAC', 'B8:63:4D:A2:0E:13') ('Channel', 5) ('RSSI', -42) ('Header', '48')
Data:  24:0A:C4:23:C1:EC ('MAC', 'B8:63:4D:A2:0E:13') ('Channel', 5) ('RSSI', -58) ('Header', '48')
Data:  24:0A:C4:23:D9:B0 ('MAC', 'B8:63:4D:A2:0E:13') ('Channel', 5) ('RSSI', -42) ('Header', '48')
Data:  24:0A:C4:23:C1:EC ('MAC', 'B8:63:4D:A2:0E:13') ('Channel', 5) ('RSSI', -58) ('Header', '48')
Data:  24:0A:C4:23:D9:B0 ('MAC', 'B8:63:4D:A2:0E:13') ('Channel', 5) ('RSSI', -42) ('Header', '48')
Data:  24:0A:C4:23:C1:EC ('MAC', 'B8:63:4D:A2:0E:13') ('Channel', 5) ('RSSI', -58) ('Header', '48')
Data:  24:0A:C4:23:D9:B0 ('MAC', 'B8:63:4D:A2:0E:13') ('Channel', 5) ('RSSI', -42) ('Header', '48')
Data:  24:0A:C4:23:C1:EC ('MAC', 'B8:63:4D:A2:0E:13') ('Channel', 5) ('RSSI', -59) ('Header', '48')
Data:  24:0A:C4:23:D9:B0 ('MAC', 'B8:63:4D:A2:0E:13') ('Channel', 5) ('RSSI', -42) ('Header', '48')
Data:  24:0A:C4:23:C1:EC ('MAC', 'B8:63:4D:A2:0E:13') ('Channel', 5) ('RSSI', -59) ('Header', '48')
Data:  24:0A:C4:23:C1:EC ('MAC', 'B8:63:4D:A2:0E:13') ('Channel', 5) ('RSSI', -60) ('Header', '48')
Data:  24:0A:C4:23:D9:B0 ('MAC', 'B8:63:4D:A2:0E:13') ('Channel', 5) ('RSSI', -42) ('Header', '48')
Data:  24:0A:C4:23:D9:B0 ('MAC', 'B8:63:4D:A2:0E:13') ('Channel', 5) ('RSSI', -43) ('Header', '48')
Data:  24:0A:C4:23:C1:EC ('MAC', 'B8:63:4D:A2:0E:13') ('Channel', 5) ('RSSI', -59) ('Header', '48')
Data:  24:0A:C4:23:D9:B0 ('MAC', 'B8:63:4D:A2:0E:13') ('Channel', 5) ('RSSI', -42) ('Header', '48')
Data:  24:0A:C4:23:C1:EC ('MAC', 'B8:63:4D:A2:0E:13') ('Channel', 5) ('RSSI', -59) ('Header', '48')
Data:  24:0A:C4:23:D9:B0 ('MAC', 'B8:63:4D:A2:0E:13') ('Channel', 5) ('RSSI', -42) ('Header', '48')
Data:  24:0A:C4:23:C1:EC ('MAC', 'B8:63:4D:A2:0E:13') ('Channel', 5) ('RSSI', -58) ('Header', '48')
Data:  24:0A:C4:23:D9:B0 ('MAC', 'B8:63:4D:A2:0E:13') ('Channel', 5) ('RSSI', -42) ('Header', '48')
Data:  24:0A:C4:23:C1:EC ('MAC', 'B8:63:4D:A2:0E:13') ('Channel', 5) ('RSSI', -58) ('Header', '48')
Data:  24:0A:C4:23:D9:B0 ('MAC', 'B8:63:4D:A2:0E:13') ('Channel', 5) ('RSSI', -41) ('Header', '48')
Data:  24:0A:C4:23:D9:B0 ('MAC', 'B8:63:4D:A2:0E:13') ('Channel', 5) ('RSSI', -42) ('Header', '48')
Data:  24:0A:C4:23:C1:EC ('MAC', 'B8:63:4D:A2:0E:13') ('Channel', 5) ('RSSI', -59) ('Header', '48')
Data:  24:0A:C4:23:D9:B0 ('MAC', 'B8:63:4D:A2:0E:13') ('Channel', 5) ('RSSI', -41) ('Header', '48')
Data:  24:0A:C4:23:C1:EC ('MAC', 'B8:63:4D:A2:0E:13') ('Channel', 5) ('RSSI', -57) ('Header', '48')
Data:  24:0A:C4:23:C1:EC ('MAC', 'B8:63:4D:A2:0E:13') ('Channel', 5) ('RSSI', -58) ('Header', '48')
Data:  24:0A:C4:23:D9:B0 ('MAC', 'B8:63:4D:A2:0E:13') ('Channel', 5) ('RSSI', -42) ('Header', '48')
Data:  24:0A:C4:23:C1:EC ('MAC', 'B8:63:4D:A2:0E:13') ('Channel', 5) ('RSSI', -59) ('Header', '48')
Data:  24:0A:C4:23:D9:B0 ('MAC', 'B8:63:4D:A2:0E:13') ('Channel', 5) ('RSSI', -42) ('Header', '48')
Data:  24:0A:C4:23:C1:EC ('MAC', 'B8:63:4D:A2:0E:13') ('Channel', 5) ('RSSI', -59) ('Header', '48')
Data:  24:0A:C4:23:D9:B0 ('MAC', 'B8:63:4D:A2:0E:13') ('Channel', 5) ('RSSI', -42) ('Header', '48')
Summary:  3C:71:BF:99:F9:E0 681 {}
Summary:  24:0A:C4:23:D9:B0 140 {'B8:63:4D:A2:0E:13': -41.9}
Summary:  24:0A:C4:23:C1:EC 636 {'B8:63:4D:A2:0E:13': -58.4}
Data:  24:0A:C4:23:C1:EC ('MAC', 'B8:63:4D:A2:0E:13') ('Channel', 5) ('RSSI', -59) ('Header', '48')
Data:  24:0A:C4:23:D9:B0 ('MAC', 'B8:63:4D:A2:0E:13') ('Channel', 5) ('RSSI', -42) ('Header', '48')
Data:  24:0A:C4:23:C1:EC ('MAC', 'B8:63:4D:A2:0E:13') ('Channel', 5) ('RSSI', -59) ('Header', '48')
Data:  24:0A:C4:23:D9:B0 ('MAC', 'B8:63:4D:A2:0E:13') ('Channel', 5) ('RSSI', -42) ('Header', '48')
Data:  24:0A:C4:23:C1:EC ('MAC', 'B8:63:4D:A2:0E:13') ('Channel', 5) ('RSSI', -59) ('Header', '48')
Data:  24:0A:C4:23:D9:B0 ('MAC', 'B8:63:4D:A2:0E:13') ('Channel', 5) ('RSSI', -42) ('Header', '48')
Data:  24:0A:C4:23:C1:EC ('MAC', 'B8:63:4D:A2:0E:13') ('Channel', 5) ('RSSI', -59) ('Header', '48')
Data:  24:0A:C4:23:D9:B0 ('MAC', 'B8:63:4D:A2:0E:13') ('Channel', 5) ('RSSI', -42) ('Header', '48')
Data:  24:0A:C4:23:D9:B0 ('MAC', 'B8:63:4D:A2:0E:13') ('Channel', 5) ('RSSI', -43) ('Header', '48')
Data:  24:0A:C4:23:C1:EC ('MAC', 'B8:63:4D:A2:0E:13') ('Channel', 5) ('RSSI', -59) ('Header', '48')
Data:  24:0A:C4:23:D9:B0 ('MAC', 'B8:63:4D:A2:0E:13') ('Channel', 5) ('RSSI', -42) ('Header', '48')
Data:  24:0A:C4:23:C1:EC ('MAC', 'B8:63:4D:A2:0E:13') ('Channel', 5) ('RSSI', -59) ('Header', '48')
Data:  24:0A:C4:23:C1:EC ('MAC', 'B8:63:4D:A2:0E:13') ('Channel', 5) ('RSSI', -59) ('Header', '48')
Data:  24:0A:C4:23:D9:B0 ('MAC', 'B8:63:4D:A2:0E:13') ('Channel', 5) ('RSSI', -42) ('Header', '48')
Data:  24:0A:C4:23:C1:EC ('MAC', 'B8:63:4D:A2:0E:13') ('Channel', 5) ('RSSI', -59) ('Header', '48')
Data:  24:0A:C4:23:D9:B0 ('MAC', 'B8:63:4D:A2:0E:13') ('Channel', 5) ('RSSI', -42) ('Header', '48')
Data:  24:0A:C4:23:C1:EC ('MAC', 'B8:63:4D:A2:0E:13') ('Channel', 5) ('RSSI', -59) ('Header', '48')
Data:  24:0A:C4:23:D9:B0 ('MAC', 'B8:63:4D:A2:0E:13') ('Channel', 5) ('RSSI', -42) ('Header', '48')
Data:  24:0A:C4:23:C1:EC ('MAC', 'B8:63:4D:A2:0E:13') ('Channel', 5) ('RSSI', -58) ('Header', '48')
Data:  24:0A:C4:23:D9:B0 ('MAC', 'B8:63:4D:A2:0E:13') ('Channel', 5) ('RSSI', -42) ('Header', '48')
Data:  24:0A:C4:23:C1:EC ('MAC', 'B8:63:4D:A2:0E:13') ('Channel', 5) ('RSSI', -58) ('Header', '48')
Data:  24:0A:C4:23:D9:B0 ('MAC', 'B8:63:4D:A2:0E:13') ('Channel', 5) ('RSSI', -42) ('Header', '48')
Data:  24:0A:C4:23:C1:EC ('MAC', 'B8:63:4D:A2:0E:13') ('Channel', 5) ('RSSI', -58) ('Header', '48')
Data:  24:0A:C4:23:D9:B0 ('MAC', 'B8:63:4D:A2:0E:13') ('Channel', 5) ('RSSI', -42) ('Header', '48')
Data:  24:0A:C4:23:D9:B0 ('MAC', 'B8:63:4D:A2:0E:13') ('Channel', 5) ('RSSI', -42) ('Header', '48')
Data:  24:0A:C4:23:D9:B0 ('MAC', 'B8:63:4D:A2:0E:13') ('Channel', 5) ('RSSI', -42) ('Header', '48')
Data:  24:0A:C4:23:C1:EC ('MAC', 'B8:63:4D:A2:0E:13') ('Channel', 5) ('RSSI', -59) ('Header', '48')
Data:  24:0A:C4:23:C1:EC ('MAC', 'B8:63:4D:A2:0E:13') ('Channel', 5) ('RSSI', -59) ('Header', '48')
Data:  24:0A:C4:23:C1:EC ('MAC', 'B8:63:4D:A2:0E:13') ('Channel', 5) ('RSSI', -58) ('Header', '48')
Data:  24:0A:C4:23:D9:B0 ('MAC', 'B8:63:4D:A2:0E:13') ('Channel', 5) ('RSSI', -42) ('Header', '48')
Data:  24:0A:C4:23:C1:EC ('MAC', 'B8:63:4D:A2:0E:13') ('Channel', 5) ('RSSI', -58) ('Header', '48')
Data:  24:0A:C4:23:C1:EC ('MAC', 'B8:63:4D:A2:0E:13') ('Channel', 5) ('RSSI', -57) ('Header', '48')
Data:  24:0A:C4:23:C1:EC ('MAC', 'B8:63:4D:A2:0E:13') ('Channel', 5) ('RSSI', -58) ('Header', '48')
Data:  24:0A:C4:23:C1:EC ('MAC', 'B8:63:4D:A2:0E:13') ('Channel', 5) ('RSSI', -58) ('Header', '48')
Data:  24:0A:C4:23:D9:B0 ('MAC', 'B8:63:4D:A2:0E:13') ('Channel', 5) ('RSSI', -41) ('Header', '48')
Data:  24:0A:C4:23:D9:B0 ('MAC', 'B8:63:4D:A2:0E:13') ('Channel', 5) ('RSSI', -41) ('Header', '48')
Data:  24:0A:C4:23:D9:B0 ('MAC', 'B8:63:4D:A2:0E:13') ('Channel', 5) ('RSSI', -42) ('Header', '48')
Data:  24:0A:C4:23:D9:B0 ('MAC', 'B8:63:4D:A2:0E:13') ('Channel', 5) ('RSSI', -42) ('Header', '48')
Data:  24:0A:C4:23:D9:B0 ('MAC', 'B8:63:4D:A2:0E:13') ('Channel', 5) ('RSSI', -42) ('Header', '48')
Data:  24:0A:C4:23:C1:EC ('MAC', 'B8:63:4D:A2:0E:13') ('Channel', 5) ('RSSI', -59) ('Header', '48')
Data:  24:0A:C4:23:D9:B0 ('MAC', 'B8:63:4D:A2:0E:13') ('Channel', 5) ('RSSI', -42) ('Header', '48')
Data:  24:0A:C4:23:C1:EC ('MAC', 'B8:63:4D:A2:0E:13') ('Channel', 5) ('RSSI', -58) ('Header', '48')
Data:  24:0A:C4:23:D9:B0 ('MAC', 'B8:63:4D:A2:0E:13') ('Channel', 5) ('RSSI', -42) ('Header', '48')
Data:  24:0A:C4:23:D9:B0 ('MAC', 'B8:63:4D:A2:0E:13') ('Channel', 5) ('RSSI', -42) ('Header', '48')
Data:  24:0A:C4:23:C1:EC ('MAC', 'B8:63:4D:A2:0E:13') ('Channel', 5) ('RSSI', -59) ('Header', '48')
Data:  24:0A:C4:23:C1:EC ('MAC', 'B8:63:4D:A2:0E:13') ('Channel', 5) ('RSSI', -59) ('Header', '48')
Data:  24:0A:C4:23:D9:B0 ('MAC', 'B8:63:4D:A2:0E:13') ('Channel', 5) ('RSSI', -42) ('Header', '48')
Data:  24:0A:C4:23:C1:EC ('MAC', 'B8:63:4D:A2:0E:13') ('Channel', 5) ('RSSI', -59) ('Header', '48')
Data:  24:0A:C4:23:C1:EC ('MAC', 'B8:63:4D:A2:0E:13') ('Channel', 5) ('RSSI', -59) ('Header', '48')
Data:  24:0A:C4:23:D9:B0 ('MAC', 'B8:63:4D:A2:0E:13') ('Channel', 5) ('RSSI', -42) ('Header', '48')
Data:  24:0A:C4:23:C1:EC ('MAC', 'B8:63:4D:A2:0E:13') ('Channel', 5) ('RSSI', -58) ('Header', '48')
Data:  24:0A:C4:23:C1:EC ('MAC', 'B8:63:4D:A2:0E:13') ('Channel', 5) ('RSSI', -58) ('Header', '48')
Data:  24:0A:C4:23:C1:EC ('MAC', 'B8:63:4D:A2:0E:13') ('Channel', 5) ('RSSI', -60) ('Header', '48')
Data:  24:0A:C4:23:D9:B0 ('MAC', 'B8:63:4D:A2:0E:13') ('Channel', 5) ('RSSI', -42) ('Header', '48')
Data:  24:0A:C4:23:D9:B0 ('MAC', 'B8:63:4D:A2:0E:13') ('Channel', 5) ('RSSI', -42) ('Header', '48')
Data:  24:0A:C4:23:D9:B0 ('MAC', 'B8:63:4D:A2:0E:13') ('Channel', 5) ('RSSI', -42) ('Header', '48')
Data:  24:0A:C4:23:C1:EC ('MAC', 'B8:63:4D:A2:0E:13') ('Channel', 5) ('RSSI', -60) ('Header', '48')
Data:  24:0A:C4:23:D9:B0 ('MAC', 'B8:63:4D:A2:0E:13') ('Channel', 5) ('RSSI', -43) ('Header', '48')
Data:  24:0A:C4:23:C1:EC ('MAC', 'B8:63:4D:A2:0E:13') ('Channel', 5) ('RSSI', -58) ('Header', '48')
Data:  24:0A:C4:23:D9:B0 ('MAC', 'B8:63:4D:A2:0E:13') ('Channel', 5) ('RSSI', -42) ('Header', '48')
Data:  24:0A:C4:23:D9:B0 ('MAC', 'B8:63:4D:A2:0E:13') ('Channel', 5) ('RSSI', -42) ('Header', '48')
Data:  24:0A:C4:23:D9:B0 ('MAC', 'B8:63:4D:A2:0E:13') ('Channel', 5) ('RSSI', -42) ('Header', '48')
Data:  24:0A:C4:23:D9:B0 ('MAC', 'B8:63:4D:A2:0E:13') ('Channel', 5) ('RSSI', -42) ('Header', '48')
Data:  24:0A:C4:23:D9:B0 ('MAC', 'B8:63:4D:A2:0E:13') ('Channel', 5) ('RSSI', -42) ('Header', '48')
Data:  24:0A:C4:23:D9:B0 ('MAC', 'B8:63:4D:A2:0E:13') ('Channel', 5) ('RSSI', -42) ('Header', '48')
Data:  24:0A:C4:23:C1:EC ('MAC', 'B8:63:4D:A2:0E:13') ('Channel', 5) ('RSSI', -58) ('Header', '48')
Data:  24:0A:C4:23:C1:EC ('MAC', 'B8:63:4D:A2:0E:13') ('Channel', 5) ('RSSI', -59) ('Header', '48')
Data:  24:0A:C4:23:C1:EC ('MAC', 'B8:63:4D:A2:0E:13') ('Channel', 5) ('RSSI', -58) ('Header', '48')
Data:  24:0A:C4:23:C1:EC ('MAC', 'B8:63:4D:A2:0E:13') ('Channel', 5) ('RSSI', -59) ('Header', '48')
Data:  24:0A:C4:23:C1:EC ('MAC', 'B8:63:4D:A2:0E:13') ('Channel', 5) ('RSSI', -59) ('Header', '48')
Data:  24:0A:C4:23:C1:EC ('MAC', 'B8:63:4D:A2:0E:13') ('Channel', 5) ('RSSI', -58) ('Header', '48')
Data:  24:0A:C4:23:D9:B0 ('MAC', 'B8:63:4D:A2:0E:13') ('Channel', 5) ('RSSI', -42) ('Header', '48')
Data:  24:0A:C4:23:C1:EC ('MAC', 'B8:63:4D:A2:0E:13') ('Channel', 5) ('RSSI', -58) ('Header', '48')
Data:  24:0A:C4:23:D9:B0 ('MAC', 'B8:63:4D:A2:0E:13') ('Channel', 5) ('RSSI', -42) ('Header', '48')
Data:  24:0A:C4:23:C1:EC ('MAC', 'B8:63:4D:A2:0E:13') ('Channel', 5) ('RSSI', -58) ('Header', '48')
Data:  24:0A:C4:23:D9:B0 ('MAC', 'B8:63:4D:A2:0E:13') ('Channel', 5) ('RSSI', -42) ('Header', '48')
Data:  24:0A:C4:23:C1:EC ('MAC', 'B8:63:4D:A2:0E:13') ('Channel', 5) ('RSSI', -58) ('Header', '48')
Data:  24:0A:C4:23:D9:B0 ('MAC', 'B8:63:4D:A2:0E:13') ('Channel', 5) ('RSSI', -42) ('Header', '48')
Data:  24:0A:C4:23:C1:EC ('MAC', 'B8:63:4D:A2:0E:13') ('Channel', 5) ('RSSI', -58) ('Header', '48')
Data:  24:0A:C4:23:D9:B0 ('MAC', 'B8:63:4D:A2:0E:13') ('Channel', 5) ('RSSI', -42) ('Header', '48')
Summary:  3C:71:BF:99:F9:E0 681 {}
Summary:  24:0A:C4:23:D9:B0 140 {'B8:63:4D:A2:0E:13': -42.0}
Summary:  24:0A:C4:23:C1:EC 636 {'B8:63:4D:A2:0E:13': -58.6}
Data:  24:0A:C4:23:C1:EC ('MAC', 'B8:63:4D:A2:0E:13') ('Channel', 5) ('RSSI', -58) ('Header', '48')
Data:  24:0A:C4:23:D9:B0 ('MAC', 'B8:63:4D:A2:0E:13') ('Channel', 5) ('RSSI', -42) ('Header', '48')
Data:  24:0A:C4:23:D9:B0 ('MAC', 'B8:63:4D:A2:0E:13') ('Channel', 5) ('RSSI', -42) ('Header', '48')
Data:  24:0A:C4:23:C1:EC ('MAC', 'B8:63:4D:A2:0E:13') ('Channel', 5) ('RSSI', -60) ('Header', '48')
Data:  24:0A:C4:23:C1:EC ('MAC', 'B8:63:4D:A2:0E:13') ('Channel', 5) ('RSSI', -59) ('Header', '48')
Data:  24:0A:C4:23:D9:B0 ('MAC', 'B8:63:4D:A2:0E:13') ('Channel', 5) ('RSSI', -42) ('Header', '48')
Data:  24:0A:C4:23:C1:EC ('MAC', 'B8:63:4D:A2:0E:13') ('Channel', 5) ('RSSI', -57) ('Header', '48')
Data:  24:0A:C4:23:D9:B0 ('MAC', 'B8:63:4D:A2:0E:13') ('Channel', 5) ('RSSI', -42) ('Header', '48')
Data:  24:0A:C4:23:C1:EC ('MAC', 'B8:63:4D:A2:0E:13') ('Channel', 5) ('RSSI', -58) ('Header', '48')
Data:  24:0A:C4:23:D9:B0 ('MAC', 'B8:63:4D:A2:0E:13') ('Channel', 5) ('RSSI', -42) ('Header', '48')
Data:  24:0A:C4:23:C1:EC ('MAC', 'B8:63:4D:A2:0E:13') ('Channel', 5) ('RSSI', -59) ('Header', '48')
Data:  24:0A:C4:23:D9:B0 ('MAC', 'B8:63:4D:A2:0E:13') ('Channel', 5) ('RSSI', -42) ('Header', '48')
Data:  24:0A:C4:23:C1:EC ('MAC', 'B8:63:4D:A2:0E:13') ('Channel', 5) ('RSSI', -58) ('Header', '48')
Data:  24:0A:C4:23:D9:B0 ('MAC', 'B8:63:4D:A2:0E:13') ('Channel', 5) ('RSSI', -42) ('Header', '48')
Data:  24:0A:C4:23:C1:EC ('MAC', 'B8:63:4D:A2:0E:13') ('Channel', 5) ('RSSI', -58) ('Header', '48')
Data:  24:0A:C4:23:D9:B0 ('MAC', 'B8:63:4D:A2:0E:13') ('Channel', 5) ('RSSI', -42) ('Header', '48')
Data:  24:0A:C4:23:D9:B0 ('MAC', 'B8:63:4D:A2:0E:13') ('Channel', 5) ('RSSI', -41) ('Header', '48')
Data:  24:0A:C4:23:C1:EC ('MAC', 'B8:63:4D:A2:0E:13') ('Channel', 5) ('RSSI', -58) ('Header', '48')
Data:  24:0A:C4:23:C1:EC ('MAC', 'B8:63:4D:A2:0E:13') ('Channel', 5) ('RSSI', -58) ('Header', '48')
Data:  24:0A:C4:23:D9:B0 ('MAC', 'B8:63:4D:A2:0E:13') ('Channel', 5) ('RSSI', -42) ('Header', '48')
Data:  24:0A:C4:23:C1:EC ('MAC', 'B8:63:4D:A2:0E:13') ('Channel', 5) ('RSSI', -59) ('Header', '48')
Data:  24:0A:C4:23:D9:B0 ('MAC', 'B8:63:4D:A2:0E:13') ('Channel', 5) ('RSSI', -42) ('Header', '48')
Data:  24:0A:C4:23:D9:B0 ('MAC', 'B8:63:4D:A2:0E:13') ('Channel', 5) ('RSSI', -42) ('Header', '48')
Data:  24:0A:C4:23:C1:EC ('MAC', 'B8:63:4D:A2:0E:13') ('Channel', 5) ('RSSI', -59) ('Header', '48')
Data:  24:0A:C4:23:C1:EC ('MAC', 'B8:63:4D:A2:0E:13') ('Channel', 5) ('RSSI', -59) ('Header', '48')
Data:  24:0A:C4:23:D9:B0 ('MAC', 'B8:63:4D:A2:0E:13') ('Channel', 5) ('RSSI', -42) ('Header', '48')
Data:  24:0A:C4:23:C1:EC ('MAC', 'B8:63:4D:A2:0E:13') ('Channel', 5) ('RSSI', -58) ('Header', '48')
Data:  24:0A:C4:23:D9:B0 ('MAC', 'B8:63:4D:A2:0E:13') ('Channel', 5) ('RSSI', -42) ('Header', '48')
Data:  24:0A:C4:23:C1:EC ('MAC', 'B8:63:4D:A2:0E:13') ('Channel', 5) ('RSSI', -58) ('Header', '48')
Data:  24:0A:C4:23:D9:B0 ('MAC', 'B8:63:4D:A2:0E:13') ('Channel', 5) ('RSSI', -42) ('Header', '48')
Data:  24:0A:C4:23:C1:EC ('MAC', 'B8:63:4D:A2:0E:13') ('Channel', 5) ('RSSI', -58) ('Header', '48')
Data:  24:0A:C4:23:D9:B0 ('MAC', 'B8:63:4D:A2:0E:13') ('Channel', 5) ('RSSI', -42) ('Header', '48')
Data:  24:0A:C4:23:C1:EC ('MAC', 'B8:63:4D:A2:0E:13') ('Channel', 5) ('RSSI', -58) ('Header', '48')
Data:  24:0A:C4:23:D9:B0 ('MAC', 'B8:63:4D:A2:0E:13') ('Channel', 5) ('RSSI', -42) ('Header', '48')
Data:  24:0A:C4:23:C1:EC ('MAC', 'B8:63:4D:A2:0E:13') ('Channel', 5) ('RSSI', -59) ('Header', '48')
Data:  24:0A:C4:23:D9:B0 ('MAC', 'B8:63:4D:A2:0E:13') ('Channel', 5) ('RSSI', -42) ('Header', '48')
Data:  24:0A:C4:23:C1:EC ('MAC', 'B8:63:4D:A2:0E:13') ('Channel', 5) ('RSSI', -59) ('Header', '48')
Data:  24:0A:C4:23:D9:B0 ('MAC', 'B8:63:4D:A2:0E:13') ('Channel', 5) ('RSSI', -42) ('Header', '48')
Data:  24:0A:C4:23:C1:EC ('MAC', 'B8:63:4D:A2:0E:13') ('Channel', 5) ('RSSI', -59) ('Header', '48')
Data:  24:0A:C4:23:D9:B0 ('MAC', 'B8:63:4D:A2:0E:13') ('Channel', 5) ('RSSI', -42) ('Header', '48')
Data:  24:0A:C4:23:C1:EC ('MAC', 'B8:63:4D:A2:0E:13') ('Channel', 5) ('RSSI', -59) ('Header', '48')
Data:  24:0A:C4:23:D9:B0 ('MAC', 'B8:63:4D:A2:0E:13') ('Channel', 5) ('RSSI', -42) ('Header', '48')
Data:  24:0A:C4:23:C1:EC ('MAC', 'B8:63:4D:A2:0E:13') ('Channel', 5) ('RSSI', -59) ('Header', '48')
Data:  24:0A:C4:23:D9:B0 ('MAC', 'B8:63:4D:A2:0E:13') ('Channel', 5) ('RSSI', -42) ('Header', '48')
Data:  24:0A:C4:23:C1:EC ('MAC', 'B8:63:4D:A2:0E:13') ('Channel', 5) ('RSSI', -59) ('Header', '48')
Data:  24:0A:C4:23:D9:B0 ('MAC', 'B8:63:4D:A2:0E:13') ('Channel', 5) ('RSSI', -42) ('Header', '48')
Data:  24:0A:C4:23:C1:EC ('MAC', 'B8:63:4D:A2:0E:13') ('Channel', 5) ('RSSI', -59) ('Header', '48')
Data:  24:0A:C4:23:D9:B0 ('MAC', 'B8:63:4D:A2:0E:13') ('Channel', 5) ('RSSI', -42) ('Header', '48')
Data:  24:0A:C4:23:C1:EC ('MAC', 'B8:63:4D:A2:0E:13') ('Channel', 5) ('RSSI', -59) ('Header', '48')
Data:  24:0A:C4:23:D9:B0 ('MAC', 'B8:63:4D:A2:0E:13') ('Channel', 5) ('RSSI', -42) ('Header', '48')
Data:  24:0A:C4:23:C1:EC ('MAC', 'B8:63:4D:A2:0E:13') ('Channel', 5) ('RSSI', -59) ('Header', '48')
Data:  24:0A:C4:23:D9:B0 ('MAC', 'B8:63:4D:A2:0E:13') ('Channel', 5) ('RSSI', -42) ('Header', '48')
Data:  24:0A:C4:23:D9:B0 ('MAC', 'B8:63:4D:A2:0E:13') ('Channel', 5) ('RSSI', -42) ('Header', '48')
Data:  24:0A:C4:23:C1:EC ('MAC', 'B8:63:4D:A2:0E:13') ('Channel', 5) ('RSSI', -58) ('Header', '48')
Data:  24:0A:C4:23:D9:B0 ('MAC', 'B8:63:4D:A2:0E:13') ('Channel', 5) ('RSSI', -42) ('Header', '48')
Data:  24:0A:C4:23:C1:EC ('MAC', 'B8:63:4D:A2:0E:13') ('Channel', 5) ('RSSI', -58) ('Header', '48')
Data:  24:0A:C4:23:C1:EC ('MAC', 'B8:63:4D:A2:0E:13') ('Channel', 5) ('RSSI', -59) ('Header', '48')
Data:  24:0A:C4:23:D9:B0 ('MAC', 'B8:63:4D:A2:0E:13') ('Channel', 5) ('RSSI', -42) ('Header', '48')
Data:  24:0A:C4:23:C1:EC ('MAC', 'B8:63:4D:A2:0E:13') ('Channel', 5) ('RSSI', -58) ('Header', '48')
Data:  24:0A:C4:23:D9:B0 ('MAC', 'B8:63:4D:A2:0E:13') ('Channel', 5) ('RSSI', -42) ('Header', '48')
Data:  24:0A:C4:23:C1:EC ('MAC', 'B8:63:4D:A2:0E:13') ('Channel', 5) ('RSSI', -58) ('Header', '48')
Data:  24:0A:C4:23:D9:B0 ('MAC', 'B8:63:4D:A2:0E:13') ('Channel', 5) ('RSSI', -42) ('Header', '48')
Data:  24:0A:C4:23:C1:EC ('MAC', 'B8:63:4D:A2:0E:13') ('Channel', 5) ('RSSI', -59) ('Header', '48')
Data:  24:0A:C4:23:D9:B0 ('MAC', 'B8:63:4D:A2:0E:13') ('Channel', 5) ('RSSI', -43) ('Header', '48')
Data:  24:0A:C4:23:C1:EC ('MAC', 'B8:63:4D:A2:0E:13') ('Channel', 5) ('RSSI', -58) ('Header', '48')
Data:  24:0A:C4:23:D9:B0 ('MAC', 'B8:63:4D:A2:0E:13') ('Channel', 5) ('RSSI', -42) ('Header', '48')
Data:  24:0A:C4:23:C1:EC ('MAC', 'B8:63:4D:A2:0E:13') ('Channel', 5) ('RSSI', -59) ('Header', '48')
Data:  24:0A:C4:23:D9:B0 ('MAC', 'B8:63:4D:A2:0E:13') ('Channel', 5) ('RSSI', -43) ('Header', '48')
Data:  24:0A:C4:23:C1:EC ('MAC', 'B8:63:4D:A2:0E:13') ('Channel', 5) ('RSSI', -58) ('Header', '48')
Data:  24:0A:C4:23:D9:B0 ('MAC', 'B8:63:4D:A2:0E:13') ('Channel', 5) ('RSSI', -42) ('Header', '48')
Data:  24:0A:C4:23:C1:EC ('MAC', 'B8:63:4D:A2:0E:13') ('Channel', 5) ('RSSI', -59) ('Header', '48')
Data:  24:0A:C4:23:D9:B0 ('MAC', 'B8:63:4D:A2:0E:13') ('Channel', 5) ('RSSI', -41) ('Header', '48')
Data:  24:0A:C4:23:C1:EC ('MAC', 'B8:63:4D:A2:0E:13') ('Channel', 5) ('RSSI', -59) ('Header', '48')
Data:  24:0A:C4:23:D9:B0 ('MAC', 'B8:63:4D:A2:0E:13') ('Channel', 5) ('RSSI', -42) ('Header', '48')
Data:  24:0A:C4:23:C1:EC ('MAC', 'B8:63:4D:A2:0E:13') ('Channel', 5) ('RSSI', -58) ('Header', '48')
Data:  24:0A:C4:23:D9:B0 ('MAC', 'B8:63:4D:A2:0E:13') ('Channel', 5) ('RSSI', -42) ('Header', '48')
Data:  24:0A:C4:23:C1:EC ('MAC', 'B8:63:4D:A2:0E:13') ('Channel', 5) ('RSSI', -58) ('Header', '48')
Data:  24:0A:C4:23:D9:B0 ('MAC', 'B8:63:4D:A2:0E:13') ('Channel', 5) ('RSSI', -42) ('Header', '48')
Data:  24:0A:C4:23:D9:B0 ('MAC', 'B8:63:4D:A2:0E:13') ('Channel', 5) ('RSSI', -42) ('Header', '48')
Data:  24:0A:C4:23:C1:EC ('MAC', 'B8:63:4D:A2:0E:13') ('Channel', 5) ('RSSI', -58) ('Header', '48')
Data:  24:0A:C4:23:C1:EC ('MAC', 'B8:63:4D:A2:0E:13') ('Channel', 5) ('RSSI', -60) ('Header', '48')
Data:  24:0A:C4:23:D9:B0 ('MAC', 'B8:63:4D:A2:0E:13') ('Channel', 5) ('RSSI', -43) ('Header', '48')
Data:  24:0A:C4:23:D9:B0 ('MAC', 'B8:63:4D:A2:0E:13') ('Channel', 5) ('RSSI', -42) ('Header', '48')
Data:  24:0A:C4:23:D9:B0 ('MAC', 'B8:63:4D:A2:0E:13') ('Channel', 5) ('RSSI', -42) ('Header', '48')
Data:  24:0A:C4:23:C1:EC ('MAC', 'B8:63:4D:A2:0E:13') ('Channel', 5) ('RSSI', -58) ('Header', '48')
Data:  24:0A:C4:23:C1:EC ('MAC', 'B8:63:4D:A2:0E:13') ('Channel', 5) ('RSSI', -59) ('Header', '48')
Data:  24:0A:C4:23:D9:B0 ('MAC', 'B8:63:4D:A2:0E:13') ('Channel', 5) ('RSSI', -43) ('Header', '48')
Summary:  3C:71:BF:99:F9:E0 681 {}
Summary:  24:0A:C4:23:D9:B0 140 {'B8:63:4D:A2:0E:13': -42.0}
Summary:  24:0A:C4:23:C1:EC 636 {'B8:63:4D:A2:0E:13': -58.5}
Data:  24:0A:C4:23:C1:EC ('MAC', 'B8:63:4D:A2:0E:13') ('Channel', 5) ('RSSI', -59) ('Header', '48')
Data:  24:0A:C4:23:D9:B0 ('MAC', 'B8:63:4D:A2:0E:13') ('Channel', 5) ('RSSI', -42) ('Header', '48')
Data:  24:0A:C4:23:D9:B0 ('MAC', 'B8:63:4D:A2:0E:13') ('Channel', 5) ('RSSI', -42) ('Header', '48')
Data:  24:0A:C4:23:C1:EC ('MAC', 'B8:63:4D:A2:0E:13') ('Channel', 5) ('RSSI', -58) ('Header', '48')
Data:  24:0A:C4:23:C1:EC ('MAC', 'B8:63:4D:A2:0E:13') ('Channel', 5) ('RSSI', -59) ('Header', '40')
Data:  24:0A:C4:23:D9:B0 ('MAC', 'B8:63:4D:A2:0E:13') ('Channel', 5) ('RSSI', -41) ('Header', '40')
Data:  24:0A:C4:23:D9:B0 ('MAC', 'B8:63:4D:A2:0E:13') ('Channel', 5) ('RSSI', -42) ('Header', '48')
Data:  24:0A:C4:23:C1:EC ('MAC', 'B8:63:4D:A2:0E:13') ('Channel', 5) ('RSSI', -59) ('Header', '48')
Data:  24:0A:C4:23:D9:B0 ('MAC', 'B8:63:4D:A2:0E:13') ('Channel', 5) ('RSSI', -41) ('Header', '40')
Data:  24:0A:C4:23:C1:EC ('MAC', 'B8:63:4D:A2:0E:13') ('Channel', 5) ('RSSI', -59) ('Header', '40')
Data:  24:0A:C4:23:D9:B0 ('MAC', 'B8:63:4D:A2:0E:13') ('Channel', 5) ('RSSI', -42) ('Header', '40')
Data:  24:0A:C4:23:C1:EC ('MAC', 'B8:63:4D:A2:0E:13') ('Channel', 5) ('RSSI', -63) ('Header', '40')
Data:  24:0A:C4:23:D9:B0 ('MAC', 'B8:63:4D:A2:0E:13') ('Channel', 5) ('RSSI', -42) ('Header', '40')
Data:  24:0A:C4:23:C1:EC ('MAC', 'B8:63:4D:A2:0E:13') ('Channel', 5) ('RSSI', -61) ('Header', '40')
Data:  24:0A:C4:23:D9:B0 ('MAC', 'B8:63:4D:A2:0E:13') ('Channel', 5) ('RSSI', -41) ('Header', '48')
Data:  24:0A:C4:23:C1:EC ('MAC', 'B8:63:4D:A2:0E:13') ('Channel', 5) ('RSSI', -58) ('Header', '48')
Data:  24:0A:C4:23:D9:B0 ('MAC', 'B8:63:4D:A2:0E:13') ('Channel', 5) ('RSSI', -41) ('Header', '40')
Data:  24:0A:C4:23:C1:EC ('MAC', 'B8:63:4D:A2:0E:13') ('Channel', 5) ('RSSI', -58) ('Header', '40')
Data:  24:0A:C4:23:D9:B0 ('MAC', 'B8:63:4D:A2:0E:13') ('Channel', 5) ('RSSI', -40) ('Header', '40')
Data:  24:0A:C4:23:C1:EC ('MAC', 'B8:63:4D:A2:0E:13') ('Channel', 5) ('RSSI', -53) ('Header', '40')
Data:  24:0A:C4:23:D9:B0 ('MAC', 'B8:63:4D:A2:0E:13') ('Channel', 5) ('RSSI', -35) ('Header', '40')
Data:  24:0A:C4:23:C1:EC ('MAC', 'B8:63:4D:A2:0E:13') ('Channel', 5) ('RSSI', -64) ('Header', '40')
Data:  24:0A:C4:23:C1:EC ('MAC', 'B8:63:4D:A2:0E:13') ('Channel', 5) ('RSSI', -60) ('Header', '48')
Data:  24:0A:C4:23:D9:B0 ('MAC', 'B8:63:4D:A2:0E:13') ('Channel', 5) ('RSSI', -42) ('Header', '48')
Data:  24:0A:C4:23:C1:EC ('MAC', 'B8:63:4D:A2:0E:13') ('Channel', 5) ('RSSI', -60) ('Header', '48')
Data:  24:0A:C4:23:D9:B0 ('MAC', 'B8:63:4D:A2:0E:13') ('Channel', 5) ('RSSI', -42) ('Header', '48')
Data:  24:0A:C4:23:D9:B0 ('MAC', 'B8:63:4D:A2:0E:13') ('Channel', 5) ('RSSI', -42) ('Header', '48')
Data:  24:0A:C4:23:D9:B0 ('MAC', 'B8:63:4D:A2:0E:13') ('Channel', 5) ('RSSI', -43) ('Header', '48')
Data:  24:0A:C4:23:C1:EC ('MAC', 'B8:63:4D:A2:0E:13') ('Channel', 5) ('RSSI', -60) ('Header', '48')
Data:  24:0A:C4:23:C1:EC ('MAC', 'B8:63:4D:A2:0E:13') ('Channel', 5) ('RSSI', -58) ('Header', '48')
Data:  24:0A:C4:23:D9:B0 ('MAC', 'B8:63:4D:A2:0E:13') ('Channel', 5) ('RSSI', -42) ('Header', '48')
Data:  24:0A:C4:23:D9:B0 ('MAC', 'B8:63:4D:A2:0E:13') ('Channel', 5) ('RSSI', -42) ('Header', '48')
Data:  24:0A:C4:23:C1:EC ('MAC', 'B8:63:4D:A2:0E:13') ('Channel', 5) ('RSSI', -58) ('Header', '48')
Data:  24:0A:C4:23:D9:B0 ('MAC', 'B8:63:4D:A2:0E:13') ('Channel', 5) ('RSSI', -42) ('Header', '48')
Data:  24:0A:C4:23:C1:EC ('MAC', 'B8:63:4D:A2:0E:13') ('Channel', 5) ('RSSI', -58) ('Header', '48')
Data:  24:0A:C4:23:D9:B0 ('MAC', 'B8:63:4D:A2:0E:13') ('Channel', 5) ('RSSI', -41) ('Header', '48')
Data:  24:0A:C4:23:C1:EC ('MAC', 'B8:63:4D:A2:0E:13') ('Channel', 5) ('RSSI', -58) ('Header', '48')
Data:  24:0A:C4:23:D9:B0 ('MAC', 'B8:63:4D:A2:0E:13') ('Channel', 5) ('RSSI', -42) ('Header', '48')
Data:  24:0A:C4:23:C1:EC ('MAC', 'B8:63:4D:A2:0E:13') ('Channel', 5) ('RSSI', -59) ('Header', '48')
Data:  24:0A:C4:23:C1:EC ('MAC', 'B8:63:4D:A2:0E:13') ('Channel', 5) ('RSSI', -59) ('Header', '48')
Data:  24:0A:C4:23:D9:B0 ('MAC', 'B8:63:4D:A2:0E:13') ('Channel', 5) ('RSSI', -42) ('Header', '48')
Data:  24:0A:C4:23:C1:EC ('MAC', 'B8:63:4D:A2:0E:13') ('Channel', 5) ('RSSI', -58) ('Header', '48')
Data:  24:0A:C4:23:D9:B0 ('MAC', 'B8:63:4D:A2:0E:13') ('Channel', 5) ('RSSI', -42) ('Header', '48')
Data:  24:0A:C4:23:D9:B0 ('MAC', 'B8:63:4D:A2:0E:13') ('Channel', 5) ('RSSI', -42) ('Header', '48')
Data:  24:0A:C4:23:C1:EC ('MAC', 'B8:63:4D:A2:0E:13') ('Channel', 5) ('RSSI', -58) ('Header', '48')
Data:  24:0A:C4:23:C1:EC ('MAC', 'B8:63:4D:A2:0E:13') ('Channel', 5) ('RSSI', -58) ('Header', '48')
Data:  24:0A:C4:23:D9:B0 ('MAC', 'B8:63:4D:A2:0E:13') ('Channel', 5) ('RSSI', -42) ('Header', '48')
Data:  24:0A:C4:23:C1:EC ('MAC', 'B8:63:4D:A2:0E:13') ('Channel', 5) ('RSSI', -58) ('Header', '48')
Data:  24:0A:C4:23:D9:B0 ('MAC', 'B8:63:4D:A2:0E:13') ('Channel', 5) ('RSSI', -41) ('Header', '48')
Data:  24:0A:C4:23:C1:EC ('MAC', 'B8:63:4D:A2:0E:13') ('Channel', 5) ('RSSI', -57) ('Header', '48')
Data:  24:0A:C4:23:D9:B0 ('MAC', 'B8:63:4D:A2:0E:13') ('Channel', 5) ('RSSI', -41) ('Header', '48')
Data:  24:0A:C4:23:C1:EC ('MAC', 'B8:63:4D:A2:0E:13') ('Channel', 5) ('RSSI', -58) ('Header', '48')
Data:  24:0A:C4:23:D9:B0 ('MAC', 'B8:63:4D:A2:0E:13') ('Channel', 5) ('RSSI', -41) ('Header', '48')
Data:  24:0A:C4:23:D9:B0 ('MAC', 'B8:63:4D:A2:0E:13') ('Channel', 5) ('RSSI', -42) ('Header', '48')
Data:  24:0A:C4:23:C1:EC ('MAC', 'B8:63:4D:A2:0E:13') ('Channel', 5) ('RSSI', -59) ('Header', '48')
Data:  24:0A:C4:23:C1:EC ('MAC', 'B8:63:4D:A2:0E:13') ('Channel', 5) ('RSSI', -58) ('Header', '48')
Data:  24:0A:C4:23:D9:B0 ('MAC', 'B8:63:4D:A2:0E:13') ('Channel', 5) ('RSSI', -41) ('Header', '48')
Data:  24:0A:C4:23:D9:B0 ('MAC', 'B8:63:4D:A2:0E:13') ('Channel', 5) ('RSSI', -42) ('Header', '48')
Data:  24:0A:C4:23:C1:EC ('MAC', 'B8:63:4D:A2:0E:13') ('Channel', 5) ('RSSI', -60) ('Header', '48')
Data:  24:0A:C4:23:D9:B0 ('MAC', 'B8:63:4D:A2:0E:13') ('Channel', 5) ('RSSI', -42) ('Header', '48')
Data:  24:0A:C4:23:C1:EC ('MAC', 'B8:63:4D:A2:0E:13') ('Channel', 5) ('RSSI', -60) ('Header', '48')
Data:  24:0A:C4:23:D9:B0 ('MAC', 'B8:63:4D:A2:0E:13') ('Channel', 5) ('RSSI', -42) ('Header', '48')
Data:  24:0A:C4:23:C1:EC ('MAC', 'B8:63:4D:A2:0E:13') ('Channel', 5) ('RSSI', -59) ('Header', '48')
Data:  24:0A:C4:23:D9:B0 ('MAC', 'B8:63:4D:A2:0E:13') ('Channel', 5) ('RSSI', -42) ('Header', '48')
Data:  24:0A:C4:23:C1:EC ('MAC', 'B8:63:4D:A2:0E:13') ('Channel', 5) ('RSSI', -58) ('Header', '48')
Data:  24:0A:C4:23:C1:EC ('MAC', 'B8:63:4D:A2:0E:13') ('Channel', 5) ('RSSI', -58) ('Header', '48')
Data:  24:0A:C4:23:D9:B0 ('MAC', 'B8:63:4D:A2:0E:13') ('Channel', 5) ('RSSI', -42) ('Header', '48')
Data:  24:0A:C4:23:D9:B0 ('MAC', 'B8:63:4D:A2:0E:13') ('Channel', 5) ('RSSI', -42) ('Header', '48')
Data:  24:0A:C4:23:C1:EC ('MAC', 'B8:63:4D:A2:0E:13') ('Channel', 5) ('RSSI', -58) ('Header', '48')
Data:  24:0A:C4:23:C1:EC ('MAC', 'B8:63:4D:A2:0E:13') ('Channel', 5) ('RSSI', -58) ('Header', '48')
Data:  24:0A:C4:23:D9:B0 ('MAC', 'B8:63:4D:A2:0E:13') ('Channel', 5) ('RSSI', -42) ('Header', '48')
Data:  24:0A:C4:23:C1:EC ('MAC', 'B8:63:4D:A2:0E:13') ('Channel', 5) ('RSSI', -59) ('Header', '48')
Data:  24:0A:C4:23:D9:B0 ('MAC', 'B8:63:4D:A2:0E:13') ('Channel', 5) ('RSSI', -42) ('Header', '48')
Data:  24:0A:C4:23:D9:B0 ('MAC', 'B8:63:4D:A2:0E:13') ('Channel', 5) ('RSSI', -41) ('Header', '48')
Data:  24:0A:C4:23:D9:B0 ('MAC', 'B8:63:4D:A2:0E:13') ('Channel', 5) ('RSSI', -41) ('Header', '48')
Data:  24:0A:C4:23:C1:EC ('MAC', 'B8:63:4D:A2:0E:13') ('Channel', 5) ('RSSI', -59) ('Header', '48')
Data:  24:0A:C4:23:C1:EC ('MAC', 'B8:63:4D:A2:0E:13') ('Channel', 5) ('RSSI', -58) ('Header', '48')
Data:  24:0A:C4:23:C1:EC ('MAC', 'B8:63:4D:A2:0E:13') ('Channel', 5) ('RSSI', -59) ('Header', '48')
Data:  24:0A:C4:23:D9:B0 ('MAC', 'B8:63:4D:A2:0E:13') ('Channel', 5) ('RSSI', -42) ('Header', '48')
Data:  24:0A:C4:23:C1:EC ('MAC', 'B8:63:4D:A2:0E:13') ('Channel', 5) ('RSSI', -59) ('Header', '48')
Data:  24:0A:C4:23:D9:B0 ('MAC', 'B8:63:4D:A2:0E:13') ('Channel', 5) ('RSSI', -42) ('Header', '48')
Data:  24:0A:C4:23:D9:B0 ('MAC', 'B8:63:4D:A2:0E:13') ('Channel', 5) ('RSSI', -42) ('Header', '48')
Data:  24:0A:C4:23:C1:EC ('MAC', 'B8:63:4D:A2:0E:13') ('Channel', 5) ('RSSI', -59) ('Header', '48')
Data:  24:0A:C4:23:C1:EC ('MAC', 'B8:63:4D:A2:0E:13') ('Channel', 5) ('RSSI', -58) ('Header', '48')
Data:  24:0A:C4:23:D9:B0 ('MAC', 'B8:63:4D:A2:0E:13') ('Channel', 5) ('RSSI', -42) ('Header', '48')
Data:  24:0A:C4:23:C1:EC ('MAC', 'B8:63:4D:A2:0E:13') ('Channel', 5) ('RSSI', -59) ('Header', '48')
Data:  24:0A:C4:23:D9:B0 ('MAC', 'B8:63:4D:A2:0E:13') ('Channel', 5) ('RSSI', -42) ('Header', '48')
Data:  24:0A:C4:23:C1:EC ('MAC', 'B8:63:4D:A2:0E:13') ('Channel', 5) ('RSSI', -59) ('Header', '48')
Data:  24:0A:C4:23:D9:B0 ('MAC', 'B8:63:4D:A2:0E:13') ('Channel', 5) ('RSSI', -42) ('Header', '48')
Data:  24:0A:C4:23:C1:EC ('MAC', 'B8:63:4D:A2:0E:13') ('Channel', 5) ('RSSI', -59) ('Header', '48')
Data:  24:0A:C4:23:D9:B0 ('MAC', 'B8:63:4D:A2:0E:13') ('Channel', 5) ('RSSI', -42) ('Header', '48')
Data:  24:0A:C4:23:D9:B0 ('MAC', 'B8:63:4D:A2:0E:13') ('Channel', 5) ('RSSI', -43) ('Header', '48')
Data:  24:0A:C4:23:C1:EC ('MAC', 'B8:63:4D:A2:0E:13') ('Channel', 5) ('RSSI', -60) ('Header', '48')
Data:  24:0A:C4:23:C1:EC ('MAC', 'B8:63:4D:A2:0E:13') ('Channel', 5) ('RSSI', -59) ('Header', '48')
Data:  24:0A:C4:23:D9:B0 ('MAC', 'B8:63:4D:A2:0E:13') ('Channel', 5) ('RSSI', -42) ('Header', '48')
Data:  24:0A:C4:23:C1:EC ('MAC', 'B8:63:4D:A2:0E:13') ('Channel', 5) ('RSSI', -58) ('Header', '48')
Data:  24:0A:C4:23:D9:B0 ('MAC', 'B8:63:4D:A2:0E:13') ('Channel', 5) ('RSSI', -42) ('Header', '48')
Data:  24:0A:C4:23:D9:B0 ('MAC', 'B8:63:4D:A2:0E:13') ('Channel', 5) ('RSSI', -42) ('Header', '48')
Data:  24:0A:C4:23:C1:EC ('MAC', 'B8:63:4D:A2:0E:13') ('Channel', 5) ('RSSI', -58) ('Header', '48')
Data:  24:0A:C4:23:C1:EC ('MAC', 'B8:63:4D:A2:0E:13') ('Channel', 5) ('RSSI', -60) ('Header', '48')
Data:  24:0A:C4:23:D9:B0 ('MAC', 'B8:63:4D:A2:0E:13') ('Channel', 5) ('RSSI', -43) ('Header', '48')
Data:  24:0A:C4:23:D9:B0 ('MAC', 'B8:63:4D:A2:0E:13') ('Channel', 5) ('RSSI', -42) ('Header', '48')
Summary:  3C:71:BF:99:F9:E0 681 {}
Summary:  24:0A:C4:23:D9:B0 140 {'B8:63:4D:A2:0E:13': -41.7}
Summary:  24:0A:C4:23:C1:EC 636 {'B8:63:4D:A2:0E:13': -58.8}
Data:  24:0A:C4:23:C1:EC ('MAC', 'B8:63:4D:A2:0E:13') ('Channel', 5) ('RSSI', -59) ('Header', '48')
Data:  24:0A:C4:23:C1:EC ('MAC', 'B8:63:4D:A2:0E:13') ('Channel', 5) ('RSSI', -58) ('Header', '48')
Data:  24:0A:C4:23:C1:EC ('MAC', 'B8:63:4D:A2:0E:13') ('Channel', 5) ('RSSI', -59) ('Header', '48')
Data:  24:0A:C4:23:D9:B0 ('MAC', 'B8:63:4D:A2:0E:13') ('Channel', 5) ('RSSI', -42) ('Header', '48')
Data:  24:0A:C4:23:C1:EC ('MAC', 'B8:63:4D:A2:0E:13') ('Channel', 5) ('RSSI', -60) ('Header', '48')
Data:  24:0A:C4:23:D9:B0 ('MAC', 'B8:63:4D:A2:0E:13') ('Channel', 5) ('RSSI', -43) ('Header', '48')
Data:  24:0A:C4:23:D9:B0 ('MAC', 'B8:63:4D:A2:0E:13') ('Channel', 5) ('RSSI', -42) ('Header', '48')
Data:  24:0A:C4:23:D9:B0 ('MAC', 'B8:63:4D:A2:0E:13') ('Channel', 5) ('RSSI', -42) ('Header', '48')
Data:  24:0A:C4:23:C1:EC ('MAC', 'B8:63:4D:A2:0E:13') ('Channel', 5) ('RSSI', -60) ('Header', '48')
Data:  24:0A:C4:23:D9:B0 ('MAC', 'B8:63:4D:A2:0E:13') ('Channel', 5) ('RSSI', -42) ('Header', '48')
Data:  24:0A:C4:23:C1:EC ('MAC', 'B8:63:4D:A2:0E:13') ('Channel', 5) ('RSSI', -59) ('Header', '48')
Data:  24:0A:C4:23:D9:B0 ('MAC', 'B8:63:4D:A2:0E:13') ('Channel', 5) ('RSSI', -42) ('Header', '48')
Data:  24:0A:C4:23:C1:EC ('MAC', 'B8:63:4D:A2:0E:13') ('Channel', 5) ('RSSI', -58) ('Header', '48')
Data:  24:0A:C4:23:C1:EC ('MAC', 'B8:63:4D:A2:0E:13') ('Channel', 5) ('RSSI', -58) ('Header', '48')
Data:  24:0A:C4:23:C1:EC ('MAC', 'B8:63:4D:A2:0E:13') ('Channel', 5) ('RSSI', -58) ('Header', '48')
Data:  24:0A:C4:23:C1:EC ('MAC', 'B8:63:4D:A2:0E:13') ('Channel', 5) ('RSSI', -59) ('Header', '48')
Data:  24:0A:C4:23:D9:B0 ('MAC', 'B8:63:4D:A2:0E:13') ('Channel', 5) ('RSSI', -42) ('Header', '48')
Data:  24:0A:C4:23:C1:EC ('MAC', 'B8:63:4D:A2:0E:13') ('Channel', 5) ('RSSI', -58) ('Header', '48')
Data:  24:0A:C4:23:C1:EC ('MAC', 'B8:63:4D:A2:0E:13') ('Channel', 5) ('RSSI', -59) ('Header', '48')
Data:  24:0A:C4:23:C1:EC ('MAC', 'B8:63:4D:A2:0E:13') ('Channel', 5) ('RSSI', -59) ('Header', '48')
Data:  24:0A:C4:23:D9:B0 ('MAC', 'B8:63:4D:A2:0E:13') ('Channel', 5) ('RSSI', -42) ('Header', '48')
Data:  24:0A:C4:23:D9:B0 ('MAC', 'B8:63:4D:A2:0E:13') ('Channel', 5) ('RSSI', -42) ('Header', '48')
Data:  24:0A:C4:23:D9:B0 ('MAC', 'B8:63:4D:A2:0E:13') ('Channel', 5) ('RSSI', -42) ('Header', '48')
Data:  24:0A:C4:23:D9:B0 ('MAC', 'B8:63:4D:A2:0E:13') ('Channel', 5) ('RSSI', -42) ('Header', '48')
Data:  24:0A:C4:23:D9:B0 ('MAC', 'B8:63:4D:A2:0E:13') ('Channel', 5) ('RSSI', -42) ('Header', '48')
Data:  24:0A:C4:23:C1:EC ('MAC', 'B8:63:4D:A2:0E:13') ('Channel', 5) ('RSSI', -59) ('Header', '48')
Data:  24:0A:C4:23:D9:B0 ('MAC', 'B8:63:4D:A2:0E:13') ('Channel', 5) ('RSSI', -42) ('Header', '48')
Data:  24:0A:C4:23:C1:EC ('MAC', 'B8:63:4D:A2:0E:13') ('Channel', 5) ('RSSI', -60) ('Header', '48')
Data:  24:0A:C4:23:C1:EC ('MAC', 'B8:63:4D:A2:0E:13') ('Channel', 5) ('RSSI', -59) ('Header', '48')
Data:  24:0A:C4:23:D9:B0 ('MAC', 'B8:63:4D:A2:0E:13') ('Channel', 5) ('RSSI', -42) ('Header', '48')
Data:  24:0A:C4:23:C1:EC ('MAC', 'B8:63:4D:A2:0E:13') ('Channel', 5) ('RSSI', -58) ('Header', '48')
Data:  24:0A:C4:23:D9:B0 ('MAC', 'B8:63:4D:A2:0E:13') ('Channel', 5) ('RSSI', -42) ('Header', '48')
Data:  24:0A:C4:23:C1:EC ('MAC', 'B8:63:4D:A2:0E:13') ('Channel', 5) ('RSSI', -58) ('Header', '48')
Data:  24:0A:C4:23:D9:B0 ('MAC', 'B8:63:4D:A2:0E:13') ('Channel', 5) ('RSSI', -42) ('Header', '48')
Data:  24:0A:C4:23:C1:EC ('MAC', 'B8:63:4D:A2:0E:13') ('Channel', 5) ('RSSI', -58) ('Header', '48')
Data:  24:0A:C4:23:D9:B0 ('MAC', 'B8:63:4D:A2:0E:13') ('Channel', 5) ('RSSI', -42) ('Header', '48')
Data:  24:0A:C4:23:C1:EC ('MAC', 'B8:63:4D:A2:0E:13') ('Channel', 5) ('RSSI', -58) ('Header', '48')
Data:  24:0A:C4:23:C1:EC ('MAC', 'B8:63:4D:A2:0E:13') ('Channel', 5) ('RSSI', -58) ('Header', '48')
Data:  24:0A:C4:23:D9:B0 ('MAC', 'B8:63:4D:A2:0E:13') ('Channel', 5) ('RSSI', -42) ('Header', '48')
Data:  24:0A:C4:23:C1:EC ('MAC', 'B8:63:4D:A2:0E:13') ('Channel', 5) ('RSSI', -60) ('Header', '48')
Data:  24:0A:C4:23:D9:B0 ('MAC', 'B8:63:4D:A2:0E:13') ('Channel', 5) ('RSSI', -43) ('Header', '48')
Data:  24:0A:C4:23:C1:EC ('MAC', 'B8:63:4D:A2:0E:13') ('Channel', 5) ('RSSI', -59) ('Header', '48')
Data:  24:0A:C4:23:D9:B0 ('MAC', 'B8:63:4D:A2:0E:13') ('Channel', 5) ('RSSI', -42) ('Header', '48')
Data:  24:0A:C4:23:C1:EC ('MAC', 'B8:63:4D:A2:0E:13') ('Channel', 5) ('RSSI', -59) ('Header', '48')
Data:  24:0A:C4:23:D9:B0 ('MAC', 'B8:63:4D:A2:0E:13') ('Channel', 5) ('RSSI', -42) ('Header', '48')
Data:  24:0A:C4:23:D9:B0 ('MAC', 'B8:63:4D:A2:0E:13') ('Channel', 5) ('RSSI', -42) ('Header', '48')
Data:  24:0A:C4:23:C1:EC ('MAC', 'B8:63:4D:A2:0E:13') ('Channel', 5) ('RSSI', -60) ('Header', '48')
Data:  24:0A:C4:23:C1:EC ('MAC', 'B8:63:4D:A2:0E:13') ('Channel', 5) ('RSSI', -58) ('Header', '48')
Data:  24:0A:C4:23:D9:B0 ('MAC', 'B8:63:4D:A2:0E:13') ('Channel', 5) ('RSSI', -42) ('Header', '48')
Data:  24:0A:C4:23:C1:EC ('MAC', 'B8:63:4D:A2:0E:13') ('Channel', 5) ('RSSI', -58) ('Header', '48')
Data:  24:0A:C4:23:D9:B0 ('MAC', 'B8:63:4D:A2:0E:13') ('Channel', 5) ('RSSI', -41) ('Header', '48')
Data:  24:0A:C4:23:C1:EC ('MAC', 'B8:63:4D:A2:0E:13') ('Channel', 5) ('RSSI', -59) ('Header', '48')
Data:  24:0A:C4:23:D9:B0 ('MAC', 'B8:63:4D:A2:0E:13') ('Channel', 5) ('RSSI', -42) ('Header', '48')
Data:  24:0A:C4:23:C1:EC ('MAC', 'B8:63:4D:A2:0E:13') ('Channel', 5) ('RSSI', -59) ('Header', '48')
Data:  24:0A:C4:23:D9:B0 ('MAC', 'B8:63:4D:A2:0E:13') ('Channel', 5) ('RSSI', -42) ('Header', '48')
Data:  24:0A:C4:23:C1:EC ('MAC', 'B8:63:4D:A2:0E:13') ('Channel', 5) ('RSSI', -58) ('Header', '48')
Data:  24:0A:C4:23:D9:B0 ('MAC', 'B8:63:4D:A2:0E:13') ('Channel', 5) ('RSSI', -42) ('Header', '48')
Data:  24:0A:C4:23:D9:B0 ('MAC', 'B8:63:4D:A2:0E:13') ('Channel', 5) ('RSSI', -42) ('Header', '48')
Data:  24:0A:C4:23:C1:EC ('MAC', 'B8:63:4D:A2:0E:13') ('Channel', 5) ('RSSI', -58) ('Header', '48')
Data:  24:0A:C4:23:C1:EC ('MAC', 'B8:63:4D:A2:0E:13') ('Channel', 5) ('RSSI', -59) ('Header', '48')
Data:  24:0A:C4:23:D9:B0 ('MAC', 'B8:63:4D:A2:0E:13') ('Channel', 5) ('RSSI', -42) ('Header', '48')
Data:  24:0A:C4:23:C1:EC ('MAC', 'B8:63:4D:A2:0E:13') ('Channel', 5) ('RSSI', -60) ('Header', '48')
Data:  24:0A:C4:23:D9:B0 ('MAC', 'B8:63:4D:A2:0E:13') ('Channel', 5) ('RSSI', -43) ('Header', '48')
Data:  24:0A:C4:23:D9:B0 ('MAC', 'B8:63:4D:A2:0E:13') ('Channel', 5) ('RSSI', -42) ('Header', '48')
Data:  24:0A:C4:23:C1:EC ('MAC', 'B8:63:4D:A2:0E:13') ('Channel', 5) ('RSSI', -59) ('Header', '48')
Data:  24:0A:C4:23:D9:B0 ('MAC', 'B8:63:4D:A2:0E:13') ('Channel', 5) ('RSSI', -42) ('Header', '48')
Data:  24:0A:C4:23:C1:EC ('MAC', 'B8:63:4D:A2:0E:13') ('Channel', 5) ('RSSI', -59) ('Header', '48')
Data:  24:0A:C4:23:D9:B0 ('MAC', 'B8:63:4D:A2:0E:13') ('Channel', 5) ('RSSI', -42) ('Header', '48')
Data:  24:0A:C4:23:C1:EC ('MAC', 'B8:63:4D:A2:0E:13') ('Channel', 5) ('RSSI', -59) ('Header', '48')
Data:  24:0A:C4:23:D9:B0 ('MAC', 'B8:63:4D:A2:0E:13') ('Channel', 5) ('RSSI', -43) ('Header', '48')
Data:  24:0A:C4:23:C1:EC ('MAC', 'B8:63:4D:A2:0E:13') ('Channel', 5) ('RSSI', -59) ('Header', '48')
Data:  24:0A:C4:23:C1:EC ('MAC', 'B8:63:4D:A2:0E:13') ('Channel', 5) ('RSSI', -59) ('Header', '48')
Data:  24:0A:C4:23:D9:B0 ('MAC', 'B8:63:4D:A2:0E:13') ('Channel', 5) ('RSSI', -42) ('Header', '48')
Data:  24:0A:C4:23:C1:EC ('MAC', 'B8:63:4D:A2:0E:13') ('Channel', 5) ('RSSI', -57) ('Header', '48')
Summary:  3C:71:BF:99:F9:E0 681 {}
Summary:  24:0A:C4:23:D9:B0 140 {'B8:63:4D:A2:0E:13': -42.1}
Summary:  24:0A:C4:23:C1:EC 636 {'B8:63:4D:A2:0E:13': -58.7}
Data:  24:0A:C4:23:D9:B0 ('MAC', 'B8:63:4D:A2:0E:13') ('Channel', 5) ('RSSI', -42) ('Header', '48')
Data:  24:0A:C4:23:C1:EC ('MAC', 'B8:63:4D:A2:0E:13') ('Channel', 5) ('RSSI', -57) ('Header', '48')
Data:  24:0A:C4:23:D9:B0 ('MAC', 'B8:63:4D:A2:0E:13')