Data:  24:0A:C4:23:C1:EC ('RSSI', -53) ('Header', '48') ('Channel', 4) ('MAC', 'B8:63:4D:A2:0E:13')
Data:  24:0A:C4:23:D9:B0 ('RSSI', -58) ('Header', '48') ('Channel', 4) ('MAC', 'B8:63:4D:A2:0E:13')
Data:  3C:71:BF:99:F9:E0 ('RSSI', -50) ('Header', '48') ('Channel', 4) ('MAC', 'B8:63:4D:A2:0E:13')
Data:  3C:71:BF:99:F9:E0 ('RSSI', -50) ('Header', '48') ('Channel', 4) ('MAC', 'B8:63:4D:A2:0E:13')
Data:  24:0A:C4:23:C1:EC ('RSSI', -53) ('Header', '48') ('Channel', 4) ('MAC', 'B8:63:4D:A2:0E:13')
Data:  24:0A:C4:23:D9:B0 ('RSSI', -58) ('Header', '48') ('Channel', 4) ('MAC', 'B8:63:4D:A2:0E:13')
Data:  24:0A:C4:23:C1:EC ('RSSI', -53) ('Header', '48') ('Channel', 4) ('MAC', 'B8:63:4D:A2:0E:13')
Data:  3C:71:BF:99:F9:E0 ('RSSI', -50) ('Header', '48') ('Channel', 4) ('MAC', 'B8:63:4D:A2:0E:13')
Data:  24:0A:C4:23:D9:B0 ('RSSI', -59) ('Header', '48') ('Channel', 4) ('MAC', 'B8:63:4D:A2:0E:13')
Data:  3C:71:BF:99:F9:E0 ('RSSI', -50) ('Header', '48') ('Channel', 4) ('MAC', 'B8:63:4D:A2:0E:13')
Data:  24:0A:C4:23:D9:B0 ('RSSI', -59) ('Header', '48') ('Channel', 4) ('MAC', 'B8:63:4D:A2:0E:13')
Data:  24:0A:C4:23:C1:EC ('RSSI', -52) ('Header', '48') ('Channel', 4) ('MAC', 'B8:63:4D:A2:0E:13')
Data:  3C:71:BF:99:F9:E0 ('RSSI', -50) ('Header', '48') ('Channel', 4) ('MAC', 'B8:63:4D:A2:0E:13')
Data:  24:0A:C4:23:C1:EC ('RSSI', -53) ('Header', '48') ('Channel', 4) ('MAC', 'B8:63:4D:A2:0E:13')
Data:  24:0A:C4:23:D9:B0 ('RSSI', -59) ('Header', '48') ('Channel', 4) ('MAC', 'B8:63:4D:A2:0E:13')
Data:  24:0A:C4:23:D9:B0 ('RSSI', -60) ('Header', '48') ('Channel', 4) ('MAC', 'B8:63:4D:A2:0E:13')
Data:  24:0A:C4:23:C1:EC ('RSSI', -53) ('Header', '48') ('Channel', 4) ('MAC', 'B8:63:4D:A2:0E:13')
Data:  3C:71:BF:99:F9:E0 ('RSSI', -50) ('Header', '48') ('Channel', 4) ('MAC', 'B8:63:4D:A2:0E:13')
Data:  3C:71:BF:99:F9:E0 ('RSSI', -50) ('Header', '48') ('Channel', 4) ('MAC', 'B8:63:4D:A2:0E:13')
Data:  24:0A:C4:23:D9:B0 ('RSSI', -58) ('Header', '48') ('Channel', 4) ('MAC', 'B8:63:4D:A2:0E:13')
Data:  24:0A:C4:23:C1:EC ('RSSI', -52) ('Header', '48') ('Channel', 4) ('MAC', 'B8:63:4D:A2:0E:13')
Data:  24:0A:C4:23:C1:EC ('RSSI', -53) ('Header', '48') ('Channel', 4) ('MAC', 'B8:63:4D:A2:0E:13')
Data:  24:0A:C4:23:D9:B0 ('RSSI', -58) ('Header', '48') ('Channel', 4) ('MAC', 'B8:63:4D:A2:0E:13')
Data:  3C:71:BF:99:F9:E0 ('RSSI', -50) ('Header', '48') ('Channel', 4) ('MAC', 'B8:63:4D:A2:0E:13')
Data:  3C:71:BF:99:F9:E0 ('RSSI', -50) ('Header', '48') ('Channel', 4) ('MAC', 'B8:63:4D:A2:0E:13')
Data:  24:0A:C4:23:D9:B0 ('RSSI', -58) ('Header', '48') ('Channel', 4) ('MAC', 'B8:63:4D:A2:0E:13')
Data:  24:0A:C4:23:C1:EC ('RSSI', -53) ('Header', '48') ('Channel', 4) ('MAC', 'B8:63:4D:A2:0E:13')
Data:  24:0A:C4:23:D9:B0 ('RSSI', -58) ('Header', '48') ('Channel', 4) ('MAC', 'B8:63:4D:A2:0E:13')
Data:  3C:71:BF:99:F9:E0 ('RSSI', -51) ('Header', '48') ('Channel', 4) ('MAC', 'B8:63:4D:A2:0E:13')
Data:  24:0A:C4:23:C1:EC ('RSSI', -52) ('Header', '48') ('Channel', 4) ('MAC', 'B8:63:4D:A2:0E:13')
Data:  24:0A:C4:23:D9:B0 ('RSSI', -58) ('Header', '48') ('Channel', 4) ('MAC', 'B8:63:4D:A2:0E:13')
Data:  3C:71:BF:99:F9:E0 ('RSSI', -50) ('Header', '48') ('Channel', 4) ('MAC', 'B8:63:4D:A2:0E:13')
Data:  24:0A:C4:23:C1:EC ('RSSI', -52) ('Header', '48') ('Channel', 4) ('MAC', 'B8:63:4D:A2:0E:13')
Data:  3C:71:BF:99:F9:E0 ('RSSI', -49) ('Header', '48') ('Channel', 4) ('MAC', 'B8:63:4D:A2:0E:13')
Data:  3C:71:BF:99:F9:E0 ('RSSI', -49) ('Header', '48') ('Channel', 4) ('MAC', 'B8:63:4D:A2:0E:13')
Data:  24:0A:C4:23:C1:EC ('RSSI', -51) ('Header', '48') ('Channel', 4) ('MAC', 'B8:63:4D:A2:0E:13')
Data:  24:0A:C4:23:D9:B0 ('RSSI', -58) ('Header', '48') ('Channel', 4) ('MAC', 'B8:63:4D:A2:0E:13')
Data:  24:0A:C4:23:C1:EC ('RSSI', -51) ('Header', '48') ('Channel', 4) ('MAC', 'B8:63:4D:A2:0E:13')
Data:  24:0A:C4:23:D9:B0 ('RSSI', -58) ('Header', '48') ('Channel', 4) ('MAC', 'B8:63:4D:A2:0E:13')
Data:  3C:71:BF:99:F9:E0 ('RSSI', -50) ('Header', '48') ('Channel', 4) ('MAC', 'B8:63:4D:A2:0E:13')
Data:  3C:71:BF:99:F9:E0 ('RSSI', -50) ('Header', '48') ('Channel', 4) ('MAC', 'B8:63:4D:A2:0E:13')
Data:  3C:71:BF:99:F9:E0 ('RSSI', -50) ('Header', '48') ('Channel', 4) ('MAC', 'B8:63:4D:A2:0E:13')
Data:  24:0A:C4:23:C1:EC ('RSSI', -53) ('Header', '48') ('Channel', 4) ('MAC', 'B8:63:4D:A2:0E:13')
Data:  24:0A:C4:23:D9:B0 ('RSSI', -58) ('Header', '48') ('Channel', 4) ('MAC', 'B8:63:4D:A2:0E:13')
Data:  24:0A:C4:23:C1:EC ('RSSI', -53) ('Header', '48') ('Channel', 4) ('MAC', 'B8:63:4D:A2:0E:13')
Data:  24:0A:C4:23:D9:B0 ('RSSI', -59) ('Header', '48') ('Channel', 4) ('MAC', 'B8:63:4D:A2:0E:13')
Data:  24:0A:C4:23:C1:EC ('RSSI', -53) ('Header', '48') ('Channel', 4) ('MAC', 'B8:63:4D:A2:0E:13')
Data:  24:0A:C4:23:D9:B0 ('RSSI', -58) ('Header', '48') ('Channel', 4) ('MAC', 'B8:63:4D:A2:0E:13')
Data:  24:0A:C4:23:D9:B0 ('RSSI', -58) ('Header', '48') ('Channel', 4) ('MAC', 'B8:63:4D:A2:0E:13')
Data:  3C:71:BF:99:F9:E0 ('RSSI', -49) ('Header', '48') ('Channel', 4) ('MAC', 'B8:63:4D:A2:0E:13')
Data:  24:0A:C4:23:C1:EC ('RSSI', -52) ('Header', '48') ('Channel', 4) ('MAC', 'B8:63:4D:A2:0E:13')
Data:  24:0A:C4:23:D9:B0 ('RSSI', -58) ('Header', '48') ('Channel', 4) ('MAC', 'B8:63:4D:A2:0E:13')
Data:  3C:71:BF:99:F9:E0 ('RSSI', -50) ('Header', '48') ('Channel', 4) ('MAC', 'B8:63:4D:A2:0E:13')
Data:  24:0A:C4:23:C1:EC ('RSSI', -52) ('Header', '48') ('Channel', 4) ('MAC', 'B8:63:4D:A2:0E:13')
Data:  24:0A:C4:23:D9:B0 ('RSSI', -58) ('Header', '48') ('Channel', 4) ('MAC', 'B8:63:4D:A2:0E:13')
Data:  3C:71:BF:99:F9:E0 ('RSSI', -49) ('Header', '48') ('Channel', 4) ('MAC', 'B8:63:4D:A2:0E:13')
Data:  24:0A:C4:23:C1:EC ('RSSI', -52) ('Header', '48') ('Channel', 4) ('MAC', 'B8:63:4D:A2:0E:13')
Data:  3C:71:BF:99:F9:E0 ('RSSI', -50) ('Header', '48') ('Channel', 4) ('MAC', 'B8:63:4D:A2:0E:13')
Data:  24:0A:C4:23:D9:B0 ('RSSI', -58) ('Header', '48') ('Channel', 4) ('MAC', 'B8:63:4D:A2:0E:13')
Data:  24:0A:C4:23:C1:EC ('RSSI', -53) ('Header', '48') ('Channel', 4) ('MAC', 'B8:63:4D:A2:0E:13')
Data:  24:0A:C4:23:C1:EC ('RSSI', -52) ('Header', '48') ('Channel', 4) ('MAC', 'B8:63:4D:A2:0E:13')
Data:  24:0A:C4:23:D9:B0 ('RSSI', -60) ('Header', '48') ('Channel', 4) ('MAC', 'B8:63:4D:A2:0E:13')
Data:  3C:71:BF:99:F9:E0 ('RSSI', -50) ('Header', '48') ('Channel', 4) ('MAC', 'B8:63:4D:A2:0E:13')
Data:  3C:71:BF:99:F9:E0 ('RSSI', -50) ('Header', '48') ('Channel', 4) ('MAC', 'B8:63:4D:A2:0E:13')
Data:  24:0A:C4:23:C1:EC ('RSSI', -52) ('Header', '48') ('Channel', 4) ('MAC', 'B8:63:4D:A2:0E:13')
Data:  24:0A:C4:23:D9:B0 ('RSSI', -58) ('Header', '48') ('Channel', 4) ('MAC', 'B8:63:4D:A2:0E:13')
Data:  24:0A:C4:23:D9:B0 ('RSSI', -58) ('Header', '48') ('Channel', 4) ('MAC', 'B8:63:4D:A2:0E:13')
Data:  3C:71:BF:99:F9:E0 ('RSSI', -50) ('Header', '48') ('Channel', 4) ('MAC', 'B8:63:4D:A2:0E:13')
Data:  24:0A:C4:23:C1:EC ('RSSI', -52) ('Header', '48') ('Channel', 4) ('MAC', 'B8:63:4D:A2:0E:13')
Data:  24:0A:C4:23:D9:B0 ('RSSI', -60) ('Header', '48') ('Channel', 4) ('MAC', 'B8:63:4D:A2:0E:13')
Data:  24:0A:C4:23:C1:EC ('RSSI', -53) ('Header', '48') ('Channel', 4) ('MAC', 'B8:63:4D:A2:0E:13')
Data:  3C:71:BF:99:F9:E0 ('RSSI', -50) ('Header', '48') ('Channel', 4) ('MAC', 'B8:63:4D:A2:0E:13')
Data:  24:0A:C4:23:D9:B0 ('RSSI', -59) ('Header', '48') ('Channel', 4) ('MAC', 'B8:63:4D:A2:0E:13')
Data:  3C:71:BF:99:F9:E0 ('RSSI', -50) ('Header', '48') ('Channel', 4) ('MAC', 'B8:63:4D:A2:0E:13')
Data:  24:0A:C4:23:C1:EC ('RSSI', -53) ('Header', '48') ('Channel', 4) ('MAC', 'B8:63:4D:A2:0E:13')
Data:  24:0A:C4:23:C1:EC ('RSSI', -53) ('Header', '48') ('Channel', 4) ('MAC', 'B8:63:4D:A2:0E:13')
Data:  24:0A:C4:23:D9:B0 ('RSSI', -59) ('Header', '48') ('Channel', 4) ('MAC', 'B8:63:4D:A2:0E:13')
Data:  3C:71:BF:99:F9:E0 ('RSSI', -50) ('Header', '48') ('Channel', 4) ('MAC', 'B8:63:4D:A2:0E:13')
Data:  24:0A:C4:23:D9:B0 ('RSSI', -59) ('Header', '48') ('Channel', 4) ('MAC', 'B8:63:4D:A2:0E:13')
Data:  24:0A:C4:23:C1:EC ('RSSI', -53) ('Header', '48') ('Channel', 4) ('MAC', 'B8:63:4D:A2:0E:13')
Data:  3C:71:BF:99:F9:E0 ('RSSI', -50) ('Header', '48') ('Channel', 4) ('MAC', 'B8:63:4D:A2:0E:13')
Data:  24:0A:C4:23:C1:EC ('RSSI', -53) ('Header', '48') ('Channel', 4) ('MAC', 'B8:63:4D:A2:0E:13')
Data:  3C:71:BF:99:F9:E0 ('RSSI', -50) ('Header', '48') ('Channel', 4) ('MAC', 'B8:63:4D:A2:0E:13')
Data:  24:0A:C4:23:D9:B0 ('RSSI', -59) ('Header', '48') ('Channel', 4) ('MAC', 'B8:63:4D:A2:0E:13')
Data:  3C:71:BF:99:F9:E0 ('RSSI', -50) ('Header', '48') ('Channel', 4) ('MAC', 'B8:63:4D:A2:0E:13')
Data:  24:0A:C4:23:C1:EC ('RSSI', -53) ('Header', '48') ('Channel', 4) ('MAC', 'B8:63:4D:A2:0E:13')
Data:  3C:71:BF:99:F9:E0 ('RSSI', -50) ('Header', '48') ('Channel', 4) ('MAC', 'B8:63:4D:A2:0E:13')
Data:  24:0A:C4:23:C1:EC ('RSSI', -53) ('Header', '48') ('Channel', 4) ('MAC', 'B8:63:4D:A2:0E:13')
Data:  24:0A:C4:23:D9:B0 ('RSSI', -58) ('Header', '48') ('Channel', 4) ('MAC', 'B8:63:4D:A2:0E:13')
Data:  24:0A:C4:23:D9:B0 ('RSSI', -58) ('Header', '48') ('Channel', 4) ('MAC', 'B8:63:4D:A2:0E:13')
Data:  3C:71:BF:99:F9:E0 ('RSSI', -50) ('Header', '48') ('Channel', 4) ('MAC', 'B8:63:4D:A2:0E:13')
Data:  24:0A:C4:23:C1:EC ('RSSI', -53) ('Header', '48') ('Channel', 4) ('MAC', 'B8:63:4D:A2:0E:13')
Data:  24:0A:C4:23:D9:B0 ('RSSI', -59) ('Header', '48') ('Channel', 4) ('MAC', 'B8:63:4D:A2:0E:13')
Summary:  3C:71:BF:99:F9:E0 113 {'B8:63:4D:A2:0E:13': -49.9}
Summary:  24:0A:C4:23:D9:B0 693 {'B8:63:4D:A2:0E:13': -58.5}
Summary:  24:0A:C4:23:C1:EC 903 {'B8:63:4D:A2:0E:13': -52.5}
Data:  24:0A:C4:23:D9:B0 ('RSSI', -59) ('Header', '48') ('Channel', 4) ('MAC', 'B8:63:4D:A2:0E:13')
Data:  3C:71:BF:99:F9:E0 ('RSSI', -52) ('Header', '48') ('Channel', 4) ('MAC', 'B8:63:4D:A2:0E:13')
Data:  24:0A:C4:23:C1:EC ('RSSI', -52) ('Header', '48') ('Channel', 4) ('MAC', 'B8:63:4D:A2:0E:13')
Data:  3C:71:BF:99:F9:E0 ('RSSI', -50) ('Header', '48') ('Channel', 4) ('MAC', 'B8:63:4D:A2:0E:13')
Data:  24:0A:C4:23:C1:EC ('RSSI', -53) ('Header', '48') ('Channel', 4) ('MAC', 'B8:63:4D:A2:0E:13')
Data:  24:0A:C4:23:D9:B0 ('RSSI', -59) ('Header', '48') ('Channel', 4) ('MAC', 'B8:63:4D:A2:0E:13')
Data:  24:0A:C4:23:D9:B0 ('RSSI', -59) ('Header', '48') ('Channel', 4) ('MAC', 'B8:63:4D:A2:0E:13')
Data:  3C:71:BF:99:F9:E0 ('RSSI', -52) ('Header', '48') ('Channel', 4) ('MAC', 'B8:63:4D:A2:0E:13')
Data:  24:0A:C4:23:C1:EC ('RSSI', -52) ('Header', '48') ('Channel', 4) ('MAC', 'B8:63:4D:A2:0E:13')
Data:  3C:71:BF:99:F9:E0 ('RSSI', -50) ('Header', '48') ('Channel', 4) ('MAC', 'B8:63:4D:A2:0E:13')
Data:  24:0A:C4:23:C1:EC ('RSSI', -53) ('Header', '48') ('Channel', 4) ('MAC', 'B8:63:4D:A2:0E:13')
Data:  24:0A:C4:23:D9:B0 ('RSSI', -58) ('Header', '48') ('Channel', 4) ('MAC', 'B8:63:4D:A2:0E:13')
Data:  24:0A:C4:23:D9:B0 ('RSSI', -59) ('Header', '48') ('Channel', 4) ('MAC', 'B8:63:4D:A2:0E:13')
Data:  3C:71:BF:99:F9:E0 ('RSSI', -50) ('Header', '48') ('Channel', 4) ('MAC', 'B8:63:4D:A2:0E:13')
Data:  24:0A:C4:23:C1:EC ('RSSI', -52) ('Header', '48') ('Channel', 4) ('MAC', 'B8:63:4D:A2:0E:13')
Data:  24:0A:C4:23:D9:B0 ('RSSI', -58) ('Header', '48') ('Channel', 4) ('MAC', 'B8:63:4D:A2:0E:13')
Data:  3C:71:BF:99:F9:E0 ('RSSI', -50) ('Header', '48') ('Channel', 4) ('MAC', 'B8:63:4D:A2:0E:13')
Data:  24:0A:C4:23:C1:EC ('RSSI', -53) ('Header', '48') ('Channel', 4) ('MAC', 'B8:63:4D:A2:0E:13')
Data:  3C:71:BF:99:F9:E0 ('RSSI', -50) ('Header', '48') ('Channel', 4) ('MAC', 'B8:63:4D:A2:0E:13')
Data:  24:0A:C4:23:C1:EC ('RSSI', -53) ('Header', '48') ('Channel', 4) ('MAC', 'B8:63:4D:A2:0E:13')
Data:  24:0A:C4:23:D9:B0 ('RSSI', -59) ('Header', '48') ('Channel', 4) ('MAC', 'B8:63:4D:A2:0E:13')
Data:  24:0A:C4:23:C1:EC ('RSSI', -53) ('Header', '48') ('Channel', 4) ('MAC', 'B8:63:4D:A2:0E:13')
Data:  3C:71:BF:99:F9:E0 ('RSSI', -50) ('Header', '48') ('Channel', 4) ('MAC', 'B8:63:4D:A2:0E:13')
Data:  24:0A:C4:23:D9:B0 ('RSSI', -59) ('Header', '48') ('Channel', 4) ('MAC', 'B8:63:4D:A2:0E:13')
Data:  3C:71:BF:99:F9:E0 ('RSSI', -50) ('Header', '48') ('Channel', 4) ('MAC', 'B8:63:4D:A2:0E:13')
Data:  24:0A:C4:23:C1:EC ('RSSI', -53) ('Header', '48') ('Channel', 4) ('MAC', 'B8:63:4D:A2:0E:13')
Data:  24:0A:C4:23:D9:B0 ('RSSI', -59) ('Header', '48') ('Channel', 4) ('MAC', 'B8:63:4D:A2:0E:13')
Data:  3C:71:BF:99:F9:E0 ('RSSI', -50) ('Header', '48') ('Channel', 4) ('MAC', 'B8:63:4D:A2:0E:13')
Data:  24:0A:C4:23:C1:EC ('RSSI', -53) ('Header', '48') ('Channel', 4) ('MAC', 'B8:63:4D:A2:0E:13')
Data:  24:0A:C4:23:D9:B0 ('RSSI', -59) ('Header', '48') ('Channel', 4) ('MAC', 'B8:63:4D:A2:0E:13')
Data:  3C:71:BF:99:F9:E0 ('RSSI', -49) ('Header', '48') ('Channel', 4) ('MAC', 'B8:63:4D:A2:0E:13')
Data:  24:0A:C4:23:D9:B0 ('RSSI', -59) ('Header', '48') ('Channel', 4) ('MAC', 'B8:63:4D:A2:0E:13')
Data:  24:0A:C4:23:C1:EC ('RSSI', -54) ('Header', '48') ('Channel', 4) ('MAC', 'B8:63:4D:A2:0E:13')
Data:  24:0A:C4:23:D9:B0 ('RSSI', -59) ('Header', '48') ('Channel', 4) ('MAC', 'B8:63:4D:A2:0E:13')
Data:  24:0A:C4:23:C1:EC ('RSSI', -52) ('Header', '48') ('Channel', 4) ('MAC', 'B8:63:4D:A2:0E:13')
Data:  3C:71:BF:99:F9:E0 ('RSSI', -50) ('Header', '48') ('Channel', 4) ('MAC', 'B8:63:4D:A2:0E:13')
Data:  24:0A:C4:23:D9:B0 ('RSSI', -58) ('Header', '48') ('Channel', 4) ('MAC', 'B8:63:4D:A2:0E:13')
Data:  3C:71:BF:99:F9:E0 ('RSSI', -50) ('Header', '48') ('Channel', 4) ('MAC', 'B8:63:4D:A2:0E:13')
Data:  24:0A:C4:23:C1:EC ('RSSI', -53) ('Header', '48') ('Channel', 4) ('MAC', 'B8:63:4D:A2:0E:13')
Data:  24:0A:C4:23:D9:B0 ('RSSI', -59) ('Header', '48') ('Channel', 4) ('MAC', 'B8:63:4D:A2:0E:13')
Data:  24:0A:C4:23:C1:EC ('RSSI', -51) ('Header', '48') ('Channel', 4) ('MAC', 'B8:63:4D:A2:0E:13')
Data:  3C:71:BF:99:F9:E0 ('RSSI', -51) ('Header', '48') ('Channel', 4) ('MAC', 'B8:63:4D:A2:0E:13')
Data:  3C:71:BF:99:F9:E0 ('RSSI', -50) ('Header', '48') ('Channel', 4) ('MAC', 'B8:63:4D:A2:0E:13')
Data:  24:0A:C4:23:C1:EC ('RSSI', -51) ('Header', '48') ('Channel', 4) ('MAC', 'B8:63:4D:A2:0E:13')
Data:  24:0A:C4:23:D9:B0 ('RSSI', -59) ('Header', '48') ('Channel', 4) ('MAC', 'B8:63:4D:A2:0E:13')
Data:  3C:71:BF:99:F9:E0 ('RSSI', -49) ('Header', '48') ('Channel', 4) ('MAC', 'B8:63:4D:A2:0E:13')
Data:  24:0A:C4:23:D9:B0 ('RSSI', -59) ('Header', '48') ('Channel', 4) ('MAC', 'B8:63:4D:A2:0E:13')
Data:  24:0A:C4:23:C1:EC ('RSSI', -51) ('Header', '48') ('Channel', 4) ('MAC', 'B8:63:4D:A2:0E:13')
Data:  3C:71:BF:99:F9:E0 ('RSSI', -50) ('Header', '48') ('Channel', 4) ('MAC', 'B8:63:4D:A2:0E:13')
Data:  24:0A:C4:23:D9:B0 ('RSSI', -59) ('Header', '48') ('Channel', 4) ('MAC', 'B8:63:4D:A2:0E:13')
Data:  24:0A:C4:23:C1:EC ('RSSI', -51) ('Header', '48') ('Channel', 4) ('MAC', 'B8:63:4D:A2:0E:13')
Data:  24:0A:C4:23:D9:B0 ('RSSI', -59) ('Header', '48') ('Channel', 4) ('MAC', 'B8:63:4D:A2:0E:13')
Data:  3C:71:BF:99:F9:E0 ('RSSI', -50) ('Header', '48') ('Channel', 4) ('MAC', 'B8:63:4D:A2:0E:13')
Data:  24:0A:C4:23:C1:EC ('RSSI', -51) ('Header', '48') ('Channel', 4) ('MAC', 'B8:63:4D:A2:0E:13')
Data:  24:0A:C4:23:C1:EC ('RSSI', -52) ('Header', '48') ('Channel', 4) ('MAC', 'B8:63:4D:A2:0E:13')
Data:  3C:71:BF:99:F9:E0 ('RSSI', -50) ('Header', '48') ('Channel', 4) ('MAC', 'B8:63:4D:A2:0E:13')
Data:  24:0A:C4:23:D9:B0 ('RSSI', -59) ('Header', '48') ('Channel', 4) ('MAC', 'B8:63:4D:A2:0E:13')
Data:  3C:71:BF:99:F9:E0 ('RSSI', -50) ('Header', '48') ('Channel', 4) ('MAC', 'B8:63:4D:A2:0E:13')
Data:  24:0A:C4:23:D9:B0 ('RSSI', -59) ('Header', '48') ('Channel', 4) ('MAC', 'B8:63:4D:A2:0E:13')
Data:  24:0A:C4:23:C1:EC ('RSSI', -52) ('Header', '48') ('Channel', 4) ('MAC', 'B8:63:4D:A2:0E:13')
Data:  3C:71:BF:99:F9:E0 ('RSSI', -50) ('Header', '48') ('Channel', 4) ('MAC', 'B8:63:4D:A2:0E:13')
Data:  24:0A:C4:23:C1:EC ('RSSI', -53) ('Header', '48') ('Channel', 4) ('MAC', 'B8:63:4D:A2:0E:13')
Data:  24:0A:C4:23:D9:B0 ('RSSI', -59) ('Header', '48') ('Channel', 4) ('MAC', 'B8:63:4D:A2:0E:13')
Data:  3C:71:BF:99:F9:E0 ('RSSI', -49) ('Header', '48') ('Channel', 4) ('MAC', 'B8:63:4D:A2:0E:13')
Data:  24:0A:C4:23:C1:EC ('RSSI', -53) ('Header', '48') ('Channel', 4) ('MAC', 'B8:63:4D:A2:0E:13')
Data:  24:0A:C4:23:D9:B0 ('RSSI', -58) ('Header', '48') ('Channel', 4) ('MAC', 'B8:63:4D:A2:0E:13')
Data:  3C:71:BF:99:F9:E0 ('RSSI', -49) ('Header', '48') ('Channel', 4) ('MAC', 'B8:63:4D:A2:0E:13')
Data:  24:0A:C4:23:C1:EC ('RSSI', -53) ('Header', '48') ('Channel', 4) ('MAC', 'B8:63:4D:A2:0E:13')
Data:  24:0A:C4:23:D9:B0 ('RSSI', -58) ('Header', '48') ('Channel', 4) ('MAC', 'B8:63:4D:A2:0E:13')
Data:  24:0A:C4:23:D9:B0 ('RSSI', -58) ('Header', '48') ('Channel', 4) ('MAC', 'B8:63:4D:A2:0E:13')
Data:  3C:71:BF:99:F9:E0 ('RSSI', -50) ('Header', '48') ('Channel', 4) ('MAC', 'B8:63:4D:A2:0E:13')
Data:  24:0A:C4:23:C1:EC ('RSSI', -53) ('Header', '48') ('Channel', 4) ('MAC', 'B8:63:4D:A2:0E:13')
Data:  3C:71:BF:99:F9:E0 ('RSSI', -50) ('Header', '48') ('Channel', 4) ('MAC', 'B8:63:4D:A2:0E:13')
Data:  24:0A:C4:23:C1:EC ('RSSI', -52) ('Header', '48') ('Channel', 4) ('MAC', 'B8:63:4D:A2:0E:13')
Data:  24:0A:C4:23:D9:B0 ('RSSI', -58) ('Header', '48') ('Channel', 4) ('MAC', 'B8:63:4D:A2:0E:13')
Data:  3C:71:BF:99:F9:E0 ('RSSI', -50) ('Header', '48') ('Channel', 4) ('MAC', 'B8:63:4D:A2:0E:13')
Data:  24:0A:C4:23:C1:EC ('RSSI', -52) ('Header', '48') ('Channel', 4) ('MAC', 'B8:63:4D:A2:0E:13')
Data:  24:0A:C4:23:D9:B0 ('RSSI', -58) ('Header', '48') ('Channel', 4) ('MAC', 'B8:63:4D:A2:0E:13')
Data:  3C:71:BF:99:F9:E0 ('RSSI', -50) ('Header', '48') ('Channel', 4) ('MAC', 'B8:63:4D:A2:0E:13')
Data:  24:0A:C4:23:C1:EC ('RSSI', -53) ('Header', '48') ('Channel', 4) ('MAC', 'B8:63:4D:A2:0E:13')
Data:  24:0A:C4:23:D9:B0 ('RSSI', -58) ('Header', '48') ('Channel', 4) ('MAC', 'B8:63:4D:A2:0E:13')
Data:  24:0A:C4:23:C1:EC ('RSSI', -52) ('Header', '48') ('Channel', 4) ('MAC', 'B8:63:4D:A2:0E:13')
Data:  24:0A:C4:23:D9:B0 ('RSSI', -58) ('Header', '48') ('Channel', 4) ('MAC', 'B8:63:4D:A2:0E:13')
Data:  3C:71:BF:99:F9:E0 ('RSSI', -49) ('Header', '48') ('Channel', 4) ('MAC', 'B8:63:4D:A2:0E:13')
Data:  3C:71:BF:99:F9:E0 ('RSSI', -49) ('Header', '48') ('Channel', 4) ('MAC', 'B8:63:4D:A2:0E:13')
Data:  24:0A:C4:23:C1:EC ('RSSI', -52) ('Header', '48') ('Channel', 4) ('MAC', 'B8:63:4D:A2:0E:13')
Data:  24:0A:C4:23:D9:B0 ('RSSI', -58) ('Header', '48') ('Channel', 4) ('MAC', 'B8:63:4D:A2:0E:13')
Data:  24:0A:C4:23:D9:B0 ('RSSI', -59) ('Header', '48') ('Channel', 4) ('MAC', 'B8:63:4D:A2:0E:13')
Data:  24:0A:C4:23:C1:EC ('RSSI', -53) ('Header', '48') ('Channel', 4) ('MAC', 'B8:63:4D:A2:0E:13')
Data:  3C:71:BF:99:F9:E0 ('RSSI', -50) ('Header', '48') ('Channel', 4) ('MAC', 'B8:63:4D:A2:0E:13')
Data:  24:0A:C4:23:D9:B0 ('RSSI', -58) ('Header', '48') ('Channel', 4) ('MAC', 'B8:63:4D:A2:0E:13')
Data:  3C:71:BF:99:F9:E0 ('RSSI', -49) ('Header', '48') ('Channel', 4) ('MAC', 'B8:63:4D:A2:0E:13')
Data:  24:0A:C4:23:C1:EC ('RSSI', -53) ('Header', '48') ('Channel', 4) ('MAC', 'B8:63:4D:A2:0E:13')
Data:  3C:71:BF:99:F9:E0 ('RSSI', -50) ('Header', '48') ('Channel', 4) ('MAC', 'B8:63:4D:A2:0E:13')
Data:  24:0A:C4:23:D9:B0 ('RSSI', -59) ('Header', '48') ('Channel', 4) ('MAC', 'B8:63:4D:A2:0E:13')
Data:  24:0A:C4:23:C1:EC ('RSSI', -53) ('Header', '48') ('Channel', 4) ('MAC', 'B8:63:4D:A2:0E:13')
Data:  24:0A:C4:23:D9:B0 ('RSSI', -58) ('Header', '48') ('Channel', 4) ('MAC', 'B8:63:4D:A2:0E:13')
Data:  3C:71:BF:99:F9:E0 ('RSSI', -49) ('Header', '48') ('Channel', 4) ('MAC', 'B8:63:4D:A2:0E:13')
Data:  24:0A:C4:23:C1:EC ('RSSI', -53) ('Header', '48') ('Channel', 4) ('MAC', 'B8:63:4D:A2:0E:13')
Data:  24:0A:C4:23:D9:B0 ('RSSI', -59) ('Header', '48') ('Channel', 4) ('MAC', 'B8:63:4D:A2:0E:13')
Data:  24:0A:C4:23:C1:EC ('RSSI', -53) ('Header', '48') ('Channel', 4) ('MAC', 'B8:63:4D:A2:0E:13')
Data:  3C:71:BF:99:F9:E0 ('RSSI', -50) ('Header', '48') ('Channel', 4) ('MAC', 'B8:63:4D:A2:0E:13')
Data:  24:0A:C4:23:C1:EC ('RSSI', -53) ('Header', '48') ('Channel', 4) ('MAC', 'B8:63:4D:A2:0E:13')
Summary:  3C:71:BF:99:F9:E0 113 {'B8:63:4D:A2:0E:13': -49.9}
Summary:  24:0A:C4:23:D9:B0 693 {'B8:63:4D:A2:0E:13': -58.6}
Summary:  24:0A:C4:23:C1:EC 903 {'B8:63:4D:A2:0E:13': -52.5}
Data:  24:0A:C4:23:D9:B0 ('RSSI', -59) ('Header', '48') ('Channel', 4) ('MAC', 'B8:63:4D:A2:0E:13')
Data:  3C:71:BF:99:F9:E0 ('RSSI', -50) ('Header', '48') ('Channel', 4) ('MAC', 'B8:63:4D:A2:0E:13')
Data:  3C:71:BF:99:F9:E0 ('RSSI', -49) ('Header', '48') ('Channel', 4) ('MAC', 'B8:63:4D:A2:0E:13')
Data:  24:0A:C4:23:C1:EC ('RSSI', -53) ('Header', '48') ('Channel', 4) ('MAC', 'B8:63:4D:A2:0E:13')
Data:  24:0A:C4:23:D9:B0 ('RSSI', -59) ('Header', '48') ('Channel', 4) ('MAC', 'B8:63:4D:A2:0E:13')
Data:  24:0A:C4:23:D9:B0 ('RSSI', -59) ('Header', '48') ('Channel', 4) ('MAC', 'B8:63:4D:A2:0E:13')
Data:  3C:71:BF:99:F9:E0 ('RSSI', -49) ('Header', '48') ('Channel', 4) ('MAC', 'B8:63:4D:A2:0E:13')
Data:  24:0A:C4:23:C1:EC ('RSSI', -52) ('Header', '48') ('Channel', 4) ('MAC', 'B8:63:4D:A2:0E:13')
Data:  24:0A:C4:23:C1:EC ('RSSI', -52) ('Header', '48') ('Channel', 4) ('MAC', 'B8:63:4D:A2:0E:13')
Data:  3C:71:BF:99:F9:E0 ('RSSI', -49) ('Header', '48') ('Channel', 4) ('MAC', 'B8:63:4D:A2:0E:13')
Data:  24:0A:C4:23:C1:EC ('RSSI', -52) ('Header', '48') ('Channel', 4) ('MAC', 'B8:63:4D:A2:0E:13')
Data:  24:0A:C4:23:D9:B0 ('RSSI', -58) ('Header', '48') ('Channel', 4) ('MAC', 'B8:63:4D:A2:0E:13')
Data:  3C:71:BF:99:F9:E0 ('RSSI', -50) ('Header', '48') ('Channel', 4) ('MAC', 'B8:63:4D:A2:0E:13')
Data:  24:0A:C4:23:D9:B0 ('RSSI', -58) ('Header', '48') ('Channel', 4) ('MAC', 'B8:63:4D:A2:0E:13')
Data:  24:0A:C4:23:C1:EC ('RSSI', -53) ('Header', '48') ('Channel', 4) ('MAC', 'B8:63:4D:A2:0E:13')
Data:  24:0A:C4:23:D9:B0 ('RSSI', -58) ('Header', '48') ('Channel', 4) ('MAC', 'B8:63:4D:A2:0E:13')
Data:  3C:71:BF:99:F9:E0 ('RSSI', -50) ('Header', '48') ('Channel', 4) ('MAC', 'B8:63:4D:A2:0E:13')
Data:  24:0A:C4:23:C1:EC ('RSSI', -53) ('Header', '48') ('Channel', 4) ('MAC', 'B8:63:4D:A2:0E:13')
Data:  24:0A:C4:23:D9:B0 ('RSSI', -58) ('Header', '48') ('Channel', 4) ('MAC', 'B8:63:4D:A2:0E:13')
Data:  3C:71:BF:99:F9:E0 ('RSSI', -50) ('Header', '48') ('Channel', 4) ('MAC', 'B8:63:4D:A2:0E:13')
Data:  3C:71:BF:99:F9:E0 ('RSSI', -49) ('Header', '48') ('Channel', 4) ('MAC', 'B8:63:4D:A2:0E:13')
Data:  24:0A:C4:23:D9:B0 ('RSSI', -58) ('Header', '48') ('Channel', 4) ('MAC', 'B8:63:4D:A2:0E:13')
Data:  24:0A:C4:23:C1:EC ('RSSI', -53) ('Header', '48') ('Channel', 4) ('MAC', 'B8:63:4D:A2:0E:13')
Data:  24:0A:C4:23:D9:B0 ('RSSI', -58) ('Header', '48') ('Channel', 4) ('MAC', 'B8:63:4D:A2:0E:13')
Data:  3C:71:BF:99:F9:E0 ('RSSI', -50) ('Header', '48') ('Channel', 4) ('MAC', 'B8:63:4D:A2:0E:13')
Data:  24:0A:C4:23:D9:B0 ('RSSI', -58) ('Header', '48') ('Channel', 4) ('MAC', 'B8:63:4D:A2:0E:13')
Data:  3C:71:BF:99:F9:E0 ('RSSI', -50) ('Header', '48') ('Channel', 4) ('MAC', 'B8:63:4D:A2:0E:13')
Data:  24:0A:C4:23:C1:EC ('RSSI', -53) ('Header', '48') ('Channel', 4) ('MAC', 'B8:63:4D:A2:0E:13')
Data:  24:0A:C4:23:C1:EC ('RSSI', -53) ('Header', '48') ('Channel', 4) ('MAC', 'B8:63:4D:A2:0E:13')
Data:  3C:71:BF:99:F9:E0 ('RSSI', -50) ('Header', '48') ('Channel', 4) ('MAC', 'B8:63:4D:A2:0E:13')
Data:  24:0A:C4:23:C1:EC ('RSSI', -53) ('Header', '48') ('Channel', 4) ('MAC', 'B8:63:4D:A2:0E:13')
Data:  24:0A:C4:23:D9:B0 ('RSSI', -60) ('Header', '48') ('Channel', 4) ('MAC', 'B8:63:4D:A2:0E:13')
Data:  24:0A:C4:23:D9:B0 ('RSSI', -59) ('Header', '48') ('Channel', 4) ('MAC', 'B8:63:4D:A2:0E:13')
Data:  3C:71:BF:99:F9:E0 ('RSSI', -50) ('Header', '48') ('Channel', 4) ('MAC', 'B8:63:4D:A2:0E:13')
Data:  24:0A:C4:23:C1:EC ('RSSI', -53) ('Header', '48') ('Channel', 4) ('MAC', 'B8:63:4D:A2:0E:13')
Data:  24:0A:C4:23:C1:EC ('RSSI', -53) ('Header', '48') ('Channel', 4) ('MAC', 'B8:63:4D:A2:0E:13')
Data:  24:0A:C4:23:D9:B0 ('RSSI', -59) ('Header', '48') ('Channel', 4) ('MAC', 'B8:63:4D:A2:0E:13')
Data:  3C:71:BF:99:F9:E0 ('RSSI', -50) ('Header', '48') ('Channel', 4) ('MAC', 'B8:63:4D:A2:0E:13')
Data:  24:0A:C4:23:C1:EC ('RSSI', -53) ('Header', '48') ('Channel', 4) ('MAC', 'B8:63:4D:A2:0E:13')
Data:  24:0A:C4:23:D9:B0 ('RSSI', -59) ('Header', '48') ('Channel', 4) ('MAC', 'B8:63:4D:A2:0E:13')
Data:  3C:71:BF:99:F9:E0 ('RSSI', -50) ('Header', '48') ('Channel', 4) ('MAC', 'B8:63:4D:A2:0E:13')
Data:  24:0A:C4:23:D9:B0 ('RSSI', -58) ('Header', '48') ('Channel', 4) ('MAC', 'B8:63:4D:A2:0E:13')
Data:  3C:71:BF:99:F9:E0 ('RSSI', -50) ('Header', '48') ('Channel', 4) ('MAC', 'B8:63:4D:A2:0E:13')
Data:  24:0A:C4:23:C1:EC ('RSSI', -53) ('Header', '48') ('Channel', 4) ('MAC', 'B8:63:4D:A2:0E:13')
Data:  24:0A:C4:23:C1:EC ('RSSI', -52) ('Header', '48') ('Channel', 4) ('MAC', 'B8:63:4D:A2:0E:13')
Data:  24:0A:C4:23:D9:B0 ('RSSI', -58) ('Header', '48') ('Channel', 4) ('MAC', 'B8:63:4D:A2:0E:13')
Data:  3C:71:BF:99:F9:E0 ('RSSI', -51) ('Header', '48') ('Channel', 4) ('MAC', 'B8:63:4D:A2:0E:13')
Data:  3C:71:BF:99:F9:E0 ('RSSI', -50) ('Header', '48') ('Channel', 4) ('MAC', 'B8:63:4D:A2:0E:13')
Data:  3C:71:BF:99:F9:E0 ('RSSI', -49) ('Header', '48') ('Channel', 4) ('MAC', 'B8:63:4D:A2:0E:13')
Data:  24:0A:C4:23:C1:EC ('RSSI', -52) ('Header', '48') ('Channel', 4) ('MAC', 'B8:63:4D:A2:0E:13')
Data:  24:0A:C4:23:C1:EC ('RSSI', -52) ('Header', '48') ('Channel', 4) ('MAC', 'B8:63:4D:A2:0E:13')
Data:  24:0A:C4:23:D9:B0 ('RSSI', -58) ('Header', '48') ('Channel', 4) ('MAC', 'B8:63:4D:A2:0E:13')
Data:  24:0A:C4:23:D9:B0 ('RSSI', -58) ('Header', '48') ('Channel', 4) ('MAC', 'B8:63:4D:A2:0E:13')
Data:  24:0A:C4:23:C1:EC ('RSSI', -52) ('Header', '48') ('Channel', 4) ('MAC', 'B8:63:4D:A2:0E:13')
Data:  24:0A:C4:23:D9:B0 ('RSSI', -58) ('Header', '48') ('Channel', 4) ('MAC', 'B8:63:4D:A2:0E:13')
Data:  3C:71:BF:99:F9:E0 ('RSSI', -50) ('Header', '48') ('Channel', 4) ('MAC', 'B8:63:4D:A2:0E:13')
Data:  24:0A:C4:23:D9:B0 ('RSSI', -58) ('Header', '48') ('Channel', 4) ('MAC', 'B8:63:4D:A2:0E:13')
Data:  3C:71:BF:99:F9:E0 ('RSSI', -49) ('Header', '48') ('Channel', 4) ('MAC', 'B8:63:4D:A2:0E:13')
Data:  24:0A:C4:23:C1:EC ('RSSI', -52) ('Header', '48') ('Channel', 4) ('MAC', 'B8:63:4D:A2:0E:13')
Data:  24:0A:C4:23:C1:EC ('RSSI', -52) ('Header', '48') ('Channel', 4) ('MAC', 'B8:63:4D:A2:0E:13')
Data:  3C:71:BF:99:F9:E0 ('RSSI', -50) ('Header', '48') ('Channel', 4) ('MAC', 'B8:63:4D:A2:0E:13')
Data:  24:0A:C4:23:D9:B0 ('RSSI', -58) ('Header', '48') ('Channel', 4) ('MAC', 'B8:63:4D:A2:0E:13')
Data:  3C:71:BF:99:F9:E0 ('RSSI', -49) ('Header', '48') ('Channel', 4) ('MAC', 'B8:63:4D:A2:0E:13')
Data:  24:0A:C4:23:D9:B0 ('RSSI', -58) ('Header', '48') ('Channel', 4) ('MAC', 'B8:63:4D:A2:0E:13')
Data:  24:0A:C4:23:C1:EC ('RSSI', -52) ('Header', '48') ('Channel', 4) ('MAC', 'B8:63:4D:A2:0E:13')
Data:  3C:71:BF:99:F9:E0 ('RSSI', -49) ('Header', '48') ('Channel', 4) ('MAC', 'B8:63:4D:A2:0E:13')
Data:  24:0A:C4:23:D9:B0 ('RSSI', -59) ('Header', '48') ('Channel', 4) ('MAC', 'B8:63:4D:A2:0E:13')
Data:  24:0A:C4:23:C1:EC ('RSSI', -52) ('Header', '48') ('Channel', 4) ('MAC', 'B8:63:4D:A2:0E:13')
Data:  24:0A:C4:23:D9:B0 ('RSSI', -59) ('Header', '48') ('Channel', 4) ('MAC', 'B8:63:4D:A2:0E:13')
Data:  3C:71:BF:99:F9:E0 ('RSSI', -50) ('Header', '48') ('Channel', 4) ('MAC', 'B8:63:4D:A2:0E:13')
Data:  24:0A:C4:23:C1:EC ('RSSI', -52) ('Header', '48') ('Channel', 4) ('MAC', 'B8:63:4D:A2:0E:13')
Data:  24:0A:C4:23:D9:B0 ('RSSI', -58) ('Header', '48') ('Channel', 4) ('MAC', 'B8:63:4D:A2:0E:13')
Data:  24:0A:C4:23:C1:EC ('RSSI', -52) ('Header', '48') ('Channel', 4) ('MAC', 'B8:63:4D:A2:0E:13')
Data:  3C:71:BF:99:F9:E0 ('RSSI', -49) ('Header', '48') ('Channel', 4) ('MAC', 'B8:63:4D:A2:0E:13')
Data:  3C:71:BF:99:F9:E0 ('RSSI', -49) ('Header', '48') ('Channel', 4) ('MAC', 'B8:63:4D:A2:0E:13')
Summary:  3C:71:BF:99:F9:E0 113 {'B8:63:4D:A2:0E:13': -49.7}
Summary:  24:0A:C4:23:D9:B0 693 {'B8:63:4D:A2:0E:13': -58.4}
Summary:  24:0A:C4:23:C1:EC 903 {'B8:63:4D:A2:0E:13': -52.5}
Data:  24:0A:C4:23:C1:EC ('RSSI', -52) ('Header', '48') ('Channel', 4) ('MAC', 'B8:63:4D:A2:0E:13')
Data:  24:0A:C4:23:D9:B0 ('RSSI', -59) ('Header', '48') ('Channel', 4) ('MAC', 'B8:63:4D:A2:0E:13')
Data:  24:0A:C4:23:C1:EC ('RSSI', -52) ('Header', '48') ('Channel', 4) ('MAC', 'B8:63:4D:A2:0E:13')
Data:  3C:71:BF:99:F9:E0 ('RSSI', -49) ('Header', '48') ('Channel', 4) ('MAC', 'B8:63:4D:A2:0E:13')
Data:  24:0A:C4:23:D9:B0 ('RSSI', -59) ('Header', '48') ('Channel', 4) ('MAC', 'B8:63:4D:A2:0E:13')
Data:  24:0A:C4:23:D9:B0 ('RSSI', -59) ('Header', '48') ('Channel', 4) ('MAC', 'B8:63:4D:A2:0E:13')
Data:  3C:71:BF:99:F9:E0 ('RSSI', -50) ('Header', '48') ('Channel', 4) ('MAC', 'B8:63:4D:A2:0E:13')
Data:  24:0A:C4:23:C1:EC ('RSSI', -52) ('Header', '48') ('Channel', 4) ('MAC', 'B8:63:4D:A2:0E:13')
Data:  3C:71:BF:99:F9:E0 ('RSSI', -50) ('Header', '48') ('Channel', 4) ('MAC', 'B8:63:4D:A2:0E:13')
Data:  24:0A:C4:23:D9:B0 ('RSSI', -59) ('Header', '48') ('Channel', 4) ('MAC', 'B8:63:4D:A2:0E:13')
Data:  24:0A:C4:23:C1:EC ('RSSI', -52) ('Header', '48') ('Channel', 4) ('MAC', 'B8:63:4D:A2:0E:13')
Data:  24:0A:C4:23:C1:EC ('RSSI', -52) ('Header', '48') ('Channel', 4) ('MAC', 'B8:63:4D:A2:0E:13')
Data:  3C:71:BF:99:F9:E0 ('RSSI', -50) ('Header', '48') ('Channel', 4) ('MAC', 'B8:63:4D:A2:0E:13')
Data:  24:0A:C4:23:D9:B0 ('RSSI', -60) ('Header', '48') ('Channel', 4) ('MAC', 'B8:63:4D:A2:0E:13')
Data:  3C:71:BF:99:F9:E0 ('RSSI', -50) ('Header', '48') ('Channel', 4) ('MAC', 'B8:63:4D:A2:0E:13')
Data:  24:0A:C4:23:D9:B0 ('RSSI', -59) ('Header', '48') ('Channel', 4) ('MAC', 'B8:63:4D:A2:0E:13')
Data:  24:0A:C4:23:C1:EC ('RSSI', -53) ('Header', '48') ('Channel', 4) ('MAC', 'B8:63:4D:A2:0E:13')
Data:  24:0A:C4:23:C1:EC ('RSSI', -53) ('Header', '48') ('Channel', 4) ('MAC', 'B8:63:4D:A2:0E:13')
Data:  3C:71:BF:99:F9:E0 ('RSSI', -50) ('Header', '48') ('Channel', 4) ('MAC', 'B8:63:4D:A2:0E:13')
Data:  24:0A:C4:23:D9:B0 ('RSSI', -59) ('Header', '48') ('Channel', 4) ('MAC', 'B8:63:4D:A2:0E:13')
Data:  24:0A:C4:23:D9:B0 ('RSSI', -59) ('Header', '48') ('Channel', 4) ('MAC', 'B8:63:4D:A2:0E:13')
Data:  24:0A:C4:23:C1:EC ('RSSI', -52) ('Header', '48') ('Channel', 4) ('MAC', 'B8:63:4D:A2:0E:13')
Data:  3C:71:BF:99:F9:E0 ('RSSI', -50) ('Header', '48') ('Channel', 4) ('MAC', 'B8:63:4D:A2:0E:13')
Data:  3C:71:BF:99:F9:E0 ('RSSI', -50) ('Header', '48') ('Channel', 4) ('MAC', 'B8:63:4D:A2:0E:13')
Data:  24:0A:C4:23:C1:EC ('RSSI', -52) ('Header', '48') ('Channel', 4) ('MAC', 'B8:63:4D:A2:0E:13')
Data:  24:0A:C4:23:D9:B0 ('RSSI', -59) ('Header', '48') ('Channel', 4) ('MAC', 'B8:63:4D:A2:0E:13')
Data:  3C:71:BF:99:F9:E0 ('RSSI', -51) ('Header', '48') ('Channel', 4) ('MAC', 'B8:63:4D:A2:0E:13')
Data:  24:0A:C4:23:C1:EC ('RSSI', -52) ('Header', '48') ('Channel', 4) ('MAC', 'B8:63:4D:A2:0E:13')
Data:  24:0A:C4:23:D9:B0 ('RSSI', -59) ('Header', '48') ('Channel', 4) ('MAC', 'B8:63:4D:A2:0E:13')
Data:  3C:71:BF:99:F9:E0 ('RSSI', -50) ('Header', '48') ('Channel', 4) ('MAC', 'B8:63:4D:A2:0E:13')
Data:  24:0A:C4:23:C1:EC ('RSSI', -52) ('Header', '48') ('Channel', 4) ('MAC', 'B8:63:4D:A2:0E:13')
Data:  24:0A:C4:23:D9:B0 ('RSSI', -59) ('Header', '48') ('Channel', 4) ('MAC', 'B8:63:4D:A2:0E:13')
Data:  3C:71:BF:99:F9:E0 ('RSSI', -50) ('Header', '48') ('Channel', 4) ('MAC', 'B8:63:4D:A2:0E:13')
Data:  24:0A:C4:23:C1:EC ('RSSI', -52) ('Header', '48') ('Channel', 4) ('MAC', 'B8:63:4D:A2:0E:13')
Data:  24:0A:C4:23:D9:B0 ('RSSI', -59) ('Header', '48') ('Channel', 4) ('MAC', 'B8:63:4D:A2:0E:13')
Data:  3C:71:BF:99:F9:E0 ('RSSI', -50) ('Header', '48') ('Channel', 4) ('MAC', 'B8:63:4D:A2:0E:13')
Data:  24:0A:C4:23:D9:B0 ('RSSI', -59) ('Header', '48') ('Channel', 4) ('MAC', 'B8:63:4D:A2:0E:13')
Data:  24:0A:C4:23:C1:EC ('RSSI', -52) ('Header', '48') ('Channel', 4) ('MAC', 'B8:63:4D:A2:0E:13')
Data:  3C:71:BF:99:F9:E0 ('RSSI', -50) ('Header', '48') ('Channel', 4) ('MAC', 'B8:63:4D:A2:0E:13')
Data:  24:0A:C4:23:C1:EC ('RSSI', -52) ('Header', '48') ('Channel', 4) ('MAC', 'B8:63:4D:A2:0E:13')
Data:  24:0A:C4:23:D9:B0 ('RSSI', -59) ('Header', '48') ('Channel', 4) ('MAC', 'B8:63:4D:A2:0E:13')
Data:  24:0A:C4:23:D9:B0 ('RSSI', -60) ('Header', '48') ('Channel', 4) ('MAC', 'B8:63:4D:A2:0E:13')
Data:  3C:71:BF:99:F9:E0 ('RSSI', -50) ('Header', '48') ('Channel', 4) ('MAC', 'B8:63:4D:A2:0E:13')
Data:  24:0A:C4:23:C1:EC ('RSSI', -52) ('Header', '48') ('Channel', 4) ('MAC', 'B8:63:4D:A2:0E:13')
Data:  3C:71:BF:99:F9:E0 ('RSSI', -50) ('Header', '48') ('Channel', 4) ('MAC', 'B8:63:4D:A2:0E:13')
Data:  24:0A:C4:23:C1:EC ('RSSI', -52) ('Header', '48') ('Channel', 4) ('MAC', 'B8:63:4D:A2:0E:13')
Data:  3C:71:BF:99:F9:E0 ('RSSI', -50) ('Header', '48') ('Channel', 4) ('MAC', 'B8:63:4D:A2:0E:13')
Data:  24:0A:C4:23:D9:B0 ('RSSI', -60) ('Header', '48') ('Channel', 4) ('MAC', 'B8:63:4D:A2:0E:13')
Data:  24:0A:C4:23:C1:EC ('RSSI', -53) ('Header', '48') ('Channel', 4) ('MAC', 'B8:63:4D:A2:0E:13')
Data:  24:0A:C4:23:D9:B0 ('RSSI', -60) ('Header', '48') ('Channel', 4) ('MAC', 'B8:63:4D:A2:0E:13')
Data:  3C:71:BF:99:F9:E0 ('RSSI', -59) ('Header', 'D0') ('Channel', 4) ('MAC', 'B8:63:4D:A2:0E:13')
Data:  24:0A:C4:23:C1:EC ('RSSI', -52) ('Header', 'D0') ('Channel', 4) ('MAC', 'B8:63:4D:A2:0E:13')
Data:  24:0A:C4:23:D9:B0 ('RSSI', -62) ('Header', 'D0') ('Channel', 4) ('MAC', 'B8:63:4D:A2:0E:13')
Data:  3C:71:BF:99:F9:E0 ('RSSI', -50) ('Header', '48') ('Channel', 4) ('MAC', 'B8:63:4D:A2:0E:13')
Data:  24:0A:C4:23:C1:EC ('RSSI', -52) ('Header', '48') ('Channel', 4) ('MAC', 'B8:63:4D:A2:0E:13')
Data:  24:0A:C4:23:D9:B0 ('RSSI', -59) ('Header', '48') ('Channel', 4) ('MAC', 'B8:63:4D:A2:0E:13')
Data:  24:0A:C4:23:D9:B0 ('RSSI', -60) ('Header', '48') ('Channel', 4) ('MAC', 'B8:63:4D:A2:0E:13')
Data:  3C:71:BF:99:F9:E0 ('RSSI', -50) ('Header', '48') ('Channel', 4) ('MAC', 'B8:63:4D:A2:0E:13')
Data:  24:0A:C4:23:C1:EC ('RSSI', -52) ('Header', '48') ('Channel', 4) ('MAC', 'B8:63:4D:A2:0E:13')
Data:  24:0A:C4:23:C1:EC ('RSSI', -52) ('Header', '48') ('Channel', 4) ('MAC', 'B8:63:4D:A2:0E:13')
Data:  3C:71:BF:99:F9:E0 ('RSSI', -50) ('Header', '48') ('Channel', 4) ('MAC', 'B8:63:4D:A2:0E:13')
Data:  24:0A:C4:23:D9:B0 ('RSSI', -60) ('Header', '48') ('Channel', 4) ('MAC', 'B8:63:4D:A2:0E:13')
Data:  3C:71:BF:99:F9:E0 ('RSSI', -50) ('Header', '48') ('Channel', 4) ('MAC', 'B8:63:4D:A2:0E:13')
Data:  24:0A:C4:23:C1:EC ('RSSI', -53) ('Header', '48') ('Channel', 4) ('MAC', 'B8:63:4D:A2:0E:13')
Data:  24:0A:C4:23:D9:B0 ('RSSI', -59) ('Header', '48') ('Channel', 4) ('MAC', 'B8:63:4D:A2:0E:13')
Data:  3C:71:BF:99:F9:E0 ('RSSI', -50) ('Header', '48') ('Channel', 4) ('MAC', 'B8:63:4D:A2:0E:13')
Data:  24:0A:C4:23:D9:B0 ('RSSI', -59) ('Header', '48') ('Channel', 4) ('MAC', 'B8:63:4D:A2:0E:13')
Data:  24:0A:C4:23:C1:EC ('RSSI', -52) ('Header', '48') ('Channel', 4) ('MAC', 'B8:63:4D:A2:0E:13')
Data:  24:0A:C4:23:D9:B0 ('RSSI', -59) ('Header', '48') ('Channel', 4) ('MAC', 'B8:63:4D:A2:0E:13')
Data:  3C:71:BF:99:F9:E0 ('RSSI', -50) ('Header', '48') ('Channel', 4) ('MAC', 'B8:63:4D:A2:0E:13')
Data:  24:0A:C4:23:C1:EC ('RSSI', -52) ('Header', '48') ('Channel', 4) ('MAC', 'B8:63:4D:A2:0E:13')
Data:  24:0A:C4:23:C1:EC ('RSSI', -53) ('Header', '48') ('Channel', 4) ('MAC', 'B8:63:4D:A2:0E:13')
Data:  3C:71:BF:99:F9:E0 ('RSSI', -50) ('Header', '48') ('Channel', 4) ('MAC', 'B8:63:4D:A2:0E:13')
Data:  24:0A:C4:23:D9:B0 ('RSSI', -60) ('Header', '48') ('Channel', 4) ('MAC', 'B8:63:4D:A2:0E:13')
Data:  24:0A:C4:23:D9:B0 ('RSSI', -60) ('Header', '48') ('Channel', 4) ('MAC', 'B8:63:4D:A2:0E:13')
Data:  24:0A:C4:23:D9:B0 ('RSSI', -60) ('Header', '48') ('Channel', 4) ('MAC', 'B8:63:4D:A2:0E:13')
Data:  3C:71:BF:99:F9:E0 ('RSSI', -50) ('Header', '48') ('Channel', 4) ('MAC', 'B8:63:4D:A2:0E:13')
Data:  3C:71:BF:99:F9:E0 ('RSSI', -50) ('Header', '48') ('Channel', 4) ('MAC', 'B8:63:4D:A2:0E:13')
Data:  24:0A:C4:23:C1:EC ('RSSI', -53) ('Header', '48') ('Channel', 4) ('MAC', 'B8:63:4D:A2:0E:13')
Data:  24:0A:C4:23:C1:EC ('RSSI', -53) ('Header', '48') ('Channel', 4) ('MAC', 'B8:63:4D:A2:0E:13')
Data:  24:0A:C4:23:C1:EC ('RSSI', -53) ('Header', '48') ('Channel', 4) ('MAC', 'B8:63:4D:A2:0E:13')
Data:  24:0A:C4:23:D9:B0 ('RSSI', -60) ('Header', '48') ('Channel', 4) ('MAC', 'B8:63:4D:A2:0E:13')
Data:  3C:71:BF:99:F9:E0 ('RSSI', -50) ('Header', '48') ('Channel', 4) ('MAC', 'B8:63:4D:A2:0E:13')
Data:  24:0A:C4:23:D9:B0 ('RSSI', -60) ('Header', '48') ('Channel', 4) ('MAC', 'B8:63:4D:A2:0E:13')
Summary:  3C:71:BF:99:F9:E0 113 {'B8:63:4D:A2:0E:13': -50.3}
Summary:  24:0A:C4:23:D9:B0 693 {'B8:63:4D:A2:0E:13': -59.5}
Summary:  24:0A:C4:23:C1:EC 903 {'B8:63:4D:A2:0E:13': -52.3}
Data:  3C:71:BF:99:F9:E0 ('RSSI', -49) ('Header', '48') ('Channel', 4) ('MAC', 'B8:63:4D:A2:0E:13')
Data:  24:0A:C4:23:C1:EC ('RSSI', -53) ('Header', '48') ('Channel', 4) ('MAC', 'B8:63:4D:A2:0E:13')
Data:  24:0A:C4:23:C1:EC ('RSSI', -53) ('Header', '48') ('Channel', 4) ('MAC', 'B8:63:4D:A2:0E:13')
Data:  24:0A:C4:23:D9:B0 ('RSSI', -60) ('Header', '48') ('Channel', 4) ('MAC', 'B8:63:4D:A2:0E:13')
Data:  3C:71:BF:99:F9:E0 ('RSSI', -50) ('Header', '48') ('Channel', 4) ('MAC', 'B8:63:4D:A2:0E:13')
Data:  24:0A:C4:23:C1:EC ('RSSI', -53) ('Header', '48') ('Channel', 4) ('MAC', 'B8:63:4D:A2:0E:13')
Data:  3C:71:BF:99:F9:E0 ('RSSI', -50) ('Header', '48') ('Channel', 4) ('MAC', 'B8:63:4D:A2:0E:13')
Data:  24:0A:C4:23:D9:B0 ('RSSI', -59) ('Header', '48') ('Channel', 4) ('MAC', 'B8:63:4D:A2:0E:13')
Data:  3C:71:BF:99:F9:E0 ('RSSI', -50) ('Header', '48') ('Channel', 4) ('MAC', 'B8:63:4D:A2:0E:13')
Data:  24:0A:C4:23:D9:B0 ('RSSI', -59) ('Header', '48') ('Channel', 4) ('MAC', 'B8:63:4D:A2:0E:13')
Data:  24:0A:C4:23:C1:EC ('RSSI', -52) ('Header', '48') ('Channel', 4) ('MAC', 'B8:63:4D:A2:0E:13')
Data:  3C:71:BF:99:F9:E0 ('RSSI', -50) ('Header', '48') ('Channel', 4) ('MAC', 'B8:63:4D:A2:0E:13')
Data:  24:0A:C4:23:C1:EC ('RSSI', -53) ('Header', '48') ('Channel', 4) ('MAC', 'B8:63:4D:A2:0E:13')
Data:  24:0A:C4:23:D9:B0 ('RSSI', -59) ('Header', '48') ('Channel', 4) ('MAC', 'B8:63:4D:A2:0E:13')
Data:  3C:71:BF:99:F9:E0 ('RSSI', -49) ('Header', '48') ('Channel', 4) ('MAC', 'B8:63:4D:A2:0E:13')
Data:  24:0A:C4:23:C1:EC ('RSSI', -53) ('Header', '48') ('Channel', 4) ('MAC', 'B8:63:4D:A2:0E:13')
Data:  24:0A:C4:23:D9:B0 ('RSSI', -60) ('Header', '48') ('Channel', 4) ('MAC', 'B8:63:4D:A2:0E:13')
Data:  3C:71:BF:99:F9:E0 ('RSSI', -49) ('Header', '48') ('Channel', 4) ('MAC', 'B8:63:4D:A2:0E:13')
Data:  24:0A:C4:23:C1:EC ('RSSI', -53) ('Header', '48') ('Channel', 4) ('MAC', 'B8:63:4D:A2:0E:13')
Data:  24:0A:C4:23:D9:B0 ('RSSI', -59) ('Header', '48') ('Channel', 4) ('MAC', 'B8:63:4D:A2:0E:13')
Data:  24:0A:C4:23:C1:EC ('RSSI', -53) ('Header', '48') ('Channel', 4) ('MAC', 'B8:63:4D:A2:0E:13')
Data:  3C:71:BF:99:F9:E0 ('RSSI', -49) ('Header', '48') ('Channel', 4) ('MAC', 'B8:63:4D:A2:0E:13')
Data:  24:0A:C4:23:D9:B0 ('RSSI', -59) ('Header', '48') ('Channel', 4) ('MAC', 'B8:63:4D:A2:0E:13')
Data:  3C:71:BF:99:F9:E0 ('RSSI', -50) ('Header', '48') ('Channel', 4) ('MAC', 'B8:63:4D:A2:0E:13')
Data:  24:0A:C4:23:C1:EC ('RSSI', -53) ('Header', '48') ('Channel', 4) ('MAC', 'B8:63:4D:A2:0E:13')
Data:  24:0A:C4:23:D9:B0 ('RSSI', -58) ('Header', '48') ('Channel', 4) ('MAC', 'B8:63:4D:A2:0E:13')
Data:  3C:71:BF:99:F9:E0 ('RSSI', -50) ('Header', '48') ('Channel', 4) ('MAC', 'B8:63:4D:A2:0E:13')
Data:  24:0A:C4:23:C1:EC ('RSSI', -52) ('Header', '48') ('Channel', 4) ('MAC', 'B8:63:4D:A2:0E:13')
Data:  3C:71:BF:99:F9:E0 ('RSSI', -50) ('Header', '48') ('Channel', 4) ('MAC', 'B8:63:4D:A2:0E:13')
Data:  24:0A:C4:23:C1:EC ('RSSI', -52) ('Header', '48') ('Channel', 4) ('MAC', 'B8:63:4D:A2:0E:13')
Data:  24:0A:C4:23:D9:B0 ('RSSI', -59) ('Header', '48') ('Channel', 4) ('MAC', 'B8:63:4D:A2:0E:13')
Data:  24:0A:C4:23:D9:B0 ('RSSI', -58) ('Header', '48') ('Channel', 4) ('MAC', 'B8:63:4D:A2:0E:13')
Data:  24:0A:C4:23:C1:EC ('RSSI', -53) ('Header', '48') ('Channel', 4) ('MAC', 'B8:63:4D:A2:0E:13')
Data:  24:0A:C4:23:D9:B0 ('RSSI', -59) ('Header', '48') ('Channel', 4) ('MAC', 'B8:63:4D:A2:0E:13')
Data:  3C:71:BF:99:F9:E0 ('RSSI', -50) ('Header', '48') ('Channel', 4) ('MAC', 'B8:63:4D:A2:0E:13')
Data:  3C:71:BF:99:F9:E0 ('RSSI', -50) ('Header', '48') ('Channel', 4) ('MAC', 'B8:63:4D:A2:0E:13')
Data:  24:0A:C4:23:C1:EC ('RSSI', -52) ('Header', '48') ('Channel', 4) ('MAC', 'B8:63:4D:A2:0E:13')
Data:  24:0A:C4:23:D9:B0 ('RSSI', -59) ('Header', '48') ('Channel', 4) ('MAC', 'B8:63:4D:A2:0E:13')
Data:  3C:71:BF:99:F9:E0 ('RSSI', -50) ('Header', '48') ('Channel', 4) ('MAC', 'B8:63:4D:A2:0E:13')
Data:  24:0A:C4:23:C1:EC ('RSSI', -52) ('Header', '48') ('Channel', 4) ('MAC', 'B8:63:4D:A2:0E:13')
Data:  24:0A:C4:23:D9:B0 ('RSSI', -58) ('Header', '48') ('Channel', 4) ('MAC', 'B8:63:4D:A2:0E:13')
Data:  24:0A:C4:23:C1:EC ('RSSI', -53) ('Header', '48') ('Channel', 4) ('MAC', 'B8:63:4D:A2:0E:13')
Data:  24:0A:C4:23:D9:B0 ('RSSI', -58) ('Header', '48') ('Channel', 4) ('MAC', 'B8:63:4D:A2:0E:13')
Data:  3C:71:BF:99:F9:E0 ('RSSI', -50) ('Header', '48') ('Channel', 4) ('MAC', 'B8:63:4D:A2:0E:13')
Data:  3C:71:BF:99:F9:E0 ('RSSI', -50) ('Header', '48') ('Channel', 4) ('MAC', 'B8:63:4D:A2:0E:13')
Data:  24:0A:C4:23:C1:EC ('RSSI', -52) ('Header', '48') ('Channel', 4) ('MAC', 'B8:63:4D:A2:0E:13')
Data:  24:0A:C4:23:D9:B0 ('RSSI', -58) ('Header', '48') ('Channel', 4) ('MAC', 'B8:63:4D:A2:0E:13')
Data:  24:0A:C4:23:D9:B0 ('RSSI', -60) ('Header', '48') ('Channel', 4) ('MAC', 'B8:63:4D:A2:0E:13')
Data:  3C:71:BF:99:F9:E0 ('RSSI', -50) ('Header', '48') ('Channel', 4) ('MAC', 'B8:63:4D:A2:0E:13')
Data:  3C:71:BF:99:F9:E0 ('RSSI', -49) ('Header', '48') ('Channel', 4) ('MAC', 'B8:63:4D:A2:0E:13')
Data:  24:0A:C4:23:D9:B0 ('RSSI', -60) ('Header', '48') ('Channel', 4) ('MAC', 'B8:63:4D:A2:0E:13')
Data:  24:0A:C4:23:C1:EC ('RSSI', -52) ('Header', '48') ('Channel', 4) ('MAC', 'B8:63:4D:A2:0E:13')
Data:  24:0A:C4:23:D9:B0 ('RSSI', -60) ('Header', '48') ('Channel', 4) ('MAC', 'B8:63:4D:A2:0E:13')
Data:  3C:71:BF:99:F9:E0 ('RSSI', -49) ('Header', '48') ('Channel', 4) ('MAC', 'B8:63:4D:A2:0E:13')
Data:  24:0A:C4:23:C1:EC ('RSSI', -52) ('Header', '48') ('Channel', 4) ('MAC', 'B8:63:4D:A2:0E:13')
Data:  24:0A:C4:23:D9:B0 ('RSSI', -59) ('Header', '48') ('Channel', 4) ('MAC', 'B8:63:4D:A2:0E:13')
Data:  3C:71:BF:99:F9:E0 ('RSSI', -50) ('Header', '48') ('Channel', 4) ('MAC', 'B8:63:4D:A2:0E:13')
Data:  24:0A:C4:23:C1:EC ('RSSI', -52) ('Header', '48') ('Channel', 4) ('MAC', 'B8:63:4D:A2:0E:13')
Data:  3C:71:BF:99:F9:E0 ('RSSI', -50) ('Header', '48') ('Channel', 4) ('MAC', 'B8:63:4D:A2:0E:13')
Data:  24:0A:C4:23:C1:EC ('RSSI', -52) ('Header', '48') ('Channel', 4) ('MAC', 'B8:63:4D:A2:0E:13')
Data:  24:0A:C4:23:D9:B0 ('RSSI', -60) ('Header', '48') ('Channel', 4) ('MAC', 'B8:63:4D:A2:0E:13')
Data:  3C:71:BF:99:F9:E0 ('RSSI', -50) ('Header', '48') ('Channel', 4) ('MAC', 'B8:63:4D:A2:0E:13')
Data:  24:0A:C4:23:C1:EC ('RSSI', -53) ('Header', '48') ('Channel', 4) ('MAC', 'B8:63:4D:A2:0E:13')
Data:  24:0A:C4:23:D9:B0 ('RSSI', -60) ('Header', '48') ('Channel', 4) ('MAC', 'B8:63:4D:A2:0E:13')
Data:  3C:71:BF:99:F9:E0 ('RSSI', -50) ('Header', '48') ('Channel', 4) ('MAC', 'B8:63:4D:A2:0E:13')
Data:  24:0A:C4:23:C1:EC ('RSSI', -53) ('Header', '48') ('Channel', 4) ('MAC', 'B8:63:4D:A2:0E:13')
Data:  24:0A:C4:23:D9:B0 ('RSSI', -59) ('Header', '48') ('Channel', 4) ('MAC', 'B8:63:4D:A2:0E:13')
Data:  3C:71:BF:99:F9:E0 ('RSSI', -50) ('Header', '48') ('Channel', 4) ('MAC', 'B8:63:4D:A2:0E:13')
Data:  24:0A:C4:23:C1:EC ('RSSI', -53) ('Header', '48') ('Channel', 4) ('MAC', 'B8:63:4D:A2:0E:13')
Data:  24:0A:C4:23:D9:B0 ('RSSI', -59) ('Header', '48') ('Channel', 4) ('MAC', 'B8:63:4D:A2:0E:13')
Data:  3C:71:BF:99:F9:E0 ('RSSI', -50) ('Header', '48') ('Channel', 4) ('MAC', 'B8:63:4D:A2:0E:13')
Data:  24:0A:C4:23:C1:EC ('RSSI', -52) ('Header', '48') ('Channel', 4) ('MAC', 'B8:63:4D:A2:0E:13')
Data:  24:0A:C4:23:D9:B0 ('RSSI', -59) ('Header', '48') ('Channel', 4) ('MAC', 'B8:63:4D:A2:0E:13')
Data:  3C:71:BF:99:F9:E0 ('RSSI', -50) ('Header', '48') ('Channel', 4) ('MAC', 'B8:63:4D:A2:0E:13')
Data:  24:0A:C4:23:C1:EC ('RSSI', -52) ('Header', '48') ('Channel', 4) ('MAC', 'B8:63:4D:A2:0E:13')
Data:  24:0A:C4:23:D9:B0 ('RSSI', -59) ('Header', '48') ('Channel', 4) ('MAC', 'B8:63:4D:A2:0E:13')
Data:  24:0A:C4:23:D9:B0 ('RSSI', -59) ('Header', '48') ('Channel', 4) ('MAC', 'B8:63:4D:A2:0E:13')
Data:  24:0A:C4:23:C1:EC ('RSSI', -53) ('Header', '48') ('Channel', 4) ('MAC', 'B8:63:4D:A2:0E:13')
Summary:  3C:71:BF:99:F9:E0 113 {'B8:63:4D:A2:0E:13': -49.8}
Summary:  24:0A:C4:23:D9:B0 693 {'B8:63:4D:A2:0E:13': -59.1}
Summary:  24:0A:C4:23:C1:EC 903 {'B8:63:4D:A2:0E:13': -52.5}
Data:  3C:71:BF:99:F9:E0 ('RSSI', -50) ('Header', '48') ('Channel', 4) ('MAC', 'B8:63:4D:A2:0E:13')
Data:  24:0A:C4:23:D9:B0 ('RSSI', -59) ('Header', '48') ('Channel', 4) ('MAC', 'B8:63:4D:A2:0E:13')
Data:  3C:71:BF:99:F9:E0 ('RSSI', -50) ('Header', '48') ('Channel', 4) ('MAC', 'B8:63:4D:A2:0E:13')
Data:  24:0A:C4:23:C1:EC ('RSSI', -53) ('Header', '48') ('Channel', 4) ('MAC', 'B8:63:4D:A2:0E:13')
Data:  3C:71:BF:99:F9:E0 ('RSSI', -50) ('Header', '48') ('Channel', 4) ('MAC', 'B8:63:4D:A2:0E:13')
Data:  24:0A:C4:23:D9:B0 ('RSSI', -59) ('Header', '48') ('Channel', 4) ('MAC', 'B8:63:4D:A2:0E:13')
Data:  24:0A:C4:23:C1:EC ('RSSI', -52) ('Header', '48') ('Channel', 4) ('MAC', 'B8:63:4D:A2:0E:13')
Data:  24:0A:C4:23:C1:EC ('RSSI', -52) ('Header', '48') ('Channel', 4) ('MAC', 'B8:63:4D:A2:0E:13')
Data:  24:0A:C4:23:C1:EC ('RSSI', -52) ('Header', '48') ('Channel', 4) ('MAC', 'B8:63:4D:A2:0E:13')
Data:  3C:71:BF:99:F9:E0 ('RSSI', -50) ('Header', '48') ('Channel', 4) ('MAC', 'B8:63:4D:A2:0E:13')
Data:  24:0A:C4:23:D9:B0 ('RSSI', -58) ('Header', '48') ('Channel', 4) ('MAC', 'B8:63:4D:A2:0E:13')
Data:  3C:71:BF:99:F9:E0 ('RSSI', -50) ('Header', '48') ('Channel', 4) ('MAC', 'B8:63:4D:A2:0E:13')
Data:  24:0A:C4:23:D9:B0 ('RSSI', -58) ('Header', '48') ('Channel', 4) ('MAC', 'B8:63:4D:A2:0E:13')
Data:  3C:71:BF:99:F9:E0 ('RSSI', -50) ('Header', '48') ('Channel', 4) ('MAC', 'B8:63:4D:A2:0E:13')
Data:  24:0A:C4:23:C1:EC ('RSSI', -52) ('Header', '48') ('Channel', 4) ('MAC', 'B8:63:4D:A2:0E:13')
Data:  24:0A:C4:23:D9:B0 ('RSSI', -59) ('Header', '48') ('Channel', 4) ('MAC', 'B8:63:4D:A2:0E:13')
Data:  24:0A:C4:23:D9:B0 ('RSSI', -59) ('Header', '48') ('Channel', 4) ('MAC', 'B8:63:4D:A2:0E:13')
Data:  3C:71:BF:99:F9:E0 ('RSSI', -50) ('Header', '48') ('Channel', 4) ('MAC', 'B8:63:4D:A2:0E:13')
Data:  24:0A:C4:23:C1:EC ('RSSI', -53) ('Header', '48') ('Channel', 4) ('MAC', 'B8:63:4D:A2:0E:13')
Data:  3C:71:BF:99:F9:E0 ('RSSI', -50) ('Header', '48') ('Channel', 4) ('MAC', 'B8:63:4D:A2:0E:13')
Data:  24:0A:C4:23:C1:EC ('RSSI', -53) ('Header', '48') ('Channel', 4) ('MAC', 'B8:63:4D:A2:0E:13')
Data:  24:0A:C4:23:D9:B0 ('RSSI', -59) ('Header', '48') ('Channel', 4) ('MAC', 'B8:63:4D:A2:0E:13')
Data:  3C:71:BF:99:F9:E0 ('RSSI', -50) ('Header', '48') ('Channel', 4) ('MAC', 'B8:63:4D:A2:0E:13')
Data:  24:0A:C4:23:D9:B0 ('RSSI', -58) ('Header', '48') ('Channel', 4) ('MAC', 'B8:63:4D:A2:0E:13')
Data:  24:0A:C4:23:C1:EC ('RSSI', -53) ('Header', '48') ('Channel', 4) ('MAC', 'B8:63:4D:A2:0E:13')
Data:  3C:71:BF:99:F9:E0 ('RSSI', -50) ('Header', '48') ('Channel', 4) ('MAC', 'B8:63:4D:A2:0E:13')
Data:  24:0A:C4:23:D9:B0 ('RSSI', -59) ('Header', '48') ('Channel', 4) ('MAC', 'B8:63:4D:A2:0E:13')
Data:  24:0A:C4:23:C1:EC ('RSSI', -53) ('Header', '48') ('Channel', 4) ('MAC', 'B8:63:4D:A2:0E:13')
Data:  24:0A:C4:23:D9:B0 ('RSSI', -58) ('Header', '48') ('Channel', 4) ('MAC', 'B8:63:4D:A2:0E:13')
Data:  3C:71:BF:99:F9:E0 ('RSSI', -50) ('Header', '48') ('Channel', 4) ('MAC', 'B8:63:4D:A2:0E:13')
Data:  24:0A:C4:23:C1:EC ('RSSI', -52) ('Header', '48') ('Channel', 4) ('MAC', 'B8:63:4D:A2:0E:13')
Data:  24:0A:C4:23:D9:B0 ('RSSI', -58) ('Header', '48') ('Channel', 4) ('MAC', 'B8:63:4D:A2:0E:13')
Data:  3C:71:BF:99:F9:E0 ('RSSI', -50) ('Header', '48') ('Channel', 4) ('MAC', 'B8:63:4D:A2:0E:13')
Data:  24:0A:C4:23:C1:EC ('RSSI', -53) ('Header', '48') ('Channel', 4) ('MAC', 'B8:63:4D:A2:0E:13')
Data:  24:0A:C4:23:D9:B0 ('RSSI', -60) ('Header', '48') ('Channel', 4) ('MAC', 'B8:63:4D:A2:0E:13')
Data:  24:0A:C4:23:C1:EC ('RSSI', -53) ('Header', '48') ('Channel', 4) ('MAC', 'B8:63:4D:A2:0E:13')
Data:  3C:71:BF:99:F9:E0 ('RSSI', -50) ('Header', '48') ('Channel', 4) ('MAC', 'B8:63:4D:A2:0E:13')
Data:  24:0A:C4:23:D9:B0 ('RSSI', -59) ('Header', '48') ('Channel', 4) ('MAC', 'B8:63:4D:A2:0E:13')
Data:  3C:71:BF:99:F9:E0 ('RSSI', -50) ('Header', '48') ('Channel', 4) ('MAC', 'B8:63:4D:A2:0E:13')
Data:  24:0A:C4:23:C1:EC ('RSSI', -53) ('Header', '48') ('Channel', 4) ('MAC', 'B8:63:4D:A2:0E:13')
Data:  3C:71:BF:99:F9:E0 ('RSSI', -50) ('Header', '48') ('Channel', 4) ('MAC', 'B8:63:4D:A2:0E:13')
Data:  24:0A:C4:23:D9:B0 ('RSSI', -59) ('Header', '48') ('Channel', 4) ('MAC', 'B8:63:4D:A2:0E:13')
Data:  24:0A:C4:23:C1:EC ('RSSI', -53) ('Header', '48') ('Channel', 4) ('MAC', 'B8:63:4D:A2:0E:13')
Data:  24:0A:C4:23:D9:B0 ('RSSI', -59) ('Header', '48') ('Channel', 4) ('MAC', 'B8:63:4D:A2:0E:13')
Data:  3C:71:BF:99:F9:E0 ('RSSI', -49) ('Header', '48') ('Channel', 4) ('MAC', 'B8:63:4D:A2:0E:13')
Data:  24:0A:C4:23:C1:EC ('RSSI', -53) ('Header', '48') ('Channel', 4) ('MAC', 'B8:63:4D:A2:0E:13')
Data:  3C:71:BF:99:F9:E0 ('RSSI', -50) ('Header', '48') ('Channel', 4) ('MAC', 'B8:63:4D:A2:0E:13')
Data:  24:0A:C4:23:C1:EC ('RSSI', -53) ('Header', '48') ('Channel', 4) ('MAC', 'B8:63:4D:A2:0E:13')
Data:  24:0A:C4:23:D9:B0 ('RSSI', -59) ('Header', '48') ('Channel', 4) ('MAC', 'B8:63:4D:A2:0E:13')
Data:  3C:71:BF:99:F9:E0 ('RSSI', -50) ('Header', '48') ('Channel', 4) ('MAC', 'B8:63:4D:A2:0E:13')
Data:  24:0A:C4:23:C1:EC ('RSSI', -53) ('Header', '48') ('Channel', 4) ('MAC', 'B8:63:4D:A2:0E:13')
Data:  24:0A:C4:23:D9:B0 ('RSSI', -59) ('Header', '48') ('Channel', 4) ('MAC', 'B8:63:4D:A2:0E:13')
Data:  24:0A:C4:23:C1:EC ('RSSI', -54) ('Header', '48') ('Channel', 4) ('MAC', 'B8:63:4D:A2:0E:13')
Data:  24:0A:C4:23:D9:B0 ('RSSI', -59) ('Header', '48') ('Channel', 4) ('MAC', 'B8:63:4D:A2:0E:13')
Data:  3C:71:BF:99:F9:E0 ('RSSI', -50) ('Header', '48') ('Channel', 4) ('MAC', 'B8:63:4D:A2:0E:13')
Data:  3C:71:BF:99:F9:E0 ('RSSI', -50) ('Header', '48') ('Channel', 4) ('MAC', 'B8:63:4D:A2:0E:13')
Data:  24:0A:C4:23:C1:EC ('RSSI', -53) ('Header', '48') ('Channel', 4) ('MAC', 'B8:63:4D:A2:0E:13')
Data:  24:0A:C4:23:D9:B0 ('RSSI', -58) ('Header', '48') ('Channel', 4) ('MAC', 'B8:63:4D:A2:0E:13')
Data:  24:0A:C4:23:C1:EC ('RSSI', -53) ('Header', '48') ('Channel', 4) ('MAC', 'B8:63:4D:A2:0E:13')
Data:  3C:71:BF:99:F9:E0 ('RSSI', -50) ('Header', '48') ('Channel', 4) ('MAC', 'B8:63:4D:A2:0E:13')
Data:  24:0A:C4:23:D9:B0 ('RSSI', -59) ('Header', '48') ('Channel', 4) ('MAC', 'B8:63:4D:A2:0E:13')
Data:  24:0A:C4:23:C1:EC ('RSSI', -53) ('Header', '48') ('Channel', 4) ('MAC', 'B8:63:4D:A2:0E:13')
Data:  24:0A:C4:23:D9:B0 ('RSSI', -59) ('Header', '48') ('Channel', 4) ('MAC', 'B8:63:4D:A2:0E:13')
Data:  3C:71:BF:99:F9:E0 ('RSSI', -50) ('Header', '48') ('Channel', 4) ('MAC', 'B8:63:4D:A2:0E:13')
Data:  24:0A:C4:23:C1:EC ('RSSI', -53) ('Header', '48') ('Channel', 4) ('MAC', 'B8:63:4D:A2:0E:13')
Data:  24:0A:C4:23:C1:EC ('RSSI', -53) ('Header', '48') ('Channel', 4) ('MAC', 'B8:63:4D:A2:0E:13')
Data:  24:0A:C4:23:D9:B0 ('RSSI', -58) ('Header', '48') ('Channel', 4) ('MAC', 'B8:63:4D:A2:0E:13')
Data:  24:0A:C4:23:D9:B0 ('RSSI', -58) ('Header', '48') ('Channel', 4) ('MAC', 'B8:63:4D:A2:0E:13')
Data:  3C:71:BF:99:F9:E0 ('RSSI', -50) ('Header', '48') ('Channel', 4) ('MAC', 'B8:63:4D:A2:0E:13')
Data:  3C:71:BF:99:F9:E0 ('RSSI', -50) ('Header', '48') ('Channel', 4) ('MAC', 'B8:63:4D:A2:0E:13')
Data:  24:0A:C4:23:D9:B0 ('RSSI', -59) ('Header', '48') ('Channel', 4) ('MAC', 'B8:63:4D:A2:0E:13')
Summary:  3C:71:BF:99:F9:E0 113 {'B8:63:4D:A2:0E:13': -50.0}
Summary:  24:0A:C4:23:D9:B0 693 {'B8:63:4D:A2:0E:13': -58.7}
Summary:  24:0A:C4:23:C1:EC 903 {'B8:63:4D:A2:0E:13': -52.8}
Data:  3C:71:BF:99:F9:E0 ('RSSI', -50) ('Header', '48') ('Channel', 4) ('MAC', 'B8:63:4D:A2:0E:13')
Data:  24:0A:C4:23:C1:EC ('RSSI', -53) ('Header', '48') ('Channel', 4) ('MAC', 'B8:63:4D:A2:0E:13')
Data:  24:0A:C4:23:C1:EC ('RSSI', -53) ('Header', '48') ('Channel', 4) ('MAC', 'B8:63:4D:A2:0E:13')
Data:  24:0A:C4:23:D9:B0 ('RSSI', -58) ('Header', '48') ('Channel', 4) ('MAC', 'B8:63:4D:A2:0E:13')
Data:  3C:71:BF:99:F9:E0 ('RSSI', -50) ('Header', '48') ('Channel', 4) ('MAC', 'B8:63:4D:A2:0E:13')
Data:  24:0A:C4:23:C1:EC ('RSSI', -53) ('Header', '48') ('Channel', 4) ('MAC', 'B8:63:4D:A2:0E:13')
Data:  24:0A:C4:23:D9:B0 ('RSSI', -59) ('Header', '48') ('Channel', 4) ('MAC', 'B8:63:4D:A2:0E:13')
Data:  3C:71:BF:99:F9:E0 ('RSSI', -50) ('Header', '48') ('Channel', 4) ('MAC', 'B8:63:4D:A2:0E:13')
Data:  3C:71:BF:99:F9:E0 ('RSSI', -50) ('Header', '48') ('Channel', 4) ('MAC', 'B8:63:4D:A2:0E:13')
Data:  24:0A:C4:23:C1:EC ('RSSI', -53) ('Header', '48') ('Channel', 4) ('MAC', 'B8:63:4D:A2:0E:13')
Data:  24:0A:C4:23:D9:B0 ('RSSI', -59) ('Header', '48') ('Channel', 4) ('MAC', 'B8:63:4D:A2:0E:13')
Data:  3C:71:BF:99:F9:E0 ('RSSI', -50) ('Header', '48') ('Channel', 4) ('MAC', 'B8:63:4D:A2:0E:13')
Data:  24:0A:C4:23:C1:EC ('RSSI', -53) ('Header', '48') ('Channel', 4) ('MAC', 'B8:63:4D:A2:0E:13')
Data:  24:0A:C4:23:D9:B0 ('RSSI', -59) ('Header', '48') ('Channel', 4) ('MAC', 'B8:63:4D:A2:0E:13')
Data:  3C:71:BF:99:F9:E0 ('RSSI', -50) ('Header', '48') ('Channel', 4) ('MAC', 'B8:63:4D:A2:0E:13')
Data:  24:0A:C4:23:D9:B0 ('RSSI', -58) ('Header', '48') ('Channel', 4) ('MAC', 'B8:63:4D:A2:0E:13')
Data:  24:0A:C4:23:C1:EC ('RSSI', -52) ('Header', '48') ('Channel', 4) ('MAC', 'B8:63:4D:A2:0E:13')
Data:  3C:71:BF:99:F9:E0 ('RSSI', -50) ('Header', '48') ('Channel', 4) ('MAC', 'B8:63:4D:A2:0E:13')
Data:  24:0A:C4:23:D9:B0 ('RSSI', -57) ('Header', '48') ('Channel', 4) ('MAC', 'B8:63:4D:A2:0E:13')
Data:  24:0A:C4:23:C1:EC ('RSSI', -52) ('Header', '48') ('Channel', 4) ('MAC', 'B8:63:4D:A2:0E:13')
Data:  3C:71:BF:99:F9:E0 ('RSSI', -50) ('Header', '48') ('Channel', 4) ('MAC', 'B8:63:4D:A2:0E:13')
Data:  24:0A:C4:23:C1:EC ('RSSI', -52) ('Header', '48') ('Channel', 4) ('MAC', 'B8:63:4D:A2:0E:13')
Data:  24:0A:C4:23:D9:B0 ('RSSI', -59) ('Header', '48') ('Channel', 4) ('MAC', 'B8:63:4D:A2:0E:13')
Data:  24:0A:C4:23:D9:B0 ('RSSI', -59) ('Header', '48') ('Channel', 4) ('MAC', 'B8:63:4D:A2:0E:13')
Data:  24:0A:C4:23:C1:EC ('RSSI', -52) ('Header', '48') ('Channel', 4) ('MAC', 'B8:63:4D:A2:0E:13')
Data:  3C:71:BF:99:F9:E0 ('RSSI', -50) ('Header', '48') ('Channel', 4) ('MAC', 'B8:63:4D:A2:0E:13')
Data:  24:0A:C4:23:D9:B0 ('RSSI', -58) ('Header', '48') ('Channel', 4) ('MAC', 'B8:63:4D:A2:0E:13')
Data:  3C:71:BF:99:F9:E0 ('RSSI', -50) ('Header', '48') ('Channel', 4) ('MAC', 'B8:63:4D:A2:0E:13')
Data:  24:0A:C4:23:C1:EC ('RSSI', -53) ('Header', '48') ('Channel', 4) ('MAC', 'B8:63:4D:A2:0E:13')
Data:  24:0A:C4:23:D9:B0 ('RSSI', -58) ('Header', '48') ('Channel', 4) ('MAC', 'B8:63:4D:A2:0E:13')
Data:  24:0A:C4:23:C1:EC ('RSSI', -53) ('Header', '48') ('Channel', 4) ('MAC', 'B8:63:4D:A2:0E:13')
Data:  3C:71:BF:99:F9:E0 ('RSSI', -50) ('Header', '48') ('Channel', 4) ('MAC', 'B8:63:4D:A2:0E:13')
Data:  3C:71:BF:99:F9:E0 ('RSSI', -50) ('Header', '48') ('Channel', 4) ('MAC', 'B8:63:4D:A2:0E:13')
Data:  24:0A:C4:23:D9:B0 ('RSSI', -59) ('Header', '48') ('Channel', 4) ('MAC', 'B8:63:4D:A2:0E:13')
Data:  24:0A:C4:23:C1:EC ('RSSI', -52) ('Header', '48') ('Channel', 4) ('MAC', 'B8:63:4D:A2:0E:13')
Data:  3C:71:BF:99:F9:E0 ('RSSI', -50) ('Header', '48') ('Channel', 4) ('MAC', 'B8:63:4D:A2:0E:13')
Data:  24:0A:C4:23:D9:B0 ('RSSI', -59) ('Header', '48') ('Channel', 4) ('MAC', 'B8:63:4D:A2:0E:13')
Data:  24:0A:C4:23:C1:EC ('RSSI', -53) ('Header', '48') ('Channel', 4) ('MAC', 'B8:63:4D:A2:0E:13')
Data:  3C:71:BF:99:F9:E0 ('RSSI', -50) ('Header', '48') ('Channel', 4) ('MAC', 'B8:63:4D:A2:0E:13')
Data:  24:0A:C4:23:C1:EC ('RSSI', -52) ('Header', '48') ('Channel', 4) ('MAC', 'B8:63:4D:A2:0E:13')
Data:  24:0A:C4:23:D9:B0 ('RSSI', -59) ('Header', '48') ('Channel', 4) ('MAC', 'B8:63:4D:A2:0E:13')
Data:  3C:71:BF:99:F9:E0 ('RSSI', -50) ('Header', '48') ('Channel', 4) ('MAC', 'B8:63:4D:A2:0E:13')
Data:  24:0A:C4:23:C1:EC ('RSSI', -53) ('Header', '48') ('Channel', 4) ('MAC', 'B8:63:4D:A2:0E:13')
Data:  24:0A:C4:23:D9:B0 ('RSSI', -58) ('Header', '48') ('Channel', 4) ('MAC', 'B8:63:4D:A2:0E:13')
Data:  24:0A:C4:23:C1:EC ('RSSI', -53) ('Header', '48') ('Channel', 4) ('MAC', 'B8:63:4D:A2:0E:13')
Data:  24:0A:C4:23:D9:B0 ('RSSI', -58) ('Header', '48') ('Channel', 4) ('MAC', 'B8:63:4D:A2:0E:13')
Data:  3C:71:BF:99:F9:E0 ('RSSI', -50) ('Header', '48') ('Channel', 4) ('MAC', 'B8:63:4D:A2:0E:13')
Data:  24:0A:C4:23:C1:EC ('RSSI', -53) ('Header', '48') ('Channel', 4) ('MAC', 'B8:63:4D:A2:0E:13')
Data:  24:0A:C4:23:D9:B0 ('RSSI', -58) ('Header', '48') ('Channel', 4) ('MAC', 'B8:63:4D:A2:0E:13')
Data:  3C:71:BF:99:F9:E0 ('RSSI', -50) ('Header', '48') ('Channel', 4) ('MAC', 'B8:63:4D:A2:0E:13')
Data:  24:0A:C4:23:C1:EC ('RSSI', -53) ('Header', '48') ('Channel', 4) ('MAC', 'B8:63:4D:A2:0E:13')
Data:  3C:71:BF:99:F9:E0 ('RSSI', -50) ('Header', '48') ('Channel', 4) ('MAC', 'B8:63:4D:A2:0E:13')
Data:  24:0A:C4:23:D9:B0 ('RSSI', -59) ('Header', '48') ('Channel', 4) ('MAC', 'B8:63:4D:A2:0E:13')
Data:  24:0A:C4:23:C1:EC ('RSSI', -52) ('Header', '48') ('Channel', 4) ('MAC', 'B8:63:4D:A2:0E:13')
Data:  3C:71:BF:99:F9:E0 ('RSSI', -50) ('Header', '48') ('Channel', 4) ('MAC', 'B8:63:4D:A2:0E:13')
Data:  24:0A:C4:23:D9:B0 ('RSSI', -58) ('Header', '48') ('Channel', 4) ('MAC', 'B8:63:4D:A2:0E:13')
Data:  3C:71:BF:99:F9:E0 ('RSSI', -50) ('Header', '48') ('Channel', 4) ('MAC', 'B8:63:4D:A2:0E:13')
Data:  24:0A:C4:23:C1:EC ('RSSI', -52) ('Header', '48') ('Channel', 4) ('MAC', 'B8:63:4D:A2:0E:13')
Data:  24:0A:C4:23:D9:B0 ('RSSI', -58) ('Header', '48') ('Channel', 4) ('MAC', 'B8:63:4D:A2:0E:13')
Data:  3C:71:BF:99:F9:E0 ('RSSI', -50) ('Header', '48') ('Channel', 4) ('MAC', 'B8:63:4D:A2:0E:13')
Data:  24:0A:C4:23:C1:EC ('RSSI', -52) ('Header', '48') ('Channel', 4) ('MAC', 'B8:63:4D:A2:0E:13')
Data:  24:0A:C4:23:D9:B0 ('RSSI', -58) ('Header', '48') ('Channel', 4) ('MAC', 'B8:63:4D:A2:0E:13')
Data:  24:0A:C4:23:C1:EC ('RSSI', -52) ('Header', '48') ('Channel', 4) ('MAC', 'B8:63:4D:A2:0E:13')
Summary:  3C:71:BF:99:F9:E0 113 {'B8:63:4D:A2:0E:13': -50.0}
Summary:  24:0A:C4:23:D9:B0 693 {'B8:63:4D:A2:0E:13': -58.4}
Summary:  24:0A:C4:23:C1:EC 903 {'B8:63:4D:A2:0E:13': -52.5}
Data:  24:0A:C4:23:D9:B0 ('RSSI', -59) ('Header', '48') ('Channel', 4) ('MAC', 'B8:63:4D:A2:0E:13')
Data:  3C:71:BF:99:F9:E0 ('RSSI', -50) ('Header', '48') ('Channel', 4) ('MAC', 'B8:63:4D:A2:0E:13')
Data:  24:0A:C4:23:D9:B0 ('RSSI', -59) ('Header', '48') ('Channel', 4) ('MAC', 'B8:63:4D:A2:0E:13')
Data:  3C:71:BF:99:F9:E0 ('RSSI', -50) ('Header', '48') ('Channel', 4) ('MAC', 'B8:63:4D:A2:0E:13')
Data:  24:0A:C4:23:C1:EC ('RSSI', -52) ('Header', '48') ('Channel', 4) ('MAC', 'B8:63:4D:A2:0E:13')
Data:  3C:71:BF:99:F9:E0 ('RSSI', -50) ('Header', '48') ('Channel', 4) ('MAC', 'B8:63:4D:A2:0E:13')
Data:  24:0A:C4:23:C1:EC ('RSSI', -53) ('Header', '48') ('Channel', 4) ('MAC', 'B8:63:4D:A2:0E:13')
Data:  24:0A:C4:23:D9:B0 ('RSSI', -59) ('Header', '48') ('Channel', 4) ('MAC', 'B8:63:4D:A2:0E:13')
Data:  3C:71:BF:99:F9:E0 ('RSSI', -50) ('Header', '48') ('Channel', 4) ('MAC', 'B8:63:4D:A2:0E:13')
Data:  24:0A:C4:23:D9:B0 ('RSSI', -59) ('Header', '48') ('Channel', 4) ('MAC', 'B8:63:4D:A2:0E:13')
Data:  24:0A:C4:23:C1:EC ('RSSI', -53) ('Header', '48') ('Channel', 4) ('MAC', 'B8:63:4D:A2:0E:13')
Data:  3C:71:BF:99:F9:E0 ('RSSI', -50) ('Header', '48') ('Channel', 4) ('MAC', 'B8:63:4D:A2:0E:13')
Data:  24:0A:C4:23:C1:EC ('RSSI', -53) ('Header', '48') ('Channel', 4) ('MAC', 'B8:63:4D:A2:0E:13')
Data:  24:0A:C4:23:D9:B0 ('RSSI', -59) ('Header', '48') ('Channel', 4) ('MAC', 'B8:63:4D:A2:0E:13')
Data:  24:0A:C4:23:C1:EC ('RSSI', -53) ('Header', '48') ('Channel', 4) ('MAC', 'B8:63:4D:A2:0E:13')
Data:  3C:71:BF:99:F9:E0 ('RSSI', -51) ('Header', '48') ('Channel', 4) ('MAC', 'B8:63:4D:A2:0E:13')
Data:  24:0A:C4:23:D9:B0 ('RSSI', -59) ('Header', '48') ('Channel', 4) ('MAC', 'B8:63:4D:A2:0E:13')
Data:  24:0A:C4:23:D9:B0 ('RSSI', -59) ('Header', '48') ('Channel', 4) ('MAC', 'B8:63:4D:A2:0E:13')
Data:  3C:71:BF:99:F9:E0 ('RSSI', -51) ('Header', '48') ('Channel', 4) ('MAC', 'B8:63:4D:A2:0E:13')
Data:  24:0A:C4:23:C1:EC ('RSSI', -53) ('Header', '48') ('Channel', 4) ('MAC', 'B8:63:4D:A2:0E:13')
Data:  24:0A:C4:23:D9:B0 ('RSSI', -58) ('Header', '48') ('Channel', 4) ('MAC', 'B8:63:4D:A2:0E:13')
Data:  3C:71:BF:99:F9:E0 ('RSSI', -50) ('Header', '48') ('Channel', 4) ('MAC', 'B8:63:4D:A2:0E:13')
Data:  24:0A:C4:23:C1:EC ('RSSI', -52) ('Header', '48') ('Channel', 4) ('MAC', 'B8:63:4D:A2:0E:13')
Data:  24:0A:C4:23:D9:B0 ('RSSI', -58) ('Header', '48') ('Channel', 4) ('MAC', 'B8:63:4D:A2:0E:13')
Data:  24:0A:C4:23:C1:EC ('RSSI', -52) ('Header', '48') ('Channel', 4) ('MAC', 'B8:63:4D:A2:0E:13')
Data:  3C:71:BF:99:F9:E0 ('RSSI', -50) ('Header', '48') ('Channel', 4) ('MAC', 'B8:63:4D:A2:0E:13')
Data:  24:0A:C4:23:C1:EC ('RSSI', -52) ('Header', '48') ('Channel', 4) ('MAC', 'B8:63:4D:A2:0E:13')
Data:  24:0A:C4:23:D9:B0 ('RSSI', -59) ('Header', '48') ('Channel', 4) ('MAC', 'B8:63:4D:A2:0E:13')
Data:  3C:71:BF:99:F9:E0 ('RSSI', -50) ('Header', '48') ('Channel', 4) ('MAC', 'B8:63:4D:A2:0E:13')
Data:  24:0A:C4:23:C1:EC ('RSSI', -53) ('Header', '48') ('Channel', 4) ('MAC', 'B8:63:4D:A2:0E:13')
Data:  24:0A:C4:23:D9:B0 ('RSSI', -59) ('Header', '48') ('Channel', 4) ('MAC', 'B8:63:4D:A2:0E:13')
Data:  3C:71:BF:99:F9:E0 ('RSSI', -50) ('Header', '48') ('Channel', 4) ('MAC', 'B8:63:4D:A2:0E:13')
Data:  24:0A:C4:23:D9:B0 ('RSSI', -58) ('Header', '48') ('Channel', 4) ('MAC', 'B8:63:4D:A2:0E:13')
Data:  3C:71:BF:99:F9:E0 ('RSSI', -51) ('Header', '48') ('Channel', 4) ('MAC', 'B8:63:4D:A2:0E:13')
Data:  24:0A:C4:23:C1:EC ('RSSI', -52) ('Header', '48') ('Channel', 4) ('MAC', 'B8:63:4D:A2:0E:13')
Data:  3C:71:BF:99:F9:E0 ('RSSI', -51) ('Header', '48') ('Channel', 4) ('MAC', 'B8:63:4D:A2:0E:13')
Data:  24:0A:C4:23:D9:B0 ('RSSI', -58) ('Header', '48') ('Channel', 4) ('MAC', 'B8:63:4D:A2:0E:13')
Data:  24:0A:C4:23:C1:EC ('RSSI', -52) ('Header', '48') ('Channel', 4) ('MAC', 'B8:63:4D:A2:0E:13')
Data:  3C:71:BF:99:F9:E0 ('RSSI', -50) ('Header', '48') ('Channel', 4) ('MAC', 'B8:63:4D:A2:0E:13')
Data:  24:0A:C4:23:D9:B0 ('RSSI', -58) ('Header', '48') ('Channel', 4) ('MAC', 'B8:63:4D:A2:0E:13')
Data:  24:0A:C4:23:C1:EC ('RSSI', -52) ('Header', '48') ('Channel', 4) ('MAC', 'B8:63:4D:A2:0E:13')
Data:  24:0A:C4:23:D9:B0 ('RSSI', -59) ('Header', '48') ('Channel', 4) ('MAC', 'B8:63:4D:A2:0E:13')
Data:  3C:71:BF:99:F9:E0 ('RSSI', -50) ('Header', '48') ('Channel', 4) ('MAC', 'B8:63:4D:A2:0E:13')
Data:  24:0A:C4:23:C1:EC ('RSSI', -52) ('Header', '48') ('Channel', 4) ('MAC', 'B8:63:4D:A2:0E:13')
Data:  24:0A:C4:23:D9:B0 ('RSSI', -59) ('Header', '48') ('Channel', 4) ('MAC', 'B8:63:4D:A2:0E:13')
Data:  3C:71:BF:99:F9:E0 ('RSSI', -50) ('Header', '48') ('Channel', 4) ('MAC', 'B8:63:4D:A2:0E:13')
Data:  24:0A:C4:23:C1:EC ('RSSI', -52) ('Header', '48') ('Channel', 4) ('MAC', 'B8:63:4D:A2:0E:13')
Data:  24:0A:C4:23:D9:B0 ('RSSI', -59) ('Header', '48') ('Channel', 4) ('MAC', 'B8:63:4D:A2:0E:13')
Data:  3C:71:BF:99:F9:E0 ('RSSI', -50) ('Header', '48') ('Channel', 4) ('MAC', 'B8:63:4D:A2:0E:13')
Data:  24:0A:C4:23:C1:EC ('RSSI', -53) ('Header', '48') ('Channel', 4) ('MAC', 'B8:63:4D:A2:0E:13')
Data:  24:0A:C4:23:C1:EC ('RSSI', -52) ('Header', '48') ('Channel', 4) ('MAC', 'B8:63:4D:A2:0E:13')
Data:  24:0A:C4:23:D9:B0 ('RSSI', -59) ('Header', '48') ('Channel', 4) ('MAC', 'B8:63:4D:A2:0E:13')
Data:  3C:71:BF:99:F9:E0 ('RSSI', -50) ('Header', '48') ('Channel', 4) ('MAC', 'B8:63:4D:A2:0E:13')
Data:  3C:71:BF:99:F9:E0 ('RSSI', -50) ('Header', '48') ('Channel', 4) ('MAC', 'B8:63:4D:A2:0E:13')
Data:  24:0A:C4:23:C1:EC ('RSSI', -52) ('Header', '48') ('Channel', 4) ('MAC', 'B8:63:4D:A2:0E:13')
Data:  24:0A:C4:23:D9:B0 ('RSSI', -58) ('Header', '48') ('Channel', 4) ('MAC', 'B8:63:4D:A2:0E:13')
Data:  24:0A:C4:23:D9:B0 ('RSSI', -59) ('Header', '48') ('Channel', 4) ('MAC', 'B8:63:4D:A2:0E:13')
Data:  3C:71:BF:99:F9:E0 ('RSSI', -50) ('Header', '48') ('Channel', 4) ('MAC', 'B8:63:4D:A2:0E:13')
Data:  24:0A:C4:23:C1:EC ('RSSI', -53) ('Header', '48') ('Channel', 4) ('MAC', 'B8:63:4D:A2:0E:13')
Data:  24:0A:C4:23:C1:EC ('RSSI', -52) ('Header', '48') ('Channel', 4) ('MAC', 'B8:63:4D:A2:0E:13')
Data:  24:0A:C4:23:D9:B0 ('RSSI', -59) ('Header', '48') ('Channel', 4) ('MAC', 'B8:63:4D:A2:0E:13')
Data:  3C:71:BF:99:F9:E0 ('RSSI', -50) ('Header', '48') ('Channel', 4) ('MAC', 'B8:63:4D:A2:0E:13')
Data:  24:0A:C4:23:C1:EC ('RSSI', -52) ('Header', '48') ('Channel', 4) ('MAC', 'B8:63:4D:A2:0E:13')
Data:  3C:71:BF:99:F9:E0 ('RSSI', -50) ('Header', '48') ('Channel', 4) ('MAC', 'B8:63:4D:A2:0E:13')
Data:  24:0A:C4:23:D9:B0 ('RSSI', -59) ('Header', '48') ('Channel', 4) ('MAC', 'B8:63:4D:A2:0E:13')
Data:  3C:71:BF:99:F9:E0 ('RSSI', -50) ('Header', '48') ('Channel', 4) ('MAC', 'B8:63:4D:A2:0E:13')
Data:  24:0A:C4:23:D9:B0 ('RSSI', -59) ('Header', '48') ('Channel', 4) ('MAC', 'B8:63:4D:A2:0E:13')
Data:  24:0A:C4:23:C1:EC ('RSSI', -52) ('Header', '48') ('Channel', 4) ('MAC', 'B8:63:4D:A2:0E:13')
Data:  3C:71:BF:99:F9:E0 ('RSSI', -51) ('Header', '48') ('Channel', 4) ('MAC', 'B8:63:4D:A2:0E:13')
Data:  24:0A:C4:23:C1:EC ('RSSI', -51) ('Header', '48') ('Channel', 4) ('MAC', 'B8:63:4D:A2:0E:13')
Data:  24:0A:C4:23:D9:B0 ('RSSI', -58) ('Header', '48') ('Channel', 4) ('MAC', 'B8:63:4D:A2:0E:13')
Data:  24:0A:C4:23:D9:B0 ('RSSI', -59) ('Header', '48') ('Channel', 4) ('MAC', 'B8:63:4D:A2:0E:13')
Data:  24:0A:C4:23:C1:EC ('RSSI', -52) ('Header', '48') ('Channel', 4) ('MAC', 'B8:63:4D:A2:0E:13')
Data:  3C:71:BF:99:F9:E0 ('RSSI', -51) ('Header', '48') ('Channel', 4) ('MAC', 'B8:63:4D:A2:0E:13')
Data:  24:0A:C4:23:C1:EC ('RSSI', -51) ('Header', '48') ('Channel', 4) ('MAC', 'B8:63:4D:A2:0E:13')
Data:  24:0A:C4:23:D9:B0 ('RSSI', -59) ('Header', '48') ('Channel', 4) ('MAC', 'B8:63:4D:A2:0E:13')
Data:  3C:71:BF:99:F9:E0 ('RSSI', -50) ('Header', '48') ('Channel', 4) ('MAC', 'B8:63:4D:A2:0E:13')
Data:  3C:71:BF:99:F9:E0 ('RSSI', -50) ('Header', '48') ('Channel', 4) ('MAC', 'B8:63:4D:A2:0E:13')
Data:  24:0A:C4:23:C1:EC ('RSSI', -52) ('Header', '48') ('Channel', 4) ('MAC', 'B8:63:4D:A2:0E:13')
Data:  24:0A:C4:23:D9:B0 ('RSSI', -59) ('Header', '48') ('Channel', 4) ('MAC', 'B8:63:4D:A2:0E:13')
Data:  3C:71:BF:99:F9:E0 ('RSSI', -50) ('Header', '48') ('Channel', 4) ('MAC', 'B8:63:4D:A2:0E:13')
Data:  24:0A:C4:23:C1:EC ('RSSI', -52) ('Header', '48') ('Channel', 4) ('MAC', 'B8:63:4D:A2:0E:13')
Data:  24:0A:C4:23:D9:B0 ('RSSI', -59) ('Header', '48') ('Channel', 4) ('MAC', 'B8:63:4D:A2:0E:13')
Data:  24:0A:C4:23:C1:EC ('RSSI', -51) ('Header', '48') ('Channel', 4) ('MAC', 'B8:63:4D:A2:0E:13')
Data:  3C:71:BF:99:F9:E0 ('RSSI', -51) ('Header', '48') ('Channel', 4) ('MAC', 'B8:63:4D:A2:0E:13')
Data:  24:0A:C4:23:D9:B0 ('RSSI', -60) ('Header', '48') ('Channel', 4) ('MAC', 'B8:63:4D:A2:0E:13')
Data:  3C:71:BF:99:F9:E0 ('RSSI', -50) ('Header', '48') ('Channel', 4) ('MAC', 'B8:63:4D:A2:0E:13')
Data:  24:0A:C4:23:C1:EC ('RSSI', -52) ('Header', '48') ('Channel', 4) ('MAC', 'B8:63:4D:A2:0E:13')
Data:  24:0A:C4:23:D9:B0 ('RSSI', -60) ('Header', '48') ('Channel', 4) ('MAC', 'B8:63:4D:A2:0E:13')
Data:  24:0A:C4:23:C1:EC ('RSSI', -52) ('Header', '48') ('Channel', 4) ('MAC', 'B8:63:4D:A2:0E:13')
Data:  24:0A:C4:23:D9:B0 ('RSSI', -60) ('Header', '48') ('Channel', 4) ('MAC', 'B8:63:4D:A2:0E:13')
Data:  3C:71:BF:99:F9:E0 ('RSSI', -51) ('Header', '48') ('Channel', 4) ('MAC', 'B8:63:4D:A2:0E:13')
Data:  3C:71:BF:99:F9:E0 ('RSSI', -51) ('Header', '48') ('Channel', 4) ('MAC', 'B8:63:4D:A2:0E:13')
Data:  24:0A:C4:23:D9:B0 ('RSSI', -59) ('Header', '48') ('Channel', 4) ('MAC', 'B8:63:4D:A2:0E:13')
Data:  24:0A:C4:23:C1:EC ('RSSI', -52) ('Header', '48') ('Channel', 4) ('MAC', 'B8:63:4D:A2:0E:13')
Data:  3C:71:BF:99:F9:E0 ('RSSI', -50) ('Header', '48') ('Channel', 4) ('MAC', 'B8:63:4D:A2:0E:13')
Data:  24:0A:C4:23:D9:B0 ('RSSI', -59) ('Header', '48') ('Channel', 4) ('MAC', 'B8:63:4D:A2:0E:13')
Data:  24:0A:C4:23:C1:EC ('RSSI', -52) ('Header', '48') ('Channel', 4) ('MAC', 'B8:63:4D:A2:0E:13')
Data:  3C:71:BF:99:F9:E0 ('RSSI', -51) ('Header', '48') ('Channel', 4) ('MAC', 'B8:63:4D:A2:0E:13')
Data:  24:0A:C4:23:C1:EC ('RSSI', -53) ('Header', '48') ('Channel', 4) ('MAC', 'B8:63:4D:A2:0E:13')
Data:  24:0A:C4:23:D9:B0 ('RSSI', -61) ('Header', '48') ('Channel', 4) ('MAC', 'B8:63:4D:A2:0E:13')
Data:  3C:71:BF:99:F9:E0 ('RSSI', -50) ('Header', '48') ('Channel', 4) ('MAC', 'B8:63:4D:A2:0E:13')
Data:  24:0A:C4:23:D9:B0 ('RSSI', -58) ('Header', '48') ('Channel', 4) ('MAC', 'B8:63:4D:A2:0E:13')
Data:  24:0A:C4:23:C1:EC ('RSSI', -53) ('Header', '48') ('Channel', 4) ('MAC', 'B8:63:4D:A2:0E:13')
Summary:  3C:71:BF:99:F9:E0 113 {'B8:63:4D:A2:0E:13': -50.3}
Summary:  24:0A:C4:23:D9:B0 693 {'B8:63:4D:A2:0E:13': -58.9}
Summary:  24:0A:C4:23:C1:EC 903 {'B8:63:4D:A2:0E:13': -52.2}
Data:  3C:71:BF:99:F9:E0 ('RSSI', -52) ('Header', '48') ('Channel', 4) ('MAC', 'B8:63:4D:A2:0E:13')
Data:  24:0A:C4:23:C1:EC ('RSSI', -53) ('Header', '48') ('Channel', 4) ('MAC', 'B8:63:4D:A2:0E:13')
Data:  24:0A:C4:23:D9:B0 ('RSSI', -59) ('Header', '48') ('Channel', 4) ('MAC', 'B8:63:4D:A2:0E:13')
Data:  24:0A:C4:23:D9:B0 ('RSSI', -61) ('Header', '48') ('Channel', 4) ('MAC', 'B8:63:4D:A2:0E:13')
Data:  3C:71:BF:99:F9:E0 ('RSSI', -50) ('Header', '48') ('Channel', 4) ('MAC', 'B8:63:4D:A2:0E:13')
Data:  24:0A:C4:23:C1:EC ('RSSI', -51) ('Header', '48') ('Channel', 4) ('MAC', 'B8:63:4D:A2:0E:13')
Data:  3C:71:BF:99:F9:E0 ('RSSI', -49) ('Header', '48') ('Channel', 4) ('MAC', 'B8:63:4D:A2:0E:13')
Data:  24:0A:C4:23:C1:EC ('RSSI', -51) ('Header', '48') ('Channel', 4) ('MAC', 'B8:63:4D:A2:0E:13')
Data:  24:0A:C4:23:D9:B0 ('RSSI', -59) ('Header', '48') ('Channel', 4) ('MAC', 'B8:63:4D:A2:0E:13')
Data:  24:0A:C4:23:C1:EC ('RSSI', -52) ('Header', '48') ('Channel', 4) ('MAC', 'B8:63:4D:A2:0E:13')
Data:  3C:71:BF:99:F9:E0 ('RSSI', -48) ('Header', '48') ('Channel', 4) ('MAC', 'B8:63:4D:A2:0E:13')
Data:  24:0A:C4:23:D9:B0 ('RSSI', -58) ('Header', '48') ('Channel', 4) ('MAC', 'B8:63:4D:A2:0E:13')
Data:  24:0A:C4:23:D9:B0 ('RSSI', -57) ('Header', '48') ('Channel', 4) ('MAC', 'B8:63:4D:A2:0E:13')
Data:  3C:71:BF:99:F9:E0 ('RSSI', -49) ('Header', '48') ('Channel', 4) ('MAC', 'B8:63:4D:A2:0E:13')
Data:  24:0A:C4:23:C1:EC ('RSSI', -56) ('Header', '48') ('Channel', 4) ('MAC', 'B8:63:4D:A2:0E:13')
Data:  3C:71:BF:99:F9:E0 ('RSSI', -47) ('Header', '48') ('Channel', 4) ('MAC', 'B8:63:4D:A2:0E:13')
Data:  24:0A:C4:23:D9:B0 ('RSSI', -57) ('Header', '48') ('Channel', 4) ('MAC', 'B8:63:4D:A2:0E:13')
Data:  24:0A:C4:23:C1:EC ('RSSI', -54) ('Header', '48') ('Channel', 4) ('MAC', 'B8:63:4D:A2:0E:13')
Data:  24:0A:C4:23:C1:EC ('RSSI', -54) ('Header', '48') ('Channel', 4) ('MAC', 'B8:63:4D:A2:0E:13')
Data:  24:0A:C4:23:D9:B0 ('RSSI', -57) ('Header', '48') ('Channel', 4) ('MAC', 'B8:63:4D:A2:0E:13')
Data:  3C:71:BF:99:F9:E0 ('RSSI', -48) ('Header', '48') ('Channel', 4) ('MAC', 'B8:63:4D:A2:0E:13')
Data:  24:0A:C4:23:C1:EC ('RSSI', -54) ('Header', '48') ('Channel', 4) ('MAC', 'B8:63:4D:A2:0E:13')
Data:  3C:71:BF:99:F9:E0 ('RSSI', -49) ('Header', '48') ('Channel', 4) ('MAC', 'B8:63:4D:A2:0E:13')
Data:  24:0A:C4:23:D9:B0 ('RSSI', -57) ('Header', '48') ('Channel', 4) ('MAC', 'B8:63:4D:A2:0E:13')
Data:  24:0A:C4:23:D9:B0 ('RSSI', -57) ('Header', '48') ('Channel', 4) ('MAC', 'B8:63:4D:A2:0E:13')
Data:  3C:71:BF:99:F9:E0 ('RSSI', -51) ('Header', '48') ('Channel', 4) ('MAC', 'B8:63:4D:A2:0E:13')
Data:  24:0A:C4:23:C1:EC ('RSSI', -52) ('Header', '48') ('Channel', 4) ('MAC', 'B8:63:4D:A2:0E:13')
Data:  24:0A:C4:23:D9:B0 ('RSSI', -57) ('Header', '48') ('Channel', 4) ('MAC', 'B8:63:4D:A2:0E:13')
Data:  24:0A:C4:23:C1:EC ('RSSI', -52) ('Header', '48') ('Channel', 4) ('MAC', 'B8:63:4D:A2:0E:13')
Data:  3C:71:BF:99:F9:E0 ('RSSI', -49) ('Header', '48') ('Channel', 4) ('MAC', 'B8:63:4D:A2:0E:13')
Data:  3C:71:BF:99:F9:E0 ('RSSI', -49) ('Header', '48') ('Channel', 4) ('MAC', 'B8:63:4D:A2:0E:13')
Data:  24:0A:C4:23:C1:EC ('RSSI', -51) ('Header', '48') ('Channel', 4) ('MAC', 'B8:63:4D:A2:0E:13')
Data:  24:0A:C4:23:D9:B0 ('RSSI', -59) ('Header', '48') ('Channel', 4) ('MAC', 'B8:63:4D:A2:0E:13')
Data:  3C:71:BF:99:F9:E0 ('RSSI', -47) ('Header', '48') ('Channel', 4) ('MAC', 'B8:63:4D:A2:0E:13')
Data:  24:0A:C4:23:C1:EC ('RSSI', -50) ('Header', '48') ('Channel', 4) ('MAC', 'B8:63:4D:A2:0E:13')
Data:  24:0A:C4:23:D9:B0 ('RSSI', -57) ('Header', '48') ('Channel', 4) ('MAC', 'B8:63:4D:A2:0E:13')
Data:  3C:71:BF:99:F9:E0 ('RSSI', -51) ('Header', '48') ('Channel', 4) ('MAC', 'B8:63:4D:A2:0E:13')
Data:  24:0A:C4:23:C1:EC ('RSSI', -53) ('Header', '48') ('Channel', 4) ('MAC', 'B8:63:4D:A2:0E:13')
Data:  24:0A:C4:23:D9:B0 ('RSSI', -57) ('Header', '48') ('Channel', 4) ('MAC', 'B8:63:4D:A2:0E:13')
Data:  24:0A:C4:23:D9:B0 ('RSSI', -61) ('Header', '48') ('Channel', 4) ('MAC', 'B8:63:4D:A2:0E:13')
Data:  3C:71:BF:99:F9:E0 ('RSSI', -51) ('Header', '48') ('Channel', 4) ('MAC', 'B8:63:4D:A2:0E:13')
Data:  24:0A:C4:23:C1:EC ('RSSI', -53) ('Header', '48') ('Channel', 4) ('MAC', 'B8:63:4D:A2:0E:13')
Data:  24:0A:C4:23:C1:EC ('RSSI', -52) ('Header', '48') ('Channel', 4) ('MAC', 'B8:63:4D:A2:0E:13')
Data:  24:0A:C4:23:D9:B0 ('RSSI', -60) ('Header', '48') ('Channel', 4) ('MAC', 'B8:63:4D:A2:0E:13')
Data:  3C:71:BF:99:F9:E0 ('RSSI', -49) ('Header', '48') ('Channel', 4) ('MAC', 'B8:63:4D:A2:0E:13')
Data:  3C:71:BF:99:F9:E0 ('RSSI', -50) ('Header', '48') ('Channel', 4) ('MAC', 'B8:63:4D:A2:0E:13')
Data:  24:0A:C4:23:C1:EC ('RSSI', -52) ('Header', '48') ('Channel', 4) ('MAC', 'B8:63:4D:A2:0E:13')
Data:  24:0A:C4:23:D9:B0 ('RSSI', -60) ('Header', '48') ('Channel', 4) ('MAC', 'B8:63:4D:A2:0E:13')
Data:  24:0A:C4:23:D9:B0 ('RSSI', -60) ('Header', '48') ('Channel', 4) ('MAC', 'B8:63:4D:A2:0E:13')
Data:  3C:71:BF:99:F9:E0 ('RSSI', -50) ('Header', '48') ('Channel', 4) ('MAC', 'B8:63:4D:A2:0E:13')
Data:  24:0A:C4:23:C1:EC ('RSSI', -53) ('Header', '48') ('Channel', 4) ('MAC', 'B8:63:4D:A2:0E:13')
Data:  3C:71:BF:99:F9:E0 ('RSSI', -52) ('Header', '48') ('Channel', 4) ('MAC', 'B8:63:4D:A2:0E:13')
Data:  24:0A:C4:23:D9:B0 ('RSSI', -59) ('Header', '48') ('Channel', 4) ('MAC', 'B8:63:4D:A2:0E:13')
Data:  24:0A:C4:23:C1:EC ('RSSI', -52) ('Header', '48') ('Channel', 4) ('MAC', 'B8:63:4D:A2:0E:13')
Data:  3C:71:BF:99:F9:E0 ('RSSI', -51) ('Header', '48') ('Channel', 4) ('MAC', 'B8:63:4D:A2:0E:13')
Data:  24:0A:C4:23:D9:B0 ('RSSI', -59) ('Header', '48') ('Channel', 4) ('MAC', 'B8:63:4D:A2:0E:13')
Data:  24:0A:C4:23:C1:EC ('RSSI', -50) ('Header', '48') ('Channel', 4) ('MAC', 'B8:63:4D:A2:0E:13')
Data:  3C:71:BF:99:F9:E0 ('RSSI', -50) ('Header', '48') ('Channel', 4) ('MAC', 'B8:63:4D:A2:0E:13')
Data:  24:0A:C4:23:D9:B0 ('RSSI', -58) ('Header', '48') ('Channel', 4) ('MAC', 'B8:63:4D:A2:0E:13')
Data:  24:0A:C4:23:C1:EC ('RSSI', -50) ('Header', '48') ('Channel', 4) ('MAC', 'B8:63:4D:A2:0E:13')
Data:  24:0A:C4:23:D9:B0 ('RSSI', -59) ('Header', '48') ('Channel', 4) ('MAC', 'B8:63:4D:A2:0E:13')
Data:  24:0A:C4:23:C1:EC ('RSSI', -51) ('Header', '48') ('Channel', 4) ('MAC', 'B8:63:4D:A2:0E:13')
Data:  3C:71:BF:99:F9:E0 ('RSSI', -51) ('Header', '48') ('Channel', 4) ('MAC', 'B8:63:4D:A2:0E:13')
Data:  3C:71:BF:99:F9:E0 ('RSSI', -51) ('Header', '48') ('Channel', 4) ('MAC', 'B8:63:4D:A2:0E:13')
Data:  24:0A:C4:23:C1:EC ('RSSI', -52) ('Header', '48') ('Channel', 4) ('MAC', 'B8:63:4D:A2:0E:13')
Data:  24:0A:C4:23:D9:B0 ('RSSI', -59) ('Header', '48') ('Channel', 4) ('MAC', 'B8:63:4D:A2:0E:13')
Data:  3C:71:BF:99:F9:E0 ('RSSI', -50) ('Header', '48') ('Channel', 4) ('MAC', 'B8:63:4D:A2:0E:13')
Data:  24:0A:C4:23:C1:EC ('RSSI', -51) ('Header', '48') ('Channel', 4) ('MAC', 'B8:63:4D:A2:0E:13')
Data:  24:0A:C4:23:D9:B0 ('RSSI', -59) ('Header', '48') ('Channel', 4) ('MAC', 'B8:63:4D:A2:0E:13')
Data:  3C:71:BF:99:F9:E0 ('RSSI', -50) ('Header', '48') ('Channel', 4) ('MAC', 'B8:63:4D:A2:0E:13')
Data:  24:0A:C4:23:C1:EC ('RSSI', -51) ('Header', '48') ('Channel', 4) ('MAC', 'B8:63:4D:A2:0E:13')
Data:  24:0A:C4:23:D9:B0 ('RSSI', -60) ('Header', '48') ('Channel', 4) ('MAC', 'B8:63:4D:A2:0E:13')
Data:  24:0A:C4:23:C1:EC ('RSSI', -51) ('Header', '48') ('Channel', 4) ('MAC', 'B8:63:4D:A2:0E:13')
Data:  3C:71:BF:99:F9:E0 ('RSSI', -50) ('Header', '48') ('Channel', 4) ('MAC', 'B8:63:4D:A2:0E:13')
Data:  24:0A:C4:23:D9:B0 ('RSSI', -59) ('Header', '48') ('Channel', 4) ('MAC', 'B8:63:4D:A2:0E:13')
Data:  24:0A:C4:23:D9:B0 ('RSSI', -60) ('Header', '48') ('Channel', 4) ('MAC', 'B8:63:4D:A2:0E:13')
Data:  3C:71:BF:99:F9:E0 ('RSSI', -51) ('Header', '48') ('Channel', 4) ('MAC', 'B8:63:4D:A2:0E:13')
Data:  24:0A:C4:23:C1:EC ('RSSI', -52) ('Header', '48') ('Channel', 4) ('MAC', 'B8:63:4D:A2:0E:13')
Data:  24:0A:C4:23:D9:B0 ('RSSI', -58) ('Header', '48') ('Channel', 4) ('MAC', 'B8:63:4D:A2:0E:13')
Data:  3C:71:BF:99:F9:E0 ('RSSI', -50) ('Header', '48') ('Channel', 4) ('MAC', 'B8:63:4D:A2:0E:13')
Data:  24:0A:C4:23:C1:EC ('RSSI', -53) ('Header', '48') ('Channel', 4) ('MAC', 'B8:63:4D:A2:0E:13')
Data:  3C:71:BF:99:F9:E0 ('RSSI', -49) ('Header', '48') ('Channel', 4) ('MAC', 'B8:63:4D:A2:0E:13')
Data:  24:0A:C4:23:D9:B0 ('RSSI', -58) ('Header', '48') ('Channel', 4) ('MAC', 'B8:63:4D:A2:0E:13')
Data:  24:0A:C4:23:C1:EC ('RSSI', -52) ('Header', '48') ('Channel', 4) ('MAC', 'B8:63:4D:A2:0E:13')
Data:  24:0A:C4:23:C1:EC ('RSSI', -53) ('Header', '48') ('Channel', 4) ('MAC', 'B8:63:4D:A2:0E:13')
Data:  3C:71:BF:99:F9:E0 ('RSSI', -49) ('Header', '48') ('Channel', 4) ('MAC', 'B8:63:4D:A2:0E:13')
Data:  24:0A:C4:23:D9:B0 ('RSSI', -59) ('Header', '48') ('Channel', 4) ('MAC', 'B8:63:4D:A2:0E:13')
Data:  3C:71:BF:99:F9:E0 ('RSSI', -50) ('Header', '48') ('Channel', 4) ('MAC', 'B8:63:4D:A2:0E:13')
Data:  24:0A:C4:23:D9:B0 ('RSSI', -59) ('Header', '48') ('Channel', 4) ('MAC', 'B8:63:4D:A2:0E:13')
Data:  24:0A:C4:23:C1:EC ('RSSI', -53) ('Header', '48') ('Channel', 4) ('MAC', 'B8:63:4D:A2:0E:13')
Data:  24:0A:C4:23:C1:EC ('RSSI', -53) ('Header', '48') ('Channel', 4) ('MAC', 'B8:63:4D:A2:0E:13')
Data:  24:0A:C4:23:D9:B0 ('RSSI', -59) ('Header', '48') ('Channel', 4) ('MAC', 'B8:63:4D:A2:0E:13')
Data:  3C:71:BF:99:F9:E0 ('RSSI', -50) ('Header', '48') ('Channel', 4) ('MAC', 'B8:63:4D:A2:0E:13')
Data:  3C:71:BF:99:F9:E0 ('RSSI', -51) ('Header', '48') ('Channel', 4) ('MAC', 'B8:63:4D:A2:0E:13')
Data:  24:0A:C4:23:D9:B0 ('RSSI', -59) ('Header', '48') ('Channel', 4) ('MAC', 'B8:63:4D:A2:0E:13')
Data:  24:0A:C4:23:C1:EC ('RSSI', -51) ('Header', '48') ('Channel', 4) ('MAC', 'B8:63:4D:A2:0E:13')
Data:  3C:71:BF:99:F9:E0 ('RSSI', -50) ('Header', '48') ('Channel', 4) ('MAC', 'B8:63:4D:A2:0E:13')
Data:  24:0A:C4:23:D9:B0 ('RSSI', -58) ('Header', '48') ('Channel', 4) ('MAC', 'B8:63:4D:A2:0E:13')
Data:  24:0A:C4:23:C1:EC ('RSSI', -52) ('Header', '48') ('Channel', 4) ('MAC', 'B8:63:4D:A2:0E:13')
Data:  3C:71:BF:99:F9:E0 ('RSSI', -49) ('Header', '48') ('Channel', 4) ('MAC', 'B8:63:4D:A2:0E:13')
Data:  24:0A:C4:23:C1:EC ('RSSI', -53) ('Header', '48') ('Channel', 4) ('MAC', 'B8:63:4D:A2:0E:13')
Data:  24:0A:C4:23:D9:B0 ('RSSI', -58) ('Header', '48') ('Channel', 4) ('MAC', 'B8:63:4D:A2:0E:13')
Data:  24:0A:C4:23:D9:B0 ('RSSI', -59) ('Header', '48') ('Channel', 4) ('MAC', 'B8:63:4D:A2:0E:13')
Data:  3C:71:BF:99:F9:E0 ('RSSI', -50) ('Header', '48') ('Channel', 4) ('MAC', 'B8:63:4D:A2:0E:13')
Data:  24:0A:C4:23:C1:EC ('RSSI', -53) ('Header', '48') ('Channel', 4) ('MAC', 'B8:63:4D:A2:0E:13')
Data:  24:0A:C4:23:D9:B0 ('RSSI', -57) ('Header', '48') ('Channel', 4) ('MAC', 'B8:63:4D:A2:0E:13')
Data:  24:0A:C4:23:C1:EC ('RSSI', -51) ('Header', '48') ('Channel', 4) ('MAC', 'B8:63:4D:A2:0E:13')
Data:  3C:71:BF:99:F9:E0 ('RSSI', -50) ('Header', '48') ('Channel', 4) ('MAC', 'B8:63:4D:A2:0E:13')
Data:  3C:71:BF:99:F9:E0 ('RSSI', -50) ('Header', '48') ('Channel', 4) ('MAC', 'B8:63:4D:A2:0E:13')
Data:  24:0A:C4:23:D9:B0 ('RSSI', -58) ('Header', '48') ('Channel', 4) ('MAC', 'B8:63:4D:A2:0E:13')
Data:  24:0A:C4:23:C1:EC ('RSSI', -53) ('Header', '48') ('Channel', 4) ('MAC', 'B8:63:4D:A2:0E:13')
Data:  3C:71:BF:99:F9:E0 ('RSSI', -49) ('Header', '48') ('Channel', 4) ('MAC', 'B8:63:4D:A2:0E:13')
Data:  24:0A:C4:23:C1:EC ('RSSI', -52) ('Header', '48') ('Channel', 4) ('MAC', 'B8:63:4D:A2:0E:13')
Data:  24:0A:C4:23:D9:B0 ('RSSI', -58) ('Header', '48') ('Channel', 4) ('MAC', 'B8:63:4D:A2:0E:13')
Data:  24:0A:C4:23:D9:B0 ('RSSI', -59) ('Header', '48') ('Channel', 4) ('MAC', 'B8:63:4D:A2:0E:13')
Data:  24:0A:C4:23:C1:EC ('RSSI', -53) ('Header', '48') ('Channel', 4) ('MAC', 'B8:63:4D:A2:0E:13')
Data:  3C:71:BF:99:F9:E0 ('RSSI', -50) ('Header', '48') ('Channel', 4) ('MAC', 'B8:63:4D:A2:0E:13')
Data:  24:0A:C4:23:D9:B0 ('RSSI', -60) ('Header', '48') ('Channel', 4) ('MAC', 'B8:63:4D:A2:0E:13')
Data:  24:0A:C4:23:C1:EC ('RSSI', -53) ('Header', '48') ('Channel', 4) ('MAC', 'B8:63:4D:A2:0E:13')
Summary:  3C:71:BF:99:F9:E0 113 {'B8:63:4D:A2:0E:13': -49.8}
Summary:  24:0A:C4:23:D9:B0 693 {'B8:63:4D:A2:0E:13': -58.6}
Summary:  24:0A:C4:23:C1:EC 903 {'B8:63:4D:A2:0E:13': -52.2}
Data:  3C:71:BF:99:F9:E0 ('RSSI', -50) ('Header', '48') ('Channel', 4) ('MAC', 'B8:63:4D:A2:0E:13')
Data:  24:0A:C4:23:D9:B0 ('RSSI', -58) ('Header', '48') ('Channel', 4) ('MAC', 'B8:63:4D:A2:0E:13')
Data:  24:0A:C4:23:C1:EC ('RSSI', -53) ('Header', '48') ('Channel', 4) ('MAC', 'B8:63:4D:A2:0E:13')
Data:  3C:71:BF:99:F9:E0 ('RSSI', -50) ('Header', '48') ('Channel', 4) ('MAC', 'B8:63:4D:A2:0E:13')
Data:  3C:71:BF:99:F9:E0 ('RSSI', -50) ('Header', '48') ('Channel', 4) ('MAC', 'B8:63:4D:A2:0E:13')
Data:  24:0A:C4:23:D9:B0 ('RSSI', -58) ('Header', '48') ('Channel', 4) ('MAC', 'B8:63:4D:A2:0E:13')
Data:  3C:71:BF:99:F9:E0 ('RSSI', -49) ('Header', '48') ('Channel', 4) ('MAC', 'B8:63:4D:A2:0E:13')
Data:  24:0A:C4:23:D9:B0 ('RSSI', -57) ('Header', '48') ('Channel', 4) ('MAC', 'B8:63:4D:A2:0E:13')
Data:  24:0A:C4:23:C1:EC ('RSSI', -53) ('Header', '48') ('Channel', 4) ('MAC', 'B8:63:4D:A2:0E:13')
Data:  24:0A:C4:23:C1:EC ('RSSI', -67) ('Header', '48') ('Channel', 4) ('MAC', 'B8:63:4D:A2:0E:13')
Data:  24:0A:C4:23:C1:EC ('RSSI', -53) ('Header', '48') ('Channel', 4) ('MAC', 'B8:63:4D:A2:0E:13')
Data:  24:0A:C4:23:C1:EC ('RSSI', -53) ('Header', '48') ('Channel', 4) ('MAC', 'B8:63:4D:A2:0E:13')
Data:  24:0A:C4:23:D9:B0 ('RSSI', -58) ('Header', '48') ('Channel', 4) ('MAC', 'B8:63:4D:A2:0E:13')
Data:  3C:71:BF:99:F9:E0 ('RSSI', -50) ('Header', '48') ('Channel', 4)