Data:  24:0A:C4:23:C1:EC ('Header', '48') ('Channel', 4) ('RSSI', -53) ('MAC', 'B8:63:4D:A2:0E:13')
Data:  24:0A:C4:23:D9:B0 ('Header', '48') ('Channel', 4) ('RSSI', -56) ('MAC', 'B8:63:4D:A2:0E:13')
Data:  3C:71:BF:99:F9:E0 ('Header', '48') ('Channel', 4) ('RSSI', -68) ('MAC', 'B8:63:4D:A2:0E:13')
Data:  3C:71:BF:99:F9:E0 ('Header', '48') ('Channel', 4) ('RSSI', -67) ('MAC', 'B8:63:4D:A2:0E:13')
Data:  24:0A:C4:23:C1:EC ('Header', '48') ('Channel', 4) ('RSSI', -52) ('MAC', 'B8:63:4D:A2:0E:13')
Data:  24:0A:C4:23:D9:B0 ('Header', '48') ('Channel', 4) ('RSSI', -56) ('MAC', 'B8:63:4D:A2:0E:13')
Data:  24:0A:C4:23:D9:B0 ('Header', '48') ('Channel', 4) ('RSSI', -56) ('MAC', 'B8:63:4D:A2:0E:13')
Data:  3C:71:BF:99:F9:E0 ('Header', '48') ('Channel', 4) ('RSSI', -70) ('MAC', 'B8:63:4D:A2:0E:13')
Data:  24:0A:C4:23:C1:EC ('Header', '48') ('Channel', 4) ('RSSI', -52) ('MAC', 'B8:63:4D:A2:0E:13')
Data:  24:0A:C4:23:D9:B0 ('Header', '48') ('Channel', 4) ('RSSI', -56) ('MAC', 'B8:63:4D:A2:0E:13')
Data:  3C:71:BF:99:F9:E0 ('Header', '48') ('Channel', 4) ('RSSI', -68) ('MAC', 'B8:63:4D:A2:0E:13')
Data:  24:0A:C4:23:C1:EC ('Header', '48') ('Channel', 4) ('RSSI', -52) ('MAC', 'B8:63:4D:A2:0E:13')
Data:  3C:71:BF:99:F9:E0 ('Header', '48') ('Channel', 4) ('RSSI', -66) ('MAC', 'B8:63:4D:A2:0E:13')
Data:  24:0A:C4:23:C1:EC ('Header', '48') ('Channel', 4) ('RSSI', -50) ('MAC', 'B8:63:4D:A2:0E:13')
Data:  24:0A:C4:23:D9:B0 ('Header', '48') ('Channel', 4) ('RSSI', -55) ('MAC', 'B8:63:4D:A2:0E:13')
Data:  24:0A:C4:23:C1:EC ('Header', '48') ('Channel', 4) ('RSSI', -53) ('MAC', 'B8:63:4D:A2:0E:13')
Data:  3C:71:BF:99:F9:E0 ('Header', '48') ('Channel', 4) ('RSSI', -69) ('MAC', 'B8:63:4D:A2:0E:13')
Data:  24:0A:C4:23:D9:B0 ('Header', '48') ('Channel', 4) ('RSSI', -57) ('MAC', 'B8:63:4D:A2:0E:13')
Data:  24:0A:C4:23:D9:B0 ('Header', '48') ('Channel', 4) ('RSSI', -57) ('MAC', 'B8:63:4D:A2:0E:13')
Data:  3C:71:BF:99:F9:E0 ('Header', '48') ('Channel', 4) ('RSSI', -70) ('MAC', 'B8:63:4D:A2:0E:13')
Data:  24:0A:C4:23:C1:EC ('Header', '48') ('Channel', 4) ('RSSI', -53) ('MAC', 'B8:63:4D:A2:0E:13')
Data:  3C:71:BF:99:F9:E0 ('Header', '48') ('Channel', 4) ('RSSI', -68) ('MAC', 'B8:63:4D:A2:0E:13')
Data:  24:0A:C4:23:C1:EC ('Header', '48') ('Channel', 4) ('RSSI', -52) ('MAC', 'B8:63:4D:A2:0E:13')
Data:  24:0A:C4:23:D9:B0 ('Header', '48') ('Channel', 4) ('RSSI', -57) ('MAC', 'B8:63:4D:A2:0E:13')
Data:  3C:71:BF:99:F9:E0 ('Header', '48') ('Channel', 4) ('RSSI', -69) ('MAC', 'B8:63:4D:A2:0E:13')
Data:  24:0A:C4:23:C1:EC ('Header', '48') ('Channel', 4) ('RSSI', -52) ('MAC', 'B8:63:4D:A2:0E:13')
Data:  24:0A:C4:23:D9:B0 ('Header', '48') ('Channel', 4) ('RSSI', -57) ('MAC', 'B8:63:4D:A2:0E:13')
Data:  3C:71:BF:99:F9:E0 ('Header', '48') ('Channel', 4) ('RSSI', -68) ('MAC', 'B8:63:4D:A2:0E:13')
Data:  24:0A:C4:23:D9:B0 ('Header', '48') ('Channel', 4) ('RSSI', -56) ('MAC', 'B8:63:4D:A2:0E:13')
Data:  24:0A:C4:23:C1:EC ('Header', '48') ('Channel', 4) ('RSSI', -51) ('MAC', 'B8:63:4D:A2:0E:13')
Data:  24:0A:C4:23:D9:B0 ('Header', '48') ('Channel', 4) ('RSSI', -56) ('MAC', 'B8:63:4D:A2:0E:13')
Data:  24:0A:C4:23:D9:B0 ('Header', '48') ('Channel', 4) ('RSSI', -56) ('MAC', 'B8:63:4D:A2:0E:13')
Data:  24:0A:C4:23:D9:B0 ('Header', '48') ('Channel', 4) ('RSSI', -56) ('MAC', 'B8:63:4D:A2:0E:13')
Data:  3C:71:BF:99:F9:E0 ('Header', '48') ('Channel', 4) ('RSSI', -68) ('MAC', 'B8:63:4D:A2:0E:13')
Data:  24:0A:C4:23:C1:EC ('Header', '48') ('Channel', 4) ('RSSI', -51) ('MAC', 'B8:63:4D:A2:0E:13')
Data:  3C:71:BF:99:F9:E0 ('Header', '48') ('Channel', 4) ('RSSI', -66) ('MAC', 'B8:63:4D:A2:0E:13')
Data:  24:0A:C4:23:C1:EC ('Header', '48') ('Channel', 4) ('RSSI', -51) ('MAC', 'B8:63:4D:A2:0E:13')
Data:  3C:71:BF:99:F9:E0 ('Header', '48') ('Channel', 4) ('RSSI', -66) ('MAC', 'B8:63:4D:A2:0E:13')
Data:  24:0A:C4:23:C1:EC ('Header', '48') ('Channel', 4) ('RSSI', -51) ('MAC', 'B8:63:4D:A2:0E:13')
Data:  24:0A:C4:23:C1:EC ('Header', '48') ('Channel', 4) ('RSSI', -51) ('MAC', 'B8:63:4D:A2:0E:13')
Data:  24:0A:C4:23:D9:B0 ('Header', '48') ('Channel', 4) ('RSSI', -55) ('MAC', 'B8:63:4D:A2:0E:13')
Data:  3C:71:BF:99:F9:E0 ('Header', '48') ('Channel', 4) ('RSSI', -67) ('MAC', 'B8:63:4D:A2:0E:13')
Data:  3C:71:BF:99:F9:E0 ('Header', '48') ('Channel', 4) ('RSSI', -67) ('MAC', 'B8:63:4D:A2:0E:13')
Data:  24:0A:C4:23:C1:EC ('Header', '48') ('Channel', 4) ('RSSI', -50) ('MAC', 'B8:63:4D:A2:0E:13')
Data:  24:0A:C4:23:D9:B0 ('Header', '48') ('Channel', 4) ('RSSI', -56) ('MAC', 'B8:63:4D:A2:0E:13')
Data:  24:0A:C4:23:D9:B0 ('Header', '48') ('Channel', 4) ('RSSI', -56) ('MAC', 'B8:63:4D:A2:0E:13')
Summary:  24:0A:C4:23:D9:B0 395 {'B8:63:4D:A2:0E:13': -56.1}
Summary:  24:0A:C4:23:C1:EC 331 {'B8:63:4D:A2:0E:13': -51.6}
Summary:  3C:71:BF:99:F9:E0 891 {'B8:63:4D:A2:0E:13': -67.8}
Data:  3C:71:BF:99:F9:E0 ('Header', '48') ('Channel', 4) ('RSSI', -67) ('MAC', 'B8:63:4D:A2:0E:13')
Data:  24:0A:C4:23:C1:EC ('Header', '48') ('Channel', 4) ('RSSI', -51) ('MAC', 'B8:63:4D:A2:0E:13')
Data:  3C:71:BF:99:F9:E0 ('Header', '48') ('Channel', 4) ('RSSI', -68) ('MAC', 'B8:63:4D:A2:0E:13')
Data:  24:0A:C4:23:C1:EC ('Header', '48') ('Channel', 4) ('RSSI', -51) ('MAC', 'B8:63:4D:A2:0E:13')
Data:  24:0A:C4:23:D9:B0 ('Header', '48') ('Channel', 4) ('RSSI', -57) ('MAC', 'B8:63:4D:A2:0E:13')
Data:  3C:71:BF:99:F9:E0 ('Header', '48') ('Channel', 4) ('RSSI', -67) ('MAC', 'B8:63:4D:A2:0E:13')
Data:  24:0A:C4:23:C1:EC ('Header', '48') ('Channel', 4) ('RSSI', -51) ('MAC', 'B8:63:4D:A2:0E:13')
Data:  24:0A:C4:23:D9:B0 ('Header', '48') ('Channel', 4) ('RSSI', -56) ('MAC', 'B8:63:4D:A2:0E:13')
Data:  24:0A:C4:23:C1:EC ('Header', '48') ('Channel', 4) ('RSSI', -52) ('MAC', 'B8:63:4D:A2:0E:13')
Data:  24:0A:C4:23:D9:B0 ('Header', '48') ('Channel', 4) ('RSSI', -56) ('MAC', 'B8:63:4D:A2:0E:13')
Data:  3C:71:BF:99:F9:E0 ('Header', '48') ('Channel', 4) ('RSSI', -67) ('MAC', 'B8:63:4D:A2:0E:13')
Data:  3C:71:BF:99:F9:E0 ('Header', '48') ('Channel', 4) ('RSSI', -67) ('MAC', 'B8:63:4D:A2:0E:13')
Data:  24:0A:C4:23:D9:B0 ('Header', '48') ('Channel', 4) ('RSSI', -56) ('MAC', 'B8:63:4D:A2:0E:13')
Data:  24:0A:C4:23:C1:EC ('Header', '48') ('Channel', 4) ('RSSI', -50) ('MAC', 'B8:63:4D:A2:0E:13')
Data:  3C:71:BF:99:F9:E0 ('Header', '48') ('Channel', 4) ('RSSI', -67) ('MAC', 'B8:63:4D:A2:0E:13')
Data:  24:0A:C4:23:C1:EC ('Header', '48') ('Channel', 4) ('RSSI', -50) ('MAC', 'B8:63:4D:A2:0E:13')
Data:  24:0A:C4:23:D9:B0 ('Header', '48') ('Channel', 4) ('RSSI', -56) ('MAC', 'B8:63:4D:A2:0E:13')
Data:  24:0A:C4:23:C1:EC ('Header', '48') ('Channel', 4) ('RSSI', -51) ('MAC', 'B8:63:4D:A2:0E:13')
Data:  3C:71:BF:99:F9:E0 ('Header', '48') ('Channel', 4) ('RSSI', -68) ('MAC', 'B8:63:4D:A2:0E:13')
Data:  24:0A:C4:23:D9:B0 ('Header', '48') ('Channel', 4) ('RSSI', -56) ('MAC', 'B8:63:4D:A2:0E:13')
Data:  24:0A:C4:23:D9:B0 ('Header', '48') ('Channel', 4) ('RSSI', -55) ('MAC', 'B8:63:4D:A2:0E:13')
Data:  3C:71:BF:99:F9:E0 ('Header', '48') ('Channel', 4) ('RSSI', -67) ('MAC', 'B8:63:4D:A2:0E:13')
Data:  24:0A:C4:23:C1:EC ('Header', '48') ('Channel', 4) ('RSSI', -51) ('MAC', 'B8:63:4D:A2:0E:13')
Data:  3C:71:BF:99:F9:E0 ('Header', '48') ('Channel', 4) ('RSSI', -67) ('MAC', 'B8:63:4D:A2:0E:13')
Summary:  24:0A:C4:23:D9:B0 395 {'B8:63:4D:A2:0E:13': -56.0}
Summary:  24:0A:C4:23:C1:EC 331 {'B8:63:4D:A2:0E:13': -50.9}
Summary:  3C:71:BF:99:F9:E0 891 {'B8:63:4D:A2:0E:13': -67.2}
Data:  24:0A:C4:23:D9:B0 ('Header', '48') ('Channel', 4) ('RSSI', -56) ('MAC', 'B8:63:4D:A2:0E:13')
Data:  24:0A:C4:23:C1:EC ('Header', '48') ('Channel', 4) ('RSSI', -52) ('MAC', 'B8:63:4D:A2:0E:13')
Data:  24:0A:C4:23:C1:EC ('Header', '48') ('Channel', 4) ('RSSI', -51) ('MAC', 'B8:63:4D:A2:0E:13')
Data:  24:0A:C4:23:D9:B0 ('Header', '48') ('Channel', 4) ('RSSI', -55) ('MAC', 'B8:63:4D:A2:0E:13')
Data:  3C:71:BF:99:F9:E0 ('Header', '48') ('Channel', 4) ('RSSI', -65) ('MAC', 'B8:63:4D:A2:0E:13')
Data:  24:0A:C4:23:D9:B0 ('Header', '48') ('Channel', 4) ('RSSI', -56) ('MAC', 'B8:63:4D:A2:0E:13')
Data:  3C:71:BF:99:F9:E0 ('Header', '48') ('Channel', 4) ('RSSI', -65) ('MAC', 'B8:63:4D:A2:0E:13')
Data:  24:0A:C4:23:C1:EC ('Header', '48') ('Channel', 4) ('RSSI', -50) ('MAC', 'B8:63:4D:A2:0E:13')
Data:  24:0A:C4:23:C1:EC ('Header', '48') ('Channel', 4) ('RSSI', -51) ('MAC', 'B8:63:4D:A2:0E:13')
Data:  24:0A:C4:23:D9:B0 ('Header', '48') ('Channel', 4) ('RSSI', -57) ('MAC', 'B8:63:4D:A2:0E:13')
Data:  3C:71:BF:99:F9:E0 ('Header', '48') ('Channel', 4) ('RSSI', -66) ('MAC', 'B8:63:4D:A2:0E:13')
Data:  24:0A:C4:23:C1:EC ('Header', '48') ('Channel', 4) ('RSSI', -52) ('MAC', 'B8:63:4D:A2:0E:13')
Data:  24:0A:C4:23:D9:B0 ('Header', '48') ('Channel', 4) ('RSSI', -56) ('MAC', 'B8:63:4D:A2:0E:13')
Data:  3C:71:BF:99:F9:E0 ('Header', '48') ('Channel', 4) ('RSSI', -66) ('MAC', 'B8:63:4D:A2:0E:13')
Data:  24:0A:C4:23:D9:B0 ('Header', '48') ('Channel', 4) ('RSSI', -55) ('MAC', 'B8:63:4D:A2:0E:13')
Data:  24:0A:C4:23:D9:B0 ('Header', '48') ('Channel', 4) ('RSSI', -55) ('MAC', 'B8:63:4D:A2:0E:13')
Data:  3C:71:BF:99:F9:E0 ('Header', '48') ('Channel', 4) ('RSSI', -67) ('MAC', 'B8:63:4D:A2:0E:13')
Data:  3C:71:BF:99:F9:E0 ('Header', '48') ('Channel', 4) ('RSSI', -67) ('MAC', 'B8:63:4D:A2:0E:13')
Data:  24:0A:C4:23:C1:EC ('Header', '48') ('Channel', 4) ('RSSI', -52) ('MAC', 'B8:63:4D:A2:0E:13')
Data:  24:0A:C4:23:C1:EC ('Header', '48') ('Channel', 4) ('RSSI', -52) ('MAC', 'B8:63:4D:A2:0E:13')
Data:  3C:71:BF:99:F9:E0 ('Header', '48') ('Channel', 4) ('RSSI', -66) ('MAC', 'B8:63:4D:A2:0E:13')
Data:  24:0A:C4:23:C1:EC ('Header', '48') ('Channel', 4) ('RSSI', -51) ('MAC', 'B8:63:4D:A2:0E:13')
Data:  24:0A:C4:23:D9:B0 ('Header', '48') ('Channel', 4) ('RSSI', -55) ('MAC', 'B8:63:4D:A2:0E:13')
Data:  3C:71:BF:99:F9:E0 ('Header', '48') ('Channel', 4) ('RSSI', -67) ('MAC', 'B8:63:4D:A2:0E:13')
Data:  24:0A:C4:23:C1:EC ('Header', '48') ('Channel', 4) ('RSSI', -51) ('MAC', 'B8:63:4D:A2:0E:13')
Data:  24:0A:C4:23:D9:B0 ('Header', '48') ('Channel', 4) ('RSSI', -56) ('MAC', 'B8:63:4D:A2:0E:13')
Data:  24:0A:C4:23:C1:EC ('Header', '48') ('Channel', 4) ('RSSI', -51) ('MAC', 'B8:63:4D:A2:0E:13')
Data:  24:0A:C4:23:D9:B0 ('Header', '48') ('Channel', 4) ('RSSI', -56) ('MAC', 'B8:63:4D:A2:0E:13')
Data:  3C:71:BF:99:F9:E0 ('Header', '48') ('Channel', 4) ('RSSI', -66) ('MAC', 'B8:63:4D:A2:0E:13')
Data:  24:0A:C4:23:C1:EC ('Header', '48') ('Channel', 4) ('RSSI', -51) ('MAC', 'B8:63:4D:A2:0E:13')
Data:  24:0A:C4:23:D9:B0 ('Header', '48') ('Channel', 4) ('RSSI', -55) ('MAC', 'B8:63:4D:A2:0E:13')
Data:  3C:71:BF:99:F9:E0 ('Header', '48') ('Channel', 4) ('RSSI', -67) ('MAC', 'B8:63:4D:A2:0E:13')
Data:  24:0A:C4:23:D9:B0 ('Header', '48') ('Channel', 4) ('RSSI', -55) ('MAC', 'B8:63:4D:A2:0E:13')
Data:  3C:71:BF:99:F9:E0 ('Header', '48') ('Channel', 4) ('RSSI', -67) ('MAC', 'B8:63:4D:A2:0E:13')
Data:  24:0A:C4:23:C1:EC ('Header', '48') ('Channel', 4) ('RSSI', -51) ('MAC', 'B8:63:4D:A2:0E:13')
Data:  24:0A:C4:23:C1:EC ('Header', '48') ('Channel', 4) ('RSSI', -51) ('MAC', 'B8:63:4D:A2:0E:13')
Data:  24:0A:C4:23:C1:EC ('Header', '48') ('Channel', 4) ('RSSI', -51) ('MAC', 'B8:63:4D:A2:0E:13')
Data:  24:0A:C4:23:D9:B0 ('Header', '48') ('Channel', 4) ('RSSI', -56) ('MAC', 'B8:63:4D:A2:0E:13')
Data:  24:0A:C4:23:D9:B0 ('Header', '48') ('Channel', 4) ('RSSI', -56) ('MAC', 'B8:63:4D:A2:0E:13')
Data:  3C:71:BF:99:F9:E0 ('Header', '48') ('Channel', 4) ('RSSI', -67) ('MAC', 'B8:63:4D:A2:0E:13')
Data:  3C:71:BF:99:F9:E0 ('Header', '48') ('Channel', 4) ('RSSI', -68) ('MAC', 'B8:63:4D:A2:0E:13')
Data:  3C:71:BF:99:F9:E0 ('Header', '48') ('Channel', 4) ('RSSI', -68) ('MAC', 'B8:63:4D:A2:0E:13')
Data:  24:0A:C4:23:D9:B0 ('Header', '48') ('Channel', 4) ('RSSI', -57) ('MAC', 'B8:63:4D:A2:0E:13')
Data:  24:0A:C4:23:C1:EC ('Header', '48') ('Channel', 4) ('RSSI', -51) ('MAC', 'B8:63:4D:A2:0E:13')
Data:  24:0A:C4:23:C1:EC ('Header', '48') ('Channel', 4) ('RSSI', -50) ('MAC', 'B8:63:4D:A2:0E:13')
Data:  24:0A:C4:23:D9:B0 ('Header', '48') ('Channel', 4) ('RSSI', -56) ('MAC', 'B8:63:4D:A2:0E:13')
Data:  3C:71:BF:99:F9:E0 ('Header', '48') ('Channel', 4) ('RSSI', -67) ('MAC', 'B8:63:4D:A2:0E:13')
Data:  3C:71:BF:99:F9:E0 ('Header', '48') ('Channel', 4) ('RSSI', -68) ('MAC', 'B8:63:4D:A2:0E:13')
Data:  24:0A:C4:23:D9:B0 ('Header', '48') ('Channel', 4) ('RSSI', -56) ('MAC', 'B8:63:4D:A2:0E:13')
Data:  24:0A:C4:23:C1:EC ('Header', '48') ('Channel', 4) ('RSSI', -52) ('MAC', 'B8:63:4D:A2:0E:13')
Data:  24:0A:C4:23:C1:EC ('Header', '48') ('Channel', 4) ('RSSI', -51) ('MAC', 'B8:63:4D:A2:0E:13')
Data:  24:0A:C4:23:D9:B0 ('Header', '48') ('Channel', 4) ('RSSI', -55) ('MAC', 'B8:63:4D:A2:0E:13')
Data:  3C:71:BF:99:F9:E0 ('Header', '48') ('Channel', 4) ('RSSI', -67) ('MAC', 'B8:63:4D:A2:0E:13')
Data:  3C:71:BF:99:F9:E0 ('Header', '48') ('Channel', 4) ('RSSI', -67) ('MAC', 'B8:63:4D:A2:0E:13')
Data:  24:0A:C4:23:C1:EC ('Header', '48') ('Channel', 4) ('RSSI', -50) ('MAC', 'B8:63:4D:A2:0E:13')
Data:  24:0A:C4:23:D9:B0 ('Header', '48') ('Channel', 4) ('RSSI', -55) ('MAC', 'B8:63:4D:A2:0E:13')
Data:  24:0A:C4:23:C1:EC ('Header', '48') ('Channel', 4) ('RSSI', -50) ('MAC', 'B8:63:4D:A2:0E:13')
Data:  24:0A:C4:23:D9:B0 ('Header', '48') ('Channel', 4) ('RSSI', -55) ('MAC', 'B8:63:4D:A2:0E:13')
Data:  3C:71:BF:99:F9:E0 ('Header', '48') ('Channel', 4) ('RSSI', -67) ('MAC', 'B8:63:4D:A2:0E:13')
Data:  3C:71:BF:99:F9:E0 ('Header', '48') ('Channel', 4) ('RSSI', -66) ('MAC', 'B8:63:4D:A2:0E:13')
Data:  24:0A:C4:23:C1:EC ('Header', '48') ('Channel', 4) ('RSSI', -51) ('MAC', 'B8:63:4D:A2:0E:13')
Data:  24:0A:C4:23:D9:B0 ('Header', '48') ('Channel', 4) ('RSSI', -55) ('MAC', 'B8:63:4D:A2:0E:13')
Data:  3C:71:BF:99:F9:E0 ('Header', '48') ('Channel', 4) ('RSSI', -67) ('MAC', 'B8:63:4D:A2:0E:13')
Data:  24:0A:C4:23:D9:B0 ('Header', '48') ('Channel', 4) ('RSSI', -55) ('MAC', 'B8:63:4D:A2:0E:13')
Data:  24:0A:C4:23:C1:EC ('Header', '48') ('Channel', 4) ('RSSI', -51) ('MAC', 'B8:63:4D:A2:0E:13')
Data:  24:0A:C4:23:C1:EC ('Header', '48') ('Channel', 4) ('RSSI', -51) ('MAC', 'B8:63:4D:A2:0E:13')
Data:  24:0A:C4:23:D9:B0 ('Header', '48') ('Channel', 4) ('RSSI', -55) ('MAC', 'B8:63:4D:A2:0E:13')
Data:  3C:71:BF:99:F9:E0 ('Header', '48') ('Channel', 4) ('RSSI', -65) ('MAC', 'B8:63:4D:A2:0E:13')
Data:  24:0A:C4:23:C1:EC ('Header', '48') ('Channel', 4) ('RSSI', -51) ('MAC', 'B8:63:4D:A2:0E:13')
Data:  3C:71:BF:99:F9:E0 ('Header', '48') ('Channel', 4) ('RSSI', -67) ('MAC', 'B8:63:4D:A2:0E:13')
Data:  24:0A:C4:23:D9:B0 ('Header', '48') ('Channel', 4) ('RSSI', -57) ('MAC', 'B8:63:4D:A2:0E:13')
Data:  3C:71:BF:99:F9:E0 ('Header', '48') ('Channel', 4) ('RSSI', -67) ('MAC', 'B8:63:4D:A2:0E:13')
Data:  24:0A:C4:23:C1:EC ('Header', '48') ('Channel', 4) ('RSSI', -51) ('MAC', 'B8:63:4D:A2:0E:13')
Data:  24:0A:C4:23:D9:B0 ('Header', '48') ('Channel', 4) ('RSSI', -55) ('MAC', 'B8:63:4D:A2:0E:13')
Summary:  24:0A:C4:23:D9:B0 395 {'B8:63:4D:A2:0E:13': -55.6}
Summary:  24:0A:C4:23:C1:EC 331 {'B8:63:4D:A2:0E:13': -51.0}
Summary:  3C:71:BF:99:F9:E0 891 {'B8:63:4D:A2:0E:13': -66.7}
Data:  3C:71:BF:99:F9:E0 ('Header', '48') ('Channel', 4) ('RSSI', -67) ('MAC', 'B8:63:4D:A2:0E:13')
Data:  24:0A:C4:23:C1:EC ('Header', '48') ('Channel', 4) ('RSSI', -51) ('MAC', 'B8:63:4D:A2:0E:13')
Data:  24:0A:C4:23:D9:B0 ('Header', '48') ('Channel', 4) ('RSSI', -55) ('MAC', 'B8:63:4D:A2:0E:13')
Data:  3C:71:BF:99:F9:E0 ('Header', '48') ('Channel', 4) ('RSSI', -67) ('MAC', 'B8:63:4D:A2:0E:13')
Data:  24:0A:C4:23:C1:EC ('Header', '48') ('Channel', 4) ('RSSI', -51) ('MAC', 'B8:63:4D:A2:0E:13')
Data:  24:0A:C4:23:D9:B0 ('Header', '48') ('Channel', 4) ('RSSI', -55) ('MAC', 'B8:63:4D:A2:0E:13')
Data:  3C:71:BF:99:F9:E0 ('Header', '48') ('Channel', 4) ('RSSI', -66) ('MAC', 'B8:63:4D:A2:0E:13')
Data:  24:0A:C4:23:C1:EC ('Header', '48') ('Channel', 4) ('RSSI', -51) ('MAC', 'B8:63:4D:A2:0E:13')
Data:  24:0A:C4:23:D9:B0 ('Header', '48') ('Channel', 4) ('RSSI', -55) ('MAC', 'B8:63:4D:A2:0E:13')
Data:  24:0A:C4:23:C1:EC ('Header', '48') ('Channel', 4) ('RSSI', -52) ('MAC', 'B8:63:4D:A2:0E:13')
Data:  3C:71:BF:99:F9:E0 ('Header', '48') ('Channel', 4) ('RSSI', -67) ('MAC', 'B8:63:4D:A2:0E:13')
Data:  24:0A:C4:23:D9:B0 ('Header', '48') ('Channel', 4) ('RSSI', -55) ('MAC', 'B8:63:4D:A2:0E:13')
Data:  24:0A:C4:23:C1:EC ('Header', '48') ('Channel', 4) ('RSSI', -51) ('MAC', 'B8:63:4D:A2:0E:13')
Data:  3C:71:BF:99:F9:E0 ('Header', '48') ('Channel', 4) ('RSSI', -68) ('MAC', 'B8:63:4D:A2:0E:13')
Data:  24:0A:C4:23:D9:B0 ('Header', '48') ('Channel', 4) ('RSSI', -56) ('MAC', 'B8:63:4D:A2:0E:13')
Data:  24:0A:C4:23:C1:EC ('Header', '48') ('Channel', 4) ('RSSI', -51) ('MAC', 'B8:63:4D:A2:0E:13')
Data:  3C:71:BF:99:F9:E0 ('Header', '48') ('Channel', 4) ('RSSI', -67) ('MAC', 'B8:63:4D:A2:0E:13')
Data:  24:0A:C4:23:D9:B0 ('Header', '48') ('Channel', 4) ('RSSI', -55) ('MAC', 'B8:63:4D:A2:0E:13')
Data:  3C:71:BF:99:F9:E0 ('Header', '48') ('Channel', 4) ('RSSI', -68) ('MAC', 'B8:63:4D:A2:0E:13')
Data:  24:0A:C4:23:C1:EC ('Header', '48') ('Channel', 4) ('RSSI', -51) ('MAC', 'B8:63:4D:A2:0E:13')
Data:  24:0A:C4:23:D9:B0 ('Header', '48') ('Channel', 4) ('RSSI', -56) ('MAC', 'B8:63:4D:A2:0E:13')
Data:  24:0A:C4:23:D9:B0 ('Header', '48') ('Channel', 4) ('RSSI', -55) ('MAC', 'B8:63:4D:A2:0E:13')
Data:  3C:71:BF:99:F9:E0 ('Header', '48') ('Channel', 4) ('RSSI', -67) ('MAC', 'B8:63:4D:A2:0E:13')
Data:  24:0A:C4:23:C1:EC ('Header', '48') ('Channel', 4) ('RSSI', -51) ('MAC', 'B8:63:4D:A2:0E:13')
Data:  24:0A:C4:23:C1:EC ('Header', '48') ('Channel', 4) ('RSSI', -50) ('MAC', 'B8:63:4D:A2:0E:13')
Data:  3C:71:BF:99:F9:E0 ('Header', '48') ('Channel', 4) ('RSSI', -66) ('MAC', 'B8:63:4D:A2:0E:13')
Data:  24:0A:C4:23:D9:B0 ('Header', '48') ('Channel', 4) ('RSSI', -55) ('MAC', 'B8:63:4D:A2:0E:13')
Data:  3C:71:BF:99:F9:E0 ('Header', '48') ('Channel', 4) ('RSSI', -65) ('MAC', 'B8:63:4D:A2:0E:13')
Data:  24:0A:C4:23:C1:EC ('Header', '48') ('Channel', 4) ('RSSI', -51) ('MAC', 'B8:63:4D:A2:0E:13')
Data:  24:0A:C4:23:D9:B0 ('Header', '48') ('Channel', 4) ('RSSI', -55) ('MAC', 'B8:63:4D:A2:0E:13')
Data:  24:0A:C4:23:C1:EC ('Header', '48') ('Channel', 4) ('RSSI', -51) ('MAC', 'B8:63:4D:A2:0E:13')
Data:  24:0A:C4:23:D9:B0 ('Header', '48') ('Channel', 4) ('RSSI', -56) ('MAC', 'B8:63:4D:A2:0E:13')
Data:  3C:71:BF:99:F9:E0 ('Header', '48') ('Channel', 4) ('RSSI', -67) ('MAC', 'B8:63:4D:A2:0E:13')
Data:  24:0A:C4:23:C1:EC ('Header', '48') ('Channel', 4) ('RSSI', -51) ('MAC', 'B8:63:4D:A2:0E:13')
Data:  24:0A:C4:23:D9:B0 ('Header', '48') ('Channel', 4) ('RSSI', -55) ('MAC', 'B8:63:4D:A2:0E:13')
Data:  3C:71:BF:99:F9:E0 ('Header', '48') ('Channel', 4) ('RSSI', -68) ('MAC', 'B8:63:4D:A2:0E:13')
Data:  24:0A:C4:23:C1:EC ('Header', '48') ('Channel', 4) ('RSSI', -51) ('MAC', 'B8:63:4D:A2:0E:13')
Data:  24:0A:C4:23:D9:B0 ('Header', '48') ('Channel', 4) ('RSSI', -55) ('MAC', 'B8:63:4D:A2:0E:13')
Data:  3C:71:BF:99:F9:E0 ('Header', '48') ('Channel', 4) ('RSSI', -67) ('MAC', 'B8:63:4D:A2:0E:13')
Data:  24:0A:C4:23:D9:B0 ('Header', '48') ('Channel', 4) ('RSSI', -56) ('MAC', 'B8:63:4D:A2:0E:13')
Data:  3C:71:BF:99:F9:E0 ('Header', '48') ('Channel', 4) ('RSSI', -69) ('MAC', 'B8:63:4D:A2:0E:13')
Data:  24:0A:C4:23:C1:EC ('Header', '48') ('Channel', 4) ('RSSI', -51) ('MAC', 'B8:63:4D:A2:0E:13')
Data:  3C:71:BF:99:F9:E0 ('Header', '48') ('Channel', 4) ('RSSI', -68) ('MAC', 'B8:63:4D:A2:0E:13')
Data:  24:0A:C4:23:C1:EC ('Header', '48') ('Channel', 4) ('RSSI', -51) ('MAC', 'B8:63:4D:A2:0E:13')
Data:  24:0A:C4:23:D9:B0 ('Header', '48') ('Channel', 4) ('RSSI', -56) ('MAC', 'B8:63:4D:A2:0E:13')
Data:  24:0A:C4:23:D9:B0 ('Header', '48') ('Channel', 4) ('RSSI', -55) ('MAC', 'B8:63:4D:A2:0E:13')
Summary:  24:0A:C4:23:D9:B0 395 {'B8:63:4D:A2:0E:13': -55.3}
Summary:  24:0A:C4:23:C1:EC 331 {'B8:63:4D:A2:0E:13': -51.0}
Summary:  3C:71:BF:99:F9:E0 891 {'B8:63:4D:A2:0E:13': -67.1}
Data:  3C:71:BF:99:F9:E0 ('Header', '48') ('Channel', 4) ('RSSI', -67) ('MAC', 'B8:63:4D:A2:0E:13')
Data:  24:0A:C4:23:C1:EC ('Header', '48') ('Channel', 4) ('RSSI', -51) ('MAC', 'B8:63:4D:A2:0E:13')
Data:  3C:71:BF:99:F9:E0 ('Header', '48') ('Channel', 4) ('RSSI', -67) ('MAC', 'B8:63:4D:A2:0E:13')
Data:  24:0A:C4:23:D9:B0 ('Header', '48') ('Channel', 4) ('RSSI', -55) ('MAC', 'B8:63:4D:A2:0E:13')
Data:  24:0A:C4:23:C1:EC ('Header', '48') ('Channel', 4) ('RSSI', -51) ('MAC', 'B8:63:4D:A2:0E:13')
Data:  24:0A:C4:23:D9:B0 ('Header', '48') ('Channel', 4) ('RSSI', -55) ('MAC', 'B8:63:4D:A2:0E:13')
Data:  3C:71:BF:99:F9:E0 ('Header', '48') ('Channel', 4) ('RSSI', -67) ('MAC', 'B8:63:4D:A2:0E:13')
Data:  24:0A:C4:23:C1:EC ('Header', '48') ('Channel', 4) ('RSSI', -51) ('MAC', 'B8:63:4D:A2:0E:13')
Data:  3C:71:BF:99:F9:E0 ('Header', '48') ('Channel', 4) ('RSSI', -68) ('MAC', 'B8:63:4D:A2:0E:13')
Data:  24:0A:C4:23:D9:B0 ('Header', '48') ('Channel', 4) ('RSSI', -56) ('MAC', 'B8:63:4D:A2:0E:13')
Data:  24:0A:C4:23:C1:EC ('Header', '48') ('Channel', 4) ('RSSI', -51) ('MAC', 'B8:63:4D:A2:0E:13')
Data:  24:0A:C4:23:C1:EC ('Header', '48') ('Channel', 4) ('RSSI', -51) ('MAC', 'B8:63:4D:A2:0E:13')
Data:  24:0A:C4:23:D9:B0 ('Header', '48') ('Channel', 4) ('RSSI', -55) ('MAC', 'B8:63:4D:A2:0E:13')
Data:  3C:71:BF:99:F9:E0 ('Header', '48') ('Channel', 4) ('RSSI', -67) ('MAC', 'B8:63:4D:A2:0E:13')
Data:  3C:71:BF:99:F9:E0 ('Header', '48') ('Channel', 4) ('RSSI', -68) ('MAC', 'B8:63:4D:A2:0E:13')
Data:  24:0A:C4:23:D9:B0 ('Header', '48') ('Channel', 4) ('RSSI', -56) ('MAC', 'B8:63:4D:A2:0E:13')
Data:  24:0A:C4:23:C1:EC ('Header', '48') ('Channel', 4) ('RSSI', -51) ('MAC', 'B8:63:4D:A2:0E:13')
Data:  24:0A:C4:23:D9:B0 ('Header', '48') ('Channel', 4) ('RSSI', -55) ('MAC', 'B8:63:4D:A2:0E:13')
Data:  3C:71:BF:99:F9:E0 ('Header', '48') ('Channel', 4) ('RSSI', -64) ('MAC', 'B8:63:4D:A2:0E:13')
Data:  24:0A:C4:23:C1:EC ('Header', '48') ('Channel', 4) ('RSSI', -51) ('MAC', 'B8:63:4D:A2:0E:13')
Data:  24:0A:C4:23:D9:B0 ('Header', '48') ('Channel', 4) ('RSSI', -55) ('MAC', 'B8:63:4D:A2:0E:13')
Data:  24:0A:C4:23:C1:EC ('Header', '48') ('Channel', 4) ('RSSI', -51) ('MAC', 'B8:63:4D:A2:0E:13')
Data:  3C:71:BF:99:F9:E0 ('Header', '48') ('Channel', 4) ('RSSI', -67) ('MAC', 'B8:63:4D:A2:0E:13')
Data:  3C:71:BF:99:F9:E0 ('Header', '48') ('Channel', 4) ('RSSI', -67) ('MAC', 'B8:63:4D:A2:0E:13')
Data:  24:0A:C4:23:C1:EC ('Header', '48') ('Channel', 4) ('RSSI', -51) ('MAC', 'B8:63:4D:A2:0E:13')
Data:  24:0A:C4:23:D9:B0 ('Header', '48') ('Channel', 4) ('RSSI', -55) ('MAC', 'B8:63:4D:A2:0E:13')
Data:  24:0A:C4:23:C1:EC ('Header', '48') ('Channel', 4) ('RSSI', -52) ('MAC', 'B8:63:4D:A2:0E:13')
Data:  24:0A:C4:23:D9:B0 ('Header', '48') ('Channel', 4) ('RSSI', -55) ('MAC', 'B8:63:4D:A2:0E:13')
Data:  3C:71:BF:99:F9:E0 ('Header', '48') ('Channel', 4) ('RSSI', -68) ('MAC', 'B8:63:4D:A2:0E:13')
Data:  24:0A:C4:23:D9:B0 ('Header', '48') ('Channel', 4) ('RSSI', -56) ('MAC', 'B8:63:4D:A2:0E:13')
Data:  3C:71:BF:99:F9:E0 ('Header', '48') ('Channel', 4) ('RSSI', -67) ('MAC', 'B8:63:4D:A2:0E:13')
Data:  24:0A:C4:23:C1:EC ('Header', '48') ('Channel', 4) ('RSSI', -51) ('MAC', 'B8:63:4D:A2:0E:13')
Data:  24:0A:C4:23:C1:EC ('Header', '48') ('Channel', 4) ('RSSI', -51) ('MAC', 'B8:63:4D:A2:0E:13')
Data:  24:0A:C4:23:D9:B0 ('Header', '48') ('Channel', 4) ('RSSI', -56) ('MAC', 'B8:63:4D:A2:0E:13')
Data:  3C:71:BF:99:F9:E0 ('Header', '48') ('Channel', 4) ('RSSI', -68) ('MAC', 'B8:63:4D:A2:0E:13')
Data:  24:0A:C4:23:C1:EC ('Header', '48') ('Channel', 4) ('RSSI', -51) ('MAC', 'B8:63:4D:A2:0E:13')
Summary:  24:0A:C4:23:D9:B0 395 {'B8:63:4D:A2:0E:13': -55.4}
Summary:  24:0A:C4:23:C1:EC 331 {'B8:63:4D:A2:0E:13': -51.1}
Summary:  3C:71:BF:99:F9:E0 891 {'B8:63:4D:A2:0E:13': -67.1}
Data:  24:0A:C4:23:D9:B0 ('Header', '48') ('Channel', 4) ('RSSI', -56) ('MAC', 'B8:63:4D:A2:0E:13')
Data:  3C:71:BF:99:F9:E0 ('Header', '48') ('Channel', 4) ('RSSI', -67) ('MAC', 'B8:63:4D:A2:0E:13')
Data:  3C:71:BF:99:F9:E0 ('Header', '48') ('Channel', 4) ('RSSI', -68) ('MAC', 'B8:63:4D:A2:0E:13')
Data:  24:0A:C4:23:C1:EC ('Header', '48') ('Channel', 4) ('RSSI', -51) ('MAC', 'B8:63:4D:A2:0E:13')
Data:  24:0A:C4:23:D9:B0 ('Header', '48') ('Channel', 4) ('RSSI', -55) ('MAC', 'B8:63:4D:A2:0E:13')
Data:  3C:71:BF:99:F9:E0 ('Header', '48') ('Channel', 4) ('RSSI', -68) ('MAC', 'B8:63:4D:A2:0E:13')
Data:  24:0A:C4:23:C1:EC ('Header', '48') ('Channel', 4) ('RSSI', -50) ('MAC', 'B8:63:4D:A2:0E:13')
Data:  24:0A:C4:23:D9:B0 ('Header', '48') ('Channel', 4) ('RSSI', -56) ('MAC', 'B8:63:4D:A2:0E:13')
Data:  3C:71:BF:99:F9:E0 ('Header', '48') ('Channel', 4) ('RSSI', -68) ('MAC', 'B8:63:4D:A2:0E:13')
Data:  3C:71:BF:99:F9:E0 ('Header', '48') ('Channel', 4) ('RSSI', -68) ('MAC', 'B8:63:4D:A2:0E:13')
Data:  24:0A:C4:23:C1:EC ('Header', '48') ('Channel', 4) ('RSSI', -51) ('MAC', 'B8:63:4D:A2:0E:13')
Data:  24:0A:C4:23:D9:B0 ('Header', '48') ('Channel', 4) ('RSSI', -56) ('MAC', 'B8:63:4D:A2:0E:13')
Data:  3C:71:BF:99:F9:E0 ('Header', '48') ('Channel', 4) ('RSSI', -67) ('MAC', 'B8:63:4D:A2:0E:13')
Data:  24:0A:C4:23:C1:EC ('Header', '48') ('Channel', 4) ('RSSI', -51) ('MAC', 'B8:63:4D:A2:0E:13')
Data:  24:0A:C4:23:D9:B0 ('Header', '48') ('Channel', 4) ('RSSI', -55) ('MAC', 'B8:63:4D:A2:0E:13')
Data:  24:0A:C4:23:C1:EC ('Header', '48') ('Channel', 4) ('RSSI', -51) ('MAC', 'B8:63:4D:A2:0E:13')
Data:  24:0A:C4:23:D9:B0 ('Header', '48') ('Channel', 4) ('RSSI', -55) ('MAC', 'B8:63:4D:A2:0E:13')
Data:  24:0A:C4:23:D9:B0 ('Header', '48') ('Channel', 4) ('RSSI', -57) ('MAC', 'B8:63:4D:A2:0E:13')
Data:  24:0A:C4:23:C1:EC ('Header', '48') ('Channel', 4) ('RSSI', -51) ('MAC', 'B8:63:4D:A2:0E:13')
Data:  3C:71:BF:99:F9:E0 ('Header', '48') ('Channel', 4) ('RSSI', -69) ('MAC', 'B8:63:4D:A2:0E:13')
Data:  3C:71:BF:99:F9:E0 ('Header', '48') ('Channel', 4) ('RSSI', -68) ('MAC', 'B8:63:4D:A2:0E:13')
Data:  24:0A:C4:23:C1:EC ('Header', '48') ('Channel', 4) ('RSSI', -51) ('MAC', 'B8:63:4D:A2:0E:13')
Data:  24:0A:C4:23:D9:B0 ('Header', '48') ('Channel', 4) ('RSSI', -56) ('MAC', 'B8:63:4D:A2:0E:13')
Data:  24:0A:C4:23:C1:EC ('Header', '48') ('Channel', 4) ('RSSI', -50) ('MAC', 'B8:63:4D:A2:0E:13')
Data:  24:0A:C4:23:D9:B0 ('Header', '48') ('Channel', 4) ('RSSI', -55) ('MAC', 'B8:63:4D:A2:0E:13')
Data:  3C:71:BF:99:F9:E0 ('Header', '48') ('Channel', 4) ('RSSI', -66) ('MAC', 'B8:63:4D:A2:0E:13')
Data:  24:0A:C4:23:C1:EC ('Header', '48') ('Channel', 4) ('RSSI', -51) ('MAC', 'B8:63:4D:A2:0E:13')
Data:  24:0A:C4:23:D9:B0 ('Header', '48') ('Channel', 4) ('RSSI', -56) ('MAC', 'B8:63:4D:A2:0E:13')
Data:  3C:71:BF:99:F9:E0 ('Header', '48') ('Channel', 4) ('RSSI', -68) ('MAC', 'B8:63:4D:A2:0E:13')
Data:  3C:71:BF:99:F9:E0 ('Header', '48') ('Channel', 4) ('RSSI', -67) ('MAC', 'B8:63:4D:A2:0E:13')
Data:  24:0A:C4:23:C1:EC ('Header', '48') ('Channel', 4) ('RSSI', -51) ('MAC', 'B8:63:4D:A2:0E:13')
Data:  24:0A:C4:23:D9:B0 ('Header', '48') ('Channel', 4) ('RSSI', -55) ('MAC', 'B8:63:4D:A2:0E:13')
Data:  24:0A:C4:23:D9:B0 ('Header', '48') ('Channel', 4) ('RSSI', -56) ('MAC', 'B8:63:4D:A2:0E:13')
Data:  24:0A:C4:23:C1:EC ('Header', '48') ('Channel', 4) ('RSSI', -51) ('MAC', 'B8:63:4D:A2:0E:13')
Data:  3C:71:BF:99:F9:E0 ('Header', '48') ('Channel', 4) ('RSSI', -67) ('MAC', 'B8:63:4D:A2:0E:13')
Data:  24:0A:C4:23:D9:B0 ('Header', '48') ('Channel', 4) ('RSSI', -56) ('MAC', 'B8:63:4D:A2:0E:13')
Data:  3C:71:BF:99:F9:E0 ('Header', '48') ('Channel', 4) ('RSSI', -68) ('MAC', 'B8:63:4D:A2:0E:13')
Data:  24:0A:C4:23:C1:EC ('Header', '48') ('Channel', 4) ('RSSI', -50) ('MAC', 'B8:63:4D:A2:0E:13')
Data:  24:0A:C4:23:C1:EC ('Header', '48') ('Channel', 4) ('RSSI', -51) ('MAC', 'B8:63:4D:A2:0E:13')
Data:  3C:71:BF:99:F9:E0 ('Header', '48') ('Channel', 4) ('RSSI', -68) ('MAC', 'B8:63:4D:A2:0E:13')
Data:  24:0A:C4:23:D9:B0 ('Header', '48') ('Channel', 4) ('RSSI', -56) ('MAC', 'B8:63:4D:A2:0E:13')
Data:  24:0A:C4:23:C1:EC ('Header', '48') ('Channel', 4) ('RSSI', -51) ('MAC', 'B8:63:4D:A2:0E:13')
Data:  24:0A:C4:23:D9:B0 ('Header', '48') ('Channel', 4) ('RSSI', -56) ('MAC', 'B8:63:4D:A2:0E:13')
Data:  3C:71:BF:99:F9:E0 ('Header', '48') ('Channel', 4) ('RSSI', -68) ('MAC', 'B8:63:4D:A2:0E:13')
Data:  24:0A:C4:23:C1:EC ('Header', '48') ('Channel', 4) ('RSSI', -50) ('MAC', 'B8:63:4D:A2:0E:13')
Data:  24:0A:C4:23:D9:B0 ('Header', '48') ('Channel', 4) ('RSSI', -56) ('MAC', 'B8:63:4D:A2:0E:13')
Data:  3C:71:BF:99:F9:E0 ('Header', '48') ('Channel', 4) ('RSSI', -68) ('MAC', 'B8:63:4D:A2:0E:13')
Data:  3C:71:BF:99:F9:E0 ('Header', '48') ('Channel', 4) ('RSSI', -67) ('MAC', 'B8:63:4D:A2:0E:13')
Data:  24:0A:C4:23:C1:EC ('Header', '48') ('Channel', 4) ('RSSI', -51) ('MAC', 'B8:63:4D:A2:0E:13')
Data:  24:0A:C4:23:D9:B0 ('Header', '48') ('Channel', 4) ('RSSI', -55) ('MAC', 'B8:63:4D:A2:0E:13')
Data:  3C:71:BF:99:F9:E0 ('Header', '48') ('Channel', 4) ('RSSI', -67) ('MAC', 'B8:63:4D:A2:0E:13')
Data:  24:0A:C4:23:C1:EC ('Header', '48') ('Channel', 4) ('RSSI', -51) ('MAC', 'B8:63:4D:A2:0E:13')
Data:  24:0A:C4:23:D9:B0 ('Header', '48') ('Channel', 4) ('RSSI', -55) ('MAC', 'B8:63:4D:A2:0E:13')
Data:  3C:71:BF:99:F9:E0 ('Header', '48') ('Channel', 4) ('RSSI', -69) ('MAC', 'B8:63:4D:A2:0E:13')
Data:  24:0A:C4:23:C1:EC ('Header', '48') ('Channel', 4) ('RSSI', -51) ('MAC', 'B8:63:4D:A2:0E:13')
Data:  24:0A:C4:23:D9:B0 ('Header', '48') ('Channel', 4) ('RSSI', -56) ('MAC', 'B8:63:4D:A2:0E:13')
Data:  3C:71:BF:99:F9:E0 ('Header', '48') ('Channel', 4) ('RSSI', -66) ('MAC', 'B8:63:4D:A2:0E:13')
Data:  24:0A:C4:23:C1:EC ('Header', '48') ('Channel', 4) ('RSSI', -51) ('MAC', 'B8:63:4D:A2:0E:13')
Data:  24:0A:C4:23:D9:B0 ('Header', '48') ('Channel', 4) ('RSSI', -55) ('MAC', 'B8:63:4D:A2:0E:13')
Data:  3C:71:BF:99:F9:E0 ('Header', '48') ('Channel', 4) ('RSSI', -68) ('MAC', 'B8:63:4D:A2:0E:13')
Data:  24:0A:C4:23:C1:EC ('Header', '48') ('Channel', 4) ('RSSI', -51) ('MAC', 'B8:63:4D:A2:0E:13')
Data:  24:0A:C4:23:D9:B0 ('Header', '48') ('Channel', 4) ('RSSI', -56) ('MAC', 'B8:63:4D:A2:0E:13')
Data:  3C:71:BF:99:F9:E0 ('Header', '48') ('Channel', 4) ('RSSI', -68) ('MAC', 'B8:63:4D:A2:0E:13')
Data:  24:0A:C4:23:C1:EC ('Header', '48') ('Channel', 4) ('RSSI', -51) ('MAC', 'B8:63:4D:A2:0E:13')
Data:  24:0A:C4:23:D9:B0 ('Header', '48') ('Channel', 4) ('RSSI', -56) ('MAC', 'B8:63:4D:A2:0E:13')
Data:  24:0A:C4:23:C1:EC ('Header', '48') ('Channel', 4) ('RSSI', -51) ('MAC', 'B8:63:4D:A2:0E:13')
Data:  24:0A:C4:23:D9:B0 ('Header', '48') ('Channel', 4) ('RSSI', -56) ('MAC', 'B8:63:4D:A2:0E:13')
Data:  3C:71:BF:99:F9:E0 ('Header', '48') ('Channel', 4) ('RSSI', -69) ('MAC', 'B8:63:4D:A2:0E:13')
Data:  24:0A:C4:23:D9:B0 ('Header', '48') ('Channel', 4) ('RSSI', -56) ('MAC', 'B8:63:4D:A2:0E:13')
Data:  24:0A:C4:23:D9:B0 ('Header', '48') ('Channel', 4) ('RSSI', -56) ('MAC', 'B8:63:4D:A2:0E:13')
Data:  24:0A:C4:23:D9:B0 ('Header', '48') ('Channel', 4) ('RSSI', -56) ('MAC', 'B8:63:4D:A2:0E:13')
Data:  24:0A:C4:23:D9:B0 ('Header', '48') ('Channel', 4) ('RSSI', -56) ('MAC', 'B8:63:4D:A2:0E:13')
Data:  24:0A:C4:23:D9:B0 ('Header', '48') ('Channel', 4) ('RSSI', -56) ('MAC', 'B8:63:4D:A2:0E:13')
Data:  24:0A:C4:23:C1:EC ('Header', '48') ('Channel', 4) ('RSSI', -51) ('MAC', 'B8:63:4D:A2:0E:13')
Data:  24:0A:C4:23:C1:EC ('Header', '48') ('Channel', 4) ('RSSI', -51) ('MAC', 'B8:63:4D:A2:0E:13')
Data:  24:0A:C4:23:C1:EC ('Header', '48') ('Channel', 4) ('RSSI', -51) ('MAC', 'B8:63:4D:A2:0E:13')
Data:  24:0A:C4:23:C1:EC ('Header', '48') ('Channel', 4) ('RSSI', -51) ('MAC', 'B8:63:4D:A2:0E:13')
Data:  24:0A:C4:23:C1:EC ('Header', '48') ('Channel', 4) ('RSSI', -52) ('MAC', 'B8:63:4D:A2:0E:13')
Data:  3C:71:BF:99:F9:E0 ('Header', '48') ('Channel', 4) ('RSSI', -69) ('MAC', 'B8:63:4D:A2:0E:13')
Data:  3C:71:BF:99:F9:E0 ('Header', '48') ('Channel', 4) ('RSSI', -68) ('MAC', 'B8:63:4D:A2:0E:13')
Data:  3C:71:BF:99:F9:E0 ('Header', '48') ('Channel', 4) ('RSSI', -68) ('MAC', 'B8:63:4D:A2:0E:13')
Data:  3C:71:BF:99:F9:E0 ('Header', '48') ('Channel', 4) ('RSSI', -67) ('MAC', 'B8:63:4D:A2:0E:13')
Data:  3C:71:BF:99:F9:E0 ('Header', '48') ('Channel', 4) ('RSSI', -66) ('MAC', 'B8:63:4D:A2:0E:13')
Data:  3C:71:BF:99:F9:E0 ('Header', '48') ('Channel', 4) ('RSSI', -67) ('MAC', 'B8:63:4D:A2:0E:13')
Data:  24:0A:C4:23:D9:B0 ('Header', '48') ('Channel', 4) ('RSSI', -56) ('MAC', 'B8:63:4D:A2:0E:13')
Data:  3C:71:BF:99:F9:E0 ('Header', '48') ('Channel', 4) ('RSSI', -68) ('MAC', 'B8:63:4D:A2:0E:13')
Data:  24:0A:C4:23:C1:EC ('Header', '48') ('Channel', 4) ('RSSI', -51) ('MAC', 'B8:63:4D:A2:0E:13')
Data:  24:0A:C4:23:D9:B0 ('Header', '48') ('Channel', 4) ('RSSI', -56) ('MAC', 'B8:63:4D:A2:0E:13')
Data:  24:0A:C4:23:C1:EC ('Header', '48') ('Channel', 4) ('RSSI', -51) ('MAC', 'B8:63:4D:A2:0E:13')
Data:  24:0A:C4:23:C1:EC ('Header', '48') ('Channel', 4) ('RSSI', -52) ('MAC', 'B8:63:4D:A2:0E:13')
Data:  3C:71:BF:99:F9:E0 ('Header', '48') ('Channel', 4) ('RSSI', -68) ('MAC', 'B8:63:4D:A2:0E:13')
Data:  24:0A:C4:23:D9:B0 ('Header', '48') ('Channel', 4) ('RSSI', -55) ('MAC', 'B8:63:4D:A2:0E:13')
Data:  24:0A:C4:23:D9:B0 ('Header', '48') ('Channel', 4) ('RSSI', -56) ('MAC', 'B8:63:4D:A2:0E:13')
Data:  3C:71:BF:99:F9:E0 ('Header', '48') ('Channel', 4) ('RSSI', -68) ('MAC', 'B8:63:4D:A2:0E:13')
Data:  24:0A:C4:23:C1:EC ('Header', '48') ('Channel', 4) ('RSSI', -52) ('MAC', 'B8:63:4D:A2:0E:13')
Data:  24:0A:C4:23:D9:B0 ('Header', '48') ('Channel', 4) ('RSSI', -56) ('MAC', 'B8:63:4D:A2:0E:13')
Data:  3C:71:BF:99:F9:E0 ('Header', '48') ('Channel', 4) ('RSSI', -68) ('MAC', 'B8:63:4D:A2:0E:13')
Data:  24:0A:C4:23:C1:EC ('Header', '48') ('Channel', 4) ('RSSI', -52) ('MAC', 'B8:63:4D:A2:0E:13')
Data:  3C:71:BF:99:F9:E0 ('Header', '48') ('Channel', 4) ('RSSI', -68) ('MAC', 'B8:63:4D:A2:0E:13')
Data:  24:0A:C4:23:C1:EC ('Header', '48') ('Channel', 4) ('RSSI', -51) ('MAC', 'B8:63:4D:A2:0E:13')
Data:  24:0A:C4:23:D9:B0 ('Header', '48') ('Channel', 4) ('RSSI', -56) ('MAC', 'B8:63:4D:A2:0E:13')
Data:  24:0A:C4:23:D9:B0 ('Header', '48') ('Channel', 4) ('RSSI', -55) ('MAC', 'B8:63:4D:A2:0E:13')
Data:  3C:71:BF:99:F9:E0 ('Header', '48') ('Channel', 4) ('RSSI', -67) ('MAC', 'B8:63:4D:A2:0E:13')
Data:  24:0A:C4:23:C1:EC ('Header', '48') ('Channel', 4) ('RSSI', -50) ('MAC', 'B8:63:4D:A2:0E:13')
Data:  24:0A:C4:23:D9:B0 ('Header', '48') ('Channel', 4) ('RSSI', -55) ('MAC', 'B8:63:4D:A2:0E:13')
Data:  24:0A:C4:23:C1:EC ('Header', '48') ('Channel', 4) ('RSSI', -51) ('MAC', 'B8:63:4D:A2:0E:13')
Data:  3C:71:BF:99:F9:E0 ('Header', '48') ('Channel', 4) ('RSSI', -68) ('MAC', 'B8:63:4D:A2:0E:13')
Data:  24:0A:C4:23:C1:EC ('Header', '48') ('Channel', 4) ('RSSI', -50) ('MAC', 'B8:63:4D:A2:0E:13')
Data:  24:0A:C4:23:D9:B0 ('Header', '48') ('Channel', 4) ('RSSI', -55) ('MAC', 'B8:63:4D:A2:0E:13')
Data:  3C:71:BF:99:F9:E0 ('Header', '48') ('Channel', 4) ('RSSI', -67) ('MAC', 'B8:63:4D:A2:0E:13')
Data:  3C:71:BF:99:F9:E0 ('Header', '48') ('Channel', 4) ('RSSI', -68) ('MAC', 'B8:63:4D:A2:0E:13')
Data:  24:0A:C4:23:C1:EC ('Header', '48') ('Channel', 4) ('RSSI', -51) ('MAC', 'B8:63:4D:A2:0E:13')
Data:  24:0A:C4:23:D9:B0 ('Header', '48') ('Channel', 4) ('RSSI', -55) ('MAC', 'B8:63:4D:A2:0E:13')
Data:  24:0A:C4:23:D9:B0 ('Header', '48') ('Channel', 4) ('RSSI', -56) ('MAC', 'B8:63:4D:A2:0E:13')
Data:  24:0A:C4:23:C1:EC ('Header', '48') ('Channel', 4) ('RSSI', -52) ('MAC', 'B8:63:4D:A2:0E:13')
Data:  3C:71:BF:99:F9:E0 ('Header', '48') ('Channel', 4) ('RSSI', -68) ('MAC', 'B8:63:4D:A2:0E:13')
Data:  3C:71:BF:99:F9:E0 ('Header', '48') ('Channel', 4) ('RSSI', -69) ('MAC', 'B8:63:4D:A2:0E:13')
Data:  24:0A:C4:23:D9:B0 ('Header', '48') ('Channel', 4) ('RSSI', -56) ('MAC', 'B8:63:4D:A2:0E:13')
Data:  24:0A:C4:23:C1:EC ('Header', '48') ('Channel', 4) ('RSSI', -52) ('MAC', 'B8:63:4D:A2:0E:13')
Data:  24:0A:C4:23:C1:EC ('Header', '48') ('Channel', 4) ('RSSI', -52) ('MAC', 'B8:63:4D:A2:0E:13')
Data:  24:0A:C4:23:D9:B0 ('Header', '48') ('Channel', 4) ('RSSI', -55) ('MAC', 'B8:63:4D:A2:0E:13')
Data:  3C:71:BF:99:F9:E0 ('Header', '48') ('Channel', 4) ('RSSI', -68) ('MAC', 'B8:63:4D:A2:0E:13')
Data:  3C:71:BF:99:F9:E0 ('Header', '48') ('Channel', 4) ('RSSI', -68) ('MAC', 'B8:63:4D:A2:0E:13')
Data:  24:0A:C4:23:C1:EC ('Header', '48') ('Channel', 4) ('RSSI', -51) ('MAC', 'B8:63:4D:A2:0E:13')
Data:  24:0A:C4:23:D9:B0 ('Header', '48') ('Channel', 4) ('RSSI', -55) ('MAC', 'B8:63:4D:A2:0E:13')
Data:  3C:71:BF:99:F9:E0 ('Header', '48') ('Channel', 4) ('RSSI', -69) ('MAC', 'B8:63:4D:A2:0E:13')
Data:  24:0A:C4:23:C1:EC ('Header', '48') ('Channel', 4) ('RSSI', -51) ('MAC', 'B8:63:4D:A2:0E:13')
Data:  24:0A:C4:23:D9:B0 ('Header', '48') ('Channel', 4) ('RSSI', -56) ('MAC', 'B8:63:4D:A2:0E:13')
Data:  3C:71:BF:99:F9:E0 ('Header', '48') ('Channel', 4) ('RSSI', -68) ('MAC', 'B8:63:4D:A2:0E:13')
Data:  24:0A:C4:23:D9:B0 ('Header', '48') ('Channel', 4) ('RSSI', -56) ('MAC', 'B8:63:4D:A2:0E:13')
Summary:  24:0A:C4:23:D9:B0 395 {'B8:63:4D:A2:0E:13': -55.7}
Summary:  24:0A:C4:23:C1:EC 331 {'B8:63:4D:A2:0E:13': -51.0}
Summary:  3C:71:BF:99:F9:E0 891 {'B8:63:4D:A2:0E:13': -67.8}
Data:  24:0A:C4:23:C1:EC ('Header', '48') ('Channel', 4) ('RSSI', -51) ('MAC', 'B8:63:4D:A2:0E:13')
Data:  24:0A:C4:23:C1:EC ('Header', '48') ('Channel', 4) ('RSSI', -51) ('MAC', 'B8:63:4D:A2:0E:13')
Data:  24:0A:C4:23:D9:B0 ('Header', '48') ('Channel', 4) ('RSSI', -55) ('MAC', 'B8:63:4D:A2:0E:13')
Data:  3C:71:BF:99:F9:E0 ('Header', '48') ('Channel', 4) ('RSSI', -67) ('MAC', 'B8:63:4D:A2:0E:13')
Data:  24:0A:C4:23:C1:EC ('Header', '48') ('Channel', 4) ('RSSI', -51) ('MAC', 'B8:63:4D:A2:0E:13')
Data:  24:0A:C4:23:D9:B0 ('Header', '48') ('Channel', 4) ('RSSI', -55) ('MAC', 'B8:63:4D:A2:0E:13')
Data:  3C:71:BF:99:F9:E0 ('Header', '48') ('Channel', 4) ('RSSI', -67) ('MAC', 'B8:63:4D:A2:0E:13')
Data:  24:0A:C4:23:C1:EC ('Header', '48') ('Channel', 4) ('RSSI', -51) ('MAC', 'B8:63:4D:A2:0E:13')
Data:  24:0A:C4:23:D9:B0 ('Header', '48') ('Channel', 4) ('RSSI', -56) ('MAC', 'B8:63:4D:A2:0E:13')
Data:  3C:71:BF:99:F9:E0 ('Header', '48') ('Channel', 4) ('RSSI', -68) ('MAC', 'B8:63:4D:A2:0E:13')
Data:  3C:71:BF:99:F9:E0 ('Header', '48') ('Channel', 4) ('RSSI', -67) ('MAC', 'B8:63:4D:A2:0E:13')
Data:  24:0A:C4:23:C1:EC ('Header', '48') ('Channel', 4) ('RSSI', -51) ('MAC', 'B8:63:4D:A2:0E:13')
Data:  24:0A:C4:23:D9:B0 ('Header', '48') ('Channel', 4) ('RSSI', -55) ('MAC', 'B8:63:4D:A2:0E:13')
Data:  3C:71:BF:99:F9:E0 ('Header', '48') ('Channel', 4) ('RSSI', -68) ('MAC', 'B8:63:4D:A2:0E:13')
Data:  24:0A:C4:23:C1:EC ('Header', '48') ('Channel', 4) ('RSSI', -51) ('MAC', 'B8:63:4D:A2:0E:13')
Data:  3C:71:BF:99:F9:E0 ('Header', '48') ('Channel', 4) ('RSSI', -67) ('MAC', 'B8:63:4D:A2:0E:13')
Data:  24:0A:C4:23:C1:EC ('Header', '48') ('Channel', 4) ('RSSI', -51) ('MAC', 'B8:63:4D:A2:0E:13')
Data:  24:0A:C4:23:D9:B0 ('Header', '48') ('Channel', 4) ('RSSI', -55) ('MAC', 'B8:63:4D:A2:0E:13')
Data:  24:0A:C4:23:C1:EC ('Header', '48') ('Channel', 4) ('RSSI', -50) ('MAC', 'B8:63:4D:A2:0E:13')
Data:  3C:71:BF:99:F9:E0 ('Header', '48') ('Channel', 4) ('RSSI', -68) ('MAC', 'B8:63:4D:A2:0E:13')
Data:  24:0A:C4:23:D9:B0 ('Header', '48') ('Channel', 4) ('RSSI', -56) ('MAC', 'B8:63:4D:A2:0E:13')
Data:  3C:71:BF:99:F9:E0 ('Header', '48') ('Channel', 4) ('RSSI', -68) ('MAC', 'B8:63:4D:A2:0E:13')
Data:  24:0A:C4:23:D9:B0 ('Header', '48') ('Channel', 4) ('RSSI', -57) ('MAC', 'B8:63:4D:A2:0E:13')
Data:  24:0A:C4:23:C1:EC ('Header', '48') ('Channel', 4) ('RSSI', -50) ('MAC', 'B8:63:4D:A2:0E:13')
Data:  3C:71:BF:99:F9:E0 ('Header', '48') ('Channel', 4) ('RSSI', -68) ('MAC', 'B8:63:4D:A2:0E:13')
Data:  24:0A:C4:23:C1:EC ('Header', '48') ('Channel', 4) ('RSSI', -50) ('MAC', 'B8:63:4D:A2:0E:13')
Data:  24:0A:C4:23:D9:B0 ('Header', '48') ('Channel', 4) ('RSSI', -55) ('MAC', 'B8:63:4D:A2:0E:13')
Data:  3C:71:BF:99:F9:E0 ('Header', '48') ('Channel', 4) ('RSSI', -68) ('MAC', 'B8:63:4D:A2:0E:13')
Data:  24:0A:C4:23:D9:B0 ('Header', '48') ('Channel', 4) ('RSSI', -55) ('MAC', 'B8:63:4D:A2:0E:13')
Data:  24:0A:C4:23:C1:EC ('Header', '48') ('Channel', 4) ('RSSI', -52) ('MAC', 'B8:63:4D:A2:0E:13')
Data:  24:0A:C4:23:C1:EC ('Header', '48') ('Channel', 4) ('RSSI', -51) ('MAC', 'B8:63:4D:A2:0E:13')
Data:  3C:71:BF:99:F9:E0 ('Header', '48') ('Channel', 4) ('RSSI', -65) ('MAC', 'B8:63:4D:A2:0E:13')
Data:  24:0A:C4:23:D9:B0 ('Header', '48') ('Channel', 4) ('RSSI', -56) ('MAC', 'B8:63:4D:A2:0E:13')
Data:  3C:71:BF:99:F9:E0 ('Header', '48') ('Channel', 4) ('RSSI', -67) ('MAC', 'B8:63:4D:A2:0E:13')
Data:  24:0A:C4:23:C1:EC ('Header', '48') ('Channel', 4) ('RSSI', -52) ('MAC', 'B8:63:4D:A2:0E:13')
Data:  24:0A:C4:23:D9:B0 ('Header', '48') ('Channel', 4) ('RSSI', -55) ('MAC', 'B8:63:4D:A2:0E:13')
Data:  24:0A:C4:23:C1:EC ('Header', '48') ('Channel', 4) ('RSSI', -51) ('MAC', 'B8:63:4D:A2:0E:13')
Data:  24:0A:C4:23:D9:B0 ('Header', '48') ('Channel', 4) ('RSSI', -55) ('MAC', 'B8:63:4D:A2:0E:13')
Summary:  24:0A:C4:23:D9:B0 395 {'B8:63:4D:A2:0E:13': -55.5}
Summary:  24:0A:C4:23:C1:EC 331 {'B8:63:4D:A2:0E:13': -50.9}
Summary:  3C:71:BF:99:F9:E0 891 {'B8:63:4D:A2:0E:13': -67.3}
Data:  3C:71:BF:99:F9:E0 ('Header', '48') ('Channel', 4) ('RSSI', -66) ('MAC', 'B8:63:4D:A2:0E:13')
Data:  24:0A:C4:23:C1:EC ('Header', '48') ('Channel', 4) ('RSSI', -51) ('MAC', 'B8:63:4D:A2:0E:13')
Data:  24:0A:C4:23:D9:B0 ('Header', '48') ('Channel', 4) ('RSSI', -55) ('MAC', 'B8:63:4D:A2:0E:13')
Data:  3C:71:BF:99:F9:E0 ('Header', '48')