Data:  3C:71:BF:99:F9:E0 ('RSSI', -63) ('Channel', 4) ('MAC', 'B8:63:4D:A2:0E:13') ('Header', '48')
Data:  24:0A:C4:23:C1:EC ('RSSI', -42) ('Channel', 4) ('MAC', 'B8:63:4D:A2:0E:13') ('Header', '48')
Data:  24:0A:C4:23:D9:B0 ('RSSI', -64) ('Channel', 4) ('MAC', 'B8:63:4D:A2:0E:13') ('Header', '48')
Data:  3C:71:BF:99:F9:E0 ('RSSI', -64) ('Channel', 4) ('MAC', 'B8:63:4D:A2:0E:13') ('Header', '48')
Data:  24:0A:C4:23:D9:B0 ('RSSI', -64) ('Channel', 4) ('MAC', 'B8:63:4D:A2:0E:13') ('Header', '48')
Data:  3C:71:BF:99:F9:E0 ('RSSI', -65) ('Channel', 4) ('MAC', 'B8:63:4D:A2:0E:13') ('Header', '48')
Data:  24:0A:C4:23:C1:EC ('RSSI', -43) ('Channel', 4) ('MAC', 'B8:63:4D:A2:0E:13') ('Header', '48')
Data:  24:0A:C4:23:D9:B0 ('RSSI', -64) ('Channel', 4) ('MAC', 'B8:63:4D:A2:0E:13') ('Header', '48')
Data:  24:0A:C4:23:C1:EC ('RSSI', -42) ('Channel', 4) ('MAC', 'B8:63:4D:A2:0E:13') ('Header', '48')
Data:  3C:71:BF:99:F9:E0 ('RSSI', -64) ('Channel', 4) ('MAC', 'B8:63:4D:A2:0E:13') ('Header', '48')
Data:  24:0A:C4:23:C1:EC ('RSSI', -42) ('Channel', 4) ('MAC', 'B8:63:4D:A2:0E:13') ('Header', '48')
Data:  24:0A:C4:23:D9:B0 ('RSSI', -63) ('Channel', 4) ('MAC', 'B8:63:4D:A2:0E:13') ('Header', '48')
Data:  3C:71:BF:99:F9:E0 ('RSSI', -64) ('Channel', 4) ('MAC', 'B8:63:4D:A2:0E:13') ('Header', '48')
Data:  24:0A:C4:23:D9:B0 ('RSSI', -64) ('Channel', 4) ('MAC', 'B8:63:4D:A2:0E:13') ('Header', '48')
Data:  24:0A:C4:23:C1:EC ('RSSI', -42) ('Channel', 4) ('MAC', 'B8:63:4D:A2:0E:13') ('Header', '48')
Data:  24:0A:C4:23:C1:EC ('RSSI', -43) ('Channel', 4) ('MAC', 'B8:63:4D:A2:0E:13') ('Header', '48')
Data:  3C:71:BF:99:F9:E0 ('RSSI', -63) ('Channel', 4) ('MAC', 'B8:63:4D:A2:0E:13') ('Header', '48')
Data:  24:0A:C4:23:D9:B0 ('RSSI', -63) ('Channel', 4) ('MAC', 'B8:63:4D:A2:0E:13') ('Header', '48')
Data:  24:0A:C4:23:C1:EC ('RSSI', -43) ('Channel', 4) ('MAC', 'B8:63:4D:A2:0E:13') ('Header', '48')
Data:  24:0A:C4:23:D9:B0 ('RSSI', -64) ('Channel', 4) ('MAC', 'B8:63:4D:A2:0E:13') ('Header', '48')
Data:  3C:71:BF:99:F9:E0 ('RSSI', -64) ('Channel', 4) ('MAC', 'B8:63:4D:A2:0E:13') ('Header', '48')
Data:  3C:71:BF:99:F9:E0 ('RSSI', -63) ('Channel', 4) ('MAC', 'B8:63:4D:A2:0E:13') ('Header', '48')
Data:  24:0A:C4:23:C1:EC ('RSSI', -43) ('Channel', 4) ('MAC', 'B8:63:4D:A2:0E:13') ('Header', '48')
Data:  24:0A:C4:23:D9:B0 ('RSSI', -63) ('Channel', 4) ('MAC', 'B8:63:4D:A2:0E:13') ('Header', '48')
Data:  24:0A:C4:23:C1:EC ('RSSI', -42) ('Channel', 4) ('MAC', 'B8:63:4D:A2:0E:13') ('Header', '48')
Data:  24:0A:C4:23:D9:B0 ('RSSI', -63) ('Channel', 4) ('MAC', 'B8:63:4D:A2:0E:13') ('Header', '48')
Data:  3C:71:BF:99:F9:E0 ('RSSI', -63) ('Channel', 4) ('MAC', 'B8:63:4D:A2:0E:13') ('Header', '48')
Data:  24:0A:C4:23:D9:B0 ('RSSI', -63) ('Channel', 4) ('MAC', 'B8:63:4D:A2:0E:13') ('Header', '48')
Data:  3C:71:BF:99:F9:E0 ('RSSI', -62) ('Channel', 4) ('MAC', 'B8:63:4D:A2:0E:13') ('Header', '48')
Data:  24:0A:C4:23:C1:EC ('RSSI', -43) ('Channel', 4) ('MAC', 'B8:63:4D:A2:0E:13') ('Header', '48')
Data:  24:0A:C4:23:C1:EC ('RSSI', -43) ('Channel', 4) ('MAC', 'B8:63:4D:A2:0E:13') ('Header', '48')
Data:  24:0A:C4:23:D9:B0 ('RSSI', -63) ('Channel', 4) ('MAC', 'B8:63:4D:A2:0E:13') ('Header', '48')
Data:  3C:71:BF:99:F9:E0 ('RSSI', -62) ('Channel', 4) ('MAC', 'B8:63:4D:A2:0E:13') ('Header', '48')
Data:  24:0A:C4:23:D9:B0 ('RSSI', -63) ('Channel', 4) ('MAC', 'B8:63:4D:A2:0E:13') ('Header', '48')
Data:  3C:71:BF:99:F9:E0 ('RSSI', -63) ('Channel', 4) ('MAC', 'B8:63:4D:A2:0E:13') ('Header', '48')
Data:  24:0A:C4:23:C1:EC ('RSSI', -42) ('Channel', 4) ('MAC', 'B8:63:4D:A2:0E:13') ('Header', '48')
Data:  3C:71:BF:99:F9:E0 ('RSSI', -64) ('Channel', 4) ('MAC', 'B8:63:4D:A2:0E:13') ('Header', '48')
Data:  24:0A:C4:23:C1:EC ('RSSI', -42) ('Channel', 4) ('MAC', 'B8:63:4D:A2:0E:13') ('Header', '48')
Data:  24:0A:C4:23:D9:B0 ('RSSI', -64) ('Channel', 4) ('MAC', 'B8:63:4D:A2:0E:13') ('Header', '48')
Data:  24:0A:C4:23:C1:EC ('RSSI', -42) ('Channel', 4) ('MAC', 'B8:63:4D:A2:0E:13') ('Header', '48')
Data:  24:0A:C4:23:D9:B0 ('RSSI', -63) ('Channel', 4) ('MAC', 'B8:63:4D:A2:0E:13') ('Header', '48')
Data:  3C:71:BF:99:F9:E0 ('RSSI', -64) ('Channel', 4) ('MAC', 'B8:63:4D:A2:0E:13') ('Header', '48')
Data:  24:0A:C4:23:D9:B0 ('RSSI', -63) ('Channel', 4) ('MAC', 'B8:63:4D:A2:0E:13') ('Header', '48')
Data:  24:0A:C4:23:C1:EC ('RSSI', -43) ('Channel', 4) ('MAC', 'B8:63:4D:A2:0E:13') ('Header', '48')
Data:  3C:71:BF:99:F9:E0 ('RSSI', -63) ('Channel', 4) ('MAC', 'B8:63:4D:A2:0E:13') ('Header', '48')
Data:  24:0A:C4:23:C1:EC ('RSSI', -43) ('Channel', 4) ('MAC', 'B8:63:4D:A2:0E:13') ('Header', '48')
Data:  24:0A:C4:23:D9:B0 ('RSSI', -63) ('Channel', 4) ('MAC', 'B8:63:4D:A2:0E:13') ('Header', '48')
Data:  3C:71:BF:99:F9:E0 ('RSSI', -64) ('Channel', 4) ('MAC', 'B8:63:4D:A2:0E:13') ('Header', '48')
Data:  24:0A:C4:23:D9:B0 ('RSSI', -63) ('Channel', 4) ('MAC', 'B8:63:4D:A2:0E:13') ('Header', '48')
Data:  3C:71:BF:99:F9:E0 ('RSSI', -64) ('Channel', 4) ('MAC', 'B8:63:4D:A2:0E:13') ('Header', '48')
Data:  24:0A:C4:23:C1:EC ('RSSI', -42) ('Channel', 4) ('MAC', 'B8:63:4D:A2:0E:13') ('Header', '48')
Data:  3C:71:BF:99:F9:E0 ('RSSI', -64) ('Channel', 4) ('MAC', 'B8:63:4D:A2:0E:13') ('Header', '48')
Data:  24:0A:C4:23:C1:EC ('RSSI', -42) ('Channel', 4) ('MAC', 'B8:63:4D:A2:0E:13') ('Header', '48')
Data:  24:0A:C4:23:D9:B0 ('RSSI', -64) ('Channel', 4) ('MAC', 'B8:63:4D:A2:0E:13') ('Header', '48')
Data:  3C:71:BF:99:F9:E0 ('RSSI', -64) ('Channel', 4) ('MAC', 'B8:63:4D:A2:0E:13') ('Header', '48')
Data:  24:0A:C4:23:C1:EC ('RSSI', -42) ('Channel', 4) ('MAC', 'B8:63:4D:A2:0E:13') ('Header', '48')
Data:  24:0A:C4:23:D9:B0 ('RSSI', -63) ('Channel', 4) ('MAC', 'B8:63:4D:A2:0E:13') ('Header', '48')
Data:  3C:71:BF:99:F9:E0 ('RSSI', -64) ('Channel', 4) ('MAC', 'B8:63:4D:A2:0E:13') ('Header', '48')
Data:  24:0A:C4:23:C1:EC ('RSSI', -42) ('Channel', 4) ('MAC', 'B8:63:4D:A2:0E:13') ('Header', '48')
Data:  24:0A:C4:23:D9:B0 ('RSSI', -64) ('Channel', 4) ('MAC', 'B8:63:4D:A2:0E:13') ('Header', '48')
Data:  24:0A:C4:23:D9:B0 ('RSSI', -64) ('Channel', 4) ('MAC', 'B8:63:4D:A2:0E:13') ('Header', '48')
Data:  3C:71:BF:99:F9:E0 ('RSSI', -63) ('Channel', 4) ('MAC', 'B8:63:4D:A2:0E:13') ('Header', '48')
Data:  24:0A:C4:23:C1:EC ('RSSI', -42) ('Channel', 4) ('MAC', 'B8:63:4D:A2:0E:13') ('Header', '48')
Data:  24:0A:C4:23:D9:B0 ('RSSI', -63) ('Channel', 4) ('MAC', 'B8:63:4D:A2:0E:13') ('Header', '48')
Data:  24:0A:C4:23:C1:EC ('RSSI', -42) ('Channel', 4) ('MAC', 'B8:63:4D:A2:0E:13') ('Header', '48')
Data:  3C:71:BF:99:F9:E0 ('RSSI', -64) ('Channel', 4) ('MAC', 'B8:63:4D:A2:0E:13') ('Header', '48')
Data:  24:0A:C4:23:D9:B0 ('RSSI', -63) ('Channel', 4) ('MAC', 'B8:63:4D:A2:0E:13') ('Header', '48')
Data:  3C:71:BF:99:F9:E0 ('RSSI', -63) ('Channel', 4) ('MAC', 'B8:63:4D:A2:0E:13') ('Header', '48')
Data:  24:0A:C4:23:C1:EC ('RSSI', -42) ('Channel', 4) ('MAC', 'B8:63:4D:A2:0E:13') ('Header', '48')
Data:  24:0A:C4:23:D9:B0 ('RSSI', -64) ('Channel', 4) ('MAC', 'B8:63:4D:A2:0E:13') ('Header', '48')
Data:  3C:71:BF:99:F9:E0 ('RSSI', -65) ('Channel', 4) ('MAC', 'B8:63:4D:A2:0E:13') ('Header', '48')
Data:  24:0A:C4:23:C1:EC ('RSSI', -43) ('Channel', 4) ('MAC', 'B8:63:4D:A2:0E:13') ('Header', '48')
Data:  24:0A:C4:23:C1:EC ('RSSI', -43) ('Channel', 4) ('MAC', 'B8:63:4D:A2:0E:13') ('Header', '48')
Data:  3C:71:BF:99:F9:E0 ('RSSI', -65) ('Channel', 4) ('MAC', 'B8:63:4D:A2:0E:13') ('Header', '48')
Data:  24:0A:C4:23:C1:EC ('RSSI', -42) ('Channel', 4) ('MAC', 'B8:63:4D:A2:0E:13') ('Header', '48')
Data:  24:0A:C4:23:D9:B0 ('RSSI', -64) ('Channel', 4) ('MAC', 'B8:63:4D:A2:0E:13') ('Header', '48')
Data:  3C:71:BF:99:F9:E0 ('RSSI', -63) ('Channel', 4) ('MAC', 'B8:63:4D:A2:0E:13') ('Header', '48')
Data:  24:0A:C4:23:C1:EC ('RSSI', -42) ('Channel', 4) ('MAC', 'B8:63:4D:A2:0E:13') ('Header', '48')
Data:  24:0A:C4:23:D9:B0 ('RSSI', -64) ('Channel', 4) ('MAC', 'B8:63:4D:A2:0E:13') ('Header', '48')
Data:  3C:71:BF:99:F9:E0 ('RSSI', -63) ('Channel', 4) ('MAC', 'B8:63:4D:A2:0E:13') ('Header', '48')
Data:  24:0A:C4:23:D9:B0 ('RSSI', -63) ('Channel', 4) ('MAC', 'B8:63:4D:A2:0E:13') ('Header', '48')
Data:  24:0A:C4:23:D9:B0 ('RSSI', -64) ('Channel', 4) ('MAC', 'B8:63:4D:A2:0E:13') ('Header', '48')
Data:  24:0A:C4:23:C1:EC ('RSSI', -42) ('Channel', 4) ('MAC', 'B8:63:4D:A2:0E:13') ('Header', '48')
Data:  3C:71:BF:99:F9:E0 ('RSSI', -64) ('Channel', 4) ('MAC', 'B8:63:4D:A2:0E:13') ('Header', '48')
Data:  24:0A:C4:23:C1:EC ('RSSI', -43) ('Channel', 4) ('MAC', 'B8:63:4D:A2:0E:13') ('Header', '48')
Data:  3C:71:BF:99:F9:E0 ('RSSI', -64) ('Channel', 4) ('MAC', 'B8:63:4D:A2:0E:13') ('Header', '48')
Data:  24:0A:C4:23:D9:B0 ('RSSI', -64) ('Channel', 4) ('MAC', 'B8:63:4D:A2:0E:13') ('Header', '48')
Data:  3C:71:BF:99:F9:E0 ('RSSI', -64) ('Channel', 4) ('MAC', 'B8:63:4D:A2:0E:13') ('Header', '48')
Data:  24:0A:C4:23:D9:B0 ('RSSI', -64) ('Channel', 4) ('MAC', 'B8:63:4D:A2:0E:13') ('Header', '48')
Data:  24:0A:C4:23:C1:EC ('RSSI', -42) ('Channel', 4) ('MAC', 'B8:63:4D:A2:0E:13') ('Header', '48')
Data:  24:0A:C4:23:C1:EC ('RSSI', -42) ('Channel', 4) ('MAC', 'B8:63:4D:A2:0E:13') ('Header', '48')
Data:  3C:71:BF:99:F9:E0 ('RSSI', -63) ('Channel', 4) ('MAC', 'B8:63:4D:A2:0E:13') ('Header', '48')
Data:  24:0A:C4:23:D9:B0 ('RSSI', -64) ('Channel', 4) ('MAC', 'B8:63:4D:A2:0E:13') ('Header', '48')
Data:  24:0A:C4:23:C1:EC ('RSSI', -42) ('Channel', 4) ('MAC', 'B8:63:4D:A2:0E:13') ('Header', '48')
Data:  3C:71:BF:99:F9:E0 ('RSSI', -63) ('Channel', 4) ('MAC', 'B8:63:4D:A2:0E:13') ('Header', '48')
Data:  24:0A:C4:23:D9:B0 ('RSSI', -63) ('Channel', 4) ('MAC', 'B8:63:4D:A2:0E:13') ('Header', '48')
Data:  3C:71:BF:99:F9:E0 ('RSSI', -63) ('Channel', 4) ('MAC', 'B8:63:4D:A2:0E:13') ('Header', '48')
Summary:  24:0A:C4:23:D9:B0 632 {'B8:63:4D:A2:0E:13': -63.5}
Summary:  24:0A:C4:23:C1:EC 84 {'B8:63:4D:A2:0E:13': -42.3}
Summary:  3C:71:BF:99:F9:E0 921 {'B8:63:4D:A2:0E:13': -63.6}
Data:  24:0A:C4:23:D9:B0 ('RSSI', -63) ('Channel', 4) ('MAC', 'B8:63:4D:A2:0E:13') ('Header', '48')
Data:  24:0A:C4:23:C1:EC ('RSSI', -42) ('Channel', 4) ('MAC', 'B8:63:4D:A2:0E:13') ('Header', '48')
Data:  24:0A:C4:23:C1:EC ('RSSI', -43) ('Channel', 4) ('MAC', 'B8:63:4D:A2:0E:13') ('Header', '48')
Data:  3C:71:BF:99:F9:E0 ('RSSI', -64) ('Channel', 4) ('MAC', 'B8:63:4D:A2:0E:13') ('Header', '48')
Data:  24:0A:C4:23:D9:B0 ('RSSI', -63) ('Channel', 4) ('MAC', 'B8:63:4D:A2:0E:13') ('Header', '48')
Data:  3C:71:BF:99:F9:E0 ('RSSI', -65) ('Channel', 4) ('MAC', 'B8:63:4D:A2:0E:13') ('Header', '48')
Data:  24:0A:C4:23:C1:EC ('RSSI', -43) ('Channel', 4) ('MAC', 'B8:63:4D:A2:0E:13') ('Header', '48')
Data:  24:0A:C4:23:D9:B0 ('RSSI', -64) ('Channel', 4) ('MAC', 'B8:63:4D:A2:0E:13') ('Header', '48')
Data:  24:0A:C4:23:D9:B0 ('RSSI', -65) ('Channel', 4) ('MAC', 'B8:63:4D:A2:0E:13') ('Header', '48')
Data:  3C:71:BF:99:F9:E0 ('RSSI', -65) ('Channel', 4) ('MAC', 'B8:63:4D:A2:0E:13') ('Header', '48')
Data:  24:0A:C4:23:C1:EC ('RSSI', -42) ('Channel', 4) ('MAC', 'B8:63:4D:A2:0E:13') ('Header', '48')
Data:  24:0A:C4:23:D9:B0 ('RSSI', -63) ('Channel', 4) ('MAC', 'B8:63:4D:A2:0E:13') ('Header', '48')
Data:  3C:71:BF:99:F9:E0 ('RSSI', -62) ('Channel', 4) ('MAC', 'B8:63:4D:A2:0E:13') ('Header', '48')
Data:  24:0A:C4:23:C1:EC ('RSSI', -42) ('Channel', 4) ('MAC', 'B8:63:4D:A2:0E:13') ('Header', '48')
Data:  24:0A:C4:23:C1:EC ('RSSI', -43) ('Channel', 4) ('MAC', 'B8:63:4D:A2:0E:13') ('Header', '48')
Data:  3C:71:BF:99:F9:E0 ('RSSI', -63) ('Channel', 4) ('MAC', 'B8:63:4D:A2:0E:13') ('Header', '48')
Data:  24:0A:C4:23:D9:B0 ('RSSI', -62) ('Channel', 4) ('MAC', 'B8:63:4D:A2:0E:13') ('Header', '48')
Data:  3C:71:BF:99:F9:E0 ('RSSI', -63) ('Channel', 4) ('MAC', 'B8:63:4D:A2:0E:13') ('Header', '48')
Data:  24:0A:C4:23:D9:B0 ('RSSI', -62) ('Channel', 4) ('MAC', 'B8:63:4D:A2:0E:13') ('Header', '48')
Data:  24:0A:C4:23:C1:EC ('RSSI', -43) ('Channel', 4) ('MAC', 'B8:63:4D:A2:0E:13') ('Header', '48')
Data:  3C:71:BF:99:F9:E0 ('RSSI', -65) ('Channel', 4) ('MAC', 'B8:63:4D:A2:0E:13') ('Header', '48')
Data:  24:0A:C4:23:C1:EC ('RSSI', -42) ('Channel', 4) ('MAC', 'B8:63:4D:A2:0E:13') ('Header', '48')
Data:  24:0A:C4:23:D9:B0 ('RSSI', -64) ('Channel', 4) ('MAC', 'B8:63:4D:A2:0E:13') ('Header', '48')
Data:  24:0A:C4:23:D9:B0 ('RSSI', -63) ('Channel', 4) ('MAC', 'B8:63:4D:A2:0E:13') ('Header', '48')
Data:  24:0A:C4:23:C1:EC ('RSSI', -43) ('Channel', 4) ('MAC', 'B8:63:4D:A2:0E:13') ('Header', '48')
Data:  3C:71:BF:99:F9:E0 ('RSSI', -63) ('Channel', 4) ('MAC', 'B8:63:4D:A2:0E:13') ('Header', '48')
Data:  24:0A:C4:23:D9:B0 ('RSSI', -63) ('Channel', 4) ('MAC', 'B8:63:4D:A2:0E:13') ('Header', '48')
Data:  3C:71:BF:99:F9:E0 ('RSSI', -63) ('Channel', 4) ('MAC', 'B8:63:4D:A2:0E:13') ('Header', '48')
Data:  24:0A:C4:23:C1:EC ('RSSI', -42) ('Channel', 4) ('MAC', 'B8:63:4D:A2:0E:13') ('Header', '48')
Data:  3C:71:BF:99:F9:E0 ('RSSI', -64) ('Channel', 4) ('MAC', 'B8:63:4D:A2:0E:13') ('Header', '48')
Data:  24:0A:C4:23:C1:EC ('RSSI', -42) ('Channel', 4) ('MAC', 'B8:63:4D:A2:0E:13') ('Header', '48')
Data:  24:0A:C4:23:D9:B0 ('RSSI', -63) ('Channel', 4) ('MAC', 'B8:63:4D:A2:0E:13') ('Header', '48')
Data:  24:0A:C4:23:D9:B0 ('RSSI', -63) ('Channel', 4) ('MAC', 'B8:63:4D:A2:0E:13') ('Header', '48')
Data:  3C:71:BF:99:F9:E0 ('RSSI', -63) ('Channel', 4) ('MAC', 'B8:63:4D:A2:0E:13') ('Header', '48')
Data:  24:0A:C4:23:C1:EC ('RSSI', -42) ('Channel', 4) ('MAC', 'B8:63:4D:A2:0E:13') ('Header', '48')
Data:  24:0A:C4:23:D9:B0 ('RSSI', -63) ('Channel', 4) ('MAC', 'B8:63:4D:A2:0E:13') ('Header', '48')
Data:  3C:71:BF:99:F9:E0 ('RSSI', -63) ('Channel', 4) ('MAC', 'B8:63:4D:A2:0E:13') ('Header', '48')
Data:  24:0A:C4:23:C1:EC ('RSSI', -43) ('Channel', 4) ('MAC', 'B8:63:4D:A2:0E:13') ('Header', '48')
Data:  24:0A:C4:23:C1:EC ('RSSI', -42) ('Channel', 4) ('MAC', 'B8:63:4D:A2:0E:13') ('Header', '48')
Data:  24:0A:C4:23:D9:B0 ('RSSI', -63) ('Channel', 4) ('MAC', 'B8:63:4D:A2:0E:13') ('Header', '48')
Data:  3C:71:BF:99:F9:E0 ('RSSI', -63) ('Channel', 4) ('MAC', 'B8:63:4D:A2:0E:13') ('Header', '48')
Data:  24:0A:C4:23:C1:EC ('RSSI', -42) ('Channel', 4) ('MAC', 'B8:63:4D:A2:0E:13') ('Header', '48')
Data:  3C:71:BF:99:F9:E0 ('RSSI', -64) ('Channel', 4) ('MAC', 'B8:63:4D:A2:0E:13') ('Header', '48')
Data:  24:0A:C4:23:D9:B0 ('RSSI', -63) ('Channel', 4) ('MAC', 'B8:63:4D:A2:0E:13') ('Header', '48')
Data:  24:0A:C4:23:D9:B0 ('RSSI', -62) ('Channel', 4) ('MAC', 'B8:63:4D:A2:0E:13') ('Header', '48')
Data:  3C:71:BF:99:F9:E0 ('RSSI', -64) ('Channel', 4) ('MAC', 'B8:63:4D:A2:0E:13') ('Header', '48')
Data:  24:0A:C4:23:C1:EC ('RSSI', -42) ('Channel', 4) ('MAC', 'B8:63:4D:A2:0E:13') ('Header', '48')
Data:  24:0A:C4:23:D9:B0 ('RSSI', -63) ('Channel', 4) ('MAC', 'B8:63:4D:A2:0E:13') ('Header', '48')
Data:  3C:71:BF:99:F9:E0 ('RSSI', -64) ('Channel', 4) ('MAC', 'B8:63:4D:A2:0E:13') ('Header', '48')
Data:  24:0A:C4:23:C1:EC ('RSSI', -42) ('Channel', 4) ('MAC', 'B8:63:4D:A2:0E:13') ('Header', '48')
Data:  24:0A:C4:23:D9:B0 ('RSSI', -63) ('Channel', 4) ('MAC', 'B8:63:4D:A2:0E:13') ('Header', '48')
Data:  24:0A:C4:23:C1:EC ('RSSI', -42) ('Channel', 4) ('MAC', 'B8:63:4D:A2:0E:13') ('Header', '48')
Data:  3C:71:BF:99:F9:E0 ('RSSI', -64) ('Channel', 4) ('MAC', 'B8:63:4D:A2:0E:13') ('Header', '48')
Data:  24:0A:C4:23:D9:B0 ('RSSI', -63) ('Channel', 4) ('MAC', 'B8:63:4D:A2:0E:13') ('Header', '48')
Data:  24:0A:C4:23:C1:EC ('RSSI', -42) ('Channel', 4) ('MAC', 'B8:63:4D:A2:0E:13') ('Header', '48')
Data:  3C:71:BF:99:F9:E0 ('RSSI', -64) ('Channel', 4) ('MAC', 'B8:63:4D:A2:0E:13') ('Header', '48')
Data:  24:0A:C4:23:D9:B0 ('RSSI', -64) ('Channel', 4) ('MAC', 'B8:63:4D:A2:0E:13') ('Header', '48')
Data:  24:0A:C4:23:C1:EC ('RSSI', -42) ('Channel', 4) ('MAC', 'B8:63:4D:A2:0E:13') ('Header', '48')
Data:  3C:71:BF:99:F9:E0 ('RSSI', -64) ('Channel', 4) ('MAC', 'B8:63:4D:A2:0E:13') ('Header', '48')
Data:  3C:71:BF:99:F9:E0 ('RSSI', -64) ('Channel', 4) ('MAC', 'B8:63:4D:A2:0E:13') ('Header', '48')
Data:  24:0A:C4:23:C1:EC ('RSSI', -42) ('Channel', 4) ('MAC', 'B8:63:4D:A2:0E:13') ('Header', '48')
Data:  24:0A:C4:23:D9:B0 ('RSSI', -63) ('Channel', 4) ('MAC', 'B8:63:4D:A2:0E:13') ('Header', '48')
Data:  24:0A:C4:23:C1:EC ('RSSI', -42) ('Channel', 4) ('MAC', 'B8:63:4D:A2:0E:13') ('Header', '48')
Data:  24:0A:C4:23:D9:B0 ('RSSI', -63) ('Channel', 4) ('MAC', 'B8:63:4D:A2:0E:13') ('Header', '48')
Data:  3C:71:BF:99:F9:E0 ('RSSI', -64) ('Channel', 4) ('MAC', 'B8:63:4D:A2:0E:13') ('Header', '48')
Data:  3C:71:BF:99:F9:E0 ('RSSI', -63) ('Channel', 4) ('MAC', 'B8:63:4D:A2:0E:13') ('Header', '48')
Data:  24:0A:C4:23:C1:EC ('RSSI', -42) ('Channel', 4) ('MAC', 'B8:63:4D:A2:0E:13') ('Header', '48')
Data:  24:0A:C4:23:D9:B0 ('RSSI', -63) ('Channel', 4) ('MAC', 'B8:63:4D:A2:0E:13') ('Header', '48')
Data:  24:0A:C4:23:D9:B0 ('RSSI', -62) ('Channel', 4) ('MAC', 'B8:63:4D:A2:0E:13') ('Header', '48')
Data:  3C:71:BF:99:F9:E0 ('RSSI', -63) ('Channel', 4) ('MAC', 'B8:63:4D:A2:0E:13') ('Header', '48')
Data:  24:0A:C4:23:C1:EC ('RSSI', -42) ('Channel', 4) ('MAC', 'B8:63:4D:A2:0E:13') ('Header', '48')
Data:  24:0A:C4:23:C1:EC ('RSSI', -42) ('Channel', 4) ('MAC', 'B8:63:4D:A2:0E:13') ('Header', '48')
Data:  3C:71:BF:99:F9:E0 ('RSSI', -64) ('Channel', 4) ('MAC', 'B8:63:4D:A2:0E:13') ('Header', '48')
Data:  24:0A:C4:23:D9:B0 ('RSSI', -63) ('Channel', 4) ('MAC', 'B8:63:4D:A2:0E:13') ('Header', '48')
Data:  3C:71:BF:99:F9:E0 ('RSSI', -64) ('Channel', 4) ('MAC', 'B8:63:4D:A2:0E:13') ('Header', '48')
Data:  24:0A:C4:23:D9:B0 ('RSSI', -64) ('Channel', 4) ('MAC', 'B8:63:4D:A2:0E:13') ('Header', '48')
Data:  24:0A:C4:23:C1:EC ('RSSI', -43) ('Channel', 4) ('MAC', 'B8:63:4D:A2:0E:13') ('Header', '48')
Data:  24:0A:C4:23:C1:EC ('RSSI', -42) ('Channel', 4) ('MAC', 'B8:63:4D:A2:0E:13') ('Header', '48')
Data:  24:0A:C4:23:D9:B0 ('RSSI', -64) ('Channel', 4) ('MAC', 'B8:63:4D:A2:0E:13') ('Header', '48')
Data:  24:0A:C4:23:D9:B0 ('RSSI', -64) ('Channel', 4) ('MAC', 'B8:63:4D:A2:0E:13') ('Header', '48')
Data:  3C:71:BF:99:F9:E0 ('RSSI', -64) ('Channel', 4) ('MAC', 'B8:63:4D:A2:0E:13') ('Header', '48')
Data:  24:0A:C4:23:C1:EC ('RSSI', -42) ('Channel', 4) ('MAC', 'B8:63:4D:A2:0E:13') ('Header', '48')
Data:  24:0A:C4:23:D9:B0 ('RSSI', -63) ('Channel', 4) ('MAC', 'B8:63:4D:A2:0E:13') ('Header', '48')
Data:  3C:71:BF:99:F9:E0 ('RSSI', -64) ('Channel', 4) ('MAC', 'B8:63:4D:A2:0E:13') ('Header', '48')
Data:  24:0A:C4:23:C1:EC ('RSSI', -42) ('Channel', 4) ('MAC', 'B8:63:4D:A2:0E:13') ('Header', '48')
Data:  24:0A:C4:23:C1:EC ('RSSI', -42) ('Channel', 4) ('MAC', 'B8:63:4D:A2:0E:13') ('Header', '48')
Data:  24:0A:C4:23:D9:B0 ('RSSI', -63) ('Channel', 4) ('MAC', 'B8:63:4D:A2:0E:13') ('Header', '48')
Data:  3C:71:BF:99:F9:E0 ('RSSI', -64) ('Channel', 4) ('MAC', 'B8:63:4D:A2:0E:13') ('Header', '48')
Data:  24:0A:C4:23:C1:EC ('RSSI', -42) ('Channel', 4) ('MAC', 'B8:63:4D:A2:0E:13') ('Header', '48')
Data:  24:0A:C4:23:C1:EC ('RSSI', -42) ('Channel', 4) ('MAC', 'B8:63:4D:A2:0E:13') ('Header', '48')
Data:  3C:71:BF:99:F9:E0 ('RSSI', -64) ('Channel', 4) ('MAC', 'B8:63:4D:A2:0E:13') ('Header', '48')
Data:  3C:71:BF:99:F9:E0 ('RSSI', -65) ('Channel', 4) ('MAC', 'B8:63:4D:A2:0E:13') ('Header', '48')
Data:  24:0A:C4:23:D9:B0 ('RSSI', -64) ('Channel', 4) ('MAC', 'B8:63:4D:A2:0E:13') ('Header', '48')
Data:  24:0A:C4:23:D9:B0 ('RSSI', -64) ('Channel', 4) ('MAC', 'B8:63:4D:A2:0E:13') ('Header', '48')
Data:  24:0A:C4:23:C1:EC ('RSSI', -42) ('Channel', 4) ('MAC', 'B8:63:4D:A2:0E:13') ('Header', '48')
Summary:  24:0A:C4:23:D9:B0 632 {'B8:63:4D:A2:0E:13': -63.2}
Summary:  24:0A:C4:23:C1:EC 84 {'B8:63:4D:A2:0E:13': -42.2}
Summary:  3C:71:BF:99:F9:E0 921 {'B8:63:4D:A2:0E:13': -63.8}
Data:  3C:71:BF:99:F9:E0 ('RSSI', -64) ('Channel', 4) ('MAC', 'B8:63:4D:A2:0E:13') ('Header', '48')
Data:  24:0A:C4:23:D9:B0 ('RSSI', -63) ('Channel', 4) ('MAC', 'B8:63:4D:A2:0E:13') ('Header', '48')
Data:  24:0A:C4:23:C1:EC ('RSSI', -42) ('Channel', 4) ('MAC', 'B8:63:4D:A2:0E:13') ('Header', '48')
Data:  3C:71:BF:99:F9:E0 ('RSSI', -64) ('Channel', 4) ('MAC', 'B8:63:4D:A2:0E:13') ('Header', '48')
Data:  24:0A:C4:23:D9:B0 ('RSSI', -63) ('Channel', 4) ('MAC', 'B8:63:4D:A2:0E:13') ('Header', '48')
Data:  24:0A:C4:23:C1:EC ('RSSI', -42) ('Channel', 4) ('MAC', 'B8:63:4D:A2:0E:13') ('Header', '48')
Data:  24:0A:C4:23:D9:B0 ('RSSI', -63) ('Channel', 4) ('MAC', 'B8:63:4D:A2:0E:13') ('Header', '48')
Data:  3C:71:BF:99:F9:E0 ('RSSI', -64) ('Channel', 4) ('MAC', 'B8:63:4D:A2:0E:13') ('Header', '48')
Data:  3C:71:BF:99:F9:E0 ('RSSI', -64) ('Channel', 4) ('MAC', 'B8:63:4D:A2:0E:13') ('Header', '48')
Data:  24:0A:C4:23:D9:B0 ('RSSI', -63) ('Channel', 4) ('MAC', 'B8:63:4D:A2:0E:13') ('Header', '48')
Data:  3C:71:BF:99:F9:E0 ('RSSI', -65) ('Channel', 4) ('MAC', 'B8:63:4D:A2:0E:13') ('Header', '48')
Data:  24:0A:C4:23:C1:EC ('RSSI', -42) ('Channel', 4) ('MAC', 'B8:63:4D:A2:0E:13') ('Header', '48')
Data:  24:0A:C4:23:D9:B0 ('RSSI', -63) ('Channel', 4) ('MAC', 'B8:63:4D:A2:0E:13') ('Header', '48')
Data:  24:0A:C4:23:C1:EC ('RSSI', -42) ('Channel', 4) ('MAC', 'B8:63:4D:A2:0E:13') ('Header', '48')
Data:  24:0A:C4:23:C1:EC ('RSSI', -42) ('Channel', 4) ('MAC', 'B8:63:4D:A2:0E:13') ('Header', '48')
Data:  24:0A:C4:23:D9:B0 ('RSSI', -63) ('Channel', 4) ('MAC', 'B8:63:4D:A2:0E:13') ('Header', '48')
Data:  3C:71:BF:99:F9:E0 ('RSSI', -65) ('Channel', 4) ('MAC', 'B8:63:4D:A2:0E:13') ('Header', '48')
Data:  24:0A:C4:23:D9:B0 ('RSSI', -64) ('Channel', 4) ('MAC', 'B8:63:4D:A2:0E:13') ('Header', '48')
Data:  3C:71:BF:99:F9:E0 ('RSSI', -65) ('Channel', 4) ('MAC', 'B8:63:4D:A2:0E:13') ('Header', '48')
Data:  24:0A:C4:23:C1:EC ('RSSI', -42) ('Channel', 4) ('MAC', 'B8:63:4D:A2:0E:13') ('Header', '48')
Data:  3C:71:BF:99:F9:E0 ('RSSI', -64) ('Channel', 4) ('MAC', 'B8:63:4D:A2:0E:13') ('Header', '48')
Data:  24:0A:C4:23:D9:B0 ('RSSI', -64) ('Channel', 4) ('MAC', 'B8:63:4D:A2:0E:13') ('Header', '48')
Data:  24:0A:C4:23:C1:EC ('RSSI', -42) ('Channel', 4) ('MAC', 'B8:63:4D:A2:0E:13') ('Header', '48')
Data:  24:0A:C4:23:C1:EC ('RSSI', -42) ('Channel', 4) ('MAC', 'B8:63:4D:A2:0E:13') ('Header', '48')
Data:  24:0A:C4:23:C1:EC ('RSSI', -42) ('Channel', 4) ('MAC', 'B8:63:4D:A2:0E:13') ('Header', '48')
Data:  24:0A:C4:23:D9:B0 ('RSSI', -63) ('Channel', 4) ('MAC', 'B8:63:4D:A2:0E:13') ('Header', '48')
Data:  3C:71:BF:99:F9:E0 ('RSSI', -64) ('Channel', 4) ('MAC', 'B8:63:4D:A2:0E:13') ('Header', '48')
Data:  24:0A:C4:23:D9:B0 ('RSSI', -64) ('Channel', 4) ('MAC', 'B8:63:4D:A2:0E:13') ('Header', '48')
Data:  3C:71:BF:99:F9:E0 ('RSSI', -65) ('Channel', 4) ('MAC', 'B8:63:4D:A2:0E:13') ('Header', '48')
Data:  3C:71:BF:99:F9:E0 ('RSSI', -64) ('Channel', 4) ('MAC', 'B8:63:4D:A2:0E:13') ('Header', '48')
Data:  24:0A:C4:23:D9:B0 ('RSSI', -63) ('Channel', 4) ('MAC', 'B8:63:4D:A2:0E:13') ('Header', '48')
Data:  24:0A:C4:23:C1:EC ('RSSI', -42) ('Channel', 4) ('MAC', 'B8:63:4D:A2:0E:13') ('Header', '48')
Data:  24:0A:C4:23:D9:B0 ('RSSI', -63) ('Channel', 4) ('MAC', 'B8:63:4D:A2:0E:13') ('Header', '48')
Data:  24:0A:C4:23:C1:EC ('RSSI', -42) ('Channel', 4) ('MAC', 'B8:63:4D:A2:0E:13') ('Header', '48')
Data:  3C:71:BF:99:F9:E0 ('RSSI', -64) ('Channel', 4) ('MAC', 'B8:63:4D:A2:0E:13') ('Header', '48')
Data:  24:0A:C4:23:C1:EC ('RSSI', -42) ('Channel', 4) ('MAC', 'B8:63:4D:A2:0E:13') ('Header', '48')
Data:  3C:71:BF:99:F9:E0 ('RSSI', -64) ('Channel', 4) ('MAC', 'B8:63:4D:A2:0E:13') ('Header', '48')
Data:  24:0A:C4:23:D9:B0 ('RSSI', -64) ('Channel', 4) ('MAC', 'B8:63:4D:A2:0E:13') ('Header', '48')
Data:  24:0A:C4:23:C1:EC ('RSSI', -42) ('Channel', 4) ('MAC', 'B8:63:4D:A2:0E:13') ('Header', '48')
Data:  3C:71:BF:99:F9:E0 ('RSSI', -64) ('Channel', 4) ('MAC', 'B8:63:4D:A2:0E:13') ('Header', '48')
Data:  24:0A:C4:23:D9:B0 ('RSSI', -63) ('Channel', 4) ('MAC', 'B8:63:4D:A2:0E:13') ('Header', '48')
Data:  24:0A:C4:23:D9:B0 ('RSSI', -64) ('Channel', 4) ('MAC', 'B8:63:4D:A2:0E:13') ('Header', '48')
Data:  3C:71:BF:99:F9:E0 ('RSSI', -65) ('Channel', 4) ('MAC', 'B8:63:4D:A2:0E:13') ('Header', '48')
Data:  24:0A:C4:23:C1:EC ('RSSI', -42) ('Channel', 4) ('MAC', 'B8:63:4D:A2:0E:13') ('Header', '48')
Data:  3C:71:BF:99:F9:E0 ('RSSI', -65) ('Channel', 4) ('MAC', 'B8:63:4D:A2:0E:13') ('Header', '48')
Data:  24:0A:C4:23:D9:B0 ('RSSI', -64) ('Channel', 4) ('MAC', 'B8:63:4D:A2:0E:13') ('Header', '48')
Data:  24:0A:C4:23:C1:EC ('RSSI', -42) ('Channel', 4) ('MAC', 'B8:63:4D:A2:0E:13') ('Header', '48')
Data:  24:0A:C4:23:C1:EC ('RSSI', -43) ('Channel', 4) ('MAC', 'B8:63:4D:A2:0E:13') ('Header', '48')
Data:  3C:71:BF:99:F9:E0 ('RSSI', -63) ('Channel', 4) ('MAC', 'B8:63:4D:A2:0E:13') ('Header', '48')
Data:  24:0A:C4:23:D9:B0 ('RSSI', -63) ('Channel', 4) ('MAC', 'B8:63:4D:A2:0E:13') ('Header', '48')
Data:  24:0A:C4:23:D9:B0 ('RSSI', -63) ('Channel', 4) ('MAC', 'B8:63:4D:A2:0E:13') ('Header', '48')
Data:  3C:71:BF:99:F9:E0 ('RSSI', -64) ('Channel', 4) ('MAC', 'B8:63:4D:A2:0E:13') ('Header', '48')
Data:  24:0A:C4:23:C1:EC ('RSSI', -43) ('Channel', 4) ('MAC', 'B8:63:4D:A2:0E:13') ('Header', '48')
Data:  3C:71:BF:99:F9:E0 ('RSSI', -65) ('Channel', 4) ('MAC', 'B8:63:4D:A2:0E:13') ('Header', '48')
Data:  24:0A:C4:23:C1:EC ('RSSI', -42) ('Channel', 4) ('MAC', 'B8:63:4D:A2:0E:13') ('Header', '48')
Data:  24:0A:C4:23:D9:B0 ('RSSI', -63) ('Channel', 4) ('MAC', 'B8:63:4D:A2:0E:13') ('Header', '48')
Data:  3C:71:BF:99:F9:E0 ('RSSI', -65) ('Channel', 4) ('MAC', 'B8:63:4D:A2:0E:13') ('Header', '48')
Data:  24:0A:C4:23:D9:B0 ('RSSI', -63) ('Channel', 4) ('MAC', 'B8:63:4D:A2:0E:13') ('Header', '48')
Data:  24:0A:C4:23:C1:EC ('RSSI', -42) ('Channel', 4) ('MAC', 'B8:63:4D:A2:0E:13') ('Header', '48')
Data:  24:0A:C4:23:D9:B0 ('RSSI', -64) ('Channel', 4) ('MAC', 'B8:63:4D:A2:0E:13') ('Header', '48')
Data:  3C:71:BF:99:F9:E0 ('RSSI', -64) ('Channel', 4) ('MAC', 'B8:63:4D:A2:0E:13') ('Header', '48')
Data:  24:0A:C4:23:C1:EC ('RSSI', -42) ('Channel', 4) ('MAC', 'B8:63:4D:A2:0E:13') ('Header', '48')
Data:  3C:71:BF:99:F9:E0 ('RSSI', -64) ('Channel', 4) ('MAC', 'B8:63:4D:A2:0E:13') ('Header', '48')
Data:  24:0A:C4:23:D9:B0 ('RSSI', -63) ('Channel', 4) ('MAC', 'B8:63:4D:A2:0E:13') ('Header', '48')
Data:  24:0A:C4:23:C1:EC ('RSSI', -42) ('Channel', 4) ('MAC', 'B8:63:4D:A2:0E:13') ('Header', '48')
Data:  3C:71:BF:99:F9:E0 ('RSSI', -64) ('Channel', 4) ('MAC', 'B8:63:4D:A2:0E:13') ('Header', '48')
Data:  24:0A:C4:23:D9:B0 ('RSSI', -63) ('Channel', 4) ('MAC', 'B8:63:4D:A2:0E:13') ('Header', '48')
Data:  24:0A:C4:23:C1:EC ('RSSI', -42) ('Channel', 4) ('MAC', 'B8:63:4D:A2:0E:13') ('Header', '48')
Data:  3C:71:BF:99:F9:E0 ('RSSI', -64) ('Channel', 4) ('MAC', 'B8:63:4D:A2:0E:13') ('Header', '48')
Data:  24:0A:C4:23:C1:EC ('RSSI', -42) ('Channel', 4) ('MAC', 'B8:63:4D:A2:0E:13') ('Header', '48')
Data:  24:0A:C4:23:D9:B0 ('RSSI', -63) ('Channel', 4) ('MAC', 'B8:63:4D:A2:0E:13') ('Header', '48')
Data:  3C:71:BF:99:F9:E0 ('RSSI', -64) ('Channel', 4) ('MAC', 'B8:63:4D:A2:0E:13') ('Header', '48')
Data:  24:0A:C4:23:C1:EC ('RSSI', -42) ('Channel', 4) ('MAC', 'B8:63:4D:A2:0E:13') ('Header', '48')
Data:  24:0A:C4:23:D9:B0 ('RSSI', -63) ('Channel', 4) ('MAC', 'B8:63:4D:A2:0E:13') ('Header', '48')
Data:  24:0A:C4:23:C1:EC ('RSSI', -42) ('Channel', 4) ('MAC', 'B8:63:4D:A2:0E:13') ('Header', '48')
Data:  24:0A:C4:23:D9:B0 ('RSSI', -63) ('Channel', 4) ('MAC', 'B8:63:4D:A2:0E:13') ('Header', '48')
Data:  3C:71:BF:99:F9:E0 ('RSSI', -64) ('Channel', 4) ('MAC', 'B8:63:4D:A2:0E:13') ('Header', '48')
Data:  24:0A:C4:23:C1:EC ('RSSI', -42) ('Channel', 4) ('MAC', 'B8:63:4D:A2:0E:13') ('Header', '48')
Data:  3C:71:BF:99:F9:E0 ('RSSI', -65) ('Channel', 4) ('MAC', 'B8:63:4D:A2:0E:13') ('Header', '48')
Data:  24:0A:C4:23:C1:EC ('RSSI', -42) ('Channel', 4) ('MAC', 'B8:63:4D:A2:0E:13') ('Header', '48')
Data:  3C:71:BF:99:F9:E0 ('RSSI', -65) ('Channel', 4) ('MAC', 'B8:63:4D:A2:0E:13') ('Header', '48')
Data:  24:0A:C4:23:D9:B0 ('RSSI', -63) ('Channel', 4) ('MAC', 'B8:63:4D:A2:0E:13') ('Header', '48')
Data:  24:0A:C4:23:D9:B0 ('RSSI', -63) ('Channel', 4) ('MAC', 'B8:63:4D:A2:0E:13') ('Header', '48')
Data:  24:0A:C4:23:C1:EC ('RSSI', -42) ('Channel', 4) ('MAC', 'B8:63:4D:A2:0E:13') ('Header', '48')
Summary:  24:0A:C4:23:D9:B0 632 {'B8:63:4D:A2:0E:13': -63.2}
Summary:  24:0A:C4:23:C1:EC 84 {'B8:63:4D:A2:0E:13': -42.1}
Summary:  3C:71:BF:99:F9:E0 921 {'B8:63:4D:A2:0E:13': -64.3}
Data:  24:0A:C4:23:D9:B0 ('RSSI', -62) ('Channel', 4) ('MAC', 'B8:63:4D:A2:0E:13') ('Header', '48')
Data:  3C:71:BF:99:F9:E0 ('RSSI', -65) ('Channel', 4) ('MAC', 'B8:63:4D:A2:0E:13') ('Header', '48')
Data:  3C:71:BF:99:F9:E0 ('RSSI', -64) ('Channel', 4) ('MAC', 'B8:63:4D:A2:0E:13') ('Header', '48')
Data:  24:0A:C4:23:C1:EC ('RSSI', -43) ('Channel', 4) ('MAC', 'B8:63:4D:A2:0E:13') ('Header', '48')
Data:  24:0A:C4:23:D9:B0 ('RSSI', -62) ('Channel', 4) ('MAC', 'B8:63:4D:A2:0E:13') ('Header', '48')
Data:  3C:71:BF:99:F9:E0 ('RSSI', -64) ('Channel', 4) ('MAC', 'B8:63:4D:A2:0E:13') ('Header', '48')
Data:  24:0A:C4:23:C1:EC ('RSSI', -42) ('Channel', 4) ('MAC', 'B8:63:4D:A2:0E:13') ('Header', '48')
Data:  24:0A:C4:23:D9:B0 ('RSSI', -64) ('Channel', 4) ('MAC', 'B8:63:4D:A2:0E:13') ('Header', '48')
Data:  24:0A:C4:23:C1:EC ('RSSI', -42) ('Channel', 4) ('MAC', 'B8:63:4D:A2:0E:13') ('Header', '48')
Data:  3C:71:BF:99:F9:E0 ('RSSI', -65) ('Channel', 4) ('MAC', 'B8:63:4D:A2:0E:13') ('Header', '48')
Data:  24:0A:C4:23:D9:B0 ('RSSI', -64) ('Channel', 4) ('MAC', 'B8:63:4D:A2:0E:13') ('Header', '48')
Data:  24:0A:C4:23:C1:EC ('RSSI', -42) ('Channel', 4) ('MAC', 'B8:63:4D:A2:0E:13') ('Header', '48')
Data:  3C:71:BF:99:F9:E0 ('RSSI', -64) ('Channel', 4) ('MAC', 'B8:63:4D:A2:0E:13') ('Header', '48')
Data:  24:0A:C4:23:D9:B0 ('RSSI', -64) ('Channel', 4) ('MAC', 'B8:63:4D:A2:0E:13') ('Header', '48')
Data:  3C:71:BF:99:F9:E0 ('RSSI', -65) ('Channel', 4) ('MAC', 'B8:63:4D:A2:0E:13') ('Header', '48')
Data:  24:0A:C4:23:D9:B0 ('RSSI', -63) ('Channel', 4) ('MAC', 'B8:63:4D:A2:0E:13') ('Header', '48')
Data:  24:0A:C4:23:C1:EC ('RSSI', -42) ('Channel', 4) ('MAC', 'B8:63:4D:A2:0E:13') ('Header', '48')
Data:  24:0A:C4:23:C1:EC ('RSSI', -42) ('Channel', 4) ('MAC', 'B8:63:4D:A2:0E:13') ('Header', '48')
Data:  24:0A:C4:23:D9:B0 ('RSSI', -63) ('Channel', 4) ('MAC', 'B8:63:4D:A2:0E:13') ('Header', '48')
Data:  3C:71:BF:99:F9:E0 ('RSSI', -64) ('Channel', 4) ('MAC', 'B8:63:4D:A2:0E:13') ('Header', '48')
Data:  24:0A:C4:23:D9:B0 ('RSSI', -63) ('Channel', 4) ('MAC', 'B8:63:4D:A2:0E:13') ('Header', '48')
Data:  24:0A:C4:23:C1:EC ('RSSI', -42) ('Channel', 4) ('MAC', 'B8:63:4D:A2:0E:13') ('Header', '48')
Data:  3C:71:BF:99:F9:E0 ('RSSI', -64) ('Channel', 4) ('MAC', 'B8:63:4D:A2:0E:13') ('Header', '48')
Data:  24:0A:C4:23:C1:EC ('RSSI', -42) ('Channel', 4) ('MAC', 'B8:63:4D:A2:0E:13') ('Header', '48')
Data:  3C:71:BF:99:F9:E0 ('RSSI', -64) ('Channel', 4) ('MAC', 'B8:63:4D:A2:0E:13') ('Header', '48')
Data:  24:0A:C4:23:D9:B0 ('RSSI', -64) ('Channel', 4) ('MAC', 'B8:63:4D:A2:0E:13') ('Header', '48')
Data:  24:0A:C4:23:D9:B0 ('RSSI', -63) ('Channel', 4) ('MAC', 'B8:63:4D:A2:0E:13') ('Header', '48')
Data:  3C:71:BF:99:F9:E0 ('RSSI', -63) ('Channel', 4) ('MAC', 'B8:63:4D:A2:0E:13') ('Header', '48')
Data:  24:0A:C4:23:C1:EC ('RSSI', -43) ('Channel', 4) ('MAC', 'B8:63:4D:A2:0E:13') ('Header', '48')
Data:  24:0A:C4:23:C1:EC ('RSSI', -42) ('Channel', 4) ('MAC', 'B8:63:4D:A2:0E:13') ('Header', '48')
Data:  24:0A:C4:23:D9:B0 ('RSSI', -63) ('Channel', 4) ('MAC', 'B8:63:4D:A2:0E:13') ('Header', '48')
Data:  3C:71:BF:99:F9:E0 ('RSSI', -63) ('Channel', 4) ('MAC', 'B8:63:4D:A2:0E:13') ('Header', '48')
Data:  24:0A:C4:23:D9:B0 ('RSSI', -63) ('Channel', 4) ('MAC', 'B8:63:4D:A2:0E:13') ('Header', '48')
Data:  3C:71:BF:99:F9:E0 ('RSSI', -63) ('Channel', 4) ('MAC', 'B8:63:4D:A2:0E:13') ('Header', '48')
Data:  24:0A:C4:23:C1:EC ('RSSI', -42) ('Channel', 4) ('MAC', 'B8:63:4D:A2:0E:13') ('Header', '48')
Data:  24:0A:C4:23:D9:B0 ('RSSI', -64) ('Channel', 4) ('MAC', 'B8:63:4D:A2:0E:13') ('Header', '48')
Data:  24:0A:C4:23:C1:EC ('RSSI', -42) ('Channel', 4) ('MAC', 'B8:63:4D:A2:0E:13') ('Header', '48')
Data:  3C:71:BF:99:F9:E0 ('RSSI', -62) ('Channel', 4) ('MAC', 'B8:63:4D:A2:0E:13') ('Header', '48')
Data:  3C:71:BF:99:F9:E0 ('RSSI', -63) ('Channel', 4) ('MAC', 'B8:63:4D:A2:0E:13') ('Header', '48')
Data:  24:0A:C4:23:C1:EC ('RSSI', -42) ('Channel', 4) ('MAC', 'B8:63:4D:A2:0E:13') ('Header', '48')
Data:  24:0A:C4:23:D9:B0 ('RSSI', -63) ('Channel', 4) ('MAC', 'B8:63:4D:A2:0E:13') ('Header', '48')
Data:  3C:71:BF:99:F9:E0 ('RSSI', -64) ('Channel', 4) ('MAC', 'B8:63:4D:A2:0E:13') ('Header', '48')
Data:  24:0A:C4:23:C1:EC ('RSSI', -42) ('Channel', 4) ('MAC', 'B8:63:4D:A2:0E:13') ('Header', '48')
Data:  24:0A:C4:23:D9:B0 ('RSSI', -63) ('Channel', 4) ('MAC', 'B8:63:4D:A2:0E:13') ('Header', '48')
Data:  24:0A:C4:23:C1:EC ('RSSI', -42) ('Channel', 4) ('MAC', 'B8:63:4D:A2:0E:13') ('Header', '48')
Data:  24:0A:C4:23:D9:B0 ('RSSI', -64) ('Channel', 4) ('MAC', 'B8:63:4D:A2:0E:13') ('Header', '48')
Data:  3C:71:BF:99:F9:E0 ('RSSI', -63) ('Channel', 4) ('MAC', 'B8:63:4D:A2:0E:13') ('Header', '48')
Data:  24:0A:C4:23:D9:B0 ('RSSI', -63) ('Channel', 4) ('MAC', 'B8:63:4D:A2:0E:13') ('Header', '48')
Data:  3C:71:BF:99:F9:E0 ('RSSI', -63) ('Channel', 4) ('MAC', 'B8:63:4D:A2:0E:13') ('Header', '48')
Data:  24:0A:C4:23:C1:EC ('RSSI', -42) ('Channel', 4) ('MAC', 'B8:63:4D:A2:0E:13') ('Header', '48')
Data:  24:0A:C4:23:D9:B0 ('RSSI', -64) ('Channel', 4) ('MAC', 'B8:63:4D:A2:0E:13') ('Header', '48')
Data:  3C:71:BF:99:F9:E0 ('RSSI', -63) ('Channel', 4) ('MAC', 'B8:63:4D:A2:0E:13') ('Header', '48')
Data:  24:0A:C4:23:C1:EC ('RSSI', -43) ('Channel', 4) ('MAC', 'B8:63:4D:A2:0E:13') ('Header', '48')
Data:  24:0A:C4:23:C1:EC ('RSSI', -42) ('Channel', 4) ('MAC', 'B8:63:4D:A2:0E:13') ('Header', '48')
Data:  3C:71:BF:99:F9:E0 ('RSSI', -63) ('Channel', 4) ('MAC', 'B8:63:4D:A2:0E:13') ('Header', '48')
Data:  24:0A:C4:23:D9:B0 ('RSSI', -63) ('Channel', 4) ('MAC', 'B8:63:4D:A2:0E:13') ('Header', '48')
Data:  3C:71:BF:99:F9:E0 ('RSSI', -63) ('Channel', 4) ('MAC', 'B8:63:4D:A2:0E:13') ('Header', '48')
Data:  24:0A:C4:23:C1:EC ('RSSI', -42) ('Channel', 4) ('MAC', 'B8:63:4D:A2:0E:13') ('Header', '48')
Data:  24:0A:C4:23:D9:B0 ('RSSI', -63) ('Channel', 4) ('MAC', 'B8:63:4D:A2:0E:13') ('Header', '48')
Data:  3C:71:BF:99:F9:E0 ('RSSI', -64) ('Channel', 4) ('MAC', 'B8:63:4D:A2:0E:13') ('Header', '48')
Data:  24:0A:C4:23:D9:B0 ('RSSI', -63) ('Channel', 4) ('MAC', 'B8:63:4D:A2:0E:13') ('Header', '48')
Data:  24:0A:C4:23:C1:EC ('RSSI', -42) ('Channel', 4) ('MAC', 'B8:63:4D:A2:0E:13') ('Header', '48')
Data:  3C:71:BF:99:F9:E0 ('RSSI', -63) ('Channel', 4) ('MAC', 'B8:63:4D:A2:0E:13') ('Header', '48')
Data:  24:0A:C4:23:C1:EC ('RSSI', -43) ('Channel', 4) ('MAC', 'B8:63:4D:A2:0E:13') ('Header', '48')
Summary:  24:0A:C4:23:D9:B0 632 {'B8:63:4D:A2:0E:13': -63.2}
Summary:  24:0A:C4:23:C1:EC 84 {'B8:63:4D:A2:0E:13': -42.1}
Summary:  3C:71:BF:99:F9:E0 921 {'B8:63:4D:A2:0E:13': -63.6}
Data:  24:0A:C4:23:D9:B0 ('RSSI', -62) ('Channel', 4) ('MAC', 'B8:63:4D:A2:0E:13') ('Header', '48')
Data:  24:0A:C4:23:C1:EC ('RSSI', -42) ('Channel', 4) ('MAC', 'B8:63:4D:A2:0E:13') ('Header', '48')
Data:  24:0A:C4:23:D9:B0 ('RSSI', -63) ('Channel', 4) ('MAC', 'B8:63:4D:A2:0E:13') ('Header', '48')
Data:  3C:71:BF:99:F9:E0 ('RSSI', -63) ('Channel', 4) ('MAC', 'B8:63:4D:A2:0E:13') ('Header', '48')
Data:  24:0A:C4:23:C1:EC ('RSSI', -42) ('Channel', 4) ('MAC', 'B8:63:4D:A2:0E:13') ('Header', '48')
Data:  3C:71:BF:99:F9:E0 ('RSSI', -63) ('Channel', 4) ('MAC', 'B8:63:4D:A2:0E:13') ('Header', '48')
Data:  24:0A:C4:23:D9:B0 ('RSSI', -63) ('Channel', 4) ('MAC', 'B8:63:4D:A2:0E:13') ('Header', '48')
Data:  24:0A:C4:23:C1:EC ('RSSI', -43) ('Channel', 4) ('MAC', 'B8:63:4D:A2:0E:13') ('Header', '48')
Data:  24:0A:C4:23:D9:B0 ('RSSI', -63) ('Channel', 4) ('MAC', 'B8:63:4D:A2:0E:13') ('Header', '48')
Data:  3C:71:BF:99:F9:E0 ('RSSI', -63) ('Channel', 4) ('MAC', 'B8:63:4D:A2:0E:13') ('Header', '48')
Data:  3C:71:BF:99:F9:E0 ('RSSI', -64) ('Channel', 4) ('MAC', 'B8:63:4D:A2:0E:13') ('Header', '48')
Data:  24:0A:C4:23:C1:EC ('RSSI', -42) ('Channel', 4) ('MAC', 'B8:63:4D:A2:0E:13') ('Header', '48')
Data:  24:0A:C4:23:D9:B0 ('RSSI', -63) ('Channel', 4) ('MAC', 'B8:63:4D:A2:0E:13') ('Header', '48')
Data:  24:0A:C4:23:D9:B0 ('RSSI', -62) ('Channel', 4) ('MAC', 'B8:63:4D:A2:0E:13') ('Header', '48')
Data:  3C:71:BF:99:F9:E0 ('RSSI', -64) ('Channel', 4) ('MAC', 'B8:63:4D:A2:0E:13') ('Header', '48')
Data:  24:0A:C4:23:C1:EC ('RSSI', -42) ('Channel', 4) ('MAC', 'B8:63:4D:A2:0E:13') ('Header', '48')
Data:  3C:71:BF:99:F9:E0 ('RSSI', -64) ('Channel', 4) ('MAC', 'B8:63:4D:A2:0E:13') ('Header', '48')
Data:  24:0A:C4:23:C1:EC ('RSSI', -42) ('Channel', 4) ('MAC', 'B8:63:4D:A2:0E:13') ('Header', '48')
Data:  24:0A:C4:23:D9:B0 ('RSSI', -64) ('Channel', 4) ('MAC', 'B8:63:4D:A2:0E:13') ('Header', '48')
Data:  24:0A:C4:23:C1:EC ('RSSI', -42) ('Channel', 4) ('MAC', 'B8:63:4D:A2:0E:13') ('Header', '48')
Data:  24:0A:C4:23:D9:B0 ('RSSI', -64) ('Channel', 4) ('MAC', 'B8:63:4D:A2:0E:13') ('Header', '48')
Data:  3C:71:BF:99:F9:E0 ('RSSI', -64) ('Channel', 4) ('MAC', 'B8:63:4D:A2:0E:13') ('Header', '48')
Data:  24:0A:C4:23:C1:EC ('RSSI', -42) ('Channel', 4) ('MAC', 'B8:63:4D:A2:0E:13') ('Header', '48')
Data:  3C:71:BF:99:F9:E0 ('RSSI', -65) ('Channel', 4) ('MAC', 'B8:63:4D:A2:0E:13') ('Header', '48')
Data:  24:0A:C4:23:D9:B0 ('RSSI', -63) ('Channel', 4) ('MAC', 'B8:63:4D:A2:0E:13') ('Header', '48')
Data:  3C:71:BF:99:F9:E0 ('RSSI', -65) ('Channel', 4) ('MAC', 'B8:63:4D:A2:0E:13') ('Header', '48')
Data:  24:0A:C4:23:D9:B0 ('RSSI', -63) ('Channel', 4) ('MAC', 'B8:63:4D:A2:0E:13') ('Header', '48')
Data:  24:0A:C4:23:C1:EC ('RSSI', -42) ('Channel', 4) ('MAC', 'B8:63:4D:A2:0E:13') ('Header', '48')
Data:  24:0A:C4:23:D9:B0 ('RSSI', -63) ('Channel', 4) ('MAC', 'B8:63:4D:A2:0E:13') ('Header', '48')
Data:  24:0A:C4:23:C1:EC ('RSSI', -42) ('Channel', 4) ('MAC', 'B8:63:4D:A2:0E:13') ('Header', '48')
Data:  3C:71:BF:99:F9:E0 ('RSSI', -64) ('Channel', 4) ('MAC', 'B8:63:4D:A2:0E:13') ('Header', '48')
Data:  3C:71:BF:99:F9:E0 ('RSSI', -63) ('Channel', 4) ('MAC', 'B8:63:4D:A2:0E:13') ('Header', '48')
Data:  24:0A:C4:23:C1:EC ('RSSI', -42) ('Channel', 4) ('MAC', 'B8:63:4D:A2:0E:13') ('Header', '48')
Data:  24:0A:C4:23:D9:B0 ('RSSI', -63) ('Channel', 4) ('MAC', 'B8:63:4D:A2:0E:13') ('Header', '48')
Data:  3C:71:BF:99:F9:E0 ('RSSI', -64) ('Channel', 4) ('MAC', 'B8:63:4D:A2:0E:13') ('Header', '48')
Data:  24:0A:C4:23:D9:B0 ('RSSI', -63) ('Channel', 4) ('MAC', 'B8:63:4D:A2:0E:13') ('Header', '48')
Data:  24:0A:C4:23:C1:EC ('RSSI', -42) ('Channel', 4) ('MAC', 'B8:63:4D:A2:0E:13') ('Header', '48')
Data:  24:0A:C4:23:C1:EC ('RSSI', -42) ('Channel', 4) ('MAC', 'B8:63:4D:A2:0E:13') ('Header', '48')
Data:  3C:71:BF:99:F9:E0 ('RSSI', -64) ('Channel', 4) ('MAC', 'B8:63:4D:A2:0E:13') ('Header', '48')
Data:  24:0A:C4:23:D9:B0 ('RSSI', -63) ('Channel', 4) ('MAC', 'B8:63:4D:A2:0E:13') ('Header', '48')
Data:  24:0A:C4:23:D9:B0 ('RSSI', -63) ('Channel', 4) ('MAC', 'B8:63:4D:A2:0E:13') ('Header', '48')
Data:  3C:71:BF:99:F9:E0 ('RSSI', -63) ('Channel', 4) ('MAC', 'B8:63:4D:A2:0E:13') ('Header', '48')
Data:  3C:71:BF:99:F9:E0 ('RSSI', -64) ('Channel', 4) ('MAC', 'B8:63:4D:A2:0E:13') ('Header', '48')
Data:  24:0A:C4:23:C1:EC ('RSSI', -42) ('Channel', 4) ('MAC', 'B8:63:4D:A2:0E:13') ('Header', '48')
Data:  3C:71:BF:99:F9:E0 ('RSSI', -64) ('Channel', 4) ('MAC', 'B8:63:4D:A2:0E:13') ('Header', '48')
Data:  24:0A:C4:23:C1:EC ('RSSI', -42) ('Channel', 4) ('MAC', 'B8:63:4D:A2:0E:13') ('Header', '48')
Data:  24:0A:C4:23:D9:B0 ('RSSI', -62) ('Channel', 4) ('MAC', 'B8:63:4D:A2:0E:13') ('Header', '48')
Data:  3C:71:BF:99:F9:E0 ('RSSI', -63) ('Channel', 4) ('MAC', 'B8:63:4D:A2:0E:13') ('Header', '48')
Data:  24:0A:C4:23:C1:EC ('RSSI', -42) ('Channel', 4) ('MAC', 'B8:63:4D:A2:0E:13') ('Header', '48')
Data:  24:0A:C4:23:D9:B0 ('RSSI', -63) ('Channel', 4) ('MAC', 'B8:63:4D:A2:0E:13') ('Header', '48')
Data:  24:0A:C4:23:D9:B0 ('RSSI', -63) ('Channel', 4) ('MAC', 'B8:63:4D:A2:0E:13') ('Header', '48')
Data:  24:0A:C4:23:C1:EC ('RSSI', -42) ('Channel', 4) ('MAC', 'B8:63:4D:A2:0E:13') ('Header', '48')
Data:  3C:71:BF:99:F9:E0 ('RSSI', -63) ('Channel', 4) ('MAC', 'B8:63:4D:A2:0E:13') ('Header', '48')
Data:  24:0A:C4:23:C1:EC ('RSSI', -42) ('Channel', 4) ('MAC', 'B8:63:4D:A2:0E:13') ('Header', '48')
Data:  24:0A:C4:23:D9:B0 ('RSSI', -63) ('Channel', 4) ('MAC', 'B8:63:4D:A2:0E:13') ('Header', '48')
Data:  3C:71:BF:99:F9:E0 ('RSSI', -64) ('Channel', 4) ('MAC', 'B8:63:4D:A2:0E:13') ('Header', '48')
Data:  24:0A:C4:23:D9:B0 ('RSSI', -63) ('Channel', 4) ('MAC', 'B8:63:4D:A2:0E:13') ('Header', '48')
Data:  3C:71:BF:99:F9:E0 ('RSSI', -64) ('Channel', 4) ('MAC', 'B8:63:4D:A2:0E:13') ('Header', '48')
Data:  24:0A:C4:23:C1:EC ('RSSI', -42) ('Channel', 4) ('MAC', 'B8:63:4D:A2:0E:13') ('Header', '48')
Data:  3C:71:BF:99:F9:E0 ('RSSI', -64) ('Channel', 4) ('MAC', 'B8:63:4D:A2:0E:13') ('Header', '48')
Data:  24:0A:C4:23:C1:EC ('RSSI', -42) ('Channel', 4) ('MAC', 'B8:63:4D:A2:0E:13') ('Header', '48')
Data:  24:0A:C4:23:D9:B0 ('RSSI', -63) ('Channel', 4) ('MAC', 'B8:63:4D:A2:0E:13') ('Header', '48')
Data:  24:0A:C4:23:C1:EC ('RSSI', -43) ('Channel', 4) ('MAC', 'B8:63:4D:A2:0E:13') ('Header', '48')
Data:  3C:71:BF:99:F9:E0 ('RSSI', -64) ('Channel', 4) ('MAC', 'B8:63:4D:A2:0E:13') ('Header', '48')
Data:  24:0A:C4:23:D9:B0 ('RSSI', -63) ('Channel', 4) ('MAC', 'B8:63:4D:A2:0E:13') ('Header', '48')
Data:  3C:71:BF:99:F9:E0 ('RSSI', -63) ('Channel', 4) ('MAC', 'B8:63:4D:A2:0E:13') ('Header', '48')
Data:  24:0A:C4:23:C1:EC ('RSSI', -42) ('Channel', 4) ('MAC', 'B8:63:4D:A2:0E:13') ('Header', '48')
Data:  24:0A:C4:23:D9:B0 ('RSSI', -63) ('Channel', 4) ('MAC', 'B8:63:4D:A2:0E:13') ('Header', '48')
Data:  24:0A:C4:23:C1:EC ('RSSI', -42) ('Channel', 4) ('MAC', 'B8:63:4D:A2:0E:13') ('Header', '48')
Data:  3C:71:BF:99:F9:E0 ('RSSI', -63) ('Channel', 4) ('MAC', 'B8:63:4D:A2:0E:13') ('Header', '48')
Data:  24:0A:C4:23:D9:B0 ('RSSI', -63) ('Channel', 4) ('MAC', 'B8:63:4D:A2:0E:13') ('Header', '48')
Data:  3C:71:BF:99:F9:E0 ('RSSI', -63) ('Channel', 4) ('MAC', 'B8:63:4D:A2:0E:13') ('Header', '48')
Summary:  24:0A:C4:23:D9:B0 632 {'B8:63:4D:A2:0E:13': -63.0}
Summary:  24:0A:C4:23:C1:EC 84 {'B8:63:4D:A2:0E:13': -42.1}
Summary:  3C:71:BF:99:F9:E0 921 {'B8:63:4D:A2:0E:13': -63.7}
Data:  24:0A:C4:23:C1:EC ('RSSI', -42) ('Channel', 4) ('MAC', 'B8:63:4D:A2:0E:13') ('Header', '48')
Data:  24:0A:C4:23:D9:B0 ('RSSI', -63) ('Channel', 4) ('MAC', 'B8:63:4D:A2:0E:13') ('Header', '48')
Data:  24:0A:C4:23:C1:EC ('RSSI', -42) ('Channel', 4) ('MAC', 'B8:63:4D:A2:0E:13') ('Header', '48')
Data:  3C:71:BF:99:F9:E0 ('RSSI', -63) ('Channel', 4) ('MAC', 'B8:63:4D:A2:0E:13') ('Header', '48')
Data:  24:0A:C4:23:D9:B0 ('RSSI', -64) ('Channel', 4) ('MAC', 'B8:63:4D:A2:0E:13') ('Header', '48')
Data:  24:0A:C4:23:D9:B0 ('RSSI', -64) ('Channel', 4) ('MAC', 'B8:63:4D:A2:0E:13') ('Header', '48')
Data:  24:0A:C4:23:C1:EC ('RSSI', -42) ('Channel', 4) ('MAC', 'B8:63:4D:A2:0E:13') ('Header', '48')
Data:  3C:71:BF:99:F9:E0 ('RSSI', -63) ('Channel', 4) ('MAC', 'B8:63:4D:A2:0E:13') ('Header', '48')
Data:  24:0A:C4:23:C1:EC ('RSSI', -42) ('Channel', 4) ('MAC', 'B8:63:4D:A2:0E:13') ('Header', '48')
Data:  3C:71:BF:99:F9:E0 ('RSSI', -63) ('Channel', 4) ('MAC', 'B8:63:4D:A2:0E:13') ('Header', '48')
Data:  24:0A:C4:23:D9:B0 ('RSSI', -63) ('Channel', 4) ('MAC', 'B8:63:4D:A2:0E:13') ('Header', '48')
Data:  3C:71:BF:99:F9:E0 ('RSSI', -63) ('Channel', 4) ('MAC', 'B8:63:4D:A2:0E:13') ('Header', '48')
Data:  24:0A:C4:23:C1:EC ('RSSI', -42) ('Channel', 4) ('MAC', 'B8:63:4D:A2:0E:13') ('Header', '48')
Data:  24:0A:C4:23:D9:B0 ('RSSI', -63) ('Channel', 4) ('MAC', 'B8:63:4D:A2:0E:13') ('Header', '48')
Data:  24:0A:C4:23:D9:B0 ('RSSI', -64) ('Channel', 4) ('MAC', 'B8:63:4D:A2:0E:13') ('Header', '48')
Data:  3C:71:BF:99:F9:E0 ('RSSI', -64) ('Channel', 4) ('MAC', 'B8:63:4D:A2:0E:13') ('Header', '48')
Data:  24:0A:C4:23:C1:EC ('RSSI', -42) ('Channel', 4) ('MAC', 'B8:63:4D:A2:0E:13') ('Header', '48')
Data:  3C:71:BF:99:F9:E0 ('RSSI', -64) ('Channel', 4) ('MAC', 'B8:63:4D:A2:0E:13') ('Header', '48')
Data:  24:0A:C4:23:D9:B0 ('RSSI', -63) ('Channel', 4) ('MAC', 'B8:63:4D:A2:0E:13') ('Header', '48')
Data:  24:0A:C4:23:C1:EC ('RSSI', -42) ('Channel', 4) ('MAC', 'B8:63:4D:A2:0E:13') ('Header', '48')
Data:  24:0A:C4:23:C1:EC ('RSSI', -42) ('Channel', 4) ('MAC', 'B8:63:4D:A2:0E:13') ('Header', '48')
Data:  24:0A:C4:23:D9:B0 ('RSSI', -63) ('Channel', 4) ('MAC', 'B8:63:4D:A2:0E:13') ('Header', '48')
Data:  3C:71:BF:99:F9:E0 ('RSSI', -64) ('Channel', 4) ('MAC', 'B8:63:4D:A2:0E:13') ('Header', '48')
Data:  3C:71:BF:99:F9:E0 ('RSSI', -66) ('Channel', 4) ('MAC', 'B8:63:4D:A2:0E:13') ('Header', '40')
Data:  24:0A:C4:23:C1:EC ('RSSI', -43) ('Channel', 4) ('MAC', 'B8:63:4D:A2:0E:13') ('Header', '40')
Data:  24:0A:C4:23:D9:B0 ('RSSI', -65) ('Channel', 4) ('MAC', 'B8:63:4D:A2:0E:13') ('Header', '40')
Data:  24:0A:C4:23:C1:EC ('RSSI', -43) ('Channel', 4) ('MAC', 'B8:63:4D:A2:0E:13') ('Header', '40')
Data:  24:0A:C4:23:D9:B0 ('RSSI', -67) ('Channel', 4) ('MAC', 'B8:63:4D:A2:0E:13') ('Header', '40')
Data:  3C:71:BF:99:F9:E0 ('RSSI', -67) ('Channel', 4) ('MAC', 'B8:63:4D:A2:0E:13') ('Header', '40')
Data:  24:0A:C4:23:C1:EC ('RSSI', -42) ('Channel', 4) ('MAC', 'B8:63:4D:A2:0E:13') ('Header', '48')
Data:  24:0A:C4:23:D9:B0 ('RSSI', -63) ('Channel', 4) ('MAC', 'B8:63:4D:A2:0E:13') ('Header', '48')
Data:  3C:71:BF:99:F9:E0 ('RSSI', -64) ('Channel', 4) ('MAC', 'B8:63:4D:A2:0E:13') ('Header', '48')
Data:  24:0A:C4:23:C1:EC ('RSSI', -42) ('Channel', 4) ('MAC', 'B8:63:4D:A2:0E:13') ('Header', '48')
Data:  3C:71:BF:99:F9:E0 ('RSSI', -64) ('Channel', 4) ('MAC', 'B8:63:4D:A2:0E:13') ('Header', '48')
Data:  24:0A:C4:23:D9:B0 ('RSSI', -63) ('Channel', 4) ('MAC', 'B8:63:4D:A2:0E:13') ('Header', '48')
Data:  3C:71:BF:99:F9:E0 ('RSSI', -64) ('Channel', 4) ('MAC', 'B8:63:4D:A2:0E:13') ('Header', '48')
Data:  24:0A:C4:23:C1:EC ('RSSI', -42) ('Channel', 4) ('MAC', 'B8:63:4D:A2:0E:13') ('Header', '48')
Data:  24:0A:C4:23:D9:B0 ('RSSI', -63) ('Channel', 4) ('MAC', 'B8:63:4D:A2:0E:13') ('Header', '48')
Data:  3C:71:BF:99:F9:E0 ('RSSI', -65) ('Channel', 4) ('MAC', 'B8:63:4D:A2:0E:13') ('Header', '48')
Data:  24:0A:C4:23:D9:B0 ('RSSI', -63) ('Channel', 4) ('MAC', 'B8:63:4D:A2:0E:13') ('Header', '48')
Data:  24:0A:C4:23:C1:EC ('RSSI', -42) ('Channel', 4) ('MAC', 'B8:63:4D:A2:0E:13') ('Header', '48')
Data:  24:0A:C4:23:D9:B0 ('RSSI', -63) ('Channel', 4) ('MAC', 'B8:63:4D:A2:0E:13') ('Header', '48')
Data:  3C:71:BF:99:F9:E0 ('RSSI', -64) ('Channel', 4) ('MAC', 'B8:63:4D:A2:0E:13') ('Header', '48')
Data:  24:0A:C4:23:C1:EC ('RSSI', -42) ('Channel', 4) ('MAC', 'B8:63:4D:A2:0E:13') ('Header', '48')
Data:  3C:71:BF:99:F9:E0 ('RSSI', -64) ('Channel', 4) ('MAC', 'B8:63:4D:A2:0E:13') ('Header', '48')
Data:  24:0A:C4:23:C1:EC ('RSSI', -42) ('Channel', 4) ('MAC', 'B8:63:4D:A2:0E:13') ('Header', '48')
Data:  24:0A:C4:23:D9:B0 ('RSSI', -63) ('Channel', 4) ('MAC', 'B8:63:4D:A2:0E:13') ('Header', '48')
Data:  24:0A:C4:23:C1:EC ('RSSI', -42) ('Channel', 4) ('MAC', 'B8:63:4D:A2:0E:13') ('Header', '48')
Data:  3C:71:BF:99:F9:E0 ('RSSI', -65) ('Channel', 4) ('MAC', 'B8:63:4D:A2:0E:13') ('Header', '48')
Data:  24:0A:C4:23:D9:B0 ('RSSI', -64) ('Channel', 4) ('MAC', 'B8:63:4D:A2:0E:13') ('Header', '48')
Data:  24:0A:C4:23:D9:B0 ('RSSI', -63) ('Channel', 4) ('MAC', 'B8:63:4D:A2:0E:13') ('Header', '48')
Data:  3C:71:BF:99:F9:E0 ('RSSI', -65) ('Channel', 4) ('MAC', 'B8:63:4D:A2:0E:13') ('Header', '48')
Data:  24:0A:C4:23:C1:EC ('RSSI', -42) ('Channel', 4) ('MAC', 'B8:63:4D:A2:0E:13') ('Header', '48')
Data:  3C:71:BF:99:F9:E0 ('RSSI', -65) ('Channel', 4) ('MAC', 'B8:63:4D:A2:0E:13') ('Header', '48')
Data:  24:0A:C4:23:C1:EC ('RSSI', -42) ('Channel', 4) ('MAC', 'B8:63:4D:A2:0E:13') ('Header', '48')
Data:  24:0A:C4:23:D9:B0 ('RSSI', -63) ('Channel', 4) ('MAC', 'B8:63:4D:A2:0E:13') ('Header', '48')
Data:  24:0A:C4:23:C1:EC ('RSSI', -42) ('Channel', 4) ('MAC', 'B8:63:4D:A2:0E:13') ('Header', '48')
Data:  24:0A:C4:23:D9:B0 ('RSSI', -63) ('Channel', 4) ('MAC', 'B8:63:4D:A2:0E:13') ('Header', '48')
Data:  3C:71:BF:99:F9:E0 ('RSSI', -64) ('Channel', 4) ('MAC', 'B8:63:4D:A2:0E:13') ('Header', '48')
Data:  24:0A:C4:23:C1:EC ('RSSI', -42) ('Channel', 4) ('MAC', 'B8:63:4D:A2:0E:13') ('Header', '48')
Data:  3C:71:BF:99:F9:E0 ('RSSI', -64) ('Channel', 4) ('MAC', 'B8:63:4D:A2:0E:13') ('Header', '48')
Data:  24:0A:C4:23:D9:B0 ('RSSI', -64) ('Channel', 4) ('MAC', 'B8:63:4D:A2:0E:13') ('Header', '48')
Data:  24:0A:C4:23:D9:B0 ('RSSI', -62) ('Channel', 4) ('MAC', 'B8:63:4D:A2:0E:13') ('Header', '48')
Data:  3C:71:BF:99:F9:E0 ('RSSI', -64) ('Channel', 4) ('MAC', 'B8:63:4D:A2:0E:13') ('Header', '48')
Data:  24:0A:C4:23:C1:EC ('RSSI', -42) ('Channel', 4) ('MAC', 'B8:63:4D:A2:0E:13') ('Header', '48')
Data:  3C:71:BF:99:F9:E0 ('RSSI', -65) ('Channel', 4) ('MAC', 'B8:63:4D:A2:0E:13') ('Header', '48')
Data:  24:0A:C4:23:C1:EC ('RSSI', -42) ('Channel', 4) ('MAC', 'B8:63:4D:A2:0E:13') ('Header', '48')
Data:  24:0A:C4:23:D9:B0 ('RSSI', -63) ('Channel', 4) ('MAC', 'B8:63:4D:A2:0E:13') ('Header', '48')
Data:  24:0A:C4:23:D9:B0 ('RSSI', -63) ('Channel', 4) ('MAC', 'B8:63:4D:A2:0E:13') ('Header', '48')
Data:  3C:71:BF:99:F9:E0 ('RSSI', -65) ('Channel', 4) ('MAC', 'B8:63:4D:A2:0E:13') ('Header', '48')
Data:  24:0A:C4:23:C1:EC ('RSSI', -42) ('Channel', 4) ('MAC', 'B8:63:4D:A2:0E:13') ('Header', '48')
Data:  24:0A:C4:23:C1:EC ('RSSI', -42) ('Channel', 4) ('MAC', 'B8:63:4D:A2:0E:13') ('Header', '48')
Data:  3C:71:BF:99:F9:E0 ('RSSI', -63) ('Channel', 4) ('MAC', 'B8:63:4D:A2:0E:13') ('Header', '48')
Data:  24:0A:C4:23:D9:B0 ('RSSI', -62) ('Channel', 4) ('MAC', 'B8:63:4D:A2:0E:13') ('Header', '48')
Data:  24:0A:C4:23:D9:B0 ('RSSI', -62) ('Channel', 4) ('MAC', 'B8:63:4D:A2:0E:13') ('Header', '48')
Data:  3C:71:BF:99:F9:E0 ('RSSI', -64) ('Channel', 4) ('MAC', 'B8:63:4D:A2:0E:13') ('Header', '48')
Data:  24:0A:C4:23:C1:EC ('RSSI', -42) ('Channel', 4) ('MAC', 'B8:63:4D:A2:0E:13') ('Header', '48')
Data:  3C:71:BF:99:F9:E0 ('RSSI', -65) ('Channel', 4) ('MAC', 'B8:63:4D:A2:0E:13') ('Header', '48')
Summary:  24:0A:C4:23:D9:B0 632 {'B8:63:4D:A2:0E:13': -63.3}
Summary:  24:0A:C4:23:C1:EC 84 {'B8:63:4D:A2:0E:13': -42.1}
Summary:  3C:71:BF:99:F9:E0 921 {'B8:63:4D:A2:0E:13': -64.3}
Data:  24:0A:C4:23:D9:B0 ('RSSI', -63) ('Channel', 4) ('MAC', 'B8:63:4D:A2:0E:13') ('Header', '48')
Data:  24:0A:C4:23:C1:EC ('RSSI', -42) ('Channel', 4) ('MAC', 'B8:63:4D:A2:0E:13') ('Header', '48')
Data:  3C:71:BF:99:F9:E0 ('RSSI', -65) ('Channel', 4) ('MAC', 'B8:63:4D:A2:0E:13') ('Header', '48')
Data:  24:0A:C4:23:C1:EC ('RSSI', -42) ('Channel', 4) ('MAC', 'B8:63:4D:A2:0E:13') ('Header', '48')
Data:  24:0A:C4:23:D9:B0 ('RSSI', -63) ('Channel', 4) ('MAC', 'B8:63:4D:A2:0E:13') ('Header', '48')
Data:  24:0A:C4:23:D9:B0 ('RSSI', -63) ('Channel', 4) ('MAC', 'B8:63:4D:A2:0E:13') ('Header', '48')
Data:  3C:71:BF:99:F9:E0 ('RSSI', -63) ('Channel', 4) ('MAC', 'B8:63:4D:A2:0E:13') ('Header', '48')
Data:  24:0A:C4:23:C1:EC ('RSSI', -42) ('Channel', 4) ('MAC', 'B8:63:4D:A2:0E:13') ('Header', '48')
Data:  24:0A:C4:23:C1:EC ('RSSI', -42) ('Channel', 4) ('MAC', 'B8:63:4D:A2:0E:13') ('Header', '48')
Data:  24:0A:C4:23:D9:B0 ('RSSI', -63) ('Channel', 4) ('MAC', 'B8:63:4D:A2:0E:13') ('Header', '48')
Data:  3C:71:BF:99:F9:E0 ('RSSI', -64) ('Channel', 4) ('MAC', 'B8:63:4D:A2:0E:13') ('Header', '48')
Data:  24:0A:C4:23:C1:EC ('RSSI', -43) ('Channel', 4) ('MAC', 'B8:63:4D:A2:0E:13') ('Header', '48')
Data:  24:0A:C4:23:D9:B0 ('RSSI', -63) ('Channel', 4) ('MAC', 'B8:63:4D:A2:0E:13') ('Header', '48')
Data:  3C:71:BF:99:F9:E0 ('RSSI', -64) ('Channel', 4) ('MAC', 'B8:63:4D:A2:0E:13') ('Header', '48')
Data:  24:0A:C4:23:D9:B0 ('RSSI', -64) ('Channel', 4) ('MAC', 'B8:63:4D:A2:0E:13') ('Header', '48')
Data:  3C:71:BF:99:F9:E0 ('RSSI', -64) ('Channel', 4) ('MAC', 'B8:63:4D:A2:0E:13') ('Header', '48')
Data:  24:0A:C4:23:C1:EC ('RSSI', -42) ('Channel', 4) ('MAC', 'B8:63:4D:A2:0E:13') ('Header', '48')
Data:  24:0A:C4:23:D9:B0 ('RSSI', -63) ('Channel', 4) ('MAC', 'B8:63:4D:A2:0E:13') ('Header', '48')
Data:  3C:71:BF:99:F9:E0 ('RSSI', -64) ('Channel', 4) ('MAC', 'B8:63:4D:A2:0E:13') ('Header', '48')
Data:  24:0A:C4:23:C1:EC ('RSSI', -42) ('Channel', 4) ('MAC', 'B8:63:4D:A2:0E:13') ('Header', '48')
Data:  24:0A:C4:23:D9:B0 ('RSSI', -63) ('Channel', 4) ('MAC', 'B8:63:4D:A2:0E:13') ('Header', '48')
Data:  3C:71:BF:99:F9:E0 ('RSSI', -65) ('Channel', 4) ('MAC', 'B8:63:4D:A2:0E:13') ('Header', '48')
Data:  24:0A:C4:23:C1:EC ('RSSI', -42) ('Channel', 4) ('MAC', 'B8:63:4D:A2:0E:13') ('Header', '48')
Data:  24:0A:C4:23:C1:EC ('RSSI', -42) ('Channel', 4) ('MAC', 'B8:63:4D:A2:0E:13') ('Header', '48')
Data:  3C:71:BF:99:F9:E0 ('RSSI', -65) ('Channel', 4) ('MAC', 'B8:63:4D:A2:0E:13') ('Header', '48')
Data:  24:0A:C4:23:D9:B0 ('RSSI', -64) ('Channel', 4) ('MAC', 'B8:63:4D:A2:0E:13') ('Header', '48')
Data:  3C:71:BF:99:F9:E0 ('RSSI', -64) ('Channel', 4) ('MAC', 'B8:63:4D:A2:0E:13') ('Header', '48')
Data:  24:0A:C4:23:C1:EC ('RSSI', -42) ('Channel', 4) ('MAC', 'B8:63:4D:A2:0E:13') ('Header', '48')
Data:  24:0A:C4:23:D9:B0 ('RSSI', -63) ('Channel', 4) ('MAC', 'B8:63:4D:A2:0E:13') ('Header', '48')
Data:  3C:71:BF:99:F9:E0 ('RSSI', -64) ('Channel', 4) ('MAC', 'B8:63:4D:A2:0E:13') ('Header', '48')
Data:  24:0A:C4:23:C1:EC ('RSSI', -42) ('Channel', 4) ('MAC', 'B8:63:4D:A2:0E:13') ('Header', '48')
Data:  24:0A:C4:23:D9:B0 ('RSSI', -64) ('Channel', 4) ('MAC', 'B8:63:4D:A2:0E:13') ('Header', '48')
Data:  24:0A:C4:23:C1:EC ('RSSI', -42) ('Channel', 4) ('MAC', 'B8:63:4D:A2:0E:13') ('Header', '48')
Data:  24:0A:C4:23:D9:B0 ('RSSI', -63) ('Channel', 4) ('MAC', 'B8:63:4D:A2:0E:13') ('Header', '48')
Data:  3C:71:BF:99:F9:E0 ('RSSI', -64) ('Channel', 4) ('MAC', 'B8:63:4D:A2:0E:13') ('Header', '48')
Data:  3C:71:BF:99:F9:E0 ('RSSI', -63) ('Channel', 4) ('MAC', 'B8:63:4D:A2:0E:13') ('Header', '48')
Data:  24:0A:C4:23:C1:EC ('RSSI', -42) ('Channel', 4) ('MAC', 'B8:63:4D:A2:0E:13') ('Header', '48')
Data:  24:0A:C4:23:D9:B0 ('RSSI', -63) ('Channel', 4) ('MAC', 'B8:63:4D:A2:0E:13') ('Header', '48')
Data:  24:0A:C4:23:C1:EC ('RSSI', -42) ('Channel', 4) ('MAC', 'B8:63:4D:A2:0E:13') ('Header', '48')
Data:  3C:71:BF:99:F9:E0 ('RSSI', -64) ('Channel', 4) ('MAC', 'B8:63:4D:A2:0E:13') ('Header', '48')
Data:  24:0A:C4:23:D9:B0 ('RSSI', -63) ('Channel', 4) ('MAC', 'B8:63:4D:A2:0E:13') ('Header', '48')
Data:  24:0A:C4:23:D9:B0 ('RSSI', -63) ('Channel', 4) ('MAC', 'B8:63:4D:A2:0E:13') ('Header', '48')
Data:  24:0A:C4:23:C1:EC ('RSSI', -42) ('Channel', 4) ('MAC', 'B8:63:4D:A2:0E:13') ('Header', '48')
Data:  3C:71:BF:99:F9:E0 ('RSSI', -64) ('Channel', 4) ('MAC', 'B8:63:4D:A2:0E:13') ('Header', '48')
Data:  24:0A:C4:23:D9:B0 ('RSSI', -63) ('Channel', 4) ('MAC', 'B8:63:4D:A2:0E:13') ('Header', '48')
Data:  24:0A:C4:23:C1:EC ('RSSI', -42) ('Channel', 4) ('MAC', 'B8:63:4D:A2:0E:13') ('Header', '48')
Data:  3C:71:BF:99:F9:E0 ('RSSI', -64) ('Channel', 4) ('MAC', 'B8:63:4D:A2:0E:13') ('Header', '48')
Data:  3C:71:BF:99:F9:E0 ('RSSI', -64) ('Channel', 4) ('MAC', 'B8:63:4D:A2:0E:13') ('Header', '48')
Data:  24:0A:C4:23:C1:EC ('RSSI', -42) ('Channel', 4) ('MAC', 'B8:63:4D:A2:0E:13') ('Header', '48')
Data:  24:0A:C4:23:D9:B0 ('RSSI', -63) ('Channel', 4) ('MAC', 'B8:63:4D:A2:0E:13') ('Header', '48')
Data:  3C:71:BF:99:F9:E0 ('RSSI', -64) ('Channel', 4) ('MAC', 'B8:63:4D:A2:0E:13') ('Header', '48')
Data:  24:0A:C4:23:C1:EC ('RSSI', -42) ('Channel', 4) ('MAC', 'B8:63:4D:A2:0E:13') ('Header', '48')
Data:  24:0A:C4:23:D9:B0 ('RSSI', -63) ('Channel', 4) ('MAC', 'B8:63:4D:A2:0E:13') ('Header', '48')
Data:  3C:71:BF:99:F9:E0 ('RSSI', -64) ('Channel', 4) ('MAC', 'B8:63:4D:A2:0E:13') ('Header', '48')
Data:  24:0A:C4:23:D9:B0 ('RSSI', -63) ('Channel', 4) ('MAC', 'B8:63:4D:A2:0E:13') ('Header', '48')
Data:  24:0A:C4:23:C1:EC ('RSSI', -42) ('Channel', 4) ('MAC', 'B8:63:4D:A2:0E:13') ('Header', '48')
Data:  3C:71:BF:99:F9:E0 ('RSSI', -63) ('Channel', 4) ('MAC', 'B8:63:4D:A2:0E:13') ('Header', '48')
Data:  24:0A:C4:23:C1:EC ('RSSI', -42) ('Channel', 4) ('MAC', 'B8:63:4D:A2:0E:13') ('Header', '48')
Data:  24:0A:C4:23:D9:B0 ('RSSI', -63) ('Channel', 4) ('MAC', 'B8:63:4D:A2:0E:13') ('Header', '48')
Data:  3C:71:BF:99:F9:E0 ('RSSI', -64) ('Channel', 4) ('MAC', 'B8:63:4D:A2:0E:13') ('Header', '48')
Data:  24:0A:C4:23:D9:B0 ('RSSI', -63) ('Channel', 4) ('MAC', 'B8:63:4D:A2:0E:13') ('Header', '48')
Data:  24:0A:C4:23:C1:EC ('RSSI', -42) ('Channel', 4) ('MAC', 'B8:63:4D:A2:0E:13') ('Header', '48')
Data:  24:0A:C4:23:C1:EC ('RSSI', -43) ('Channel', 4) ('MAC', 'B8:63:4D:A2:0E:13') ('Header', '48')
Data:  3C:71:BF:99:F9:E0 ('RSSI', -64) ('Channel', 4) ('MAC', 'B8:63:4D:A2:0E:13') ('Header', '48')
Data:  24:0A:C4:23:D9:B0 ('RSSI', -64) ('Channel', 4) ('MAC', 'B8:63:4D:A2:0E:13') ('Header', '48')
Data:  24:0A:C4:23:D9:B0 ('RSSI', -63) ('Channel', 4) ('MAC', 'B8:63:4D:A2:0E:13') ('Header', '48')
Data:  24:0A:C4:23:D9:B0 ('RSSI', -63) ('Channel', 4) ('MAC', 'B8:63:4D:A2:0E:13') ('Header', '48')
Data:  3C:71:BF:99:F9:E0 ('RSSI', -63) ('Channel', 4) ('MAC', 'B8:63:4D:A2:0E:13') ('Header', '48')
Data:  3C:71:BF:99:F9:E0 ('RSSI', -64) ('Channel', 4) ('MAC', 'B8:63:4D:A2:0E:13') ('Header', '48')
Data:  24:0A:C4:23:C1:EC ('RSSI', -42) ('Channel', 4) ('MAC', 'B8:63:4D:A2:0E:13') ('Header', '48')
Data:  24:0A:C4:23:C1:EC ('RSSI', -42) ('Channel', 4) ('MAC', 'B8:63:4D:A2:0E:13') ('Header', '48')
Data:  3C:71:BF:99:F9:E0 ('RSSI', -63) ('Channel', 4) ('MAC', 'B8:63:4D:A2:0E:13') ('Header', '48')
Data:  24:0A:C4:23:D9:B0 ('RSSI', -63) ('Channel', 4) ('MAC', 'B8:63:4D:A2:0E:13') ('Header', '48')
Data:  24:0A:C4:23:C1:EC ('RSSI', -42) ('Channel', 4) ('MAC', 'B8:63:4D:A2:0E:13') ('Header', '48')
Data:  24:0A:C4:23:C1:EC ('RSSI', -42) ('Channel', 4) ('MAC', 'B8:63:4D:A2:0E:13') ('Header', '48')
Data:  24:0A:C4:23:D9:B0 ('RSSI', -63) ('Channel', 4) ('MAC', 'B8:63:4D:A2:0E:13') ('Header', '48')
Data:  3C:71:BF:99:F9:E0 ('RSSI', -63) ('Channel', 4) ('MAC', 'B8:63:4D:A2:0E:13') ('Header', '48')
Data:  3C:71:BF:99:F9:E0 ('RSSI', -64) ('Channel', 4) ('MAC', 'B8:63:4D:A2:0E:13') ('Header', '48')
Data:  24:0A:C4:23:C1:EC ('RSSI', -42) ('Channel', 4) ('MAC', 'B8:63:4D:A2:0E:13') ('Header', '48')
Data:  3C:71:BF:99:F9:E0 ('RSSI', -64) ('Channel', 4) ('MAC', 'B8:63:4D:A2:0E:13') ('Header', '48')
Data:  3C:71:BF:99:F9:E0 ('RSSI', -64) ('Channel', 4) ('MAC', 'B8:63:4D:A2:0E:13') ('Header', '48')
Data:  24:0A:C4:23:C1:EC ('RSSI', -42) ('Channel', 4) ('MAC', 'B8:63:4D:A2:0E:13') ('Header', '48')
Data:  24:0A:C4:23:C1:EC ('RSSI', -42) ('Channel', 4) ('MAC', 'B8:63:4D:A2:0E:13') ('Header', '48')
Data:  24:0A:C4:23:D9:B0 ('RSSI', -63) ('Channel', 4) ('MAC', 'B8:63:4D:A2:0E:13') ('Header', '48')
Data:  24:0A:C4:23:D9:B0 ('RSSI', -63) ('Channel', 4) ('MAC', 'B8:63:4D:A2:0E:13') ('Header', '48')
Data:  24:0A:C4:23:D9:B0 ('RSSI', -63) ('Channel', 4) ('MAC', 'B8:63:4D:A2:0E:13') ('Header', '48')
Data:  24:0A:C4:23:C1:EC ('RSSI', -42) ('Channel', 4) ('MAC', 'B8:63:4D:A2:0E:13') ('Header', '48')
Data:  24:0A:C4:23:D9:B0 ('RSSI', -63) ('Channel', 4) ('MAC', 'B8:63:4D:A2:0E:13') ('Header', '48')
Summary:  24:0A:C4:23:D9:B0 632 {'B8:63:4D:A2:0E:13': -63.1}
Summary:  24:0A:C4:23:C1:EC 84 {'B8:63:4D:A2:0E:13': -42.1}
Summary:  3C:71:BF:99:F9:E0 921 {'B8:63:4D:A2:0E:13': -63.9}
Data:  3C:71:BF:99:F9:E0 ('RSSI', -64) ('Channel', 4) ('MAC', 'B8:63:4D:A2:0E:13') ('Header', '48')
Data:  24:0A:C4:23:D9:B0 ('RSSI', -63) ('Channel', 4) ('MAC', 'B8:63:4D:A2:0E:13') ('Header', '48')
Data:  3C:71:BF:99:F9:E0 ('RSSI', -63) ('Channel', 4) ('MAC', 'B8:63:4D:A2:0E:13') ('Header', '48')
Data:  24:0A:C4:23:C1:EC ('RSSI', -42) ('Channel', 4) ('MAC', 'B8:63:4D:A2:0E:13') ('Header', '48')
Data:  3C:71:BF:99:F9:E0 ('RSSI', -64) ('Channel', 4) ('MAC', 'B8:63:4D:A2:0E:13') ('Header', '48')
Data:  24:0A:C4:23:D9:B0 ('RSSI', -63) ('Channel', 4) ('MAC', 'B8:63:4D:A2:0E:13') ('Header', '48')
Data:  24:0A:C4:23:C1:EC ('RSSI', -42) ('Channel', 4) ('MAC', 'B8:63:4D:A2:0E:13') ('Header', '48')
Data:  3C:71:BF:99:F9:E0 ('RSSI', -64) ('Channel', 4) ('MAC', 'B8:63:4D:A2:0E:13') ('Header', '48')
Data:  24:0A:C4:23:C1:EC ('RSSI', -42) ('Channel', 4) ('MAC', 'B8:63:4D:A2:0E:13') ('Header', '48')
Data:  24:0A:C4:23:D9:B0 ('RSSI', -63) ('Channel', 4) ('MAC', 'B8:63:4D:A2:0E:13') ('Header', '48')
Data:  24:0A:C4:23:D9:B0 ('RSSI', -64) ('Channel', 4) ('MAC', 'B8:63:4D:A2:0E:13') ('Header', '48')
Data:  3C:71:BF:99:F9:E0 ('RSSI', -64) ('Channel', 4) ('MAC', 'B8:63:4D:A2:0E:13') ('Header', '48')
Data:  24:0A:C4:23:C1:EC ('RSSI', -42) ('Channel', 4) ('MAC', 'B8:63:4D:A2:0E:13') ('Header', '48')
Data:  24:0A:C4:23:D9:B0 ('RSSI', -63) ('Channel', 4) ('MAC', 'B8:63:4D:A2:0E:13') ('Header', '48')
Data:  24:0A:C4:23:C1:EC ('RSSI', -42) ('Channel', 4) ('MAC', 'B8:63:4D:A2:0E:13') ('Header', '48')
Data:  3C:71:BF:99:F9:E0 ('RSSI', -64) ('Channel', 4) ('MAC', 'B8:63:4D:A2:0E:13') ('Header', '48')
Data:  3C:71:BF:99:F9:E0 ('RSSI', -64) ('Channel', 4) ('MAC', 'B8:63:4D:A2:0E:13') ('Header', '48')
Data:  24:0A:C4:23:C1:EC ('RSSI', -42) ('Channel', 4) ('MAC', 'B8:63:4D:A2:0E:13') ('Header', '48')
Data:  24:0A:C4:23:D9:B0 ('RSSI', -63) ('Channel', 4) ('MAC', 'B8:63:4D:A2:0E:13') ('Header', '48')
Data:  24:0A:C4:23:C1:EC ('RSSI', -42) ('Channel', 4) ('MAC', 'B8:63:4D:A2:0E:13') ('Header', '48')
Data:  24:0A:C4:23:D9:B0 ('RSSI', -63) ('Channel', 4) ('MAC', 'B8:63:4D:A2:0E:13') ('Header', '48')
Data:  3C:71:BF:99:F9:E0 ('RSSI', -64) ('Channel', 4) ('MAC', 'B8:63:4D:A2:0E:13') ('Header', '48')
Data:  24:0A:C4:23:C1:EC ('RSSI', -42) ('Channel', 4) ('MAC', 'B8:63:4D:A2:0E:13') ('Header', '48')
Data:  3C:71:BF:99:F9:E0 ('RSSI', -64) ('Channel', 4) ('MAC', 'B8:63:4D:A2:0E:13') ('Header', '48')
Data:  24:0A:C4:23:D9:B0 ('RSSI', -63) ('Channel', 4) ('MAC', 'B8:63:4D:A2:0E:13') ('Header', '48')
Data:  24:0A:C4:23:C1:EC ('RSSI', -42) ('Channel', 4) ('MAC', 'B8:63:4D:A2:0E:13') ('Header', '48')
Data:  24:0A:C4:23:D9:B0 ('RSSI', -63) ('Channel', 4) ('MAC', 'B8:63:4D:A2:0E:13') ('Header', '48')
Data:  3C:71:BF:99:F9:E0 ('RSSI', -64) ('Channel', 4) ('MAC', 'B8:63:4D:A2:0E:13') ('Header', '48')
Data:  24:0A:C4:23:D9:B0 ('RSSI', -64) ('Channel', 4) ('MAC', 'B8:63:4D:A2:0E:13') ('Header', '48')
Data:  24:0A:C4:23:C1:EC ('RSSI', -42) ('Channel', 4) ('MAC', 'B8:63:4D:A2:0E:13') ('Header', '48')
Data:  3C:71:BF:99:F9:E0 ('RSSI', -64) ('Channel', 4) ('MAC', 'B8:63:4D:A2:0E:13') ('Header', '48')
Data:  24:0A:C4:23:D9:B0 ('RSSI', -64) ('Channel', 4) ('MAC', 'B8:63:4D:A2:0E:13') ('Header', '48')
Data:  3C:71:BF:99:F9:E0 ('RSSI', -64) ('Channel', 4) ('MAC', 'B8:63:4D:A2:0E:13') ('Header', '48')
Data:  24:0A:C4:23:C1:EC ('RSSI', -42) ('Channel', 4) ('MAC', 'B8:63:4D:A2:0E:13') ('Header', '48')
Data:  24:0A:C4:23:D9:B0 ('RSSI', -63) ('Channel', 4) ('MAC', 'B8:63:4D:A2:0E:13') ('Header', '48')
Data:  24:0A:C4:23:C1:EC ('RSSI', -42) ('Channel', 4) ('MAC', 'B8:63:4D:A2:0E:13') ('Header', '48')
Data:  3C:71:BF:99:F9:E0 ('RSSI', -64) ('Channel', 4) ('MAC', 'B8:63:4D:A2:0E:13') ('Header', '48')
Data:  3C:71:BF:99:F9:E0 ('RSSI', -64) ('Channel', 4) ('MAC', 'B8:63:4D:A2:0E:13') ('Header', '48')
Data:  24:0A:C4:23:C1:EC ('RSSI', -42) ('Channel', 4) ('MAC', 'B8:63:4D:A2:0E:13') ('Header', '48')
Data:  24:0A:C4:23:D9:B0 ('RSSI', -63) ('Channel', 4) ('MAC', 'B8:63:4D:A2:0E:13') ('Header', '48')
Data:  3C:71:BF:99:F9:E0 ('RSSI', -64) ('Channel', 4) ('MAC', 'B8:63:4D:A2:0E:13') ('Header', '48')
Data:  24:0A:C4:23:D9:B0 ('RSSI', -63) ('Channel', 4) ('MAC', 'B8:63:4D:A2:0E:13') ('Header', '48')
Data:  24:0A:C4:23:C1:EC ('RSSI', -42) ('Channel', 4) ('MAC', 'B8:63:4D:A2:0E:13') ('Header', '48')
Data:  24:0A:C4:23:D9:B0 ('RSSI', -63) ('Channel', 4) ('MAC', 'B8:63:4D:A2:0E:13') ('Header', '48')
Data:  24:0A:C4:23:C1:EC ('RSSI', -42) ('Channel', 4) ('MAC', 'B8:63:4D:A2:0E:13') ('Header', '48')
Data:  3C:71:BF:99:F9:E0 ('RSSI', -64) ('Channel', 4) ('MAC', 'B8:63:4D:A2:0E:13') ('Header', '48')
Data:  24:0A:C4:23:C1:EC ('RSSI', -42) ('Channel', 4) ('MAC', 'B8:63:4D:A2:0E:13') ('Header', '48')
Data:  3C:71:BF:99:F9:E0 ('RSSI', -64) ('Channel', 4) ('MAC', 'B8:63:4D:A2:0E:13') ('Header', '48')
Data:  24:0A:C4:23:D9:B0 ('RSSI', -63) ('Channel', 4) ('MAC', 'B8:63:4D:A2:0E:13') ('Header', '48')
Data:  24:0A:C4:23:C1:EC ('RSSI', -42) ('Channel', 4) ('MAC', 'B8:63:4D:A2:0E:13') ('Header', '48')
Data:  3C:71:BF:99:F9:E0 ('RSSI', -64) ('Channel', 4) ('MAC', 'B8:63:4D:A2:0E:13') ('Header', '48')
Data:  24:0A:C4:23:D9:B0 ('RSSI', -64) ('Channel', 4) ('MAC', 'B8:63:4D:A2:0E:13') ('Header', '48')
Data:  3C:71:BF:99:F9:E0 ('RSSI', -64) ('Channel', 4) ('MAC', 'B8:63:4D:A2:0E:13') ('Header', '48')
Data:  24:0A:C4:23:D9:B0 ('RSSI', -64) ('Channel', 4) ('MAC', 'B8:63:4D:A2:0E:13') ('Header', '48')
Data:  24:0A:C4:23:C1:EC ('RSSI', -42) ('Channel', 4) ('MAC', 'B8:63:4D:A2:0E:13') ('Header', '48')
Data:  3C:71:BF:99:F9:E0 ('RSSI', -63) ('Channel', 4) ('MAC', 'B8:63:4D:A2:0E:13') ('Header', '48')
Data:  24:0A:C4:23:C1:EC ('RSSI', -42) ('Channel', 4) ('MAC', 'B8:63:4D:A2:0E:13') ('Header', '48')
Data:  24:0A:C4:23:D9:B0 ('RSSI', -63) ('Channel', 4) ('MAC', 'B8:63:4D:A2:0E:13') ('Header', '48')
Data:  3C:71:BF:99:F9:E0 ('RSSI', -63) ('Channel', 4) ('MAC', 'B8:63:4D:A2:0E:13') ('Header', '48')
Data:  24:0A:C4:23:C1:EC ('RSSI', -43) ('Channel', 4) ('MAC', 'B8:63:4D:A2:0E:13') ('Header', '48')
Data:  24:0A:C4:23:D9:B0 ('RSSI', -62) ('Channel', 4) ('MAC', 'B8:63:4D:A2:0E:13') ('Header', '48')
Data:  24:0A:C4:23:D9:B0 ('RSSI', -63) ('Channel', 4) ('MAC', 'B8:63:4D:A2:0E:13') ('Header', '48')
Data:  3C:71:BF:99:F9:E0 ('RSSI', -64) ('Channel', 4) ('MAC', 'B8:63:4D:A2:0E:13') ('Header', '48')
Data:  24:0A:C4:23:C1:EC ('RSSI', -42) ('Channel', 4) ('MAC', 'B8:63:4D:A2:0E:13') ('Header', '48')
Data:  24:0A:C4:23:C1:EC ('RSSI', -42) ('Channel', 4) ('MAC', 'B8:63:4D:A2:0E:13') ('Header', '48')
Summary:  24:0A:C4:23:D9:B0 632 {'B8:63:4D:A2:0E:13': -63.2}