Data:  24:0A:C4:23:C1:EC ('Header', '48') ('MAC', 'B8:63:4D:A2:0E:13') ('RSSI', -56) ('Channel', 4)
Data:  24:0A:C4:23:D9:B0 ('Header', '48') ('MAC', 'B8:63:4D:A2:0E:13') ('RSSI', -57) ('Channel', 4)
Data:  3C:71:BF:99:F9:E0 ('Header', '48') ('MAC', 'B8:63:4D:A2:0E:13') ('RSSI', -62) ('Channel', 4)
Data:  24:0A:C4:23:D9:B0 ('Header', '48') ('MAC', 'B8:63:4D:A2:0E:13') ('RSSI', -57) ('Channel', 4)
Data:  3C:71:BF:99:F9:E0 ('Header', '48') ('MAC', 'B8:63:4D:A2:0E:13') ('RSSI', -61) ('Channel', 4)
Data:  24:0A:C4:23:D9:B0 ('Header', '48') ('MAC', 'B8:63:4D:A2:0E:13') ('RSSI', -56) ('Channel', 4)
Data:  3C:71:BF:99:F9:E0 ('Header', '48') ('MAC', 'B8:63:4D:A2:0E:13') ('RSSI', -61) ('Channel', 4)
Data:  24:0A:C4:23:C1:EC ('Header', '48') ('MAC', 'B8:63:4D:A2:0E:13') ('RSSI', -56) ('Channel', 4)
Data:  24:0A:C4:23:C1:EC ('Header', '48') ('MAC', 'B8:63:4D:A2:0E:13') ('RSSI', -56) ('Channel', 4)
Data:  3C:71:BF:99:F9:E0 ('Header', '48') ('MAC', 'B8:63:4D:A2:0E:13') ('RSSI', -62) ('Channel', 4)
Data:  24:0A:C4:23:C1:EC ('Header', '48') ('MAC', 'B8:63:4D:A2:0E:13') ('RSSI', -53) ('Channel', 4)
Data:  24:0A:C4:23:D9:B0 ('Header', '48') ('MAC', 'B8:63:4D:A2:0E:13') ('RSSI', -56) ('Channel', 4)
Data:  24:0A:C4:23:D9:B0 ('Header', '48') ('MAC', 'B8:63:4D:A2:0E:13') ('RSSI', -56) ('Channel', 4)
Data:  3C:71:BF:99:F9:E0 ('Header', '48') ('MAC', 'B8:63:4D:A2:0E:13') ('RSSI', -63) ('Channel', 4)
Data:  24:0A:C4:23:C1:EC ('Header', '48') ('MAC', 'B8:63:4D:A2:0E:13') ('RSSI', -53) ('Channel', 4)
Data:  24:0A:C4:23:C1:EC ('Header', '48') ('MAC', 'B8:63:4D:A2:0E:13') ('RSSI', -53) ('Channel', 4)
Data:  24:0A:C4:23:D9:B0 ('Header', '48') ('MAC', 'B8:63:4D:A2:0E:13') ('RSSI', -57) ('Channel', 4)
Data:  3C:71:BF:99:F9:E0 ('Header', '48') ('MAC', 'B8:63:4D:A2:0E:13') ('RSSI', -62) ('Channel', 4)
Data:  3C:71:BF:99:F9:E0 ('Header', '48') ('MAC', 'B8:63:4D:A2:0E:13') ('RSSI', -62) ('Channel', 4)
Data:  24:0A:C4:23:C1:EC ('Header', '48') ('MAC', 'B8:63:4D:A2:0E:13') ('RSSI', -53) ('Channel', 4)
Data:  24:0A:C4:23:D9:B0 ('Header', '48') ('MAC', 'B8:63:4D:A2:0E:13') ('RSSI', -61) ('Channel', 4)
Data:  24:0A:C4:23:D9:B0 ('Header', '48') ('MAC', 'B8:63:4D:A2:0E:13') ('RSSI', -57) ('Channel', 4)
Data:  24:0A:C4:23:D9:B0 ('Header', '48') ('MAC', 'B8:63:4D:A2:0E:13') ('RSSI', -56) ('Channel', 4)
Data:  3C:71:BF:99:F9:E0 ('Header', '48') ('MAC', 'B8:63:4D:A2:0E:13') ('RSSI', -62) ('Channel', 4)
Data:  24:0A:C4:23:C1:EC ('Header', '48') ('MAC', 'B8:63:4D:A2:0E:13') ('RSSI', -54) ('Channel', 4)
Data:  24:0A:C4:23:C1:EC ('Header', '48') ('MAC', 'B8:63:4D:A2:0E:13') ('RSSI', -54) ('Channel', 4)
Data:  3C:71:BF:99:F9:E0 ('Header', '48') ('MAC', 'B8:63:4D:A2:0E:13') ('RSSI', -62) ('Channel', 4)
Data:  24:0A:C4:23:D9:B0 ('Header', '48') ('MAC', 'B8:63:4D:A2:0E:13') ('RSSI', -56) ('Channel', 4)
Data:  24:0A:C4:23:D9:B0 ('Header', '48') ('MAC', 'B8:63:4D:A2:0E:13') ('RSSI', -56) ('Channel', 4)
Data:  3C:71:BF:99:F9:E0 ('Header', '48') ('MAC', 'B8:63:4D:A2:0E:13') ('RSSI', -61) ('Channel', 4)
Data:  24:0A:C4:23:C1:EC ('Header', '48') ('MAC', 'B8:63:4D:A2:0E:13') ('RSSI', -53) ('Channel', 4)
Data:  3C:71:BF:99:F9:E0 ('Header', '48') ('MAC', 'B8:63:4D:A2:0E:13') ('RSSI', -61) ('Channel', 4)
Data:  24:0A:C4:23:C1:EC ('Header', '48') ('MAC', 'B8:63:4D:A2:0E:13') ('RSSI', -54) ('Channel', 4)
Data:  24:0A:C4:23:D9:B0 ('Header', '48') ('MAC', 'B8:63:4D:A2:0E:13') ('RSSI', -56) ('Channel', 4)
Data:  3C:71:BF:99:F9:E0 ('Header', '48') ('MAC', 'B8:63:4D:A2:0E:13') ('RSSI', -61) ('Channel', 4)
Data:  24:0A:C4:23:D9:B0 ('Header', '48') ('MAC', 'B8:63:4D:A2:0E:13') ('RSSI', -55) ('Channel', 4)
Data:  24:0A:C4:23:C1:EC ('Header', '48') ('MAC', 'B8:63:4D:A2:0E:13') ('RSSI', -53) ('Channel', 4)
Data:  24:0A:C4:23:D9:B0 ('Header', '48') ('MAC', 'B8:63:4D:A2:0E:13') ('RSSI', -56) ('Channel', 4)
Data:  3C:71:BF:99:F9:E0 ('Header', '48') ('MAC', 'B8:63:4D:A2:0E:13') ('RSSI', -61) ('Channel', 4)
Data:  24:0A:C4:23:C1:EC ('Header', '48') ('MAC', 'B8:63:4D:A2:0E:13') ('RSSI', -53) ('Channel', 4)
Data:  3C:71:BF:99:F9:E0 ('Header', '48') ('MAC', 'B8:63:4D:A2:0E:13') ('RSSI', -63) ('Channel', 4)
Data:  24:0A:C4:23:D9:B0 ('Header', '48') ('MAC', 'B8:63:4D:A2:0E:13') ('RSSI', -56) ('Channel', 4)
Data:  24:0A:C4:23:C1:EC ('Header', '48') ('MAC', 'B8:63:4D:A2:0E:13') ('RSSI', -55) ('Channel', 4)
Data:  3C:71:BF:99:F9:E0 ('Header', '48') ('MAC', 'B8:63:4D:A2:0E:13') ('RSSI', -62) ('Channel', 4)
Data:  24:0A:C4:23:D9:B0 ('Header', '48') ('MAC', 'B8:63:4D:A2:0E:13') ('RSSI', -57) ('Channel', 4)
Data:  24:0A:C4:23:C1:EC ('Header', '48') ('MAC', 'B8:63:4D:A2:0E:13') ('RSSI', -55) ('Channel', 4)
Data:  24:0A:C4:23:D9:B0 ('Header', '48') ('MAC', 'B8:63:4D:A2:0E:13') ('RSSI', -57) ('Channel', 4)
Data:  24:0A:C4:23:C1:EC ('Header', '48') ('MAC', 'B8:63:4D:A2:0E:13') ('RSSI', -53) ('Channel', 4)
Data:  3C:71:BF:99:F9:E0 ('Header', '48') ('MAC', 'B8:63:4D:A2:0E:13') ('RSSI', -62) ('Channel', 4)
Data:  3C:71:BF:99:F9:E0 ('Header', '48') ('MAC', 'B8:63:4D:A2:0E:13') ('RSSI', -62) ('Channel', 4)
Data:  24:0A:C4:23:C1:EC ('Header', '48') ('MAC', 'B8:63:4D:A2:0E:13') ('RSSI', -53) ('Channel', 4)
Data:  3C:71:BF:99:F9:E0 ('Header', '48') ('MAC', 'B8:63:4D:A2:0E:13') ('RSSI', -62) ('Channel', 4)
Data:  24:0A:C4:23:D9:B0 ('Header', '48') ('MAC', 'B8:63:4D:A2:0E:13') ('RSSI', -56) ('Channel', 4)
Data:  24:0A:C4:23:C1:EC ('Header', '48') ('MAC', 'B8:63:4D:A2:0E:13') ('RSSI', -55) ('Channel', 4)
Data:  3C:71:BF:99:F9:E0 ('Header', '48') ('MAC', 'B8:63:4D:A2:0E:13') ('RSSI', -62) ('Channel', 4)
Data:  24:0A:C4:23:C1:EC ('Header', '48') ('MAC', 'B8:63:4D:A2:0E:13') ('RSSI', -55) ('Channel', 4)
Data:  24:0A:C4:23:D9:B0 ('Header', '48') ('MAC', 'B8:63:4D:A2:0E:13') ('RSSI', -56) ('Channel', 4)
Data:  24:0A:C4:23:D9:B0 ('Header', '48') ('MAC', 'B8:63:4D:A2:0E:13') ('RSSI', -56) ('Channel', 4)
Data:  24:0A:C4:23:C1:EC ('Header', '48') ('MAC', 'B8:63:4D:A2:0E:13') ('RSSI', -54) ('Channel', 4)
Data:  3C:71:BF:99:F9:E0 ('Header', '48') ('MAC', 'B8:63:4D:A2:0E:13') ('RSSI', -62) ('Channel', 4)
Data:  3C:71:BF:99:F9:E0 ('Header', '48') ('MAC', 'B8:63:4D:A2:0E:13') ('RSSI', -62) ('Channel', 4)
Data:  3C:71:BF:99:F9:E0 ('Header', '48') ('MAC', 'B8:63:4D:A2:0E:13') ('RSSI', -62) ('Channel', 4)
Data:  3C:71:BF:99:F9:E0 ('Header', '48') ('MAC', 'B8:63:4D:A2:0E:13') ('RSSI', -62) ('Channel', 4)
Data:  24:0A:C4:23:C1:EC ('Header', '48') ('MAC', 'B8:63:4D:A2:0E:13') ('RSSI', -54) ('Channel', 4)
Data:  3C:71:BF:99:F9:E0 ('Header', '48') ('MAC', 'B8:63:4D:A2:0E:13') ('RSSI', -63) ('Channel', 4)
Data:  24:0A:C4:23:C1:EC ('Header', '48') ('MAC', 'B8:63:4D:A2:0E:13') ('RSSI', -56) ('Channel', 4)
Data:  24:0A:C4:23:D9:B0 ('Header', '48') ('MAC', 'B8:63:4D:A2:0E:13') ('RSSI', -56) ('Channel', 4)
Data:  24:0A:C4:23:C1:EC ('Header', '48') ('MAC', 'B8:63:4D:A2:0E:13') ('RSSI', -56) ('Channel', 4)
Data:  24:0A:C4:23:C1:EC ('Header', '48') ('MAC', 'B8:63:4D:A2:0E:13') ('RSSI', -56) ('Channel', 4)
Data:  24:0A:C4:23:D9:B0 ('Header', '48') ('MAC', 'B8:63:4D:A2:0E:13') ('RSSI', -57) ('Channel', 4)
Data:  24:0A:C4:23:D9:B0 ('Header', '48') ('MAC', 'B8:63:4D:A2:0E:13') ('RSSI', -56) ('Channel', 4)
Data:  24:0A:C4:23:D9:B0 ('Header', '48') ('MAC', 'B8:63:4D:A2:0E:13') ('RSSI', -56) ('Channel', 4)
Data:  3C:71:BF:99:F9:E0 ('Header', '48') ('MAC', 'B8:63:4D:A2:0E:13') ('RSSI', -62) ('Channel', 4)
Summary:  24:0A:C4:23:C1:EC 580 {'B8:63:4D:A2:0E:13': -54.3}
Summary:  3C:71:BF:99:F9:E0 1138 {'B8:63:4D:A2:0E:13': -61.9}
Summary:  24:0A:C4:23:D9:B0 420 {'B8:63:4D:A2:0E:13': -56.5}
Data:  24:0A:C4:23:C1:EC ('Header', '48') ('MAC', 'B8:63:4D:A2:0E:13') ('RSSI', -54) ('Channel', 4)
Data:  24:0A:C4:23:D9:B0 ('Header', '48') ('MAC', 'B8:63:4D:A2:0E:13') ('RSSI', -56) ('Channel', 4)
Data:  3C:71:BF:99:F9:E0 ('Header', '48') ('MAC', 'B8:63:4D:A2:0E:13') ('RSSI', -61) ('Channel', 4)
Data:  24:0A:C4:23:C1:EC ('Header', '48') ('MAC', 'B8:63:4D:A2:0E:13') ('RSSI', -54) ('Channel', 4)
Data:  24:0A:C4:23:D9:B0 ('Header', '48') ('MAC', 'B8:63:4D:A2:0E:13') ('RSSI', -56) ('Channel', 4)
Data:  3C:71:BF:99:F9:E0 ('Header', '48') ('MAC', 'B8:63:4D:A2:0E:13') ('RSSI', -62) ('Channel', 4)
Data:  24:0A:C4:23:C1:EC ('Header', '48') ('MAC', 'B8:63:4D:A2:0E:13') ('RSSI', -55) ('Channel', 4)
Data:  24:0A:C4:23:D9:B0 ('Header', '48') ('MAC', 'B8:63:4D:A2:0E:13') ('RSSI', -56) ('Channel', 4)
Data:  24:0A:C4:23:D9:B0 ('Header', '48') ('MAC', 'B8:63:4D:A2:0E:13') ('RSSI', -57) ('Channel', 4)
Data:  3C:71:BF:99:F9:E0 ('Header', '48') ('MAC', 'B8:63:4D:A2:0E:13') ('RSSI', -62) ('Channel', 4)
Data:  24:0A:C4:23:C1:EC ('Header', '48') ('MAC', 'B8:63:4D:A2:0E:13') ('RSSI', -56) ('Channel', 4)
Data:  24:0A:C4:23:D9:B0 ('Header', '48') ('MAC', 'B8:63:4D:A2:0E:13') ('RSSI', -57) ('Channel', 4)
Data:  3C:71:BF:99:F9:E0 ('Header', '48') ('MAC', 'B8:63:4D:A2:0E:13') ('RSSI', -63) ('Channel', 4)
Data:  24:0A:C4:23:C1:EC ('Header', '48') ('MAC', 'B8:63:4D:A2:0E:13') ('RSSI', -56) ('Channel', 4)
Data:  24:0A:C4:23:D9:B0 ('Header', '48') ('MAC', 'B8:63:4D:A2:0E:13') ('RSSI', -57) ('Channel', 4)
Data:  3C:71:BF:99:F9:E0 ('Header', '48') ('MAC', 'B8:63:4D:A2:0E:13') ('RSSI', -63) ('Channel', 4)
Data:  24:0A:C4:23:C1:EC ('Header', '48') ('MAC', 'B8:63:4D:A2:0E:13') ('RSSI', -56) ('Channel', 4)
Data:  3C:71:BF:99:F9:E0 ('Header', '48') ('MAC', 'B8:63:4D:A2:0E:13') ('RSSI', -61) ('Channel', 4)
Data:  24:0A:C4:23:C1:EC ('Header', '48') ('MAC', 'B8:63:4D:A2:0E:13') ('RSSI', -56) ('Channel', 4)
Data:  24:0A:C4:23:D9:B0 ('Header', '48') ('MAC', 'B8:63:4D:A2:0E:13') ('RSSI', -56) ('Channel', 4)
Data:  3C:71:BF:99:F9:E0 ('Header', '48') ('MAC', 'B8:63:4D:A2:0E:13') ('RSSI', -62) ('Channel', 4)
Data:  24:0A:C4:23:C1:EC ('Header', '48') ('MAC', 'B8:63:4D:A2:0E:13') ('RSSI', -56) ('Channel', 4)
Data:  24:0A:C4:23:D9:B0 ('Header', '48') ('MAC', 'B8:63:4D:A2:0E:13') ('RSSI', -55) ('Channel', 4)
Data:  3C:71:BF:99:F9:E0 ('Header', '48') ('MAC', 'B8:63:4D:A2:0E:13') ('RSSI', -62) ('Channel', 4)
Data:  24:0A:C4:23:C1:EC ('Header', '48') ('MAC', 'B8:63:4D:A2:0E:13') ('RSSI', -56) ('Channel', 4)
Data:  24:0A:C4:23:D9:B0 ('Header', '48') ('MAC', 'B8:63:4D:A2:0E:13') ('RSSI', -55) ('Channel', 4)
Data:  24:0A:C4:23:C1:EC ('Header', '48') ('MAC', 'B8:63:4D:A2:0E:13') ('RSSI', -57) ('Channel', 4)
Data:  24:0A:C4:23:D9:B0 ('Header', '48') ('MAC', 'B8:63:4D:A2:0E:13') ('RSSI', -56) ('Channel', 4)
Data:  3C:71:BF:99:F9:E0 ('Header', '48') ('MAC', 'B8:63:4D:A2:0E:13') ('RSSI', -60) ('Channel', 4)
Data:  3C:71:BF:99:F9:E0 ('Header', '48') ('MAC', 'B8:63:4D:A2:0E:13') ('RSSI', -60) ('Channel', 4)
Data:  24:0A:C4:23:C1:EC ('Header', '48') ('MAC', 'B8:63:4D:A2:0E:13') ('RSSI', -54) ('Channel', 4)
Data:  24:0A:C4:23:D9:B0 ('Header', '48') ('MAC', 'B8:63:4D:A2:0E:13') ('RSSI', -56) ('Channel', 4)
Data:  24:0A:C4:23:C1:EC ('Header', '48') ('MAC', 'B8:63:4D:A2:0E:13') ('RSSI', -56) ('Channel', 4)
Data:  24:0A:C4:23:D9:B0 ('Header', '48') ('MAC', 'B8:63:4D:A2:0E:13') ('RSSI', -56) ('Channel', 4)
Data:  3C:71:BF:99:F9:E0 ('Header', '48') ('MAC', 'B8:63:4D:A2:0E:13') ('RSSI', -62) ('Channel', 4)
Data:  3C:71:BF:99:F9:E0 ('Header', '48') ('MAC', 'B8:63:4D:A2:0E:13') ('RSSI', -62) ('Channel', 4)
Data:  24:0A:C4:23:C1:EC ('Header', '48') ('MAC', 'B8:63:4D:A2:0E:13') ('RSSI', -57) ('Channel', 4)
Data:  24:0A:C4:23:D9:B0 ('Header', '48') ('MAC', 'B8:63:4D:A2:0E:13') ('RSSI', -56) ('Channel', 4)
Data:  24:0A:C4:23:C1:EC ('Header', '48') ('MAC', 'B8:63:4D:A2:0E:13') ('RSSI', -55) ('Channel', 4)
Data:  24:0A:C4:23:D9:B0 ('Header', '48') ('MAC', 'B8:63:4D:A2:0E:13') ('RSSI', -56) ('Channel', 4)
Data:  3C:71:BF:99:F9:E0 ('Header', '48') ('MAC', 'B8:63:4D:A2:0E:13') ('RSSI', -62) ('Channel', 4)
Data:  3C:71:BF:99:F9:E0 ('Header', '48') ('MAC', 'B8:63:4D:A2:0E:13') ('RSSI', -61) ('Channel', 4)
Data:  24:0A:C4:23:C1:EC ('Header', '48') ('MAC', 'B8:63:4D:A2:0E:13') ('RSSI', -55) ('Channel', 4)
Data:  3C:71:BF:99:F9:E0 ('Header', '48') ('MAC', 'B8:63:4D:A2:0E:13') ('RSSI', -62) ('Channel', 4)
Data:  24:0A:C4:23:C1:EC ('Header', '48') ('MAC', 'B8:63:4D:A2:0E:13') ('RSSI', -55) ('Channel', 4)
Data:  24:0A:C4:23:D9:B0 ('Header', '48') ('MAC', 'B8:63:4D:A2:0E:13') ('RSSI', -56) ('Channel', 4)
Data:  24:0A:C4:23:D9:B0 ('Header', '48') ('MAC', 'B8:63:4D:A2:0E:13') ('RSSI', -56) ('Channel', 4)
Data:  3C:71:BF:99:F9:E0 ('Header', '48') ('MAC', 'B8:63:4D:A2:0E:13') ('RSSI', -61) ('Channel', 4)
Data:  24:0A:C4:23:D9:B0 ('Header', '48') ('MAC', 'B8:63:4D:A2:0E:13') ('RSSI', -56) ('Channel', 4)
Data:  24:0A:C4:23:C1:EC ('Header', '48') ('MAC', 'B8:63:4D:A2:0E:13') ('RSSI', -55) ('Channel', 4)
Data:  3C:71:BF:99:F9:E0 ('Header', '48') ('MAC', 'B8:63:4D:A2:0E:13') ('RSSI', -61) ('Channel', 4)
Data:  24:0A:C4:23:C1:EC ('Header', '48') ('MAC', 'B8:63:4D:A2:0E:13') ('RSSI', -55) ('Channel', 4)
Data:  24:0A:C4:23:D9:B0 ('Header', '48') ('MAC', 'B8:63:4D:A2:0E:13') ('RSSI', -57) ('Channel', 4)
Data:  24:0A:C4:23:C1:EC ('Header', '48') ('MAC', 'B8:63:4D:A2:0E:13') ('RSSI', -55) ('Channel', 4)
Data:  3C:71:BF:99:F9:E0 ('Header', '48') ('MAC', 'B8:63:4D:A2:0E:13') ('RSSI', -61) ('Channel', 4)
Data:  24:0A:C4:23:D9:B0 ('Header', '48') ('MAC', 'B8:63:4D:A2:0E:13') ('RSSI', -57) ('Channel', 4)
Data:  24:0A:C4:23:D9:B0 ('Header', '48') ('MAC', 'B8:63:4D:A2:0E:13') ('RSSI', -57) ('Channel', 4)
Data:  3C:71:BF:99:F9:E0 ('Header', '48') ('MAC', 'B8:63:4D:A2:0E:13') ('RSSI', -61) ('Channel', 4)
Data:  24:0A:C4:23:C1:EC ('Header', '48') ('MAC', 'B8:63:4D:A2:0E:13') ('RSSI', -54) ('Channel', 4)
Data:  3C:71:BF:99:F9:E0 ('Header', '48') ('MAC', 'B8:63:4D:A2:0E:13') ('RSSI', -60) ('Channel', 4)
Data:  24:0A:C4:23:C1:EC ('Header', '48') ('MAC', 'B8:63:4D:A2:0E:13') ('RSSI', -54) ('Channel', 4)
Data:  24:0A:C4:23:D9:B0 ('Header', '48') ('MAC', 'B8:63:4D:A2:0E:13') ('RSSI', -57) ('Channel', 4)
Data:  24:0A:C4:23:C1:EC ('Header', '48') ('MAC', 'B8:63:4D:A2:0E:13') ('RSSI', -55) ('Channel', 4)
Summary:  24:0A:C4:23:C1:EC 580 {'B8:63:4D:A2:0E:13': -55.3}
Summary:  3C:71:BF:99:F9:E0 1138 {'B8:63:4D:A2:0E:13': -61.5}
Summary:  24:0A:C4:23:D9:B0 420 {'B8:63:4D:A2:0E:13': -56.2}
Data:  24:0A:C4:23:D9:B0 ('Header', '48') ('MAC', 'B8:63:4D:A2:0E:13') ('RSSI', -56) ('Channel', 4)
Data:  3C:71:BF:99:F9:E0 ('Header', '48') ('MAC', 'B8:63:4D:A2:0E:13') ('RSSI', -61) ('Channel', 4)
Data:  3C:71:BF:99:F9:E0 ('Header', '48') ('MAC', 'B8:63:4D:A2:0E:13') ('RSSI', -61) ('Channel', 4)
Data:  24:0A:C4:23:C1:EC ('Header', '48') ('MAC', 'B8:63:4D:A2:0E:13') ('RSSI', -55) ('Channel', 4)
Data:  24:0A:C4:23:D9:B0 ('Header', '48') ('MAC', 'B8:63:4D:A2:0E:13') ('RSSI', -57) ('Channel', 4)
Data:  24:0A:C4:23:D9:B0 ('Header', '48') ('MAC', 'B8:63:4D:A2:0E:13') ('RSSI', -57) ('Channel', 4)
Data:  3C:71:BF:99:F9:E0 ('Header', '48') ('MAC', 'B8:63:4D:A2:0E:13') ('RSSI', -61) ('Channel', 4)
Data:  24:0A:C4:23:C1:EC ('Header', '48') ('MAC', 'B8:63:4D:A2:0E:13') ('RSSI', -54) ('Channel', 4)
Data:  3C:71:BF:99:F9:E0 ('Header', '48') ('MAC', 'B8:63:4D:A2:0E:13') ('RSSI', -61) ('Channel', 4)
Data:  24:0A:C4:23:C1:EC ('Header', '48') ('MAC', 'B8:63:4D:A2:0E:13') ('RSSI', -54) ('Channel', 4)
Data:  24:0A:C4:23:D9:B0 ('Header', '48') ('MAC', 'B8:63:4D:A2:0E:13') ('RSSI', -57) ('Channel', 4)
Data:  24:0A:C4:23:D9:B0 ('Header', '48') ('MAC', 'B8:63:4D:A2:0E:13') ('RSSI', -56) ('Channel', 4)
Data:  3C:71:BF:99:F9:E0 ('Header', '48') ('MAC', 'B8:63:4D:A2:0E:13') ('RSSI', -59) ('Channel', 4)
Data:  24:0A:C4:23:C1:EC ('Header', '48') ('MAC', 'B8:63:4D:A2:0E:13') ('RSSI', -55) ('Channel', 4)
Data:  24:0A:C4:23:D9:B0 ('Header', '48') ('MAC', 'B8:63:4D:A2:0E:13') ('RSSI', -56) ('Channel', 4)
Data:  24:0A:C4:23:D9:B0 ('Header', '48') ('MAC', 'B8:63:4D:A2:0E:13') ('RSSI', -56) ('Channel', 4)
Data:  3C:71:BF:99:F9:E0 ('Header', '48') ('MAC', 'B8:63:4D:A2:0E:13') ('RSSI', -60) ('Channel', 4)
Data:  24:0A:C4:23:C1:EC ('Header', '48') ('MAC', 'B8:63:4D:A2:0E:13') ('RSSI', -55) ('Channel', 4)
Data:  3C:71:BF:99:F9:E0 ('Header', '48') ('MAC', 'B8:63:4D:A2:0E:13') ('RSSI', -60) ('Channel', 4)
Data:  24:0A:C4:23:C1:EC ('Header', '48') ('MAC', 'B8:63:4D:A2:0E:13') ('RSSI', -55) ('Channel', 4)
Data:  24:0A:C4:23:C1:EC ('Header', '48') ('MAC', 'B8:63:4D:A2:0E:13') ('RSSI', -55) ('Channel', 4)
Data:  24:0A:C4:23:D9:B0 ('Header', '48') ('MAC', 'B8:63:4D:A2:0E:13') ('RSSI', -57) ('Channel', 4)
Data:  3C:71:BF:99:F9:E0 ('Header', '48') ('MAC', 'B8:63:4D:A2:0E:13') ('RSSI', -60) ('Channel', 4)
Data:  3C:71:BF:99:F9:E0 ('Header', '48') ('MAC', 'B8:63:4D:A2:0E:13') ('RSSI', -60) ('Channel', 4)
Data:  24:0A:C4:23:D9:B0 ('Header', '48') ('MAC', 'B8:63:4D:A2:0E:13') ('RSSI', -57) ('Channel', 4)
Data:  24:0A:C4:23:C1:EC ('Header', '48') ('MAC', 'B8:63:4D:A2:0E:13') ('RSSI', -55) ('Channel', 4)
Data:  3C:71:BF:99:F9:E0 ('Header', '48') ('MAC', 'B8:63:4D:A2:0E:13') ('RSSI', -60) ('Channel', 4)
Data:  24:0A:C4:23:D9:B0 ('Header', '48') ('MAC', 'B8:63:4D:A2:0E:13') ('RSSI', -57) ('Channel', 4)
Data:  24:0A:C4:23:C1:EC ('Header', '48') ('MAC', 'B8:63:4D:A2:0E:13') ('RSSI', -56) ('Channel', 4)
Data:  3C:71:BF:99:F9:E0 ('Header', '48') ('MAC', 'B8:63:4D:A2:0E:13') ('RSSI', -60) ('Channel', 4)
Data:  24:0A:C4:23:C1:EC ('Header', '48') ('MAC', 'B8:63:4D:A2:0E:13') ('RSSI', -55) ('Channel', 4)
Data:  24:0A:C4:23:D9:B0 ('Header', '48') ('MAC', 'B8:63:4D:A2:0E:13') ('RSSI', -57) ('Channel', 4)
Data:  24:0A:C4:23:C1:EC ('Header', '48') ('MAC', 'B8:63:4D:A2:0E:13') ('RSSI', -54) ('Channel', 4)
Data:  24:0A:C4:23:D9:B0 ('Header', '48') ('MAC', 'B8:63:4D:A2:0E:13') ('RSSI', -56) ('Channel', 4)
Data:  3C:71:BF:99:F9:E0 ('Header', '48') ('MAC', 'B8:63:4D:A2:0E:13') ('RSSI', -62) ('Channel', 4)
Data:  24:0A:C4:23:D9:B0 ('Header', '48') ('MAC', 'B8:63:4D:A2:0E:13') ('RSSI', -56) ('Channel', 4)
Data:  3C:71:BF:99:F9:E0 ('Header', '48') ('MAC', 'B8:63:4D:A2:0E:13') ('RSSI', -62) ('Channel', 4)
Data:  24:0A:C4:23:C1:EC ('Header', '48') ('MAC', 'B8:63:4D:A2:0E:13') ('RSSI', -54) ('Channel', 4)
Data:  24:0A:C4:23:D9:B0 ('Header', '48') ('MAC', 'B8:63:4D:A2:0E:13') ('RSSI', -56) ('Channel', 4)
Data:  3C:71:BF:99:F9:E0 ('Header', '48') ('MAC', 'B8:63:4D:A2:0E:13') ('RSSI', -62) ('Channel', 4)
Data:  24:0A:C4:23:C1:EC ('Header', '48') ('MAC', 'B8:63:4D:A2:0E:13') ('RSSI', -55) ('Channel', 4)
Data:  24:0A:C4:23:D9:B0 ('Header', '48') ('MAC', 'B8:63:4D:A2:0E:13') ('RSSI', -57) ('Channel', 4)
Data:  3C:71:BF:99:F9:E0 ('Header', '48') ('MAC', 'B8:63:4D:A2:0E:13') ('RSSI', -62) ('Channel', 4)
Data:  24:0A:C4:23:C1:EC ('Header', '48') ('MAC', 'B8:63:4D:A2:0E:13') ('RSSI', -56) ('Channel', 4)
Data:  24:0A:C4:23:D9:B0 ('Header', '48') ('MAC', 'B8:63:4D:A2:0E:13') ('RSSI', -57) ('Channel', 4)
Data:  3C:71:BF:99:F9:E0 ('Header', '48') ('MAC', 'B8:63:4D:A2:0E:13') ('RSSI', -64) ('Channel', 4)
Data:  24:0A:C4:23:C1:EC ('Header', '48') ('MAC', 'B8:63:4D:A2:0E:13') ('RSSI', -56) ('Channel', 4)
Data:  3C:71:BF:99:F9:E0 ('Header', '48') ('MAC', 'B8:63:4D:A2:0E:13') ('RSSI', -61) ('Channel', 4)
Data:  24:0A:C4:23:D9:B0 ('Header', '48') ('MAC', 'B8:63:4D:A2:0E:13') ('RSSI', -57) ('Channel', 4)
Data:  24:0A:C4:23:C1:EC ('Header', '48') ('MAC', 'B8:63:4D:A2:0E:13') ('RSSI', -54) ('Channel', 4)
Data:  24:0A:C4:23:D9:B0 ('Header', '48') ('MAC', 'B8:63:4D:A2:0E:13') ('RSSI', -56) ('Channel', 4)
Data:  3C:71:BF:99:F9:E0 ('Header', '48') ('MAC', 'B8:63:4D:A2:0E:13') ('RSSI', -63) ('Channel', 4)
Data:  24:0A:C4:23:C1:EC ('Header', '48') ('MAC', 'B8:63:4D:A2:0E:13') ('RSSI', -58) ('Channel', 4)
Data:  24:0A:C4:23:D9:B0 ('Header', '48') ('MAC', 'B8:63:4D:A2:0E:13') ('RSSI', -57) ('Channel', 4)
Data:  3C:71:BF:99:F9:E0 ('Header', '48') ('MAC', 'B8:63:4D:A2:0E:13') ('RSSI', -62) ('Channel', 4)
Data:  24:0A:C4:23:C1:EC ('Header', '48') ('MAC', 'B8:63:4D:A2:0E:13') ('RSSI', -58) ('Channel', 4)
Data:  3C:71:BF:99:F9:E0 ('Header', '48') ('MAC', 'B8:63:4D:A2:0E:13') ('RSSI', -62) ('Channel', 4)
Data:  24:0A:C4:23:C1:EC ('Header', '48') ('MAC', 'B8:63:4D:A2:0E:13') ('RSSI', -55) ('Channel', 4)
Data:  24:0A:C4:23:D9:B0 ('Header', '48') ('MAC', 'B8:63:4D:A2:0E:13') ('RSSI', -57) ('Channel', 4)
Data:  24:0A:C4:23:C1:EC ('Header', '48') ('MAC', 'B8:63:4D:A2:0E:13') ('RSSI', -55) ('Channel', 4)
Data:  3C:71:BF:99:F9:E0 ('Header', '48') ('MAC', 'B8:63:4D:A2:0E:13') ('RSSI', -61) ('Channel', 4)
Data:  24:0A:C4:23:D9:B0 ('Header', '48') ('MAC', 'B8:63:4D:A2:0E:13') ('RSSI', -56) ('Channel', 4)
Summary:  24:0A:C4:23:C1:EC 580 {'B8:63:4D:A2:0E:13': -55.2}
Summary:  3C:71:BF:99:F9:E0 1138 {'B8:63:4D:A2:0E:13': -61.1}
Summary:  24:0A:C4:23:D9:B0 420 {'B8:63:4D:A2:0E:13': -56.6}
Data:  3C:71:BF:99:F9:E0 ('Header', '48') ('MAC', 'B8:63:4D:A2:0E:13') ('RSSI', -62) ('Channel', 4)
Data:  24:0A:C4:23:C1:EC ('Header', '48') ('MAC', 'B8:63:4D:A2:0E:13') ('RSSI', -55) ('Channel', 4)
Data:  24:0A:C4:23:D9:B0 ('Header', '48') ('MAC', 'B8:63:4D:A2:0E:13') ('RSSI', -56) ('Channel', 4)
Data:  24:0A:C4:23:C1:EC ('Header', '48') ('MAC', 'B8:63:4D:A2:0E:13') ('RSSI', -56) ('Channel', 4)
Data:  24:0A:C4:23:D9:B0 ('Header', '48') ('MAC', 'B8:63:4D:A2:0E:13') ('RSSI', -57) ('Channel', 4)
Data:  3C:71:BF:99:F9:E0 ('Header', '48') ('MAC', 'B8:63:4D:A2:0E:13') ('RSSI', -62) ('Channel', 4)
Data:  24:0A:C4:23:C1:EC ('Header', '48') ('MAC', 'B8:63:4D:A2:0E:13') ('RSSI', -56) ('Channel', 4)
Data:  3C:71:BF:99:F9:E0 ('Header', '48') ('MAC', 'B8:63:4D:A2:0E:13') ('RSSI', -60) ('Channel', 4)
Data:  24:0A:C4:23:D9:B0 ('Header', '48') ('MAC', 'B8:63:4D:A2:0E:13') ('RSSI', -57) ('Channel', 4)
Data:  24:0A:C4:23:D9:B0 ('Header', '48') ('MAC', 'B8:63:4D:A2:0E:13') ('RSSI', -56) ('Channel', 4)
Data:  3C:71:BF:99:F9:E0 ('Header', '48') ('MAC', 'B8:63:4D:A2:0E:13') ('RSSI', -60) ('Channel', 4)
Data:  24:0A:C4:23:C1:EC ('Header', '48') ('MAC', 'B8:63:4D:A2:0E:13') ('RSSI', -56) ('Channel', 4)
Data:  24:0A:C4:23:D9:B0 ('Header', '48') ('MAC', 'B8:63:4D:A2:0E:13') ('RSSI', -56) ('Channel', 4)
Data:  24:0A:C4:23:C1:EC ('Header', '48') ('MAC', 'B8:63:4D:A2:0E:13') ('RSSI', -60) ('Channel', 4)
Data:  3C:71:BF:99:F9:E0 ('Header', '48') ('MAC', 'B8:63:4D:A2:0E:13') ('RSSI', -60) ('Channel', 4)
Data:  3C:71:BF:99:F9:E0 ('Header', '48') ('MAC', 'B8:63:4D:A2:0E:13') ('RSSI', -61) ('Channel', 4)
Data:  24:0A:C4:23:D9:B0 ('Header', '48') ('MAC', 'B8:63:4D:A2:0E:13') ('RSSI', -56) ('Channel', 4)
Data:  24:0A:C4:23:C1:EC ('Header', '48') ('MAC', 'B8:63:4D:A2:0E:13') ('RSSI', -60) ('Channel', 4)
Data:  24:0A:C4:23:C1:EC ('Header', '48') ('MAC', 'B8:63:4D:A2:0E:13') ('RSSI', -59) ('Channel', 4)
Data:  24:0A:C4:23:D9:B0 ('Header', '48') ('MAC', 'B8:63:4D:A2:0E:13') ('RSSI', -56) ('Channel', 4)
Data:  3C:71:BF:99:F9:E0 ('Header', '48') ('MAC', 'B8:63:4D:A2:0E:13') ('RSSI', -62) ('Channel', 4)
Data:  3C:71:BF:99:F9:E0 ('Header', '48') ('MAC', 'B8:63:4D:A2:0E:13') ('RSSI', -62) ('Channel', 4)
Data:  24:0A:C4:23:C1:EC ('Header', '48') ('MAC', 'B8:63:4D:A2:0E:13') ('RSSI', -59) ('Channel', 4)
Data:  24:0A:C4:23:D9:B0 ('Header', '48') ('MAC', 'B8:63:4D:A2:0E:13') ('RSSI', -56) ('Channel', 4)
Data:  24:0A:C4:23:D9:B0 ('Header', '48') ('MAC', 'B8:63:4D:A2:0E:13') ('RSSI', -57) ('Channel', 4)
Data:  3C:71:BF:99:F9:E0 ('Header', '48') ('MAC', 'B8:63:4D:A2:0E:13') ('RSSI', -61) ('Channel', 4)
Data:  24:0A:C4:23:C1:EC ('Header', '48') ('MAC', 'B8:63:4D:A2:0E:13') ('RSSI', -56) ('Channel', 4)
Data:  24:0A:C4:23:D9:B0 ('Header', '48') ('MAC', 'B8:63:4D:A2:0E:13') ('RSSI', -57) ('Channel', 4)
Data:  3C:71:BF:99:F9:E0 ('Header', '48') ('MAC', 'B8:63:4D:A2:0E:13') ('RSSI', -61) ('Channel', 4)
Data:  24:0A:C4:23:C1:EC ('Header', '48') ('MAC', 'B8:63:4D:A2:0E:13') ('RSSI', -56) ('Channel', 4)
Data:  24:0A:C4:23:C1:EC ('Header', '48') ('MAC', 'B8:63:4D:A2:0E:13') ('RSSI', -53) ('Channel', 4)
Data:  24:0A:C4:23:D9:B0 ('Header', '48') ('MAC', 'B8:63:4D:A2:0E:13') ('RSSI', -58) ('Channel', 4)
Data:  3C:71:BF:99:F9:E0 ('Header', '48') ('MAC', 'B8:63:4D:A2:0E:13') ('RSSI', -61) ('Channel', 4)
Data:  24:0A:C4:23:C1:EC ('Header', '48') ('MAC', 'B8:63:4D:A2:0E:13') ('RSSI', -53) ('Channel', 4)
Data:  24:0A:C4:23:D9:B0 ('Header', '48') ('MAC', 'B8:63:4D:A2:0E:13') ('RSSI', -57) ('Channel', 4)
Data:  3C:71:BF:99:F9:E0 ('Header', '48') ('MAC', 'B8:63:4D:A2:0E:13') ('RSSI', -61) ('Channel', 4)
Data:  3C:71:BF:99:F9:E0 ('Header', '48') ('MAC', 'B8:63:4D:A2:0E:13') ('RSSI', -62) ('Channel', 4)
Data:  24:0A:C4:23:C1:EC ('Header', '48') ('MAC', 'B8:63:4D:A2:0E:13') ('RSSI', -55) ('Channel', 4)
Data:  24:0A:C4:23:D9:B0 ('Header', '48') ('MAC', 'B8:63:4D:A2:0E:13') ('RSSI', -56) ('Channel', 4)
Data:  24:0A:C4:23:D9:B0 ('Header', '48') ('MAC', 'B8:63:4D:A2:0E:13') ('RSSI', -56) ('Channel', 4)
Data:  3C:71:BF:99:F9:E0 ('Header', '48') ('MAC', 'B8:63:4D:A2:0E:13') ('RSSI', -62) ('Channel', 4)
Data:  24:0A:C4:23:C1:EC ('Header', '48') ('MAC', 'B8:63:4D:A2:0E:13') ('RSSI', -55) ('Channel', 4)
Data:  3C:71:BF:99:F9:E0 ('Header', '48') ('MAC', 'B8:63:4D:A2:0E:13') ('RSSI', -60) ('Channel', 4)
Data:  24:0A:C4:23:D9:B0 ('Header', '48') ('MAC', 'B8:63:4D:A2:0E:13') ('RSSI', -57) ('Channel', 4)
Data:  24:0A:C4:23:C1:EC ('Header', '48') ('MAC', 'B8:63:4D:A2:0E:13') ('RSSI', -56) ('Channel', 4)
Data:  3C:71:BF:99:F9:E0 ('Header', '48') ('MAC', 'B8:63:4D:A2:0E:13') ('RSSI', -60) ('Channel', 4)
Data:  24:0A:C4:23:C1:EC ('Header', '48') ('MAC', 'B8:63:4D:A2:0E:13') ('RSSI', -55) ('Channel', 4)
Data:  24:0A:C4:23:D9:B0 ('Header', '48') ('MAC', 'B8:63:4D:A2:0E:13') ('RSSI', -56) ('Channel', 4)
Data:  3C:71:BF:99:F9:E0 ('Header', '48') ('MAC', 'B8:63:4D:A2:0E:13') ('RSSI', -60) ('Channel', 4)
Data:  24:0A:C4:23:D9:B0 ('Header', '48') ('MAC', 'B8:63:4D:A2:0E:13') ('RSSI', -56) ('Channel', 4)
Data:  24:0A:C4:23:C1:EC ('Header', '48') ('MAC', 'B8:63:4D:A2:0E:13') ('RSSI', -55) ('Channel', 4)
Data:  3C:71:BF:99:F9:E0 ('Header', '48') ('MAC', 'B8:63:4D:A2:0E:13') ('RSSI', -61) ('Channel', 4)
Data:  24:0A:C4:23:C1:EC ('Header', '48') ('MAC', 'B8:63:4D:A2:0E:13') ('RSSI', -55) ('Channel', 4)
Data:  24:0A:C4:23:D9:B0 ('Header', '48') ('MAC', 'B8:63:4D:A2:0E:13') ('RSSI', -57) ('Channel', 4)
Data:  3C:71:BF:99:F9:E0 ('Header', '48') ('MAC', 'B8:63:4D:A2:0E:13') ('RSSI', -61) ('Channel', 4)
Data:  24:0A:C4:23:C1:EC ('Header', '48') ('MAC', 'B8:63:4D:A2:0E:13') ('RSSI', -55) ('Channel', 4)
Data:  24:0A:C4:23:D9:B0 ('Header', '48') ('MAC', 'B8:63:4D:A2:0E:13') ('RSSI', -58) ('Channel', 4)
Data:  24:0A:C4:23:C1:EC ('Header', '48') ('MAC', 'B8:63:4D:A2:0E:13') ('RSSI', -55) ('Channel', 4)
Data:  3C:71:BF:99:F9:E0 ('Header', '48') ('MAC', 'B8:63:4D:A2:0E:13') ('RSSI', -61) ('Channel', 4)
Data:  24:0A:C4:23:D9:B0 ('Header', '48') ('MAC', 'B8:63:4D:A2:0E:13') ('RSSI', -57) ('Channel', 4)
Data:  24:0A:C4:23:D9:B0 ('Header', '48') ('MAC', 'B8:63:4D:A2:0E:13') ('RSSI', -57) ('Channel', 4)
Data:  3C:71:BF:99:F9:E0 ('Header', '48') ('MAC', 'B8:63:4D:A2:0E:13') ('RSSI', -61) ('Channel', 4)
Data:  24:0A:C4:23:C1:EC ('Header', '48') ('MAC', 'B8:63:4D:A2:0E:13') ('RSSI', -56) ('Channel', 4)
Data:  3C:71:BF:99:F9:E0 ('Header', '48') ('MAC', 'B8:63:4D:A2:0E:13') ('RSSI', -62) ('Channel', 4)
Summary:  24:0A:C4:23:C1:EC 580 {'B8:63:4D:A2:0E:13': -56.0}
Summary:  3C:71:BF:99:F9:E0 1138 {'B8:63:4D:A2:0E:13': -61.0}
Summary:  24:0A:C4:23:D9:B0 420 {'B8:63:4D:A2:0E:13': -56.6}
Data:  24:0A:C4:23:D9:B0 ('Header', '48') ('MAC', 'B8:63:4D:A2:0E:13') ('RSSI', -57) ('Channel', 4)
Data:  24:0A:C4:23:C1:EC ('Header', '48') ('MAC', 'B8:63:4D:A2:0E:13') ('RSSI', -56) ('Channel', 4)
Data:  3C:71:BF:99:F9:E0 ('Header', '48') ('MAC', 'B8:63:4D:A2:0E:13') ('RSSI', -61) ('Channel', 4)
Data:  24:0A:C4:23:C1:EC ('Header', '48') ('MAC', 'B8:63:4D:A2:0E:13') ('RSSI', -56) ('Channel', 4)
Data:  24:0A:C4:23:D9:B0 ('Header', '48') ('MAC', 'B8:63:4D:A2:0E:13') ('RSSI', -57) ('Channel', 4)
Data:  24:0A:C4:23:C1:EC ('Header', '48') ('MAC', 'B8:63:4D:A2:0E:13') ('RSSI', -56) ('Channel', 4)
Data:  24:0A:C4:23:C1:EC ('Header', '48') ('MAC', 'B8:63:4D:A2:0E:13') ('RSSI', -55) ('Channel', 4)
Data:  24:0A:C4:23:D9:B0 ('Header', '48') ('MAC', 'B8:63:4D:A2:0E:13') ('RSSI', -57) ('Channel', 4)
Data:  3C:71:BF:99:F9:E0 ('Header', '48') ('MAC', 'B8:63:4D:A2:0E:13') ('RSSI', -61) ('Channel', 4)
Data:  24:0A:C4:23:C1:EC ('Header', '48') ('MAC', 'B8:63:4D:A2:0E:13') ('RSSI', -54) ('Channel', 4)
Data:  24:0A:C4:23:D9:B0 ('Header', '48') ('MAC', 'B8:63:4D:A2:0E:13') ('RSSI', -57) ('Channel', 4)
Data:  3C:71:BF:99:F9:E0 ('Header', '48') ('MAC', 'B8:63:4D:A2:0E:13') ('RSSI', -61) ('Channel', 4)
Data:  24:0A:C4:23:C1:EC ('Header', '48') ('MAC', 'B8:63:4D:A2:0E:13') ('RSSI', -54) ('Channel', 4)
Data:  24:0A:C4:23:D9:B0 ('Header', '48') ('MAC', 'B8:63:4D:A2:0E:13') ('RSSI', -57) ('Channel', 4)
Data:  3C:71:BF:99:F9:E0 ('Header', '48') ('MAC', 'B8:63:4D:A2:0E:13') ('RSSI', -62) ('Channel', 4)
Data:  24:0A:C4:23:C1:EC ('Header', '48') ('MAC', 'B8:63:4D:A2:0E:13') ('RSSI', -52) ('Channel', 4)
Data:  24:0A:C4:23:D9:B0 ('Header', '48') ('MAC', 'B8:63:4D:A2:0E:13') ('RSSI', -56) ('Channel', 4)
Data:  3C:71:BF:99:F9:E0 ('Header', '48') ('MAC', 'B8:63:4D:A2:0E:13') ('RSSI', -62) ('Channel', 4)
Data:  24:0A:C4:23:D9:B0 ('Header', '48') ('MAC', 'B8:63:4D:A2:0E:13') ('RSSI', -57) ('Channel', 4)
Data:  3C:71:BF:99:F9:E0 ('Header', '48') ('MAC', 'B8:63:4D:A2:0E:13') ('RSSI', -61) ('Channel', 4)
Data:  24:0A:C4:23:D9:B0 ('Header', '48') ('MAC', 'B8:63:4D:A2:0E:13') ('RSSI', -56) ('Channel', 4)
Data:  24:0A:C4:23:D9:B0 ('Header', '48') ('MAC', 'B8:63:4D:A2:0E:13') ('RSSI', -56) ('Channel', 4)
Data:  3C:71:BF:99:F9:E0 ('Header', '48') ('MAC', 'B8:63:4D:A2:0E:13') ('RSSI', -61) ('Channel', 4)
Data:  3C:71:BF:99:F9:E0 ('Header', '48') ('MAC', 'B8:63:4D:A2:0E:13') ('RSSI', -61) ('Channel', 4)
Data:  24:0A:C4:23:C1:EC ('Header', '48') ('MAC', 'B8:63:4D:A2:0E:13') ('RSSI', -53) ('Channel', 4)
Data:  24:0A:C4:23:C1:EC ('Header', '48') ('MAC', 'B8:63:4D:A2:0E:13') ('RSSI', -52) ('Channel', 4)
Data:  3C:71:BF:99:F9:E0 ('Header', '48') ('MAC', 'B8:63:4D:A2:0E:13') ('RSSI', -62) ('Channel', 4)
Data:  24:0A:C4:23:D9:B0 ('Header', '48') ('MAC', 'B8:63:4D:A2:0E:13') ('RSSI', -56) ('Channel', 4)
Data:  24:0A:C4:23:C1:EC ('Header', '48') ('MAC', 'B8:63:4D:A2:0E:13') ('RSSI', -52) ('Channel', 4)
Data:  3C:71:BF:99:F9:E0 ('Header', '48') ('MAC', 'B8:63:4D:A2:0E:13') ('RSSI', -62) ('Channel', 4)
Data:  24:0A:C4:23:C1:EC ('Header', '48') ('MAC', 'B8:63:4D:A2:0E:13') ('RSSI', -53) ('Channel', 4)
Data:  24:0A:C4:23:D9:B0 ('Header', '48') ('MAC', 'B8:63:4D:A2:0E:13') ('RSSI', -56) ('Channel', 4)
Data:  24:0A:C4:23:D9:B0 ('Header', '48') ('MAC', 'B8:63:4D:A2:0E:13') ('RSSI', -56) ('Channel', 4)
Data:  24:0A:C4:23:C1:EC ('Header', '48') ('MAC', 'B8:63:4D:A2:0E:13') ('RSSI', -53) ('Channel', 4)
Data:  3C:71:BF:99:F9:E0 ('Header', '48') ('MAC', 'B8:63:4D:A2:0E:13') ('RSSI', -61) ('Channel', 4)
Data:  3C:71:BF:99:F9:E0 ('Header', '48') ('MAC', 'B8:63:4D:A2:0E:13') ('RSSI', -61) ('Channel', 4)
Data:  24:0A:C4:23:C1:EC ('Header', '48') ('MAC', 'B8:63:4D:A2:0E:13') ('RSSI', -53) ('Channel', 4)
Data:  24:0A:C4:23:D9:B0 ('Header', '48') ('MAC', 'B8:63:4D:A2:0E:13') ('RSSI', -56) ('Channel', 4)
Data:  3C:71:BF:99:F9:E0 ('Header', '48') ('MAC', 'B8:63:4D:A2:0E:13') ('RSSI', -61) ('Channel', 4)
Data:  24:0A:C4:23:D9:B0 ('Header', '48') ('MAC', 'B8:63:4D:A2:0E:13') ('RSSI', -56) ('Channel', 4)
Data:  24:0A:C4:23:C1:EC ('Header', '48') ('MAC', 'B8:63:4D:A2:0E:13') ('RSSI', -54) ('Channel', 4)
Data:  3C:71:BF:99:F9:E0 ('Header', '48') ('MAC', 'B8:63:4D:A2:0E:13') ('RSSI', -61) ('Channel', 4)
Data:  24:0A:C4:23:C1:EC ('Header', '48') ('MAC', 'B8:63:4D:A2:0E:13') ('RSSI', -54) ('Channel', 4)
Data:  24:0A:C4:23:D9:B0 ('Header', '48') ('MAC', 'B8:63:4D:A2:0E:13') ('RSSI', -56) ('Channel', 4)
Data:  3C:71:BF:99:F9:E0 ('Header', '48') ('MAC', 'B8:63:4D:A2:0E:13') ('RSSI', -62) ('Channel', 4)
Data:  24:0A:C4:23:C1:EC ('Header', '48') ('MAC', 'B8:63:4D:A2:0E:13') ('RSSI', -52) ('Channel', 4)
Data:  24:0A:C4:23:D9:B0 ('Header', '48') ('MAC', 'B8:63:4D:A2:0E:13') ('RSSI', -56) ('Channel', 4)
Data:  3C:71:BF:99:F9:E0 ('Header', '48') ('MAC', 'B8:63:4D:A2:0E:13') ('RSSI', -62) ('Channel', 4)
Data:  24:0A:C4:23:D9:B0 ('Header', '48') ('MAC', 'B8:63:4D:A2:0E:13') ('RSSI', -56) ('Channel', 4)
Data:  24:0A:C4:23:C1:EC ('Header', '48') ('MAC', 'B8:63:4D:A2:0E:13') ('RSSI', -52) ('Channel', 4)
Data:  3C:71:BF:99:F9:E0 ('Header', '48') ('MAC', 'B8:63:4D:A2:0E:13') ('RSSI', -62) ('Channel', 4)
Data:  24:0A:C4:23:C1:EC ('Header', '48') ('MAC', 'B8:63:4D:A2:0E:13') ('RSSI', -53) ('Channel', 4)
Data:  24:0A:C4:23:D9:B0 ('Header', '48') ('MAC', 'B8:63:4D:A2:0E:13') ('RSSI', -57) ('Channel', 4)
Data:  24:0A:C4:23:D9:B0 ('Header', '48') ('MAC', 'B8:63:4D:A2:0E:13') ('RSSI', -57) ('Channel', 4)
Data:  3C:71:BF:99:F9:E0 ('Header', '48') ('MAC', 'B8:63:4D:A2:0E:13') ('RSSI', -61) ('Channel', 4)
Data:  24:0A:C4:23:C1:EC ('Header', '48') ('MAC', 'B8:63:4D:A2:0E:13') ('RSSI', -53) ('Channel', 4)
Data:  24:0A:C4:23:D9:B0 ('Header', '48') ('MAC', 'B8:63:4D:A2:0E:13') ('RSSI', -56) ('Channel', 4)
Data:  3C:71:BF:99:F9:E0 ('Header', '48') ('MAC', 'B8:63:4D:A2:0E:13') ('RSSI', -61) ('Channel', 4)
Data:  24:0A:C4:23:C1:EC ('Header', '48') ('MAC', 'B8:63:4D:A2:0E:13') ('RSSI', -52) ('Channel', 4)
Data:  24:0A:C4:23:C1:EC ('Header', '48') ('MAC', 'B8:63:4D:A2:0E:13') ('RSSI', -53) ('Channel', 4)
Data:  24:0A:C4:23:D9:B0 ('Header', '48') ('MAC', 'B8:63:4D:A2:0E:13') ('RSSI', -56) ('Channel', 4)
Data:  3C:71:BF:99:F9:E0 ('Header', '48') ('MAC', 'B8:63:4D:A2:0E:13') ('RSSI', -61) ('Channel', 4)
Data:  24:0A:C4:23:D9:B0 ('Header', '48') ('MAC', 'B8:63:4D:A2:0E:13') ('RSSI', -56) ('Channel', 4)
Data:  3C:71:BF:99:F9:E0 ('Header', '48') ('MAC', 'B8:63:4D:A2:0E:13') ('RSSI', -60) ('Channel', 4)
Data:  24:0A:C4:23:C1:EC ('Header', '48') ('MAC', 'B8:63:4D:A2:0E:13') ('RSSI', -53) ('Channel', 4)
Data:  3C:71:BF:99:F9:E0 ('Header', '48') ('MAC', 'B8:63:4D:A2:0E:13') ('RSSI', -61) ('Channel', 4)
Data:  24:0A:C4:23:C1:EC ('Header', '48') ('MAC', 'B8:63:4D:A2:0E:13') ('RSSI', -53) ('Channel', 4)
Data:  24:0A:C4:23:D9:B0 ('Header', '48') ('MAC', 'B8:63:4D:A2:0E:13') ('RSSI', -57) ('Channel', 4)
Data:  24:0A:C4:23:D9:B0 ('Header', '48') ('MAC', 'B8:63:4D:A2:0E:13') ('RSSI', -56) ('Channel', 4)
Data:  3C:71:BF:99:F9:E0 ('Header', '48') ('MAC', 'B8:63:4D:A2:0E:13') ('RSSI', -62) ('Channel', 4)
Data:  24:0A:C4:23:C1:EC ('Header', '48') ('MAC', 'B8:63:4D:A2:0E:13') ('RSSI', -54) ('Channel', 4)
Data:  3C:71:BF:99:F9:E0 ('Header', '48') ('MAC', 'B8:63:4D:A2:0E:13') ('RSSI', -60) ('Channel', 4)
Data:  24:0A:C4:23:D9:B0 ('Header', '48') ('MAC', 'B8:63:4D:A2:0E:13') ('RSSI', -55) ('Channel', 4)
Data:  24:0A:C4:23:C1:EC ('Header', '48') ('MAC', 'B8:63:4D:A2:0E:13') ('RSSI', -53) ('Channel', 4)
Data:  24:0A:C4:23:C1:EC ('Header', '48') ('MAC', 'B8:63:4D:A2:0E:13') ('RSSI', -53) ('Channel', 4)
Data:  24:0A:C4:23:D9:B0 ('Header', '48') ('MAC', 'B8:63:4D:A2:0E:13') ('RSSI', -56) ('Channel', 4)
Data:  3C:71:BF:99:F9:E0 ('Header', '48') ('MAC', 'B8:63:4D:A2:0E:13') ('RSSI', -61) ('Channel', 4)
Data:  24:0A:C4:23:C1:EC ('Header', '48') ('MAC', 'B8:63:4D:A2:0E:13') ('RSSI', -55) ('Channel', 4)
Data:  24:0A:C4:23:D9:B0 ('Header', '48') ('MAC', 'B8:63:4D:A2:0E:13') ('RSSI', -56) ('Channel', 4)
Data:  3C:71:BF:99:F9:E0 ('Header', '48') ('MAC', 'B8:63:4D:A2:0E:13') ('RSSI', -62) ('Channel', 4)
Data:  24:0A:C4:23:C1:EC ('Header', '48') ('MAC', 'B8:63:4D:A2:0E:13') ('RSSI', -54) ('Channel', 4)
Data:  24:0A:C4:23:D9:B0 ('Header', '48') ('MAC', 'B8:63:4D:A2:0E:13') ('RSSI', -55) ('Channel', 4)
Data:  3C:71:BF:99:F9:E0 ('Header', '48') ('MAC', 'B8:63:4D:A2:0E:13') ('RSSI', -60) ('Channel', 4)
Data:  24:0A:C4:23:D9:B0 ('Header', '48') ('MAC', 'B8:63:4D:A2:0E:13') ('RSSI', -55) ('Channel', 4)
Data:  3C:71:BF:99:F9:E0 ('Header', '48') ('MAC', 'B8:63:4D:A2:0E:13') ('RSSI', -60) ('Channel', 4)
Data:  24:0A:C4:23:C1:EC ('Header', '48') ('MAC', 'B8:63:4D:A2:0E:13') ('RSSI', -53) ('Channel', 4)
Data:  3C:71:BF:99:F9:E0 ('Header', '48') ('MAC', 'B8:63:4D:A2:0E:13') ('RSSI', -60) ('Channel', 4)
Data:  24:0A:C4:23:D9:B0 ('Header', '48') ('MAC', 'B8:63:4D:A2:0E:13') ('RSSI', -55) ('Channel', 4)
Data:  24:0A:C4:23:C1:EC ('Header', '48') ('MAC', 'B8:63:4D:A2:0E:13') ('RSSI', -53) ('Channel', 4)
Data:  24:0A:C4:23:D9:B0 ('Header', '48') ('MAC', 'B8:63:4D:A2:0E:13') ('RSSI', -58) ('Channel', 4)
Data:  24:0A:C4:23:C1:EC ('Header', '48') ('MAC', 'B8:63:4D:A2:0E:13') ('RSSI', -54) ('Channel', 4)
Data:  3C:71:BF:99:F9:E0 ('Header', '48') ('MAC', 'B8:63:4D:A2:0E:13') ('RSSI', -62) ('Channel', 4)
Data:  24:0A:C4:23:C1:EC ('Header', '48') ('MAC', 'B8:63:4D:A2:0E:13') ('RSSI', -54) ('Channel', 4)
Data:  24:0A:C4:23:D9:B0 ('Header', '48') ('MAC', 'B8:63:4D:A2:0E:13') ('RSSI', -56) ('Channel', 4)
Data:  3C:71:BF:99:F9:E0 ('Header', '48') ('MAC', 'B8:63:4D:A2:0E:13') ('RSSI', -61) ('Channel', 4)
Data:  3C:71:BF:99:F9:E0 ('Header', '48') ('MAC', 'B8:63:4D:A2:0E:13') ('RSSI', -60) ('Channel', 4)
Data:  24:0A:C4:23:C1:EC ('Header', '48') ('MAC', 'B8:63:4D:A2:0E:13') ('RSSI', -53) ('Channel', 4)
Data:  24:0A:C4:23:D9:B0 ('Header', '48') ('MAC', 'B8:63:4D:A2:0E:13') ('RSSI', -55) ('Channel', 4)
Data:  24:0A:C4:23:D9:B0 ('Header', '48') ('MAC', 'B8:63:4D:A2:0E:13') ('RSSI', -56) ('Channel', 4)
Data:  24:0A:C4:23:C1:EC ('Header', '48') ('MAC', 'B8:63:4D:A2:0E:13') ('RSSI', -54) ('Channel', 4)
Data:  3C:71:BF:99:F9:E0 ('Header', '48') ('MAC', 'B8:63:4D:A2:0E:13') ('RSSI', -61) ('Channel', 4)
Data:  3C:71:BF:99:F9:E0 ('Header', '48') ('MAC', 'B8:63:4D:A2:0E:13') ('RSSI', -61) ('Channel', 4)
Data:  24:0A:C4:23:C1:EC ('Header', '48') ('MAC', 'B8:63:4D:A2:0E:13') ('RSSI', -55) ('Channel', 4)
Data:  24:0A:C4:23:D9:B0 ('Header', '48') ('MAC', 'B8:63:4D:A2:0E:13') ('RSSI', -56) ('Channel', 4)
Data:  24:0A:C4:23:C1:EC ('Header', '48') ('MAC', 'B8:63:4D:A2:0E:13') ('RSSI', -54) ('Channel', 4)
Data:  24:0A:C4:23:D9:B0 ('Header', '48') ('MAC', 'B8:63:4D:A2:0E:13') ('RSSI', -55) ('Channel', 4)
Data:  3C:71:BF:99:F9:E0 ('Header', '48') ('MAC', 'B8:63:4D:A2:0E:13') ('RSSI', -60) ('Channel', 4)
Data:  3C:71:BF:99:F9:E0 ('Header', '48') ('MAC', 'B8:63:4D:A2:0E:13') ('RSSI', -61) ('Channel', 4)
Data:  24:0A:C4:23:D9:B0 ('Header', '48') ('MAC', 'B8:63:4D:A2:0E:13') ('RSSI', -56) ('Channel', 4)
Data:  24:0A:C4:23:C1:EC ('Header', '48') ('MAC', 'B8:63:4D:A2:0E:13') ('RSSI', -54) ('Channel', 4)
Data:  24:0A:C4:23:C1:EC ('Header', '48') ('MAC', 'B8:63:4D:A2:0E:13') ('RSSI', -54) ('Channel', 4)
Data:  24:0A:C4:23:D9:B0 ('Header', '48') ('MAC', 'B8:63:4D:A2:0E:13') ('RSSI', -56) ('Channel', 4)
Data:  3C:71:BF:99:F9:E0 ('Header', '48') ('MAC', 'B8:63:4D:A2:0E:13') ('RSSI', -60) ('Channel', 4)
Data:  3C:71:BF:99:F9:E0 ('Header', '48') ('MAC', 'B8:63:4D:A2:0E:13') ('RSSI', -62) ('Channel', 4)
Data:  24:0A:C4:23:C1:EC ('Header', '48') ('MAC', 'B8:63:4D:A2:0E:13') ('RSSI', -55) ('Channel', 4)
Data:  24:0A:C4:23:D9:B0 ('Header', '48') ('MAC', 'B8:63:4D:A2:0E:13') ('RSSI', -57) ('Channel', 4)
Data:  24:0A:C4:23:D9:B0 ('Header', '48') ('MAC', 'B8:63:4D:A2:0E:13') ('RSSI', -56) ('Channel', 4)
Summary:  24:0A:C4:23:C1:EC 580 {'B8:63:4D:A2:0E:13': -53.6}
Summary:  3C:71:BF:99:F9:E0 1138 {'B8:63:4D:A2:0E:13': -61.1}
Summary:  24:0A:C4:23:D9:B0 420 {'B8:63:4D:A2:0E:13': -56.1}
Data:  3C:71:BF:99:F9:E0 ('Header', '48') ('MAC', 'B8:63:4D:A2:0E:13') ('RSSI', -60) ('Channel', 4)
Data:  24:0A:C4:23:C1:EC ('Header', '48') ('MAC', 'B8:63:4D:A2:0E:13') ('RSSI', -53) ('Channel', 4)
Data:  24:0A:C4:23:D9:B0 ('Header', '48') ('MAC', 'B8:63:4D:A2:0E:13') ('RSSI', -56) ('Channel', 4)
Data:  3C:71:BF:99:F9:E0 ('Header', '48') ('MAC', 'B8:63:4D:A2:0E:13') ('RSSI', -60) ('Channel', 4)
Data:  24:0A:C4:23:C1:EC ('Header', '48') ('MAC', 'B8:63:4D:A2:0E:13') ('RSSI', -54) ('Channel', 4)
Data:  3C:71:BF:99:F9:E0 ('Header', '48') ('MAC', 'B8:63:4D:A2:0E:13') ('RSSI', -60) ('Channel', 4)
Data:  24:0A:C4:23:D9:B0 ('Header', '48') ('MAC', 'B8:63:4D:A2:0E:13') ('RSSI', -56) ('Channel', 4)
Data:  24:0A:C4:23:C1:EC ('Header', '48') ('MAC', 'B8:63:4D:A2:0E:13') ('RSSI', -54) ('Channel', 4)
Data:  24:0A:C4:23:C1:EC ('Header', '48') ('MAC', 'B8:63:4D:A2:0E:13') ('RSSI', -54) ('Channel', 4)
Data:  3C:71:BF:99:F9:E0 ('Header', '48') ('MAC', 'B8:63:4D:A2:0E:13') ('RSSI', -61) ('Channel', 4)
Data:  24:0A:C4:23:D9:B0 ('Header', '48') ('MAC', 'B8:63:4D:A2:0E:13') ('RSSI', -55) ('Channel', 4)
Data:  24:0A:C4:23:D9:B0 ('Header', '48') ('MAC', 'B8:63:4D:A2:0E:13') ('RSSI', -55) ('Channel', 4)
Data:  3C:71:BF:99:F9:E0 ('Header', '48') ('MAC', 'B8:63:4D:A2:0E:13') ('RSSI', -61) ('Channel', 4)
Data:  24:0A:C4:23:D9:B0 ('Header', '48') ('MAC', 'B8:63:4D:A2:0E:13') ('RSSI', -54) ('Channel', 4)
Data:  3C:71:BF:99:F9:E0 ('Header', '48') ('MAC', 'B8:63:4D:A2:0E:13') ('RSSI', -60) ('Channel', 4)
Data:  24:0A:C4:23:D9:B0 ('Header', '48') ('MAC', 'B8:63:4D:A2:0E:13') ('RSSI', -56) ('Channel', 4)
Data:  3C:71:BF:99:F9:E0 ('Header', '48') ('MAC', 'B8:63:4D:A2:0E:13') ('RSSI', -60) ('Channel', 4)
Data:  24:0A:C4:23:C1:EC ('Header', '48') ('MAC', 'B8:63:4D:A2:0E:13') ('RSSI', -55) ('Channel', 4)
Data:  24:0A:C4:23:C1:EC ('Header', '48') ('MAC', 'B8:63:4D:A2:0E:13') ('RSSI', -53) ('Channel', 4)
Data:  24:0A:C4:23:C1:EC ('Header', '48') ('MAC', 'B8:63:4D:A2:0E:13') ('RSSI', -52) ('Channel', 4)
Data:  24:0A:C4:23:C1:EC ('Header', '48') ('MAC', 'B8:63:4D:A2:0E:13') ('RSSI', -54) ('Channel', 4)
Data:  24:0A:C4:23:D9:B0 ('Header', '48') ('MAC', 'B8:63:4D:A2:0E:13') ('RSSI', -56) ('Channel', 4)
Data:  3C:71:BF:99:F9:E0 ('Header', '48') ('MAC', 'B8:63:4D:A2:0E:13') ('RSSI', -60) ('Channel', 4)
Data:  3C:71:BF:99:F9:E0 ('Header', '48') ('MAC', 'B8:63:4D:A2:0E:13') ('RSSI', -61) ('Channel', 4)
Data:  24:0A:C4:23:D9:B0 ('Header', '48') ('MAC', 'B8:63:4D:A2:0E:13') ('RSSI', -56) ('Channel', 4)
Data:  24:0A:C4:23:C1:EC ('Header', '48') ('MAC', 'B8:63:4D:A2:0E:13') ('RSSI', -54) ('Channel', 4)
Data:  3C:71:BF:99:F9:E0 ('Header', '48') ('MAC', 'B8:63:4D:A2:0E:13') ('RSSI', -62) ('Channel', 4)
Data:  24:0A:C4:23:C1:EC ('Header', '48') ('MAC', 'B8:63:4D:A2:0E:13') ('RSSI', -53) ('Channel', 4)
Data:  24:0A:C4:23:D9:B0 ('Header', '48') ('MAC', 'B8:63:4D:A2:0E:13') ('RSSI', -57) ('Channel', 4)
Data:  24:0A:C4:23:D9:B0 ('Header', '48') ('MAC', 'B8:63:4D:A2:0E:13') ('RSSI', -57) ('Channel', 4)
Data:  3C:71:BF:99:F9:E0 ('Header', '48') ('MAC', 'B8:63:4D:A2:0E:13') ('RSSI', -62) ('Channel', 4)
Data:  24:0A:C4:23:C1:EC ('Header', '48') ('MAC', 'B8:63:4D:A2:0E:13') ('RSSI', -53) ('Channel', 4)
Data:  3C:71:BF:99:F9:E0 ('Header', '48') ('MAC', 'B8:63:4D:A2:0E:13') ('RSSI', -61) ('Channel', 4)
Data:  24:0A:C4:23:C1:EC ('Header', '48') ('MAC', 'B8:63:4D:A2:0E:13') ('RSSI', -53) ('Channel', 4)
Data:  24:0A:C4:23:D9:B0 ('Header', '48') ('MAC', 'B8:63:4D:A2:0E:13') ('RSSI', -56) ('Channel', 4)
Data:  3C:71:BF:99:F9:E0 ('Header', '48') ('MAC', 'B8:63:4D:A2:0E:13') ('RSSI', -61) ('Channel', 4)
Data:  24:0A:C4:23:D9:B0 ('Header', '48') ('MAC', 'B8:63:4D:A2:0E:13') ('RSSI', -56) ('Channel', 4)
Data:  24:0A:C4:23:C1:EC ('Header', '48') ('MAC', 'B8:63:4D:A2:0E:13') ('RSSI', -53) ('Channel', 4)
Data:  3C:71:BF:99:F9:E0 ('Header', '48') ('MAC', 'B8:63:4D:A2:0E:13') ('RSSI', -61) ('Channel', 4)
Data:  24:0A:C4:23:D9:B0 ('Header', '48') ('MAC', 'B8:63:4D:A2:0E:13') ('RSSI', -57) ('Channel', 4)
Data:  24:0A:C4:23:C1:EC ('Header', '48') ('MAC', 'B8:63:4D:A2:0E:13') ('RSSI', -53) ('Channel', 4)
Data:  3C:71:BF:99:F9:E0 ('Header', '48') ('MAC', 'B8:63:4D:A2:0E:13') ('RSSI', -62) ('Channel', 4)
Data:  24:0A:C4:23:D9:B0 ('Header', '48') ('MAC', 'B8:63:4D:A2:0E:13') ('RSSI', -58) ('Channel', 4)
Data:  24:0A:C4:23:C1:EC ('Header', '48') ('MAC', 'B8:63:4D:A2:0E:13') ('RSSI', -54) ('Channel', 4)
Data:  3C:71:BF:99:F9:E0 ('Header', '48') ('MAC', 'B8:63:4D:A2:0E:13') ('RSSI', -62) ('Channel', 4)
Data:  24:0A:C4:23:C1:EC ('Header', '48') ('MAC', 'B8:63:4D:A2:0E:13') ('RSSI', -53) ('Channel', 4)
Data:  24:0A:C4:23:D9:B0 ('Header', '48') ('MAC', 'B8:63:4D:A2:0E:13') ('RSSI', -56) ('Channel', 4)
Data:  3C:71:BF:99:F9:E0 ('Header', '48') ('MAC', 'B8:63:4D:A2:0E:13') ('RSSI', -62) ('Channel', 4)
Data:  24:0A:C4:23:D9:B0 ('Header', '48') ('MAC', 'B8:63:4D:A2:0E:13') ('RSSI', -56) ('Channel', 4)
Data:  24:0A:C4:23:C1:EC ('Header', '48') ('MAC', 'B8:63:4D:A2:0E:13') ('RSSI', -53) ('Channel', 4)
Data:  3C:71:BF:99:F9:E0 ('Header', '48') ('MAC', 'B8:63:4D:A2:0E:13') ('RSSI', -62) ('Channel', 4)
Data:  24:0A:C4:23:D9:B0 ('Header', '48') ('MAC', 'B8:63:4D:A2:0E:13') ('RSSI', -56) ('Channel', 4)
Data:  24:0A:C4:23:C1:EC ('Header', '48') ('MAC', 'B8:63:4D:A2:0E:13') ('RSSI', -53) ('Channel', 4)
Data:  3C:71:BF:99:F9:E0 ('Header', '48') ('MAC', 'B8:63:4D:A2:0E:13') ('RSSI', -62) ('Channel', 4)
Data:  24:0A:C4:23:D9:B0 ('Header', '48') ('MAC', 'B8:63:4D:A2:0E:13') ('RSSI', -56) ('Channel', 4)
Data:  24:0A:C4:23:C1:EC ('Header', '48') ('MAC', 'B8:63:4D:A2:0E:13') ('RSSI', -53) ('Channel', 4)
Data:  24:0A:C4:23:C1:EC ('Header', '48') ('MAC', 'B8:63:4D:A2:0E:13') ('RSSI', -52) ('Channel', 4)
Data:  3C:71:BF:99:F9:E0 ('Header', '48') ('MAC', 'B8:63:4D:A2:0E:13') ('RSSI', -61) ('Channel', 4)
Data:  24:0A:C4:23:D9:B0 ('Header', '48') ('MAC', 'B8:63:4D:A2:0E:13') ('RSSI', -57) ('Channel', 4)
Data:  24:0A:C4:23:D9:B0 ('Header', '48') ('MAC', 'B8:63:4D:A2:0E:13') ('RSSI', -57) ('Channel', 4)
Data:  3C:71:BF:99:F9:E0 ('Header', '48') ('MAC', 'B8:63:4D:A2:0E:13') ('RSSI', -62) ('Channel', 4)
Data:  24:0A:C4:23:C1:EC ('Header', '48') ('MAC', 'B8:63:4D:A2:0E:13') ('RSSI', -53) ('Channel', 4)
Data:  24:0A:C4:23:D9:B0 ('Header', '48') ('MAC', 'B8:63:4D:A2:0E:13') ('RSSI', -57) ('Channel', 4)
Data:  24:0A:C4:23:C1:EC ('Header', '48') ('MAC', 'B8:63:4D:A2:0E:13') ('RSSI', -52) ('Channel', 4)
Data:  3C:71:BF:99:F9:E0 ('Header', '48') ('MAC', 'B8:63:4D:A2:0E:13') ('RSSI', -61) ('Channel', 4)
Data:  3C:71:BF:99:F9:E0 ('Header', '48') ('MAC', 'B8:63:4D:A2:0E:13') ('RSSI', -62) ('Channel', 4)
Data:  24:0A:C4:23:C1:EC ('Header', '48') ('MAC', 'B8:63:4D:A2:0E:13') ('RSSI', -52) ('Channel', 4)
Data:  24:0A:C4:23:D9:B0 ('Header', '48') ('MAC', 'B8:63:4D:A2:0E:13') ('RSSI', -56) ('Channel', 4)
Data:  24:0A:C4:23:D9:B0 ('Header', '48') ('MAC', 'B8:63:4D:A2:0E:13') ('RSSI', -56) ('Channel', 4)
Data:  3C:71:BF:99:F9:E0 ('Header', '48') ('MAC', 'B8:63:4D:A2:0E:13') ('RSSI', -61) ('Channel', 4)
Data:  24:0A:C4:23:C1:EC ('Header', '48') ('MAC', 'B8:63:4D:A2:0E:13') ('RSSI', -52) ('Channel', 4)
Data:  3C:71:BF:99:F9:E0 ('Header', '48') ('MAC', 'B8:63:4D:A2:0E:13') ('RSSI', -61) ('Channel', 4)
Data:  24:0A:C4:23:D9:B0 ('Header', '48') ('MAC', 'B8:63:4D:A2:0E:13') ('RSSI', -57) ('Channel', 4)
Data:  24:0A:C4:23:C1:EC ('Header', '48') ('MAC', 'B8:63:4D:A2:0E:13') ('RSSI', -52) ('Channel', 4)
Data:  3C:71:BF:99:F9:E0 ('Header', '48') ('MAC', 'B8:63:4D:A2:0E:13') ('RSSI', -61) ('Channel', 4)
Data:  24:0A:C4:23:C1:EC ('Header', '48') ('MAC', 'B8:63:4D:A2:0E:13') ('RSSI', -52) ('Channel', 4)
Data:  24:0A:C4:23:D9:B0 ('Header', '48') ('MAC', 'B8:63:4D:A2:0E:13') ('RSSI', -56) ('Channel', 4)
Data:  3C:71:BF:99:F9:E0 ('Header', '48') ('MAC', 'B8:63:4D:A2:0E:13') ('RSSI', -62) ('Channel', 4)
Data:  24:0A:C4:23:D9:B0 ('Header', '48') ('MAC', 'B8:63:4D:A2:0E:13') ('RSSI', -56) ('Channel', 4)
Data:  24:0A:C4:23:C1:EC ('Header', '48') ('MAC', 'B8:63:4D:A2:0E:13') ('RSSI', -53) ('Channel', 4)
Data:  3C:71:BF:99:F9:E0 ('Header', '48') ('MAC', 'B8:63:4D:A2:0E:13') ('RSSI', -62) ('Channel', 4)
Data:  24:0A:C4:23:D9:B0 ('Header', '48') ('MAC', 'B8:63:4D:A2:0E:13') ('RSSI', -56) ('Channel', 4)
Data:  24:0A:C4:23:C1:EC ('Header', '48') ('MAC', 'B8:63:4D:A2:0E:13') ('RSSI', -53) ('Channel', 4)
Data:  3C:71:BF:99:F9:E0 ('Header', '48') ('MAC', 'B8:63:4D:A2:0E:13') ('RSSI', -61) ('Channel', 4)
Data:  24:0A:C4:23:C1:EC ('Header', '48') ('MAC', 'B8:63:4D:A2:0E:13') ('RSSI', -54) ('Channel', 4)
Data:  24:0A:C4:23:D9:B0 ('Header', '48') ('MAC', 'B8:63:4D:A2:0E:13') ('RSSI', -56) ('Channel', 4)
Data:  24:0A:C4:23:C1:EC ('Header', '48') ('MAC', 'B8:63:4D:A2:0E:13') ('RSSI', -53) ('Channel', 4)
Data:  3C:71:BF:99:F9:E0 ('Header', '48') ('MAC', 'B8:63:4D:A2:0E:13') ('RSSI', -63) ('Channel', 4)
Data:  3C:71:BF:99:F9:E0 ('Header', '48') ('MAC', 'B8:63:4D:A2:0E:13') ('RSSI', -62) ('Channel', 4)
Data:  24:0A:C4:23:C1:EC ('Header', '48') ('MAC', 'B8:63:4D:A2:0E:13') ('RSSI', -53) ('Channel', 4)
Data:  24:0A:C4:23:D9:B0 ('Header', '48') ('MAC', 'B8:63:4D:A2:0E:13') ('RSSI', -56) ('Channel', 4)
Data:  24:0A:C4:23:C1:EC ('Header', '48') ('MAC', 'B8:63:4D:A2:0E:13') ('RSSI', -53) ('Channel', 4)
Data:  3C:71:BF:99:F9:E0 ('Header', '48') ('MAC', 'B8:63:4D:A2:0E:13') ('RSSI', -62) ('Channel', 4)
Data:  24:0A:C4:23:D9:B0 ('Header', '48') ('MAC', 'B8:63:4D:A2:0E:13') ('RSSI', -56) ('Channel', 4)
Data:  3C:71:BF:99:F9:E0 ('Header', '48') ('MAC', 'B8:63:4D:A2:0E:13') ('RSSI', -61) ('Channel', 4)
Summary:  24:0A:C4:23:C1:EC 580 {'B8:63:4D:A2:0E:13': -53.1}
Summary:  3C:71:BF:99:F9:E0 1138 {'B8:63:4D:A2:0E:13': -61.3}
Summary:  24:0A:C4:23:D9:B0 420 {'B8:63:4D:A2:0E:13': -56.2}
Data:  24:0A:C4:23:D9:B0 ('Header', '48') ('MAC', 'B8:63:4D:A2:0E:13') ('RSSI', -56) ('Channel', 4)
Data:  24:0A:C4:23:C1:EC ('Header', '48') ('MAC', 'B8:63:4D:A2:0E:13') ('RSSI', -53) ('Channel', 4)
Data:  24:0A:C4:23:C1:EC ('Header', '48') ('MAC', 'B8:63:4D:A2:0E:13') ('RSSI', -53) ('Channel', 4)
Data:  24:0A:C4:23:D9:B0 ('Header', '48') ('MAC', 'B8:63:4D:A2:0E:13') ('RSSI', -57) ('Channel', 4)
Data:  3C:71:BF:99:F9:E0 ('Header', '48') ('MAC', 'B8:63:4D:A2:0E:13') ('RSSI', -61) ('Channel', 4)
Data:  24:0A:C4:23:D9:B0 ('Header', '48') ('MAC', 'B8:63:4D:A2:0E:13') ('RSSI', -56) ('Channel', 4)
Data:  3C:71:BF:99:F9:E0 ('Header', '48') ('MAC', 'B8:63:4D:A2:0E:13') ('RSSI', -62) ('Channel', 4)
Data:  24:0A:C4:23:C1:EC ('Header', '48') ('MAC', 'B8:63:4D:A2:0E:13') ('RSSI', -51) ('Channel', 4)
Data:  24:0A:C4:23:D9:B0 ('Header', '48') ('MAC', 'B8:63:4D:A2:0E:13') ('RSSI', -56) ('Channel', 4)
Data:  24:0A:C4:23:C1:EC ('Header', '48') ('MAC', 'B8:63:4D:A2:0E:13') ('RSSI', -51) ('Channel', 4)
Data:  3C:71:BF:99:F9:E0 ('Header', '48') ('MAC', 'B8:63:4D:A2:0E:13') ('RSSI', -62) ('Channel', 4)
Data:  3C:71:BF:99:F9:E0 ('Header', '48') ('MAC', 'B8:63:4D:A2:0E:13') ('RSSI', -63) ('Channel', 4)
Data:  24:0A:C4:23:D9:B0 ('Header', '48') ('MAC', 'B8:63:4D:A2:0E:13') ('RSSI', -55) ('Channel', 4)
Data:  24:0A:C4:23:C1:EC ('Header', '48') ('MAC', 'B8:63:4D:A2:0E:13') ('RSSI', -53) ('Channel', 4)
Data:  3C:71:BF:99:F9:E0 ('Header', '48') ('MAC', 'B8:63:4D:A2:0E:13') ('RSSI', -62) ('Channel', 4)
Data:  24:0A:C4:23:C1:EC ('Header', '48') ('MAC', 'B8:63:4D:A2:0E:13') ('RSSI', -52) ('Channel', 4)
Data:  24:0A:C4:23:D9:B0 ('Header', '48') ('MAC', 'B8:63:4D:A2:0E:13') ('RSSI', -55) ('Channel', 4)
Data:  3C:71:BF:99:F9:E0 ('Header', '48') ('MAC', 'B8:63:4D:A2:0E:13') ('RSSI', -61) ('Channel', 4)
Data:  24:0A:C4:23:D9:B0 ('Header', '48') ('MAC', 'B8:63:4D:A2:0E:13') ('RSSI', -55) ('Channel', 4)
Data:  24:0A:C4:23:C1:EC ('Header', '48') ('MAC', 'B8:63:4D:A2:0E:13') ('RSSI', -51) ('Channel', 4)
Data:  24:0A:C4:23:C1:EC ('Header', '48') ('MAC', 'B8:63:4D:A2:0E:13') ('RSSI', -51) ('Channel', 4)
Data:  24:0A:C4:23:D9:B0 ('Header', '48') ('MAC', 'B8:63:4D:A2:0E:13') ('RSSI', -56) ('Channel', 4)
Data:  3C:71:BF:99:F9:E0 ('Header', '48') ('MAC', 'B8:63:4D:A2:0E:13') ('RSSI', -61) ('Channel', 4)
Data:  3C:71:BF:99:F9:E0 ('Header', '48') ('MAC', 'B8:63:4D:A2:0E:13') ('RSSI', -62) ('Channel', 4)
Data:  24:0A:C4:23:C1:EC ('Header', '48') ('MAC', 'B8:63:4D:A2:0E:13') ('RSSI', -52) ('Channel', 4)
Data:  24:0A:C4:23:D9:B0 ('Header', '48') ('MAC', 'B8:63:4D:A2:0E:13') ('RSSI', -56) ('Channel', 4)
Data:  3C:71:BF:99:F9:E0 ('Header', '48') ('MAC', 'B8:63:4D:A2:0E:13') ('RSSI', -63) ('Channel', 4)
Data:  24:0A:C4:23:C1:EC ('Header', '48') ('MAC', 'B8:63:4D:A2:0E:13') ('RSSI', -52) ('Channel', 4)
Data:  24:0A:C4:23:D9:B0 ('Header', '48') ('MAC', 'B8:63:4D:A2:0E:13') ('RSSI', -56) ('Channel', 4)
Data:  3C:71:BF:99:F9:E0 ('Header', '48') ('MAC', 'B8:63:4D:A2:0E:13') ('RSSI', -63) ('Channel', 4)
Data:  24:0A:C4:23:C1:EC ('Header', '48') ('MAC', 'B8:63:4D:A2:0E:13') ('RSSI', -52) ('Channel', 4)
Data:  24:0A:C4:23:D9:B0 ('Header', '48') ('MAC', 'B8:63:4D:A2:0E:13') ('RSSI', -55) ('Channel', 4)
Data:  3C:71:BF:99:F9:E0 ('Header', '48') ('MAC', 'B8:63:4D:A2:0E:13') ('RSSI', -63) ('Channel', 4)
Data:  24:0A:C4:23:D9:B0 ('Header', '48') ('MAC', 'B8:63:4D:A2:0E:13') ('RSSI', -55) ('Channel', 4)
Data:  24:0A:C4:23:C1:EC ('Header', '48') ('MAC', 'B8:63:4D:A2:0E:13') ('RSSI', -52) ('Channel', 4)
Data:  3C:71:BF:99:F9:E0 ('Header', '48') ('MAC', 'B8:63:4D:A2:0E:13') ('RSSI', -62) ('Channel', 4)
Data:  24:0A:C4:23:C1:EC ('Header', '48') ('MAC', 'B8:63:4D:A2:0E:13') ('RSSI', -51) ('Channel', 4)
Data:  24:0A:C4:23:D9:B0 ('Header', '48') ('MAC', 'B8:63:4D:A2:0E:13') ('RSSI', -56) ('Channel', 4)
Data:  3C:71:BF:99:F9:E0 ('Header', '48') ('MAC', 'B8:63:4D:A2:0E:13') ('RSSI', -63) ('Channel', 4)
Data:  24:0A:C4:23:D9:B0 ('Header', '48') ('MAC', 'B8:63:4D:A2:0E:13') ('RSSI', -55) ('Channel', 4)
Data:  24:0A:C4:23:C1:EC ('Header', '48') ('MAC', 'B8:63:4D:A2:0E:13') ('RSSI', -51) ('Channel', 4)
Data:  24:0A:C4:23:C1:EC ('Header', '48') ('MAC', 'B8:63:4D:A2:0E:13') ('RSSI', -52) ('Channel', 4)
Data:  24:0A:C4:23:C1:EC ('Header', '48') ('MAC', 'B8:63:4D:A2:0E:13') ('RSSI', -51) ('Channel', 4)
Data:  24:0A:C4:23:C1:EC ('Header', '48') ('MAC', 'B8:63:4D:A2:0E:13') ('RSSI', -53) ('Channel', 4)
Data:  24:0A:C4:23:C1:EC ('Header', '48') ('MAC', 'B8:63:4D:A2:0E:13') ('RSSI', -53) ('Channel', 4)
Data:  24:0A:C4:23:D9:B0 ('Header', '48') ('MAC', 'B8:63:4D:A2:0E:13') ('RSSI', -55) ('Channel', 4)
Data:  3C:71:BF:99:F9:E0 ('Header', '48') ('MAC', 'B8:63:4D:A2:0E:13') ('RSSI', -64) ('Channel', 4)
Data:  24:0A:C4:23:D9:B0 ('Header', '48') ('MAC', 'B8:63:4D:A2:0E:13') ('RSSI', -55) ('Channel', 4)
Data:  3C:71:BF:99:F9:E0 ('Header', '48') ('MAC', 'B8:63:4D:A2:0E:13') ('RSSI', -64) ('Channel', 4)
Data:  24:0A:C4:23:D9:B0 ('Header', '48') ('MAC', 'B8:63:4D:A2:0E:13') ('RSSI', -57) ('Channel', 4)
Data:  3C:71:BF:99:F9:E0 ('Header', '48') ('MAC', 'B8:63:4D:A2:0E:13') ('RSSI', -64) ('Channel', 4)
Data:  24:0A:C4:23:D9:B0 ('Header', '48') ('MAC', 'B8:63:4D:A2:0E:13') ('RSSI', -56) ('Channel', 4)
Data:  3C:71:BF:99:F9:E0 ('Header', '48') ('MAC', 'B8:63:4D:A2:0E:13') ('RSSI', -62) ('Channel', 4)
Data:  24:0A:C4:23:D9:B0 ('Header', '48') ('MAC', 'B8:63:4D:A2:0E:13') ('RSSI', -56) ('Channel', 4)
Data:  24:0A:C4:23:C1:EC ('Header', '48') ('MAC', 'B8:63:4D:A2:0E:13') ('RSSI', -52) ('Channel', 4)
Data:  3C:71:BF:99:F9:E0 ('Header', '48') ('MAC', 'B8:63:4D:A2:0E:13') ('RSSI', -62) ('Channel', 4)
Data:  3C:71:BF:99:F9:E0 ('Header', '48') ('MAC', 'B8:63:4D:A2:0E:13') ('RSSI', -62) ('Channel', 4)
Data:  24:0A:C4:23:C1:EC ('Header', '48') ('MAC', 'B8:63:4D:A2:0E:13') ('RSSI', -54) ('Channel', 4)
Data:  24:0A:C4:23:D9:B0 ('Header', '48') ('MAC', 'B8:63:4D:A2:0E:13') ('RSSI', -56) ('Channel', 4)
Data:  24:0A:C4:23:C1:EC ('Header', '48') ('MAC', 'B8:63:4D:A2:0E:13') ('RSSI', -54) ('Channel', 4)
Data:  3C:71:BF:99:F9:E0 ('Header', '48') ('MAC', 'B8:63:4D:A2:0E:13') ('RSSI', -61) ('Channel', 4)
Data:  24:0A:C4:23:D9:B0 ('Header', '48') ('MAC', 'B8:63:4D:A2:0E:13') ('RSSI', -56) ('Channel', 4)
Data:  3C:71:BF:99:F9:E0 ('Header', '48') ('MAC', 'B8:63:4D:A2:0E:13') ('RSSI', -62) ('Channel', 4)
Data:  24:0A:C4:23:C1:EC ('Header', '48') ('MAC', 'B8:63:4D:A2:0E:13') ('RSSI', -52) ('Channel', 4)
Data:  24:0A:C4:23:D9:B0 ('Header', '48') ('MAC', 'B8:63:4D:A2:0E:13') ('RSSI', -56) ('Channel', 4)
Data:  3C:71:BF:99:F9:E0 ('Header', '48') ('MAC', 'B8:63:4D:A2:0E:13') ('RSSI', -63) ('Channel', 4)
Data:  24:0A:C4:23:D9:B0 ('Header', '48') ('MAC', 'B8:63:4D:A2:0E:13') ('RSSI', -56) ('Channel', 4)
Data:  24:0A:C4:23:C1:EC ('Header', '48') ('MAC', 'B8:63:4D:A2:0E:13') ('RSSI', -52) ('Channel', 4)
Data:  3C:71:BF:99:F9:E0 ('Header', '48') ('MAC', 'B8:63:4D:A2:0E:13') ('RSSI', -62) ('Channel', 4)
Data:  24:0A:C4:23:C1:EC ('Header', '48') ('MAC', 'B8:63:4D:A2:0E:13') ('RSSI', -53) ('Channel', 4)
Data:  24:0A:C4:23:D9:B0 ('Header', '48') ('MAC', 'B8:63:4D:A2:0E:13') ('RSSI', -55) ('Channel', 4)
Data:  24:0A:C4:23:C1:EC ('Header', '48') ('MAC', 'B8:63:4D:A2:0E:13') ('RSSI', -52) ('Channel', 4)
Data:  3C:71:BF:99:F9:E0 ('Header', '48') ('MAC', 'B8:63:4D:A2:0E:13') ('RSSI', -62) ('Channel', 4)
Data:  24:0A:C4:23:D9:B0 ('Header', '48') ('MAC', 'B8:63:4D:A2:0E:13') ('RSSI', -55) ('Channel', 4)
Data:  24:0A:C4:23:C1:EC ('Header', '48') ('MAC', 'B8:63:4D:A2:0E:13') ('RSSI', -52) ('Channel', 4)
Data:  24:0A:C4:23:D9:B0 ('Header', '48') ('MAC', 'B8:63:4D:A2:0E:13') ('RSSI', -55) ('Channel', 4)
Data:  3C:71:BF:99:F9:E0 ('Header', '48') ('MAC', 'B8:63:4D:A2:0E:13') ('RSSI', -62) ('Channel', 4)
Data:  3C:71:BF:99:F9:E0 ('Header', '48') ('MAC', 'B8:63:4D:A2:0E:13') ('RSSI', -62) ('Channel', 4)
Data:  24:0A:C4:23:D9:B0 ('Header', '48') ('MAC', 'B8:63:4D:A2:0E:13') ('RSSI', -56) ('Channel', 4)
Data:  24:0A:C4:23:C1:EC ('Header', '48') ('MAC', 'B8:63:4D:A2:0E:13') ('RSSI', -52) ('Channel', 4)
Data:  3C:71:BF:99:F9:E0 ('Header', '48') ('MAC', 'B8:63:4D:A2:0E:13') ('RSSI', -61) ('Channel', 4)
Data:  24:0A:C4:23:C1:EC ('Header', '48') ('MAC', 'B8:63:4D:A2:0E:13') ('RSSI', -52) ('Channel', 4)
Data:  24:0A:C4:23:D9:B0 ('Header', '48') ('MAC', 'B8:63:4D:A2:0E:13') ('RSSI', -56) ('Channel', 4)
Data:  24:0A:C4:23:D9:B0 ('Header', '48') ('MAC', 'B8:63:4D:A2:0E:13') ('RSSI', -55) ('Channel', 4)
Data:  3C:71:BF:99:F9:E0 ('Header', '48') ('MAC', 'B8:63:4D:A2:0E:13') ('RSSI', -61) ('Channel', 4)
Data:  24:0A:C4:23:C1:EC ('Header', '48') ('MAC', 'B8:63:4D:A2:0E:13') ('RSSI', -52) ('Channel', 4)
Summary:  24:0A:C4:23:C1:EC 580 {'B8:63:4D:A2:0E:13': -52.1}
Summary:  3C:71:BF:99:F9:E0 1138 {'B8:63:4D:A2:0E:13': -62.3}
Summary:  24:0A:C4:23:D9:B0 420 {'B8:63:4D:A2:0E:13': -55.7}
Data:  24:0A:C4:23:D9:B0 ('Header', '48') ('MAC', 'B8:63:4D:A2:0E:13') ('RSSI', -56) ('Channel', 4)
Data:  3C:71:BF:99:F9:E0 ('Header', '48') ('MAC', 'B8:63:4D:A2:0E:13') ('RSSI', -62) ('Channel', 4)
Data:  24:0A:C4:23:C1:EC ('Header', '48') ('MAC', 'B8:63:4D:A2:0E:13') ('RSSI', -52) ('Channel', 4)
Data:  24:0A:C4:23:D9:B0 ('Header', '48') ('MAC', 'B8:63:4D:A2:0E:13') ('RSSI', -55) ('Channel', 4)
Data:  3C:71:BF:99:F9:E0 ('Header', '48') ('MAC', 'B8:63:4D:A2:0E:13') ('RSSI', -62) ('Channel', 4)
Data:  24:0A:C4:23:C1:EC ('Header', '48') ('MAC', 'B8:63:4D:A2:0E:13') ('RSSI', -51) ('Channel', 4)
Data:  3C:71:BF:99:F9:E0 ('Header', '48') ('MAC', 'B8:63:4D:A2:0E:13') ('RSSI', -62) ('Channel', 4)
Data:  24:0A:C4:23:C1:EC ('Header', '48') ('MAC', 'B8:63:4D:A2:0E:13') ('RSSI', -52) ('Channel', 4)
Data:  24:0A:C4:23:D9:B0 ('Header', '48') ('MAC', 'B8:63:4D:A2:0E:13') ('RSSI', -56) ('Channel', 4)
Data:  3C:71:BF:99:F9:E0 ('Header', '48') ('MAC', 'B8:63:4D:A2:0E:13') ('RSSI', -62) ('Channel', 4)
Data:  24:0A:C4:23:C1:EC ('Header', '48') ('MAC', 'B8:63:4D:A2:0E:13') ('RSSI', -52) ('Channel', 4)
Data:  24:0A:C4:23:D9:B0 ('Header', '48') ('MAC', 'B8:63:4D:A2:0E:13') ('RSSI', -56) ('Channel', 4)
Data:  24:0A:C4:23:C1:EC ('Header', '48') ('MAC', 'B8:63:4D:A2:0E:13') ('RSSI', -52) ('Channel', 4)
Data:  3C:71:BF:99:F9:E0 ('Header', '48') ('MAC', 'B8:63:4D:A2:0E:13') ('RSSI', -61) ('Channel', 4)
Data:  24:0A:C4:23:D9:B0 ('Header', '48') ('MAC', 'B8:63:4D:A2:0E:13') ('RSSI', -55) ('Channel', 4)
Data:  24:0A:C4:23:C1:EC ('Header', '48') ('MAC', 'B8:63:4D:A2:0E:13') ('RSSI', -53) ('Channel', 4)
Data:  24:0A:C4:23:D9:B0 ('Header', '48') ('MAC', 'B8:63:4D:A2:0E:13') ('RSSI', -56) ('Channel', 4)
Data:  3C:71:BF:99:F9:E0 ('Header', '48') ('MAC', 'B8:63:4D:A2:0E:13') ('RSSI', -62) ('Channel', 4)
Data:  3C:71:BF:99:F9:E0 ('Header', '48') ('MAC', 'B8:63:4D:A2:0E:13') ('RSSI', -62) ('Channel', 4)
Data:  24:0A:C4:23:C1:EC ('Header', '48') ('MAC', 'B8:63:4D:A2:0E:13') ('RSSI', -52) ('Channel', 4)
Data:  24:0A:C4:23:D9:B0 ('Header', '48') ('MAC', 'B8:63:4D:A2:0E:13') ('RSSI', -55) ('Channel', 4)
Data:  3C:71:BF:99:F9:E0 ('Header', '48') ('MAC', 'B8:63:4D:A2:0E:13') ('RSSI', -61) ('Channel', 4)
Data:  24:0A:C4:23:C1:EC ('Header', '48') ('MAC', 'B8:63:4D:A2:0E:13') ('RSSI', -52) ('Channel', 4)
Data:  24:0A:C4:23:D9:B0 ('Header', '48') ('MAC', 'B8:63:4D:A2:0E:13') ('RSSI', -55) ('Channel', 4)
Data:  3C:71:BF:99:F9:E0 ('Header', '48') ('MAC', 'B8:63:4D:A2:0E:13') ('RSSI', -62) ('Channel', 4)
Data:  24:0A:C4:23:D9:B0 ('Header', '48') ('MAC', 'B8:63:4D:A2:0E:13') ('RSSI', -55) ('Channel', 4)
Data:  24:0A:C4:23:C1:EC ('Header', '48') ('MAC', 'B8:63:4D:A2:0E:13') ('RSSI', -53) ('Channel', 4)
Data:  3C:71:BF:99:F9:E0 ('Header', '48') ('MAC', 'B8:63:4D:A2:0E:13') ('RSSI', -62) ('Channel', 4)
Data:  24:0A:C4:23:C1:EC ('Header', '48') ('MAC', 'B8:63:4D:A2:0E:13') ('RSSI', -53) ('Channel', 4)
Data:  3C:71:BF:99:F9:E0 ('Header', '48') ('MAC', 'B8:63:4D:A2:0E:13') ('RSSI', -62) ('Channel', 4)
Data:  24:0A:C4:23:C1:EC ('Header', '48') ('MAC', 'B8:63:4D:A2:0E:13') ('RSSI', -52) ('Channel', 4)
Data:  3C:71:BF:99:F9:E0 ('Header', '48') ('MAC', 'B8:63:4D:A2:0E:13') ('RSSI', -62) ('Channel', 4)
Data:  24:0A:C4:23:C1:EC ('Header', '48') ('MAC', 'B8:63:4D:A2:0E:13') ('RSSI', -53) ('Channel', 4)
Data:  3C:71:BF:99:F9:E0 ('Header', '48') ('MAC', 'B8:63:4D:A2:0E:13') ('RSSI', -63) ('Channel', 4)
Data:  24:0A:C4:23:C1:EC ('Header', '48') ('MAC', 'B8:63:4D:A2:0E:13') ('RSSI', -53) ('Channel', 4)
Data:  3C:71:BF:99:F9:E0 ('Header', '48') ('MAC', 'B8:63:4D:A2:0E:13') ('RSSI', -63) ('Channel', 4)
Data:  24:0A:C4:23:C1:EC ('Header', '48') ('MAC', 'B8:63:4D:A2:0E:13') ('RSSI', -53) ('Channel', 4)
Data:  24:0A:C4:23:D9:B0 ('Header', '48') ('MAC', 'B8:63:4D:A2:0E:13') ('RSSI', -54) ('Channel', 4)
Data:  24:0A:C4:23:D9:B0 ('Header', '48') ('MAC', 'B8:63:4D:A2:0E:13') ('RSSI', -56) ('Channel', 4)
Data:  24:0A:C4:23:D9:B0 ('Header', '48') ('MAC', 'B8:63:4D:A2:0E:13') ('RSSI', -56) ('Channel', 4)
Data:  24:0A:C4:23:D9:B0 ('Header', '48') ('MAC', 'B8:63:4D:A2:0E:13') ('RSSI', -56) ('Channel', 4)
Data:  24:0A:C4:23:D9:B0 ('Header', '48') ('MAC', 'B8:63:4D:A2:0E:13') ('RSSI', -57) ('Channel', 4)
Data:  3C:71:BF:99:F9:E0 ('Header', '48') ('MAC', 'B8:63:4D:A2:0E:13') ('RSSI', -62) ('Channel', 4)
Data:  24:0A:C4:23:D9:B0 ('Header', '48') ('MAC', 'B8:63:4D:A2:0E:13') ('RSSI', -57) ('Channel', 4)
Data:  24:0A:C4:23:C1:EC ('Header', '48') ('MAC', 'B8:63:4D:A2:0E:13') ('RSSI', -53) ('Channel', 4)
Data:  24:0A:C4:23:C1:EC ('Header', '48') ('MAC', 'B8:63:4D:A2:0E:13') ('RSSI', -53) ('Channel', 4)
Data:  3C:71:BF:99:F9:E0 ('Header', '48') ('MAC', 'B8:63:4D:A2:0E:13') ('RSSI', -62) ('Channel', 4)
Data:  24:0A:C4:23:D9:B0 ('Header', '48') ('MAC', 'B8:63:4D:A2:0E:13') ('RSSI', -56) ('Channel', 4)
Data:  3C:71:BF:99:F9:E0 ('Header', '48') ('MAC', 'B8:63:4D:A2:0E:13') ('RSSI', -61) ('Channel', 4)
Data:  24:0A:C4:23:C1:EC ('Header', '48') ('MAC', 'B8:63:4D:A2:0E:13') ('RSSI', -53) ('Channel', 4)
Data:  24:0A:C4:23:D9:B0 ('Header', '48') ('MAC', 'B8:63:4D:A2:0E:13') ('RSSI', -56) ('Channel', 4)
Data:  3C:71:BF:99:F9:E0 ('Header', '48') ('MAC', 'B8:63:4D:A2:0E:13') ('RSSI', -62) ('Channel', 4)
Data:  24:0A:C4:23:D9:B0 ('Header', '48') ('MAC', 'B8:63:4D:A2:0E:13') ('RSSI', -56) ('Channel', 4)
Data:  24:0A:C4:23:C1:EC ('Header', '48') ('MAC', 'B8:63:4D:A2:0E:13') ('RSSI', -53) ('Channel', 4)
Data:  24:0A:C4:23:D9:B0 ('Header', '48') ('MAC', 'B8:63:4D:A2:0E:13') ('RSSI', -55) ('Channel', 4)
Data:  3C:71:BF:99:F9:E0 ('Header', '48') ('MAC', 'B8:63:4D:A2:0E:13') ('RSSI', -62) ('Channel', 4)
Data:  24:0A:C4:23:C1:EC ('Header', '48') ('MAC', 'B8:63:4D:A2:0E:13') ('RSSI', -53) ('Channel', 4)
Data:  3C:71:BF:99:F9:E0 ('Header', '48') ('MAC', 'B8:63:4D:A2:0E:13') ('RSSI', -62) ('Channel', 4)
Data:  24:0A:C4:23:C1:EC ('Header', '48') ('MAC', 'B8:63:4D:A2:0E:13') ('RSSI', -53) ('Channel', 4)
Data:  24:0A:C4:23:D9:B0 ('Header', '48') ('MAC', 'B8:63:4D:A2:0E:13') ('RSSI', -55) ('Channel', 4)
Data:  24:0A:C4:23:D9:B0 ('Header', '48') ('MAC', 'B8:63:4D:A2:0E:13') ('RSSI', -56) ('Channel', 4)
Data:  24:0A:C4:23:C1:EC ('Header', '48') ('MAC', 'B8:63:4D:A2:0E:13') ('RSSI', -53) ('Channel', 4)
Data:  3C:71:BF:99:F9:E0 ('Header', '48') ('MAC', 'B8:63:4D:A2:0E:13') ('RSSI', -61) ('Channel', 4)
Data:  3C:71:BF:99:F9:E0 ('Header', '48') ('MAC', 'B8:63:4D:A2:0E:13') ('RSSI', -62) ('Channel', 4)
Data:  24:0A:C4:23:D9:B0 ('Header', '48') ('MAC', 'B8:63:4D:A2:0E:13') ('RSSI', -56) ('Channel', 4)
Data:  24:0A:C4:23:C1:EC ('Header', '48') ('MAC', 'B8:63:4D:A2:0E:13') ('RSSI', -52) ('Channel', 4)
Data:  3C:71:BF:99:F9:E0 ('Header', '48') ('MAC', 'B8:63:4D:A2:0E:13') ('RSSI', -62) ('Channel', 4)
Data:  24:0A:C4:23:C1:EC ('Header', '48') ('MAC', 'B8:63:4D:A2:0E:13') ('RSSI', -52) ('Channel', 4)
Data:  24:0A:C4:23:D9:B0 ('Header', '48') ('MAC', 'B8:63:4D:A2:0E:13') ('RSSI', -55) ('Channel', 4)
Data:  24:0A:C4:23:C1:EC ('Header', '48') ('MAC', 'B8:63:4D:A2:0E:13') ('RSSI', -52) ('Channel', 4)
Data:  24:0A:C4:23:D9:B0 ('Header', '48') ('MAC', 'B8:63:4D:A2:0E:13') ('RSSI', -55) ('Channel', 4)
Data:  3C:71:BF:99:F9:E0 ('Header', '48') ('MAC', 'B8:63:4D:A2:0E:13') ('RSSI', -62) ('Channel', 4)
Data:  3C:71:BF:99:F9:E0 ('Header', '48') ('MAC', 'B8:63:4D:A2:0E:13') ('RSSI', -61) ('Channel', 4)
Summary:  24:0A:C4:23:C1:EC 580 {'B8:63:4D:A2:0E:13': -52.5}
Summary:  3C:71:BF:99:F9:E0 1138 {'B8:63:4D:A2:0E:13': -61.8}
Summary:  24:0A:C4:23:D9:B0 420 {'B8:63:4D:A2:0E:13': -55.6}
Data:  24:0A:C4:23:D9:B0 ('Header', '48') ('MAC', 'B8:63:4D:A2:0E:13') ('RSSI', -55) ('Channel', 4)
Data:  24:0A:C4:23:C1:EC ('Header', '48') ('MAC', 'B8:63:4D:A2:0E:13') ('RSSI', -52) ('Channel', 4)
Data:  3C:71:BF:99:F9:E0 ('Header', '48') ('MAC', 'B8:63:4D:A2:0E:13') ('RSSI', -61) ('Channel', 4)
Data:  24:0A:C4:23:D9:B0 ('Header', '48') ('MAC', 'B8:63:4D:A2:0E:13') ('RSSI', -55) ('Channel', 4)
Data:  24:0A:C4:23:C1:EC ('Header', '48') ('MAC', 'B8:63:4D:A2:0E:13') ('RSSI', -52) ('Channel', 4)
Data:  24:0A:C4:23:C1:EC ('Header', '48') ('MAC', 'B8:63:4D:A2:0E:13') ('RSSI', -52) ('Channel', 4)
Data:  3C:71:BF:99:F9:E0 ('Header', '48') ('MAC', 'B8:63:4D:A2:0E:13') ('RSSI', -62) ('Channel', 4)
Data:  24:0A:C4:23:D9:B0 ('Header', '48') ('MAC', 'B8:63:4D:A2:0E:13') ('RSSI', -56) ('Channel', 4)
Data:  24:0A:C4:23:C1:EC ('Header', '48') ('MAC', 'B8:63:4D:A2:0E:13')