Data:  24:0A:C4:23:C1:EC ('Channel', 5) ('MAC', 'B8:63:4D:A2:0E:13') ('Header', '48') ('RSSI', -56)
Data:  24:0A:C4:23:C1:EC ('Channel', 5) ('MAC', 'B8:63:4D:A2:0E:13') ('Header', '48') ('RSSI', -59)
Data:  24:0A:C4:23:D9:B0 ('Channel', 5) ('MAC', 'B8:63:4D:A2:0E:13') ('Header', '48') ('RSSI', -52)
Data:  24:0A:C4:23:C1:EC ('Channel', 5) ('MAC', 'B8:63:4D:A2:0E:13') ('Header', '48') ('RSSI', -59)
Data:  24:0A:C4:23:D9:B0 ('Channel', 5) ('MAC', 'B8:63:4D:A2:0E:13') ('Header', '48') ('RSSI', -52)
Data:  24:0A:C4:23:D9:B0 ('Channel', 5) ('MAC', 'B8:63:4D:A2:0E:13') ('Header', '48') ('RSSI', -53)
Data:  24:0A:C4:23:C1:EC ('Channel', 5) ('MAC', 'B8:63:4D:A2:0E:13') ('Header', '48') ('RSSI', -58)
Data:  24:0A:C4:23:D9:B0 ('Channel', 5) ('MAC', 'B8:63:4D:A2:0E:13') ('Header', '48') ('RSSI', -53)
Data:  24:0A:C4:23:C1:EC ('Channel', 5) ('MAC', 'B8:63:4D:A2:0E:13') ('Header', '48') ('RSSI', -58)
Data:  24:0A:C4:23:C1:EC ('Channel', 5) ('MAC', 'B8:63:4D:A2:0E:13') ('Header', '48') ('RSSI', -56)
Data:  24:0A:C4:23:D9:B0 ('Channel', 5) ('MAC', 'B8:63:4D:A2:0E:13') ('Header', '48') ('RSSI', -53)
Data:  24:0A:C4:23:D9:B0 ('Channel', 5) ('MAC', 'B8:63:4D:A2:0E:13') ('Header', '48') ('RSSI', -53)
Data:  24:0A:C4:23:C1:EC ('Channel', 5) ('MAC', 'B8:63:4D:A2:0E:13') ('Header', '48') ('RSSI', -55)
Data:  24:0A:C4:23:C1:EC ('Channel', 5) ('MAC', 'B8:63:4D:A2:0E:13') ('Header', '48') ('RSSI', -57)
Data:  24:0A:C4:23:D9:B0 ('Channel', 5) ('MAC', 'B8:63:4D:A2:0E:13') ('Header', '48') ('RSSI', -52)
Data:  24:0A:C4:23:C1:EC ('Channel', 5) ('MAC', 'B8:63:4D:A2:0E:13') ('Header', '48') ('RSSI', -56)
Data:  24:0A:C4:23:D9:B0 ('Channel', 5) ('MAC', 'B8:63:4D:A2:0E:13') ('Header', '48') ('RSSI', -53)
Data:  24:0A:C4:23:C1:EC ('Channel', 5) ('MAC', 'B8:63:4D:A2:0E:13') ('Header', '48') ('RSSI', -56)
Data:  24:0A:C4:23:D9:B0 ('Channel', 5) ('MAC', 'B8:63:4D:A2:0E:13') ('Header', '48') ('RSSI', -53)
Data:  24:0A:C4:23:C1:EC ('Channel', 5) ('MAC', 'B8:63:4D:A2:0E:13') ('Header', '48') ('RSSI', -55)
Data:  24:0A:C4:23:D9:B0 ('Channel', 5) ('MAC', 'B8:63:4D:A2:0E:13') ('Header', '48') ('RSSI', -53)
Data:  24:0A:C4:23:C1:EC ('Channel', 5) ('MAC', 'B8:63:4D:A2:0E:13') ('Header', '48') ('RSSI', -55)
Data:  24:0A:C4:23:D9:B0 ('Channel', 5) ('MAC', 'B8:63:4D:A2:0E:13') ('Header', '48') ('RSSI', -48)
Data:  24:0A:C4:23:C1:EC ('Channel', 5) ('MAC', 'B8:63:4D:A2:0E:13') ('Header', '48') ('RSSI', -66)
Data:  24:0A:C4:23:D9:B0 ('Channel', 5) ('MAC', 'B8:63:4D:A2:0E:13') ('Header', '48') ('RSSI', -52)
Data:  24:0A:C4:23:C1:EC ('Channel', 5) ('MAC', 'B8:63:4D:A2:0E:13') ('Header', '48') ('RSSI', -57)
Data:  24:0A:C4:23:D9:B0 ('Channel', 5) ('MAC', 'B8:63:4D:A2:0E:13') ('Header', '48') ('RSSI', -53)
Data:  24:0A:C4:23:C1:EC ('Channel', 5) ('MAC', 'B8:63:4D:A2:0E:13') ('Header', '48') ('RSSI', -56)
Data:  24:0A:C4:23:D9:B0 ('Channel', 5) ('MAC', 'B8:63:4D:A2:0E:13') ('Header', '48') ('RSSI', -53)
Data:  24:0A:C4:23:C1:EC ('Channel', 5) ('MAC', 'B8:63:4D:A2:0E:13') ('Header', '48') ('RSSI', -56)
Data:  24:0A:C4:23:D9:B0 ('Channel', 5) ('MAC', 'B8:63:4D:A2:0E:13') ('Header', '48') ('RSSI', -53)
Data:  24:0A:C4:23:C1:EC ('Channel', 5) ('MAC', 'B8:63:4D:A2:0E:13') ('Header', '48') ('RSSI', -56)
Data:  24:0A:C4:23:D9:B0 ('Channel', 5) ('MAC', 'B8:63:4D:A2:0E:13') ('Header', '48') ('RSSI', -53)
Data:  24:0A:C4:23:C1:EC ('Channel', 5) ('MAC', 'B8:63:4D:A2:0E:13') ('Header', '48') ('RSSI', -56)
Data:  24:0A:C4:23:D9:B0 ('Channel', 5) ('MAC', 'B8:63:4D:A2:0E:13') ('Header', '48') ('RSSI', -53)
Data:  24:0A:C4:23:D9:B0 ('Channel', 5) ('MAC', 'B8:63:4D:A2:0E:13') ('Header', '48') ('RSSI', -51)
Data:  24:0A:C4:23:C1:EC ('Channel', 5) ('MAC', 'B8:63:4D:A2:0E:13') ('Header', '48') ('RSSI', -55)
[-52, -52, -53, -53, -53, -53, -52, -53, -53, -53, -48, -52, -53, -53, -53, -53, -53, -51]
[-56, -59, -59, -58, -58, -56, -55, -57, -56, -56, -55, -55, -66, -57, -56, -56, -56, -56]
Summary:  3C:71:BF:99:F9:E0 600 {}
Summary:  24:0A:C4:23:D9:B0 280 {'B8:63:4D:A2:0E:13': -52.4}
Summary:  24:0A:C4:23:C1:EC 549 {'B8:63:4D:A2:0E:13': -57.1}
Data:  24:0A:C4:23:C1:EC ('Channel', 5) ('MAC', 'B8:63:4D:A2:0E:13') ('Header', '48') ('RSSI', -55)
Data:  24:0A:C4:23:D9:B0 ('Channel', 5) ('MAC', 'B8:63:4D:A2:0E:13') ('Header', '48') ('RSSI', -51)
Data:  24:0A:C4:23:C1:EC ('Channel', 5) ('MAC', 'B8:63:4D:A2:0E:13') ('Header', '48') ('RSSI', -55)
Data:  24:0A:C4:23:D9:B0 ('Channel', 5) ('MAC', 'B8:63:4D:A2:0E:13') ('Header', '48') ('RSSI', -53)
Data:  24:0A:C4:23:C1:EC ('Channel', 5) ('MAC', 'B8:63:4D:A2:0E:13') ('Header', '48') ('RSSI', -55)
Data:  24:0A:C4:23:D9:B0 ('Channel', 5) ('MAC', 'B8:63:4D:A2:0E:13') ('Header', '48') ('RSSI', -53)
Data:  24:0A:C4:23:D9:B0 ('Channel', 5) ('MAC', 'B8:63:4D:A2:0E:13') ('Header', '48') ('RSSI', -54)
Data:  24:0A:C4:23:C1:EC ('Channel', 5) ('MAC', 'B8:63:4D:A2:0E:13') ('Header', '48') ('RSSI', -56)
Data:  24:0A:C4:23:D9:B0 ('Channel', 5) ('MAC', 'B8:63:4D:A2:0E:13') ('Header', '48') ('RSSI', -52)
Data:  24:0A:C4:23:D9:B0 ('Channel', 5) ('MAC', 'B8:63:4D:A2:0E:13') ('Header', '48') ('RSSI', -53)
Data:  24:0A:C4:23:D9:B0 ('Channel', 5) ('MAC', 'B8:63:4D:A2:0E:13') ('Header', '48') ('RSSI', -53)
Data:  24:0A:C4:23:C1:EC ('Channel', 5) ('MAC', 'B8:63:4D:A2:0E:13') ('Header', '48') ('RSSI', -55)
Data:  24:0A:C4:23:C1:EC ('Channel', 5) ('MAC', 'B8:63:4D:A2:0E:13') ('Header', '48') ('RSSI', -55)
Data:  24:0A:C4:23:D9:B0 ('Channel', 5) ('MAC', 'B8:63:4D:A2:0E:13') ('Header', '48') ('RSSI', -53)
Data:  24:0A:C4:23:D9:B0 ('Channel', 5) ('MAC', 'B8:63:4D:A2:0E:13') ('Header', '48') ('RSSI', -53)
Data:  24:0A:C4:23:C1:EC ('Channel', 5) ('MAC', 'B8:63:4D:A2:0E:13') ('Header', '48') ('RSSI', -56)
Data:  24:0A:C4:23:D9:B0 ('Channel', 5) ('MAC', 'B8:63:4D:A2:0E:13') ('Header', '48') ('RSSI', -52)
Data:  24:0A:C4:23:C1:EC ('Channel', 5) ('MAC', 'B8:63:4D:A2:0E:13') ('Header', '48') ('RSSI', -55)
Data:  24:0A:C4:23:D9:B0 ('Channel', 5) ('MAC', 'B8:63:4D:A2:0E:13') ('Header', '48') ('RSSI', -53)
Data:  24:0A:C4:23:C1:EC ('Channel', 5) ('MAC', 'B8:63:4D:A2:0E:13') ('Header', '48') ('RSSI', -56)
Data:  24:0A:C4:23:D9:B0 ('Channel', 5) ('MAC', 'B8:63:4D:A2:0E:13') ('Header', '48') ('RSSI', -52)
Data:  24:0A:C4:23:C1:EC ('Channel', 5) ('MAC', 'B8:63:4D:A2:0E:13') ('Header', '48') ('RSSI', -55)
Data:  24:0A:C4:23:D9:B0 ('Channel', 5) ('MAC', 'B8:63:4D:A2:0E:13') ('Header', '48') ('RSSI', -53)
Data:  24:0A:C4:23:C1:EC ('Channel', 5) ('MAC', 'B8:63:4D:A2:0E:13') ('Header', '48') ('RSSI', -55)
Data:  24:0A:C4:23:D9:B0 ('Channel', 5) ('MAC', 'B8:63:4D:A2:0E:13') ('Header', '48') ('RSSI', -53)
Data:  24:0A:C4:23:C1:EC ('Channel', 5) ('MAC', 'B8:63:4D:A2:0E:13') ('Header', '48') ('RSSI', -55)
Data:  24:0A:C4:23:D9:B0 ('Channel', 5) ('MAC', 'B8:63:4D:A2:0E:13') ('Header', '48') ('RSSI', -52)
Data:  24:0A:C4:23:D9:B0 ('Channel', 5) ('MAC', 'B8:63:4D:A2:0E:13') ('Header', '48') ('RSSI', -52)
Data:  24:0A:C4:23:C1:EC ('Channel', 5) ('MAC', 'B8:63:4D:A2:0E:13') ('Header', '48') ('RSSI', -55)
Data:  24:0A:C4:23:C1:EC ('Channel', 5) ('MAC', 'B8:63:4D:A2:0E:13') ('Header', '48') ('RSSI', -55)
Data:  24:0A:C4:23:D9:B0 ('Channel', 5) ('MAC', 'B8:63:4D:A2:0E:13') ('Header', '48') ('RSSI', -53)
Data:  24:0A:C4:23:C1:EC ('Channel', 5) ('MAC', 'B8:63:4D:A2:0E:13') ('Header', '48') ('RSSI', -55)
Data:  24:0A:C4:23:D9:B0 ('Channel', 5) ('MAC', 'B8:63:4D:A2:0E:13') ('Header', '48') ('RSSI', -53)
Data:  24:0A:C4:23:C1:EC ('Channel', 5) ('MAC', 'B8:63:4D:A2:0E:13') ('Header', '48') ('RSSI', -56)
Data:  24:0A:C4:23:D9:B0 ('Channel', 5) ('MAC', 'B8:63:4D:A2:0E:13') ('Header', '48') ('RSSI', -52)
Data:  24:0A:C4:23:C1:EC ('Channel', 5) ('MAC', 'B8:63:4D:A2:0E:13') ('Header', '48') ('RSSI', -56)
Data:  24:0A:C4:23:D9:B0 ('Channel', 5) ('MAC', 'B8:63:4D:A2:0E:13') ('Header', '48') ('RSSI', -53)
Data:  24:0A:C4:23:C1:EC ('Channel', 5) ('MAC', 'B8:63:4D:A2:0E:13') ('Header', '48') ('RSSI', -56)
Data:  24:0A:C4:23:D9:B0 ('Channel', 5) ('MAC', 'B8:63:4D:A2:0E:13') ('Header', '48') ('RSSI', -53)
Data:  24:0A:C4:23:D9:B0 ('Channel', 5) ('MAC', 'B8:63:4D:A2:0E:13') ('Header', '48') ('RSSI', -53)
Data:  24:0A:C4:23:C1:EC ('Channel', 5) ('MAC', 'B8:63:4D:A2:0E:13') ('Header', '48') ('RSSI', -56)
Data:  24:0A:C4:23:C1:EC ('Channel', 5) ('MAC', 'B8:63:4D:A2:0E:13') ('Header', '48') ('RSSI', -55)
Data:  24:0A:C4:23:D9:B0 ('Channel', 5) ('MAC', 'B8:63:4D:A2:0E:13') ('Header', '48') ('RSSI', -53)
Data:  24:0A:C4:23:D9:B0 ('Channel', 5) ('MAC', 'B8:63:4D:A2:0E:13') ('Header', '48') ('RSSI', -53)
[-51, -53, -53, -54, -52, -53, -53, -53, -53, -52, -53, -52, -53, -53, -52, -52, -53, -53, -52, -53, -53, -53, -53, -53]
[-55, -55, -55, -55, -56, -55, -55, -56, -55, -56, -55, -55, -55, -55, -55, -55, -56, -56, -56, -56, -55]
Summary:  3C:71:BF:99:F9:E0 600 {}
Summary:  24:0A:C4:23:D9:B0 280 {'B8:63:4D:A2:0E:13': -52.7}
Summary:  24:0A:C4:23:C1:EC 549 {'B8:63:4D:A2:0E:13': -55.3}
Data:  24:0A:C4:23:C1:EC ('Channel', 5) ('MAC', 'B8:63:4D:A2:0E:13') ('Header', '48') ('RSSI', -56)
Data:  24:0A:C4:23:C1:EC ('Channel', 5) ('MAC', 'B8:63:4D:A2:0E:13') ('Header', 'D0') ('RSSI', -69)
Data:  24:0A:C4:23:D9:B0 ('Channel', 5) ('MAC', 'B8:63:4D:A2:0E:13') ('Header', 'D0') ('RSSI', -50)
Data:  24:0A:C4:23:C1:EC ('Channel', 5) ('MAC', 'B8:63:4D:A2:0E:13') ('Header', '48') ('RSSI', -55)
Data:  24:0A:C4:23:D9:B0 ('Channel', 5) ('MAC', 'B8:63:4D:A2:0E:13') ('Header', '48') ('RSSI', -52)
Data:  24:0A:C4:23:D9:B0 ('Channel', 5) ('MAC', 'B8:63:4D:A2:0E:13') ('Header', '48') ('RSSI', -52)
Data:  24:0A:C4:23:C1:EC ('Channel', 5) ('MAC', 'B8:63:4D:A2:0E:13') ('Header', '48') ('RSSI', -55)
Data:  24:0A:C4:23:C1:EC ('Channel', 5) ('MAC', 'B8:63:4D:A2:0E:13') ('Header', '48') ('RSSI', -56)
Data:  24:0A:C4:23:D9:B0 ('Channel', 5) ('MAC', 'B8:63:4D:A2:0E:13') ('Header', '48') ('RSSI', -53)
Data:  24:0A:C4:23:C1:EC ('Channel', 5) ('MAC', 'B8:63:4D:A2:0E:13') ('Header', '48') ('RSSI', -56)
Data:  24:0A:C4:23:D9:B0 ('Channel', 5) ('MAC', 'B8:63:4D:A2:0E:13') ('Header', '48') ('RSSI', -53)
Data:  24:0A:C4:23:D9:B0 ('Channel', 5) ('MAC', 'B8:63:4D:A2:0E:13') ('Header', '48') ('RSSI', -52)
Data:  24:0A:C4:23:C1:EC ('Channel', 5) ('MAC', 'B8:63:4D:A2:0E:13') ('Header', '48') ('RSSI', -56)
Data:  24:0A:C4:23:D9:B0 ('Channel', 5) ('MAC', 'B8:63:4D:A2:0E:13') ('Header', '48') ('RSSI', -53)
Data:  24:0A:C4:23:C1:EC ('Channel', 5) ('MAC', 'B8:63:4D:A2:0E:13') ('Header', '48') ('RSSI', -56)
Data:  24:0A:C4:23:C1:EC ('Channel', 5) ('MAC', 'B8:63:4D:A2:0E:13') ('Header', '48') ('RSSI', -56)
Data:  24:0A:C4:23:D9:B0 ('Channel', 5) ('MAC', 'B8:63:4D:A2:0E:13') ('Header', '48') ('RSSI', -53)
Data:  24:0A:C4:23:C1:EC ('Channel', 5) ('MAC', 'B8:63:4D:A2:0E:13') ('Header', '48') ('RSSI', -56)
Data:  24:0A:C4:23:D9:B0 ('Channel', 5) ('MAC', 'B8:63:4D:A2:0E:13') ('Header', '48') ('RSSI', -53)
Data:  24:0A:C4:23:D9:B0 ('Channel', 5) ('MAC', 'B8:63:4D:A2:0E:13') ('Header', '48') ('RSSI', -53)
Data:  24:0A:C4:23:C1:EC ('Channel', 5) ('MAC', 'B8:63:4D:A2:0E:13') ('Header', '48') ('RSSI', -56)
Data:  24:0A:C4:23:C1:EC ('Channel', 5) ('MAC', 'B8:63:4D:A2:0E:13') ('Header', '48') ('RSSI', -56)
Data:  24:0A:C4:23:D9:B0 ('Channel', 5) ('MAC', 'B8:63:4D:A2:0E:13') ('Header', '48') ('RSSI', -52)
Data:  24:0A:C4:23:C1:EC ('Channel', 5) ('MAC', 'B8:63:4D:A2:0E:13') ('Header', '48') ('RSSI', -56)
Data:  24:0A:C4:23:D9:B0 ('Channel', 5) ('MAC', 'B8:63:4D:A2:0E:13') ('Header', '48') ('RSSI', -53)
Data:  24:0A:C4:23:C1:EC ('Channel', 5) ('MAC', 'B8:63:4D:A2:0E:13') ('Header', '48') ('RSSI', -56)
Data:  24:0A:C4:23:D9:B0 ('Channel', 5) ('MAC', 'B8:63:4D:A2:0E:13') ('Header', '48') ('RSSI', -52)
Data:  24:0A:C4:23:C1:EC ('Channel', 5) ('MAC', 'B8:63:4D:A2:0E:13') ('Header', '48') ('RSSI', -56)
Data:  24:0A:C4:23:D9:B0 ('Channel', 5) ('MAC', 'B8:63:4D:A2:0E:13') ('Header', '48') ('RSSI', -52)
Data:  24:0A:C4:23:C1:EC ('Channel', 5) ('MAC', 'B8:63:4D:A2:0E:13') ('Header', '48') ('RSSI', -56)
Data:  24:0A:C4:23:D9:B0 ('Channel', 5) ('MAC', 'B8:63:4D:A2:0E:13') ('Header', '48') ('RSSI', -52)
Data:  24:0A:C4:23:C1:EC ('Channel', 5) ('MAC', 'B8:63:4D:A2:0E:13') ('Header', '48') ('RSSI', -56)
Data:  24:0A:C4:23:D9:B0 ('Channel', 5) ('MAC', 'B8:63:4D:A2:0E:13') ('Header', '48') ('RSSI', -52)
Data:  24:0A:C4:23:C1:EC ('Channel', 5) ('MAC', 'B8:63:4D:A2:0E:13') ('Header', '48') ('RSSI', -55)
Data:  24:0A:C4:23:C1:EC ('Channel', 5) ('MAC', 'B8:63:4D:A2:0E:13') ('Header', '48') ('RSSI', -55)
Data:  24:0A:C4:23:D9:B0 ('Channel', 5) ('MAC', 'B8:63:4D:A2:0E:13') ('Header', '48') ('RSSI', -52)
Data:  24:0A:C4:23:D9:B0 ('Channel', 5) ('MAC', 'B8:63:4D:A2:0E:13') ('Header', '48') ('RSSI', -52)
Data:  24:0A:C4:23:C1:EC ('Channel', 5) ('MAC', 'B8:63:4D:A2:0E:13') ('Header', '48') ('RSSI', -56)
Data:  24:0A:C4:23:D9:B0 ('Channel', 5) ('MAC', 'B8:63:4D:A2:0E:13') ('Header', '48') ('RSSI', -53)
[-50, -52, -52, -53, -53, -52, -53, -53, -53, -53, -52, -53, -52, -52, -52, -52, -52, -52, -53]
[-56, -69, -55, -55, -56, -56, -56, -56, -56, -56, -56, -56, -56, -56, -56, -56, -56, -55, -55, -56]
Summary:  3C:71:BF:99:F9:E0 600 {}
Summary:  24:0A:C4:23:D9:B0 280 {'B8:63:4D:A2:0E:13': -52.3}
Summary:  24:0A:C4:23:C1:EC 549 {'B8:63:4D:A2:0E:13': -56.5}
Data:  24:0A:C4:23:C1:EC ('Channel', 5) ('MAC', 'B8:63:4D:A2:0E:13') ('Header', '48') ('RSSI', -56)
Data:  24:0A:C4:23:C1:EC ('Channel', 5) ('MAC', 'B8:63:4D:A2:0E:13') ('Header', '48') ('RSSI', -67)
Data:  24:0A:C4:23:D9:B0 ('Channel', 5) ('MAC', 'B8:63:4D:A2:0E:13') ('Header', '48') ('RSSI', -45)
Data:  24:0A:C4:23:C1:EC ('Channel', 5) ('MAC', 'B8:63:4D:A2:0E:13') ('Header', '48') ('RSSI', -67)
Data:  24:0A:C4:23:D9:B0 ('Channel', 5) ('MAC', 'B8:63:4D:A2:0E:13') ('Header', '48') ('RSSI', -49)
Data:  24:0A:C4:23:C1:EC ('Channel', 5) ('MAC', 'B8:63:4D:A2:0E:13') ('Header', '48') ('RSSI', -57)
Data:  24:0A:C4:23:D9:B0 ('Channel', 5) ('MAC', 'B8:63:4D:A2:0E:13') ('Header', '48') ('RSSI', -52)
Data:  24:0A:C4:23:C1:EC ('Channel', 5) ('MAC', 'B8:63:4D:A2:0E:13') ('Header', '48') ('RSSI', -56)
Data:  24:0A:C4:23:D9:B0 ('Channel', 5) ('MAC', 'B8:63:4D:A2:0E:13') ('Header', '48') ('RSSI', -52)
Data:  24:0A:C4:23:C1:EC ('Channel', 5) ('MAC', 'B8:63:4D:A2:0E:13') ('Header', '48') ('RSSI', -56)
Data:  24:0A:C4:23:D9:B0 ('Channel', 5) ('MAC', 'B8:63:4D:A2:0E:13') ('Header', '48') ('RSSI', -52)
Data:  24:0A:C4:23:C1:EC ('Channel', 5) ('MAC', 'B8:63:4D:A2:0E:13') ('Header', '48') ('RSSI', -56)
Data:  24:0A:C4:23:D9:B0 ('Channel', 5) ('MAC', 'B8:63:4D:A2:0E:13') ('Header', '48') ('RSSI', -53)
Data:  24:0A:C4:23:D9:B0 ('Channel', 5) ('MAC', 'B8:63:4D:A2:0E:13') ('Header', '48') ('RSSI', -53)
Data:  24:0A:C4:23:C1:EC ('Channel', 5) ('MAC', 'B8:63:4D:A2:0E:13') ('Header', '48') ('RSSI', -56)
Data:  24:0A:C4:23:C1:EC ('Channel', 5) ('MAC', 'B8:63:4D:A2:0E:13') ('Header', '48') ('RSSI', -56)
Data:  24:0A:C4:23:D9:B0 ('Channel', 5) ('MAC', 'B8:63:4D:A2:0E:13') ('Header', '48') ('RSSI', -52)
Data:  24:0A:C4:23:C1:EC ('Channel', 5) ('MAC', 'B8:63:4D:A2:0E:13') ('Header', '48') ('RSSI', -55)
Data:  24:0A:C4:23:D9:B0 ('Channel', 5) ('MAC', 'B8:63:4D:A2:0E:13') ('Header', '48') ('RSSI', -52)
Data:  24:0A:C4:23:C1:EC ('Channel', 5) ('MAC', 'B8:63:4D:A2:0E:13') ('Header', '48') ('RSSI', -55)
Data:  24:0A:C4:23:D9:B0 ('Channel', 5) ('MAC', 'B8:63:4D:A2:0E:13') ('Header', '48') ('RSSI', -52)
Data:  24:0A:C4:23:C1:EC ('Channel', 5) ('MAC', 'B8:63:4D:A2:0E:13') ('Header', '48') ('RSSI', -55)
Data:  24:0A:C4:23:D9:B0 ('Channel', 5) ('MAC', 'B8:63:4D:A2:0E:13') ('Header', '48') ('RSSI', -52)
Data:  24:0A:C4:23:C1:EC ('Channel', 5) ('MAC', 'B8:63:4D:A2:0E:13') ('Header', '48') ('RSSI', -56)
Data:  24:0A:C4:23:D9:B0 ('Channel', 5) ('MAC', 'B8:63:4D:A2:0E:13') ('Header', '48') ('RSSI', -52)
Data:  24:0A:C4:23:C1:EC ('Channel', 5) ('MAC', 'B8:63:4D:A2:0E:13') ('Header', '48') ('RSSI', -56)
Data:  24:0A:C4:23:D9:B0 ('Channel', 5) ('MAC', 'B8:63:4D:A2:0E:13') ('Header', '48') ('RSSI', -52)
Data:  24:0A:C4:23:D9:B0 ('Channel', 5) ('MAC', 'B8:63:4D:A2:0E:13') ('Header', '48') ('RSSI', -52)
Data:  24:0A:C4:23:C1:EC ('Channel', 5) ('MAC', 'B8:63:4D:A2:0E:13') ('Header', '48') ('RSSI', -56)
Data:  24:0A:C4:23:D9:B0 ('Channel', 5) ('MAC', 'B8:63:4D:A2:0E:13') ('Header', '48') ('RSSI', -53)
Data:  24:0A:C4:23:C1:EC ('Channel', 5) ('MAC', 'B8:63:4D:A2:0E:13') ('Header', '48') ('RSSI', -56)
Data:  24:0A:C4:23:D9:B0 ('Channel', 5) ('MAC', 'B8:63:4D:A2:0E:13') ('Header', '48') ('RSSI', -52)
Data:  24:0A:C4:23:C1:EC ('Channel', 5) ('MAC', 'B8:63:4D:A2:0E:13') ('Header', '48') ('RSSI', -56)
Data:  24:0A:C4:23:D9:B0 ('Channel', 5) ('MAC', 'B8:63:4D:A2:0E:13') ('Header', '48') ('RSSI', -52)
Data:  24:0A:C4:23:C1:EC ('Channel', 5) ('MAC', 'B8:63:4D:A2:0E:13') ('Header', '48') ('RSSI', -56)
Data:  24:0A:C4:23:D9:B0 ('Channel', 5) ('MAC', 'B8:63:4D:A2:0E:13') ('Header', '48') ('RSSI', -52)
Data:  24:0A:C4:23:C1:EC ('Channel', 5) ('MAC', 'B8:63:4D:A2:0E:13') ('Header', '48') ('RSSI', -56)
Data:  24:0A:C4:23:D9:B0 ('Channel', 5) ('MAC', 'B8:63:4D:A2:0E:13') ('Header', '48') ('RSSI', -53)
Data:  24:0A:C4:23:C1:EC ('Channel', 5) ('MAC', 'B8:63:4D:A2:0E:13') ('Header', '48') ('RSSI', -56)
Data:  24:0A:C4:23:D9:B0 ('Channel', 5) ('MAC', 'B8:63:4D:A2:0E:13') ('Header', '48') ('RSSI', -53)
Data:  24:0A:C4:23:C1:EC ('Channel', 5) ('MAC', 'B8:63:4D:A2:0E:13') ('Header', '48') ('RSSI', -56)
Data:  24:0A:C4:23:D9:B0 ('Channel', 5) ('MAC', 'B8:63:4D:A2:0E:13') ('Header', '48') ('RSSI', -53)
Data:  24:0A:C4:23:C1:EC ('Channel', 5) ('MAC', 'B8:63:4D:A2:0E:13') ('Header', '48') ('RSSI', -56)
Data:  24:0A:C4:23:C1:EC ('Channel', 5) ('MAC', 'B8:63:4D:A2:0E:13') ('Header', '48') ('RSSI', -56)
Data:  24:0A:C4:23:D9:B0 ('Channel', 5) ('MAC', 'B8:63:4D:A2:0E:13') ('Header', '48') ('RSSI', -53)
Data:  24:0A:C4:23:D9:B0 ('Channel', 5) ('MAC', 'B8:63:4D:A2:0E:13') ('Header', '48') ('RSSI', -53)
Data:  24:0A:C4:23:C1:EC ('Channel', 5) ('MAC', 'B8:63:4D:A2:0E:13') ('Header', '48') ('RSSI', -56)
Data:  24:0A:C4:23:D9:B0 ('Channel', 5) ('MAC', 'B8:63:4D:A2:0E:13') ('Header', '48') ('RSSI', -53)
[-45, -49, -52, -52, -52, -53, -53, -52, -52, -52, -52, -52, -52, -52, -53, -52, -52, -52, -53, -53, -53, -53, -53]
[-56, -67, -67, -57, -56, -56, -56, -56, -56, -55, -55, -55, -56, -56, -56, -56, -56, -56, -56, -56, -56, -56, -56, -56]
Summary:  3C:71:BF:99:F9:E0 600 {}
Summary:  24:0A:C4:23:D9:B0 280 {'B8:63:4D:A2:0E:13': -51.9}
Summary:  24:0A:C4:23:C1:EC 549 {'B8:63:4D:A2:0E:13': -56.8}
Data:  24:0A:C4:23:C1:EC ('Channel', 5) ('MAC', 'B8:63:4D:A2:0E:13') ('Header', '48') ('RSSI', -56)
Data:  24:0A:C4:23:D9:B0 ('Channel', 5) ('MAC', 'B8:63:4D:A2:0E:13') ('Header', '48') ('RSSI', -53)
Data:  24:0A:C4:23:C1:EC ('Channel', 5) ('MAC', 'B8:63:4D:A2:0E:13') ('Header', '48') ('RSSI', -55)
Data:  24:0A:C4:23:D9:B0 ('Channel', 5) ('MAC', 'B8:63:4D:A2:0E:13') ('Header', '48') ('RSSI', -52)
Data:  24:0A:C4:23:D9:B0 ('Channel', 5) ('MAC', 'B8:63:4D:A2:0E:13') ('Header', '48') ('RSSI', -52)
Data:  24:0A:C4:23:C1:EC ('Channel', 5) ('MAC', 'B8:63:4D:A2:0E:13') ('Header', '48') ('RSSI', -55)
Data:  24:0A:C4:23:D9:B0 ('Channel', 5) ('MAC', 'B8:63:4D:A2:0E:13') ('Header', '48') ('RSSI', -53)
Data:  24:0A:C4:23:C1:EC ('Channel', 5) ('MAC', 'B8:63:4D:A2:0E:13') ('Header', '48') ('RSSI', -55)
Data:  24:0A:C4:23:C1:EC ('Channel', 5) ('MAC', 'B8:63:4D:A2:0E:13') ('Header', '48') ('RSSI', -55)
Data:  24:0A:C4:23:D9:B0 ('Channel', 5) ('MAC', 'B8:63:4D:A2:0E:13') ('Header', '48') ('RSSI', -53)
Data:  24:0A:C4:23:C1:EC ('Channel', 5) ('MAC', 'B8:63:4D:A2:0E:13') ('Header', '48') ('RSSI', -55)
Data:  24:0A:C4:23:D9:B0 ('Channel', 5) ('MAC', 'B8:63:4D:A2:0E:13') ('Header', '48') ('RSSI', -52)
Data:  24:0A:C4:23:C1:EC ('Channel', 5) ('MAC', 'B8:63:4D:A2:0E:13') ('Header', '48') ('RSSI', -55)
Data:  24:0A:C4:23:D9:B0 ('Channel', 5) ('MAC', 'B8:63:4D:A2:0E:13') ('Header', '48') ('RSSI', -52)
Data:  24:0A:C4:23:C1:EC ('Channel', 5) ('MAC', 'B8:63:4D:A2:0E:13') ('Header', '48') ('RSSI', -56)
Data:  24:0A:C4:23:D9:B0 ('Channel', 5) ('MAC', 'B8:63:4D:A2:0E:13') ('Header', '48') ('RSSI', -52)
Data:  24:0A:C4:23:D9:B0 ('Channel', 5) ('MAC', 'B8:63:4D:A2:0E:13') ('Header', '48') ('RSSI', -52)
Data:  24:0A:C4:23:C1:EC ('Channel', 5) ('MAC', 'B8:63:4D:A2:0E:13') ('Header', '48') ('RSSI', -56)
Data:  24:0A:C4:23:C1:EC ('Channel', 5) ('MAC', 'B8:63:4D:A2:0E:13') ('Header', '48') ('RSSI', -56)
Data:  24:0A:C4:23:D9:B0 ('Channel', 5) ('MAC', 'B8:63:4D:A2:0E:13') ('Header', '48') ('RSSI', -52)
Data:  24:0A:C4:23:C1:EC ('Channel', 5) ('MAC', 'B8:63:4D:A2:0E:13') ('Header', '48') ('RSSI', -56)
Data:  24:0A:C4:23:D9:B0 ('Channel', 5) ('MAC', 'B8:63:4D:A2:0E:13') ('Header', '48') ('RSSI', -52)
Data:  24:0A:C4:23:D9:B0 ('Channel', 5) ('MAC', 'B8:63:4D:A2:0E:13') ('Header', '48') ('RSSI', -52)
Data:  24:0A:C4:23:D9:B0 ('Channel', 5) ('MAC', 'B8:63:4D:A2:0E:13') ('Header', '48') ('RSSI', -52)
Data:  24:0A:C4:23:C1:EC ('Channel', 5) ('MAC', 'B8:63:4D:A2:0E:13') ('Header', '48') ('RSSI', -56)
Data:  24:0A:C4:23:D9:B0 ('Channel', 5) ('MAC', 'B8:63:4D:A2:0E:13') ('Header', '48') ('RSSI', -52)
Data:  24:0A:C4:23:C1:EC ('Channel', 5) ('MAC', 'B8:63:4D:A2:0E:13') ('Header', '48') ('RSSI', -56)
Data:  24:0A:C4:23:D9:B0 ('Channel', 5) ('MAC', 'B8:63:4D:A2:0E:13') ('Header', '48') ('RSSI', -52)
Data:  24:0A:C4:23:C1:EC ('Channel', 5) ('MAC', 'B8:63:4D:A2:0E:13') ('Header', '48') ('RSSI', -56)
Data:  24:0A:C4:23:C1:EC ('Channel', 5) ('MAC', 'B8:63:4D:A2:0E:13') ('Header', '48') ('RSSI', -56)
Data:  24:0A:C4:23:D9:B0 ('Channel', 5) ('MAC', 'B8:63:4D:A2:0E:13') ('Header', '48') ('RSSI', -52)
Data:  24:0A:C4:23:C1:EC ('Channel', 5) ('MAC', 'B8:63:4D:A2:0E:13') ('Header', '48') ('RSSI', -56)
Data:  24:0A:C4:23:D9:B0 ('Channel', 5) ('MAC', 'B8:63:4D:A2:0E:13') ('Header', '48') ('RSSI', -52)
Data:  24:0A:C4:23:C1:EC ('Channel', 5) ('MAC', 'B8:63:4D:A2:0E:13') ('Header', '48') ('RSSI', -55)
Data:  24:0A:C4:23:D9:B0 ('Channel', 5) ('MAC', 'B8:63:4D:A2:0E:13') ('Header', '48') ('RSSI', -52)
Data:  24:0A:C4:23:C1:EC ('Channel', 5) ('MAC', 'B8:63:4D:A2:0E:13') ('Header', '48') ('RSSI', -55)
Data:  24:0A:C4:23:D9:B0 ('Channel', 5) ('MAC', 'B8:63:4D:A2:0E:13') ('Header', '48') ('RSSI', -52)
Data:  24:0A:C4:23:C1:EC ('Channel', 5) ('MAC', 'B8:63:4D:A2:0E:13') ('Header', '48') ('RSSI', -56)
Data:  24:0A:C4:23:D9:B0 ('Channel', 5) ('MAC', 'B8:63:4D:A2:0E:13') ('Header', '48') ('RSSI', -52)
Data:  24:0A:C4:23:C1:EC ('Channel', 5) ('MAC', 'B8:63:4D:A2:0E:13') ('Header', '48') ('RSSI', -55)
Data:  24:0A:C4:23:D9:B0 ('Channel', 5) ('MAC', 'B8:63:4D:A2:0E:13') ('Header', '48') ('RSSI', -52)
Data:  24:0A:C4:23:C1:EC ('Channel', 5) ('MAC', 'B8:63:4D:A2:0E:13') ('Header', '48') ('RSSI', -55)
Data:  24:0A:C4:23:C1:EC ('Channel', 5) ('MAC', 'B8:63:4D:A2:0E:13') ('Header', '48') ('RSSI', -56)
Data:  24:0A:C4:23:C1:EC ('Channel', 5) ('MAC', 'B8:63:4D:A2:0E:13') ('Header', '48') ('RSSI', -55)
Data:  24:0A:C4:23:C1:EC ('Channel', 5) ('MAC', 'B8:63:4D:A2:0E:13') ('Header', '48') ('RSSI', -55)
Data:  24:0A:C4:23:D9:B0 ('Channel', 5) ('MAC', 'B8:63:4D:A2:0E:13') ('Header', '48') ('RSSI', -52)
Data:  24:0A:C4:23:D9:B0 ('Channel', 5) ('MAC', 'B8:63:4D:A2:0E:13') ('Header', '48') ('RSSI', -52)
Data:  24:0A:C4:23:D9:B0 ('Channel', 5) ('MAC', 'B8:63:4D:A2:0E:13') ('Header', '48') ('RSSI', -52)
Data:  24:0A:C4:23:D9:B0 ('Channel', 5) ('MAC', 'B8:63:4D:A2:0E:13') ('Header', '48') ('RSSI', -52)
Data:  24:0A:C4:23:C1:EC ('Channel', 5) ('MAC', 'B8:63:4D:A2:0E:13') ('Header', '48') ('RSSI', -56)
Data:  24:0A:C4:23:D9:B0 ('Channel', 5) ('MAC', 'B8:63:4D:A2:0E:13') ('Header', '48') ('RSSI', -52)
Data:  24:0A:C4:23:D9:B0 ('Channel', 5) ('MAC', 'B8:63:4D:A2:0E:13') ('Header', '48') ('RSSI', -52)
Data:  24:0A:C4:23:C1:EC ('Channel', 5) ('MAC', 'B8:63:4D:A2:0E:13') ('Header', '48') ('RSSI', -56)
Data:  24:0A:C4:23:D9:B0 ('Channel', 5) ('MAC', 'B8:63:4D:A2:0E:13') ('Header', '48') ('RSSI', -52)
Data:  24:0A:C4:23:C1:EC ('Channel', 5) ('MAC', 'B8:63:4D:A2:0E:13') ('Header', '48') ('RSSI', -55)
Data:  24:0A:C4:23:D9:B0 ('Channel', 5) ('MAC', 'B8:63:4D:A2:0E:13') ('Header', '48') ('RSSI', -52)
Data:  24:0A:C4:23:C1:EC ('Channel', 5) ('MAC', 'B8:63:4D:A2:0E:13') ('Header', '48') ('RSSI', -55)
Data:  24:0A:C4:23:C1:EC ('Channel', 5) ('MAC', 'B8:63:4D:A2:0E:13') ('Header', '48') ('RSSI', -55)
Data:  24:0A:C4:23:D9:B0 ('Channel', 5) ('MAC', 'B8:63:4D:A2:0E:13') ('Header', '48') ('RSSI', -52)
Data:  24:0A:C4:23:D9:B0 ('Channel', 5) ('MAC', 'B8:63:4D:A2:0E:13') ('Header', '48') ('RSSI', -53)
Data:  24:0A:C4:23:C1:EC ('Channel', 5) ('MAC', 'B8:63:4D:A2:0E:13') ('Header', '48') ('RSSI', -56)
Data:  24:0A:C4:23:D9:B0 ('Channel', 5) ('MAC', 'B8:63:4D:A2:0E:13') ('Header', '48') ('RSSI', -52)
Data:  24:0A:C4:23:C1:EC ('Channel', 5) ('MAC', 'B8:63:4D:A2:0E:13') ('Header', '48') ('RSSI', -56)
Data:  24:0A:C4:23:C1:EC ('Channel', 5) ('MAC', 'B8:63:4D:A2:0E:13') ('Header', '48') ('RSSI', -55)
Data:  24:0A:C4:23:D9:B0 ('Channel', 5) ('MAC', 'B8:63:4D:A2:0E:13') ('Header', '48') ('RSSI', -52)
Data:  24:0A:C4:23:C1:EC ('Channel', 5) ('MAC', 'B8:63:4D:A2:0E:13') ('Header', '48') ('RSSI', -55)
Data:  24:0A:C4:23:D9:B0 ('Channel', 5) ('MAC', 'B8:63:4D:A2:0E:13') ('Header', '48') ('RSSI', -52)
Data:  24:0A:C4:23:C1:EC ('Channel', 5) ('MAC', 'B8:63:4D:A2:0E:13') ('Header', '48') ('RSSI', -55)
Data:  24:0A:C4:23:D9:B0 ('Channel', 5) ('MAC', 'B8:63:4D:A2:0E:13') ('Header', '48') ('RSSI', -52)
Data:  24:0A:C4:23:C1:EC ('Channel', 5) ('MAC', 'B8:63:4D:A2:0E:13') ('Header', '48') ('RSSI', -56)
Data:  24:0A:C4:23:D9:B0 ('Channel', 5) ('MAC', 'B8:63:4D:A2:0E:13') ('Header', '48') ('RSSI', -52)
[-53, -53, -52, -52, -53, -53, -52, -52, -52, -52, -52, -52, -52, -52, -52, -52, -52, -52, -52, -52, -52, -52, -52, -52, -52, -52, -52, -52, -52, -52, -52, -53, -52, -52, -52, -52]
[-56, -55, -55, -55, -55, -55, -55, -56, -56, -56, -56, -56, -56, -56, -56, -56, -55, -55, -56, -55, -55, -56, -55, -55, -56, -56, -55, -55, -55, -56, -56, -55, -55, -55, -56]
Summary:  3C:71:BF:99:F9:E0 600 {}
Summary:  24:0A:C4:23:D9:B0 280 {'B8:63:4D:A2:0E:13': -52.1}
Summary:  24:0A:C4:23:C1:EC 549 {'B8:63:4D:A2:0E:13': -55.5}
Data:  24:0A:C4:23:C1:EC ('Channel', 5) ('MAC', 'B8:63:4D:A2:0E:13') ('Header', '48') ('RSSI', -56)
Data:  24:0A:C4:23:D9:B0 ('Channel', 5) ('MAC', 'B8:63:4D:A2:0E:13') ('Header', '48') ('RSSI', -52)
Data:  24:0A:C4:23:C1:EC ('Channel', 5) ('MAC', 'B8:63:4D:A2:0E:13') ('Header', '48') ('RSSI', -56)
Data:  24:0A:C4:23:D9:B0 ('Channel', 5) ('MAC', 'B8:63:4D:A2:0E:13') ('Header', '48') ('RSSI', -51)
Data:  24:0A:C4:23:C1:EC ('Channel', 5) ('MAC', 'B8:63:4D:A2:0E:13') ('Header', '48') ('RSSI', -56)
Data:  24:0A:C4:23:D9:B0 ('Channel', 5) ('MAC', 'B8:63:4D:A2:0E:13') ('Header', '48') ('RSSI', -52)
Data:  24:0A:C4:23:C1:EC ('Channel', 5) ('MAC', 'B8:63:4D:A2:0E:13') ('Header', '48') ('RSSI', -55)
Data:  24:0A:C4:23:D9:B0 ('Channel', 5) ('MAC', 'B8:63:4D:A2:0E:13') ('Header', '48') ('RSSI', -52)
Data:  24:0A:C4:23:C1:EC ('Channel', 5) ('MAC', 'B8:63:4D:A2:0E:13') ('Header', '48') ('RSSI', -55)
Data:  24:0A:C4:23:D9:B0 ('Channel', 5) ('MAC', 'B8:63:4D:A2:0E:13') ('Header', '48') ('RSSI', -52)
Data:  24:0A:C4:23:C1:EC ('Channel', 5) ('MAC', 'B8:63:4D:A2:0E:13') ('Header', '48') ('RSSI', -56)
Data:  24:0A:C4:23:D9:B0 ('Channel', 5) ('MAC', 'B8:63:4D:A2:0E:13') ('Header', '48') ('RSSI', -52)
Data:  24:0A:C4:23:C1:EC ('Channel', 5) ('MAC', 'B8:63:4D:A2:0E:13') ('Header', '48') ('RSSI', -56)
Data:  24:0A:C4:23:C1:EC ('Channel', 5) ('MAC', 'B8:63:4D:A2:0E:13') ('Header', '48') ('RSSI', -56)
Data:  24:0A:C4:23:D9:B0 ('Channel', 5) ('MAC', 'B8:63:4D:A2:0E:13') ('Header', '48') ('RSSI', -52)
Data:  24:0A:C4:23:D9:B0 ('Channel', 5) ('MAC', 'B8:63:4D:A2:0E:13') ('Header', '48') ('RSSI', -52)
Data:  24:0A:C4:23:C1:EC ('Channel', 5) ('MAC', 'B8:63:4D:A2:0E:13') ('Header', '48') ('RSSI', -56)
Data:  24:0A:C4:23:D9:B0 ('Channel', 5) ('MAC', 'B8:63:4D:A2:0E:13') ('Header', '48') ('RSSI', -52)
Data:  24:0A:C4:23:C1:EC ('Channel', 5) ('MAC', 'B8:63:4D:A2:0E:13') ('Header', '48') ('RSSI', -57)
Data:  24:0A:C4:23:D9:B0 ('Channel', 5) ('MAC', 'B8:63:4D:A2:0E:13') ('Header', '48') ('RSSI', -52)
Data:  24:0A:C4:23:C1:EC ('Channel', 5) ('MAC', 'B8:63:4D:A2:0E:13') ('Header', '48') ('RSSI', -55)
Data:  24:0A:C4:23:D9:B0 ('Channel', 5) ('MAC', 'B8:63:4D:A2:0E:13') ('Header', '48') ('RSSI', -52)
Data:  24:0A:C4:23:C1:EC ('Channel', 5) ('MAC', 'B8:63:4D:A2:0E:13') ('Header', '48') ('RSSI', -55)
Data:  24:0A:C4:23:D9:B0 ('Channel', 5) ('MAC', 'B8:63:4D:A2:0E:13') ('Header', '48') ('RSSI', -52)
Data:  24:0A:C4:23:C1:EC ('Channel', 5) ('MAC', 'B8:63:4D:A2:0E:13') ('Header', '48') ('RSSI', -56)
Data:  24:0A:C4:23:D9:B0 ('Channel', 5) ('MAC', 'B8:63:4D:A2:0E:13') ('Header', '48') ('RSSI', -53)
Data:  24:0A:C4:23:C1:EC ('Channel', 5) ('MAC', 'B8:63:4D:A2:0E:13') ('Header', '48') ('RSSI', -56)
Data:  24:0A:C4:23:D9:B0 ('Channel', 5) ('MAC', 'B8:63:4D:A2:0E:13') ('Header', '48') ('RSSI', -52)
Data:  24:0A:C4:23:C1:EC ('Channel', 5) ('MAC', 'B8:63:4D:A2:0E:13') ('Header', '48') ('RSSI', -56)
Data:  24:0A:C4:23:C1:EC ('Channel', 5) ('MAC', 'B8:63:4D:A2:0E:13') ('Header', '48') ('RSSI', -56)
Data:  24:0A:C4:23:C1:EC ('Channel', 5) ('MAC', 'B8:63:4D:A2:0E:13') ('Header', '48') ('RSSI', -55)
Data:  24:0A:C4:23:D9:B0 ('Channel', 5) ('MAC', 'B8:63:4D:A2:0E:13') ('Header', '48') ('RSSI', -52)
Data:  24:0A:C4:23:D9:B0 ('Channel', 5) ('MAC', 'B8:63:4D:A2:0E:13') ('Header', '48') ('RSSI', -52)
Data:  24:0A:C4:23:D9:B0 ('Channel', 5) ('MAC', 'B8:63:4D:A2:0E:13') ('Header', '48') ('RSSI', -52)
Data:  24:0A:C4:23:C1:EC ('Channel', 5) ('MAC', 'B8:63:4D:A2:0E:13') ('Header', '48') ('RSSI', -56)
Data:  24:0A:C4:23:D9:B0 ('Channel', 5) ('MAC', 'B8:63:4D:A2:0E:13') ('Header', '48') ('RSSI', -52)
Data:  24:0A:C4:23:C1:EC ('Channel', 5) ('MAC', 'B8:63:4D:A2:0E:13') ('Header', '48') ('RSSI', -56)
Data:  24:0A:C4:23:D9:B0 ('Channel', 5) ('MAC', 'B8:63:4D:A2:0E:13') ('Header', '48') ('RSSI', -53)
Data:  24:0A:C4:23:C1:EC ('Channel', 5) ('MAC', 'B8:63:4D:A2:0E:13') ('Header', '48') ('RSSI', -55)
Data:  24:0A:C4:23:D9:B0 ('Channel', 5) ('MAC', 'B8:63:4D:A2:0E:13') ('Header', '48') ('RSSI', -52)
Data:  24:0A:C4:23:C1:EC ('Channel', 5) ('MAC', 'B8:63:4D:A2:0E:13') ('Header', '48') ('RSSI', -56)
Data:  24:0A:C4:23:D9:B0 ('Channel', 5) ('MAC', 'B8:63:4D:A2:0E:13') ('Header', '48') ('RSSI', -52)
Data:  24:0A:C4:23:C1:EC ('Channel', 5) ('MAC', 'B8:63:4D:A2:0E:13') ('Header', '48') ('RSSI', -56)
Data:  24:0A:C4:23:D9:B0 ('Channel', 5) ('MAC', 'B8:63:4D:A2:0E:13') ('Header', '48') ('RSSI', -54)
Data:  24:0A:C4:23:C1:EC ('Channel', 5) ('MAC', 'B8:63:4D:A2:0E:13') ('Header', '48') ('RSSI', -56)
Data:  24:0A:C4:23:D9:B0 ('Channel', 5) ('MAC', 'B8:63:4D:A2:0E:13') ('Header', '48') ('RSSI', -52)
Data:  24:0A:C4:23:D9:B0 ('Channel', 5) ('MAC', 'B8:63:4D:A2:0E:13') ('Header', '48') ('RSSI', -51)
Data:  24:0A:C4:23:C1:EC ('Channel', 5) ('MAC', 'B8:63:4D:A2:0E:13') ('Header', '48') ('RSSI', -55)
Data:  24:0A:C4:23:D9:B0 ('Channel', 5) ('MAC', 'B8:63:4D:A2:0E:13') ('Header', '48') ('RSSI', -52)
Data:  24:0A:C4:23:C1:EC ('Channel', 5) ('MAC', 'B8:63:4D:A2:0E:13') ('Header', '48') ('RSSI', -56)
Data:  24:0A:C4:23:C1:EC ('Channel', 5) ('MAC', 'B8:63:4D:A2:0E:13') ('Header', '48') ('RSSI', -57)
Data:  24:0A:C4:23:D9:B0 ('Channel', 5) ('MAC', 'B8:63:4D:A2:0E:13') ('Header', '48') ('RSSI', -52)
Data:  24:0A:C4:23:C1:EC ('Channel', 5) ('MAC', 'B8:63:4D:A2:0E:13') ('Header', '48') ('RSSI', -56)
Data:  24:0A:C4:23:D9:B0 ('Channel', 5) ('MAC', 'B8:63:4D:A2:0E:13') ('Header', '48') ('RSSI', -52)
Data:  24:0A:C4:23:C1:EC ('Channel', 5) ('MAC', 'B8:63:4D:A2:0E:13') ('Header', '48') ('RSSI', -56)
Data:  24:0A:C4:23:D9:B0 ('Channel', 5) ('MAC', 'B8:63:4D:A2:0E:13') ('Header', '48') ('RSSI', -52)
Data:  24:0A:C4:23:C1:EC ('Channel', 5) ('MAC', 'B8:63:4D:A2:0E:13') ('Header', '48') ('RSSI', -55)
Data:  24:0A:C4:23:D9:B0 ('Channel', 5) ('MAC', 'B8:63:4D:A2:0E:13') ('Header', '48') ('RSSI', -52)
Data:  24:0A:C4:23:C1:EC ('Channel', 5) ('MAC', 'B8:63:4D:A2:0E:13') ('Header', '48') ('RSSI', -58)
Data:  24:0A:C4:23:D9:B0 ('Channel', 5) ('MAC', 'B8:63:4D:A2:0E:13') ('Header', '48') ('RSSI', -52)
Data:  24:0A:C4:23:C1:EC ('Channel', 5) ('MAC', 'B8:63:4D:A2:0E:13') ('Header', '48') ('RSSI', -56)
Data:  24:0A:C4:23:D9:B0 ('Channel', 5) ('MAC', 'B8:63:4D:A2:0E:13') ('Header', '48') ('RSSI', -52)
Data:  24:0A:C4:23:C1:EC ('Channel', 5) ('MAC', 'B8:63:4D:A2:0E:13') ('Header', '48') ('RSSI', -61)
Data:  24:0A:C4:23:D9:B0 ('Channel', 5) ('MAC', 'B8:63:4D:A2:0E:13') ('Header', '48') ('RSSI', -53)
Data:  24:0A:C4:23:C1:EC ('Channel', 5) ('MAC', 'B8:63:4D:A2:0E:13') ('Header', '48') ('RSSI', -60)
Data:  24:0A:C4:23:D9:B0 ('Channel', 5) ('MAC', 'B8:63:4D:A2:0E:13') ('Header', '48') ('RSSI', -52)
Data:  24:0A:C4:23:C1:EC ('Channel', 5) ('MAC', 'B8:63:4D:A2:0E:13') ('Header', '48') ('RSSI', -56)
Data:  24:0A:C4:23:D9:B0 ('Channel', 5) ('MAC', 'B8:63:4D:A2:0E:13') ('Header', '48') ('RSSI', -53)
Data:  24:0A:C4:23:C1:EC ('Channel', 5) ('MAC', 'B8:63:4D:A2:0E:13') ('Header', '48') ('RSSI', -56)
Data:  24:0A:C4:23:D9:B0 ('Channel', 5) ('MAC', 'B8:63:4D:A2:0E:13') ('Header', '48') ('RSSI', -52)
Data:  24:0A:C4:23:C1:EC ('Channel', 5) ('MAC', 'B8:63:4D:A2:0E:13') ('Header', '48') ('RSSI', -55)
Data:  24:0A:C4:23:D9:B0 ('Channel', 5) ('MAC', 'B8:63:4D:A2:0E:13') ('Header', '48') ('RSSI', -52)
Data:  24:0A:C4:23:D9:B0 ('Channel', 5) ('MAC', 'B8:63:4D:A2:0E:13') ('Header', '48') ('RSSI', -52)
[-52, -52, -51, -52, -52, -52, -52, -52, -52, -52, -52, -52, -52, -53, -52, -52, -52, -52, -52, -53, -52, -52, -54, -52, -51, -52, -52, -52, -52, -52, -52, -52, -53, -52, -53, -52, -52, -52]
[-56, -56, -56, -55, -55, -56, -56, -56, -56, -57, -55, -55, -56, -56, -56, -56, -55, -56, -56, -55, -56, -56, -56, -55, -56, -57, -56, -56, -55, -58, -56, -61, -60, -56, -56, -55]
Summary:  3C:71:BF:99:F9:E0 600 {}
Summary:  24:0A:C4:23:D9:B0 280 {'B8:63:4D:A2:0E:13': -52.1}
Summary:  24:0A:C4:23:C1:EC 549 {'B8:63:4D:A2:0E:13': -56.1}
Data:  24:0A:C4:23:C1:EC ('Channel', 5) ('MAC', 'B8:63:4D:A2:0E:13') ('Header', '48') ('RSSI', -57)
Data:  24:0A:C4:23:C1:EC ('Channel', 5) ('MAC', 'B8:63:4D:A2:0E:13') ('Header', '48') ('RSSI', -56)
Data:  24:0A:C4:23:C1:EC ('Channel', 5) ('MAC', 'B8:63:4D:A2:0E:13') ('Header', '48') ('RSSI', -56)
Data:  24:0A:C4:23:D9:B0 ('Channel', 5) ('MAC', 'B8:63:4D:A2:0E:13') ('Header', '48') ('RSSI', -51)
Data:  24:0A:C4:23:C1:EC ('Channel', 5) ('MAC', 'B8:63:4D:A2:0E:13') ('Header', '48') ('RSSI', -55)
Data:  24:0A:C4:23:D9:B0 ('Channel', 5) ('MAC', 'B8:63:4D:A2:0E:13') ('Header', '48') ('RSSI', -51)
Data:  24:0A:C4:23:C1:EC ('Channel', 5) ('MAC', 'B8:63:4D:A2:0E:13') ('Header', '48') ('RSSI', -57)
Data:  24:0A:C4:23:D9:B0 ('Channel', 5) ('MAC', 'B8:63:4D:A2:0E:13') ('Header', '48') ('RSSI', -53)
Data:  24:0A:C4:23:D9:B0 ('Channel', 5) ('MAC', 'B8:63:4D:A2:0E:13') ('Header', '48') ('RSSI', -52)
Data:  24:0A:C4:23:D9:B0 ('Channel', 5) ('MAC', 'B8:63:4D:A2:0E:13') ('Header', '48') ('RSSI', -52)
Data:  24:0A:C4:23:C1:EC ('Channel', 5) ('MAC', 'B8:63:4D:A2:0E:13') ('Header', '48') ('RSSI', -56)
Data:  24:0A:C4:23:D9:B0 ('Channel', 5) ('MAC', 'B8:63:4D:A2:0E:13') ('Header', '48') ('RSSI', -52)
Data:  24:0A:C4:23:D9:B0 ('Channel', 5) ('MAC', 'B8:63:4D:A2:0E:13') ('Header', '48') ('RSSI', -53)
Data:  24:0A:C4:23:D9:B0 ('Channel', 5) ('MAC', 'B8:63:4D:A2:0E:13') ('Header', '48') ('RSSI', -52)
Data:  24:0A:C4:23:C1:EC ('Channel', 5) ('MAC', 'B8:63:4D:A2:0E:13') ('Header', '48') ('RSSI', -56)
Data:  24:0A:C4:23:C1:EC ('Channel', 5) ('MAC', 'B8:63:4D:A2:0E:13') ('Header', '48') ('RSSI', -57)
Data:  24:0A:C4:23:C1:EC ('Channel', 5) ('MAC', 'B8:63:4D:A2:0E:13') ('Header', '48') ('RSSI', -55)
Data:  24:0A:C4:23:D9:B0 ('Channel', 5) ('MAC', 'B8:63:4D:A2:0E:13') ('Header', '48') ('RSSI', -51)
Data:  24:0A:C4:23:C1:EC ('Channel', 5) ('MAC', 'B8:63:4D:A2:0E:13') ('Header', '48') ('RSSI', -55)
Data:  24:0A:C4:23:D9:B0 ('Channel', 5) ('MAC', 'B8:63:4D:A2:0E:13') ('Header', '48') ('RSSI', -51)
Data:  24:0A:C4:23:C1:EC ('Channel', 5) ('MAC', 'B8:63:4D:A2:0E:13') ('Header', '48') ('RSSI', -55)
Data:  24:0A:C4:23:D9:B0 ('Channel', 5) ('MAC', 'B8:63:4D:A2:0E:13') ('Header', '48') ('RSSI', -51)
Data:  24:0A:C4:23:C1:EC ('Channel', 5) ('MAC', 'B8:63:4D:A2:0E:13') ('Header', '48') ('RSSI', -55)
Data:  24:0A:C4:23:D9:B0 ('Channel', 5) ('MAC', 'B8:63:4D:A2:0E:13') ('Header', '48') ('RSSI', -51)
Data:  24:0A:C4:23:D9:B0 ('Channel', 5) ('MAC', 'B8:63:4D:A2:0E:13') ('Header', '48') ('RSSI', -51)
Data:  24:0A:C4:23:D9:B0 ('Channel', 5) ('MAC', 'B8:63:4D:A2:0E:13') ('Header', '48') ('RSSI', -51)
Data:  24:0A:C4:23:C1:EC ('Channel', 5) ('MAC', 'B8:63:4D:A2:0E:13') ('Header', '48') ('RSSI', -56)
Data:  24:0A:C4:23:C1:EC ('Channel', 5) ('MAC', 'B8:63:4D:A2:0E:13') ('Header', '48') ('RSSI', -55)
Data:  24:0A:C4:23:C1:EC ('Channel', 5) ('MAC', 'B8:63:4D:A2:0E:13') ('Header', '48') ('RSSI', -57)
Data:  24:0A:C4:23:D9:B0 ('Channel', 5) ('MAC', 'B8:63:4D:A2:0E:13') ('Header', '48') ('RSSI', -52)
Data:  24:0A:C4:23:C1:EC ('Channel', 5) ('MAC', 'B8:63:4D:A2:0E:13') ('Header', '48') ('RSSI', -57)
Data:  24:0A:C4:23:C1:EC ('Channel', 5) ('MAC', 'B8:63:4D:A2:0E:13') ('Header', '48') ('RSSI', -56)
Data:  24:0A:C4:23:D9:B0 ('Channel', 5) ('MAC', 'B8:63:4D:A2:0E:13') ('Header', '48') ('RSSI', -52)
Data:  24:0A:C4:23:C1:EC ('Channel', 5) ('MAC', 'B8:63:4D:A2:0E:13') ('Header', '48') ('RSSI', -57)
Data:  24:0A:C4:23:D9:B0 ('Channel', 5) ('MAC', 'B8:63:4D:A2:0E:13') ('Header', '48') ('RSSI', -52)
Data:  24:0A:C4:23:C1:EC ('Channel', 5) ('MAC', 'B8:63:4D:A2:0E:13') ('Header', '48') ('RSSI', -56)
Data:  24:0A:C4:23:D9:B0 ('Channel', 5) ('MAC', 'B8:63:4D:A2:0E:13') ('Header', '48') ('RSSI', -51)
Data:  24:0A:C4:23:C1:EC ('Channel', 5) ('MAC', 'B8:63:4D:A2:0E:13') ('Header', '48') ('RSSI', -57)
Data:  24:0A:C4:23:D9:B0 ('Channel', 5) ('MAC', 'B8:63:4D:A2:0E:13') ('Header', '48') ('RSSI', -52)
Data:  24:0A:C4:23:C1:EC ('Channel', 5) ('MAC', 'B8:63:4D:A2:0E:13') ('Header', '48') ('RSSI', -56)
Data:  24:0A:C4:23:D9:B0 ('Channel', 5) ('MAC', 'B8:63:4D:A2:0E:13') ('Header', '48') ('RSSI', -52)
Data:  24:0A:C4:23:C1:EC ('Channel', 5) ('MAC', 'B8:63:4D:A2:0E:13') ('Header', '48') ('RSSI', -56)
Data:  24:0A:C4:23:D9:B0 ('Channel', 5) ('MAC', 'B8:63:4D:A2:0E:13') ('Header', '48') ('RSSI', -52)
Data:  24:0A:C4:23:C1:EC ('Channel', 5) ('MAC', 'B8:63:4D:A2:0E:13') ('Header', '48') ('RSSI', -56)
Data:  24:0A:C4:23:D9:B0 ('Channel', 5) ('MAC', 'B8:63:4D:A2:0E:13') ('Header', '48') ('RSSI', -52)
Data:  24:0A:C4:23:D9:B0 ('Channel', 5) ('MAC', 'B8:63:4D:A2:0E:13') ('Header', '48') ('RSSI', -51)
Data:  24:0A:C4:23:D9:B0 ('Channel', 5) ('MAC', 'B8:63:4D:A2:0E:13') ('Header', '48') ('RSSI', -52)
Data:  24:0A:C4:23:D9:B0 ('Channel', 5) ('MAC', 'B8:63:4D:A2:0E:13') ('Header', '48') ('RSSI', -52)
Data:  24:0A:C4:23:C1:EC ('Channel', 5) ('MAC', 'B8:63:4D:A2:0E:13') ('Header', '48') ('RSSI', -56)
Data:  24:0A:C4:23:C1:EC ('Channel', 5) ('MAC', 'B8:63:4D:A2:0E:13') ('Header', '48') ('RSSI', -56)
Data:  24:0A:C4:23:C1:EC ('Channel', 5) ('MAC', 'B8:63:4D:A2:0E:13') ('Header', '48') ('RSSI', -56)
Data:  24:0A:C4:23:C1:EC ('Channel', 5) ('MAC', 'B8:63:4D:A2:0E:13') ('Header', '48') ('RSSI', -58)
Data:  24:0A:C4:23:C1:EC ('Channel', 5) ('MAC', 'B8:63:4D:A2:0E:13') ('Header', '48') ('RSSI', -56)
Data:  24:0A:C4:23:D9:B0 ('Channel', 5) ('MAC', 'B8:63:4D:A2:0E:13') ('Header', '48') ('RSSI', -52)
Data:  24:0A:C4:23:C1:EC ('Channel', 5) ('MAC', 'B8:63:4D:A2:0E:13') ('Header', '48') ('RSSI', -56)
Data:  24:0A:C4:23:D9:B0 ('Channel', 5) ('MAC', 'B8:63:4D:A2:0E:13') ('Header', '48') ('RSSI', -52)
Data:  24:0A:C4:23:C1:EC ('Channel', 5) ('MAC', 'B8:63:4D:A2:0E:13') ('Header', '48') ('RSSI', -57)
Data:  24:0A:C4:23:D9:B0 ('Channel', 5) ('MAC', 'B8:63:4D:A2:0E:13') ('Header', '48') ('RSSI', -53)
Data:  24:0A:C4:23:C1:EC ('Channel', 5) ('MAC', 'B8:63:4D:A2:0E:13') ('Header', '48') ('RSSI', -56)
Data:  24:0A:C4:23:C1:EC ('Channel', 5) ('MAC', 'B8:63:4D:A2:0E:13') ('Header', '48') ('RSSI', -57)
Data:  24:0A:C4:23:D9:B0 ('Channel', 5) ('MAC', 'B8:63:4D:A2:0E:13') ('Header', '48') ('RSSI', -52)
Data:  24:0A:C4:23:D9:B0 ('Channel', 5) ('MAC', 'B8:63:4D:A2:0E:13') ('Header', '48') ('RSSI', -52)
Data:  24:0A:C4:23:D9:B0 ('Channel', 5) ('MAC', 'B8:63:4D:A2:0E:13') ('Header', '48') ('RSSI', -53)
Data:  24:0A:C4:23:C1:EC ('Channel', 5) ('MAC', 'B8:63:4D:A2:0E:13') ('Header', '48') ('RSSI', -56)
Data:  24:0A:C4:23:D9:B0 ('Channel', 5) ('MAC', 'B8:63:4D:A2:0E:13') ('Header', '48') ('RSSI', -53)
Data:  24:0A:C4:23:C1:EC ('Channel', 5) ('MAC', 'B8:63:4D:A2:0E:13') ('Header', '48') ('RSSI', -56)
Data:  24:0A:C4:23:C1:EC ('Channel', 5) ('MAC', 'B8:63:4D:A2:0E:13') ('Header', '48') ('RSSI', -57)
Data:  24:0A:C4:23:C1:EC ('Channel', 5) ('MAC', 'B8:63:4D:A2:0E:13') ('Header', '48') ('RSSI', -57)
Data:  24:0A:C4:23:D9:B0 ('Channel', 5) ('MAC', 'B8:63:4D:A2:0E:13') ('Header', '48') ('RSSI', -51)
Data:  24:0A:C4:23:C1:EC ('Channel', 5) ('MAC', 'B8:63:4D:A2:0E:13') ('Header', '48') ('RSSI', -56)
[-51, -51, -53, -52, -52, -52, -53, -52, -51, -51, -51, -51, -51, -51, -52, -52, -52, -51, -52, -52, -52, -52, -51, -52, -52, -52, -52, -53, -52, -52, -53, -53, -51]
[-57, -56, -56, -55, -57, -56, -56, -57, -55, -55, -55, -55, -56, -55, -57, -57, -56, -57, -56, -57, -56, -56, -56, -56, -56, -56, -58, -56, -56, -57, -56, -57, -56, -56, -57, -57, -56]
Summary:  3C:71:BF:99:F9:E0 600 {}
Summary:  24:0A:C4:23:D9:B0 280 {'B8:63:4D:A2:0E:13': -51.8}
Summary:  24:0A:C4:23:C1:EC 549 {'B8:63:4D:A2:0E:13': -56.2}
Data:  24:0A:C4:23:D9:B0 ('Channel', 5) ('MAC', 'B8:63:4D:A2:0E:13') ('Header', '48') ('RSSI', -51)
Data:  24:0A:C4:23:D9:B0 ('Channel', 5) ('MAC', 'B8:63:4D:A2:0E:13') ('Header', '48') ('RSSI', -52)
Data:  24:0A:C4:23:C1:EC ('Channel', 5) ('MAC', 'B8:63:4D:A2:0E:13') ('Header', '48') ('RSSI', -57)
Data:  24:0A:C4:23:D9:B0 ('Channel', 5) ('MAC', 'B8:63:4D:A2:0E:13') ('Header', '48') ('RSSI', -52)
Data:  24:0A:C4:23:C1:EC ('Channel', 5) ('MAC', 'B8:63:4D:A2:0E:13') ('Header', '48') ('RSSI', -56)
Data:  24:0A:C4:23:D9:B0 ('Channel', 5) ('MAC', 'B8:63:4D:A2:0E:13') ('Header', '48') ('RSSI', -51)
Data:  24:0A:C4:23:C1:EC ('Channel', 5) ('MAC', 'B8:63:4D:A2:0E:13') ('Header', '48') ('RSSI', -57)
Data:  24:0A:C4:23:D9:B0 ('Channel', 5) ('MAC', 'B8:63:4D:A2:0E:13') ('Header', '48') ('RSSI', -51)
Data:  24:0A:C4:23:C1:EC ('Channel', 5) ('MAC', 'B8:63:4D:A2:0E:13') ('Header', '48') ('RSSI', -56)
Data:  24:0A:C4:23:D9:B0 ('Channel', 5) ('MAC', 'B8:63:4D:A2:0E:13') ('Header', '48') ('RSSI', -52)
Data:  24:0A:C4:23:C1:EC ('Channel', 5) ('MAC', 'B8:63:4D:A2:0E:13') ('Header', '48') ('RSSI', -56)
Data:  24:0A:C4:23:D9:B0 ('Channel', 5) ('MAC', 'B8:63:4D:A2:0E:13') ('Header', '48') ('RSSI', -52)
Data:  24:0A:C4:23:D9:B0 ('Channel', 5) ('MAC', 'B8:63:4D:A2:0E:13') ('Header', '48') ('RSSI', -52)
Data:  24:0A:C4:23:D9:B0 ('Channel', 5) ('MAC', 'B8:63:4D:A2:0E:13') ('Header', '48') ('RSSI', -51)
Data:  24:0A:C4:23:C1:EC ('Channel', 5) ('MAC', 'B8:63:4D:A2:0E:13') ('Header', '48') ('RSSI', -55)
Data:  24:0A:C4:23:C1:EC ('Channel', 5) ('MAC', 'B8:63:4D:A2:0E:13') ('Header', '48') ('RSSI', -56)
Data:  24:0A:C4:23:D9:B0 ('Channel', 5) ('MAC', 'B8:63:4D:A2:0E:13') ('Header', '48') ('RSSI', -52)
Data:  24:0A:C4:23:C1:EC ('Channel', 5) ('MAC', 'B8:63:4D:A2:0E:13') ('Header', '48') ('RSSI', -56)
Data:  24:0A:C4:23:D9:B0 ('Channel', 5) ('MAC', 'B8:63:4D:A2:0E:13') ('Header', '48') ('RSSI', -52)
Data:  24:0A:C4:23:C1:EC ('Channel', 5) ('MAC', 'B8:63:4D:A2:0E:13') ('Header', '48') ('RSSI', -56)
Data:  24:0A:C4:23:D9:B0 ('Channel', 5) ('MAC', 'B8:63:4D:A2:0E:13') ('Header', '48') ('RSSI', -52)
Data:  24:0A:C4:23:C1:EC ('Channel', 5) ('MAC', 'B8:63:4D:A2:0E:13') ('Header', '48') ('RSSI', -56)
Data:  24:0A:C4:23:D9:B0 ('Channel', 5) ('MAC', 'B8:63:4D:A2:0E:13') ('Header', '48') ('RSSI', -52)
Data:  24:0A:C4:23:D9:B0 ('Channel', 5) ('MAC', 'B8:63:4D:A2:0E:13') ('Header', '48') ('RSSI', -52)
Data:  24:0A:C4:23:C1:EC ('Channel', 5) ('MAC', 'B8:63:4D:A2:0E:13') ('Header', '48') ('RSSI', -56)
Data:  24:0A:C4:23:D9:B0 ('Channel', 5) ('MAC', 'B8:63:4D:A2:0E:13') ('Header', '48') ('RSSI', -52)
Data:  24:0A:C4:23:D9:B0 ('Channel', 5) ('MAC', 'B8:63:4D:A2:0E:13') ('Header', '48') ('RSSI', -52)
Data:  24:0A:C4:23:C1:EC ('Channel', 5) ('MAC', 'B8:63:4D:A2:0E:13') ('Header', '48') ('RSSI', -57)
Data:  24:0A:C4:23:D9:B0 ('Channel', 5) ('MAC', 'B8:63:4D:A2:0E:13') ('Header', '48') ('RSSI', -53)
Data:  24:0A:C4:23:C1:EC ('Channel', 5) ('MAC', 'B8:63:4D:A2:0E:13') ('Header', '48') ('RSSI', -57)
Data:  24:0A:C4:23:C1:EC ('Channel', 5) ('MAC', 'B8:63:4D:A2:0E:13') ('Header', '48') ('RSSI', -56)
Data:  24:0A:C4:23:D9:B0 ('Channel', 5) ('MAC', 'B8:63:4D:A2:0E:13') ('Header', '48') ('RSSI', -52)
Data:  24:0A:C4:23:C1:EC ('Channel', 5) ('MAC', 'B8:63:4D:A2:0E:13') ('Header', '48') ('RSSI', -57)
Data:  24:0A:C4:23:D9:B0 ('Channel', 5) ('MAC', 'B8:63:4D:A2:0E:13') ('Header', '48') ('RSSI', -52)
Data:  24:0A:C4:23:C1:EC ('Channel', 5) ('MAC', 'B8:63:4D:A2:0E:13') ('Header', '48') ('RSSI', -57)
Data:  24:0A:C4:23:D9:B0 ('Channel', 5) ('MAC', 'B8:63:4D:A2:0E:13') ('Header', '48') ('RSSI', -52)
Data:  24:0A:C4:23:C1:EC ('Channel', 5) ('MAC', 'B8:63:4D:A2:0E:13') ('Header', '48') ('RSSI', -56)
Data:  24:0A:C4:23:C1:EC ('Channel', 5) ('MAC', 'B8:63:4D:A2:0E:13') ('Header', '48') ('RSSI', -57)
Data:  24:0A:C4:23:D9:B0 ('Channel', 5) ('MAC', 'B8:63:4D:A2:0E:13') ('Header', '48') ('RSSI', -52)
Data:  24:0A:C4:23:C1:EC ('Channel', 5) ('MAC', 'B8:63:4D:A2:0E:13') ('Header', '48') ('RSSI', -57)
Data:  24:0A:C4:23:D9:B0 ('Channel', 5) ('MAC', 'B8:63:4D:A2:0E:13') ('Header', '48') ('RSSI', -52)
Data:  24:0A:C4:23:D9:B0 ('Channel', 5) ('MAC', 'B8:63:4D:A2:0E:13') ('Header', '48') ('RSSI', -52)
Data:  24:0A:C4:23:D9:B0 ('Channel', 5) ('MAC', 'B8:63:4D:A2:0E:13') ('Header', '48') ('RSSI', -52)
Data:  24:0A:C4:23:C1:EC ('Channel', 5) ('MAC', 'B8:63:4D:A2:0E:13') ('Header', '48') ('RSSI', -57)
Data:  24:0A:C4:23:C1:EC ('Channel', 5) ('MAC', 'B8:63:4D:A2:0E:13') ('Header', '48') ('RSSI', -57)
Data:  24:0A:C4:23:D9:B0 ('Channel', 5) ('MAC', 'B8:63:4D:A2:0E:13') ('Header', '48') ('RSSI', -53)
[-51, -52, -52, -51, -51, -52, -52, -52, -51, -52, -52, -52, -52, -52, -52, -52, -53, -52, -52, -52, -52, -52, -52, -52]
[-57, -56, -57, -56, -56, -55, -56, -56, -56, -56, -56, -57, -57, -56, -57, -57, -56, -57, -57, -57, -57]
Summary:  3C:71:BF:99:F9:E0 600 {}
Summary:  24:0A:C4:23:D9:B0 280 {'B8:63:4D:A2:0E:13': -51.9}
Summary:  24:0A:C4:23:C1:EC 549 {'B8:63:4D:A2:0E:13': -56.4}
Data:  24:0A:C4:23:D9:B0 ('Channel', 5) ('MAC', 'B8:63:4D:A2:0E:13') ('Header', '48') ('RSSI', -53)
Data:  24:0A:C4:23:C1:EC ('Channel', 5) ('MAC', 'B8:63:4D:A2:0E:13') ('Header', '48') ('RSSI', -56)
Data:  24:0A:C4:23:C1:EC ('Channel', 5) ('MAC', 'B8:63:4D:A2:0E:13') ('Header', '48') ('RSSI', -70)
Data:  24:0A:C4:23:C1:EC ('Channel', 5) ('MAC', 'B8:63:4D:A2:0E:13') ('Header', '48') ('RSSI', -70)
Data:  24:0A:C4:23:D9:B0 ('Channel', 5) ('MAC', 'B8:63:4D:A2:0E:13') ('Header', '48') ('RSSI', -52)
Data:  24:0A:C4:23:D9:B0 ('Channel', 5) ('MAC', 'B8:63:4D:A2:0E:13') ('Header', '48') ('RSSI', -52)
Data:  24:0A:C4:23:D9:B0 ('Channel', 5) ('MAC', 'B8:63:4D:A2:0E:13') ('Header', '48') ('RSSI', -52)
Data:  24:0A:C4:23:C1:EC ('Channel', 5) ('MAC', 'B8:63:4D:A2:0E:13') ('Header', '48') ('RSSI', -57)
Data:  24:0A:C4:23:D9:B0 ('Channel', 5) ('MAC', 'B8:63:4D:A2:0E:13') ('Header', '48') ('RSSI', -52)
Data:  24:0A:C4:23:C1:EC ('Channel', 5) ('MAC', 'B8:63:4D:A2:0E:13') ('Header', '48') ('RSSI', -57)
Data:  24:0A:C4:23:C1:EC ('Channel', 5) ('MAC', 'B8:63:4D:A2:0E:13') ('Header', '48') ('RSSI', -57)
Data:  24:0A:C4:23:D9:B0 ('Channel', 5) ('MAC', 'B8:63:4D:A2:0E:13') ('Header', '48') ('RSSI', -52)
Data:  24:0A:C4:23:C1:EC ('Channel', 5) ('MAC', 'B8:63:4D:A2:0E:13') ('Header', '48') ('RSSI', -57)
Data:  24:0A:C4:23:D9:B0 ('Channel', 5) ('MAC', 'B8:63:4D:A2:0E:13') ('Header', '48') ('RSSI', -52)
Data:  24:0A:C4:23:C1:EC ('Channel', 5) ('MAC', 'B8:63:4D:A2:0E:13') ('Header', '48') ('RSSI', -56)
Data:  24:0A:C4:23:C1:EC ('Channel', 5) ('MAC', 'B8:63:4D:A2:0E:13') ('Header', '48') ('RSSI', -56)
Data:  24:0A:C4:23:D9:B0 ('Channel', 5) ('MAC', 'B8:63:4D:A2:0E:13') ('Header', '48') ('RSSI', -52)
Data:  24:0A:C4:23:D9:B0 ('Channel', 5) ('MAC', 'B8:63:4D:A2:0E:13') ('Header', '48') ('RSSI', -52)
Data:  24:0A:C4:23:C1:EC ('Channel', 5) ('MAC', 'B8:63:4D:A2:0E:13') ('Header', '48') ('RSSI', -57)
Data:  24:0A:C4:23:D9:B0 ('Channel', 5) ('MAC', 'B8:63:4D:A2:0E:13') ('Header', '48') ('RSSI', -52)
Data:  24:0A:C4:23:C1:EC ('Channel', 5) ('MAC', 'B8:63:4D:A2:0E:13') ('Header', '48') ('RSSI', -56)
Data:  24:0A:C4:23:D9:B0 ('Channel', 5) ('MAC', 'B8:63:4D:A2:0E:13') ('Header', '48') ('RSSI', -51)
Data:  24:0A:C4:23:C1:EC ('Channel', 5) ('MAC', 'B8:63:4D:A2:0E:13') ('Header', '48') ('RSSI', -57)
Data:  24:0A:C4:23:D9:B0 ('Channel', 5) ('MAC', 'B8:63:4D:A2:0E:13') ('Header', '48') ('RSSI', -52)
Data:  24:0A:C4:23:D9:B0 ('Channel', 5) ('MAC', 'B8:63:4D:A2:0E:13') ('Header', '48') ('RSSI', -52)
Data:  24:0A:C4:23:C1:EC ('Channel', 5) ('MAC', 'B8:63:4D:A2:0E:13') ('Header', '48') ('RSSI', -56)
Data:  24:0A:C4:23:D9:B0 ('Channel', 5) ('MAC', 'B8:63:4D:A2:0E:13') ('Header', '48') ('RSSI', -53)
Data:  24:0A:C4:23:C1:EC ('Channel', 5) ('MAC', 'B8:63:4D:A2:0E:13') ('Header', '48') ('RSSI', -56)
Data:  24:0A:C4:23:C1:EC ('Channel', 5) ('MAC', 'B8:63:4D:A2:0E:13') ('Header', '48') ('RSSI', -56)
Data:  24:0A:C4:23:D9:B0 ('Channel', 5) ('MAC', 'B8:63:4D:A2:0E:13') ('Header', '48') ('RSSI', -53)
Data:  24:0A:C4:23:C1:EC ('Channel', 5) ('MAC', 'B8:63:4D:A2:0E:13')