Data:  24:0A:C4:23:D9:B0 ('Channel', 5) ('RSSI', -54) ('Header', '48') ('MAC', 'B8:63:4D:A2:0E:13')
Data:  24:0A:C4:23:C1:EC ('Channel', 5) ('RSSI', -57) ('Header', '48') ('MAC', 'B8:63:4D:A2:0E:13')
Data:  24:0A:C4:23:C1:EC ('Channel', 5) ('RSSI', -57) ('Header', '48') ('MAC', 'B8:63:4D:A2:0E:13')
Data:  24:0A:C4:23:D9:B0 ('Channel', 5) ('RSSI', -53) ('Header', '48') ('MAC', 'B8:63:4D:A2:0E:13')
Data:  24:0A:C4:23:C1:EC ('Channel', 5) ('RSSI', -61) ('Header', '48') ('MAC', 'B8:63:4D:A2:0E:13')
Data:  24:0A:C4:23:D9:B0 ('Channel', 5) ('RSSI', -54) ('Header', '48') ('MAC', 'B8:63:4D:A2:0E:13')
Data:  24:0A:C4:23:C1:EC ('Channel', 5) ('RSSI', -56) ('Header', '48') ('MAC', 'B8:63:4D:A2:0E:13')
Data:  24:0A:C4:23:D9:B0 ('Channel', 5) ('RSSI', -54) ('Header', '48') ('MAC', 'B8:63:4D:A2:0E:13')
Data:  24:0A:C4:23:C1:EC ('Channel', 5) ('RSSI', -57) ('Header', '48') ('MAC', 'B8:63:4D:A2:0E:13')
Data:  24:0A:C4:23:D9:B0 ('Channel', 5) ('RSSI', -53) ('Header', '48') ('MAC', 'B8:63:4D:A2:0E:13')
Data:  24:0A:C4:23:C1:EC ('Channel', 5) ('RSSI', -57) ('Header', '48') ('MAC', 'B8:63:4D:A2:0E:13')
Data:  24:0A:C4:23:D9:B0 ('Channel', 5) ('RSSI', -54) ('Header', '48') ('MAC', 'B8:63:4D:A2:0E:13')
Data:  24:0A:C4:23:D9:B0 ('Channel', 5) ('RSSI', -54) ('Header', '48') ('MAC', 'B8:63:4D:A2:0E:13')
Data:  24:0A:C4:23:C1:EC ('Channel', 5) ('RSSI', -57) ('Header', '48') ('MAC', 'B8:63:4D:A2:0E:13')
Data:  24:0A:C4:23:C1:EC ('Channel', 5) ('RSSI', -57) ('Header', '48') ('MAC', 'B8:63:4D:A2:0E:13')
Data:  24:0A:C4:23:D9:B0 ('Channel', 5) ('RSSI', -55) ('Header', '48') ('MAC', 'B8:63:4D:A2:0E:13')
Data:  24:0A:C4:23:D9:B0 ('Channel', 5) ('RSSI', -55) ('Header', '48') ('MAC', 'B8:63:4D:A2:0E:13')
Data:  24:0A:C4:23:C1:EC ('Channel', 5) ('RSSI', -66) ('Header', '48') ('MAC', 'B8:63:4D:A2:0E:13')
Data:  24:0A:C4:23:D9:B0 ('Channel', 5) ('RSSI', -54) ('Header', '48') ('MAC', 'B8:63:4D:A2:0E:13')
Data:  24:0A:C4:23:C1:EC ('Channel', 5) ('RSSI', -65) ('Header', '48') ('MAC', 'B8:63:4D:A2:0E:13')
Data:  24:0A:C4:23:D9:B0 ('Channel', 5) ('RSSI', -54) ('Header', '48') ('MAC', 'B8:63:4D:A2:0E:13')
Data:  24:0A:C4:23:C1:EC ('Channel', 5) ('RSSI', -56) ('Header', '48') ('MAC', 'B8:63:4D:A2:0E:13')
Data:  24:0A:C4:23:D9:B0 ('Channel', 5) ('RSSI', -55) ('Header', '48') ('MAC', 'B8:63:4D:A2:0E:13')
Data:  24:0A:C4:23:D9:B0 ('Channel', 5) ('RSSI', -54) ('Header', '48') ('MAC', 'B8:63:4D:A2:0E:13')
Data:  24:0A:C4:23:C1:EC ('Channel', 5) ('RSSI', -57) ('Header', '48') ('MAC', 'B8:63:4D:A2:0E:13')
Data:  24:0A:C4:23:C1:EC ('Channel', 5) ('RSSI', -61) ('Header', '48') ('MAC', 'B8:63:4D:A2:0E:13')
Data:  24:0A:C4:23:D9:B0 ('Channel', 5) ('RSSI', -54) ('Header', '48') ('MAC', 'B8:63:4D:A2:0E:13')
Data:  24:0A:C4:23:C1:EC ('Channel', 5) ('RSSI', -61) ('Header', '48') ('MAC', 'B8:63:4D:A2:0E:13')
Data:  24:0A:C4:23:D9:B0 ('Channel', 5) ('RSSI', -54) ('Header', '48') ('MAC', 'B8:63:4D:A2:0E:13')
Data:  24:0A:C4:23:C1:EC ('Channel', 5) ('RSSI', -63) ('Header', '48') ('MAC', 'B8:63:4D:A2:0E:13')
Data:  24:0A:C4:23:D9:B0 ('Channel', 5) ('RSSI', -55) ('Header', '48') ('MAC', 'B8:63:4D:A2:0E:13')
Data:  24:0A:C4:23:C1:EC ('Channel', 5) ('RSSI', -61) ('Header', '48') ('MAC', 'B8:63:4D:A2:0E:13')
Data:  24:0A:C4:23:C1:EC ('Channel', 5) ('RSSI', -59) ('Header', '48') ('MAC', 'B8:63:4D:A2:0E:13')
Data:  24:0A:C4:23:D9:B0 ('Channel', 5) ('RSSI', -54) ('Header', '48') ('MAC', 'B8:63:4D:A2:0E:13')
Data:  24:0A:C4:23:C1:EC ('Channel', 5) ('RSSI', -59) ('Header', '48') ('MAC', 'B8:63:4D:A2:0E:13')
Data:  24:0A:C4:23:D9:B0 ('Channel', 5) ('RSSI', -54) ('Header', '48') ('MAC', 'B8:63:4D:A2:0E:13')
Data:  24:0A:C4:23:C1:EC ('Channel', 5) ('RSSI', -60) ('Header', '48') ('MAC', 'B8:63:4D:A2:0E:13')
Data:  24:0A:C4:23:D9:B0 ('Channel', 5) ('RSSI', -54) ('Header', '48') ('MAC', 'B8:63:4D:A2:0E:13')
Data:  24:0A:C4:23:C1:EC ('Channel', 5) ('RSSI', -60) ('Header', '48') ('MAC', 'B8:63:4D:A2:0E:13')
Data:  24:0A:C4:23:D9:B0 ('Channel', 5) ('RSSI', -55) ('Header', '48') ('MAC', 'B8:63:4D:A2:0E:13')
Data:  24:0A:C4:23:C1:EC ('Channel', 5) ('RSSI', -60) ('Header', '48') ('MAC', 'B8:63:4D:A2:0E:13')
Data:  24:0A:C4:23:D9:B0 ('Channel', 5) ('RSSI', -54) ('Header', '48') ('MAC', 'B8:63:4D:A2:0E:13')
Data:  24:0A:C4:23:C1:EC ('Channel', 5) ('RSSI', -60) ('Header', '48') ('MAC', 'B8:63:4D:A2:0E:13')
Data:  24:0A:C4:23:D9:B0 ('Channel', 5) ('RSSI', -54) ('Header', '48') ('MAC', 'B8:63:4D:A2:0E:13')
Summary:  3C:71:BF:99:F9:E0 520 {}
Summary:  24:0A:C4:23:D9:B0 580 {'B8:63:4D:A2:0E:13': -54.1}
Summary:  24:0A:C4:23:C1:EC 460 {'B8:63:4D:A2:0E:13': -59.4}
Data:  24:0A:C4:23:C1:EC ('Channel', 5) ('RSSI', -60) ('Header', '48') ('MAC', 'B8:63:4D:A2:0E:13')
Data:  24:0A:C4:23:D9:B0 ('Channel', 5) ('RSSI', -54) ('Header', '48') ('MAC', 'B8:63:4D:A2:0E:13')
Data:  24:0A:C4:23:D9:B0 ('Channel', 5) ('RSSI', -54) ('Header', '48') ('MAC', 'B8:63:4D:A2:0E:13')
Data:  24:0A:C4:23:C1:EC ('Channel', 5) ('RSSI', -60) ('Header', '48') ('MAC', 'B8:63:4D:A2:0E:13')
Data:  24:0A:C4:23:C1:EC ('Channel', 5) ('RSSI', -60) ('Header', '48') ('MAC', 'B8:63:4D:A2:0E:13')
Data:  24:0A:C4:23:D9:B0 ('Channel', 5) ('RSSI', -54) ('Header', '48') ('MAC', 'B8:63:4D:A2:0E:13')
Data:  24:0A:C4:23:C1:EC ('Channel', 5) ('RSSI', -60) ('Header', '48') ('MAC', 'B8:63:4D:A2:0E:13')
Data:  24:0A:C4:23:D9:B0 ('Channel', 5) ('RSSI', -54) ('Header', '48') ('MAC', 'B8:63:4D:A2:0E:13')
Data:  24:0A:C4:23:C1:EC ('Channel', 5) ('RSSI', -60) ('Header', '48') ('MAC', 'B8:63:4D:A2:0E:13')
Data:  24:0A:C4:23:D9:B0 ('Channel', 5) ('RSSI', -54) ('Header', '48') ('MAC', 'B8:63:4D:A2:0E:13')
Data:  24:0A:C4:23:C1:EC ('Channel', 5) ('RSSI', -61) ('Header', '48') ('MAC', 'B8:63:4D:A2:0E:13')
Data:  24:0A:C4:23:D9:B0 ('Channel', 5) ('RSSI', -54) ('Header', '48') ('MAC', 'B8:63:4D:A2:0E:13')
Data:  24:0A:C4:23:C1:EC ('Channel', 5) ('RSSI', -60) ('Header', '48') ('MAC', 'B8:63:4D:A2:0E:13')
Data:  24:0A:C4:23:D9:B0 ('Channel', 5) ('RSSI', -54) ('Header', '48') ('MAC', 'B8:63:4D:A2:0E:13')
Data:  24:0A:C4:23:C1:EC ('Channel', 5) ('RSSI', -60) ('Header', '48') ('MAC', 'B8:63:4D:A2:0E:13')
Data:  24:0A:C4:23:D9:B0 ('Channel', 5) ('RSSI', -54) ('Header', '48') ('MAC', 'B8:63:4D:A2:0E:13')
Data:  24:0A:C4:23:C1:EC ('Channel', 5) ('RSSI', -60) ('Header', '48') ('MAC', 'B8:63:4D:A2:0E:13')
Data:  24:0A:C4:23:D9:B0 ('Channel', 5) ('RSSI', -54) ('Header', '48') ('MAC', 'B8:63:4D:A2:0E:13')
Data:  24:0A:C4:23:C1:EC ('Channel', 5) ('RSSI', -59) ('Header', '48') ('MAC', 'B8:63:4D:A2:0E:13')
Data:  24:0A:C4:23:D9:B0 ('Channel', 5) ('RSSI', -54) ('Header', '48') ('MAC', 'B8:63:4D:A2:0E:13')
Data:  24:0A:C4:23:C1:EC ('Channel', 5) ('RSSI', -60) ('Header', '48') ('MAC', 'B8:63:4D:A2:0E:13')
Data:  24:0A:C4:23:D9:B0 ('Channel', 5) ('RSSI', -54) ('Header', '48') ('MAC', 'B8:63:4D:A2:0E:13')
Data:  24:0A:C4:23:C1:EC ('Channel', 5) ('RSSI', -60) ('Header', '48') ('MAC', 'B8:63:4D:A2:0E:13')
Data:  24:0A:C4:23:D9:B0 ('Channel', 5) ('RSSI', -54) ('Header', '48') ('MAC', 'B8:63:4D:A2:0E:13')
Data:  24:0A:C4:23:C1:EC ('Channel', 5) ('RSSI', -60) ('Header', '48') ('MAC', 'B8:63:4D:A2:0E:13')
Data:  24:0A:C4:23:D9:B0 ('Channel', 5) ('RSSI', -55) ('Header', '48') ('MAC', 'B8:63:4D:A2:0E:13')
Data:  24:0A:C4:23:D9:B0 ('Channel', 5) ('RSSI', -55) ('Header', '48') ('MAC', 'B8:63:4D:A2:0E:13')
Data:  24:0A:C4:23:C1:EC ('Channel', 5) ('RSSI', -60) ('Header', '48') ('MAC', 'B8:63:4D:A2:0E:13')
Data:  24:0A:C4:23:C1:EC ('Channel', 5) ('RSSI', -63) ('Header', '48') ('MAC', 'B8:63:4D:A2:0E:13')
Data:  24:0A:C4:23:D9:B0 ('Channel', 5) ('RSSI', -61) ('Header', '48') ('MAC', 'B8:63:4D:A2:0E:13')
Data:  24:0A:C4:23:C1:EC ('Channel', 5) ('RSSI', -60) ('Header', '48') ('MAC', 'B8:63:4D:A2:0E:13')
Data:  24:0A:C4:23:D9:B0 ('Channel', 5) ('RSSI', -54) ('Header', '48') ('MAC', 'B8:63:4D:A2:0E:13')
Data:  24:0A:C4:23:C1:EC ('Channel', 5) ('RSSI', -60) ('Header', '48') ('MAC', 'B8:63:4D:A2:0E:13')
Data:  24:0A:C4:23:D9:B0 ('Channel', 5) ('RSSI', -54) ('Header', '48') ('MAC', 'B8:63:4D:A2:0E:13')
Data:  24:0A:C4:23:C1:EC ('Channel', 5) ('RSSI', -60) ('Header', '48') ('MAC', 'B8:63:4D:A2:0E:13')
Data:  24:0A:C4:23:D9:B0 ('Channel', 5) ('RSSI', -54) ('Header', '48') ('MAC', 'B8:63:4D:A2:0E:13')
Data:  24:0A:C4:23:C1:EC ('Channel', 5) ('RSSI', -60) ('Header', '48') ('MAC', 'B8:63:4D:A2:0E:13')
Data:  24:0A:C4:23:D9:B0 ('Channel', 5) ('RSSI', -55) ('Header', '48') ('MAC', 'B8:63:4D:A2:0E:13')
Summary:  3C:71:BF:99:F9:E0 520 {}
Summary:  24:0A:C4:23:D9:B0 580 {'B8:63:4D:A2:0E:13': -54.5}
Summary:  24:0A:C4:23:C1:EC 460 {'B8:63:4D:A2:0E:13': -60.2}
Data:  24:0A:C4:23:C1:EC ('Channel', 5) ('RSSI', -60) ('Header', '48') ('MAC', 'B8:63:4D:A2:0E:13')
Data:  24:0A:C4:23:D9:B0 ('Channel', 5) ('RSSI', -54) ('Header', '48') ('MAC', 'B8:63:4D:A2:0E:13')
Data:  24:0A:C4:23:C1:EC ('Channel', 5) ('RSSI', -60) ('Header', '48') ('MAC', 'B8:63:4D:A2:0E:13')
Data:  24:0A:C4:23:D9:B0 ('Channel', 5) ('RSSI', -54) ('Header', '48') ('MAC', 'B8:63:4D:A2:0E:13')
Data:  24:0A:C4:23:C1:EC ('Channel', 5) ('RSSI', -59) ('Header', '48') ('MAC', 'B8:63:4D:A2:0E:13')
Data:  24:0A:C4:23:D9:B0 ('Channel', 5) ('RSSI', -55) ('Header', '48') ('MAC', 'B8:63:4D:A2:0E:13')
Data:  24:0A:C4:23:C1:EC ('Channel', 5) ('RSSI', -61) ('Header', '48') ('MAC', 'B8:63:4D:A2:0E:13')
Data:  24:0A:C4:23:D9:B0 ('Channel', 5) ('RSSI', -55) ('Header', '48') ('MAC', 'B8:63:4D:A2:0E:13')
Data:  24:0A:C4:23:C1:EC ('Channel', 5) ('RSSI', -61) ('Header', '48') ('MAC', 'B8:63:4D:A2:0E:13')
Data:  24:0A:C4:23:D9:B0 ('Channel', 5) ('RSSI', -54) ('Header', '48') ('MAC', 'B8:63:4D:A2:0E:13')
Data:  24:0A:C4:23:C1:EC ('Channel', 5) ('RSSI', -60) ('Header', '48') ('MAC', 'B8:63:4D:A2:0E:13')
Data:  24:0A:C4:23:C1:EC ('Channel', 5) ('RSSI', -60) ('Header', '48') ('MAC', 'B8:63:4D:A2:0E:13')
Data:  24:0A:C4:23:D9:B0 ('Channel', 5) ('RSSI', -54) ('Header', '48') ('MAC', 'B8:63:4D:A2:0E:13')
Data:  24:0A:C4:23:D9:B0 ('Channel', 5) ('RSSI', -54) ('Header', '48') ('MAC', 'B8:63:4D:A2:0E:13')
Data:  24:0A:C4:23:C1:EC ('Channel', 5) ('RSSI', -60) ('Header', '48') ('MAC', 'B8:63:4D:A2:0E:13')
Data:  24:0A:C4:23:D9:B0 ('Channel', 5) ('RSSI', -54) ('Header', '48') ('MAC', 'B8:63:4D:A2:0E:13')
Data:  24:0A:C4:23:C1:EC ('Channel', 5) ('RSSI', -60) ('Header', '48') ('MAC', 'B8:63:4D:A2:0E:13')
Data:  24:0A:C4:23:D9:B0 ('Channel', 5) ('RSSI', -54) ('Header', '48') ('MAC', 'B8:63:4D:A2:0E:13')
Data:  24:0A:C4:23:C1:EC ('Channel', 5) ('RSSI', -58) ('Header', '48') ('MAC', 'B8:63:4D:A2:0E:13')
Data:  24:0A:C4:23:D9:B0 ('Channel', 5) ('RSSI', -54) ('Header', '48') ('MAC', 'B8:63:4D:A2:0E:13')
Data:  24:0A:C4:23:C1:EC ('Channel', 5) ('RSSI', -58) ('Header', '48') ('MAC', 'B8:63:4D:A2:0E:13')
Data:  24:0A:C4:23:D9:B0 ('Channel', 5) ('RSSI', -54) ('Header', '48') ('MAC', 'B8:63:4D:A2:0E:13')
Data:  24:0A:C4:23:C1:EC ('Channel', 5) ('RSSI', -59) ('Header', '48') ('MAC', 'B8:63:4D:A2:0E:13')
Data:  24:0A:C4:23:D9:B0 ('Channel', 5) ('RSSI', -54) ('Header', '48') ('MAC', 'B8:63:4D:A2:0E:13')
Data:  24:0A:C4:23:C1:EC ('Channel', 5) ('RSSI', -60) ('Header', '48') ('MAC', 'B8:63:4D:A2:0E:13')
Data:  24:0A:C4:23:D9:B0 ('Channel', 5) ('RSSI', -54) ('Header', '48') ('MAC', 'B8:63:4D:A2:0E:13')
Data:  24:0A:C4:23:C1:EC ('Channel', 5) ('RSSI', -60) ('Header', '48') ('MAC', 'B8:63:4D:A2:0E:13')
Data:  24:0A:C4:23:D9:B0 ('Channel', 5) ('RSSI', -55) ('Header', '48') ('MAC', 'B8:63:4D:A2:0E:13')
Data:  24:0A:C4:23:D9:B0 ('Channel', 5) ('RSSI', -55) ('Header', '48') ('MAC', 'B8:63:4D:A2:0E:13')
Data:  24:0A:C4:23:C1:EC ('Channel', 5) ('RSSI', -57) ('Header', '48') ('MAC', 'B8:63:4D:A2:0E:13')
Data:  24:0A:C4:23:C1:EC ('Channel', 5) ('RSSI', -58) ('Header', '48') ('MAC', 'B8:63:4D:A2:0E:13')
Data:  24:0A:C4:23:D9:B0 ('Channel', 5) ('RSSI', -55) ('Header', '48') ('MAC', 'B8:63:4D:A2:0E:13')
Data:  24:0A:C4:23:D9:B0 ('Channel', 5) ('RSSI', -54) ('Header', '48') ('MAC', 'B8:63:4D:A2:0E:13')
Data:  24:0A:C4:23:C1:EC ('Channel', 5) ('RSSI', -59) ('Header', '48') ('MAC', 'B8:63:4D:A2:0E:13')
Data:  24:0A:C4:23:D9:B0 ('Channel', 5) ('RSSI', -54) ('Header', '48') ('MAC', 'B8:63:4D:A2:0E:13')
Data:  24:0A:C4:23:C1:EC ('Channel', 5) ('RSSI', -58) ('Header', '48') ('MAC', 'B8:63:4D:A2:0E:13')
Data:  24:0A:C4:23:D9:B0 ('Channel', 5) ('RSSI', -54) ('Header', '48') ('MAC', 'B8:63:4D:A2:0E:13')
Data:  24:0A:C4:23:C1:EC ('Channel', 5) ('RSSI', -60) ('Header', '48') ('MAC', 'B8:63:4D:A2:0E:13')
Data:  24:0A:C4:23:D9:B0 ('Channel', 5) ('RSSI', -54) ('Header', '48') ('MAC', 'B8:63:4D:A2:0E:13')
Data:  24:0A:C4:23:C1:EC ('Channel', 5) ('RSSI', -59) ('Header', '48') ('MAC', 'B8:63:4D:A2:0E:13')
Data:  24:0A:C4:23:C1:EC ('Channel', 5) ('RSSI', -60) ('Header', '48') ('MAC', 'B8:63:4D:A2:0E:13')
Data:  24:0A:C4:23:D9:B0 ('Channel', 5) ('RSSI', -54) ('Header', '48') ('MAC', 'B8:63:4D:A2:0E:13')
Data:  24:0A:C4:23:C1:EC ('Channel', 5) ('RSSI', -61) ('Header', '48') ('MAC', 'B8:63:4D:A2:0E:13')
Data:  24:0A:C4:23:D9:B0 ('Channel', 5) ('RSSI', -53) ('Header', '48') ('MAC', 'B8:63:4D:A2:0E:13')
Data:  24:0A:C4:23:D9:B0 ('Channel', 5) ('RSSI', -54) ('Header', '48') ('MAC', 'B8:63:4D:A2:0E:13')
Data:  24:0A:C4:23:C1:EC ('Channel', 5) ('RSSI', -63) ('Header', '48') ('MAC', 'B8:63:4D:A2:0E:13')
Data:  24:0A:C4:23:D9:B0 ('Channel', 5) ('RSSI', -55) ('Header', '48') ('MAC', 'B8:63:4D:A2:0E:13')
Data:  24:0A:C4:23:C1:EC ('Channel', 5) ('RSSI', -63) ('Header', '48') ('MAC', 'B8:63:4D:A2:0E:13')
Data:  24:0A:C4:23:C1:EC ('Channel', 5) ('RSSI', -61) ('Header', '48') ('MAC', 'B8:63:4D:A2:0E:13')
Data:  24:0A:C4:23:D9:B0 ('Channel', 5) ('RSSI', -54) ('Header', '48') ('MAC', 'B8:63:4D:A2:0E:13')
Data:  24:0A:C4:23:C1:EC ('Channel', 5) ('RSSI', -61) ('Header', '48') ('MAC', 'B8:63:4D:A2:0E:13')
Data:  24:0A:C4:23:D9:B0 ('Channel', 5) ('RSSI', -54) ('Header', '48') ('MAC', 'B8:63:4D:A2:0E:13')
Data:  24:0A:C4:23:C1:EC ('Channel', 5) ('RSSI', -59) ('Header', '48') ('MAC', 'B8:63:4D:A2:0E:13')
Data:  24:0A:C4:23:D9:B0 ('Channel', 5) ('RSSI', -54) ('Header', '48') ('MAC', 'B8:63:4D:A2:0E:13')
Data:  24:0A:C4:23:D9:B0 ('Channel', 5) ('RSSI', -54) ('Header', '48') ('MAC', 'B8:63:4D:A2:0E:13')
Data:  24:0A:C4:23:C1:EC ('Channel', 5) ('RSSI', -62) ('Header', '48') ('MAC', 'B8:63:4D:A2:0E:13')
Data:  24:0A:C4:23:C1:EC ('Channel', 5) ('RSSI', -61) ('Header', '48') ('MAC', 'B8:63:4D:A2:0E:13')
Data:  24:0A:C4:23:D9:B0 ('Channel', 5) ('RSSI', -55) ('Header', '48') ('MAC', 'B8:63:4D:A2:0E:13')
Data:  24:0A:C4:23:C1:EC ('Channel', 5) ('RSSI', -63) ('Header', '48') ('MAC', 'B8:63:4D:A2:0E:13')
Data:  24:0A:C4:23:D9:B0 ('Channel', 5) ('RSSI', -55) ('Header', '48') ('MAC', 'B8:63:4D:A2:0E:13')
Data:  24:0A:C4:23:C1:EC ('Channel', 5) ('RSSI', -62) ('Header', '48') ('MAC', 'B8:63:4D:A2:0E:13')
Data:  24:0A:C4:23:D9:B0 ('Channel', 5) ('RSSI', -54) ('Header', '48') ('MAC', 'B8:63:4D:A2:0E:13')
Data:  24:0A:C4:23:C1:EC ('Channel', 5) ('RSSI', -60) ('Header', '48') ('MAC', 'B8:63:4D:A2:0E:13')
Data:  24:0A:C4:23:D9:B0 ('Channel', 5) ('RSSI', -56) ('Header', '48') ('MAC', 'B8:63:4D:A2:0E:13')
Data:  24:0A:C4:23:C1:EC ('Channel', 5) ('RSSI', -63) ('Header', '48') ('MAC', 'B8:63:4D:A2:0E:13')
Data:  24:0A:C4:23:D9:B0 ('Channel', 5) ('RSSI', -54) ('Header', '48') ('MAC', 'B8:63:4D:A2:0E:13')
Data:  24:0A:C4:23:D9:B0 ('Channel', 5) ('RSSI', -54) ('Header', '48') ('MAC', 'B8:63:4D:A2:0E:13')
Data:  24:0A:C4:23:C1:EC ('Channel', 5) ('RSSI', -61) ('Header', '48') ('MAC', 'B8:63:4D:A2:0E:13')
Summary:  3C:71:BF:99:F9:E0 520 {}
Summary:  24:0A:C4:23:D9:B0 580 {'B8:63:4D:A2:0E:13': -54.3}
Summary:  24:0A:C4:23:C1:EC 460 {'B8:63:4D:A2:0E:13': -60.2}
Data:  24:0A:C4:23:C1:EC ('Channel', 5) ('RSSI', -74) ('Header', '48') ('MAC', 'B8:63:4D:A2:0E:13')
Data:  24:0A:C4:23:D9:B0 ('Channel', 5) ('RSSI', -54) ('Header', '48') ('MAC', 'B8:63:4D:A2:0E:13')
Data:  24:0A:C4:23:D9:B0 ('Channel', 5) ('RSSI', -54) ('Header', '48') ('MAC', 'B8:63:4D:A2:0E:13')
Data:  24:0A:C4:23:C1:EC ('Channel', 5) ('RSSI', -63) ('Header', '48') ('MAC', 'B8:63:4D:A2:0E:13')
Data:  24:0A:C4:23:C1:EC ('Channel', 5) ('RSSI', -62) ('Header', '48') ('MAC', 'B8:63:4D:A2:0E:13')
Data:  24:0A:C4:23:D9:B0 ('Channel', 5) ('RSSI', -55) ('Header', '48') ('MAC', 'B8:63:4D:A2:0E:13')
Data:  24:0A:C4:23:D9:B0 ('Channel', 5) ('RSSI', -54) ('Header', '48') ('MAC', 'B8:63:4D:A2:0E:13')
Data:  24:0A:C4:23:C1:EC ('Channel', 5) ('RSSI', -61) ('Header', '48') ('MAC', 'B8:63:4D:A2:0E:13')
Data:  24:0A:C4:23:C1:EC ('Channel', 5) ('RSSI', -61) ('Header', '48') ('MAC', 'B8:63:4D:A2:0E:13')
Data:  24:0A:C4:23:D9:B0 ('Channel', 5) ('RSSI', -55) ('Header', '48') ('MAC', 'B8:63:4D:A2:0E:13')
Data:  24:0A:C4:23:C1:EC ('Channel', 5) ('RSSI', -62) ('Header', '48') ('MAC', 'B8:63:4D:A2:0E:13')
Data:  24:0A:C4:23:D9:B0 ('Channel', 5) ('RSSI', -55) ('Header', '48') ('MAC', 'B8:63:4D:A2:0E:13')
Data:  24:0A:C4:23:C1:EC ('Channel', 5) ('RSSI', -62) ('Header', '48') ('MAC', 'B8:63:4D:A2:0E:13')
Data:  24:0A:C4:23:D9:B0 ('Channel', 5) ('RSSI', -54) ('Header', '48') ('MAC', 'B8:63:4D:A2:0E:13')
Data:  24:0A:C4:23:C1:EC ('Channel', 5) ('RSSI', -63) ('Header', '48') ('MAC', 'B8:63:4D:A2:0E:13')
Data:  24:0A:C4:23:D9:B0 ('Channel', 5) ('RSSI', -55) ('Header', '48') ('MAC', 'B8:63:4D:A2:0E:13')
Data:  24:0A:C4:23:C1:EC ('Channel', 5) ('RSSI', -62) ('Header', '48') ('MAC', 'B8:63:4D:A2:0E:13')
Data:  24:0A:C4:23:D9:B0 ('Channel', 5) ('RSSI', -54) ('Header', '48') ('MAC', 'B8:63:4D:A2:0E:13')
Data:  24:0A:C4:23:C1:EC ('Channel', 5) ('RSSI', -62) ('Header', '48') ('MAC', 'B8:63:4D:A2:0E:13')
Data:  24:0A:C4:23:D9:B0 ('Channel', 5) ('RSSI', -54) ('Header', '48') ('MAC', 'B8:63:4D:A2:0E:13')
Data:  24:0A:C4:23:D9:B0 ('Channel', 5) ('RSSI', -55) ('Header', '48') ('MAC', 'B8:63:4D:A2:0E:13')
Data:  24:0A:C4:23:C1:EC ('Channel', 5) ('RSSI', -62) ('Header', '48') ('MAC', 'B8:63:4D:A2:0E:13')
Data:  24:0A:C4:23:D9:B0 ('Channel', 5) ('RSSI', -54) ('Header', '48') ('MAC', 'B8:63:4D:A2:0E:13')
Data:  24:0A:C4:23:C1:EC ('Channel', 5) ('RSSI', -60) ('Header', '48') ('MAC', 'B8:63:4D:A2:0E:13')
Data:  24:0A:C4:23:D9:B0 ('Channel', 5) ('RSSI', -54) ('Header', '48') ('MAC', 'B8:63:4D:A2:0E:13')
Data:  24:0A:C4:23:C1:EC ('Channel', 5) ('RSSI', -60) ('Header', '48') ('MAC', 'B8:63:4D:A2:0E:13')
Data:  24:0A:C4:23:D9:B0 ('Channel', 5) ('RSSI', -54) ('Header', '48') ('MAC', 'B8:63:4D:A2:0E:13')
Data:  24:0A:C4:23:C1:EC ('Channel', 5) ('RSSI', -60) ('Header', '48') ('MAC', 'B8:63:4D:A2:0E:13')
Data:  24:0A:C4:23:D9:B0 ('Channel', 5) ('RSSI', -55) ('Header', '48') ('MAC', 'B8:63:4D:A2:0E:13')
Data:  24:0A:C4:23:C1:EC ('Channel', 5) ('RSSI', -60) ('Header', '48') ('MAC', 'B8:63:4D:A2:0E:13')
Data:  24:0A:C4:23:D9:B0 ('Channel', 5) ('RSSI', -54) ('Header', '48') ('MAC', 'B8:63:4D:A2:0E:13')
Data:  24:0A:C4:23:C1:EC ('Channel', 5) ('RSSI', -61) ('Header', '48') ('MAC', 'B8:63:4D:A2:0E:13')
Data:  24:0A:C4:23:D9:B0 ('Channel', 5) ('RSSI', -54) ('Header', '48') ('MAC', 'B8:63:4D:A2:0E:13')
Data:  24:0A:C4:23:D9:B0 ('Channel', 5) ('RSSI', -54) ('Header', '48') ('MAC', 'B8:63:4D:A2:0E:13')
Data:  24:0A:C4:23:C1:EC ('Channel', 5) ('RSSI', -61) ('Header', '48') ('MAC', 'B8:63:4D:A2:0E:13')
Data:  24:0A:C4:23:D9:B0 ('Channel', 5) ('RSSI', -56) ('Header', '48') ('MAC', 'B8:63:4D:A2:0E:13')
Data:  24:0A:C4:23:C1:EC ('Channel', 5) ('RSSI', -60) ('Header', '48') ('MAC', 'B8:63:4D:A2:0E:13')
Data:  24:0A:C4:23:D9:B0 ('Channel', 5) ('RSSI', -55) ('Header', '48') ('MAC', 'B8:63:4D:A2:0E:13')
Data:  24:0A:C4:23:C1:EC ('Channel', 5) ('RSSI', -60) ('Header', '48') ('MAC', 'B8:63:4D:A2:0E:13')
Data:  24:0A:C4:23:D9:B0 ('Channel', 5) ('RSSI', -55) ('Header', '48') ('MAC', 'B8:63:4D:A2:0E:13')
Data:  24:0A:C4:23:C1:EC ('Channel', 5) ('RSSI', -60) ('Header', '48') ('MAC', 'B8:63:4D:A2:0E:13')
Data:  24:0A:C4:23:D9:B0 ('Channel', 5) ('RSSI', -56) ('Header', '48') ('MAC', 'B8:63:4D:A2:0E:13')
Data:  24:0A:C4:23:C1:EC ('Channel', 5) ('RSSI', -59) ('Header', '48') ('MAC', 'B8:63:4D:A2:0E:13')
Data:  24:0A:C4:23:D9:B0 ('Channel', 5) ('RSSI', -56) ('Header', '48') ('MAC', 'B8:63:4D:A2:0E:13')
Data:  24:0A:C4:23:C1:EC ('Channel', 5) ('RSSI', -59) ('Header', '48') ('MAC', 'B8:63:4D:A2:0E:13')
Data:  24:0A:C4:23:D9:B0 ('Channel', 5) ('RSSI', -54) ('Header', '48') ('MAC', 'B8:63:4D:A2:0E:13')
Data:  24:0A:C4:23:C1:EC ('Channel', 5) ('RSSI', -61) ('Header', '48') ('MAC', 'B8:63:4D:A2:0E:13')
Data:  24:0A:C4:23:D9:B0 ('Channel', 5) ('RSSI', -54) ('Header', '48') ('MAC', 'B8:63:4D:A2:0E:13')
Data:  24:0A:C4:23:C1:EC ('Channel', 5) ('RSSI', -61) ('Header', '48') ('MAC', 'B8:63:4D:A2:0E:13')
Data:  24:0A:C4:23:C1:EC ('Channel', 5) ('RSSI', -62) ('Header', '48') ('MAC', 'B8:63:4D:A2:0E:13')
Data:  24:0A:C4:23:C1:EC ('Channel', 5) ('RSSI', -61) ('Header', '48') ('MAC', 'B8:63:4D:A2:0E:13')
Data:  24:0A:C4:23:C1:EC ('Channel', 5) ('RSSI', -61) ('Header', '48') ('MAC', 'B8:63:4D:A2:0E:13')
Data:  24:0A:C4:23:C1:EC ('Channel', 5) ('RSSI', -59) ('Header', '48') ('MAC', 'B8:63:4D:A2:0E:13')
Data:  24:0A:C4:23:C1:EC ('Channel', 5) ('RSSI', -60) ('Header', '48') ('MAC', 'B8:63:4D:A2:0E:13')
Data:  24:0A:C4:23:C1:EC ('Channel', 5) ('RSSI', -59) ('Header', '48') ('MAC', 'B8:63:4D:A2:0E:13')
Data:  24:0A:C4:23:D9:B0 ('Channel', 5) ('RSSI', -54) ('Header', '48') ('MAC', 'B8:63:4D:A2:0E:13')
Data:  24:0A:C4:23:D9:B0 ('Channel', 5) ('RSSI', -54) ('Header', '48') ('MAC', 'B8:63:4D:A2:0E:13')
Data:  24:0A:C4:23:D9:B0 ('Channel', 5) ('RSSI', -55) ('Header', '48') ('MAC', 'B8:63:4D:A2:0E:13')
Data:  24:0A:C4:23:D9:B0 ('Channel', 5) ('RSSI', -55) ('Header', '48') ('MAC', 'B8:63:4D:A2:0E:13')
Data:  24:0A:C4:23:D9:B0 ('Channel', 5) ('RSSI', -55) ('Header', '48') ('MAC', 'B8:63:4D:A2:0E:13')
Data:  24:0A:C4:23:D9:B0 ('Channel', 5) ('RSSI', -55) ('Header', '48') ('MAC', 'B8:63:4D:A2:0E:13')
Data:  24:0A:C4:23:D9:B0 ('Channel', 5) ('RSSI', -56) ('Header', '48') ('MAC', 'B8:63:4D:A2:0E:13')
Data:  24:0A:C4:23:C1:EC ('Channel', 5) ('RSSI', -60) ('Header', '48') ('MAC', 'B8:63:4D:A2:0E:13')
Data:  24:0A:C4:23:D9:B0 ('Channel', 5) ('RSSI', -55) ('Header', '48') ('MAC', 'B8:63:4D:A2:0E:13')
Data:  24:0A:C4:23:C1:EC ('Channel', 5) ('RSSI', -59) ('Header', '48') ('MAC', 'B8:63:4D:A2:0E:13')
Data:  24:0A:C4:23:D9:B0 ('Channel', 5) ('RSSI', -55) ('Header', '48') ('MAC', 'B8:63:4D:A2:0E:13')
Data:  24:0A:C4:23:C1:EC ('Channel', 5) ('RSSI', -60) ('Header', '48') ('MAC', 'B8:63:4D:A2:0E:13')
Data:  24:0A:C4:23:D9:B0 ('Channel', 5) ('RSSI', -54) ('Header', '48') ('MAC', 'B8:63:4D:A2:0E:13')
Summary:  3C:71:BF:99:F9:E0 520 {}
Summary:  24:0A:C4:23:D9:B0 580 {'B8:63:4D:A2:0E:13': -54.6}
Summary:  24:0A:C4:23:C1:EC 460 {'B8:63:4D:A2:0E:13': -61.1}
Data:  24:0A:C4:23:C1:EC ('Channel', 5) ('RSSI', -60) ('Header', '48') ('MAC', 'B8:63:4D:A2:0E:13')
Data:  24:0A:C4:23:D9:B0 ('Channel', 5) ('RSSI', -54) ('Header', '48') ('MAC', 'B8:63:4D:A2:0E:13')
Data:  24:0A:C4:23:D9:B0 ('Channel', 5) ('RSSI', -55) ('Header', '48') ('MAC', 'B8:63:4D:A2:0E:13')
Data:  24:0A:C4:23:C1:EC ('Channel', 5) ('RSSI', -59) ('Header', '48') ('MAC', 'B8:63:4D:A2:0E:13')
Data:  24:0A:C4:23:D9:B0 ('Channel', 5) ('RSSI', -54) ('Header', '48') ('MAC', 'B8:63:4D:A2:0E:13')
Data:  24:0A:C4:23:C1:EC ('Channel', 5) ('RSSI', -60) ('Header', '48') ('MAC', 'B8:63:4D:A2:0E:13')
Data:  24:0A:C4:23:C1:EC ('Channel', 5) ('RSSI', -58) ('Header', '48') ('MAC', 'B8:63:4D:A2:0E:13')
Data:  24:0A:C4:23:D9:B0 ('Channel', 5) ('RSSI', -54) ('Header', '48') ('MAC', 'B8:63:4D:A2:0E:13')
Data:  24:0A:C4:23:C1:EC ('Channel', 5) ('RSSI', -59) ('Header', '48') ('MAC', 'B8:63:4D:A2:0E:13')
Data:  24:0A:C4:23:D9:B0 ('Channel', 5) ('RSSI', -55) ('Header', '48') ('MAC', 'B8:63:4D:A2:0E:13')
Data:  24:0A:C4:23:C1:EC ('Channel', 5) ('RSSI', -60) ('Header', '48') ('MAC', 'B8:63:4D:A2:0E:13')
Data:  24:0A:C4:23:C1:EC ('Channel', 5) ('RSSI', -60) ('Header', '48') ('MAC', 'B8:63:4D:A2:0E:13')
Data:  24:0A:C4:23:C1:EC ('Channel', 5) ('RSSI', -61) ('Header', '48') ('MAC', 'B8:63:4D:A2:0E:13')
Data:  24:0A:C4:23:C1:EC ('Channel', 5) ('RSSI', -61) ('Header', '48') ('MAC', 'B8:63:4D:A2:0E:13')
Data:  24:0A:C4:23:D9:B0 ('Channel', 5) ('RSSI', -55) ('Header', '48') ('MAC', 'B8:63:4D:A2:0E:13')
Data:  24:0A:C4:23:D9:B0 ('Channel', 5) ('RSSI', -55) ('Header', '48') ('MAC', 'B8:63:4D:A2:0E:13')
Data:  24:0A:C4:23:D9:B0 ('Channel', 5) ('RSSI', -56) ('Header', '48') ('MAC', 'B8:63:4D:A2:0E:13')
Data:  24:0A:C4:23:D9:B0 ('Channel', 5) ('RSSI', -55) ('Header', '48') ('MAC', 'B8:63:4D:A2:0E:13')
Data:  24:0A:C4:23:C1:EC ('Channel', 5) ('RSSI', -61) ('Header', '48') ('MAC', 'B8:63:4D:A2:0E:13')
Data:  24:0A:C4:23:D9:B0 ('Channel', 5) ('RSSI', -56) ('Header', '48') ('MAC', 'B8:63:4D:A2:0E:13')
Data:  24:0A:C4:23:C1:EC ('Channel', 5) ('RSSI', -61) ('Header', '48') ('MAC', 'B8:63:4D:A2:0E:13')
Data:  24:0A:C4:23:D9:B0 ('Channel', 5) ('RSSI', -56) ('Header', '48') ('MAC', 'B8:63:4D:A2:0E:13')
Data:  24:0A:C4:23:C1:EC ('Channel', 5) ('RSSI', -60) ('Header', '48') ('MAC', 'B8:63:4D:A2:0E:13')
Data:  24:0A:C4:23:D9:B0 ('Channel', 5) ('RSSI', -54) ('Header', '48') ('MAC', 'B8:63:4D:A2:0E:13')
Data:  24:0A:C4:23:C1:EC ('Channel', 5) ('RSSI', -60) ('Header', '48') ('MAC', 'B8:63:4D:A2:0E:13')
Data:  24:0A:C4:23:D9:B0 ('Channel', 5) ('RSSI', -54) ('Header', '48') ('MAC', 'B8:63:4D:A2:0E:13')
Data:  24:0A:C4:23:D9:B0 ('Channel', 5) ('RSSI', -54) ('Header', '48') ('MAC', 'B8:63:4D:A2:0E:13')
Data:  24:0A:C4:23:C1:EC ('Channel', 5) ('RSSI', -61) ('Header', '48') ('MAC', 'B8:63:4D:A2:0E:13')
Data:  24:0A:C4:23:D9:B0 ('Channel', 5) ('RSSI', -54) ('Header', '48') ('MAC', 'B8:63:4D:A2:0E:13')
Data:  24:0A:C4:23:C1:EC ('Channel', 5) ('RSSI', -60) ('Header', '48') ('MAC', 'B8:63:4D:A2:0E:13')
Data:  24:0A:C4:23:D9:B0 ('Channel', 5) ('RSSI', -55) ('Header', '48') ('MAC', 'B8:63:4D:A2:0E:13')
Data:  24:0A:C4:23:C1:EC ('Channel', 5) ('RSSI', -60) ('Header', '48') ('MAC', 'B8:63:4D:A2:0E:13')
Data:  24:0A:C4:23:C1:EC ('Channel', 5) ('RSSI', -61) ('Header', '48') ('MAC', 'B8:63:4D:A2:0E:13')
Data:  24:0A:C4:23:D9:B0 ('Channel', 5) ('RSSI', -55) ('Header', '48') ('MAC', 'B8:63:4D:A2:0E:13')
Data:  24:0A:C4:23:C1:EC ('Channel', 5) ('RSSI', -60) ('Header', '48') ('MAC', 'B8:63:4D:A2:0E:13')
Data:  24:0A:C4:23:D9:B0 ('Channel', 5) ('RSSI', -55) ('Header', '48') ('MAC', 'B8:63:4D:A2:0E:13')
Data:  24:0A:C4:23:C1:EC ('Channel', 5) ('RSSI', -60) ('Header', '48') ('MAC', 'B8:63:4D:A2:0E:13')
Data:  24:0A:C4:23:D9:B0 ('Channel', 5) ('RSSI', -54) ('Header', '48') ('MAC', 'B8:63:4D:A2:0E:13')
Data:  24:0A:C4:23:C1:EC ('Channel', 5) ('RSSI', -61) ('Header', '48') ('MAC', 'B8:63:4D:A2:0E:13')
Data:  24:0A:C4:23:D9:B0 ('Channel', 5) ('RSSI', -54) ('Header', '48') ('MAC', 'B8:63:4D:A2:0E:13')
Data:  24:0A:C4:23:C1:EC ('Channel', 5) ('RSSI', -61) ('Header', '48') ('MAC', 'B8:63:4D:A2:0E:13')
Data:  24:0A:C4:23:D9:B0 ('Channel', 5) ('RSSI', -54) ('Header', '48') ('MAC', 'B8:63:4D:A2:0E:13')
Data:  24:0A:C4:23:C1:EC ('Channel', 5) ('RSSI', -61) ('Header', '48') ('MAC', 'B8:63:4D:A2:0E:13')
Data:  24:0A:C4:23:D9:B0 ('Channel', 5) ('RSSI', -54) ('Header', '48') ('MAC', 'B8:63:4D:A2:0E:13')
Data:  24:0A:C4:23:C1:EC ('Channel', 5) ('RSSI', -61) ('Header', '48') ('MAC', 'B8:63:4D:A2:0E:13')
Data:  24:0A:C4:23:D9:B0 ('Channel', 5) ('RSSI', -56) ('Header', '48') ('MAC', 'B8:63:4D:A2:0E:13')
Data:  24:0A:C4:23:C1:EC ('Channel', 5) ('RSSI', -59) ('Header', '48') ('MAC', 'B8:63:4D:A2:0E:13')
Data:  24:0A:C4:23:D9:B0 ('Channel', 5) ('RSSI', -55) ('Header', '48') ('MAC', 'B8:63:4D:A2:0E:13')
Data:  24:0A:C4:23:C1:EC ('Channel', 5) ('RSSI', -60) ('Header', '48') ('MAC', 'B8:63:4D:A2:0E:13')
Data:  24:0A:C4:23:D9:B0 ('Channel', 5) ('RSSI', -54) ('Header', '48') ('MAC', 'B8:63:4D:A2:0E:13')
Data:  24:0A:C4:23:C1:EC ('Channel', 5) ('RSSI', -60) ('Header', '48') ('MAC', 'B8:63:4D:A2:0E:13')
Data:  24:0A:C4:23:D9:B0 ('Channel', 5) ('RSSI', -54) ('Header', '48') ('MAC', 'B8:63:4D:A2:0E:13')
Data:  24:0A:C4:23:D9:B0 ('Channel', 5) ('RSSI', -54) ('Header', '48') ('MAC', 'B8:63:4D:A2:0E:13')
Data:  24:0A:C4:23:C1:EC ('Channel', 5) ('RSSI', -61) ('Header', '48') ('MAC', 'B8:63:4D:A2:0E:13')
Data:  24:0A:C4:23:C1:EC ('Channel', 5) ('RSSI', -60) ('Header', '48') ('MAC', 'B8:63:4D:A2:0E:13')
Data:  24:0A:C4:23:D9:B0 ('Channel', 5) ('RSSI', -55) ('Header', '48') ('MAC', 'B8:63:4D:A2:0E:13')
Data:  24:0A:C4:23:D9:B0 ('Channel', 5) ('RSSI', -54) ('Header', '48') ('MAC', 'B8:63:4D:A2:0E:13')
Data:  24:0A:C4:23:C1:EC ('Channel', 5) ('RSSI', -59) ('Header', '48') ('MAC', 'B8:63:4D:A2:0E:13')
Data:  24:0A:C4:23:D9:B0 ('Channel', 5) ('RSSI', -54) ('Header', '48') ('MAC', 'B8:63:4D:A2:0E:13')
Data:  24:0A:C4:23:C1:EC ('Channel', 5) ('RSSI', -60) ('Header', '48') ('MAC', 'B8:63:4D:A2:0E:13')
Data:  24:0A:C4:23:D9:B0 ('Channel', 5) ('RSSI', -54) ('Header', '48') ('MAC', 'B8:63:4D:A2:0E:13')
Data:  24:0A:C4:23:C1:EC ('Channel', 5) ('RSSI', -60) ('Header', '48') ('MAC', 'B8:63:4D:A2:0E:13')
Data:  24:0A:C4:23:D9:B0 ('Channel', 5) ('RSSI', -55) ('Header', '48') ('MAC', 'B8:63:4D:A2:0E:13')
Data:  24:0A:C4:23:C1:EC ('Channel', 5) ('RSSI', -61) ('Header', '48') ('MAC', 'B8:63:4D:A2:0E:13')
Data:  24:0A:C4:23:D9:B0 ('Channel', 5) ('RSSI', -55) ('Header', '48') ('MAC', 'B8:63:4D:A2:0E:13')
Data:  24:0A:C4:23:C1:EC ('Channel', 5) ('RSSI', -60) ('Header', '48') ('MAC', 'B8:63:4D:A2:0E:13')
Data:  24:0A:C4:23:C1:EC ('Channel', 5) ('RSSI', -60) ('Header', '48') ('MAC', 'B8:63:4D:A2:0E:13')
Data:  24:0A:C4:23:D9:B0 ('Channel', 5) ('RSSI', -55) ('Header', '48') ('MAC', 'B8:63:4D:A2:0E:13')
Data:  24:0A:C4:23:D9:B0 ('Channel', 5) ('RSSI', -55) ('Header', '48') ('MAC', 'B8:63:4D:A2:0E:13')
Data:  24:0A:C4:23:C1:EC ('Channel', 5) ('RSSI', -60) ('Header', '48') ('MAC', 'B8:63:4D:A2:0E:13')
Data:  24:0A:C4:23:C1:EC ('Channel', 5) ('RSSI', -59) ('Header', '48') ('MAC', 'B8:63:4D:A2:0E:13')
Data:  24:0A:C4:23:C1:EC ('Channel', 5) ('RSSI', -59) ('Header', '48') ('MAC', 'B8:63:4D:A2:0E:13')
Data:  24:0A:C4:23:D9:B0 ('Channel', 5) ('RSSI', -55) ('Header', '48') ('MAC', 'B8:63:4D:A2:0E:13')
Data:  24:0A:C4:23:D9:B0 ('Channel', 5) ('RSSI', -55) ('Header', '48') ('MAC', 'B8:63:4D:A2:0E:13')
Data:  24:0A:C4:23:D9:B0 ('Channel', 5) ('RSSI', -56) ('Header', '48') ('MAC', 'B8:63:4D:A2:0E:13')
Data:  24:0A:C4:23:C1:EC ('Channel', 5) ('RSSI', -61) ('Header', '48') ('MAC', 'B8:63:4D:A2:0E:13')
Data:  24:0A:C4:23:D9:B0 ('Channel', 5) ('RSSI', -54) ('Header', '48') ('MAC', 'B8:63:4D:A2:0E:13')
Data:  24:0A:C4:23:C1:EC ('Channel', 5) ('RSSI', -60) ('Header', '48') ('MAC', 'B8:63:4D:A2:0E:13')
Data:  24:0A:C4:23:C1:EC ('Channel', 5) ('RSSI', -57) ('Header', '48') ('MAC', 'B8:63:4D:A2:0E:13')
Data:  24:0A:C4:23:C1:EC ('Channel', 5) ('RSSI', -57) ('Header', '48') ('MAC', 'B8:63:4D:A2:0E:13')
Data:  24:0A:C4:23:D9:B0 ('Channel', 5) ('RSSI', -54) ('Header', '48') ('MAC', 'B8:63:4D:A2:0E:13')
Data:  24:0A:C4:23:D9:B0 ('Channel', 5) ('RSSI', -54) ('Header', '48') ('MAC', 'B8:63:4D:A2:0E:13')
Data:  24:0A:C4:23:C1:EC ('Channel', 5) ('RSSI', -57) ('Header', '48') ('MAC', 'B8:63:4D:A2:0E:13')
Data:  24:0A:C4:23:D9:B0 ('Channel', 5) ('RSSI', -54) ('Header', '48') ('MAC', 'B8:63:4D:A2:0E:13')
Data:  24:0A:C4:23:D9:B0 ('Channel', 5) ('RSSI', -55) ('Header', '48') ('MAC', 'B8:63:4D:A2:0E:13')
Data:  24:0A:C4:23:C1:EC ('Channel', 5) ('RSSI', -59) ('Header', '48') ('MAC', 'B8:63:4D:A2:0E:13')
Data:  24:0A:C4:23:C1:EC ('Channel', 5) ('RSSI', -58) ('Header', '48') ('MAC', 'B8:63:4D:A2:0E:13')
Data:  24:0A:C4:23:D9:B0 ('Channel', 5) ('RSSI', -54) ('Header', '48') ('MAC', 'B8:63:4D:A2:0E:13')
Data:  24:0A:C4:23:C1:EC ('Channel', 5) ('RSSI', -58) ('Header', '48') ('MAC', 'B8:63:4D:A2:0E:13')
Data:  24:0A:C4:23:D9:B0 ('Channel', 5) ('RSSI', -55) ('Header', '48') ('MAC', 'B8:63:4D:A2:0E:13')
Summary:  3C:71:BF:99:F9:E0 520 {}
Summary:  24:0A:C4:23:D9:B0 580 {'B8:63:4D:A2:0E:13': -54.6}
Summary:  24:0A:C4:23:C1:EC 460 {'B8:63:4D:A2:0E:13': -59.8}
Data:  24:0A:C4:23:C1:EC ('Channel', 5) ('RSSI', -58) ('Header', '48') ('MAC', 'B8:63:4D:A2:0E:13')
Data:  24:0A:C4:23:C1:EC ('Channel', 5) ('RSSI', -58) ('Header', '48') ('MAC', 'B8:63:4D:A2:0E:13')
Data:  24:0A:C4:23:D9:B0 ('Channel', 5) ('RSSI', -55) ('Header', '48') ('MAC', 'B8:63:4D:A2:0E:13')
Data:  24:0A:C4:23:D9:B0 ('Channel', 5) ('RSSI', -54) ('Header', '48') ('MAC', 'B8:63:4D:A2:0E:13')
Data:  24:0A:C4:23:C1:EC ('Channel', 5) ('RSSI', -60) ('Header', '48') ('MAC', 'B8:63:4D:A2:0E:13')
Data:  24:0A:C4:23:D9:B0 ('Channel', 5) ('RSSI', -55) ('Header', '48') ('MAC', 'B8:63:4D:A2:0E:13')
Data:  24:0A:C4:23:C1:EC ('Channel', 5) ('RSSI', -59) ('Header', '48') ('MAC', 'B8:63:4D:A2:0E:13')
Data:  24:0A:C4:23:D9:B0 ('Channel', 5) ('RSSI', -55) ('Header', '48') ('MAC', 'B8:63:4D:A2:0E:13')
Data:  24:0A:C4:23:C1:EC ('Channel', 5) ('RSSI', -59) ('Header', '48') ('MAC', 'B8:63:4D:A2:0E:13')
Data:  24:0A:C4:23:D9:B0 ('Channel', 5) ('RSSI', -54) ('Header', '48') ('MAC', 'B8:63:4D:A2:0E:13')
Data:  24:0A:C4:23:C1:EC ('Channel', 5) ('RSSI', -58) ('Header', '48') ('MAC', 'B8:63:4D:A2:0E:13')
Data:  24:0A:C4:23:D9:B0 ('Channel', 5) ('RSSI', -54) ('Header', '48') ('MAC', 'B8:63:4D:A2:0E:13')
Data:  24:0A:C4:23:D9:B0 ('Channel', 5) ('RSSI', -54) ('Header', '48') ('MAC', 'B8:63:4D:A2:0E:13')
Data:  24:0A:C4:23:C1:EC ('Channel', 5) ('RSSI', -59) ('Header', '48') ('MAC', 'B8:63:4D:A2:0E:13')
Data:  24:0A:C4:23:D9:B0 ('Channel', 5) ('RSSI', -54) ('Header', '48') ('MAC', 'B8:63:4D:A2:0E:13')
Data:  24:0A:C4:23:C1:EC ('Channel', 5) ('RSSI', -58) ('Header', '48') ('MAC', 'B8:63:4D:A2:0E:13')
Data:  24:0A:C4:23:D9:B0 ('Channel', 5) ('RSSI', -55) ('Header', '48') ('MAC', 'B8:63:4D:A2:0E:13')
Data:  24:0A:C4:23:C1:EC ('Channel', 5) ('RSSI', -60) ('Header', '48') ('MAC', 'B8:63:4D:A2:0E:13')
Data:  24:0A:C4:23:D9:B0 ('Channel', 5) ('RSSI', -55) ('Header', '48') ('MAC', 'B8:63:4D:A2:0E:13')
Data:  24:0A:C4:23:C1:EC ('Channel', 5) ('RSSI', -60) ('Header', '48') ('MAC', 'B8:63:4D:A2:0E:13')
Data:  24:0A:C4:23:C1:EC ('Channel', 5) ('RSSI', -60) ('Header', '48') ('MAC', 'B8:63:4D:A2:0E:13')
Data:  24:0A:C4:23:D9:B0 ('Channel', 5) ('RSSI', -56) ('Header', '48') ('MAC', 'B8:63:4D:A2:0E:13')
Data:  24:0A:C4:23:D9:B0 ('Channel', 5) ('RSSI', -55) ('Header', '48') ('MAC', 'B8:63:4D:A2:0E:13')
Data:  24:0A:C4:23:C1:EC ('Channel', 5) ('RSSI', -58) ('Header', '48') ('MAC', 'B8:63:4D:A2:0E:13')
Data:  24:0A:C4:23:D9:B0 ('Channel', 5) ('RSSI', -55) ('Header', '48') ('MAC', 'B8:63:4D:A2:0E:13')
Data:  24:0A:C4:23:C1:EC ('Channel', 5) ('RSSI', -60) ('Header', '48') ('MAC', 'B8:63:4D:A2:0E:13')
Data:  24:0A:C4:23:C1:EC ('Channel', 5) ('RSSI', -58) ('Header', '48') ('MAC', 'B8:63:4D:A2:0E:13')
Data:  24:0A:C4:23:D9:B0 ('Channel', 5) ('RSSI', -55) ('Header', '48') ('MAC', 'B8:63:4D:A2:0E:13')
Data:  24:0A:C4:23:D9:B0 ('Channel', 5) ('RSSI', -54) ('Header', '48') ('MAC', 'B8:63:4D:A2:0E:13')
Data:  24:0A:C4:23:C1:EC ('Channel', 5) ('RSSI', -57) ('Header', '48') ('MAC', 'B8:63:4D:A2:0E:13')
Data:  24:0A:C4:23:C1:EC ('Channel', 5) ('RSSI', -59) ('Header', '48') ('MAC', 'B8:63:4D:A2:0E:13')
Data:  24:0A:C4:23:C1:EC ('Channel', 5) ('RSSI', -60) ('Header', '48') ('MAC', 'B8:63:4D:A2:0E:13')
Data:  24:0A:C4:23:D9:B0 ('Channel', 5) ('RSSI', -55) ('Header', '48') ('MAC', 'B8:63:4D:A2:0E:13')
Data:  24:0A:C4:23:C1:EC ('Channel', 5) ('RSSI', -59) ('Header', '48') ('MAC', 'B8:63:4D:A2:0E:13')
Data:  24:0A:C4:23:D9:B0 ('Channel', 5) ('RSSI', -55) ('Header', '48') ('MAC', 'B8:63:4D:A2:0E:13')
Data:  24:0A:C4:23:C1:EC ('Channel', 5) ('RSSI', -59) ('Header', '48') ('MAC', 'B8:63:4D:A2:0E:13')
Data:  24:0A:C4:23:D9:B0 ('Channel', 5) ('RSSI', -54) ('Header', '48') ('MAC', 'B8:63:4D:A2:0E:13')
Data:  24:0A:C4:23:D9:B0 ('Channel', 5) ('RSSI', -54) ('Header', '48') ('MAC', 'B8:63:4D:A2:0E:13')
Data:  24:0A:C4:23:C1:EC ('Channel', 5) ('RSSI', -60) ('Header', '48') ('MAC', 'B8:63:4D:A2:0E:13')
Data:  24:0A:C4:23:D9:B0 ('Channel', 5) ('RSSI', -55) ('Header', '48') ('MAC', 'B8:63:4D:A2:0E:13')
Data:  24:0A:C4:23:C1:EC ('Channel', 5) ('RSSI', -59) ('Header', '48') ('MAC', 'B8:63:4D:A2:0E:13')
Data:  24:0A:C4:23:D9:B0 ('Channel', 5) ('RSSI', -55) ('Header', '48') ('MAC', 'B8:63:4D:A2:0E:13')
Data:  24:0A:C4:23:C1:EC ('Channel', 5) ('RSSI', -59) ('Header', '48') ('MAC', 'B8:63:4D:A2:0E:13')
Data:  24:0A:C4:23:D9:B0 ('Channel', 5) ('RSSI', -55) ('Header', '48') ('MAC', 'B8:63:4D:A2:0E:13')
Data:  24:0A:C4:23:C1:EC ('Channel', 5) ('RSSI', -59) ('Header', '48') ('MAC', 'B8:63:4D:A2:0E:13')
Data:  24:0A:C4:23:D9:B0 ('Channel', 5) ('RSSI', -55) ('Header', '48') ('MAC', 'B8:63:4D:A2:0E:13')
Data:  24:0A:C4:23:C1:EC ('Channel', 5) ('RSSI', -59) ('Header', '48') ('MAC', 'B8:63:4D:A2:0E:13')
Data:  24:0A:C4:23:D9:B0 ('Channel', 5) ('RSSI', -56) ('Header', '48') ('MAC', 'B8:63:4D:A2:0E:13')
Data:  24:0A:C4:23:C1:EC ('Channel', 5) ('RSSI', -61) ('Header', '48') ('MAC', 'B8:63:4D:A2:0E:13')
Data:  24:0A:C4:23:D9:B0 ('Channel', 5) ('RSSI', -56) ('Header', '48') ('MAC', 'B8:63:4D:A2:0E:13')
Data:  24:0A:C4:23:C1:EC ('Channel', 5) ('RSSI', -59) ('Header', '48') ('MAC', 'B8:63:4D:A2:0E:13')
Data:  24:0A:C4:23:C1:EC ('Channel', 5) ('RSSI', -59) ('Header', '48') ('MAC', 'B8:63:4D:A2:0E:13')
Data:  24:0A:C4:23:D9:B0 ('Channel', 5) ('RSSI', -54) ('Header', '48') ('MAC', 'B8:63:4D:A2:0E:13')
Data:  24:0A:C4:23:C1:EC ('Channel', 5) ('RSSI', -59) ('Header', '48') ('MAC', 'B8:63:4D:A2:0E:13')
Data:  24:0A:C4:23:D9:B0 ('Channel', 5) ('RSSI', -55) ('Header', '48') ('MAC', 'B8:63:4D:A2:0E:13')
Data:  24:0A:C4:23:D9:B0 ('Channel', 5) ('RSSI', -54) ('Header', '48') ('MAC', 'B8:63:4D:A2:0E:13')
Data:  24:0A:C4:23:C1:EC ('Channel', 5) ('RSSI', -58) ('Header', '48') ('MAC', 'B8:63:4D:A2:0E:13')
Data:  24:0A:C4:23:D9:B0 ('Channel', 5) ('RSSI', -55) ('Header', '48') ('MAC', 'B8:63:4D:A2:0E:13')
Data:  24:0A:C4:23:C1:EC ('Channel', 5) ('RSSI', -57) ('Header', '48') ('MAC', 'B8:63:4D:A2:0E:13')
Data:  24:0A:C4:23:C1:EC ('Channel', 5) ('RSSI', -58) ('Header', '48') ('MAC', 'B8:63:4D:A2:0E:13')
Data:  24:0A:C4:23:D9:B0 ('Channel', 5) ('RSSI', -55) ('Header', '48') ('MAC', 'B8:63:4D:A2:0E:13')
Data:  24:0A:C4:23:C1:EC ('Channel', 5) ('RSSI', -58) ('Header', '48') ('MAC', 'B8:63:4D:A2:0E:13')
Data:  24:0A:C4:23:D9:B0 ('Channel', 5) ('RSSI', -55) ('Header', '48') ('MAC', 'B8:63:4D:A2:0E:13')
Data:  24:0A:C4:23:D9:B0 ('Channel', 5) ('RSSI', -55) ('Header', '48') ('MAC', 'B8:63:4D:A2:0E:13')
Data:  24:0A:C4:23:C1:EC ('Channel', 5) ('RSSI', -57) ('Header', '48') ('MAC', 'B8:63:4D:A2:0E:13')
Data:  24:0A:C4:23:D9:B0 ('Channel', 5) ('RSSI', -54) ('Header', '48') ('MAC', 'B8:63:4D:A2:0E:13')
Data:  24:0A:C4:23:D9:B0 ('Channel', 5) ('RSSI', -54) ('Header', '48') ('MAC', 'B8:63:4D:A2:0E:13')
Data:  24:0A:C4:23:C1:EC ('Channel', 5) ('RSSI', -57) ('Header', '48') ('MAC', 'B8:63:4D:A2:0E:13')
Data:  24:0A:C4:23:C1:EC ('Channel', 5) ('RSSI', -57) ('Header', '48') ('MAC', 'B8:63:4D:A2:0E:13')
Data:  24:0A:C4:23:C1:EC ('Channel', 5) ('RSSI', -58) ('Header', '48') ('MAC', 'B8:63:4D:A2:0E:13')
Data:  24:0A:C4:23:D9:B0 ('Channel', 5) ('RSSI', -55) ('Header', '48') ('MAC', 'B8:63:4D:A2:0E:13')
Data:  24:0A:C4:23:C1:EC ('Channel', 5) ('RSSI', -59) ('Header', '48') ('MAC', 'B8:63:4D:A2:0E:13')
Data:  24:0A:C4:23:D9:B0 ('Channel', 5) ('RSSI', -54) ('Header', '48') ('MAC', 'B8:63:4D:A2:0E:13')
Data:  24:0A:C4:23:C1:EC ('Channel', 5) ('RSSI', -58) ('Header', '48') ('MAC', 'B8:63:4D:A2:0E:13')
Data:  24:0A:C4:23:D9:B0 ('Channel', 5) ('RSSI', -54) ('Header', '48') ('MAC', 'B8:63:4D:A2:0E:13')
Data:  24:0A:C4:23:D9:B0 ('Channel', 5) ('RSSI', -54) ('Header', '48') ('MAC', 'B8:63:4D:A2:0E:13')
Data:  24:0A:C4:23:D9:B0 ('Channel', 5) ('RSSI', -54) ('Header', '48') ('MAC', 'B8:63:4D:A2:0E:13')
Data:  24:0A:C4:23:C1:EC ('Channel', 5) ('RSSI', -58) ('Header', '48') ('MAC', 'B8:63:4D:A2:0E:13')
Data:  24:0A:C4:23:C1:EC ('Channel', 5) ('RSSI', -58) ('Header', '48') ('MAC', 'B8:63:4D:A2:0E:13')
Data:  24:0A:C4:23:C1:EC ('Channel', 5) ('RSSI', -60) ('Header', '48') ('MAC', 'B8:63:4D:A2:0E:13')
Data:  24:0A:C4:23:D9:B0 ('Channel', 5) ('RSSI', -55) ('Header', '48') ('MAC', 'B8:63:4D:A2:0E:13')
Data:  24:0A:C4:23:C1:EC ('Channel', 5) ('RSSI', -61) ('Header', '40') ('MAC', 'B8:63:4D:A2:0E:13')
Data:  24:0A:C4:23:D9:B0 ('Channel', 5) ('RSSI', -60) ('Header', '40') ('MAC', 'B8:63:4D:A2:0E:13')
Data:  24:0A:C4:23:D9:B0 ('Channel', 5) ('RSSI', -61) ('Header', '40') ('MAC', 'B8:63:4D:A2:0E:13')
Data:  24:0A:C4:23:D9:B0 ('Channel', 5) ('RSSI', -61) ('Header', '40') ('MAC', 'B8:63:4D:A2:0E:13')
Data:  24:0A:C4:23:D9:B0 ('Channel', 5) ('RSSI', -60) ('Header', '40') ('MAC', 'B8:63:4D:A2:0E:13')
Data:  24:0A:C4:23:D9:B0 ('Channel', 5) ('RSSI', -54) ('Header', '48') ('MAC', 'B8:63:4D:A2:0E:13')
Data:  24:0A:C4:23:D9:B0 ('Channel', 5) ('RSSI', -55) ('Header', '48') ('MAC', 'B8:63:4D:A2:0E:13')
Data:  24:0A:C4:23:D9:B0 ('Channel', 5) ('RSSI', -55) ('Header', '48') ('MAC', 'B8:63:4D:A2:0E:13')
Data:  24:0A:C4:23:D9:B0 ('Channel', 5) ('RSSI', -55) ('Header', '40') ('MAC', 'B8:63:4D:A2:0E:13')
Data:  24:0A:C4:23:D9:B0 ('Channel', 5) ('RSSI', -51) ('Header', '40') ('MAC', 'B8:63:4D:A2:0E:13')
Data:  24:0A:C4:23:D9:B0 ('Channel', 5) ('RSSI', -55) ('Header', '48') ('MAC', 'B8:63:4D:A2:0E:13')
Data:  24:0A:C4:23:D9:B0 ('Channel', 5) ('RSSI', -54) ('Header', '48') ('MAC', 'B8:63:4D:A2:0E:13')
Data:  24:0A:C4:23:D9:B0 ('Channel', 5) ('RSSI', -56) ('Header', '40') ('MAC', 'B8:63:4D:A2:0E:13')
Data:  24:0A:C4:23:D9:B0 ('Channel', 5) ('RSSI', -52) ('Header', '40') ('MAC', 'B8:63:4D:A2:0E:13')
Data:  24:0A:C4:23:D9:B0 ('Channel', 5) ('RSSI', -54) ('Header', '48') ('MAC', 'B8:63:4D:A2:0E:13')
Data:  24:0A:C4:23:D9:B0 ('Channel', 5) ('RSSI', -54) ('Header', '48') ('MAC', 'B8:63:4D:A2:0E:13')
Data:  24:0A:C4:23:C1:EC ('Channel', 5) ('RSSI', -62) ('Header', '40') ('MAC', 'B8:63:4D:A2:0E:13')
Data:  24:0A:C4:23:C1:EC ('Channel', 5) ('RSSI', -62) ('Header', '40') ('MAC', 'B8:63:4D:A2:0E:13')
Data:  24:0A:C4:23:D9:B0 ('Channel', 5) ('RSSI', -54) ('Header', '48') ('MAC', 'B8:63:4D:A2:0E:13')
Data:  24:0A:C4:23:C1:EC ('Channel', 5) ('RSSI', -61) ('Header', '40') ('MAC', 'B8:63:4D:A2:0E:13')
Data:  24:0A:C4:23:D9:B0 ('Channel', 5) ('RSSI', -54) ('Header', '48') ('MAC', 'B8:63:4D:A2:0E:13')
Data:  24:0A:C4:23:C1:EC ('Channel', 5) ('RSSI', -59) ('Header', '48') ('MAC', 'B8:63:4D:A2:0E:13')
Data:  24:0A:C4:23:D9:B0 ('Channel', 5) ('RSSI', -57) ('Header', '48') ('MAC', 'B8:63:4D:A2:0E:13')
Data:  24:0A:C4:23:C1:EC ('Channel', 5) ('RSSI', -60) ('Header', '48') ('MAC', 'B8:63:4D:A2:0E:13')
Summary:  3C:71:BF:99:F9:E0 520 {}
Summary:  24:0A:C4:23:D9:B0 580 {'B8:63:4D:A2:0E:13': -55.0}
Summary:  24:0A:C4:23:C1:EC 460 {'B8:63:4D:A2:0E:13': -58.8}
Data:  24:0A:C4:23:D9:B0 ('Channel', 5) ('RSSI', -55) ('Header', '48') ('MAC', 'B8:63:4D:A2:0E:13')
Data:  24:0A:C4:23:C1:EC ('Channel', 5) ('RSSI', -60) ('Header', '48') ('MAC', 'B8:63:4D:A2:0E:13')
Data:  24:0A:C4:23:D9:B0 ('Channel', 5) ('RSSI', -55) ('Header', '48') ('MAC', 'B8:63:4D:A2:0E:13')
Data:  24:0A:C4:23:C1:EC ('Channel', 5) ('RSSI', -58) ('Header', '40') ('MAC', 'B8:63:4D:A2:0E:13')
Data:  24:0A:C4:23:C1:EC ('Channel', 5) ('RSSI', -60) ('Header', '48') ('MAC', 'B8:63:4D:A2:0E:13')
Data:  24:0A:C4:23:C1:EC ('Channel', 5) ('RSSI', -60) ('Header', '48') ('MAC', 'B8:63:4D:A2:0E:13')
Data:  24:0A:C4:23:C1:EC ('Channel', 5) ('RSSI', -60) ('Header', '48') ('MAC', 'B8:63:4D:A2:0E:13')
Data:  24:0A:C4:23:C1:EC ('Channel', 5) ('RSSI', -59) ('Header', '48') ('MAC', 'B8:63:4D:A2:0E:13')
Data:  24:0A:C4:23:C1:EC ('Channel', 5) ('RSSI', -60) ('Header', '48') ('MAC', 'B8:63:4D:A2:0E:13')
Data:  24:0A:C4:23:C1:EC ('Channel', 5) ('RSSI', -60) ('Header', '48') ('MAC', 'B8:63:4D:A2:0E:13')
Data:  24:0A:C4:23:C1:EC ('Channel', 5) ('RSSI', -58) ('Header', '48') ('MAC', 'B8:63:4D:A2:0E:13')
Data:  24:0A:C4:23:C1:EC ('Channel', 5) ('RSSI', -59) ('Header', '48') ('MAC', 'B8:63:4D:A2:0E:13')
Data:  24:0A:C4:23:C1:EC ('Channel', 5) ('RSSI', -58) ('Header', '48') ('MAC', 'B8:63:4D:A2:0E:13')
Data:  24:0A:C4:23:C1:EC ('Channel', 5) ('RSSI', -60) ('Header', '48') ('MAC', 'B8:63:4D:A2:0E:13')
Data:  24:0A:C4:23:C1:EC ('Channel', 5) ('RSSI', -59) ('Header', '48') ('MAC', 'B8:63:4D:A2:0E:13')
Data:  24:0A:C4:23:D9:B0 ('Channel', 5) ('RSSI', -54) ('Header', '48') ('MAC', 'B8:63:4D:A2:0E:13')
Data:  24:0A:C4:23:C1:EC ('Channel', 5) ('RSSI', -59) ('Header', '48') ('MAC', 'B8:63:4D:A2:0E:13')
Data:  24:0A:C4:23:D9:B0 ('Channel', 5) ('RSSI', -54) ('Header', '48') ('MAC', 'B8:63:4D:A2:0E:13')
Data:  24:0A:C4:23:C1:EC ('Channel', 5) ('RSSI', -60) ('Header', '48') ('MAC', 'B8:63:4D:A2:0E:13')
Data:  24:0A:C4:23:D9:B0 ('Channel', 5) ('RSSI', -55) ('Header', '48') ('MAC', 'B8:63:4D:A2:0E:13')
Data:  24:0A:C4:23:C1:EC ('Channel', 5) ('RSSI', -60) ('Header', '48') ('MAC', 'B8:63:4D:A2:0E:13')
Data:  24:0A:C4:23:D9:B0 ('Channel', 5) ('RSSI', -55) ('Header', '48') ('MAC', 'B8:63:4D:A2:0E:13')
Data:  24:0A:C4:23:C1:EC ('Channel', 5) ('RSSI', -60) ('Header', '48') ('MAC', 'B8:63:4D:A2:0E:13')
Data:  24:0A:C4:23:D9:B0 ('Channel', 5) ('RSSI', -55) ('Header', '48') ('MAC', 'B8:63:4D:A2:0E:13')
Data:  24:0A:C4:23:C1:EC ('Channel', 5) ('RSSI', -58) ('Header', '48') ('MAC', 'B8:63:4D:A2:0E:13')
Data:  24:0A:C4:23:C1:EC ('Channel', 5) ('RSSI', -60) ('Header', '48') ('MAC', 'B8:63:4D:A2:0E:13')
Data:  24:0A:C4:23:D9:B0 ('Channel', 5) ('RSSI', -54) ('Header', '48') ('MAC', 'B8:63:4D:A2:0E:13')
Data:  24:0A:C4:23:C1:EC ('Channel', 5) ('RSSI', -58) ('Header', '48') ('MAC', 'B8:63:4D:A2:0E:13')
Data:  24:0A:C4:23:D9:B0 ('Channel', 5) ('RSSI', -55) ('Header', '48') ('MAC', 'B8:63:4D:A2:0E:13')
Data:  24:0A:C4:23:D9:B0 ('Channel', 5) ('RSSI', -54) ('Header', '48') ('MAC', 'B8:63:4D:A2:0E:13')
Data:  24:0A:C4:23:C1:EC ('Channel', 5) ('RSSI', -58) ('Header', '48') ('MAC', 'B8:63:4D:A2:0E:13')
Data:  24:0A:C4:23:D9:B0 ('Channel', 5) ('RSSI', -55) ('Header', '48') ('MAC', 'B8:63:4D:A2:0E:13')
Data:  24:0A:C4:23:C1:EC ('Channel', 5) ('RSSI', -60) ('Header', '48') ('MAC', 'B8:63:4D:A2:0E:13')
Data:  24:0A:C4:23:D9:B0 ('Channel', 5) ('RSSI', -54) ('Header', '48') ('MAC', 'B8:63:4D:A2:0E:13')
Data:  24:0A:C4:23:C1:EC ('Channel', 5) ('RSSI', -60) ('Header', '48') ('MAC', 'B8:63:4D:A2:0E:13')
Data:  24:0A:C4:23:D9:B0 ('Channel', 5) ('RSSI', -55) ('Header', '48') ('MAC', 'B8:63:4D:A2:0E:13')
Data:  24:0A:C4:23:D9:B0 ('Channel', 5) ('RSSI', -55) ('Header', '48') ('MAC', 'B8:63:4D:A2:0E:13')
Data:  24:0A:C4:23:C1:EC ('Channel', 5) ('RSSI', -60) ('Header', '48') ('MAC', 'B8:63:4D:A2:0E:13')
Data:  24:0A:C4:23:D9:B0 ('Channel', 5) ('RSSI', -55) ('Header', '48') ('MAC', 'B8:63:4D:A2:0E:13')
Data:  24:0A:C4:23:C1:EC ('Channel', 5) ('RSSI', -58) ('Header', '48') ('MAC', 'B8:63:4D:A2:0E:13')
Data:  24:0A:C4:23:D9:B0 ('Channel', 5) ('RSSI', -54) ('Header', '48') ('MAC', 'B8:63:4D:A2:0E:13')
Data:  24:0A:C4:23:C1:EC ('Channel', 5) ('RSSI', -58) ('Header', '48') ('MAC', 'B8:63:4D:A2:0E:13')
Data:  24:0A:C4:23:D9:B0 ('Channel', 5) ('RSSI', -54) ('Header', '48') ('MAC', 'B8:63:4D:A2:0E:13')
Data:  24:0A:C4:23:C1:EC ('Channel', 5) ('RSSI', -60) ('Header', '48') ('MAC', 'B8:63:4D:A2:0E:13')
Data:  24:0A:C4:23:D9:B0 ('Channel', 5) ('RSSI', -55) ('Header', '48') ('MAC', 'B8:63:4D:A2:0E:13')
Data:  24:0A:C4:23:C1:EC ('Channel', 5) ('RSSI', -60) ('Header', '48') ('MAC', 'B8:63:4D:A2:0E:13')
Data:  24:0A:C4:23:D9:B0 ('Channel', 5) ('RSSI', -55) ('Header', '48') ('MAC', 'B8:63:4D:A2:0E:13')
Data:  24:0A:C4:23:D9:B0 ('Channel', 5) ('RSSI', -55) ('Header', '48') ('MAC', 'B8:63:4D:A2:0E:13')
Data:  24:0A:C4:23:D9:B0 ('Channel', 5) ('RSSI', -55) ('Header', '48') ('MAC', 'B8:63:4D:A2:0E:13')
Data:  24:0A:C4:23:C1:EC ('Channel', 5) ('RSSI', -60) ('Header', '48') ('MAC', 'B8:63:4D:A2:0E:13')
Data:  24:0A:C4:23:C1:EC ('Channel', 5) ('RSSI', -59) ('Header', '48') ('MAC', 'B8:63:4D:A2:0E:13')
Data:  24:0A:C4:23:D9:B0 ('Channel', 5) ('RSSI', -55) ('Header', '48') ('MAC', 'B8:63:4D:A2:0E:13')
Data:  24:0A:C4:23:D9:B0 ('Channel', 5) ('RSSI', -55) ('Header', '48') ('MAC', 'B8:63:4D:A2:0E:13')
Data:  24:0A:C4:23:C1:EC ('Channel', 5) ('RSSI', -59) ('Header', '48') ('MAC', 'B8:63:4D:A2:0E:13')
Data:  24:0A:C4:23:C1:EC ('Channel', 5) ('RSSI', -59) ('Header', '48') ('MAC', 'B8:63:4D:A2:0E:13')
Data:  24:0A:C4:23:C1:EC ('Channel', 5) ('RSSI', -59) ('Header', '48') ('MAC', 'B8:63:4D:A2:0E:13')
Data:  24:0A:C4:23:D9:B0 ('Channel', 5) ('RSSI', -55) ('Header', '48') ('MAC', 'B8:63:4D:A2:0E:13')
Data:  24:0A:C4:23:C1:EC ('Channel', 5) ('RSSI', -58) ('Header', '48') ('MAC', 'B8:63:4D:A2:0E:13')
Data:  24:0A:C4:23:D9:B0 ('Channel', 5) ('RSSI', -55) ('Header', '48') ('MAC', 'B8:63:4D:A2:0E:13')
Data:  24:0A:C4:23:C1:EC ('Channel', 5) ('RSSI', -57) ('Header', '48') ('MAC', 'B8:63:4D:A2:0E:13')
Data:  24:0A:C4:23:D9:B0 ('Channel', 5) ('RSSI', -54) ('Header', '48') ('MAC', 'B8:63:4D:A2:0E:13')
Data:  24:0A:C4:23:C1:EC ('Channel', 5) ('RSSI', -57) ('Header', '48') ('MAC', 'B8:63:4D:A2:0E:13')
Data:  24:0A:C4:23:D9:B0 ('Channel', 5) ('RSSI', -54) ('Header', '48') ('MAC', 'B8:63:4D:A2:0E:13')
Data:  24:0A:C4:23:C1:EC ('Channel', 5) ('RSSI', -60) ('Header', '48') ('MAC', 'B8:63:4D:A2:0E:13')
Data:  24:0A:C4:23:D9:B0 ('Channel', 5) ('RSSI', -55) ('Header', '48') ('MAC', 'B8:63:4D:A2:0E:13')
Data:  24:0A:C4:23:D9:B0 ('Channel', 5) ('RSSI', -55) ('Header', '48') ('MAC', 'B8:63:4D:A2:0E:13')
Data:  24:0A:C4:23:C1:EC ('Channel', 5) ('RSSI', -58) ('Header', '48') ('MAC', 'B8:63:4D:A2:0E:13')
Data:  24:0A:C4:23:D9:B0 ('Channel', 5) ('RSSI', -54) ('Header', '48') ('MAC', 'B8:63:4D:A2:0E:13')
Data:  24:0A:C4:23:C1:EC ('Channel', 5) ('RSSI', -57) ('Header', '48') ('MAC', 'B8:63:4D:A2:0E:13')
Data:  24:0A:C4:23:D9:B0 ('Channel', 5) ('RSSI', -54) ('Header', '48') ('MAC', 'B8:63:4D:A2:0E:13')
Data:  24:0A:C4:23:C1:EC ('Channel', 5) ('RSSI', -58) ('Header', '48') ('MAC', 'B8:63:4D:A2:0E:13')
Data:  24:0A:C4:23:D9:B0 ('Channel', 5) ('RSSI', -54) ('Header', '48') ('MAC', 'B8:63:4D:A2:0E:13')
Data:  24:0A:C4:23:C1:EC ('Channel', 5) ('RSSI', -59) ('Header', '48') ('MAC', 'B8:63:4D:A2:0E:13')
Data:  24:0A:C4:23:D9:B0 ('Channel', 5) ('RSSI', -54) ('Header', '48') ('MAC', 'B8:63:4D:A2:0E:13')
Data:  24:0A:C4:23:C1:EC ('Channel', 5) ('RSSI', -59) ('Header', '48') ('MAC', 'B8:63:4D:A2:0E:13')
Data:  24:0A:C4:23:D9:B0 ('Channel', 5) ('RSSI', -55) ('Header', '48') ('MAC', 'B8:63:4D:A2:0E:13')
Data:  24:0A:C4:23:C1:EC ('Channel', 5) ('RSSI', -61) ('Header', '48') ('MAC', 'B8:63:4D:A2:0E:13')
Data:  24:0A:C4:23:D9:B0 ('Channel', 5) ('RSSI', -54) ('Header', '48') ('MAC', 'B8:63:4D:A2:0E:13')
Data:  24:0A:C4:23:C1:EC ('Channel', 5) ('RSSI', -60) ('Header', '48') ('MAC', 'B8:63:4D:A2:0E:13')
Data:  24:0A:C4:23:D9:B0 ('Channel', 5) ('RSSI', -55) ('Header', '48') ('MAC', 'B8:63:4D:A2:0E:13')
Data:  24:0A:C4:23:D9:B0 ('Channel', 5) ('RSSI', -55) ('Header', '48') ('MAC', 'B8:63:4D:A2:0E:13')
Data:  24:0A:C4:23:C1:EC ('Channel', 5) ('RSSI', -60) ('Header', '48') ('MAC', 'B8:63:4D:A2:0E:13')
Data:  24:0A:C4:23:D9:B0 ('Channel', 5) ('RSSI', -55) ('Header', '48') ('MAC', 'B8:63:4D:A2:0E:13')
Data:  24:0A:C4:23:D9:B0 ('Channel', 5) ('RSSI', -54) ('Header', '48') ('MAC', 'B8:63:4D:A2:0E:13')
Data:  24:0A:C4:23:C1:EC ('Channel', 5) ('RSSI', -58) ('Header', '48') ('MAC', 'B8:63:4D:A2:0E:13')
Data:  24:0A:C4:23:C1:EC ('Channel', 5) ('RSSI', -58) ('Header', '48') ('MAC', 'B8:63:4D:A2:0E:13')
Data:  24:0A:C4:23:C1:EC ('Channel', 5) ('RSSI', -61) ('Header', '48') ('MAC', 'B8:63:4D:A2:0E:13')
Data:  24:0A:C4:23:D9:B0 ('Channel', 5) ('RSSI', -54) ('Header', '48') ('MAC', 'B8:63:4D:A2:0E:13')
Data:  24:0A:C4:23:D9:B0 ('Channel', 5) ('RSSI', -55) ('Header', '48') ('MAC', 'B8:63:4D:A2:0E:13')
Data:  24:0A:C4:23:C1:EC ('Channel', 5) ('RSSI', -60) ('Header', '48') ('MAC', 'B8:63:4D:A2:0E:13')
Data:  24:0A:C4:23:D9:B0 ('Channel', 5) ('RSSI', -54) ('Header', '48') ('MAC', 'B8:63:4D:A2:0E:13')
Data:  24:0A:C4:23:C1:EC ('Channel', 5) ('RSSI', -61) ('Header', '48') ('MAC', 'B8:63:4D:A2:0E:13')
Data:  24:0A:C4:23:D9:B0 ('Channel', 5) ('RSSI', -56) ('Header', '48') ('MAC', 'B8:63:4D:A2:0E:13')
Data:  24:0A:C4:23:C1:EC ('Channel', 5) ('RSSI', -60) ('Header', '48') ('MAC', 'B8:63:4D:A2:0E:13')
Data:  24:0A:C4:23:D9:B0 ('Channel', 5) ('RSSI', -56) ('Header', '48') ('MAC', 'B8:63:4D:A2:0E:13')
Data:  24:0A:C4:23:C1:EC ('Channel', 5) ('RSSI', -60) ('Header', '48') ('MAC', 'B8:63:4D:A2:0E:13')
Data:  24:0A:C4:23:D9:B0 ('Channel', 5) ('RSSI', -54) ('Header', '48') ('MAC', 'B8:63:4D:A2:0E:13')
Data:  24:0A:C4:23:C1:EC ('Channel', 5) ('RSSI', -58) ('Header', '48') ('MAC', 'B8:63:4D:A2:0E:13')
Data:  24:0A:C4:23:D9:B0 ('Channel', 5) ('RSSI', -54) ('Header', '48') ('MAC', 'B8:63:4D:A2:0E:13')
Data:  24:0A:C4:23:C1:EC ('Channel', 5) ('RSSI', -58) ('Header', '48') ('MAC', 'B8:63:4D:A2:0E:13')
Data:  24:0A:C4:23:D9:B0 ('Channel', 5) ('RSSI', -55) ('Header', '48') ('MAC', 'B8:63:4D:A2:0E:13')
Data:  24:0A:C4:23:D9:B0 ('Channel', 5) ('RSSI', -55) ('Header', '48') ('MAC', 'B8:63:4D:A2:0E:13')
Data:  24:0A:C4:23:C1:EC ('Channel', 5) ('RSSI', -59) ('Header', '48') ('MAC', 'B8:63:4D:A2:0E:13')
Data:  24:0A:C4:23:D9:B0 ('Channel', 5) ('RSSI', -55) ('Header', '48') ('MAC', 'B8:63:4D:A2:0E:13')
Data:  24:0A:C4:23:C1:EC ('Channel', 5) ('RSSI', -59) ('Header', '48') ('MAC', 'B8:63:4D:A2:0E:13')
Data:  24:0A:C4:23:D9:B0 ('Channel', 5) ('RSSI', -55) ('Header', '48') ('MAC', 'B8:63:4D:A2:0E:13')
Data:  24:0A:C4:23:C1:EC ('Channel', 5) ('RSSI', -59) ('Header', '48') ('MAC', 'B8:63:4D:A2:0E:13')
Data:  24:0A:C4:23:D9:B0 ('Channel', 5) ('RSSI', -54) ('Header', '48') ('MAC', 'B8:63:4D:A2:0E:13')
Data:  24:0A:C4:23:C1:EC ('Channel', 5) ('RSSI', -59) ('Header', '48') ('MAC', 'B8:63:4D:A2:0E:13')
Data:  24:0A:C4:23:D9:B0 ('Channel', 5) ('RSSI', -55) ('Header', '48') ('MAC', 'B8:63:4D:A2:0E:13')
Data:  24:0A:C4:23:C1:EC ('Channel', 5) ('RSSI', -59) ('Header', '48') ('MAC', 'B8:63:4D:A2:0E:13')
Data:  24:0A:C4:23:D9:B0 ('Channel', 5) ('RSSI', -55) ('Header', '48') ('MAC', 'B8:63:4D:A2:0E:13')
Data:  24:0A:C4:23:D9:B0 ('Channel', 5) ('RSSI', -56) ('Header', '48') ('MAC', 'B8:63:4D:A2:0E:13')
Summary:  3C:71:BF:99:F9:E0 520 {}
Summary:  24:0A:C4:23:D9:B0 580 {'B8:63:4D:A2:0E:13': -54.7}
Summary:  24:0A:C4:23:C1:EC 460 {'B8:63:4D:A2:0E:13': -59.2}
Data:  24:0A:C4:23:D9:B0 ('Channel', 5) ('RSSI', -54) ('Header', '48') ('MAC', 'B8:63:4D:A2:0E:13')
Data:  24:0A:C4:23:C1:EC ('Channel', 5) ('RSSI', -58) ('Header', '48') ('MAC', 'B8:63:4D:A2:0E:13')
Data:  24:0A:C4:23:C1:EC ('Channel', 5) ('RSSI', -59) ('Header', '48') ('MAC', 'B8:63:4D:A2:0E:13')
Data:  24:0A:C4:23:C1:EC ('Channel', 5) ('RSSI', -58) ('Header', '48') ('MAC', 'B8:63:4D:A2:0E:13')
Data:  24:0A:C4:23:C1:EC ('Channel', 5) ('RSSI', -58) ('Header', '48') ('MAC', 'B8:63:4D:A2:0E:13')
Data:  24:0A:C4:23:D9:B0 ('Channel', 5) ('RSSI', -55) ('Header', '48') ('MAC', 'B8:63:4D:A2:0E:13')
Data:  24:0A:C4:23:D9:B0 ('Channel', 5) ('RSSI', -55) ('Header', '48') ('MAC', 'B8:63:4D:A2:0E:13')
Data:  24:0A:C4:23:C1:EC ('Channel', 5) ('RSSI', -60) ('Header', '48') ('MAC', 'B8:63:4D:A2:0E:13')
Data:  24:0A:C4:23:C1:EC ('Channel', 5) ('RSSI', -60) ('Header', '48') ('MAC', 'B8:63:4D:A2:0E:13')
Data:  24:0A:C4:23:D9:B0 ('Channel', 5) ('RSSI', -55) ('Header', '48') ('MAC', 'B8:63:4D:A2:0E:13')
Data:  24:0A:C4:23:C1:EC ('Channel', 5) ('RSSI', -60) ('Header', '48') ('MAC', 'B8:63:4D:A2:0E:13')
Data:  24:0A:C4:23:D9:B0 ('Channel', 5) ('RSSI', -55) ('Header', '48') ('MAC', 'B8:63:4D:A2:0E:13')
Data:  24:0A:C4:23:D9:B0 ('Channel', 5) ('RSSI', -54) ('Header', '48') ('MAC', 'B8:63:4D:A2:0E:13')
Data:  24:0A:C4:23:C1:EC ('Channel', 5) ('RSSI', -60) ('Header', '48') ('MAC', 'B8:63:4D:A2:0E:13')
Data:  24:0A:C4:23:C1:EC ('Channel', 5) ('RSSI', -60) ('Header', '48') ('MAC', 'B8:63:4D:A2:0E:13')
Data:  24:0A:C4:23:D9:B0 ('Channel', 5) ('RSSI', -55) ('Header', '48') ('MAC', 'B8:63:4D:A2:0E:13')
Data:  24:0A:C4:23:C1:EC ('Channel', 5) ('RSSI', -59) ('Header', '48') ('MAC', 'B8:63:4D:A2:0E:13')
Data:  24:0A:C4:23:D9:B0 ('Channel', 5) ('RSSI', -54) ('Header', '48') ('MAC', 'B8:63:4D:A2:0E:13')
Data:  24:0A:C4:23:C1:EC ('Channel', 5) ('RSSI', -60) ('Header', '48') ('MAC', 'B8:63:4D:A2:0E:13')
Data:  24:0A:C4:23:D9:B0 ('Channel', 5) ('RSSI', -54) ('Header', '48') ('MAC', 'B8:63:4D:A2:0E:13')
Data:  24:0A:C4:23:C1:EC ('Channel', 5) ('RSSI', -60) ('Header', '48') ('MAC', 'B8:63:4D:A2:0E:13')
Data:  24:0A:C4:23:D9:B0 ('Channel', 5) ('RSSI', -54) ('Header', '48') ('MAC', 'B8:63:4D:A2:0E:13')
Data:  24:0A:C4:23:C1:EC ('Channel', 5) ('RSSI', -59) ('Header', '48') ('MAC', 'B8:63:4D:A2:0E:13')
Data:  24:0A:C4:23:D9:B0 ('Channel', 5) ('RSSI', -55) ('Header', '48') ('MAC', 'B8:63:4D:A2:0E:13')
Data:  24:0A:C4:23:C1:EC ('Channel', 5) ('RSSI', -59) ('Header', '48') ('MAC', 'B8:63:4D:A2:0E:13')
Data:  24:0A:C4:23:D9:B0 ('Channel', 5) ('RSSI', -55) ('Header', '48') ('MAC', 'B8:63:4D:A2:0E:13')
Data:  24:0A:C4:23:C1:EC ('Channel', 5) ('RSSI', -59) ('Header', '48') ('MAC', 'B8:63:4D:A2:0E:13')
Data:  24:0A:C4:23:D9:B0 ('Channel', 5) ('RSSI', -55) ('Header', '48') ('MAC', 'B8:63:4D:A2:0E:13')
Data:  24:0A:C4:23:C1:EC ('Channel', 5) ('RSSI', -58) ('Header', '48') ('MAC', 'B8:63:4D:A2:0E:13')
Data:  24:0A:C4:23:C1:EC ('Channel', 5) ('RSSI', -59) ('Header', '48') ('MAC', 'B8:63:4D:A2:0E:13')
Data:  24:0A:C4:23:D9:B0 ('Channel', 5) ('RSSI', -55) ('Header', '48') ('MAC', 'B8:63:4D:A2:0E:13')
Data:  24:0A:C4:23:D9:B0 ('Channel', 5) ('RSSI', -56) ('Header', '48') ('MAC', 'B8:63:4D:A2:0E:13')
Data:  24:0A:C4:23:C1:EC ('Channel', 5) ('RSSI', -61) ('Header', '48') ('MAC', 'B8:63:4D:A2:0E:13')
Data:  24:0A:C4:23:D9:B0 ('Channel', 5) ('RSSI', -56) ('Header', '48') ('MAC', 'B8:63:4D:A2:0E:13')
Data:  24:0A:C4:23:C1:EC ('Channel', 5) ('RSSI', -57) ('Header', '48') ('MAC', 'B8:63:4D:A2:0E:13')
Data:  24:0A:C4:23:D9:B0 ('Channel', 5) ('RSSI', -53) ('Header', '48') ('MAC', 'B8:63:4D:A2:0E:13')
Data:  24:0A:C4:23:D9:B0 ('Channel', 5) ('RSSI', -54) ('Header', '48') ('MAC', 'B8:63:4D:A2:0E:13')
Data:  24:0A:C4:23:C1:EC ('Channel', 5) ('RSSI', -58) ('Header', '48') ('MAC', 'B8:63:4D:A2:0E:13')
Data:  24:0A:C4:23:D9:B0 ('Channel', 5) ('RSSI', -55) ('Header', '48') ('MAC', 'B8:63:4D:A2:0E:13')
Data:  24:0A:C4:23:D9:B0 ('Channel', 5) ('RSSI', -55) ('Header', '48') ('MAC', 'B8:63:4D:A2:0E:13')
Data:  24:0A:C4:23:C1:EC ('Channel', 5) ('RSSI', -59) ('Header', '48') ('MAC', 'B8:63:4D:A2:0E:13')
Data:  24:0A:C4:23:D9:B0 ('Channel', 5) ('RSSI', -54) ('Header', '48') ('MAC', 'B8:63:4D:A2:0E:13')
Data:  24:0A:C4:23:C1:EC ('Channel', 5) ('RSSI', -58) ('Header', '48') ('MAC', 'B8:63:4D:A2:0E:13')
Data:  24:0A:C4:23:D9:B0 ('Channel', 5) ('RSSI', -55) ('Header', '48') ('MAC', 'B8:63:4D:A2:0E:13')
Data:  24:0A:C4:23:C1:EC ('Channel', 5) ('RSSI', -59) ('Header', '48') ('MAC', 'B8:63:4D:A2:0E:13')
Data:  24:0A:C4:23:C1:EC ('Channel', 5) ('RSSI', -59) ('Header', '48') ('MAC', 'B8:63:4D:A2:0E:13')
Data:  24:0A:C4:23:D9:B0 ('Channel', 5) ('RSSI', -54) ('Header', '48') ('MAC', 'B8:63:4D:A2:0E:13')
Data:  24:0A:C4:23:C1:EC ('Channel', 5) ('RSSI', -57) ('Header', '48') ('MAC', 'B8:63:4D:A2:0E:13')
Data:  24:0A:C4:23:D9:B0 ('Channel', 5) ('RSSI', -54) ('Header', '48') ('MAC', 'B8:63:4D:A2:0E:13')
Data:  24:0A:C4:23:D9:B0 ('Channel', 5) ('RSSI', -55) ('Header', '48') ('MAC', 'B8:63:4D:A2:0E:13')
Data:  24:0A:C4:23:C1:EC ('Channel', 5) ('RSSI', -58) ('Header', '48') ('MAC', 'B8:63:4D:A2:0E:13')
Data:  24:0A:C4:23:D9:B0 ('Channel', 5) ('RSSI', -55) ('Header', '48') ('MAC', 'B8:63:4D:A2:0E:13')
Data:  24:0A:C4:23:C1:EC ('Channel', 5) ('RSSI', -58) ('Header', '48') ('MAC', 'B8:63:4D:A2:0E:13')
Data:  24:0A:C4:23:D9:B0 ('Channel', 5) ('RSSI', -55) ('Header', '48') ('MAC', 'B8:63:4D:A2:0E:13')
Data:  24:0A:C4:23:C1:EC ('Channel', 5) ('RSSI', -60) ('Header', '48') ('MAC', 'B8:63:4D:A2:0E:13')
Data:  24:0A:C4:23:D9:B0 ('Channel', 5) ('RSSI', -55) ('Header', '48') ('MAC', 'B8:63:4D:A2:0E:13')
Data:  24:0A:C4:23:C1:EC ('Channel', 5) ('RSSI', -58) ('Header', '48') ('MAC', 'B8:63:4D:A2:0E:13')
Data:  24:0A:C4:23:C1:EC ('Channel', 5) ('RSSI', -57) ('Header', '48') ('MAC', 'B8:63:4D:A2:0E:13')
Data:  24:0A:C4:23:C1:EC ('Channel', 5) ('RSSI', -58) ('Header', '48') ('MAC', 'B8:63:4D:A2:0E:13')
Data:  24:0A:C4:23:D9:B0 ('Channel', 5) ('RSSI', -54) ('Header', '48') ('MAC', 'B8:63:4D:A2:0E:13')
Data:  24:0A:C4:23:C1:EC ('Channel', 5) ('RSSI', -60) ('Header', '48') ('MAC', 'B8:63:4D:A2:0E:13')
Data:  24:0A:C4:23:D9:B0 ('Channel', 5) ('RSSI', -55) ('Header', '48') ('MAC', 'B8:63:4D:A2:0E:13')
Data:  24:0A:C4:23:D9:B0 ('Channel', 5) ('RSSI', -55) ('Header', '48') ('MAC', 'B8:63:4D:A2:0E:13')
Data:  24:0A:C4:23:C1:EC ('Channel', 5) ('RSSI', -59) ('Header', '48') ('MAC', 'B8:63:4D:A2:0E:13')
Data:  24:0A:C4:23:C1:EC ('Channel', 5) ('RSSI', -58) ('Header', '48') ('MAC', 'B8:63:4D:A2:0E:13')
Data:  24:0A:C4:23:D9:B0 ('Channel', 5) ('RSSI', -55) ('Header', '48') ('MAC', 'B8:63:4D:A2:0E:13')
Data:  24:0A:C4:23:C1:EC ('Channel', 5) ('RSSI', -59) ('Header', '48') ('MAC', 'B8:63:4D:A2:0E:13')
Data:  24:0A:C4:23:D9:B0 ('Channel', 5) ('RSSI', -55) ('Header', '48') ('MAC', 'B8:63:4D:A2:0E:13')
Data:  24:0A:C4:23:D9:B0 ('Channel', 5) ('RSSI', -55) ('Header', '48') ('MAC', 'B8:63:4D:A2:0E:13')
Data:  24:0A:C4:23:D9:B0 ('Channel', 5) ('RSSI', -54) ('Header', '48') ('MAC', 'B8:63:4D:A2:0E:13')
Data:  24:0A:C4:23:C1:EC ('Channel', 5) ('RSSI', -60) ('Header', '48') ('MAC', 'B8:63:4D:A2:0E:13')
Data:  24:0A:C4:23:C1:EC ('Channel', 5) ('RSSI', -59) ('Header', '48') ('MAC', 'B8:63:4D:A2:0E:13')
Data:  24:0A:C4:23:D9:B0 ('Channel', 5) ('RSSI', -54) ('Header', '48') ('MAC', 'B8:63:4D:A2:0E:13')
Data:  24:0A:C4:23:C1:EC ('Channel', 5) ('RSSI', -58) ('Header', '48') ('MAC', 'B8:63:4D:A2:0E:13')
Data:  24:0A:C4:23:D9:B0 ('Channel', 5) ('RSSI', -54) ('Header', '48') ('MAC', 'B8:63:4D:A2:0E:13')
Data:  24:0A:C4:23:D9:B0 ('Channel', 5) ('RSSI', -54) ('Header', '48') ('MAC', 'B8:63:4D:A2:0E:13')
Data:  24:0A:C4:23:C1:EC ('Channel', 5) ('RSSI', -59) ('Header', '48') ('MAC', 'B8:63:4D:A2:0E:13')
Data:  24:0A:C4:23:C1:EC ('Channel', 5) ('RSSI', -59) ('Header', '48') ('MAC', 'B8:63:4D:A2:0E:13')
Data:  24:0A:C4:23:D9:B0 ('Channel', 5) ('RSSI', -54) ('Header', '48') ('MAC', 'B8:63:4D:A2:0E:13')
Summary:  3C:71:BF:99:F9:E0 520 {}
Summary:  24:0A:C4:23:D9:B0 580 {'B8:63:4D:A2:0E:13': -54.7}
Summary:  24:0A:C4:23:C1:EC 460 {'B8:63:4D:A2:0E:13': -58.9}
Data:  24:0A:C4:23:D9:B0 ('Channel', 5) ('RSSI', -55) ('Header', '48') ('MAC', 'B8:63:4D:A2:0E:13')
Data:  24:0A:C4:23:C1:EC ('Channel', 5) ('RSSI', -59) ('Header', '48') ('MAC', 'B8:63:4D:A2:0E:13')
Data:  24:0A:C4:23:C1:EC ('Channel', 5) ('RSSI', -60) ('Header', '48') ('MAC', 'B8:63:4D:A2:0E:13')
Data:  24:0A:C4:23:D9:B0 ('Channel', 5) ('RSSI', -55) ('Header', '48') ('MAC', 'B8:63:4D:A2:0E:13')
Data:  24:0A:C4:23:D9:B0 ('Channel', 5) ('RSSI', -56) ('Header', '48') ('MAC', 'B8:63:4D:A2:0E:13')
Data:  24:0A:C4:23:D9:B0 ('Channel', 5) ('RSSI', -55) ('Header', '48') ('MAC', 'B8:63:4D:A2:0E:13')
Data:  24:0A:C4:23:C1:EC ('Channel', 5) ('RSSI', -60) ('Header', '48') ('MAC', 'B8:63:4D:A2:0E:13')
Data:  24:0A:C4:23:C1:EC ('Channel', 5) ('RSSI', -59) ('Header', '48') ('MAC', 'B8:63:4D:A2:0E:13')
Data:  24:0A:C4:23:D9:B0 ('Channel', 5) ('RSSI', -55) ('Header', '48') ('MAC', 'B8:63:4D:A2:0E:13')
Data:  24:0A:C4:23:C1:EC ('Channel', 5) ('RSSI', -58) ('Header', '48') ('MAC', 'B8:63:4D:A2:0E:13')
Data:  24:0A:C4:23:D9:B0 ('Channel', 5) ('RSSI', -55) ('Header', '48') ('MAC', 'B8:63:4D:A2:0E:13')
Data:  24:0A:C4:23:C1:EC ('Channel', 5) ('RSSI', -58) ('Header', '48') ('MAC', 'B8:63:4D:A2:0E:13')
Data:  24:0A:C4:23:D9:B0 ('Channel', 5) ('RSSI', -55) ('Header', '48') ('MAC', 'B8:63:4D:A2:0E:13')
Data:  24:0A:C4:23:C1:EC ('Channel', 5) ('RSSI', -60) ('Header', '48') ('MAC', 'B8:63:4D:A2:0E:13')
Data:  24:0A:C4:23:D9:B0 ('Channel', 5) ('RSSI', -55) ('Header', '48') ('MAC', 'B8:63:4D:A2:0E:13')
Data:  24:0A:C4:23:D9:B0 ('Channel', 5) ('RSSI', -55) ('Header', '48') ('MAC', 'B8:63:4D:A2:0E:13')
Data:  24:0A:C4:23:C1:EC ('Channel', 5) ('RSSI', -60) ('Header', '48') ('MAC', 'B8:63:4D:A2:0E:13')
Data:  24:0A:C4:23:D9:B0 ('Channel', 5) ('RSSI', -56) ('Header', '48') ('MAC', 'B8:63:4D:A2:0E:13')
Data:  24:0A:C4:23:C1:EC ('Channel', 5) ('RSSI', -59) ('Header', '48') ('MAC', 'B8:63:4D:A2:0E:13')
Data:  24:0A:C4:23:D9:B0 ('Channel', 5) ('RSSI', -57) ('Header', '48') ('MAC', 'B8:63:4D:A2:0E:13')
Data:  24:0A:C4:23:C1:EC ('Channel', 5) ('RSSI', -58) ('Header', '48') ('MAC', 'B8:63:4D:A2:0E:13')
Data:  24:0A:C4:23:C1:EC ('Channel', 5) ('RSSI', -58) ('Header', '48') ('MAC', 'B8:63:4D:A2:0E:13')
Data:  24:0A:C4:23:D9:B0 ('Channel', 5) ('RSSI', -55) ('Header', '48') ('MAC', 'B8:63:4D:A2:0E:13')
Data:  24:0A:C4:23:D9:B0 ('Channel', 5) ('RSSI', -55) ('Header', '48') ('MAC', 'B8:63:4D:A2:0E:13')
Data:  24:0A:C4:23:C1:EC ('Channel', 5) ('RSSI', -58) ('Header', '48') ('MAC', 'B8:63:4D:A2:0E:13')
Data:  24:0A:C4:23:D9:B0 ('Channel', 5) ('RSSI', -55) ('Header', '48') ('MAC', 'B8:63:4D:A2:0E:13')
Data:  24:0A:C4:23:C1:EC ('Channel', 5) ('RSSI', -58) ('Header', '48') ('MAC', 'B8:63:4D:A2:0E:13')
Data:  24:0A:C4:23:D9:B0 ('Channel', 5) ('RSSI', -55) ('Header', '48') ('MAC', 'B8:63:4D:A2:0E:13')
Data:  24:0A:C4:23:C1:EC ('Channel', 5) ('RSSI', -58) ('Header', '48') ('MAC', 'B8:63:4D:A2:0E:13')
Data:  24:0A:C4:23:D9:B0 ('Channel', 5) ('RSSI', -55) ('Header', '48') ('MAC', 'B8:63:4D:A2:0E:13')
Data:  24:0A:C4:23:C1:EC ('Channel', 5) ('RSSI', -57) ('Header', '48') ('MAC', 'B8:63:4D:A2:0E:13')
Data:  24:0A:C4:23:D9:B0 ('Channel', 5) ('RSSI', -54) ('Header', '48') ('MAC', 'B8:63:4D:A2:0E:13')
Data:  24:0A:C4:23:D9:B0 ('Channel', 5) ('RSSI', -54) ('Header', '48') ('MAC', 'B8:63:4D:A2:0E:13')
Data:  24:0A:C4:23:C1:EC ('Channel', 5) ('RSSI', -58) ('Header', '48') ('MAC', 'B8:63:4D:A2:0E:13')
Data:  24:0A:C4:23:D9:B0 ('Channel', 5) ('RSSI', -54) ('Header', '48') ('MAC', 'B8:63:4D:A2:0E:13')
Data:  24:0A:C4:23:C1:EC ('Channel', 5) ('RSSI', -58) ('Header', '48') ('MAC', 'B8:63:4D:A2:0E:13')
Data:  24:0A:C4:23:C1:EC ('Channel', 5) ('RSSI', -58) ('Header', '48') ('MAC', 'B8:63:4D:A2:0E:13')
Data:  24:0A:C4:23:D9:B0 ('Channel', 5) ('RSSI', -55) ('Header', '48') ('MAC', 'B8:63:4D:A2:0E:13')
Data:  24:0A:C4:23:C1:EC ('Channel', 5) ('RSSI', -58) ('Header', '48') ('MAC', 'B8:63:4D:A2:0E:13')
Data:  24:0A:C4:23:D9:B0 ('Channel', 5) ('RSSI', -54) ('Header', '48') ('MAC', 'B8:63:4D:A2:0E:13')
Data:  24:0A:C4:23:D9:B0 ('Channel', 5) ('RSSI', -54) ('Header', '48') ('MAC', 'B8:63:4D:A2:0E:13')
Data:  24:0A:C4:23:C1:EC ('Channel', 5) ('RSSI', -57) ('Header', '48') ('MAC', 'B8:63:4D:A2:0E:13')
Data:  24:0A:C4:23:C1:EC ('Channel', 5) ('RSSI', -57) ('Header', '48') ('MAC', 'B8:63:4D:A2:0E:13')
Data:  24:0A:C4:23:D9:B0 ('Channel', 5) ('RSSI', -54) ('Header', '48') ('MAC', 'B8:63:4D:A2:0E:13')
Data:  24:0A:C4:23:D9:B0 ('Channel', 5) ('RSSI', -54) ('Header', '48') ('MAC', 'B8:63:4D:A2:0E:13')
Data:  24:0A:C4:23:C1:EC ('Channel', 5) ('RSSI', -58) ('Header', '48') ('MAC', 'B8:63:4D:A2:0E:13')
Data:  24:0A:C4:23:C1:EC ('Channel', 5) ('RSSI', -58) ('Header', '48') ('MAC', 'B8:63:4D:A2:0E:13')
Data:  24:0A:C4:23:D9:B0 ('Channel', 5) ('RSSI', -54) ('Header', '48') ('MAC', 'B8:63:4D:A2:0E:13')
Data:  24:0A:C4:23:C1:EC ('Channel', 5) ('RSSI', -58) ('Header', '48') ('MAC', 'B8:63:4D:A2:0E:13')
Data:  24:0A:C4:23:D9:B0 ('Channel', 5) ('RSSI', -55) ('Header', '48') ('MAC', 'B8:63:4D:A2:0E:13')
Data:  24:0A:C4:23:D9:B0 ('Channel', 5) ('RSSI', -54) ('Header', '48') ('MAC', 'B8:63:4D:A2:0E:13')
Data:  24:0A:C4:23:C1:EC ('Channel', 5) ('RSSI', -58) ('Header', '48') ('MAC', 'B8:63:4D:A2:0E:13')
Data:  24:0A:C4:23:C1:EC ('Channel', 5) ('RSSI', -59) ('Header', '48') ('MAC', 'B8:63:4D:A2:0E:13')
Data:  24:0A:C4:23:D9:B0 ('Channel', 5) ('RSSI', -54) ('Header', '48') ('MAC', 'B8:63:4D:A2:0E:13')
Data:  24:0A:C4:23:C1:EC ('Channel', 5) ('RSSI', -58) ('Header', '48') ('MAC', 'B8:63:4D:A2:0E:13')
Data:  24:0A:C4:23:D9:B0 ('Channel', 5) ('RSSI', -54) ('Header', '48') ('MAC', 'B8:63:4D:A2:0E:13')
Data:  24:0A:C4:23:C1:EC ('Channel', 5) ('RSSI', -60) ('Header', '48') ('MAC', 'B8:63:4D:A2:0E:13')
Data:  24:0A:C4:23:D9:B0 ('Channel', 5) ('RSSI', -55) ('Header', '48') ('MAC', 'B8:63:4D:A2:0E:13')
Data:  24:0A:C4:23:C1:EC ('Channel', 5) ('RSSI', -58) ('Header', '48') ('MAC', 'B8:63:4D:A2:0E:13')
Data:  24:0A:C4:23:D9:B0 ('Channel', 5) ('RSSI', -54) ('Header', '48') ('MAC', 'B8:63:4D:A2:0E:13')
Data:  24:0A:C4:23:C1:EC ('Channel', 5) ('RSSI', -59) ('Header', '48') ('MAC', 'B8:63:4D:A2:0E:13')
Data:  24:0A:C4:23:D9:B0 ('Channel', 5) ('RSSI', -54) ('Header', '48') ('MAC', 'B8:63:4D:A2:0E:13')
Data:  24:0A:C4:23:C1:EC ('Channel', 5) ('RSSI', -60) ('Header', '48') ('MAC', 'B8:63:4D:A2:0E:13')
Data:  24:0A:C4:23:D9:B0 ('Channel', 5) ('RSSI', -55) ('Header', '48') ('MAC', 'B8:63:4D:A2:0E:13')
Data:  24:0A:C4:23:C1:EC ('Channel', 5) ('RSSI', -59) ('Header', '48') ('MAC', 'B8:63:4D:A2:0E:13')
Data:  24:0A:C4:23:D9:B0 ('Channel', 5) ('RSSI', -54) ('Header', '48') ('MAC', 'B8:63:4D:A2:0E:13')
Data:  24:0A:C4:23:C1:EC ('Channel', 5) ('RSSI', -58) ('Header', '48') ('MAC', 'B8:63:4D:A2:0E:13')
Data:  24:0A:C4:23:D9:B0 ('Channel', 5) ('RSSI', -54) ('Header', '48') ('MAC', 'B8:63:4D:A2:0E:13')
Data:  24:0A:C4:23:C1:EC ('Channel', 5) ('RSSI', -60) ('Header', '48') ('MAC', 'B8:63:4D:A2:0E:13')
Data:  24:0A:C4:23:D9:B0 ('Channel', 5) ('RSSI', -55) ('Header', '48') ('MAC', 'B8:63:4D:A2:0E:13')
Data:  24:0A:C4:23:D9:B0 ('Channel', 5) ('RSSI', -54) ('Header', '48') ('MAC', 'B8:63:4D:A2:0E:13')
Data:  24:0A:C4:23:D9:B0 ('Channel', 5) ('RSSI', -54) ('Header', '48') ('MAC', 'B8:63:4D:A2:0E:13')
Data:  24:0A:C4:23:C1:EC ('Channel', 5) ('RSSI', -58) ('Header', '48') ('MAC', 'B8:63:4D:A2:0E:13')
Data:  24:0A:C4:23:D9:B0 ('Channel', 5) ('RSSI', -53) ('Header', '48') ('MAC', 'B8:63:4D:A2:0E:13')
Data:  24:0A:C4:23:C1:EC ('Channel', 5) ('RSSI', -60) ('Header', '48') ('MAC', 'B8:63:4D:A2:0E:13')
Data:  24:0A:C4:23:D9:B0 ('Channel', 5) ('RSSI', -54) ('Header', '48') ('MAC', 'B8:63:4D:A2:0E:13')
Data:  24:0A:C4:23:C1:EC ('Channel', 5) ('RSSI', -60) ('Header', '48') ('MAC', 'B8:63:4D:A2:0E:13')
Data:  24:0A:C4:23:C1:EC ('Channel', 5) ('RSSI', -60) ('Header', '48') ('MAC', 'B8:63:4D:A2:0E:13')
Data:  24:0A:C4:23:D9:B0 ('Channel', 5) ('RSSI', -54) ('Header', '48') ('MAC', 'B8:63:4D:A2:0E:13')
Data:  24:0A:C4:23:C1:EC ('Channel', 5) ('RSSI', -59) ('Header', '48') ('MAC', 'B8:63:4D:A2:0E:13')
Data:  24:0A:C4:23:D9:B0 ('Channel', 5) ('RSSI', -55) ('Header', '48') ('MAC', 'B8:63:4D:A2:0E:13')
Summary:  3C:71:BF:99:F9:E0 520 {}
Summary:  24:0A:C4:23:D9:B0 580 {'B8:63:4D:A2:0E:13': -54.6}
Summary:  24:0A:C4:23:C1:EC 460 {'B8:63:4D:A2:0E:13': -58.6}
Data:  24:0A:C4:23:D9:B0 ('Channel', 5) ('RSSI', -55) ('Header', '48') ('MAC', 'B8:63:4D:A2:0E:13')
Data:  24:0A:C4:23:C1:EC ('Channel', 5) ('RSSI', -59) ('Header', '48') ('MAC', 'B8:63:4D:A2:0E:13')
Data:  24:0A:C4:23:C1:EC ('Channel', 5) ('RSSI', -60) ('Header', '48') ('MAC', 'B8:63:4D:A2:0E:13')
Data:  24:0A:C4:23:D9:B0 ('Channel', 5) ('RSSI', -55) ('Header', '48') ('MAC', 'B8:63:4D:A2:0E:13')
Data:  24:0A:C4:23:D9:B0 ('Channel', 5) ('RSSI', -55) ('Header', '48') ('MAC', 'B8:63:4D:A2:0E:13')
Data:  24:0A:C4:23:C1:EC ('Channel', 5) ('RSSI', -60) ('Header', '48') ('MAC', 'B8:63:4D:A2:0E:13')
Data:  24:0A:C4:23:C1:EC ('Channel', 5) ('RSSI', -60) ('Header', '48') ('MAC', 'B8:63:4D:A2:0E:13')
Data:  24:0A:C4:23:D9:B0 ('Channel', 5) ('RSSI', -55) ('Header', '48') ('MAC', 'B8:63:4D:A2:0E:13')
Data:  24:0A:C4:23:C1:EC ('Channel', 5) ('RSSI', -61) ('Header', '48') ('MAC', 'B8:63:4D:A2:0E:13')
Data:  24:0A:C4:23:D9:B0 ('Channel', 5) ('RSSI', -55) ('Header', '48') ('MAC', 'B8:63:4D:A2:0E:13')
Data:  24:0A:C4:23:C1:EC ('Channel', 5) ('RSSI', -60) ('Header', '48') ('MAC', 'B8:63:4D:A2:0E:13')
Data:  24:0A:C4:23:C1:EC ('Channel', 5) ('RSSI', -60) ('Header', '48') ('MAC', 'B8:63:4D:A2:0E:13')
Data:  24:0A:C4:23:D9:B0 ('Channel', 5) ('RSSI', -54) ('Header', '48') ('MAC', 'B8:63:4D:A2:0E:13')
Data:  24:0A:C4:23:D9:B0 ('Channel', 5) ('RSSI', -55) ('Header', '48') ('MAC', 'B8:63:4D:A2:0E:13')
Data:  24:0A:C4:23:C1:EC ('Channel', 5) ('RSSI', -57) ('Header', '48') ('MAC', 'B8:63:4D:A2:0E:13')
Data:  24:0A:C4:23:D9:B0 ('Channel', 5) ('RSSI', -54) ('Header', '48') ('MAC', 'B8:63:4D:A2:0E:13')
Data:  24:0A:C4:23:C1:EC ('Channel', 5) ('RSSI', -58) ('Header', '48') ('MAC', 'B8:63:4D:A2:0E:13')
Data:  24:0A:C4:23:D9:B0 ('Channel', 5) ('RSSI', -54) ('Header', '48') ('MAC', 'B8:63:4D:A2:0E:13')
Data:  24:0A:C4:23:D9:B0 ('Channel', 5) ('RSSI', -54) ('Header', '48') ('MAC', 'B8:63:4D:A2:0E:13')
Data:  24:0A:C4:23:C1:EC ('Channel', 5) ('RSSI', -57) ('Header', '48') ('MAC', 'B8:63:4D:A2:0E:13')
Data:  24:0A:C4:23:D9:B0 ('Channel', 5) ('RSSI', -56) ('Header', '48') ('MAC', 'B8:63:4D:A2:0E:13')
Data:  24:0A:C4:23:C1:EC ('Channel', 5) ('RSSI', -56) ('Header', '48') ('MAC', 'B8:63:4D:A2:0E:13')
Data:  24:0A:C4:23:D9:B0 ('Channel', 5) ('RSSI', -57) ('Header', '48') ('MAC', 'B8:63:4D:A2:0E:13')
Data:  24:0A:C4:23:C1:EC ('Channel', 5) ('RSSI', -56) ('Header', '48') ('MAC', 'B8:63:4D:A2:0E:13')
Data:  24:0A:C4:23:C1:EC ('Channel', 5) ('RSSI', -60) ('Header', '48') ('MAC', 'B8:63:4D:A2:0E:13')
Data:  24:0A:C4:23:D9:B0 ('Channel', 5) ('RSSI', -54) ('Header', '48') ('MAC', 'B8:63:4D:A2:0E:13')
Data:  24:0A:C4:23:C1:EC ('Channel', 5) ('RSSI', -61) ('Header', '48') ('MAC', 'B8:63:4D:A2:0E:13')
Data:  24:0A:C4:23:D9:B0 ('Channel', 5) ('RSSI', -55) ('Header', '48') ('MAC', 'B8:63:4D:A2:0E:13')
Data:  24:0A:C4:23:C1:EC ('Channel', 5) ('RSSI', -60) ('Header', '48') ('MAC', 'B8:63:4D:A2:0E:13')
Data:  24:0A:C4:23:D9:B0 ('Channel', 5) ('RSSI', -54) ('Header', '48') ('MAC', 'B8:63:4D:A2:0E:13')
Data:  24:0A:C4:23:C1:EC ('Channel', 5) ('RSSI', -60) ('Header', '48') ('MAC', 'B8:63:4D:A2:0E:13')
Data:  24:0A:C4:23:D9:B0 ('Channel', 5) ('RSSI', -54) ('Header', '48') ('MAC', 'B8:63:4D:A2:0E:13')
Data:  24:0A:C4:23:C1:EC ('Channel', 5) ('RSSI', -60) ('Header', '48') ('MAC', 'B8:63:4D:A2:0E:13')
Data:  24:0A:C4:23:D9:B0 ('Channel', 5) ('RSSI', -54) ('Header', '48') ('MAC', 'B8:63:4D:A2:0E:13')
Data:  24:0A:C4:23:D9:B0 ('Channel', 5) ('RSSI', -54) ('Header', '48') ('MAC', 'B8:63:4D:A2:0E:13')
Data:  24:0A:C4:23:C1:EC ('Channel', 5) ('RSSI', -61) ('Header', '48') ('MAC', 'B8:63:4D:A2:0E:13')
Data:  24:0A:C4:23:C1:EC ('Channel', 5) ('RSSI', -62) ('Header', '48') ('MAC', 'B8:63:4D:A2:0E:13')
Data:  24:0A:C4:23:D9:B0 ('Channel', 5) ('RSSI', -54) ('Header', '48') ('MAC', 'B8:63:4D:A2:0E:13')
Data:  24:0A:C4:23:D9:B0 ('Channel', 5) ('RSSI', -54) ('Header', '48') ('MAC', 'B8:63:4D:A2:0E:13')
Data:  24:0A:C4:23:C1:EC ('Channel', 5) ('RSSI', -60) ('Header', '48') ('MAC', 'B8:63:4D:A2:0E:13')
Data:  24:0A:C4:23:C1:EC ('Channel', 5) ('RSSI', -60) ('Header', '48') ('MAC', 'B8:63:4D:A2:0E:13')
Data:  24:0A:C4:23:D9:B0 ('Channel', 5) ('RSSI', -54) ('Header', '48') ('MAC', 'B8:63:4D:A2:0E:13')
Data:  24:0A:C4:23:C1:EC ('Channel', 5) ('RSSI', -61) ('Header', '48') ('MAC', 'B8:63:4D:A2:0E:13')
Data:  24:0A:C4:23:D9:B0 ('Channel', 5) ('RSSI', -54) ('Header', '48') ('MAC', 'B8:63:4D:A2:0E:13')
Data:  24:0A:C4:23:C1:EC ('Channel', 5) ('RSSI', -62) ('Header', '48') ('MAC', 'B8:63:4D:A2:0E:13')
Data:  24:0A:C4:23:D9:B0 ('Channel', 5) ('RSSI', -54) ('Header', '48') ('MAC', 'B8:63:4D:A2:0E:13')
Data:  24:0A:C4:23:C1:EC ('Channel', 5) ('RSSI', -64) ('Header', '48') ('MAC', 'B8:63:4D:A2:0E:13')
Data:  24:0A:C4:23:D9:B0 ('Channel', 5) ('RSSI', -54) ('Header', '48') ('MAC', 'B8:63:4D:A2:0E:13')
Data:  24:0A:C4:23:C1:EC ('Channel', 5) ('RSSI', -62) ('Header', '48') ('MAC', 'B8:63:4D:A2:0E:13')
Data:  24:0A:C4:23:C1:EC ('Channel', 5) ('RSSI', -62) ('Header', '48') ('MAC', 'B8:63:4D:A2:0E:13')
Data:  24:0A:C4:23:D9:B0 ('Channel', 5) ('RSSI', -54) ('Header', '48') ('MAC', 'B8:63:4D:A2:0E:13')
Data:  24:0A:C4:23:C1:EC ('Channel', 5) ('RSSI', -62) ('Header', '48') ('MAC', 'B8:63:4D:A2:0E:13')
Data:  24:0A:C4:23:D9:B0 ('Channel', 5) ('RSSI', -54) ('Header', '48') ('MAC', 'B8:63:4D:A2:0E:13')
Data:  24:0A:C4:23:C1:EC ('Channel', 5) ('RSSI', -50) ('Header', '48') ('MAC', 'B8:63:4D:A2:0E:13')
Data:  24:0A:C4:23:D9:B0 ('Channel', 5) ('RSSI', -54) ('Header', '48') ('MAC', 'B8:63:4D:A2:0E:13')
Data:  24:0A:C4:23:C1:EC ('Channel', 5) ('RSSI', -54) ('Header', '48') ('MAC', 'B8:63:4D:A2:0E:13')
Data:  24:0A:C4:23:D9:B0 ('Channel', 5) ('RSSI', -55) ('Header', '48') ('MAC', 'B8:63:4D:A2:0E:13')
Data:  24:0A:C4:23:C1:EC ('Channel', 5) ('RSSI', -54) ('Header', '48') ('MAC', 'B8:63:4D:A2:0E:13')
Data:  24:0A:C4:23:D9:B0 ('Channel', 5) ('RSSI', -55) ('Header', '48') ('MAC', 'B8:63:4D:A2:0E:13')
Data:  24:0A:C4:23:C1:EC ('Channel', 5) ('RSSI', -55) ('Header', '48') ('MAC', 'B8:63:4D:A2:0E:13')
Data:  24:0A:C4:23:D9:B0 ('Channel', 5) ('RSSI', -55) ('Header', '48') ('MAC', 'B8:63:4D:A2:0E:13')
Data:  24:0A:C4:23:C1:EC ('Channel', 5) ('RSSI', -56) ('Header', '48') ('MAC', 'B8:63:4D:A2:0E:13')
Data:  24:0A:C4:23:D9:B0 ('Channel', 5) ('RSSI', -54) ('Header', '48') ('MAC', 'B8:63:4D:A2:0E:13')
Data:  24:0A:C4:23:C1:EC ('Channel', 5) ('RSSI', -56) ('Header', '48') ('MAC', 'B8:63:4D:A2:0E:13')
Data:  24:0A:C4:23:D9:B0 ('Channel', 5) ('RSSI', -54) ('Header', '48') ('MAC', 'B8:63:4D:A2:0E:13')
Data:  24:0A:C4:23:D9:B0 ('Channel', 5) ('RSSI', -55) ('Header', '48') ('MAC', 'B8:63:4D:A2:0E:13')
Data:  24:0A:C4:23:C1:EC ('Channel', 5) ('RSSI', -53) ('Header', '48') ('MAC', 'B8:63:4D:A2:0E:13')
Data:  24:0A:C4:23:C1:EC ('Channel', 5) ('RSSI', -52) ('Header', '48') ('MAC', 'B8:63:4D:A2:0E:13')
Data:  24:0A:C4:23:D9:B0 ('Channel', 5) ('RSSI', -56) ('Header', '48') ('MAC', 'B8:63:4D:A2:0E:13')
Data:  24:0A:C4:23:C1:EC ('Channel', 5) ('RSSI', -52) ('Header', '48') ('MAC', 'B8:63:4D:A2:0E:13')
Data:  24:0A:C4:23:D9:B0 ('Channel', 5) ('RSSI', -55) ('Header', '48') ('MAC', 'B8:63:4D:A2:0E:13')
Data:  24:0A:C4:23:C1:EC ('Channel', 5) ('RSSI', -52) ('Header', '48') ('MAC', 'B8:63:4D:A2:0E:13')
Data:  24:0A:C4:23:D9:B0 ('Channel', 5) ('RSSI', -54) ('Header', '48') ('MAC', 'B8:63:4D:A2:0E:13')
Data:  24:0A:C4:23:C1:EC ('Channel', 5) ('RSSI', -51) ('Header', '48') ('MAC', 'B8:63:4D:A2:0E:13')
Data:  24:0A:C4:23:D9:B0 ('Channel', 5) ('RSSI', -56) ('Header', '48') ('MAC', 'B8:63:4D:A2:0E:13')
Data:  24:0A:C4:23:C1:EC ('Channel', 5) ('RSSI', -51) ('Header', '48') ('MAC', 'B8:63:4D:A2:0E:13')
Data:  24:0A:C4:23:D9:B0 ('Channel', 5) ('RSSI', -54) ('Header', '48') ('MAC', 'B8:63:4D:A2:0E:13')
Data:  24:0A:C4:23:C1:EC ('Channel', 5) ('RSSI', -51) ('Header', '48') ('MAC', 'B8:63:4D:A2:0E:13')
Data:  24:0A:C4:23:D9:B0 ('Channel', 5) ('RSSI', -54) ('Header', '48') ('MAC', 'B8:63:4D:A2:0E:13')
Data:  24:0A:C4:23:C1:EC ('Channel', 5) ('RSSI', -51) ('Header', '48') ('MAC', 'B8:63:4D:A2:0E:13')
Data:  24:0A:C4:23:D9:B0 ('Channel', 5) ('RSSI', -53) ('Header', '48') ('MAC', 'B8:63:4D:A2:0E:13')
Data:  24:0A:C4:23:D9:B0 ('Channel', 5) ('RSSI', -56) ('Header', '48') ('MAC', 'B8:63:4D:A2:0E:13')
Summary:  3C:71:BF:99:F9:E0 520 {}
Summary:  24:0A:C4:23:D9:B0 580 {'B8:63:4D:A2:0E:13': -54.5}
Summary:  24:0A:C4:23:C1:EC 460 {'B8:63:4D:A2:0E:13': -57.5}
Data:  24:0A:C4:23:C1:EC ('Channel', 5) ('RSSI', -52) ('Header', '48') ('MAC', 'B8:63:4D:A2:0E:13')
Data:  24:0A:C4:23:C1:EC ('Channel', 5) ('RSSI', -51) ('Header', '48') ('MAC', 'B8:63:4D:A2:0E:13')
Data:  24:0A:C4:23:D9:B0 ('Channel', 5) ('RSSI', -56) ('Header', '48') ('MAC', 'B8:63:4D:A2:0E:13')
Data:  24:0A:C4:23:C1:EC ('Channel', 5) ('RSSI', -51) ('Header', '48') ('MAC', 'B8:63:4D:A2:0E:13')
Data:  24:0A:C4:23:D9:B0 ('Channel', 5) ('RSSI', -55) ('Header', '48') ('MAC', 'B8:63:4D:A2:0E:13')
Data:  24:0A:C4:23:C1:EC ('Channel', 5) ('RSSI', -51) ('Header', '48') ('MAC', 'B8:63:4D:A2:0E:13')
Data:  24:0A:C4:23:D9:B0 ('Channel', 5) ('RSSI', -55) ('Header', '48') ('MAC', 'B8:63:4D:A2:0E:13')
Data:  24:0A:C4:23:C1:EC ('Channel', 5) ('RSSI', -52) ('Header', '48') ('MAC', 'B8:63:4D:A2:0E:13')
Data:  24:0A:C4:23:D9:B0 ('Channel', 5) ('RSSI', -55) ('Header', '48') ('MAC', 'B8:63:4D:A2:0E:13')
Data:  24:0A:C4:23:C1:EC ('Channel', 5) ('RSSI', -52) ('Header', '48') ('MAC', 'B8:63:4D:A2:0E:13')
Data:  24:0A:C4:23:D9:B0 ('Channel', 5) ('RSSI', -55) ('Header', '48') ('MAC', 'B8:63:4D:A2:0E:13')
Data:  24:0A:C4:23:C1:EC ('Channel', 5) ('RSSI', -52) ('Header', '48') ('MAC', 'B8:63:4D:A2:0E:13')
Data:  24:0A:C4:23:D9:B0 ('Channel', 5) ('RSSI', -55) ('Header', '48') ('MAC', 'B8:63:4D:A2:0E:13')
Data:  24:0A:C4:23:D9:B0 ('Channel', 5) ('RSSI', -55) ('Header', '48') ('MAC', 'B8:63:4D:A2:0E:13')
Data:  24:0A:C4:23:C1:EC ('Channel', 5) ('RSSI', -51) ('Header', '48') ('MAC', 'B8:63:4D:A2:0E:13')
Data:  24:0A:C4:23:D9:B0 ('Channel', 5) ('RSSI', -55) ('Header', '48') ('MAC', 'B8:63:4D:A2:0E:13')
Data:  24:0A:C4:23:C1:EC ('Channel', 5) ('RSSI', -51) ('Header', '48') ('MAC', 'B8:63:4D:A2:0E:13')
Data:  24:0A:C4:23:C1:EC ('Channel', 5) ('RSSI', -51) ('Header', '48') ('MAC', 'B8:63:4D:A2:0E:13')
Data:  24:0A:C4:23:D9:B0 ('Channel', 5) ('RSSI', -56) ('Header', '48') ('MAC', 'B8:63:4D:A2:0E:13')
Data:  24:0A:C4:23:D9:B0 ('Channel', 5) ('RSSI', -56) ('Header', '48') ('MAC', 'B8:63:4D:A2:0E:13')
Data:  24:0A:C4:23:D9:B0 ('Channel', 5) ('RSSI', -55) ('Header', '48') ('MAC', 'B8:63:4D:A2:0E:13')
Data:  24:0A:C4:23:D9:B0 ('Channel', 5) ('RSSI', -55) ('Header', '48') ('MAC', 'B8:63:4D:A2:0E:13')
Data:  24:0A:C4:23:D9:B0 ('Channel', 5) ('RSSI', -55) ('Header', '48') ('MAC', 'B8:63:4D:A2:0E:13')
Data:  24:0A:C4:23:C1:EC ('Channel', 5) ('RSSI', -51) ('Header', '48') ('MAC', 'B8:63:4D:A2:0E:13')
Data:  24:0A:C4:23:C1:EC ('Channel', 5) ('RSSI', -51) ('Header', '48') ('MAC', 'B8:63:4D:A2:0E:13')
Data:  24:0A:C4:23:C1:EC ('Channel', 5) ('RSSI', -51) ('Header', '48') ('MAC', 'B8:63:4D:A2:0E:13')
Data:  24:0A:C4:23:C1:EC ('Channel', 5) ('RSSI', -51) ('Header', '48') ('MAC', 'B8:63:4D:A2:0E:13')
Data:  24:0A:C4:23:C1:EC ('Channel', 5) ('RSSI', -51) ('Header', '48') ('MAC', 'B8:63:4D:A2:0E:13')
Data:  24:0A:C4:23:D9:B0 ('Channel', 5) ('RSSI', -55) ('Header', '48') ('MAC', 'B8:63:4D:A2:0E:13')
Data:  24:0A:C4:23:C1:EC ('Channel', 5) ('RSSI', -51) ('Header', '48') ('MAC', 'B8:63:4D:A2:0E:13')
Data:  24:0A:C4:23:D9:B0 ('Channel', 5) ('RSSI', -55) ('Header', '48') ('MAC', 'B8:63:4D:A2:0E:13')
Data:  24:0A:C4:23:C1:EC ('Channel', 5) ('RSSI', -51) ('Header', '48') ('MAC', 'B8:63:4D:A2:0E:13')
Data:  24:0A:C4:23:D9:B0 ('Channel', 5) ('RSSI', -54) ('Header', '48') ('MAC', 'B8:63:4D:A2:0E:13')
Data:  24:0A:C4:23:C1:EC ('Channel', 5) ('RSSI', -51) ('Header', '48') ('MAC', 'B8:63:4D:A2:0E:13')
Data:  24:0A:C4:23:D9:B0 ('Channel', 5) ('RSSI', -55) ('Header', '48') ('MAC', 'B8:63:4D:A2:0E:13')
Data:  24:0A:C4:23:C1:EC ('Channel', 5) ('RSSI', -51) ('Header', '48') ('MAC', 'B8:63:4D:A2:0E:13')
Data:  24:0A:C4:23:D9:B0 ('Channel', 5)