Data:  24:0A:C4:23:C1:EC ('Header', '48') ('RSSI', -47) ('Channel', 5) ('MAC', 'B8:63:4D:A2:0E:13')
Data:  24:0A:C4:23:D9:B0 ('Header', '48') ('RSSI', -62) ('Channel', 5) ('MAC', 'B8:63:4D:A2:0E:13')
Data:  24:0A:C4:23:C1:EC ('Header', '48') ('RSSI', -46) ('Channel', 5) ('MAC', 'B8:63:4D:A2:0E:13')
Data:  24:0A:C4:23:D9:B0 ('Header', '48') ('RSSI', -60) ('Channel', 5) ('MAC', 'B8:63:4D:A2:0E:13')
Data:  24:0A:C4:23:D9:B0 ('Header', '48') ('RSSI', -63) ('Channel', 5) ('MAC', 'B8:63:4D:A2:0E:13')
Data:  24:0A:C4:23:C1:EC ('Header', '48') ('RSSI', -47) ('Channel', 5) ('MAC', 'B8:63:4D:A2:0E:13')
Data:  24:0A:C4:23:C1:EC ('Header', '48') ('RSSI', -46) ('Channel', 5) ('MAC', 'B8:63:4D:A2:0E:13')
Data:  24:0A:C4:23:D9:B0 ('Header', '48') ('RSSI', -63) ('Channel', 5) ('MAC', 'B8:63:4D:A2:0E:13')
Data:  24:0A:C4:23:C1:EC ('Header', '48') ('RSSI', -46) ('Channel', 5) ('MAC', 'B8:63:4D:A2:0E:13')
Data:  24:0A:C4:23:D9:B0 ('Header', '48') ('RSSI', -63) ('Channel', 5) ('MAC', 'B8:63:4D:A2:0E:13')
Data:  24:0A:C4:23:C1:EC ('Header', '48') ('RSSI', -47) ('Channel', 5) ('MAC', 'B8:63:4D:A2:0E:13')
Data:  24:0A:C4:23:D9:B0 ('Header', '48') ('RSSI', -64) ('Channel', 5) ('MAC', 'B8:63:4D:A2:0E:13')
Data:  24:0A:C4:23:D9:B0 ('Header', '48') ('RSSI', -63) ('Channel', 5) ('MAC', 'B8:63:4D:A2:0E:13')
Data:  24:0A:C4:23:C1:EC ('Header', '48') ('RSSI', -46) ('Channel', 5) ('MAC', 'B8:63:4D:A2:0E:13')
Data:  24:0A:C4:23:C1:EC ('Header', '48') ('RSSI', -46) ('Channel', 5) ('MAC', 'B8:63:4D:A2:0E:13')
Data:  24:0A:C4:23:D9:B0 ('Header', '48') ('RSSI', -65) ('Channel', 5) ('MAC', 'B8:63:4D:A2:0E:13')
Data:  24:0A:C4:23:C1:EC ('Header', '48') ('RSSI', -45) ('Channel', 5) ('MAC', 'B8:63:4D:A2:0E:13')
Data:  24:0A:C4:23:D9:B0 ('Header', '48') ('RSSI', -65) ('Channel', 5) ('MAC', 'B8:63:4D:A2:0E:13')
Data:  24:0A:C4:23:D9:B0 ('Header', '48') ('RSSI', -63) ('Channel', 5) ('MAC', 'B8:63:4D:A2:0E:13')
Data:  24:0A:C4:23:C1:EC ('Header', '48') ('RSSI', -46) ('Channel', 5) ('MAC', 'B8:63:4D:A2:0E:13')
Data:  24:0A:C4:23:C1:EC ('Header', '48') ('RSSI', -46) ('Channel', 5) ('MAC', 'B8:63:4D:A2:0E:13')
Data:  24:0A:C4:23:D9:B0 ('Header', '48') ('RSSI', -63) ('Channel', 5) ('MAC', 'B8:63:4D:A2:0E:13')
Data:  24:0A:C4:23:D9:B0 ('Header', '48') ('RSSI', -63) ('Channel', 5) ('MAC', 'B8:63:4D:A2:0E:13')
Data:  24:0A:C4:23:C1:EC ('Header', '48') ('RSSI', -48) ('Channel', 5) ('MAC', 'B8:63:4D:A2:0E:13')
Data:  24:0A:C4:23:D9:B0 ('Header', '48') ('RSSI', -63) ('Channel', 5) ('MAC', 'B8:63:4D:A2:0E:13')
Data:  24:0A:C4:23:C1:EC ('Header', '48') ('RSSI', -48) ('Channel', 5) ('MAC', 'B8:63:4D:A2:0E:13')
Data:  24:0A:C4:23:C1:EC ('Header', '48') ('RSSI', -47) ('Channel', 5) ('MAC', 'B8:63:4D:A2:0E:13')
Data:  24:0A:C4:23:D9:B0 ('Header', '48') ('RSSI', -61) ('Channel', 5) ('MAC', 'B8:63:4D:A2:0E:13')
Data:  24:0A:C4:23:D9:B0 ('Header', '48') ('RSSI', -62) ('Channel', 5) ('MAC', 'B8:63:4D:A2:0E:13')
Data:  24:0A:C4:23:C1:EC ('Header', '48') ('RSSI', -47) ('Channel', 5) ('MAC', 'B8:63:4D:A2:0E:13')
Data:  24:0A:C4:23:C1:EC ('Header', '48') ('RSSI', -47) ('Channel', 5) ('MAC', 'B8:63:4D:A2:0E:13')
Data:  24:0A:C4:23:D9:B0 ('Header', '48') ('RSSI', -63) ('Channel', 5) ('MAC', 'B8:63:4D:A2:0E:13')
Data:  24:0A:C4:23:C1:EC ('Header', '48') ('RSSI', -47) ('Channel', 5) ('MAC', 'B8:63:4D:A2:0E:13')
Data:  24:0A:C4:23:D9:B0 ('Header', '48') ('RSSI', -63) ('Channel', 5) ('MAC', 'B8:63:4D:A2:0E:13')
Data:  24:0A:C4:23:D9:B0 ('Header', '48') ('RSSI', -64) ('Channel', 5) ('MAC', 'B8:63:4D:A2:0E:13')
Data:  24:0A:C4:23:C1:EC ('Header', '48') ('RSSI', -47) ('Channel', 5) ('MAC', 'B8:63:4D:A2:0E:13')
Data:  24:0A:C4:23:C1:EC ('Header', '48') ('RSSI', -47) ('Channel', 5) ('MAC', 'B8:63:4D:A2:0E:13')
Data:  24:0A:C4:23:D9:B0 ('Header', '48') ('RSSI', -65) ('Channel', 5) ('MAC', 'B8:63:4D:A2:0E:13')
Data:  24:0A:C4:23:C1:EC ('Header', '48') ('RSSI', -47) ('Channel', 5) ('MAC', 'B8:63:4D:A2:0E:13')
Data:  24:0A:C4:23:D9:B0 ('Header', '48') ('RSSI', -64) ('Channel', 5) ('MAC', 'B8:63:4D:A2:0E:13')
Data:  24:0A:C4:23:C1:EC ('Header', '48') ('RSSI', -47) ('Channel', 5) ('MAC', 'B8:63:4D:A2:0E:13')
Data:  24:0A:C4:23:D9:B0 ('Header', '48') ('RSSI', -64) ('Channel', 5) ('MAC', 'B8:63:4D:A2:0E:13')
Data:  24:0A:C4:23:C1:EC ('Header', '48') ('RSSI', -47) ('Channel', 5) ('MAC', 'B8:63:4D:A2:0E:13')
Data:  24:0A:C4:23:D9:B0 ('Header', '48') ('RSSI', -62) ('Channel', 5) ('MAC', 'B8:63:4D:A2:0E:13')
Data:  24:0A:C4:23:C1:EC ('Header', '48') ('RSSI', -47) ('Channel', 5) ('MAC', 'B8:63:4D:A2:0E:13')
Summary:  24:0A:C4:23:C1:EC 140 {'B8:63:4D:A2:0E:13': -46.7}
Summary:  3C:71:BF:99:F9:E0 840 {}
Summary:  24:0A:C4:23:D9:B0 662 {'B8:63:4D:A2:0E:13': -63.1}
Data:  24:0A:C4:23:D9:B0 ('Header', '48') ('RSSI', -63) ('Channel', 5) ('MAC', 'B8:63:4D:A2:0E:13')
Data:  24:0A:C4:23:C1:EC ('Header', '48') ('RSSI', -47) ('Channel', 5) ('MAC', 'B8:63:4D:A2:0E:13')
Data:  24:0A:C4:23:D9:B0 ('Header', '48') ('RSSI', -63) ('Channel', 5) ('MAC', 'B8:63:4D:A2:0E:13')
Data:  24:0A:C4:23:C1:EC ('Header', '48') ('RSSI', -47) ('Channel', 5) ('MAC', 'B8:63:4D:A2:0E:13')
Data:  24:0A:C4:23:D9:B0 ('Header', '48') ('RSSI', -64) ('Channel', 5) ('MAC', 'B8:63:4D:A2:0E:13')
Data:  24:0A:C4:23:C1:EC ('Header', '48') ('RSSI', -47) ('Channel', 5) ('MAC', 'B8:63:4D:A2:0E:13')
Data:  24:0A:C4:23:D9:B0 ('Header', '48') ('RSSI', -63) ('Channel', 5) ('MAC', 'B8:63:4D:A2:0E:13')
Data:  24:0A:C4:23:C1:EC ('Header', '48') ('RSSI', -47) ('Channel', 5) ('MAC', 'B8:63:4D:A2:0E:13')
Data:  24:0A:C4:23:D9:B0 ('Header', '48') ('RSSI', -63) ('Channel', 5) ('MAC', 'B8:63:4D:A2:0E:13')
Data:  24:0A:C4:23:C1:EC ('Header', '48') ('RSSI', -47) ('Channel', 5) ('MAC', 'B8:63:4D:A2:0E:13')
Data:  24:0A:C4:23:D9:B0 ('Header', '48') ('RSSI', -63) ('Channel', 5) ('MAC', 'B8:63:4D:A2:0E:13')
Data:  24:0A:C4:23:C1:EC ('Header', '48') ('RSSI', -47) ('Channel', 5) ('MAC', 'B8:63:4D:A2:0E:13')
Data:  24:0A:C4:23:D9:B0 ('Header', '48') ('RSSI', -63) ('Channel', 5) ('MAC', 'B8:63:4D:A2:0E:13')
Data:  24:0A:C4:23:C1:EC ('Header', '48') ('RSSI', -47) ('Channel', 5) ('MAC', 'B8:63:4D:A2:0E:13')
Data:  24:0A:C4:23:D9:B0 ('Header', '48') ('RSSI', -63) ('Channel', 5) ('MAC', 'B8:63:4D:A2:0E:13')
Data:  24:0A:C4:23:D9:B0 ('Header', '48') ('RSSI', -63) ('Channel', 5) ('MAC', 'B8:63:4D:A2:0E:13')
Data:  24:0A:C4:23:C1:EC ('Header', '48') ('RSSI', -47) ('Channel', 5) ('MAC', 'B8:63:4D:A2:0E:13')
Data:  24:0A:C4:23:C1:EC ('Header', '48') ('RSSI', -47) ('Channel', 5) ('MAC', 'B8:63:4D:A2:0E:13')
Data:  24:0A:C4:23:D9:B0 ('Header', '48') ('RSSI', -63) ('Channel', 5) ('MAC', 'B8:63:4D:A2:0E:13')
Data:  24:0A:C4:23:C1:EC ('Header', '48') ('RSSI', -47) ('Channel', 5) ('MAC', 'B8:63:4D:A2:0E:13')
Data:  24:0A:C4:23:D9:B0 ('Header', '48') ('RSSI', -63) ('Channel', 5) ('MAC', 'B8:63:4D:A2:0E:13')
Data:  24:0A:C4:23:C1:EC ('Header', '48') ('RSSI', -47) ('Channel', 5) ('MAC', 'B8:63:4D:A2:0E:13')
Data:  24:0A:C4:23:D9:B0 ('Header', '48') ('RSSI', -63) ('Channel', 5) ('MAC', 'B8:63:4D:A2:0E:13')
Data:  24:0A:C4:23:C1:EC ('Header', '48') ('RSSI', -47) ('Channel', 5) ('MAC', 'B8:63:4D:A2:0E:13')
Data:  24:0A:C4:23:D9:B0 ('Header', '48') ('RSSI', -63) ('Channel', 5) ('MAC', 'B8:63:4D:A2:0E:13')
Data:  24:0A:C4:23:C1:EC ('Header', '48') ('RSSI', -47) ('Channel', 5) ('MAC', 'B8:63:4D:A2:0E:13')
Data:  24:0A:C4:23:D9:B0 ('Header', '48') ('RSSI', -63) ('Channel', 5) ('MAC', 'B8:63:4D:A2:0E:13')
Data:  24:0A:C4:23:C1:EC ('Header', '48') ('RSSI', -47) ('Channel', 5) ('MAC', 'B8:63:4D:A2:0E:13')
Data:  24:0A:C4:23:C1:EC ('Header', '48') ('RSSI', -47) ('Channel', 5) ('MAC', 'B8:63:4D:A2:0E:13')
Data:  24:0A:C4:23:D9:B0 ('Header', '48') ('RSSI', -64) ('Channel', 5) ('MAC', 'B8:63:4D:A2:0E:13')
Data:  24:0A:C4:23:C1:EC ('Header', '48') ('RSSI', -47) ('Channel', 5) ('MAC', 'B8:63:4D:A2:0E:13')
Data:  24:0A:C4:23:D9:B0 ('Header', '48') ('RSSI', -63) ('Channel', 5) ('MAC', 'B8:63:4D:A2:0E:13')
Data:  24:0A:C4:23:C1:EC ('Header', '48') ('RSSI', -47) ('Channel', 5) ('MAC', 'B8:63:4D:A2:0E:13')
Data:  24:0A:C4:23:D9:B0 ('Header', '48') ('RSSI', -63) ('Channel', 5) ('MAC', 'B8:63:4D:A2:0E:13')
Data:  24:0A:C4:23:D9:B0 ('Header', '48') ('RSSI', -63) ('Channel', 5) ('MAC', 'B8:63:4D:A2:0E:13')
Data:  24:0A:C4:23:C1:EC ('Header', '48') ('RSSI', -47) ('Channel', 5) ('MAC', 'B8:63:4D:A2:0E:13')
Data:  24:0A:C4:23:C1:EC ('Header', '48') ('RSSI', -47) ('Channel', 5) ('MAC', 'B8:63:4D:A2:0E:13')
Data:  24:0A:C4:23:D9:B0 ('Header', '48') ('RSSI', -62) ('Channel', 5) ('MAC', 'B8:63:4D:A2:0E:13')
Data:  24:0A:C4:23:D9:B0 ('Header', '48') ('RSSI', -64) ('Channel', 5) ('MAC', 'B8:63:4D:A2:0E:13')
Data:  24:0A:C4:23:C1:EC ('Header', '48') ('RSSI', -47) ('Channel', 5) ('MAC', 'B8:63:4D:A2:0E:13')
Data:  24:0A:C4:23:C1:EC ('Header', '48') ('RSSI', -47) ('Channel', 5) ('MAC', 'B8:63:4D:A2:0E:13')
Data:  24:0A:C4:23:D9:B0 ('Header', '48') ('RSSI', -63) ('Channel', 5) ('MAC', 'B8:63:4D:A2:0E:13')
Summary:  24:0A:C4:23:C1:EC 140 {'B8:63:4D:A2:0E:13': -47.0}
Summary:  3C:71:BF:99:F9:E0 840 {}
Summary:  24:0A:C4:23:D9:B0 662 {'B8:63:4D:A2:0E:13': -63.1}
Data:  24:0A:C4:23:C1:EC ('Header', '48') ('RSSI', -47) ('Channel', 5) ('MAC', 'B8:63:4D:A2:0E:13')
Data:  24:0A:C4:23:D9:B0 ('Header', '48') ('RSSI', -63) ('Channel', 5) ('MAC', 'B8:63:4D:A2:0E:13')
Data:  24:0A:C4:23:C1:EC ('Header', '48') ('RSSI', -53) ('Channel', 5) ('MAC', 'B8:63:4D:A2:0E:13')
Data:  24:0A:C4:23:D9:B0 ('Header', '48') ('RSSI', -67) ('Channel', 5) ('MAC', 'B8:63:4D:A2:0E:13')
Data:  24:0A:C4:23:D9:B0 ('Header', '48') ('RSSI', -64) ('Channel', 5) ('MAC', 'B8:63:4D:A2:0E:13')
Data:  24:0A:C4:23:C1:EC ('Header', '48') ('RSSI', -47) ('Channel', 5) ('MAC', 'B8:63:4D:A2:0E:13')
Data:  24:0A:C4:23:C1:EC ('Header', '48') ('RSSI', -47) ('Channel', 5) ('MAC', 'B8:63:4D:A2:0E:13')
Data:  24:0A:C4:23:D9:B0 ('Header', '48') ('RSSI', -64) ('Channel', 5) ('MAC', 'B8:63:4D:A2:0E:13')
Data:  24:0A:C4:23:D9:B0 ('Header', '48') ('RSSI', -64) ('Channel', 5) ('MAC', 'B8:63:4D:A2:0E:13')
Data:  24:0A:C4:23:C1:EC ('Header', '48') ('RSSI', -47) ('Channel', 5) ('MAC', 'B8:63:4D:A2:0E:13')
Data:  24:0A:C4:23:C1:EC ('Header', '48') ('RSSI', -47) ('Channel', 5) ('MAC', 'B8:63:4D:A2:0E:13')
Data:  24:0A:C4:23:D9:B0 ('Header', '48') ('RSSI', -63) ('Channel', 5) ('MAC', 'B8:63:4D:A2:0E:13')
Data:  24:0A:C4:23:D9:B0 ('Header', '48') ('RSSI', -63) ('Channel', 5) ('MAC', 'B8:63:4D:A2:0E:13')
Data:  24:0A:C4:23:C1:EC ('Header', '48') ('RSSI', -47) ('Channel', 5) ('MAC', 'B8:63:4D:A2:0E:13')
Data:  24:0A:C4:23:C1:EC ('Header', '48') ('RSSI', -47) ('Channel', 5) ('MAC', 'B8:63:4D:A2:0E:13')
Data:  24:0A:C4:23:D9:B0 ('Header', '48') ('RSSI', -63) ('Channel', 5) ('MAC', 'B8:63:4D:A2:0E:13')
Data:  24:0A:C4:23:C1:EC ('Header', '48') ('RSSI', -47) ('Channel', 5) ('MAC', 'B8:63:4D:A2:0E:13')
Data:  24:0A:C4:23:D9:B0 ('Header', '48') ('RSSI', -63) ('Channel', 5) ('MAC', 'B8:63:4D:A2:0E:13')
Data:  24:0A:C4:23:C1:EC ('Header', '48') ('RSSI', -47) ('Channel', 5) ('MAC', 'B8:63:4D:A2:0E:13')
Data:  24:0A:C4:23:D9:B0 ('Header', '48') ('RSSI', -63) ('Channel', 5) ('MAC', 'B8:63:4D:A2:0E:13')
Data:  24:0A:C4:23:C1:EC ('Header', '48') ('RSSI', -47) ('Channel', 5) ('MAC', 'B8:63:4D:A2:0E:13')
Data:  24:0A:C4:23:D9:B0 ('Header', '48') ('RSSI', -63) ('Channel', 5) ('MAC', 'B8:63:4D:A2:0E:13')
Data:  24:0A:C4:23:D9:B0 ('Header', '48') ('RSSI', -64) ('Channel', 5) ('MAC', 'B8:63:4D:A2:0E:13')
Data:  24:0A:C4:23:C1:EC ('Header', '48') ('RSSI', -47) ('Channel', 5) ('MAC', 'B8:63:4D:A2:0E:13')
Data:  24:0A:C4:23:C1:EC ('Header', '48') ('RSSI', -47) ('Channel', 5) ('MAC', 'B8:63:4D:A2:0E:13')
Data:  24:0A:C4:23:D9:B0 ('Header', '48') ('RSSI', -64) ('Channel', 5) ('MAC', 'B8:63:4D:A2:0E:13')
Data:  24:0A:C4:23:D9:B0 ('Header', '48') ('RSSI', -65) ('Channel', 5) ('MAC', 'B8:63:4D:A2:0E:13')
Data:  24:0A:C4:23:C1:EC ('Header', '48') ('RSSI', -47) ('Channel', 5) ('MAC', 'B8:63:4D:A2:0E:13')
Data:  24:0A:C4:23:C1:EC ('Header', '48') ('RSSI', -47) ('Channel', 5) ('MAC', 'B8:63:4D:A2:0E:13')
Data:  24:0A:C4:23:D9:B0 ('Header', '48') ('RSSI', -64) ('Channel', 5) ('MAC', 'B8:63:4D:A2:0E:13')
Data:  24:0A:C4:23:C1:EC ('Header', '48') ('RSSI', -46) ('Channel', 5) ('MAC', 'B8:63:4D:A2:0E:13')
Data:  24:0A:C4:23:D9:B0 ('Header', '48') ('RSSI', -65) ('Channel', 5) ('MAC', 'B8:63:4D:A2:0E:13')
Data:  24:0A:C4:23:C1:EC ('Header', '48') ('RSSI', -46) ('Channel', 5) ('MAC', 'B8:63:4D:A2:0E:13')
Data:  24:0A:C4:23:D9:B0 ('Header', '48') ('RSSI', -64) ('Channel', 5) ('MAC', 'B8:63:4D:A2:0E:13')
Data:  24:0A:C4:23:C1:EC ('Header', '48') ('RSSI', -46) ('Channel', 5) ('MAC', 'B8:63:4D:A2:0E:13')
Data:  24:0A:C4:23:D9:B0 ('Header', '48') ('RSSI', -65) ('Channel', 5) ('MAC', 'B8:63:4D:A2:0E:13')
Data:  24:0A:C4:23:C1:EC ('Header', '48') ('RSSI', -46) ('Channel', 5) ('MAC', 'B8:63:4D:A2:0E:13')
Data:  24:0A:C4:23:D9:B0 ('Header', '48') ('RSSI', -65) ('Channel', 5) ('MAC', 'B8:63:4D:A2:0E:13')
Data:  24:0A:C4:23:C1:EC ('Header', '40') ('RSSI', -53) ('Channel', 5) ('MAC', 'B8:63:4D:A2:0E:13')
Data:  24:0A:C4:23:C1:EC ('Header', '48') ('RSSI', -46) ('Channel', 5) ('MAC', 'B8:63:4D:A2:0E:13')
Data:  24:0A:C4:23:D9:B0 ('Header', '40') ('RSSI', -67) ('Channel', 5) ('MAC', 'B8:63:4D:A2:0E:13')
Data:  24:0A:C4:23:C1:EC ('Header', '40') ('RSSI', -53) ('Channel', 5) ('MAC', 'B8:63:4D:A2:0E:13')
Data:  24:0A:C4:23:D9:B0 ('Header', '40') ('RSSI', -67) ('Channel', 5) ('MAC', 'B8:63:4D:A2:0E:13')
Data:  24:0A:C4:23:C1:EC ('Header', '40') ('RSSI', -53) ('Channel', 5) ('MAC', 'B8:63:4D:A2:0E:13')
Data:  24:0A:C4:23:D9:B0 ('Header', '40') ('RSSI', -68) ('Channel', 5) ('MAC', 'B8:63:4D:A2:0E:13')
Data:  24:0A:C4:23:C1:EC ('Header', '40') ('RSSI', -53) ('Channel', 5) ('MAC', 'B8:63:4D:A2:0E:13')
Data:  24:0A:C4:23:D9:B0 ('Header', '40') ('RSSI', -70) ('Channel', 5) ('MAC', 'B8:63:4D:A2:0E:13')
Data:  24:0A:C4:23:C1:EC ('Header', '48') ('RSSI', -46) ('Channel', 5) ('MAC', 'B8:63:4D:A2:0E:13')
Data:  24:0A:C4:23:D9:B0 ('Header', '48') ('RSSI', -64) ('Channel', 5) ('MAC', 'B8:63:4D:A2:0E:13')
Data:  24:0A:C4:23:C1:EC ('Header', '40') ('RSSI', -54) ('Channel', 5) ('MAC', 'B8:63:4D:A2:0E:13')
Data:  24:0A:C4:23:D9:B0 ('Header', '40') ('RSSI', -61) ('Channel', 5) ('MAC', 'B8:63:4D:A2:0E:13')
Data:  24:0A:C4:23:C1:EC ('Header', '40') ('RSSI', -50) ('Channel', 5) ('MAC', 'B8:63:4D:A2:0E:13')
Data:  24:0A:C4:23:D9:B0 ('Header', '40') ('RSSI', -57) ('Channel', 5) ('MAC', 'B8:63:4D:A2:0E:13')
Data:  24:0A:C4:23:C1:EC ('Header', '40') ('RSSI', -44) ('Channel', 5) ('MAC', 'B8:63:4D:A2:0E:13')
Data:  24:0A:C4:23:D9:B0 ('Header', '40') ('RSSI', -65) ('Channel', 5) ('MAC', 'B8:63:4D:A2:0E:13')
Data:  24:0A:C4:23:C1:EC ('Header', '48') ('RSSI', -48) ('Channel', 5) ('MAC', 'B8:63:4D:A2:0E:13')
Data:  24:0A:C4:23:D9:B0 ('Header', '40') ('RSSI', -59) ('Channel', 5) ('MAC', 'B8:63:4D:A2:0E:13')
Data:  24:0A:C4:23:C1:EC ('Header', '48') ('RSSI', -48) ('Channel', 5) ('MAC', 'B8:63:4D:A2:0E:13')
Data:  24:0A:C4:23:D9:B0 ('Header', '48') ('RSSI', -65) ('Channel', 5) ('MAC', 'B8:63:4D:A2:0E:13')
Data:  24:0A:C4:23:D9:B0 ('Header', '48') ('RSSI', -64) ('Channel', 5) ('MAC', 'B8:63:4D:A2:0E:13')
Data:  24:0A:C4:23:C1:EC ('Header', '48') ('RSSI', -47) ('Channel', 5) ('MAC', 'B8:63:4D:A2:0E:13')
Data:  24:0A:C4:23:D9:B0 ('Header', '48') ('RSSI', -63) ('Channel', 5) ('MAC', 'B8:63:4D:A2:0E:13')
Data:  24:0A:C4:23:C1:EC ('Header', '48') ('RSSI', -47) ('Channel', 5) ('MAC', 'B8:63:4D:A2:0E:13')
Data:  24:0A:C4:23:D9:B0 ('Header', '48') ('RSSI', -63) ('Channel', 5) ('MAC', 'B8:63:4D:A2:0E:13')
Data:  24:0A:C4:23:C1:EC ('Header', '48') ('RSSI', -47) ('Channel', 5) ('MAC', 'B8:63:4D:A2:0E:13')
Data:  24:0A:C4:23:D9:B0 ('Header', '48') ('RSSI', -63) ('Channel', 5) ('MAC', 'B8:63:4D:A2:0E:13')
Data:  24:0A:C4:23:C1:EC ('Header', '48') ('RSSI', -47) ('Channel', 5) ('MAC', 'B8:63:4D:A2:0E:13')
Data:  24:0A:C4:23:D9:B0 ('Header', '48') ('RSSI', -63) ('Channel', 5) ('MAC', 'B8:63:4D:A2:0E:13')
Data:  24:0A:C4:23:C1:EC ('Header', '48') ('RSSI', -46) ('Channel', 5) ('MAC', 'B8:63:4D:A2:0E:13')
Summary:  24:0A:C4:23:C1:EC 140 {'B8:63:4D:A2:0E:13': -47.9}
Summary:  3C:71:BF:99:F9:E0 840 {}
Summary:  24:0A:C4:23:D9:B0 662 {'B8:63:4D:A2:0E:13': -63.9}
Data:  24:0A:C4:23:C1:EC ('Header', '48') ('RSSI', -46) ('Channel', 5) ('MAC', 'B8:63:4D:A2:0E:13')
Data:  24:0A:C4:23:D9:B0 ('Header', '48') ('RSSI', -65) ('Channel', 5) ('MAC', 'B8:63:4D:A2:0E:13')
Data:  24:0A:C4:23:C1:EC ('Header', '48') ('RSSI', -47) ('Channel', 5) ('MAC', 'B8:63:4D:A2:0E:13')
Data:  24:0A:C4:23:D9:B0 ('Header', '48') ('RSSI', -65) ('Channel', 5) ('MAC', 'B8:63:4D:A2:0E:13')
Data:  24:0A:C4:23:D9:B0 ('Header', '48') ('RSSI', -64) ('Channel', 5) ('MAC', 'B8:63:4D:A2:0E:13')
Data:  24:0A:C4:23:C1:EC ('Header', '48') ('RSSI', -47) ('Channel', 5) ('MAC', 'B8:63:4D:A2:0E:13')
Data:  24:0A:C4:23:D9:B0 ('Header', '48') ('RSSI', -64) ('Channel', 5) ('MAC', 'B8:63:4D:A2:0E:13')
Data:  24:0A:C4:23:C1:EC ('Header', '48') ('RSSI', -46) ('Channel', 5) ('MAC', 'B8:63:4D:A2:0E:13')
Data:  24:0A:C4:23:D9:B0 ('Header', '48') ('RSSI', -64) ('Channel', 5) ('MAC', 'B8:63:4D:A2:0E:13')
Data:  24:0A:C4:23:C1:EC ('Header', '48') ('RSSI', -46) ('Channel', 5) ('MAC', 'B8:63:4D:A2:0E:13')
Data:  24:0A:C4:23:D9:B0 ('Header', '48') ('RSSI', -65) ('Channel', 5) ('MAC', 'B8:63:4D:A2:0E:13')
Data:  24:0A:C4:23:C1:EC ('Header', '48') ('RSSI', -47) ('Channel', 5) ('MAC', 'B8:63:4D:A2:0E:13')
Data:  24:0A:C4:23:D9:B0 ('Header', '48') ('RSSI', -64) ('Channel', 5) ('MAC', 'B8:63:4D:A2:0E:13')
Data:  24:0A:C4:23:C1:EC ('Header', '48') ('RSSI', -46) ('Channel', 5) ('MAC', 'B8:63:4D:A2:0E:13')
Data:  24:0A:C4:23:D9:B0 ('Header', '48') ('RSSI', -65) ('Channel', 5) ('MAC', 'B8:63:4D:A2:0E:13')
Data:  24:0A:C4:23:C1:EC ('Header', '48') ('RSSI', -46) ('Channel', 5) ('MAC', 'B8:63:4D:A2:0E:13')
Data:  24:0A:C4:23:D9:B0 ('Header', '48') ('RSSI', -65) ('Channel', 5) ('MAC', 'B8:63:4D:A2:0E:13')
Data:  24:0A:C4:23:C1:EC ('Header', '48') ('RSSI', -46) ('Channel', 5) ('MAC', 'B8:63:4D:A2:0E:13')
Data:  24:0A:C4:23:D9:B0 ('Header', '48') ('RSSI', -65) ('Channel', 5) ('MAC', 'B8:63:4D:A2:0E:13')
Data:  24:0A:C4:23:C1:EC ('Header', '48') ('RSSI', -48) ('Channel', 5) ('MAC', 'B8:63:4D:A2:0E:13')
Data:  24:0A:C4:23:D9:B0 ('Header', '48') ('RSSI', -65) ('Channel', 5) ('MAC', 'B8:63:4D:A2:0E:13')
Data:  24:0A:C4:23:C1:EC ('Header', '48') ('RSSI', -47) ('Channel', 5) ('MAC', 'B8:63:4D:A2:0E:13')
Data:  24:0A:C4:23:D9:B0 ('Header', '48') ('RSSI', -63) ('Channel', 5) ('MAC', 'B8:63:4D:A2:0E:13')
Data:  24:0A:C4:23:D9:B0 ('Header', '48') ('RSSI', -63) ('Channel', 5) ('MAC', 'B8:63:4D:A2:0E:13')
Data:  24:0A:C4:23:C1:EC ('Header', '48') ('RSSI', -47) ('Channel', 5) ('MAC', 'B8:63:4D:A2:0E:13')
Data:  24:0A:C4:23:D9:B0 ('Header', '48') ('RSSI', -64) ('Channel', 5) ('MAC', 'B8:63:4D:A2:0E:13')
Data:  24:0A:C4:23:C1:EC ('Header', '48') ('RSSI', -47) ('Channel', 5) ('MAC', 'B8:63:4D:A2:0E:13')
Data:  24:0A:C4:23:D9:B0 ('Header', '48') ('RSSI', -64) ('Channel', 5) ('MAC', 'B8:63:4D:A2:0E:13')
Data:  24:0A:C4:23:C1:EC ('Header', '48') ('RSSI', -47) ('Channel', 5) ('MAC', 'B8:63:4D:A2:0E:13')
Data:  24:0A:C4:23:C1:EC ('Header', '48') ('RSSI', -47) ('Channel', 5) ('MAC', 'B8:63:4D:A2:0E:13')
Data:  24:0A:C4:23:D9:B0 ('Header', '48') ('RSSI', -64) ('Channel', 5) ('MAC', 'B8:63:4D:A2:0E:13')
Data:  24:0A:C4:23:C1:EC ('Header', '48') ('RSSI', -47) ('Channel', 5) ('MAC', 'B8:63:4D:A2:0E:13')
Data:  24:0A:C4:23:D9:B0 ('Header', '48') ('RSSI', -65) ('Channel', 5) ('MAC', 'B8:63:4D:A2:0E:13')
Data:  24:0A:C4:23:D9:B0 ('Header', '48') ('RSSI', -65) ('Channel', 5) ('MAC', 'B8:63:4D:A2:0E:13')
Data:  24:0A:C4:23:D9:B0 ('Header', '48') ('RSSI', -65) ('Channel', 5) ('MAC', 'B8:63:4D:A2:0E:13')
Data:  24:0A:C4:23:C1:EC ('Header', '48') ('RSSI', -46) ('Channel', 5) ('MAC', 'B8:63:4D:A2:0E:13')
Data:  24:0A:C4:23:C1:EC ('Header', '48') ('RSSI', -46) ('Channel', 5) ('MAC', 'B8:63:4D:A2:0E:13')
Data:  24:0A:C4:23:C1:EC ('Header', '48') ('RSSI', -46) ('Channel', 5) ('MAC', 'B8:63:4D:A2:0E:13')
Data:  24:0A:C4:23:D9:B0 ('Header', '48') ('RSSI', -66) ('Channel', 5) ('MAC', 'B8:63:4D:A2:0E:13')
Data:  24:0A:C4:23:C1:EC ('Header', '48') ('RSSI', -47) ('Channel', 5) ('MAC', 'B8:63:4D:A2:0E:13')
Data:  24:0A:C4:23:D9:B0 ('Header', '48') ('RSSI', -63) ('Channel', 5) ('MAC', 'B8:63:4D:A2:0E:13')
Data:  24:0A:C4:23:C1:EC ('Header', '48') ('RSSI', -47) ('Channel', 5) ('MAC', 'B8:63:4D:A2:0E:13')
Data:  24:0A:C4:23:D9:B0 ('Header', '48') ('RSSI', -64) ('Channel', 5) ('MAC', 'B8:63:4D:A2:0E:13')
Data:  24:0A:C4:23:D9:B0 ('Header', '48') ('RSSI', -63) ('Channel', 5) ('MAC', 'B8:63:4D:A2:0E:13')
Data:  24:0A:C4:23:C1:EC ('Header', '48') ('RSSI', -46) ('Channel', 5) ('MAC', 'B8:63:4D:A2:0E:13')
Data:  24:0A:C4:23:D9:B0 ('Header', '48') ('RSSI', -63) ('Channel', 5) ('MAC', 'B8:63:4D:A2:0E:13')
Data:  24:0A:C4:23:C1:EC ('Header', '48') ('RSSI', -46) ('Channel', 5) ('MAC', 'B8:63:4D:A2:0E:13')
Data:  24:0A:C4:23:C1:EC ('Header', '48') ('RSSI', -46) ('Channel', 5) ('MAC', 'B8:63:4D:A2:0E:13')
Data:  24:0A:C4:23:D9:B0 ('Header', '48') ('RSSI', -63) ('Channel', 5) ('MAC', 'B8:63:4D:A2:0E:13')
Data:  24:0A:C4:23:C1:EC ('Header', '48') ('RSSI', -46) ('Channel', 5) ('MAC', 'B8:63:4D:A2:0E:13')
Data:  24:0A:C4:23:D9:B0 ('Header', '48') ('RSSI', -63) ('Channel', 5) ('MAC', 'B8:63:4D:A2:0E:13')
Data:  24:0A:C4:23:C1:EC ('Header', '48') ('RSSI', -46) ('Channel', 5) ('MAC', 'B8:63:4D:A2:0E:13')
Data:  24:0A:C4:23:D9:B0 ('Header', '48') ('RSSI', -64) ('Channel', 5) ('MAC', 'B8:63:4D:A2:0E:13')
Data:  24:0A:C4:23:D9:B0 ('Header', '48') ('RSSI', -66) ('Channel', 5) ('MAC', 'B8:63:4D:A2:0E:13')
Data:  24:0A:C4:23:D9:B0 ('Header', '48') ('RSSI', -63) ('Channel', 5) ('MAC', 'B8:63:4D:A2:0E:13')
Data:  24:0A:C4:23:C1:EC ('Header', '48') ('RSSI', -47) ('Channel', 5) ('MAC', 'B8:63:4D:A2:0E:13')
Data:  24:0A:C4:23:C1:EC ('Header', '48') ('RSSI', -47) ('Channel', 5) ('MAC', 'B8:63:4D:A2:0E:13')
Data:  24:0A:C4:23:D9:B0 ('Header', '48') ('RSSI', -65) ('Channel', 5) ('MAC', 'B8:63:4D:A2:0E:13')
Data:  24:0A:C4:23:C1:EC ('Header', '48') ('RSSI', -46) ('Channel', 5) ('MAC', 'B8:63:4D:A2:0E:13')
Data:  24:0A:C4:23:C1:EC ('Header', '48') ('RSSI', -47) ('Channel', 5) ('MAC', 'B8:63:4D:A2:0E:13')
Data:  24:0A:C4:23:D9:B0 ('Header', '48') ('RSSI', -65) ('Channel', 5) ('MAC', 'B8:63:4D:A2:0E:13')
Data:  24:0A:C4:23:C1:EC ('Header', '48') ('RSSI', -46) ('Channel', 5) ('MAC', 'B8:63:4D:A2:0E:13')
Data:  24:0A:C4:23:D9:B0 ('Header', '48') ('RSSI', -65) ('Channel', 5) ('MAC', 'B8:63:4D:A2:0E:13')
Data:  24:0A:C4:23:C1:EC ('Header', '48') ('RSSI', -46) ('Channel', 5) ('MAC', 'B8:63:4D:A2:0E:13')
Data:  24:0A:C4:23:C1:EC ('Header', '48') ('RSSI', -46) ('Channel', 5) ('MAC', 'B8:63:4D:A2:0E:13')
Data:  24:0A:C4:23:D9:B0 ('Header', '48') ('RSSI', -65) ('Channel', 5) ('MAC', 'B8:63:4D:A2:0E:13')
Data:  24:0A:C4:23:D9:B0 ('Header', '48') ('RSSI', -65) ('Channel', 5) ('MAC', 'B8:63:4D:A2:0E:13')
Data:  24:0A:C4:23:C1:EC ('Header', '48') ('RSSI', -46) ('Channel', 5) ('MAC', 'B8:63:4D:A2:0E:13')
Data:  24:0A:C4:23:C1:EC ('Header', '48') ('RSSI', -46) ('Channel', 5) ('MAC', 'B8:63:4D:A2:0E:13')
Data:  24:0A:C4:23:D9:B0 ('Header', '48') ('RSSI', -65) ('Channel', 5) ('MAC', 'B8:63:4D:A2:0E:13')
Data:  24:0A:C4:23:C1:EC ('Header', '48') ('RSSI', -46) ('Channel', 5) ('MAC', 'B8:63:4D:A2:0E:13')
Data:  24:0A:C4:23:D9:B0 ('Header', '48') ('RSSI', -65) ('Channel', 5) ('MAC', 'B8:63:4D:A2:0E:13')
Data:  24:0A:C4:23:C1:EC ('Header', '48') ('RSSI', -46) ('Channel', 5) ('MAC', 'B8:63:4D:A2:0E:13')
Data:  24:0A:C4:23:C1:EC ('Header', '48') ('RSSI', -46) ('Channel', 5) ('MAC', 'B8:63:4D:A2:0E:13')
Data:  24:0A:C4:23:D9:B0 ('Header', '48') ('RSSI', -65) ('Channel', 5) ('MAC', 'B8:63:4D:A2:0E:13')
Data:  24:0A:C4:23:D9:B0 ('Header', '48') ('RSSI', -64) ('Channel', 5) ('MAC', 'B8:63:4D:A2:0E:13')
Data:  24:0A:C4:23:C1:EC ('Header', '48') ('RSSI', -46) ('Channel', 5) ('MAC', 'B8:63:4D:A2:0E:13')
Data:  24:0A:C4:23:C1:EC ('Header', '48') ('RSSI', -47) ('Channel', 5) ('MAC', 'B8:63:4D:A2:0E:13')
Data:  24:0A:C4:23:D9:B0 ('Header', '48') ('RSSI', -64) ('Channel', 5) ('MAC', 'B8:63:4D:A2:0E:13')
Data:  24:0A:C4:23:D9:B0 ('Header', '48') ('RSSI', -64) ('Channel', 5) ('MAC', 'B8:63:4D:A2:0E:13')
Data:  24:0A:C4:23:C1:EC ('Header', '48') ('RSSI', -47) ('Channel', 5) ('MAC', 'B8:63:4D:A2:0E:13')
Data:  24:0A:C4:23:D9:B0 ('Header', '48') ('RSSI', -65) ('Channel', 5) ('MAC', 'B8:63:4D:A2:0E:13')
Data:  24:0A:C4:23:C1:EC ('Header', '48') ('RSSI', -48) ('Channel', 5) ('MAC', 'B8:63:4D:A2:0E:13')
Data:  24:0A:C4:23:C1:EC ('Header', '48') ('RSSI', -47) ('Channel', 5) ('MAC', 'B8:63:4D:A2:0E:13')
Data:  24:0A:C4:23:D9:B0 ('Header', '48') ('RSSI', -64) ('Channel', 5) ('MAC', 'B8:63:4D:A2:0E:13')
Data:  24:0A:C4:23:C1:EC ('Header', '48') ('RSSI', -47) ('Channel', 5) ('MAC', 'B8:63:4D:A2:0E:13')
Data:  24:0A:C4:23:D9:B0 ('Header', '48') ('RSSI', -64) ('Channel', 5) ('MAC', 'B8:63:4D:A2:0E:13')
Data:  24:0A:C4:23:C1:EC ('Header', '48') ('RSSI', -47) ('Channel', 5) ('MAC', 'B8:63:4D:A2:0E:13')
Data:  24:0A:C4:23:D9:B0 ('Header', '48') ('RSSI', -63) ('Channel', 5) ('MAC', 'B8:63:4D:A2:0E:13')
Data:  24:0A:C4:23:C1:EC ('Header', '48') ('RSSI', -47) ('Channel', 5) ('MAC', 'B8:63:4D:A2:0E:13')
Summary:  24:0A:C4:23:C1:EC 140 {'B8:63:4D:A2:0E:13': -46.5}
Summary:  3C:71:BF:99:F9:E0 840 {}
Summary:  24:0A:C4:23:D9:B0 662 {'B8:63:4D:A2:0E:13': -64.3}
Data:  24:0A:C4:23:D9:B0 ('Header', '48') ('RSSI', -64) ('Channel', 5) ('MAC', 'B8:63:4D:A2:0E:13')
Data:  24:0A:C4:23:D9:B0 ('Header', '48') ('RSSI', -64) ('Channel', 5) ('MAC', 'B8:63:4D:A2:0E:13')
Data:  24:0A:C4:23:C1:EC ('Header', '48') ('RSSI', -47) ('Channel', 5) ('MAC', 'B8:63:4D:A2:0E:13')
Data:  24:0A:C4:23:C1:EC ('Header', '48') ('RSSI', -47) ('Channel', 5) ('MAC', 'B8:63:4D:A2:0E:13')
Data:  24:0A:C4:23:C1:EC ('Header', '48') ('RSSI', -47) ('Channel', 5) ('MAC', 'B8:63:4D:A2:0E:13')
Data:  24:0A:C4:23:D9:B0 ('Header', '48') ('RSSI', -63) ('Channel', 5) ('MAC', 'B8:63:4D:A2:0E:13')
Data:  24:0A:C4:23:D9:B0 ('Header', '48') ('RSSI', -65) ('Channel', 5) ('MAC', 'B8:63:4D:A2:0E:13')
Data:  24:0A:C4:23:C1:EC ('Header', '48') ('RSSI', -46) ('Channel', 5) ('MAC', 'B8:63:4D:A2:0E:13')
Data:  24:0A:C4:23:D9:B0 ('Header', '48') ('RSSI', -65) ('Channel', 5) ('MAC', 'B8:63:4D:A2:0E:13')
Data:  24:0A:C4:23:C1:EC ('Header', '48') ('RSSI', -46) ('Channel', 5) ('MAC', 'B8:63:4D:A2:0E:13')
Data:  24:0A:C4:23:D9:B0 ('Header', '48') ('RSSI', -65) ('Channel', 5) ('MAC', 'B8:63:4D:A2:0E:13')
Data:  24:0A:C4:23:D9:B0 ('Header', '48') ('RSSI', -65) ('Channel', 5) ('MAC', 'B8:63:4D:A2:0E:13')
Data:  24:0A:C4:23:C1:EC ('Header', '48') ('RSSI', -47) ('Channel', 5) ('MAC', 'B8:63:4D:A2:0E:13')
Data:  24:0A:C4:23:C1:EC ('Header', '48') ('RSSI', -47) ('Channel', 5) ('MAC', 'B8:63:4D:A2:0E:13')
Data:  24:0A:C4:23:D9:B0 ('Header', '48') ('RSSI', -64) ('Channel', 5) ('MAC', 'B8:63:4D:A2:0E:13')
Data:  24:0A:C4:23:C1:EC ('Header', '48') ('RSSI', -47) ('Channel', 5) ('MAC', 'B8:63:4D:A2:0E:13')
Data:  24:0A:C4:23:D9:B0 ('Header', '48') ('RSSI', -65) ('Channel', 5) ('MAC', 'B8:63:4D:A2:0E:13')
Data:  24:0A:C4:23:C1:EC ('Header', '48') ('RSSI', -47) ('Channel', 5) ('MAC', 'B8:63:4D:A2:0E:13')
Data:  24:0A:C4:23:D9:B0 ('Header', '48') ('RSSI', -65) ('Channel', 5) ('MAC', 'B8:63:4D:A2:0E:13')
Data:  24:0A:C4:23:C1:EC ('Header', '48') ('RSSI', -47) ('Channel', 5) ('MAC', 'B8:63:4D:A2:0E:13')
Data:  24:0A:C4:23:D9:B0 ('Header', '48') ('RSSI', -64) ('Channel', 5) ('MAC', 'B8:63:4D:A2:0E:13')
Data:  24:0A:C4:23:C1:EC ('Header', '48') ('RSSI', -47) ('Channel', 5) ('MAC', 'B8:63:4D:A2:0E:13')
Data:  24:0A:C4:23:D9:B0 ('Header', '48') ('RSSI', -65) ('Channel', 5) ('MAC', 'B8:63:4D:A2:0E:13')
Data:  24:0A:C4:23:C1:EC ('Header', '48') ('RSSI', -47) ('Channel', 5) ('MAC', 'B8:63:4D:A2:0E:13')
Data:  24:0A:C4:23:D9:B0 ('Header', '48') ('RSSI', -63) ('Channel', 5) ('MAC', 'B8:63:4D:A2:0E:13')
Data:  24:0A:C4:23:C1:EC ('Header', '48') ('RSSI', -46) ('Channel', 5) ('MAC', 'B8:63:4D:A2:0E:13')
Data:  24:0A:C4:23:D9:B0 ('Header', '48') ('RSSI', -63) ('Channel', 5) ('MAC', 'B8:63:4D:A2:0E:13')
Data:  24:0A:C4:23:C1:EC ('Header', '48') ('RSSI', -47) ('Channel', 5) ('MAC', 'B8:63:4D:A2:0E:13')
Data:  24:0A:C4:23:D9:B0 ('Header', '48') ('RSSI', -63) ('Channel', 5) ('MAC', 'B8:63:4D:A2:0E:13')
Data:  24:0A:C4:23:C1:EC ('Header', '48') ('RSSI', -46) ('Channel', 5) ('MAC', 'B8:63:4D:A2:0E:13')
Data:  24:0A:C4:23:D9:B0 ('Header', '48') ('RSSI', -62) ('Channel', 5) ('MAC', 'B8:63:4D:A2:0E:13')
Data:  24:0A:C4:23:C1:EC ('Header', '48') ('RSSI', -47) ('Channel', 5) ('MAC', 'B8:63:4D:A2:0E:13')
Data:  24:0A:C4:23:D9:B0 ('Header', '48') ('RSSI', -63) ('Channel', 5) ('MAC', 'B8:63:4D:A2:0E:13')
Data:  24:0A:C4:23:C1:EC ('Header', '48') ('RSSI', -46) ('Channel', 5) ('MAC', 'B8:63:4D:A2:0E:13')
Data:  24:0A:C4:23:D9:B0 ('Header', '48') ('RSSI', -63) ('Channel', 5) ('MAC', 'B8:63:4D:A2:0E:13')
Data:  24:0A:C4:23:C1:EC ('Header', '48') ('RSSI', -48) ('Channel', 5) ('MAC', 'B8:63:4D:A2:0E:13')
Data:  24:0A:C4:23:D9:B0 ('Header', '48') ('RSSI', -63) ('Channel', 5) ('MAC', 'B8:63:4D:A2:0E:13')
Data:  24:0A:C4:23:D9:B0 ('Header', '48') ('RSSI', -63) ('Channel', 5) ('MAC', 'B8:63:4D:A2:0E:13')
Data:  24:0A:C4:23:C1:EC ('Header', '48') ('RSSI', -45) ('Channel', 5) ('MAC', 'B8:63:4D:A2:0E:13')
Data:  24:0A:C4:23:C1:EC ('Header', '48') ('RSSI', -45) ('Channel', 5) ('MAC', 'B8:63:4D:A2:0E:13')
Data:  24:0A:C4:23:D9:B0 ('Header', '48') ('RSSI', -62) ('Channel', 5) ('MAC', 'B8:63:4D:A2:0E:13')
Data:  24:0A:C4:23:C1:EC ('Header', '48') ('RSSI', -47) ('Channel', 5) ('MAC', 'B8:63:4D:A2:0E:13')
Data:  24:0A:C4:23:D9:B0 ('Header', '48') ('RSSI', -63) ('Channel', 5) ('MAC', 'B8:63:4D:A2:0E:13')
Data:  24:0A:C4:23:D9:B0 ('Header', '48') ('RSSI', -63) ('Channel', 5) ('MAC', 'B8:63:4D:A2:0E:13')
Data:  24:0A:C4:23:C1:EC ('Header', '48') ('RSSI', -47) ('Channel', 5) ('MAC', 'B8:63:4D:A2:0E:13')
Data:  24:0A:C4:23:D9:B0 ('Header', '48') ('RSSI', -62) ('Channel', 5) ('MAC', 'B8:63:4D:A2:0E:13')
Data:  24:0A:C4:23:C1:EC ('Header', '48') ('RSSI', -47) ('Channel', 5) ('MAC', 'B8:63:4D:A2:0E:13')
Data:  24:0A:C4:23:C1:EC ('Header', '48') ('RSSI', -47) ('Channel', 5) ('MAC', 'B8:63:4D:A2:0E:13')
Data:  24:0A:C4:23:C1:EC ('Header', '48') ('RSSI', -46) ('Channel', 5) ('MAC', 'B8:63:4D:A2:0E:13')
Data:  24:0A:C4:23:C1:EC ('Header', '48') ('RSSI', -47) ('Channel', 5) ('MAC', 'B8:63:4D:A2:0E:13')
Data:  24:0A:C4:23:C1:EC ('Header', '48') ('RSSI', -46) ('Channel', 5) ('MAC', 'B8:63:4D:A2:0E:13')
Data:  24:0A:C4:23:D9:B0 ('Header', '48') ('RSSI', -64) ('Channel', 5) ('MAC', 'B8:63:4D:A2:0E:13')
Data:  24:0A:C4:23:D9:B0 ('Header', '48') ('RSSI', -63) ('Channel', 5) ('MAC', 'B8:63:4D:A2:0E:13')
Data:  24:0A:C4:23:D9:B0 ('Header', '48') ('RSSI', -63) ('Channel', 5) ('MAC', 'B8:63:4D:A2:0E:13')
Data:  24:0A:C4:23:D9:B0 ('Header', '48') ('RSSI', -62) ('Channel', 5) ('MAC', 'B8:63:4D:A2:0E:13')
Data:  24:0A:C4:23:C1:EC ('Header', '48') ('RSSI', -47) ('Channel', 5) ('MAC', 'B8:63:4D:A2:0E:13')
Data:  24:0A:C4:23:D9:B0 ('Header', '48') ('RSSI', -62) ('Channel', 5) ('MAC', 'B8:63:4D:A2:0E:13')
Data:  24:0A:C4:23:C1:EC ('Header', '48') ('RSSI', -47) ('Channel', 5) ('MAC', 'B8:63:4D:A2:0E:13')
Data:  24:0A:C4:23:D9:B0 ('Header', '48') ('RSSI', -63) ('Channel', 5) ('MAC', 'B8:63:4D:A2:0E:13')
Data:  24:0A:C4:23:C1:EC ('Header', '48') ('RSSI', -47) ('Channel', 5) ('MAC', 'B8:63:4D:A2:0E:13')
Data:  24:0A:C4:23:D9:B0 ('Header', '48') ('RSSI', -62) ('Channel', 5) ('MAC', 'B8:63:4D:A2:0E:13')
Data:  24:0A:C4:23:C1:EC ('Header', '48') ('RSSI', -47) ('Channel', 5) ('MAC', 'B8:63:4D:A2:0E:13')
Data:  24:0A:C4:23:D9:B0 ('Header', '48') ('RSSI', -63) ('Channel', 5) ('MAC', 'B8:63:4D:A2:0E:13')
Data:  24:0A:C4:23:C1:EC ('Header', '48') ('RSSI', -47) ('Channel', 5) ('MAC', 'B8:63:4D:A2:0E:13')
Data:  24:0A:C4:23:D9:B0 ('Header', '48') ('RSSI', -62) ('Channel', 5) ('MAC', 'B8:63:4D:A2:0E:13')
Data:  24:0A:C4:23:C1:EC ('Header', '48') ('RSSI', -45) ('Channel', 5) ('MAC', 'B8:63:4D:A2:0E:13')
Summary:  24:0A:C4:23:C1:EC 140 {'B8:63:4D:A2:0E:13': -46.6}
Summary:  3C:71:BF:99:F9:E0 840 {}
Summary:  24:0A:C4:23:D9:B0 662 {'B8:63:4D:A2:0E:13': -63.4}
Data:  24:0A:C4:23:D9:B0 ('Header', '48') ('RSSI', -64) ('Channel', 5) ('MAC', 'B8:63:4D:A2:0E:13')
Data:  24:0A:C4:23:C1:EC ('Header', '48') ('RSSI', -46) ('Channel', 5) ('MAC', 'B8:63:4D:A2:0E:13')
Data:  24:0A:C4:23:C1:EC ('Header', '48') ('RSSI', -46) ('Channel', 5) ('MAC', 'B8:63:4D:A2:0E:13')
Data:  24:0A:C4:23:D9:B0 ('Header', '48') ('RSSI', -64) ('Channel', 5) ('MAC', 'B8:63:4D:A2:0E:13')
Data:  24:0A:C4:23:C1:EC ('Header', '48') ('RSSI', -46) ('Channel', 5) ('MAC', 'B8:63:4D:A2:0E:13')
Data:  24:0A:C4:23:D9:B0 ('Header', '48') ('RSSI', -64) ('Channel', 5) ('MAC', 'B8:63:4D:A2:0E:13')
Data:  24:0A:C4:23:C1:EC ('Header', '48') ('RSSI', -46) ('Channel', 5) ('MAC', 'B8:63:4D:A2:0E:13')
Data:  24:0A:C4:23:D9:B0 ('Header', '48') ('RSSI', -65) ('Channel', 5) ('MAC', 'B8:63:4D:A2:0E:13')
Data:  24:0A:C4:23:C1:EC ('Header', '48') ('RSSI', -47) ('Channel', 5) ('MAC', 'B8:63:4D:A2:0E:13')
Data:  24:0A:C4:23:D9:B0 ('Header', '48') ('RSSI', -63) ('Channel', 5) ('MAC', 'B8:63:4D:A2:0E:13')
Data:  24:0A:C4:23:C1:EC ('Header', '48') ('RSSI', -47) ('Channel', 5) ('MAC', 'B8:63:4D:A2:0E:13')
Data:  24:0A:C4:23:D9:B0 ('Header', '48') ('RSSI', -62) ('Channel', 5) ('MAC', 'B8:63:4D:A2:0E:13')
Data:  24:0A:C4:23:D9:B0 ('Header', '48') ('RSSI', -63) ('Channel', 5) ('MAC', 'B8:63:4D:A2:0E:13')
Data:  24:0A:C4:23:C1:EC ('Header', '48') ('RSSI', -47) ('Channel', 5) ('MAC', 'B8:63:4D:A2:0E:13')
Data:  24:0A:C4:23:D9:B0 ('Header', '48') ('RSSI', -63) ('Channel', 5) ('MAC', 'B8:63:4D:A2:0E:13')
Data:  24:0A:C4:23:C1:EC ('Header', '48') ('RSSI', -47) ('Channel', 5) ('MAC', 'B8:63:4D:A2:0E:13')
Data:  24:0A:C4:23:D9:B0 ('Header', '48') ('RSSI', -62) ('Channel', 5) ('MAC', 'B8:63:4D:A2:0E:13')
Data:  24:0A:C4:23:C1:EC ('Header', '48') ('RSSI', -46) ('Channel', 5) ('MAC', 'B8:63:4D:A2:0E:13')
Data:  24:0A:C4:23:D9:B0 ('Header', '48') ('RSSI', -63) ('Channel', 5) ('MAC', 'B8:63:4D:A2:0E:13')
Data:  24:0A:C4:23:C1:EC ('Header', '48') ('RSSI', -46) ('Channel', 5) ('MAC', 'B8:63:4D:A2:0E:13')
Data:  24:0A:C4:23:D9:B0 ('Header', '48') ('RSSI', -65) ('Channel', 5) ('MAC', 'B8:63:4D:A2:0E:13')
Data:  24:0A:C4:23:C1:EC ('Header', '48') ('RSSI', -47) ('Channel', 5) ('MAC', 'B8:63:4D:A2:0E:13')
Data:  24:0A:C4:23:D9:B0 ('Header', '48') ('RSSI', -64) ('Channel', 5) ('MAC', 'B8:63:4D:A2:0E:13')
Data:  24:0A:C4:23:D9:B0 ('Header', '48') ('RSSI', -63) ('Channel', 5) ('MAC', 'B8:63:4D:A2:0E:13')
Data:  24:0A:C4:23:C1:EC ('Header', '48') ('RSSI', -46) ('Channel', 5) ('MAC', 'B8:63:4D:A2:0E:13')
Data:  24:0A:C4:23:C1:EC ('Header', '48') ('RSSI', -46) ('Channel', 5) ('MAC', 'B8:63:4D:A2:0E:13')
Data:  24:0A:C4:23:D9:B0 ('Header', '48') ('RSSI', -64) ('Channel', 5) ('MAC', 'B8:63:4D:A2:0E:13')
Data:  24:0A:C4:23:C1:EC ('Header', '48') ('RSSI', -46) ('Channel', 5) ('MAC', 'B8:63:4D:A2:0E:13')
Data:  24:0A:C4:23:D9:B0 ('Header', '48') ('RSSI', -65) ('Channel', 5) ('MAC', 'B8:63:4D:A2:0E:13')
Data:  24:0A:C4:23:C1:EC ('Header', '48') ('RSSI', -46) ('Channel', 5) ('MAC', 'B8:63:4D:A2:0E:13')
Data:  24:0A:C4:23:D9:B0 ('Header', '48') ('RSSI', -65) ('Channel', 5) ('MAC', 'B8:63:4D:A2:0E:13')
Data:  24:0A:C4:23:C1:EC ('Header', '48') ('RSSI', -46) ('Channel', 5) ('MAC', 'B8:63:4D:A2:0E:13')
Data:  24:0A:C4:23:D9:B0 ('Header', '48') ('RSSI', -63) ('Channel', 5) ('MAC', 'B8:63:4D:A2:0E:13')
Data:  24:0A:C4:23:C1:EC ('Header', '48') ('RSSI', -46) ('Channel', 5) ('MAC', 'B8:63:4D:A2:0E:13')
Data:  24:0A:C4:23:D9:B0 ('Header', '48') ('RSSI', -62) ('Channel', 5) ('MAC', 'B8:63:4D:A2:0E:13')
Data:  24:0A:C4:23:C1:EC ('Header', '48') ('RSSI', -46) ('Channel', 5) ('MAC', 'B8:63:4D:A2:0E:13')
Data:  24:0A:C4:23:D9:B0 ('Header', '48') ('RSSI', -64) ('Channel', 5) ('MAC', 'B8:63:4D:A2:0E:13')
Data:  24:0A:C4:23:D9:B0 ('Header', '48') ('RSSI', -64) ('Channel', 5) ('MAC', 'B8:63:4D:A2:0E:13')
Data:  24:0A:C4:23:C1:EC ('Header', '48') ('RSSI', -46) ('Channel', 5) ('MAC', 'B8:63:4D:A2:0E:13')
Data:  24:0A:C4:23:D9:B0 ('Header', '48') ('RSSI', -64) ('Channel', 5) ('MAC', 'B8:63:4D:A2:0E:13')
Data:  24:0A:C4:23:C1:EC ('Header', '48') ('RSSI', -46) ('Channel', 5) ('MAC', 'B8:63:4D:A2:0E:13')
Data:  24:0A:C4:23:D9:B0 ('Header', '48') ('RSSI', -64) ('Channel', 5) ('MAC', 'B8:63:4D:A2:0E:13')
Data:  24:0A:C4:23:C1:EC ('Header', '48') ('RSSI', -46) ('Channel', 5) ('MAC', 'B8:63:4D:A2:0E:13')
Data:  24:0A:C4:23:D9:B0 ('Header', '48') ('RSSI', -62) ('Channel', 5) ('MAC', 'B8:63:4D:A2:0E:13')
Data:  24:0A:C4:23:C1:EC ('Header', '48') ('RSSI', -46) ('Channel', 5) ('MAC', 'B8:63:4D:A2:0E:13')
Data:  24:0A:C4:23:C1:EC ('Header', '48') ('RSSI', -47) ('Channel', 5) ('MAC', 'B8:63:4D:A2:0E:13')
Data:  24:0A:C4:23:C1:EC ('Header', '48') ('RSSI', -47) ('Channel', 5) ('MAC', 'B8:63:4D:A2:0E:13')
Data:  24:0A:C4:23:C1:EC ('Header', '48') ('RSSI', -48) ('Channel', 5) ('MAC', 'B8:63:4D:A2:0E:13')
Data:  24:0A:C4:23:D9:B0 ('Header', '48') ('RSSI', -64) ('Channel', 5) ('MAC', 'B8:63:4D:A2:0E:13')
Data:  24:0A:C4:23:D9:B0 ('Header', '48') ('RSSI', -63) ('Channel', 5) ('MAC', 'B8:63:4D:A2:0E:13')
Data:  24:0A:C4:23:D9:B0 ('Header', '48') ('RSSI', -65) ('Channel', 5) ('MAC', 'B8:63:4D:A2:0E:13')
Data:  24:0A:C4:23:C1:EC ('Header', '48') ('RSSI', -46) ('Channel', 5) ('MAC', 'B8:63:4D:A2:0E:13')
Data:  24:0A:C4:23:D9:B0 ('Header', '48') ('RSSI', -63) ('Channel', 5) ('MAC', 'B8:63:4D:A2:0E:13')
Data:  24:0A:C4:23:D9:B0 ('Header', '48') ('RSSI', -63) ('Channel', 5) ('MAC', 'B8:63:4D:A2:0E:13')
Data:  24:0A:C4:23:C1:EC ('Header', '48') ('RSSI', -47) ('Channel', 5) ('MAC', 'B8:63:4D:A2:0E:13')
Data:  24:0A:C4:23:C1:EC ('Header', '48') ('RSSI', -47) ('Channel', 5) ('MAC', 'B8:63:4D:A2:0E:13')
Data:  24:0A:C4:23:D9:B0 ('Header', '48') ('RSSI', -63) ('Channel', 5) ('MAC', 'B8:63:4D:A2:0E:13')
Data:  24:0A:C4:23:C1:EC ('Header', '48') ('RSSI', -47) ('Channel', 5) ('MAC', 'B8:63:4D:A2:0E:13')
Data:  24:0A:C4:23:D9:B0 ('Header', '48') ('RSSI', -63) ('Channel', 5) ('MAC', 'B8:63:4D:A2:0E:13')
Data:  24:0A:C4:23:D9:B0 ('Header', '48') ('RSSI', -63) ('Channel', 5) ('MAC', 'B8:63:4D:A2:0E:13')
Data:  24:0A:C4:23:C1:EC ('Header', '48') ('RSSI', -47) ('Channel', 5) ('MAC', 'B8:63:4D:A2:0E:13')
Data:  24:0A:C4:23:C1:EC ('Header', '48') ('RSSI', -47) ('Channel', 5) ('MAC', 'B8:63:4D:A2:0E:13')
Data:  24:0A:C4:23:D9:B0 ('Header', '48') ('RSSI', -63) ('Channel', 5) ('MAC', 'B8:63:4D:A2:0E:13')
Data:  24:0A:C4:23:C1:EC ('Header', '48') ('RSSI', -48) ('Channel', 5) ('MAC', 'B8:63:4D:A2:0E:13')
Data:  24:0A:C4:23:D9:B0 ('Header', '48') ('RSSI', -64) ('Channel', 5) ('MAC', 'B8:63:4D:A2:0E:13')
Data:  24:0A:C4:23:C1:EC ('Header', '48') ('RSSI', -48) ('Channel', 5) ('MAC', 'B8:63:4D:A2:0E:13')
Data:  24:0A:C4:23:C1:EC ('Header', '48') ('RSSI', -46) ('Channel', 5) ('MAC', 'B8:63:4D:A2:0E:13')
Data:  24:0A:C4:23:D9:B0 ('Header', '48') ('RSSI', -64) ('Channel', 5) ('MAC', 'B8:63:4D:A2:0E:13')
Data:  24:0A:C4:23:D9:B0 ('Header', '48') ('RSSI', -62) ('Channel', 5) ('MAC', 'B8:63:4D:A2:0E:13')
Data:  24:0A:C4:23:C1:EC ('Header', '48') ('RSSI', -46) ('Channel', 5) ('MAC', 'B8:63:4D:A2:0E:13')
Data:  24:0A:C4:23:D9:B0 ('Header', '48') ('RSSI', -63) ('Channel', 5) ('MAC', 'B8:63:4D:A2:0E:13')
Data:  24:0A:C4:23:D9:B0 ('Header', '48') ('RSSI', -65) ('Channel', 5) ('MAC', 'B8:63:4D:A2:0E:13')
Data:  24:0A:C4:23:C1:EC ('Header', '48') ('RSSI', -46) ('Channel', 5) ('MAC', 'B8:63:4D:A2:0E:13')
Data:  24:0A:C4:23:D9:B0 ('Header', '48') ('RSSI', -65) ('Channel', 5) ('MAC', 'B8:63:4D:A2:0E:13')
Data:  24:0A:C4:23:C1:EC ('Header', '48') ('RSSI', -46) ('Channel', 5) ('MAC', 'B8:63:4D:A2:0E:13')
Data:  24:0A:C4:23:C1:EC ('Header', '48') ('RSSI', -46) ('Channel', 5) ('MAC', 'B8:63:4D:A2:0E:13')
Data:  24:0A:C4:23:D9:B0 ('Header', '48') ('RSSI', -65) ('Channel', 5) ('MAC', 'B8:63:4D:A2:0E:13')
Data:  24:0A:C4:23:C1:EC ('Header', '48') ('RSSI', -47) ('Channel', 5) ('MAC', 'B8:63:4D:A2:0E:13')
Data:  24:0A:C4:23:D9:B0 ('Header', '48') ('RSSI', -65) ('Channel', 5) ('MAC', 'B8:63:4D:A2:0E:13')
Data:  24:0A:C4:23:C1:EC ('Header', '48') ('RSSI', -47) ('Channel', 5) ('MAC', 'B8:63:4D:A2:0E:13')
Data:  24:0A:C4:23:D9:B0 ('Header', '48') ('RSSI', -64) ('Channel', 5) ('MAC', 'B8:63:4D:A2:0E:13')
Data:  24:0A:C4:23:D9:B0 ('Header', '48') ('RSSI', -62) ('Channel', 5) ('MAC', 'B8:63:4D:A2:0E:13')
Data:  24:0A:C4:23:C1:EC ('Header', '48') ('RSSI', -46) ('Channel', 5) ('MAC', 'B8:63:4D:A2:0E:13')
Data:  24:0A:C4:23:C1:EC ('Header', '48') ('RSSI', -46) ('Channel', 5) ('MAC', 'B8:63:4D:A2:0E:13')
Data:  24:0A:C4:23:D9:B0 ('Header', '48') ('RSSI', -63) ('Channel', 5) ('MAC', 'B8:63:4D:A2:0E:13')
Data:  24:0A:C4:23:C1:EC ('Header', '48') ('RSSI', -47) ('Channel', 5) ('MAC', 'B8:63:4D:A2:0E:13')
Data:  24:0A:C4:23:D9:B0 ('Header', '48') ('RSSI', -63) ('Channel', 5) ('MAC', 'B8:63:4D:A2:0E:13')
Data:  24:0A:C4:23:C1:EC ('Header', '48') ('RSSI', -48) ('Channel', 5) ('MAC', 'B8:63:4D:A2:0E:13')
Data:  24:0A:C4:23:D9:B0 ('Header', '48') ('RSSI', -63) ('Channel', 5) ('MAC', 'B8:63:4D:A2:0E:13')
Data:  24:0A:C4:23:C1:EC ('Header', '48') ('RSSI', -45) ('Channel', 5) ('MAC', 'B8:63:4D:A2:0E:13')
Data:  24:0A:C4:23:D9:B0 ('Header', '48') ('RSSI', -63) ('Channel', 5) ('MAC', 'B8:63:4D:A2:0E:13')
Data:  24:0A:C4:23:C1:EC ('Header', '48') ('RSSI', -45) ('Channel', 5) ('MAC', 'B8:63:4D:A2:0E:13')
Data:  24:0A:C4:23:D9:B0 ('Header', '48') ('RSSI', -63) ('Channel', 5) ('MAC', 'B8:63:4D:A2:0E:13')
Data:  24:0A:C4:23:D9:B0 ('Header', '48') ('RSSI', -63) ('Channel', 5) ('MAC', 'B8:63:4D:A2:0E:13')
Data:  24:0A:C4:23:C1:EC ('Header', '48') ('RSSI', -46) ('Channel', 5) ('MAC', 'B8:63:4D:A2:0E:13')
Data:  24:0A:C4:23:C1:EC ('Header', '48') ('RSSI', -46) ('Channel', 5) ('MAC', 'B8:63:4D:A2:0E:13')
Summary:  24:0A:C4:23:C1:EC 140 {'B8:63:4D:A2:0E:13': -46.4}
Summary:  3C:71:BF:99:F9:E0 840 {}
Summary:  24:0A:C4:23:D9:B0 662 {'B8:63:4D:A2:0E:13': -63.5}
Data:  24:0A:C4:23:D9:B0 ('Header', '48') ('RSSI', -64) ('Channel', 5) ('MAC', 'B8:63:4D:A2:0E:13')
Data:  24:0A:C4:23:C1:EC ('Header', '48') ('RSSI', -46) ('Channel', 5) ('MAC', 'B8:63:4D:A2:0E:13')
Data:  24:0A:C4:23:D9:B0 ('Header', '48') ('RSSI', -64) ('Channel', 5) ('MAC', 'B8:63:4D:A2:0E:13')
Data:  24:0A:C4:23:C1:EC ('Header', '48') ('RSSI', -47) ('Channel', 5) ('MAC', 'B8:63:4D:A2:0E:13')
Data:  24:0A:C4:23:D9:B0 ('Header', '48') ('RSSI', -63) ('Channel', 5) ('MAC', 'B8:63:4D:A2:0E:13')
Data:  24:0A:C4:23:C1:EC ('Header', '48') ('RSSI', -48) ('Channel', 5) ('MAC', 'B8:63:4D:A2:0E:13')
Data:  24:0A:C4:23:C1:EC ('Header', '48') ('RSSI', -46) ('Channel', 5) ('MAC', 'B8:63:4D:A2:0E:13')
Data:  24:0A:C4:23:C1:EC ('Header', '48') ('RSSI', -46) ('Channel', 5) ('MAC', 'B8:63:4D:A2:0E:13')
Data:  24:0A:C4:23:C1:EC ('Header', '48') ('RSSI', -47) ('Channel', 5) ('MAC', 'B8:63:4D:A2:0E:13')
Data:  24:0A:C4:23:D9:B0 ('Header', '48') ('RSSI', -65) ('Channel', 5) ('MAC', 'B8:63:4D:A2:0E:13')
Data:  24:0A:C4:23:D9:B0 ('Header', '48') ('RSSI', -64) ('Channel', 5) ('MAC', 'B8:63:4D:A2:0E:13')
Data:  24:0A:C4:23:D9:B0 ('Header', '48') ('RSSI', -64) ('Channel', 5) ('MAC', 'B8:63:4D:A2:0E:13')
Data:  24:0A:C4:23:D9:B0 ('Header', '48') ('RSSI', -62) ('Channel', 5) ('MAC', 'B8:63:4D:A2:0E:13')
Data:  24:0A:C4:23:D9:B0 ('Header', '48') ('RSSI', -63) ('Channel', 5) ('MAC', 'B8:63:4D:A2:0E:13')
Data:  24:0A:C4:23:D9:B0 ('Header', '48') ('RSSI', -64) ('Channel', 5) ('MAC', 'B8:63:4D:A2:0E:13')
Data:  24:0A:C4:23:C1:EC ('Header', '48') ('RSSI', -47) ('Channel', 5) ('MAC', 'B8:63:4D:A2:0E:13')
Data:  24:0A:C4:23:C1:EC ('Header', '48') ('RSSI', -46) ('Channel', 5) ('MAC', 'B8:63:4D:A2:0E:13')
Data:  24:0A:C4:23:C1:EC ('Header', '48') ('RSSI', -46) ('Channel', 5) ('MAC', 'B8:63:4D:A2:0E:13')
Data:  24:0A:C4:23:D9:B0 ('Header', '48') ('RSSI', -63) ('Channel', 5) ('MAC', 'B8:63:4D:A2:0E:13')
Data:  24:0A:C4:23:C1:EC ('Header', '48') ('RSSI', -46) ('Channel', 5) ('MAC', 'B8:63:4D:A2:0E:13')
Data:  24:0A:C4:23:D9:B0 ('Header', '48') ('RSSI', -63) ('Channel', 5) ('MAC', 'B8:63:4D:A2:0E:13')
Data:  24:0A:C4:23:C1:EC ('Header', '48') ('RSSI', -47) ('Channel', 5) ('MAC', 'B8:63:4D:A2:0E:13')
Data:  24:0A:C4:23:D9:B0 ('Header', '48') ('RSSI', -63) ('Channel', 5) ('MAC', 'B8:63:4D:A2:0E:13')
Data:  24:0A:C4:23:D9:B0 ('Header', '48') ('RSSI', -64) ('Channel', 5) ('MAC', 'B8:63:4D:A2:0E:13')
Data:  24:0A:C4:23:C1:EC ('Header', '48') ('RSSI', -47) ('Channel', 5) ('MAC', 'B8:63:4D:A2:0E:13')
Data:  24:0A:C4:23:C1:EC ('Header', '48') ('RSSI', -46) ('Channel', 5) ('MAC', 'B8:63:4D:A2:0E:13')
Data:  24:0A:C4:23:D9:B0 ('Header', '48') ('RSSI', -63) ('Channel', 5) ('MAC', 'B8:63:4D:A2:0E:13')
Data:  24:0A:C4:23:D9:B0 ('Header', '48') ('RSSI', -64) ('Channel', 5) ('MAC', 'B8:63:4D:A2:0E:13')
Data:  24:0A:C4:23:C1:EC ('Header', '48') ('RSSI', -46) ('Channel', 5) ('MAC', 'B8:63:4D:A2:0E:13')
Data:  24:0A:C4:23:D9:B0 ('Header', '48') ('RSSI', -63) ('Channel', 5) ('MAC', 'B8:63:4D:A2:0E:13')
Data:  24:0A:C4:23:C1:EC ('Header', '48') ('RSSI', -46) ('Channel', 5) ('MAC', 'B8:63:4D:A2:0E:13')
Data:  24:0A:C4:23:D9:B0 ('Header', '48') ('RSSI', -64) ('Channel', 5) ('MAC', 'B8:63:4D:A2:0E:13')
Data:  24:0A:C4:23:C1:EC ('Header', '48') ('RSSI', -46) ('Channel', 5) ('MAC', 'B8:63:4D:A2:0E:13')
Data:  24:0A:C4:23:D9:B0 ('Header', '48') ('RSSI', -63) ('Channel', 5) ('MAC', 'B8:63:4D:A2:0E:13')
Data:  24:0A:C4:23:D9:B0 ('Header', '48') ('RSSI', -63) ('Channel', 5) ('MAC', 'B8:63:4D:A2:0E:13')
Data:  24:0A:C4:23:C1:EC ('Header', '48') ('RSSI', -47) ('Channel', 5) ('MAC', 'B8:63:4D:A2:0E:13')
Data:  24:0A:C4:23:D9:B0 ('Header', '48') ('RSSI', -64) ('Channel', 5) ('MAC', 'B8:63:4D:A2:0E:13')
Data:  24:0A:C4:23:C1:EC ('Header', '48') ('RSSI', -46) ('Channel', 5) ('MAC', 'B8:63:4D:A2:0E:13')
Data:  24:0A:C4:23:C1:EC ('Header', '48') ('RSSI', -46) ('Channel', 5) ('MAC', 'B8:63:4D:A2:0E:13')
Data:  24:0A:C4:23:D9:B0 ('Header', '48') ('RSSI', -64) ('Channel', 5) ('MAC', 'B8:63:4D:A2:0E:13')
Data:  24:0A:C4:23:D9:B0 ('Header', '48') ('RSSI', -64) ('Channel', 5) ('MAC', 'B8:63:4D:A2:0E:13')
Data:  24:0A:C4:23:D9:B0 ('Header', '48') ('RSSI', -64) ('Channel', 5) ('MAC', 'B8:63:4D:A2:0E:13')
Data:  24:0A:C4:23:C1:EC ('Header', '48') ('RSSI', -47) ('Channel', 5) ('MAC', 'B8:63:4D:A2:0E:13')
Data:  24:0A:C4:23:C1:EC ('Header', '48') ('RSSI', -46) ('Channel', 5) ('MAC', 'B8:63:4D:A2:0E:13')
Data:  24:0A:C4:23:C1:EC ('Header', '48') ('RSSI', -46) ('Channel', 5) ('MAC', 'B8:63:4D:A2:0E:13')
Data:  24:0A:C4:23:C1:EC ('Header', '48') ('RSSI', -46) ('Channel', 5) ('MAC', 'B8:63:4D:A2:0E:13')
Data:  24:0A:C4:23:D9:B0 ('Header', '48') ('RSSI', -64) ('Channel', 5) ('MAC', 'B8:63:4D:A2:0E:13')
Data:  24:0A:C4:23:C1:EC ('Header', '48') ('RSSI', -46) ('Channel', 5) ('MAC', 'B8:63:4D:A2:0E:13')
Data:  24:0A:C4:23:D9:B0 ('Header', '48') ('RSSI', -63) ('Channel', 5) ('MAC', 'B8:63:4D:A2:0E:13')
Data:  24:0A:C4:23:C1:EC ('Header', '48') ('RSSI', -46) ('Channel', 5) ('MAC', 'B8:63:4D:A2:0E:13')
Data:  24:0A:C4:23:D9:B0 ('Header', '48') ('RSSI', -64) ('Channel', 5) ('MAC', 'B8:63:4D:A2:0E:13')
Data:  24:0A:C4:23:C1:EC ('Header', '48') ('RSSI', -46) ('Channel', 5) ('MAC', 'B8:63:4D:A2:0E:13')
Data:  24:0A:C4:23:D9:B0 ('Header', '48') ('RSSI', -62) ('Channel', 5) ('MAC', 'B8:63:4D:A2:0E:13')
Data:  24:0A:C4:23:C1:EC ('Header', '48') ('RSSI', -47) ('Channel', 5) ('MAC', 'B8:63:4D:A2:0E:13')
Data:  24:0A:C4:23:C1:EC ('Header', '48') ('RSSI', -47) ('Channel', 5) ('MAC', 'B8:63:4D:A2:0E:13')
Data:  24:0A:C4:23:D9:B0 ('Header', '48') ('RSSI', -63) ('Channel', 5) ('MAC', 'B8:63:4D:A2:0E:13')
Data:  24:0A:C4:23:C1:EC ('Header', '48') ('RSSI', -46) ('Channel', 5) ('MAC', 'B8:63:4D:A2:0E:13')
Data:  24:0A:C4:23:D9:B0 ('Header', '48') ('RSSI', -63) ('Channel', 5) ('MAC', 'B8:63:4D:A2:0E:13')
Data:  24:0A:C4:23:D9:B0 ('Header', '48') ('RSSI', -64) ('Channel', 5) ('MAC', 'B8:63:4D:A2:0E:13')
Data:  24:0A:C4:23:D9:B0 ('Header', '48') ('RSSI', -63) ('Channel', 5) ('MAC', 'B8:63:4D:A2:0E:13')
Data:  24:0A:C4:23:C1:EC ('Header', '48') ('RSSI', -46) ('Channel', 5) ('MAC', 'B8:63:4D:A2:0E:13')
Data:  24:0A:C4:23:D9:B0 ('Header', '48') ('RSSI', -63) ('Channel', 5) ('MAC', 'B8:63:4D:A2:0E:13')
Data:  24:0A:C4:23:C1:EC ('Header', '48') ('RSSI', -46) ('Channel', 5) ('MAC', 'B8:63:4D:A2:0E:13')
Data:  24:0A:C4:23:D9:B0 ('Header', '48') ('RSSI', -63) ('Channel', 5) ('MAC', 'B8:63:4D:A2:0E:13')
Data:  24:0A:C4:23:D9:B0 ('Header', '48') ('RSSI', -63) ('Channel', 5) ('MAC', 'B8:63:4D:A2:0E:13')
Data:  24:0A:C4:23:C1:EC ('Header', '48') ('RSSI', -46) ('Channel', 5) ('MAC', 'B8:63:4D:A2:0E:13')
Data:  24:0A:C4:23:D9:B0 ('Header', '48') ('RSSI', -64) ('Channel', 5) ('MAC', 'B8:63:4D:A2:0E:13')
Data:  24:0A:C4:23:C1:EC ('Header', '48') ('RSSI', -46) ('Channel', 5) ('MAC', 'B8:63:4D:A2:0E:13')
Data:  24:0A:C4:23:D9:B0 ('Header', '48') ('RSSI', -63) ('Channel', 5) ('MAC', 'B8:63:4D:A2:0E:13')
Data:  24:0A:C4:23:C1:EC ('Header', '48') ('RSSI', -47) ('Channel', 5) ('MAC', 'B8:63:4D:A2:0E:13')
Data:  24:0A:C4:23:D9:B0 ('Header', '48') ('RSSI', -63) ('Channel', 5) ('MAC', 'B8:63:4D:A2:0E:13')
Data:  24:0A:C4:23:D9:B0 ('Header', '48') ('RSSI', -64) ('Channel', 5) ('MAC', 'B8:63:4D:A2:0E:13')
Data:  24:0A:C4:23:C1:EC ('Header', '48') ('RSSI', -47) ('Channel', 5) ('MAC', 'B8:63:4D:A2:0E:13')
Data:  24:0A:C4:23:D9:B0 ('Header', '48') ('RSSI', -64) ('Channel', 5) ('MAC', 'B8:63:4D:A2:0E:13')
Data:  24:0A:C4:23:C1:EC ('Header', '48') ('RSSI', -46) ('Channel', 5) ('MAC', 'B8:63:4D:A2:0E:13')
Data:  24:0A:C4:23:C1:EC ('Header', '48') ('RSSI', -46) ('Channel', 5) ('MAC', 'B8:63:4D:A2:0E:13')
Data:  24:0A:C4:23:C1:EC ('Header', '48') ('RSSI', -47) ('Channel', 5) ('MAC', 'B8:63:4D:A2:0E:13')
Data:  24:0A:C4:23:D9:B0 ('Header', '48') ('RSSI', -63) ('Channel', 5) ('MAC', 'B8:63:4D:A2:0E:13')
Data:  24:0A:C4:23:C1:EC ('Header', '48') ('RSSI', -47) ('Channel', 5) ('MAC', 'B8:63:4D:A2:0E:13')
Data:  24:0A:C4:23:D9:B0 ('Header', '48') ('RSSI', -65) ('Channel', 5) ('MAC', 'B8:63:4D:A2:0E:13')
Data:  24:0A:C4:23:D9:B0 ('Header', '48') ('RSSI', -64) ('Channel', 5) ('MAC', 'B8:63:4D:A2:0E:13')
Data:  24:0A:C4:23:C1:EC ('Header', '48') ('RSSI', -46) ('Channel', 5) ('MAC', 'B8:63:4D:A2:0E:13')
Data:  24:0A:C4:23:C1:EC ('Header', '48') ('RSSI', -47) ('Channel', 5) ('MAC', 'B8:63:4D:A2:0E:13')
Data:  24:0A:C4:23:D9:B0 ('Header', '48') ('RSSI', -63) ('Channel', 5) ('MAC', 'B8:63:4D:A2:0E:13')
Data:  24:0A:C4:23:D9:B0 ('Header', '48') ('RSSI', -63) ('Channel', 5) ('MAC', 'B8:63:4D:A2:0E:13')
Data:  24:0A:C4:23:C1:EC ('Header', '48') ('RSSI', -47) ('Channel', 5) ('MAC', 'B8:63:4D:A2:0E:13')
Data:  24:0A:C4:23:D9:B0 ('Header', '48') ('RSSI', -62) ('Channel', 5) ('MAC', 'B8:63:4D:A2:0E:13')
Summary:  24:0A:C4:23:C1:EC 140 {'B8:63:4D:A2:0E:13': -46.4}
Summary:  3C:71:BF:99:F9:E0 840 {}
Summary:  24:0A:C4:23:D9:B0 662 {'B8:63:4D:A2:0E:13': -63.5}
Data:  24:0A:C4:23:C1:EC ('Header', '48') ('RSSI', -47) ('Channel', 5) ('MAC', 'B8:63:4D:A2:0E:13')
Data:  24:0A:C4:23:D9:B0 ('Header', '48') ('RSSI', -64) ('Channel', 5) ('MAC', 'B8:63:4D:A2:0E:13')
Data:  24:0A:C4:23:C1:EC ('Header', '48') ('RSSI', -46) ('Channel', 5) ('MAC', 'B8:63:4D:A2:0E:13')
Data:  24:0A:C4:23:D9:B0 ('Header', '48') ('RSSI', -65) ('Channel', 5) ('MAC', 'B8:63:4D:A2:0E:13')
Data:  24:0A:C4:23:C1:EC ('Header', '48') ('RSSI', -47) ('Channel', 5) ('MAC', 'B8:63:4D:A2:0E:13')
Data:  24:0A:C4:23:C1:EC ('Header', '48') ('RSSI', -47) ('Channel', 5) ('MAC', 'B8:63:4D:A2:0E:13')
Data:  24:0A:C4:23:D9:B0 ('Header', '48') ('RSSI', -63) ('Channel', 5) ('MAC', 'B8:63:4D:A2:0E:13')
Data:  24:0A:C4:23:C1:EC ('Header', '48') ('RSSI', -47) ('Channel', 5) ('MAC', 'B8:63:4D:A2:0E:13')
Data:  24:0A:C4:23:D9:B0 ('Header', '48') ('RSSI', -62) ('Channel', 5) ('MAC', 'B8:63:4D:A2:0E:13')
Data:  24:0A:C4:23:C1:EC ('Header', '48') ('RSSI', -46) ('Channel', 5) ('MAC', 'B8:63:4D:A2:0E:13')
Data:  24:0A:C4:23:C1:EC ('Header', '48') ('RSSI', -47) ('Channel', 5) ('MAC', 'B8:63:4D:A2:0E:13')
Data:  24:0A:C4:23:D9:B0 ('Header', '48') ('RSSI', -64) ('Channel', 5) ('MAC', 'B8:63:4D:A2:0E:13')
Data:  24:0A:C4:23:D9:B0 ('Header', '48') ('RSSI', -62) ('Channel', 5) ('MAC', 'B8:63:4D:A2:0E:13')
Data:  24:0A:C4:23:C1:EC ('Header', '48') ('RSSI', -46) ('Channel', 5) ('MAC', 'B8:63:4D:A2:0E:13')
Data:  24:0A:C4:23:D9:B0 ('Header', '48') ('RSSI', -63) ('Channel', 5) ('MAC', 'B8:63:4D:A2:0E:13')
Data:  24:0A:C4:23:C1:EC ('Header', '48') ('RSSI', -47) ('Channel', 5) ('MAC', 'B8:63:4D:A2:0E:13')
Data:  24:0A:C4:23:D9:B0 ('Header', '48') ('RSSI', -63) ('Channel', 5) ('MAC', 'B8:63:4D:A2:0E:13')
Data:  24:0A:C4:23:C1:EC ('Header', '48') ('RSSI', -46) ('Channel', 5) ('MAC', 'B8:63:4D:A2:0E:13')
Data:  24:0A:C4:23:D9:B0 ('Header', '48') ('RSSI', -64) ('Channel', 5) ('MAC', 'B8:63:4D:A2:0E:13')
Data:  24:0A:C4:23:C1:EC ('Header', '48') ('RSSI', -49) ('Channel', 5) ('MAC', 'B8:63:4D:A2:0E:13')
Data:  24:0A:C4:23:D9:B0 ('Header', '48') ('RSSI', -63) ('Channel', 5) ('MAC', 'B8:63:4D:A2:0E:13')
Data:  24:0A:C4:23:C1:EC ('Header', '48') ('RSSI', -47) ('Channel', 5) ('MAC', 'B8:63:4D:A2:0E:13')
Data:  24:0A:C4:23:D9:B0 ('Header', '48') ('RSSI', -64) ('Channel', 5) ('MAC', 'B8:63:4D:A2:0E:13')
Data:  24:0A:C4:23:D9:B0 ('Header', '48') ('RSSI', -63) ('Channel', 5) ('MAC', 'B8:63:4D:A2:0E:13')
Data:  24:0A:C4:23:C1:EC ('Header', '48') ('RSSI', -46) ('Channel', 5) ('MAC', 'B8:63:4D:A2:0E:13')
Data:  24:0A:C4:23:D9:B0 ('Header', '48') ('RSSI', -63) ('Channel', 5) ('MAC', 'B8:63:4D:A2:0E:13')
Data:  24:0A:C4:23:C1:EC ('Header', '48') ('RSSI', -46) ('Channel', 5) ('MAC', 'B8:63:4D:A2:0E:13')
Data:  24:0A:C4:23:D9:B0 ('Header', '48') ('RSSI', -67) ('Channel', 5) ('MAC', 'B8:63:4D:A2:0E:13')
Data:  24:0A:C4:23:C1:EC ('Header', '48') ('RSSI', -46) ('Channel', 5) ('MAC', 'B8:63:4D:A2:0E:13')
Data:  24:0A:C4:23:C1:EC ('Header', '48') ('RSSI', -52) ('Channel', 5) ('MAC', 'B8:63:4D:A2:0E:13')
Data:  24:0A:C4:23:C1:EC ('Header', '48') ('RSSI', -46) ('Channel', 5) ('MAC', 'B8:63:4D:A2:0E:13')
Data:  24:0A:C4:23:D9:B0 ('Header', '48') ('RSSI', -64) ('Channel', 5) ('MAC', 'B8:63:4D:A2:0E:13')
Data:  24:0A:C4:23:C1:EC ('Header', '48') ('RSSI', -46) ('Channel', 5) ('MAC', 'B8:63:4D:A2:0E:13')
Data:  24:0A:C4:23:D9:B0 ('Header', '48') ('RSSI', -64) ('Channel', 5) ('MAC', 'B8:63:4D:A2:0E:13')
Data:  24:0A:C4:23:C1:EC ('Header', '48') ('RSSI', -46) ('Channel', 5) ('MAC', 'B8:63:4D:A2:0E:13')
Data:  24:0A:C4:23:D9:B0 ('Header', '48') ('RSSI', -63) ('Channel', 5) ('MAC', 'B8:63:4D:A2:0E:13')
Data:  24:0A:C4:23:C1:EC ('Header', '48') ('RSSI', -47) ('Channel', 5) ('MAC', 'B8:63:4D:A2:0E:13')
Data:  24:0A:C4:23:D9:B0 ('Header', '48') ('RSSI', -63) ('Channel', 5) ('MAC', 'B8:63:4D:A2:0E:13')
Data:  24:0A:C4:23:C1:EC ('Header', '48') ('RSSI', -46) ('Channel', 5) ('MAC', 'B8:63:4D:A2:0E:13')
Data:  24:0A:C4:23:D9:B0 ('Header', '48') ('RSSI', -62) ('Channel', 5) ('MAC', 'B8:63:4D:A2:0E:13')
Data:  24:0A:C4:23:C1:EC ('Header', '48') ('RSSI', -46) ('Channel', 5) ('MAC', 'B8:63:4D:A2:0E:13')
Data:  24:0A:C4:23:D9:B0 ('Header', '48') ('RSSI', -62) ('Channel', 5) ('MAC', 'B8:63:4D:A2:0E:13')
Data:  24:0A:C4:23:C1:EC ('Header', '48') ('RSSI', -47) ('Channel', 5) ('MAC', 'B8:63:4D:A2:0E:13')
Data:  24:0A:C4:23:C1:EC ('Header', '48') ('RSSI', -46) ('Channel', 5) ('MAC', 'B8:63:4D:A2:0E:13')
Data:  24:0A:C4:23:D9:B0 ('Header', '48') ('RSSI', -62) ('Channel', 5) ('MAC', 'B8:63:4D:A2:0E:13')
Data:  24:0A:C4:23:C1:EC ('Header', '48') ('RSSI', -47) ('Channel', 5) ('MAC', 'B8:63:4D:A2:0E:13')
Data:  24:0A:C4:23:D9:B0 ('Header', '48') ('RSSI', -64) ('Channel', 5) ('MAC', 'B8:63:4D:A2:0E:13')
Data:  24:0A:C4:23:D9:B0 ('Header', '48') ('RSSI', -62) ('Channel', 5) ('MAC', 'B8:63:4D:A2:0E:13')
Data:  24:0A:C4:23:D9:B0 ('Header', '48') ('RSSI', -64) ('Channel', 5) ('MAC', 'B8:63:4D:A2:0E:13')
Data:  24:0A:C4:23:D9:B0 ('Header', '48') ('RSSI', -63) ('Channel', 5) ('MAC', 'B8:63:4D:A2:0E:13')
Data:  24:0A:C4:23:D9:B0 ('Header', '48') ('RSSI', -63) ('Channel', 5) ('MAC', 'B8:63:4D:A2:0E:13')
Data:  24:0A:C4:23:D9:B0 ('Header', '48') ('RSSI', -63) ('Channel', 5) ('MAC', 'B8:63:4D:A2:0E:13')
Data:  24:0A:C4:23:C1:EC ('Header', '48') ('RSSI', -48) ('Channel', 5) ('MAC', 'B8:63:4D:A2:0E:13')
Data:  24:0A:C4:23:C1:EC ('Header', '48') ('RSSI', -46) ('Channel', 5) ('MAC', 'B8:63:4D:A2:0E:13')
Data:  24:0A:C4:23:C1:EC ('Header', '48') ('RSSI', -46) ('Channel', 5) ('MAC', 'B8:63:4D:A2:0E:13')
Data:  24:0A:C4:23:C1:EC ('Header', '48') ('RSSI', -46) ('Channel', 5) ('MAC', 'B8:63:4D:A2:0E:13')
Data:  24:0A:C4:23:C1:EC ('Header', '48') ('RSSI', -46) ('Channel', 5) ('MAC', 'B8:63:4D:A2:0E:13')
Data:  24:0A:C4:23:D9:B0 ('Header', '48') ('RSSI', -63) ('Channel', 5) ('MAC', 'B8:63:4D:A2:0E:13')
Data:  24:0A:C4:23:C1:EC ('Header', '48') ('RSSI', -46) ('Channel', 5) ('MAC', 'B8:63:4D:A2:0E:13')
Data:  24:0A:C4:23:D9:B0 ('Header', '48') ('RSSI', -64) ('Channel', 5) ('MAC', 'B8:63:4D:A2:0E:13')
Data:  24:0A:C4:23:D9:B0 ('Header', '48') ('RSSI', -64) ('Channel', 5) ('MAC', 'B8:63:4D:A2:0E:13')
Data:  24:0A:C4:23:C1:EC ('Header', '48') ('RSSI', -46) ('Channel', 5) ('MAC', 'B8:63:4D:A2:0E:13')
Data:  24:0A:C4:23:D9:B0 ('Header', '48') ('RSSI', -63) ('Channel', 5) ('MAC', 'B8:63:4D:A2:0E:13')
Data:  24:0A:C4:23:C1:EC ('Header', '48') ('RSSI', -45) ('Channel', 5) ('MAC', 'B8:63:4D:A2:0E:13')
Data:  24:0A:C4:23:D9:B0 ('Header', '48') ('RSSI', -63) ('Channel', 5) ('MAC', 'B8:63:4D:A2:0E:13')
Data:  24:0A:C4:23:C1:EC ('Header', '48') ('RSSI', -47) ('Channel', 5) ('MAC', 'B8:63:4D:A2:0E:13')
Data:  24:0A:C4:23:D9:B0 ('Header', '48') ('RSSI', -64) ('Channel', 5) ('MAC', 'B8:63:4D:A2:0E:13')
Data:  24:0A:C4:23:C1:EC ('Header', '48') ('RSSI', -47) ('Channel', 5) ('MAC', 'B8:63:4D:A2:0E:13')
Data:  24:0A:C4:23:D9:B0 ('Header', '48') ('RSSI', -63) ('Channel', 5) ('MAC', 'B8:63:4D:A2:0E:13')
Data:  24:0A:C4:23:C1:EC ('Header', '48') ('RSSI', -47) ('Channel', 5) ('MAC', 'B8:63:4D:A2:0E:13')
Data:  24:0A:C4:23:C1:EC ('Header', '48') ('RSSI', -47) ('Channel', 5) ('MAC', 'B8:63:4D:A2:0E:13')
Data:  24:0A:C4:23:D9:B0 ('Header', '48') ('RSSI', -63) ('Channel', 5) ('MAC', 'B8:63:4D:A2:0E:13')
Data:  24:0A:C4:23:C1:EC ('Header', '48') ('RSSI', -46) ('Channel', 5) ('MAC', 'B8:63:4D:A2:0E:13')
Data:  24:0A:C4:23:D9:B0 ('Header', '48') ('RSSI', -63) ('Channel', 5) ('MAC', 'B8:63:4D:A2:0E:13')
Data:  24:0A:C4:23:D9:B0 ('Header', '48') ('RSSI', -63) ('Channel', 5) ('MAC', 'B8:63:4D:A2:0E:13')
Data:  24:0A:C4:23:C1:EC ('Header', '48') ('RSSI', -47) ('Channel', 5) ('MAC', 'B8:63:4D:A2:0E:13')
Data:  24:0A:C4:23:C1:EC ('Header', '48') ('RSSI', -47) ('Channel', 5) ('MAC', 'B8:63:4D:A2:0E:13')
Data:  24:0A:C4:23:D9:B0 ('Header', '48') ('RSSI', -63) ('Channel', 5) ('MAC', 'B8:63:4D:A2:0E:13')
Data:  24:0A:C4:23:C1:EC ('Header', '48') ('RSSI', -47) ('Channel', 5) ('MAC', 'B8:63:4D:A2:0E:13')
Data:  24:0A:C4:23:D9:B0 ('Header', '48') ('RSSI', -62) ('Channel', 5) ('MAC', 'B8:63:4D:A2:0E:13')
Data:  24:0A:C4:23:D9:B0 ('Header', '48') ('RSSI', -62) ('Channel', 5) ('MAC', 'B8:63:4D:A2:0E:13')
Data:  24:0A:C4:23:C1:EC ('Header', '48') ('RSSI', -47) ('Channel', 5) ('MAC', 'B8:63:4D:A2:0E:13')
Data:  24:0A:C4:23:C1:EC ('Header', '48') ('RSSI', -47) ('Channel', 5) ('MAC', 'B8:63:4D:A2:0E:13')
Data:  24:0A:C4:23:D9:B0 ('Header', '48') ('RSSI', -63) ('Channel', 5) ('MAC', 'B8:63:4D:A2:0E:13')
Data:  24:0A:C4:23:C1:EC ('Header', '48') ('RSSI', -47) ('Channel', 5) ('MAC', 'B8:63:4D:A2:0E:13')
Data:  24:0A:C4:23:D9:B0 ('Header', '48') ('RSSI', -63) ('Channel', 5) ('MAC', 'B8:63:4D:A2:0E:13')
Summary:  24:0A:C4:23:C1:EC 140 {'B8:63:4D:A2:0E:13': -46.7}
Summary:  3C:71:BF:99:F9:E0 840 {}
Summary:  24:0A:C4:23:D9:B0 662 {'B8:63:4D:A2:0E:13': -63.2}
Data:  24:0A:C4:23:D9:B0 ('Header', '48') ('RSSI', -63) ('Channel', 5) ('MAC', 'B8:63:4D:A2:0E:13')
Data:  24:0A:C4:23:C1:EC ('Header', '48') ('RSSI', -47) ('Channel', 5) ('MAC', 'B8:63:4D:A2:0E:13')
Data:  24:0A:C4:23:D9:B0 ('Header', '48') ('RSSI', -62) ('Channel', 5) ('MAC', 'B8:63:4D:A2:0E:13')
Data:  24:0A:C4:23:C1:EC ('Header', '48') ('RSSI', -46) ('Channel', 5) ('MAC', 'B8:63:4D:A2:0E:13')
Data:  24:0A:C4:23:D9:B0 ('Header', '48') ('RSSI', -62) ('Channel', 5) ('MAC', 'B8:63:4D:A2:0E:13')
Data:  24:0A:C4:23:D9:B0 ('Header', '48') ('RSSI', -63) ('Channel', 5) ('MAC', 'B8:63:4D:A2:0E:13')
Data:  24:0A:C4:23:C1:EC ('Header', '48') ('RSSI', -47) ('Channel', 5) ('MAC', 'B8:63:4D:A2:0E:13')
Data:  24:0A:C4:23:C1:EC ('Header', '48') ('RSSI', -47) ('Channel', 5) ('MAC', 'B8:63:4D:A2:0E:13')
Data:  24:0A:C4:23:D9:B0 ('Header', '48') ('RSSI', -63) ('Channel', 5) ('MAC', 'B8:63:4D:A2:0E:13')
Data:  24:0A:C4:23:C1:EC ('Header', '48') ('RSSI', -47) ('Channel', 5) ('MAC', 'B8:63:4D:A2:0E:13')
Data:  24:0A:C4:23:D9:B0 ('Header', '48') ('RSSI', -63) ('Channel', 5) ('MAC', 'B8:63:4D:A2:0E:13')
Data:  24:0A:C4:23:D9:B0 ('Header', '48') ('RSSI', -63) ('Channel', 5) ('MAC', 'B8:63:4D:A2:0E:13')
Data:  24:0A:C4:23:C1:EC ('Header', '48') ('RSSI', -47) ('Channel', 5) ('MAC', 'B8:63:4D:A2:0E:13')
Data:  24:0A:C4:23:C1:EC ('Header', '48') ('RSSI', -47) ('Channel', 5) ('MAC', 'B8:63:4D:A2:0E:13')
Data:  24:0A:C4:23:C1:EC ('Header', '48') ('RSSI', -45) ('Channel', 5) ('MAC', 'B8:63:4D:A2:0E:13')
Data:  24:0A:C4:23:C1:EC ('Header', '48') ('RSSI', -45) ('Channel', 5) ('MAC', 'B8:63:4D:A2:0E:13')
Data:  24:0A:C4:23:C1:EC ('Header', '48') ('RSSI', -45) ('Channel', 5) ('MAC', 'B8:63:4D:A2:0E:13')
Data:  24:0A:C4:23:D9:B0 ('Header', '48') ('RSSI', -63) ('Channel', 5) ('MAC', 'B8:63:4D:A2:0E:13')
Data:  24:0A:C4:23:C1:EC ('Header', '48') ('RSSI', -46) ('Channel', 5) ('MAC', 'B8:63:4D:A2:0E:13')
Data:  24:0A:C4:23:D9:B0 ('Header', '48') ('RSSI', -64) ('Channel', 5) ('MAC', 'B8:63:4D:A2:0E:13')
Data:  24:0A:C4:23:D9:B0 ('Header', '48') ('RSSI', -63) ('Channel', 5) ('MAC', 'B8:63:4D:A2:0E:13')
Data:  24:0A:C4:23:D9:B0 ('Header', '48') ('RSSI', -63) ('Channel', 5) ('MAC', 'B8:63:4D:A2:0E:13')
Data:  24:0A:C4:23:D9:B0 ('Header', '48') ('RSSI', -65) ('Channel', 5) ('MAC', 'B8:63:4D:A2:0E:13')
Data:  24:0A:C4:23:C1:EC ('Header', '48') ('RSSI', -47) ('Channel', 5) ('MAC', 'B8:63:4D:A2:0E:13')
Data:  24:0A:C4:23:D9:B0 ('Header', '48') ('RSSI', -63) ('Channel', 5) ('MAC', 'B8:63:4D:A2:0E:13')
Data:  24:0A:C4:23:C1:EC ('Header', '48') ('RSSI', -47) ('Channel', 5) ('MAC', 'B8:63:4D:A2:0E:13')
Data:  24:0A:C4:23:D9:B0 ('Header', '48') ('RSSI', -62) ('Channel', 5) ('MAC', 'B8:63:4D:A2:0E:13')
Data:  24:0A:C4:23:C1:EC ('Header', '48') ('RSSI', -46) ('Channel', 5) ('MAC', 'B8:63:4D:A2:0E:13')
Data:  24:0A:C4:23:C1:EC ('Header', '48') ('RSSI', -47) ('Channel', 5) ('MAC', 'B8:63:4D:A2:0E:13')
Data:  24:0A:C4:23:D9:B0 ('Header', '48') ('RSSI', -62) ('Channel', 5) ('MAC', 'B8:63:4D:A2:0E:13')
Data:  24:0A:C4:23:C1:EC ('Header', '48') ('RSSI', -46) ('Channel', 5) ('MAC', 'B8:63:4D:A2:0E:13')
Data:  24:0A:C4:23:D9:B0 ('Header', '48') ('RSSI', -64) ('Channel', 5) ('MAC', 'B8:63:4D:A2:0E:13')
Data:  24:0A:C4:23:C1:EC ('Header', '48') ('RSSI', -46) ('Channel', 5) ('MAC', 'B8:63:4D:A2:0E:13')
Data:  24:0A:C4:23:D9:B0 ('Header', '48') ('RSSI', -65) ('Channel', 5) ('MAC', 'B8:63:4D:A2:0E:13')
Data:  24:0A:C4:23:D9:B0 ('Header', '48') ('RSSI', -63) ('Channel', 5) ('MAC', 'B8:63:4D:A2:0E:13')
Data:  24:0A:C4:23:C1:EC ('Header', '48') ('RSSI', -47) ('Channel', 5) ('MAC', 'B8:63:4D:A2:0E:13')
Data:  24:0A:C4:23:D9:B0 ('Header', '48') ('RSSI', -62) ('Channel', 5) ('MAC', 'B8:63:4D:A2:0E:13')
Data:  24:0A:C4:23:C1:EC ('Header', '48') ('RSSI', -47) ('Channel', 5) ('MAC', 'B8:63:4D:A2:0E:13')
Data:  24:0A:C4:23:D9:B0 ('Header', '48') ('RSSI', -61) ('Channel', 5) ('MAC', 'B8:63:4D:A2:0E:13')
Data:  24:0A:C4:23:C1:EC ('Header', '48') ('RSSI', -47) ('Channel', 5) ('MAC', 'B8:63:4D:A2:0E:13')
Data:  24:0A:C4:23:D9:B0 ('Header', '48') ('RSSI', -61) ('Channel', 5) ('MAC', 'B8:63:4D:A2:0E:13')
Data:  24:0A:C4:23:C1:EC ('Header', '48') ('RSSI', -47) ('Channel', 5) ('MAC', 'B8:63:4D:A2:0E:13')
Data:  24:0A:C4:23:C1:EC ('Header', '48') ('RSSI', -46) ('Channel', 5) ('MAC', 'B8:63:4D:A2:0E:13')
Data:  24:0A:C4:23:C1:EC ('Header', '48') ('RSSI', -47) ('Channel', 5) ('MAC', 'B8:63:4D:A2:0E:13')
Data:  24:0A:C4:23:D9:B0 ('Header', '48') ('RSSI', -64) ('Channel', 5) ('MAC', 'B8:63:4D:A2:0E:13')
Data:  24:0A:C4:23:D9:B0 ('Header', '48') ('RSSI', -62) ('Channel', 5) ('MAC', 'B8:63:4D:A2:0E:13')
Data:  24:0A:C4:23:C1:EC ('Header', '48') ('RSSI', -46) ('Channel', 5) ('MAC', 'B8:63:4D:A2:0E:13')
Data:  24:0A:C4:23:C1:EC ('Header', '48') ('RSSI', -46) ('Channel', 5) ('MAC', 'B8:63:4D:A2:0E:13')
Data:  24:0A:C4:23:D9:B0 ('Header', '48') ('RSSI', -63) ('Channel', 5) ('MAC', 'B8:63:4D:A2:0E:13')
Data:  24:0A:C4:23:C1:EC ('Header', '48') ('RSSI', -49) ('Channel', 5) ('MAC', 'B8:63:4D:A2:0E:13')
Data:  24:0A:C4:23:D9:B0 ('Header', '48') ('RSSI', -63) ('Channel', 5) ('MAC', 'B8:63:4D:A2:0E:13')
Data:  24:0A:C4:23:C1:EC ('Header', '48') ('RSSI', -47) ('Channel', 5) ('MAC', 'B8:63:4D:A2:0E:13')
Data:  24:0A:C4:23:D9:B0 ('Header', '48') ('RSSI', -65) ('Channel', 5) ('MAC', 'B8:63:4D:A2:0E:13')
Data:  24:0A:C4:23:C1:EC ('Header', '48') ('RSSI', -48) ('Channel', 5) ('MAC', 'B8:63:4D:A2:0E:13')
Data:  24:0A:C4:23:D9:B0 ('Header', '48') ('RSSI', -63) ('Channel', 5) ('MAC', 'B8:63:4D:A2:0E:13')
Data:  24:0A:C4:23:D9:B0 ('Header', '48') ('RSSI', -63) ('Channel', 5) ('MAC', 'B8:63:4D:A2:0E:13')
Data:  24:0A:C4:23:C1:EC ('Header', '48') ('RSSI', -48) ('Channel', 5) ('MAC', 'B8:63:4D:A2:0E:13')
Data:  24:0A:C4:23:D9:B0 ('Header', '48') ('RSSI', -63) ('Channel', 5) ('MAC', 'B8:63:4D:A2:0E:13')
Data:  24:0A:C4:23:C1:EC ('Header', '48') ('RSSI', -46) ('Channel', 5) ('MAC', 'B8:63:4D:A2:0E:13')
Data:  24:0A:C4:23:C1:EC ('Header', '48') ('RSSI', -46) ('Channel', 5) ('MAC', 'B8:63:4D:A2:0E:13')
Data:  24:0A:C4:23:D9:B0 ('Header', '48') ('RSSI', -63) ('Channel', 5) ('MAC', 'B8:63:4D:A2:0E:13')
Data:  24:0A:C4:23:C1:EC ('Header', '48') ('RSSI', -46) ('Channel', 5) ('MAC', 'B8:63:4D:A2:0E:13')
Data:  24:0A:C4:23:D9:B0 ('Header', '48') ('RSSI', -63) ('Channel', 5) ('MAC', 'B8:63:4D:A2:0E:13')
Data:  24:0A:C4:23:C1:EC ('Header', '48') ('RSSI', -46) ('Channel', 5) ('MAC', 'B8:63:4D:A2:0E:13')
Data:  24:0A:C4:23:D9:B0 ('Header', '48') ('RSSI', -64) ('Channel', 5) ('MAC', 'B8:63:4D:A2:0E:13')
Data:  24:0A:C4:23:C1:EC ('Header', '48') ('RSSI', -46) ('Channel', 5) ('MAC', 'B8:63:4D:A2:0E:13')
Data:  24:0A:C4:23:D9:B0 ('Header', '48') ('RSSI', -64) ('Channel', 5) ('MAC', 'B8:63:4D:A2:0E:13')
Data:  24:0A:C4:23:C1:EC ('Header', '48') ('RSSI', -46) ('Channel', 5) ('MAC', 'B8:63:4D:A2:0E:13')
Data:  24:0A:C4:23:D9:B0 ('Header', '48') ('RSSI', -62) ('Channel', 5) ('MAC', 'B8:63:4D:A2:0E:13')
Data:  24:0A:C4:23:D9:B0 ('Header', '48') ('RSSI', -62) ('Channel', 5) ('MAC', 'B8:63:4D:A2:0E:13')
Data:  24:0A:C4:23:C1:EC ('Header', '48') ('RSSI', -45) ('Channel', 5) ('MAC', 'B8:63:4D:A2:0E:13')
Data:  24:0A:C4:23:C1:EC ('Header', '48') ('RSSI', -46) ('Channel', 5) ('MAC', 'B8:63:4D:A2:0E:13')
Data:  24:0A:C4:23:D9:B0 ('Header', '48') ('RSSI', -62) ('Channel', 5) ('MAC', 'B8:63:4D:A2:0E:13')
Data:  24:0A:C4:23:D9:B0 ('Header', '48') ('RSSI', -67) ('Channel', 5) ('MAC', 'B8:63:4D:A2:0E:13')
Data:  24:0A:C4:23:C1:EC ('Header', '48') ('RSSI', -52) ('Channel', 5) ('MAC', 'B8:63:4D:A2:0E:13')
Data:  24:0A:C4:23:C1:EC ('Header', '48') ('RSSI', -47) ('Channel', 5) ('MAC', 'B8:63:4D:A2:0E:13')
Data:  24:0A:C4:23:D9:B0 ('Header', '48') ('RSSI', -64) ('Channel', 5) ('MAC', 'B8:63:4D:A2:0E:13')
Data:  24:0A:C4:23:D9:B0 ('Header', '48') ('RSSI', -63) ('Channel', 5) ('MAC', 'B8:63:4D:A2:0E:13')
Data:  24:0A:C4:23:C1:EC ('Header', '48') ('RSSI', -48) ('Channel', 5) ('MAC', 'B8:63:4D:A2:0E:13')
Data:  24:0A:C4:23:C1:EC ('Header', '48') ('RSSI', -47) ('Channel', 5) ('MAC', 'B8:63:4D:A2:0E:13')
Data:  24:0A:C4:23:D9:B0 ('Header', '48') ('RSSI', -63) ('Channel', 5) ('MAC', 'B8:63:4D:A2:0E:13')
Data:  24:0A:C4:23:D9:B0 ('Header', '48') ('RSSI', -62) ('Channel', 5) ('MAC', 'B8:63:4D:A2:0E:13')
Data:  24:0A:C4:23:C1:EC ('Header', '48') ('RSSI', -47) ('Channel', 5) ('MAC', 'B8:63:4D:A2:0E:13')
Data:  24:0A:C4:23:D9:B0 ('Header', '48') ('RSSI', -63) ('Channel', 5) ('MAC', 'B8:63:4D:A2:0E:13')
Data:  24:0A:C4:23:C1:EC ('Header', '48') ('RSSI', -46) ('Channel', 5) ('MAC', 'B8:63:4D:A2:0E:13')
Data:  24:0A:C4:23:D9:B0 ('Header', '48') ('RSSI', -62) ('Channel', 5) ('MAC', 'B8:63:4D:A2:0E:13')
Data:  24:0A:C4:23:C1:EC ('Header', '48') ('RSSI', -47) ('Channel', 5) ('MAC', 'B8:63:4D:A2:0E:13')
Data:  24:0A:C4:23:C1:EC ('Header', '48') ('RSSI', -47) ('Channel', 5) ('MAC', 'B8:63:4D:A2:0E:13')
Data:  24:0A:C4:23:D9:B0 ('Header', '48') ('RSSI', -62) ('Channel', 5) ('MAC', 'B8:63:4D:A2:0E:13')
Summary:  24:0A:C4:23:C1:EC 140 {'B8:63:4D:A2:0E:13': -46.7}
Summary:  3C:71:BF:99:F9:E0 840 {}
Summary:  24:0A:C4:23:D9:B0 662 {'B8:63:4D:A2:0E:13': -63.0}
Data:  24:0A:C4:23:C1:EC ('Header', '48') ('RSSI', -47) ('Channel', 5) ('MAC', 'B8:63:4D:A2:0E:13')
Data:  24:0A:C4:23:D9:B0 ('Header', '48') ('RSSI', -62) ('Channel', 5) ('MAC', 'B8:63:4D:A2:0E:13')
Data:  24:0A:C4:23:C1:EC ('Header', '48') ('RSSI', -47) ('Channel', 5) ('MAC', 'B8:63:4D:A2:0E:13')
Data:  24:0A:C4:23:D9:B0 ('Header', '48') ('RSSI', -65) ('Channel', 5) ('MAC', 'B8:63:4D:A2:0E:13')
Data:  24:0A:C4:23:D9:B0 ('Header', '48') ('RSSI', -64) ('Channel', 5) ('MAC', 'B8:63:4D:A2:0E:13')
Data:  24:0A:C4:23:C1:EC ('Header', '48') ('RSSI', -47) ('Channel', 5) ('MAC', 'B8:63:4D:A2:0E:13')
Data:  24:0A:C4:23:D9:B0 ('Header', '48') ('RSSI', -63) ('Channel', 5) ('MAC', 'B8:63:4D:A2:0E:13')
Data:  24:0A:C4:23:C1:EC ('Header', '48') ('RSSI', -47) ('Channel', 5) ('MAC', 'B8:63:4D:A2:0E:13')
Data:  24:0A:C4:23:D9:B0 ('Header', '48') ('RSSI', -65) ('Channel', 5) ('MAC', 'B8:63:4D:A2:0E:13')
Data:  24:0A:C4:23:C1:EC ('Header', '48') ('RSSI', -47) ('Channel', 5) ('MAC', 'B8:63:4D:A2:0E:13')
Data:  24:0A:C4:23:D9:B0 ('Header', '48') ('RSSI', -63) ('Channel', 5) ('MAC', 'B8:63:4D:A2:0E:13')
Data:  24:0A:C4:23:C1:EC ('Header', '48') ('RSSI', -46) ('Channel', 5) ('MAC', 'B8:63:4D:A2:0E:13')
Data:  24:0A:C4:23:D9:B0 ('Header', '48') ('RSSI', -65) ('Channel', 5) ('MAC', 'B8:63:4D:A2:0E:13')
Data:  24:0A:C4:23:C1:EC ('Header', '48') ('RSSI', -46) ('Channel', 5) ('MAC', 'B8:63:4D:A2:0E:13')
Data:  24:0A:C4:23:C1:EC ('Header', '48') ('RSSI', -46) ('Channel', 5) ('MAC', 'B8:63:4D:A2:0E:13')
Data:  24:0A:C4:23:D9:B0 ('Header', '48') ('RSSI', -64) ('Channel', 5) ('MAC', 'B8:63:4D:A2:0E:13')
Data:  24:0A:C4:23:C1:EC ('Header', '48') ('RSSI', -47) ('Channel', 5) ('MAC', 'B8:63:4D:A2:0E:13')
Data:  24:0A:C4:23:D9:B0 ('Header', '48') ('RSSI', -64) ('Channel', 5) ('MAC', 'B8:63:4D:A2:0E:13')
Data:  24:0A:C4:23:D9:B0 ('Header', '48') ('RSSI', -63) ('Channel', 5) ('MAC', 'B8:63:4D:A2:0E:13')
Data:  24:0A:C4:23:C1:EC ('Header', '48') ('RSSI', -46) ('Channel', 5) ('MAC', 'B8:63:4D:A2:0E:13')
Data:  24:0A:C4:23:D9:B0 ('Header', '48') ('RSSI', -65) ('Channel', 5) ('MAC', 'B8:63:4D:A2:0E:13')
Data:  24:0A:C4:23:C1:EC ('Header', '48') ('RSSI', -46) ('Channel', 5) ('MAC', 'B8:63:4D:A2:0E:13')
Data:  24:0A:C4:23:D9:B0 ('Header', '48') ('RSSI', -64) ('Channel', 5) ('MAC', 'B8:63:4D:A2:0E:13')
Data:  24:0A:C4:23:C1:EC ('Header', '48') ('RSSI', -45) ('Channel', 5) ('MAC', 'B8:63:4D:A2:0E:13')
Data:  24:0A:C4:23:D9:B0 ('Header', '48') ('RSSI', -63) ('Channel', 5) ('MAC', 'B8:63:4D:A2:0E:13')
Data:  24:0A:C4:23:C1:EC ('Header', '48') ('RSSI', -46) ('Channel', 5) ('MAC', 'B8:63:4D:A2:0E:13')
Data:  24:0A:C4:23:D9:B0 ('Header', '48') ('RSSI', -63) ('Channel', 5) ('MAC', 'B8:63:4D:A2:0E:13')
Data:  24:0A:C4:23:C1:EC ('Header', '48') ('RSSI', -45) ('Channel', 5) ('MAC', 'B8:63:4D:A2:0E:13')
Data:  24:0A:C4:23:D9:B0 ('Header', '48') ('RSSI', -64) ('Channel', 5) ('MAC', 'B8:63:4D:A2:0E:13')
Data:  24:0A:C4:23:C1:EC ('Header', '48') ('RSSI', -45) ('Channel', 5) ('MAC', 'B8:63:4D:A2:0E:13')
Data:  24:0A:C4:23:D9:B0 ('Header', '48') ('RSSI', -64) ('Channel', 5) ('MAC', 'B8:63:4D:A2:0E:13')
Data:  24:0A:C4:23:C1:EC ('Header', '48') ('RSSI', -45) ('Channel', 5) ('MAC', 'B8:63:4D:A2:0E:13')
Data:  24:0A:C4:23:C1:EC ('Header', '48') ('RSSI', -45) ('Channel', 5) ('MAC', 'B8:63:4D:A2:0E:13')
Data:  24:0A:C4:23:D9:B0 ('Header', '48') ('RSSI', -64) ('Channel', 5) ('MAC', 'B8:63:4D:A2:0E:13')
Data:  24:0A:C4:23:D9:B0 ('Header', '48') ('RSSI', -64) ('Channel', 5) ('MAC', 'B8:63:4D:A2:0E:13')
Data:  24:0A:C4:23:C1:EC ('Header', '48') ('RSSI', -47) ('Channel', 5) ('MAC', 'B8:63:4D:A2:0E:13')
Data:  24:0A:C4:23:D9:B0 ('Header', '48') ('RSSI', -63) ('Channel', 5) ('MAC', 'B8:63:4D:A2:0E:13')
Data:  24:0A:C4:23:C1:EC ('Header', '48') ('RSSI', -47) ('Channel', 5) ('MAC', 'B8:63:4D:A2:0E:13')
Data:  24:0A:C4:23:D9:B0 ('Header', '48') ('RSSI', -64) ('Channel', 5) ('MAC', 'B8:63:4D:A2:0E:13')
Data:  24:0A:C4:23:D9:B0 ('Header', '48') ('RSSI', -66) ('Channel', 5) ('MAC', 'B8:63:4D:A2:0E:13')
Data:  24:0A:C4:23:C1:EC ('Header', '48') ('RSSI', -46) ('Channel', 5) ('MAC', 'B8:63:4D:A2:0E:13')
Data:  24:0A:C4:23:D9:B0 ('Header', '48') ('RSSI', -64) ('Channel', 5) ('MAC', 'B8:63:4D:A2:0E:13')
Data:  24:0A:C4:23:C1:EC ('Header', '48') ('RSSI', -47) ('Channel', 5) ('MAC', 'B8:63:4D:A2:0E:13')
Data:  24:0A:C4:23:D9:B0 ('Header', '48') ('RSSI', -63) ('Channel', 5) ('MAC', 'B8:63:4D:A2:0E:13')
Data:  24:0A:C4:23:C1:EC ('Header', '48') ('RSSI', -46) ('Channel', 5) ('MAC', 'B8:63:4D:A2:0E:13')
Data:  24:0A:C4:23:D9:B0 ('Header', '48') ('RSSI', -62) ('Channel', 5) ('MAC', 'B8:63:4D:A2:0E:13')
Data:  24:0A:C4:23:C1:EC ('Header', '48') ('RSSI', -46) ('Channel', 5) ('MAC', 'B8:63:4D:A2:0E:13')
Data:  24:0A:C4:23:D9:B0 ('Header', '48') ('RSSI', -62) ('Channel', 5) ('MAC', 'B8:63:4D:A2:0E:13')
Data:  24:0A:C4:23:C1:EC ('Header', '48') ('RSSI', -46) ('Channel', 5) ('MAC', 'B8:63:4D:A2:0E:13')
Data:  24:0A:C4:23:D9:B0 ('Header', '48') ('RSSI', -63) ('Channel', 5) ('MAC', 'B8:63:4D:A2:0E:13')
Data:  24:0A:C4:23:C1:EC ('Header', '48') ('RSSI', -46) ('Channel', 5) ('MAC', 'B8:63:4D:A2:0E:13')
Data:  24:0A:C4:23:C1:EC ('Header', '48') ('RSSI', -46) ('Channel', 5) ('MAC', 'B8:63:4D:A2:0E:13')
Data:  24:0A:C4:23:D9:B0 ('Header', '48') ('RSSI', -63) ('Channel', 5) ('MAC', 'B8:63:4D:A2:0E:13')
Data:  24:0A:C4:23:D9:B0 ('Header', '48') ('RSSI', -64) ('Channel', 5) ('MAC', 'B8:63:4D:A2:0E:13')
Data:  24:0A:C4:23:C1:EC ('Header', '48') ('RSSI', -46) ('Channel', 5) ('MAC', 'B8:63:4D:A2:0E:13')
Data:  24:0A:C4:23:C1:EC ('Header', '48') ('RSSI', -45) ('Channel', 5) ('MAC', 'B8:63:4D:A2:0E:13')
Data:  24:0A:C4:23:C1:EC ('Header', '48') ('RSSI', -47) ('Channel', 5) ('MAC', 'B8:63:4D:A2:0E:13')
Data:  24:0A:C4:23:C1:EC ('Header', '48') ('RSSI', -46) ('Channel', 5) ('MAC', 'B8:63:4D:A2:0E:13')
Data:  24:0A:C4:23:C1:EC ('Header', '48') ('RSSI', -46) ('Channel', 5) ('MAC', 'B8:63:4D:A2:0E:13')
Data:  24:0A:C4:23:D9:B0 ('Header', '48') ('RSSI', -64) ('Channel', 5) ('MAC', 'B8:63:4D:A2:0E:13')
Data:  24:0A:C4:23:D9:B0 ('Header', '48') ('RSSI', -62) ('Channel', 5) ('MAC', 'B8:63:4D:A2:0E:13')
Data:  24:0A:C4:23:D9:B0 ('Header', '48') ('RSSI', -63) ('Channel', 5) ('MAC', 'B8:63:4D:A2:0E:13')
Data:  24:0A:C4:23:D9:B0 ('Header', '48') ('RSSI', -62) ('Channel', 5) ('MAC', 'B8:63:4D:A2:0E:13')
Data:  24:0A:C4:23:C1:EC ('Header', '48') ('RSSI', -47) ('Channel', 5) ('MAC', 'B8:63:4D:A2:0E:13')
Data:  24:0A:C4:23:D9:B0 ('Header', '48') ('RSSI', -64) ('Channel', 5) ('MAC', 'B8:63:4D:A2:0E:13')
Data:  24:0A:C4:23:C1:EC ('Header', '48') ('RSSI', -46) ('Channel', 5) ('MAC', 'B8:63:4D:A2:0E:13')
Data:  24:0A:C4:23:D9:B0 ('Header', '48') ('RSSI', -64) ('Channel', 5) ('MAC', 'B8:63:4D:A2:0E:13')
Data:  24:0A:C4:23:C1:EC ('Header', '48') ('RSSI', -46) ('Channel', 5) ('MAC', 'B8:63:4D:A2:0E:13')
Data:  24:0A:C4:23:D9:B0 ('Header', '48') ('RSSI', -65) ('Channel', 5) ('MAC', 'B8:63:4D:A2:0E:13')
Data:  24:0A:C4:23:D9:B0 ('Header', '48') ('RSSI', -63) ('Channel', 5) ('MAC', 'B8:63:4D:A2:0E:13')
Data:  24:0A:C4:23:C1:EC ('Header', '48') ('RSSI', -46) ('Channel', 5) ('MAC', 'B8:63:4D:A2:0E:13')
Data:  24:0A:C4:23:C1:EC ('Header', '48') ('RSSI', -46) ('Channel', 5) ('MAC', 'B8:63:4D:A2:0E:13')
Data:  24:0A:C4:23:D9:B0 ('Header', '48') ('RSSI', -63) ('Channel', 5) ('MAC', 'B8:63:4D:A2:0E:13')
Summary:  24:0A:C4:23:C1:EC 140 {'B8:63:4D:A2:0E:13': -46.1}
Summary:  3C:71:BF:99:F9:E0 840 {}
Summary:  24:0A:C4:23:D9:B0 662 {'B8:63:4D:A2:0E:13': -63.6}
Data:  24:0A:C4:23:D9:B0 ('Header', '48') ('RSSI', -65) ('Channel', 5) ('MAC', 'B8:63:4D:A2:0E:13')
Data:  24:0A:C4:23:C1:EC ('Header', '48') ('RSSI', -46) ('Channel', 5) ('MAC', 'B8:63:4D:A2:0E:13')
Data:  24:0A:C4:23:C1:EC ('Header', '48') ('RSSI', -46) ('Channel', 5) ('MAC', 'B8:63:4D:A2:0E:13')
Data:  24:0A:C4:23:D9:B0 ('Header', '48') ('RSSI', -65) ('Channel', 5) ('MAC', 'B8:63:4D:A2:0E:13')
Data:  24:0A:C4:23:C1:EC ('Header', '48') ('RSSI', -46) ('Channel', 5) ('MAC', 'B8:63:4D:A2:0E:13')
Data:  24:0A:C4:23:D9:B0 ('Header', '48') ('RSSI', -65) ('Channel', 5) ('MAC', 'B8:63:4D:A2:0E:13')
Data:  24:0A:C4:23:C1:EC ('Header', '48') ('RSSI', -46) ('Channel', 5) ('MAC', 'B8:63:4D:A2:0E:13')
Data:  24:0A:C4:23:D9:B0 ('Header', '48') ('RSSI', -64) ('Channel', 5) ('MAC', 'B8:63:4D:A2:0E:13')
Data:  24:0A:C4:23:D9:B0 ('Header', '48') ('RSSI', -64) ('Channel', 5) ('MAC', 'B8:63:4D:A2:0E:13')
Data:  24:0A:C4:23:C1:EC ('Header', '48') ('RSSI', -46) ('Channel', 5) ('MAC', 'B8:63:4D:A2:0E:13')
Data:  24:0A:C4:23:C1:EC ('Header', '48') ('RSSI', -47) ('Channel', 5) ('MAC', 'B8:63:4D:A2:0E:13')
Data:  24:0A:C4:23:D9:B0 ('Header', '48') ('RSSI', -63) ('Channel', 5) ('MAC', 'B8:63:4D:A2:0E:13')
Data:  24:0A:C4:23:C1:EC ('Header', '48') ('RSSI', -47) ('Channel', 5) ('MAC', 'B8:63:4D:A2:0E:13')
Data:  24:0A:C4:23:D9:B0 ('Header', '48') ('RSSI', -63) ('Channel', 5) ('MAC', 'B8:63:4D:A2:0E:13')
Data:  24:0A:C4:23:C1:EC ('Header', '48') ('RSSI', -46) ('Channel', 5) ('MAC', 'B8:63:4D:A2:0E:13')
Data:  24:0A:C4:23:D9:B0 ('Header', '48') ('RSSI', -64) ('Channel', 5) ('MAC', 'B8:63:4D:A2:0E:13')
Data:  24:0A:C4:23:D9:B0 ('Header', '48') ('RSSI', -64) ('Channel', 5) ('MAC', 'B8:63:4D:A2:0E:13')
Data:  24:0A:C4:23:C1:EC ('Header', '48') ('RSSI', -46) ('Channel', 5) ('MAC', 'B8:63:4D:A2:0E:13')
Data:  24:0A:C4:23:D9:B0 ('Header', '48') ('RSSI', -62) ('Channel', 5) ('MAC', 'B8:63:4D:A2:0E:13')
Data:  24:0A:C4:23:C1:EC ('Header', '48') ('RSSI', -47) ('Channel', 5) ('MAC', 'B8:63:4D:A2:0E:13')
Data:  24:0A:C4:23:D9:B0 ('Header', '48') ('RSSI', -62) ('Channel', 5) ('MAC', 'B8:63:4D:A2:0E:13')
Data:  24:0A:C4:23:C1:EC ('Header', '48') ('RSSI', -46) ('Channel', 5) ('MAC', 'B8:63:4D:A2:0E:13')
Data:  24:0A:C4:23:C1:EC ('Header', '48') ('RSSI', -47) ('Channel', 5) ('MAC', 'B8:63:4D:A2:0E:13')
Data:  24:0A:C4:23:D9:B0 ('Header', '48') ('RSSI', -63) ('Channel', 5) ('MAC', 'B8:63:4D:A2:0E:13')
Data:  24:0A:C4:23:C1:EC ('Header', '48') ('RSSI', -47) ('Channel', 5) ('MAC', 'B8:63:4D:A2:0E:13')
Data:  24:0A:C4:23:D9:B0 ('Header', '48') ('RSSI', -63) ('Channel', 5) ('MAC', 'B8:63:4D:A2:0E:13')
Data:  24:0A:C4:23:D9:B0 ('Header', '48') ('RSSI', -63) ('Channel', 5) ('MAC', 'B8:63:4D:A2:0E:13')
Data:  24:0A:C4:23:C1:EC ('Header', '48') ('RSSI', -47) ('Channel', 5) ('MAC', 'B8:63:4D:A2:0E:13')
Data:  24:0A:C4:23:D9:B0 ('Header', '48') ('RSSI', -63) ('Channel', 5) ('MAC', 'B8:63:4D:A2:0E:13')
Data:  24:0A:C4:23:C1:EC ('Header', '48') ('RSSI', -47) ('Channel', 5) ('MAC', 'B8:63:4D:A2:0E:13')
Data:  24:0A:C4:23:D9:B0 ('Header', '48') ('RSSI', -64) ('Channel', 5) ('MAC', 'B8:63:4D:A2:0E:13')
Data:  24:0A:C4:23:C1:EC ('Header', '48') ('RSSI', -47) ('Channel', 5) ('MAC', 'B8:63:4D:A2:0E:13')
Data:  24:0A:C4:23:D9:B0 ('Header', '48') ('RSSI', -63) ('Channel', 5) ('MAC', 'B8:63:4D:A2:0E:13')
Data:  24:0A:C4:23:C1:EC ('Header', '48') ('RSSI', -45) ('Channel', 5) ('MAC', 'B8:63:4D:A2:0E:13')
Data:  24:0A:C4:23:C1:EC ('Header', '48') ('RSSI', -45) ('Channel', 5) ('MAC', 'B8:63:4D:A2:0E:13')
Data:  24:0A:C4:23:D9:B0 ('Header', '48') ('RSSI', -63) ('Channel', 5) ('MAC', 'B8:63:4D:A2:0E:13')
Data:  24:0A:C4:23:C1:EC ('Header', '48') ('RSSI', -46) ('Channel', 5) ('MAC', 'B8:63:4D:A2:0E:13')
Data:  24:0A:C4:23:C1:EC ('Header', '48') ('RSSI', -46) ('Channel', 5) ('MAC', 'B8:63:4D:A2:0E:13')
Data:  24:0A:C4:23:D9:B0 ('Header', '48') ('RSSI', -64) ('Channel', 5) ('MAC', 'B8:63:4D:A2:0E:13')
Data:  24:0A:C4:23:C1:EC ('Header', '48') ('RSSI', -46) ('Channel', 5) ('MAC', 'B8:63:4D:A2:0E:13')
Data:  24:0A:C4:23:D9:B0 ('Header', '48') ('RSSI', -64) ('Channel', 5) ('MAC', 'B8:63:4D:A2:0E:13')
Data:  24:0A:C4:23:C1:EC ('Header', '48') ('RSSI', -46) ('Channel', 5) ('MAC', 'B8:63:4D:A2:0E:13')
Data:  24:0A:C4:23:D9:B0 ('Header', '48') ('RSSI', -63) ('Channel', 5) ('MAC', 'B8:63:4D:A2:0E:13')
Data:  24:0A:C4:23:C1:EC ('Header', '48') ('RSSI', -46) ('Channel', 5) ('MAC', 'B8:63:4D:A2:0E:13')
Data:  24:0A:C4:23:D9:B0 ('Header', '48') ('RSSI', -64) ('Channel', 5) ('MAC', 'B8:63:4D:A2:0E:13')
Data:  24:0A:C4:23:C1:EC ('Header', '48') ('RSSI', -46) ('Channel', 5) ('MAC', 'B8:63:4D:A2:0E:13')
Data:  24:0A:C4:23:D9:B0 ('Header', '48') ('RSSI', -63) ('Channel', 5) ('MAC', 'B8:63:4D:A2:0E:13')
Data:  24:0A:C4:23:C1:EC ('Header', '48') ('RSSI', -46) ('Channel', 5) ('MAC', 'B8:63:4D:A2:0E:13')
Data:  24:0A:C4:23:D9:B0 ('Header', '48') ('RSSI', -64) ('Channel', 5) ('MAC', 'B8:63:4D:A2:0E:13')
Data:  24:0A:C4:23:C1:EC ('Header', '48') ('RSSI', -46) ('Channel', 5) ('MAC', 'B8:63:4D:A2:0E:13')
Data:  24:0A:C4:23:D9:B0 ('Header', '48') ('RSSI', -64) ('Channel', 5) ('MAC', 'B8:63:4D:A2:0E:13')
Data:  24:0A:C4:23:D9:B0 ('Header', '48') ('RSSI', -64) ('Channel', 5) ('MAC', 'B8:63:4D:A2:0E:13')
Data:  24:0A:C4:23:D9:B0 ('Header', '48') ('RSSI', -64) ('Channel', 5) ('MAC', 'B8:63:4D:A2:0E:13')
Data:  24:0A:C4:23:D9:B0 ('Header', '48') ('RSSI', -64) ('Channel', 5) ('MAC', 'B8:63:4D:A2:0E:13')
Data:  24:0A:C4:23:D9:B0 ('Header', '48') ('RSSI', -63) ('Channel', 5) ('MAC', 'B8:63:4D:A2:0E:13')
Data:  24:0A:C4:23:C1:EC ('Header', '48') ('RSSI', -46) ('Channel', 5) ('MAC', 'B8:63:4D:A2:0E:13')
Data:  24:0A:C4:23:C1:EC ('Header', '48') ('RSSI', -46) ('Channel', 5) ('MAC', 'B8:63:4D:A2:0E:13')
Data:  24:0A:C4:23:C1:EC ('Header', '48') ('RSSI', -46) ('Channel', 5) ('MAC', 'B8:63:4D:A2:0E:13')
Data:  24:0A:C4:23:C1:EC ('Header', '48') ('RSSI', -47) ('Channel', 5) ('MAC', 'B8:63:4D:A2:0E:13')
Data:  24:0A:C4:23:C1:EC ('Header', '48') ('RSSI', -46) ('Channel', 5) ('MAC', 'B8:63:4D:A2:0E:13')
Data:  24:0A:C4:23:D9:B0 ('Header', '48') ('RSSI', -64) ('Channel', 5) ('MAC', 'B8:63:4D:A2:0E:13')
Data:  24:0A:C4:23:C1:EC ('Header', '48') ('RSSI', -47) ('Channel', 5) ('MAC', 'B8:63:4D:A2:0E:13')
Data:  24:0A:C4:23:D9:B0 ('Header', '48') ('RSSI', -62) ('Channel', 5) ('MAC', 'B8:63:4D:A2:0E:13')
Data:  24:0A:C4:23:C1:EC ('Header', '48') ('RSSI', -46) ('Channel', 5) ('MAC', 'B8:63:4D:A2:0E:13')
Data:  24:0A:C4:23:D9:B0 ('Header', '48') ('RSSI', -63) ('Channel', 5) ('MAC', 'B8:63:4D:A2:0E:13')
Data:  24:0A:C4:23:C1:EC ('Header', '48') ('RSSI', -47) ('Channel', 5) ('MAC', 'B8:63:4D:A2:0E:13')
Data:  24:0A:C4:23:D9:B0 ('Header', '48') ('RSSI', -64) ('Channel', 5) ('MAC', 'B8:63:4D:A2:0E:13')
Data:  24:0A:C4:23:C1:EC ('Header', '48') ('RSSI', -46) ('Channel', 5) ('MAC', 'B8:63:4D:A2:0E:13')
Data:  24:0A:C4:23:D9:B0 ('Header', '48') ('RSSI', -62) ('Channel', 5) ('MAC', 'B8:63:4D:A2:0E:13')
Data:  24:0A:C4:23:D9:B0 ('Header', '48') ('RSSI', -62) ('Channel', 5) ('MAC', 'B8:63:4D:A2:0E:13')
Data:  24:0A:C4:23:C1:EC ('Header', '48') ('RSSI', -47) ('Channel', 5) ('MAC', 'B8:63:4D:A2:0E:13')
Data:  24:0A:C4:23:C1:EC ('Header', '48') ('RSSI', -47) ('Channel', 5) ('MAC', 'B8:63:4D:A2:0E:13')
Data:  24:0A:C4:23:C1:EC ('Header', '48') ('RSSI', -47) ('Channel', 5) ('MAC', 'B8:63:4D:A2:0E:13')
Data:  24:0A:C4:23:C1:EC ('Header', '48') ('RSSI', -47) ('Channel', 5) ('MAC', 'B8:63:4D:A2:0E:13')
Data:  24:0A:C4:23:D9:B0 ('Header', '48') ('RSSI', -63) ('Channel', 5) ('MAC', 'B8:63:4D:A2:0E:13')
Data:  24:0A:C4:23:D9:B0 ('Header', '48') ('RSSI', -62) ('Channel', 5) ('MAC', 'B8:63:4D:A2:0E:13')
Data:  24:0A:C4:23:D9:B0 ('Header', '48') ('RSSI', -62) ('Channel', 5) ('MAC', 'B8:63:4D:A2:0E:13')
Data:  24:0A:C4:23:C1:EC ('Header', '48') ('RSSI', -47) ('Channel', 5) ('MAC', 'B8:63:4D:A2:0E:13')
Data:  24:0A:C4:23:D9:B0 ('Header', '48') ('RSSI', -63) ('Channel', 5) ('MAC', 'B8:63:4D:A2:0E:13')
Summary:  24:0A:C4:23:C1:EC 140 {'B8:63:4D:A2:0E:13': -46.4}
Summary:  3C:71:BF:99:F9:E0 840 {}
Summary:  24:0A:C4:23:D9:B0 662 {'B8:63:4D:A2:0E:13': -63.4}
Data:  24:0A:C4:23:C1:EC ('Header', '48') ('RSSI', -46) ('Channel', 5) ('MAC', 'B8:63:4D:A2:0E:13')
Data:  24:0A:C4:23:D9:B0 ('Header', '48') ('RSSI', -64) ('Channel', 5) ('MAC', 'B8:63:4D:A2:0E:13')
Data:  24:0A:C4:23:C1:EC ('Header', '48') ('RSSI', -47) ('Channel', 5) ('MAC', 'B8:63:4D:A2:0E:13')
Data:  24:0A:C4:23:D9:B0 ('Header', '48') ('RSSI', -65) ('Channel', 5) ('MAC', 'B8:63:4D:A2:0E:13')
Data:  24:0A:C4:23:C1:EC ('Header', '48') ('RSSI', -47) ('Channel', 5) ('MAC', 'B8:63:4D:A2:0E:13')
Data:  24:0A:C4:23:D9:B0 ('Header', '48') ('RSSI', -63) ('Channel', 5) ('MAC', 'B8:63:4D:A2:0E:13')
Data:  24:0A:C4:23:C1:EC ('Header', '48') ('RSSI', -46) ('Channel', 5) ('MAC', 'B8:63:4D:A2:0E:13')
Data:  24:0A:C4:23:D9:B0 ('Header', '48') ('RSSI', -62) ('Channel', 5) ('MAC', 'B8:63:4D:A2:0E:13')
Data:  24:0A:C4:23:C1:EC ('Header', '48') ('RSSI', -46) ('Channel', 5) ('MAC', 'B8:63:4D:A2:0E:13')
Data:  24:0A:C4:23:D9:B0 ('Header', '48') ('RSSI', -64) ('Channel', 5) ('MAC', 'B8:63:4D:A2:0E:13')
Data:  24:0A:C4:23:C1:EC ('Header', '48') ('RSSI', -46) ('Channel', 5) ('MAC', 'B8:63:4D:A2:0E:13')
Data:  24:0A:C4:23:D9:B0 ('Header', '48') ('RSSI', -63) ('Channel', 5) ('MAC', 'B8:63:4D:A2:0E:13')
Data:  24:0A:C4:23:C1:EC ('Header', '48') ('RSSI', -46) ('Channel', 5) ('MAC', 'B8:63:4D:A2:0E:13')
Data:  24:0A:C4:23:D9:B0 ('Header', '48') ('RSSI', -64) ('Channel', 5) ('MAC', 'B8:63:4D:A2:0E:13')
Data:  24:0A:C4:23:C1:EC ('Header', '48') ('RSSI', -46) ('Channel', 5) ('MAC', 'B8:63:4D:A2:0E:13')
Data:  24:0A:C4:23:D9:B0 ('Header', '48') ('RSSI', -64) ('Channel', 5) ('MAC', 'B8:63:4D:A2:0E:13')
Data:  24:0A:C4:23:D9:B0 ('Header', '48') ('RSSI', -64) ('Channel', 5) ('MAC', 'B8:63:4D:A2:0E:13')
Data:  24:0A:C4:23:C1:EC ('Header', '48') ('RSSI', -47) ('Channel', 5) ('MAC', 'B8:63:4D:A2:0E:13')
Data:  24:0A:C4:23:C1:EC ('Header', '48') ('RSSI', -47) ('Channel', 5) ('MAC', 'B8:63:4D:A2:0E:13')
Data:  24:0A:C4:23:D9:B0 ('Header', '48') ('RSSI', -64) ('Channel', 5) ('MAC', 'B8:63:4D:A2:0E:13')
Data:  24:0A:C4:23:C1:EC ('Header', '48') ('RSSI', -47) ('Channel', 5) ('MAC', 'B8:63:4D:A2:0E:13')
Data:  24:0A:C4:23:D9:B0 ('Header', '48') ('RSSI', -64) ('Channel', 5) ('MAC', 'B8:63:4D:A2:0E:13')
Data:  24:0A:C4:23:C1:EC ('Header', '48') ('RSSI', -46) ('Channel', 5) ('MAC', 'B8:63:4D:A2:0E:13')
Data:  24:0A:C4:23:D9:B0 ('Header', '48') ('RSSI', -62) ('Channel', 5) ('MAC', 'B8:63:4D:A2:0E:13')
Data:  24:0A:C4:23:C1:EC ('Header', '48') ('RSSI', -47) ('Channel', 5) ('MAC', 'B8:63:4D:A2:0E:13')
Data:  24:0A:C4:23:D9:B0 ('Header', '48') ('RSSI', -62) ('Channel', 5) ('MAC', 'B8:63:4D:A2:0E:13')
Data:  24:0A:C4:23:D9:B0 ('Header', '48') ('RSSI', -63) ('Channel', 5) ('MAC', 'B8:63:4D:A2:0E:13')
Data:  24:0A:C4:23:C1:EC ('Header', '48') ('RSSI', -47) ('Channel', 5) ('MAC', 'B8:63:4D:A2:0E:13')
Data:  24:0A:C4:23:D9:B0 ('Header', '48') ('RSSI', -63) ('Channel', 5) ('MAC', 'B8:63:4D:A2:0E:13')
Data:  24:0A:C4:23:C1:EC ('Header', '48') ('RSSI', -47) ('Channel', 5) ('MAC', 'B8:63:4D:A2:0E:13')
Data:  24:0A:C4:23:D9:B0 ('Header', '48') ('RSSI', -63) ('Channel', 5) ('MAC', 'B8:63:4D:A2:0E:13')
Data:  24:0A:C4:23:C1:EC ('Header', '48') ('RSSI', -47) ('Channel', 5) ('MAC', 'B8:63:4D:A2:0E:13')
Data:  24:0A:C4:23:D9:B0 ('Header', '48') ('RSSI', -64) ('Channel', 5) ('MAC', 'B8:63:4D:A2:0E:13')
Data:  24:0A:C4:23:C1:EC ('Header', '48') ('RSSI', -46) ('Channel', 5) ('MAC', 'B8:63:4D:A2:0E:13')
Data:  24:0A:C4:23:C1:EC ('Header', '48') ('RSSI', -47) ('Channel', 5) ('MAC', 'B8:63:4D:A2:0E:13')
Data:  24:0A:C4:23:D9:B0 ('Header', '48') ('RSSI', -63) ('Channel', 5) ('MAC', 'B8:63:4D:A2:0E:13')
Data:  24:0A:C4:23:D9:B0 ('Header', '48') ('RSSI', -64) ('Channel', 5) ('MAC', 'B8:63:4D:A2:0E:13')
Data:  24:0A:C4:23:D9:B0 ('Header', '48') ('RSSI', -62) ('Channel', 5) ('MAC', 'B8:63:4D:A2:0E:13')
Data:  24:0A:C4:23:C1:EC ('Header', '48') ('RSSI', -48) ('Channel', 5) ('MAC', 'B8:63:4D:A2:0E:13')
Data:  24:0A:C4:23:C1:EC ('Header', '48') ('RSSI', -47) ('Channel', 5) ('MAC', 'B8:63:4D:A2:0E:13')
Data:  24:0A:C4:23:C1:EC ('Header', '48') ('RSSI', -47) ('Channel', 5) ('MAC', 'B8:63:4D:A2:0E:13')
Data:  24:0A:C4:23:D9:B0 ('Header', '48') ('RSSI', -62) ('Channel', 5) ('MAC', 'B8:63:4D:A2:0E:13')
Data:  24:0A:C4:23:D9:B0 ('Header', '48') ('RSSI', -63) ('Channel', 5) ('MAC', 'B8:63:4D:A2:0E:13')
Data:  24:0A:C4:23:C1:EC ('Header', '48') ('RSSI', -47) ('Channel', 5) ('MAC', 'B8:63:4D:A2:0E:13')
Data:  24:0A:C4:23:C1:EC ('Header', '48') ('RSSI', -46) ('Channel', 5) ('MAC', 'B8:63:4D:A2:0E:13')
Data:  24:0A:C4:23:D9:B0 ('Header', '48') ('RSSI', -64) ('Channel', 5) ('MAC', 'B8:63:4D:A2:0E:13')
Data:  24:0A:C4:23:C1:EC ('Header', '48') ('RSSI', -47) ('Channel', 5) ('MAC', 'B8:63:4D:A2:0E:13')
Data:  24:0A:C4:23:D9:B0 ('Header', '48') ('RSSI', -63) ('Channel', 5) ('MAC', 'B8:63:4D:A2:0E:13')
Data:  24:0A:C4:23:D9:B0 ('Header', '48') ('RSSI', -62) ('Channel', 5) ('MAC', 'B8:63:4D:A2:0E:13')
Data:  24:0A:C4:23:C1:EC ('Header', '48') ('RSSI', -47) ('Channel', 5) ('MAC', 'B8:63:4D:A2:0E:13')
Data:  24:0A:C4:23:C1:EC ('Header', '48') ('RSSI', -47) ('Channel', 5) ('MAC', 'B8:63:4D:A2:0E:13')
Data:  24:0A:C4:23:D9:B0 ('Header', '48') ('RSSI', -62) ('Channel', 5) ('MAC', 'B8:63:4D:A2:0E:13')
Data:  24:0A:C4:23:C1:EC ('Header', '48') ('RSSI', -47) ('Channel', 5) ('MAC', 'B8:63:4D:A2:0E:13')
Data:  24:0A:C4:23:D9:B0 ('Header', '48') ('RSSI', -62) ('Channel', 5) ('MAC', 'B8:63:4D:A2:0E:13')
Data:  24:0A:C4:23:D9:B0 ('Header', '48') ('RSSI', -63) ('Channel', 5) ('MAC', 'B8:63:4D:A2:0E:13')
Data:  24:0A:C4:23:D9:B0 ('Header', '48') ('RSSI', -63) ('Channel', 5) ('MAC', 'B8:63:4D:A2:0E:13')
Data:  24:0A:C4:23:D9:B0 ('Header', '48') ('RSSI', -62) ('Channel', 5) ('MAC', 'B8:63:4D:A2:0E:13')
Data:  24:0A:C4:23:D9:B0 ('Header', '48') ('RSSI', -62) ('Channel', 5) ('MAC', 'B8:63:4D:A2:0E:13')
Data:  24:0A:C4:23:D9:B0 ('Header', '48') ('RSSI', -62) ('Channel', 5) ('MAC', 'B8:63:4D:A2:0E:13')
Data:  24:0A:C4:23:D9:B0 ('Header', '48') ('RSSI', -63) ('Channel', 5) ('MAC', 'B8:63:4D:A2:0E:13')
Data:  24:0A:C4:23:C1:EC ('Header', '48') ('RSSI', -47) ('Channel', 5) ('MAC', 'B8:63:4D:A2:0E:13')
Data:  24:0A:C4:23:C1:EC ('Header', '48') ('RSSI', -47) ('Channel', 5) ('MAC', 'B8:63:4D:A2:0E:13')
Data:  24:0A:C4:23:C1:EC ('Header', '48') ('RSSI', -47) ('Channel', 5) ('MAC', 'B8:63:4D:A2:0E:13')
Data:  24:0A:C4:23:C1:EC ('Header', '48') ('RSSI', -47) ('Channel', 5) ('MAC', 'B8:63:4D:A2:0E:13')
Data:  24:0A:C4:23:C1:EC ('Header', '48') ('RSSI', -47) ('Channel', 5) ('MAC', 'B8:63:4D:A2:0E:13')
Data:  24:0A:C4:23:C1:EC ('Header', '48') ('RSSI', -46) ('Channel', 5) ('MAC', 'B8:63:4D:A2:0E:13')
Data:  24:0A:C4:23:C1:EC ('Header', '48') ('RSSI', -46) ('Channel', 5) ('MAC', 'B8:63:4D:A2:0E:13')
Data:  24:0A:C4:23:D9:B0 ('Header', '48') ('RSSI', -63) ('Channel', 5) ('MAC', 'B8:63:4D:A2:0E:13')
Data:  24:0A:C4:23:C1:EC ('Header', '48') ('RSSI', -46) ('Channel', 5) ('MAC', 'B8:63:4D:A2:0E:13')
Data:  24:0A:C4:23:D9:B0 ('Header', '48') ('RSSI', -63) ('Channel', 5) ('MAC', 'B8:63:4D:A2:0E:13')
Data:  24:0A:C4:23:C1:EC ('Header', '48') ('RSSI', -46) ('Channel', 5) ('MAC', 'B8:63:4D:A2:0E:13')
Data:  24:0A:C4:23:D9:B0 ('Header', '48') ('RSSI', -63) ('Channel', 5) ('MAC', 'B8:63:4D:A2:0E:13')
Data:  24:0A:C4:23:C1:EC ('Header', '48') ('RSSI', -47) ('Channel', 5) ('MAC', 'B8:63:4D:A2:0E:13')
Data:  24:0A:C4:23:D9:B0 ('Header', '48') ('RSSI', -63) ('Channel', 5) ('MAC', 'B8:63:4D:A2:0E:13')
Data:  24:0A:C4:23:C1:EC ('Header', '48') ('RSSI', -47) ('Channel', 5) ('MAC', 'B8:63:4D:A2:0E:13')
Data:  24:0A:C4:23:C1:EC ('Header', '48') ('RSSI', -47) ('Channel', 5) ('MAC', 'B8:63:4D:A2:0E:13')
Data:  24:0A:C4:23:D9:B0 ('Header', '48') ('RSSI', -63) ('Channel', 5) ('MAC', 'B8:63:4D:A2:0E:13')
Data:  24:0A:C4:23:C1:EC ('Header', '48') ('RSSI', -47) ('Channel', 5) ('MAC', 'B8:63:4D:A2:0E:13')
Data:  24:0A:C4:23:D9:B0 ('Header', '48') ('RSSI', -63) ('Channel', 5) ('MAC', 'B8:63:4D:A2:0E:13')
Data:  24:0A:C4:23:C1:EC ('Header', '48') ('RSSI', -46) ('Channel', 5) ('MAC', 'B8:63:4D:A2:0E:13')
Data:  24:0A:C4:23:D9:B0 ('Header', '48') ('RSSI', -63) ('Channel', 5) ('MAC', 'B8:63:4D:A2:0E:13')
Data:  24:0A:C4:23:C1:EC ('Header', '48') ('RSSI', -47) ('Channel', 5) ('MAC', 'B8:63:4D:A2:0E:13')
Data:  24:0A:C4:23:D9:B0 ('Header', '48') ('RSSI', -64) ('Channel', 5) ('MAC', 'B8:63:4D:A2:0E:13')
Data:  24:0A:C4:23:D9:B0 ('Header', '48') ('RSSI', -63) ('Channel', 5) ('MAC', 'B8:63:4D:A2:0E:13')
Data:  24:0A:C4:23:C1:EC ('Header', '48') ('RSSI', -46) ('Channel', 5) ('MAC', 'B8:63:4D:A2:0E:13')
Data:  24:0A:C4:23:D9:B0 ('Header', '48') ('RSSI', -64) ('Channel', 5) ('MAC', 'B8:63:4D:A2:0E:13')
Data:  24:0A:C4:23:C1:EC ('Header', '48') ('RSSI', -47) ('Channel', 5) ('MAC', 'B8:63:4D:A2:0E:13')
Summary:  24:0A:C4:23:C1:EC 140 {'B8:63:4D:A2:0E:13': -46.7}
Summary:  3C:71:BF:99:F9:E0 840 {}
Summary:  24:0A:C4:23:D9:B0 662 {'B8:63:4D:A2:0E:13': -63.1}
Data:  24:0A:C4:23:D9:B0 ('Header', '48') ('RSSI', -64) ('Channel', 5) ('MAC', 'B8:63:4D:A2:0E:13')
Data:  24:0A:C4:23:C1:EC ('Header', '48') ('RSSI', -46) ('Channel', 5) ('MAC', 'B8:63:4D:A2:0E:13')
Data:  24:0A:C4:23:D9:B0 ('Header', '48') ('RSSI', -64) ('Channel', 5) ('MAC', 'B8:63:4D:A2:0E:13')
Data:  24:0A:C4:23:C1:EC ('Header', '48') ('RSSI', -47) ('Channel', 5) ('MAC', 'B8:63:4D:A2:0E:13')
Data:  24:0A:C4:23:D9:B0 ('Header', '48') ('RSSI', -64) ('Channel', 5) ('MAC', 'B8:63:4D:A2:0E:13')
Data:  24:0A:C4:23:C1:EC ('Header', '48') ('RSSI', -46) ('Channel', 5) ('MAC', 'B8:63:4D:A2:0E:13')
Data:  24:0A:C4:23:D9:B0 ('Header', '48') ('RSSI', -63) ('Channel', 5) ('MAC', 'B8:63:4D:A2:0E:13')
Data:  24:0A:C4:23:D9:B0 ('Header', '48') ('RSSI', -62) ('Channel', 5) ('MAC', 'B8:63:4D:A2:0E:13')
Data:  24:0A:C4:23:C1:EC ('Header', '48') ('RSSI', -47) ('Channel', 5) ('MAC', 'B8:63:4D:A2:0E:13')
Data:  24:0A:C4:23:D9:B0 ('Header', '48') ('RSSI', -62) ('Channel', 5) ('MAC', 'B8:63:4D:A2:0E:13')
Data:  24:0A:C4:23:C1:EC ('Header', '48') ('RSSI', -46) ('Channel', 5) ('MAC', 'B8:63:4D:A2:0E:13')
Data:  24:0A:C4:23:D9:B0 ('Header', '48') ('RSSI', -64) ('Channel', 5) ('MAC', 'B8:63:4D:A2:0E:13')
Data:  24:0A:C4:23:C1:EC ('Header', '48') ('RSSI', -46) ('Channel', 5) ('MAC', 'B8:63:4D:A2:0E:13')
Data:  24:0A:C4:23:D9:B0 ('Header', '48') ('RSSI', -63) ('Channel', 5) ('MAC', 'B8:63:4D:A2:0E:13')
Data:  24:0A:C4:23:C1:EC ('Header', '48') ('RSSI', -46) ('Channel', 5) ('MAC', 'B8:63:4D:A2:0E:13')
Data:  24:0A:C4:23:D9:B0 ('Header', '48') ('RSSI', -63) ('Channel', 5) ('MAC', 'B8:63:4D:A2:0E:13')
Data:  24:0A:C4:23:C1:EC ('Header', '48') ('RSSI', -46) ('Channel', 5) ('MAC', 'B8:63:4D:A2:0E:13')
Data:  24:0A:C4:23:C1:EC ('Header', '48') ('RSSI', -48) ('Channel', 5) ('MAC', 'B8:63:4D:A2:0E:13')
Data:  24:0A:C4:23:D9:B0 ('Header', '48') ('RSSI', -63) ('Channel', 5) ('MAC', 'B8:63:4D:A2:0E:13')
Data:  24:0A:C4:23:C1:EC ('Header', '48') ('RSSI', -47) ('Channel', 5) ('MAC', 'B8:63:4D:A2:0E:13')
Data:  24:0A:C4:23:D9:B0 ('Header', '48') ('RSSI', -64) ('Channel', 5) ('MAC', 'B8:63:4D:A2:0E:13')
Data:  24:0A:C4:23:C1:EC ('Header', '48') ('RSSI', -46) ('Channel', 5) ('MAC', 'B8:63:4D:A2:0E:13')
Data:  24:0A:C4:23:D9:B0 ('Header', '48') ('RSSI', -63) ('Channel', 5) ('MAC', 'B8:63:4D:A2:0E:13')
Data:  24:0A:C4:23:D9:B0 ('Header', '48') ('RSSI', -62) ('Channel', 5) ('MAC', 'B8:63:4D:A2:0E:13')
Data:  24:0A:C4:23:D9:B0 ('Header', '48') ('RSSI', -63) ('Channel', 5) ('MAC', 'B8:63:4D:A2:0E:13')
Data:  24:0A:C4:23:D9:B0 ('Header', '48') ('RSSI', -63) ('Channel', 5) ('MAC', 'B8:63:4D:A2:0E:13')
Data:  24:0A:C4:23:C1:EC ('Header', '48') ('RSSI', -46) ('Channel', 5) ('MAC', 'B8:63:4D:A2:0E:13')
Data:  24:0A:C4:23:C1:EC ('Header', '48') ('RSSI', -46) ('Channel', 5) ('MAC', 'B8:63:4D:A2:0E:13')
Data:  24:0A:C4:23:C1:EC ('Header', '48') ('RSSI', -46) ('Channel', 5) ('MAC', 'B8:63:4D:A2:0E:13')
Data:  24:0A:C4:23:C1:EC ('Header', '48') ('RSSI', -46) ('Channel', 5) ('MAC', 'B8:63:4D:A2:0E:13')
Data:  24:0A:C4:23:D9:B0 ('Header', '48') ('RSSI', -63) ('Channel', 5) ('MAC', 'B8:63:4D:A2:0E:13')
Data:  24:0A:C4:23:C1:EC ('Header', '48') ('RSSI', -47) ('Channel', 5) ('MAC', 'B8:63:4D:A2:0E:13')
Data:  24:0A:C4:23:D9:B0 ('Header', '48') ('RSSI', -63) ('Channel', 5) ('MAC', 'B8:63:4D:A2:0E:13')
Data:  24:0A:C4:23:C1:EC ('Header', '48') ('RSSI', -46) ('Channel', 5) ('MAC', 'B8:63:4D:A2:0E:13')
Data:  24:0A:C4:23:D9:B0 ('Header', '48') ('RSSI', -63) ('Channel', 5) ('MAC', 'B8:63:4D:A2:0E:13')
Data:  24:0A:C4:23:C1:EC ('Header', '48') ('RSSI', -47) ('Channel', 5) ('MAC', 'B8:63:4D:A2:0E:13')
Data:  24:0A:C4:23:D9:B0 ('Header', '48') ('RSSI', -64) ('Channel', 5) ('MAC', 'B8:63:4D:A2:0E:13')
Data:  24:0A:C4:23:D9:B0 ('Header', '48') ('RSSI', -63) ('Channel', 5) ('MAC', 'B8:63:4D:A2:0E:13')
Data:  24:0A:C4:23:C1:EC ('Header', '48') ('RSSI', -47) ('Channel', 5) ('MAC', 'B8:63:4D:A2:0E:13')
Data:  24:0A:C4:23:D9:B0 ('Header', '48') ('RSSI', -63) ('Channel', 5) ('MAC', 'B8:63:4D:A2:0E:13')
Data:  24:0A:C4:23:C1:EC ('Header', '48') ('RSSI', -47) ('Channel', 5) ('MAC', 'B8:63:4D:A2:0E:13')
Data:  24:0A:C4:23:D9:B0 ('Header', '48') ('RSSI', -63) ('Channel', 5) ('MAC', 'B8:63:4D:A2:0E:13')
Data:  24:0A:C4:23:C1:EC ('Header', '48') ('RSSI', -47) ('Channel', 5) ('MAC', 'B8:63:4D:A2:0E:13')
Data:  24:0A:C4:23:D9:B0 ('Header', '48') ('RSSI', -63) ('Channel', 5) ('MAC', 'B8:63:4D:A2:0E:13')
Data:  24:0A:C4:23:C1:EC ('Header', '48') ('RSSI', -47) ('Channel', 5) ('MAC', 'B8:63:4D:A2:0E:13')
Data:  24:0A:C4:23:D9:B0 ('Header', '48') ('RSSI', -62) ('Channel', 5) ('MAC', 'B8:63:4D:A2:0E:13')
Data:  24:0A:C4:23:C1:EC ('Header', '48') ('RSSI', -47) ('Channel', 5) ('MAC', 'B8:63:4D:A2:0E:13')
Data:  24:0A:C4:23:D9:B0 ('Header', '48') ('RSSI', -63) ('Channel', 5) ('MAC', 'B8:63:4D:A2:0E:13')
Data:  24:0A:C4:23:C1:EC ('Header', '48') ('RSSI', -48) ('Channel', 5) ('MAC', 'B8:63:4D:A2:0E:13')
Data:  24:0A:C4:23:D9:B0 ('Header', '48') ('RSSI', -63) ('Channel', 5) ('MAC', 'B8:63:4D:A2:0E:13')
Data:  24:0A:C4:23:C1:EC ('Header', '48') ('RSSI', -46) ('Channel', 5) ('MAC', 'B8:63:4D:A2:0E:13')
Data:  24:0A:C4:23:D9:B0 ('Header', '48') ('RSSI', -61) ('Channel', 5) ('MAC', 'B8:63:4D:A2:0E:13')
Data:  24:0A:C4:23:C1:EC ('Header', '48') ('RSSI', -47) ('Channel', 5) ('MAC', 'B8:63:4D:A2:0E:13')
Data:  24:0A:C4:23:C1:EC ('Header', '48') ('RSSI', -47) ('Channel', 5) ('MAC', 'B8:63:4D:A2:0E:13')
Data:  24:0A:C4:23:D9:B0 ('Header', '48') ('RSSI', -61) ('Channel', 5) ('MAC', 'B8:63:4D:A2:0E:13')
Data:  24:0A:C4:23:D9:B0 ('Header', '48') ('RSSI', -63) ('Channel', 5) ('MAC', 'B8:63:4D:A2:0E:13')
Data:  24:0A:C4:23:C1:EC ('Header', '48')