Data:  24:0A:C4:23:C1:EC ('MAC', 'B8:63:4D:A2:0E:13') ('Header', '48') ('Channel', 5) ('RSSI', -56)
Data:  24:0A:C4:23:D9:B0 ('MAC', 'B8:63:4D:A2:0E:13') ('Header', '48') ('Channel', 5) ('RSSI', -58)
Data:  24:0A:C4:23:D9:B0 ('MAC', 'B8:63:4D:A2:0E:13') ('Header', '48') ('Channel', 5) ('RSSI', -57)
Data:  24:0A:C4:23:C1:EC ('MAC', 'B8:63:4D:A2:0E:13') ('Header', '48') ('Channel', 5) ('RSSI', -55)
Data:  24:0A:C4:23:C1:EC ('MAC', 'B8:63:4D:A2:0E:13') ('Header', '48') ('Channel', 5) ('RSSI', -56)
Data:  24:0A:C4:23:D9:B0 ('MAC', 'B8:63:4D:A2:0E:13') ('Header', '48') ('Channel', 5) ('RSSI', -57)
Data:  24:0A:C4:23:D9:B0 ('MAC', 'B8:63:4D:A2:0E:13') ('Header', '48') ('Channel', 5) ('RSSI', -56)
Data:  24:0A:C4:23:C1:EC ('MAC', 'B8:63:4D:A2:0E:13') ('Header', '48') ('Channel', 5) ('RSSI', -56)
Data:  24:0A:C4:23:D9:B0 ('MAC', 'B8:63:4D:A2:0E:13') ('Header', '48') ('Channel', 5) ('RSSI', -56)
Data:  24:0A:C4:23:C1:EC ('MAC', 'B8:63:4D:A2:0E:13') ('Header', '48') ('Channel', 5) ('RSSI', -57)
Data:  24:0A:C4:23:D9:B0 ('MAC', 'B8:63:4D:A2:0E:13') ('Header', '48') ('Channel', 5) ('RSSI', -56)
Data:  24:0A:C4:23:C1:EC ('MAC', 'B8:63:4D:A2:0E:13') ('Header', '48') ('Channel', 5) ('RSSI', -55)
Data:  24:0A:C4:23:C1:EC ('MAC', 'B8:63:4D:A2:0E:13') ('Header', '48') ('Channel', 5) ('RSSI', -61)
Data:  24:0A:C4:23:D9:B0 ('MAC', 'B8:63:4D:A2:0E:13') ('Header', '48') ('Channel', 5) ('RSSI', -56)
Data:  24:0A:C4:23:C1:EC ('MAC', 'B8:63:4D:A2:0E:13') ('Header', '48') ('Channel', 5) ('RSSI', -62)
Data:  24:0A:C4:23:D9:B0 ('MAC', 'B8:63:4D:A2:0E:13') ('Header', '48') ('Channel', 5) ('RSSI', -56)
Data:  24:0A:C4:23:C1:EC ('MAC', 'B8:63:4D:A2:0E:13') ('Header', '48') ('Channel', 5) ('RSSI', -58)
Data:  24:0A:C4:23:D9:B0 ('MAC', 'B8:63:4D:A2:0E:13') ('Header', '48') ('Channel', 5) ('RSSI', -56)
Data:  24:0A:C4:23:C1:EC ('MAC', 'B8:63:4D:A2:0E:13') ('Header', '48') ('Channel', 5) ('RSSI', -58)
Data:  24:0A:C4:23:D9:B0 ('MAC', 'B8:63:4D:A2:0E:13') ('Header', '48') ('Channel', 5) ('RSSI', -56)
Data:  24:0A:C4:23:C1:EC ('MAC', 'B8:63:4D:A2:0E:13') ('Header', '48') ('Channel', 5) ('RSSI', -57)
Data:  24:0A:C4:23:D9:B0 ('MAC', 'B8:63:4D:A2:0E:13') ('Header', '48') ('Channel', 5) ('RSSI', -57)
Data:  24:0A:C4:23:D9:B0 ('MAC', 'B8:63:4D:A2:0E:13') ('Header', '48') ('Channel', 5) ('RSSI', -56)
Data:  24:0A:C4:23:C1:EC ('MAC', 'B8:63:4D:A2:0E:13') ('Header', '48') ('Channel', 5) ('RSSI', -55)
Data:  24:0A:C4:23:C1:EC ('MAC', 'B8:63:4D:A2:0E:13') ('Header', '48') ('Channel', 5) ('RSSI', -55)
Data:  24:0A:C4:23:D9:B0 ('MAC', 'B8:63:4D:A2:0E:13') ('Header', '48') ('Channel', 5) ('RSSI', -56)
Data:  24:0A:C4:23:C1:EC ('MAC', 'B8:63:4D:A2:0E:13') ('Header', '48') ('Channel', 5) ('RSSI', -56)
Data:  24:0A:C4:23:D9:B0 ('MAC', 'B8:63:4D:A2:0E:13') ('Header', '48') ('Channel', 5) ('RSSI', -58)
Data:  24:0A:C4:23:C1:EC ('MAC', 'B8:63:4D:A2:0E:13') ('Header', '48') ('Channel', 5) ('RSSI', -64)
Data:  24:0A:C4:23:C1:EC ('MAC', 'B8:63:4D:A2:0E:13') ('Header', '48') ('Channel', 5) ('RSSI', -64)
Data:  24:0A:C4:23:D9:B0 ('MAC', 'B8:63:4D:A2:0E:13') ('Header', '48') ('Channel', 5) ('RSSI', -53)
Data:  24:0A:C4:23:D9:B0 ('MAC', 'B8:63:4D:A2:0E:13') ('Header', '48') ('Channel', 5) ('RSSI', -57)
Data:  24:0A:C4:23:D9:B0 ('MAC', 'B8:63:4D:A2:0E:13') ('Header', '48') ('Channel', 5) ('RSSI', -57)
Data:  24:0A:C4:23:C1:EC ('MAC', 'B8:63:4D:A2:0E:13') ('Header', '48') ('Channel', 5) ('RSSI', -53)
Data:  24:0A:C4:23:D9:B0 ('MAC', 'B8:63:4D:A2:0E:13') ('Header', '48') ('Channel', 5) ('RSSI', -56)
Data:  24:0A:C4:23:C1:EC ('MAC', 'B8:63:4D:A2:0E:13') ('Header', '48') ('Channel', 5) ('RSSI', -55)
Data:  24:0A:C4:23:C1:EC ('MAC', 'B8:63:4D:A2:0E:13') ('Header', '48') ('Channel', 5) ('RSSI', -59)
Data:  24:0A:C4:23:C1:EC ('MAC', 'B8:63:4D:A2:0E:13') ('Header', '48') ('Channel', 5) ('RSSI', -63)
Data:  24:0A:C4:23:C1:EC ('MAC', 'B8:63:4D:A2:0E:13') ('Header', '48') ('Channel', 5) ('RSSI', -64)
Data:  24:0A:C4:23:D9:B0 ('MAC', 'B8:63:4D:A2:0E:13') ('Header', '48') ('Channel', 5) ('RSSI', -52)
Data:  24:0A:C4:23:D9:B0 ('MAC', 'B8:63:4D:A2:0E:13') ('Header', '48') ('Channel', 5) ('RSSI', -55)
Data:  24:0A:C4:23:D9:B0 ('MAC', 'B8:63:4D:A2:0E:13') ('Header', '48') ('Channel', 5) ('RSSI', -56)
Data:  24:0A:C4:23:C1:EC ('MAC', 'B8:63:4D:A2:0E:13') ('Header', '48') ('Channel', 5) ('RSSI', -56)
Data:  24:0A:C4:23:D9:B0 ('MAC', 'B8:63:4D:A2:0E:13') ('Header', '48') ('Channel', 5) ('RSSI', -57)
Data:  24:0A:C4:23:C1:EC ('MAC', 'B8:63:4D:A2:0E:13') ('Header', '48') ('Channel', 5) ('RSSI', -56)
Data:  24:0A:C4:23:D9:B0 ('MAC', 'B8:63:4D:A2:0E:13') ('Header', '48') ('Channel', 5) ('RSSI', -55)
Data:  24:0A:C4:23:C1:EC ('MAC', 'B8:63:4D:A2:0E:13') ('Header', '48') ('Channel', 5) ('RSSI', -56)
Data:  24:0A:C4:23:D9:B0 ('MAC', 'B8:63:4D:A2:0E:13') ('Header', '48') ('Channel', 5) ('RSSI', -56)
Data:  24:0A:C4:23:C1:EC ('MAC', 'B8:63:4D:A2:0E:13') ('Header', '48') ('Channel', 5) ('RSSI', -56)
Data:  24:0A:C4:23:D9:B0 ('MAC', 'B8:63:4D:A2:0E:13') ('Header', '48') ('Channel', 5) ('RSSI', -56)
Data:  24:0A:C4:23:D9:B0 ('MAC', 'B8:63:4D:A2:0E:13') ('Header', '48') ('Channel', 5) ('RSSI', -57)
Data:  24:0A:C4:23:C1:EC ('MAC', 'B8:63:4D:A2:0E:13') ('Header', '48') ('Channel', 5) ('RSSI', -56)
Data:  24:0A:C4:23:C1:EC ('MAC', 'B8:63:4D:A2:0E:13') ('Header', '48') ('Channel', 5) ('RSSI', -56)
Data:  24:0A:C4:23:D9:B0 ('MAC', 'B8:63:4D:A2:0E:13') ('Header', '48') ('Channel', 5) ('RSSI', -56)
Summary:  3C:71:BF:99:F9:E0 1138 {}
Summary:  24:0A:C4:23:D9:B0 460 {'B8:63:4D:A2:0E:13': -56.1}
Summary:  24:0A:C4:23:C1:EC 580 {'B8:63:4D:A2:0E:13': -57.6}
Data:  24:0A:C4:23:C1:EC ('MAC', 'B8:63:4D:A2:0E:13') ('Header', '48') ('Channel', 5) ('RSSI', -55)
Data:  24:0A:C4:23:D9:B0 ('MAC', 'B8:63:4D:A2:0E:13') ('Header', '48') ('Channel', 5) ('RSSI', -56)
Data:  24:0A:C4:23:D9:B0 ('MAC', 'B8:63:4D:A2:0E:13') ('Header', '48') ('Channel', 5) ('RSSI', -57)
Data:  24:0A:C4:23:D9:B0 ('MAC', 'B8:63:4D:A2:0E:13') ('Header', '48') ('Channel', 5) ('RSSI', -56)
Data:  24:0A:C4:23:C1:EC ('MAC', 'B8:63:4D:A2:0E:13') ('Header', '48') ('Channel', 5) ('RSSI', -55)
Data:  24:0A:C4:23:C1:EC ('MAC', 'B8:63:4D:A2:0E:13') ('Header', '48') ('Channel', 5) ('RSSI', -65)
Data:  24:0A:C4:23:C1:EC ('MAC', 'B8:63:4D:A2:0E:13') ('Header', '48') ('Channel', 5) ('RSSI', -65)
Data:  24:0A:C4:23:C1:EC ('MAC', 'B8:63:4D:A2:0E:13') ('Header', '48') ('Channel', 5) ('RSSI', -55)
Data:  24:0A:C4:23:D9:B0 ('MAC', 'B8:63:4D:A2:0E:13') ('Header', '48') ('Channel', 5) ('RSSI', -56)
Data:  24:0A:C4:23:D9:B0 ('MAC', 'B8:63:4D:A2:0E:13') ('Header', '48') ('Channel', 5) ('RSSI', -56)
Data:  24:0A:C4:23:C1:EC ('MAC', 'B8:63:4D:A2:0E:13') ('Header', '48') ('Channel', 5) ('RSSI', -55)
Data:  24:0A:C4:23:C1:EC ('MAC', 'B8:63:4D:A2:0E:13') ('Header', '48') ('Channel', 5) ('RSSI', -55)
Data:  24:0A:C4:23:D9:B0 ('MAC', 'B8:63:4D:A2:0E:13') ('Header', '48') ('Channel', 5) ('RSSI', -56)
Data:  24:0A:C4:23:D9:B0 ('MAC', 'B8:63:4D:A2:0E:13') ('Header', '48') ('Channel', 5) ('RSSI', -56)
Data:  24:0A:C4:23:C1:EC ('MAC', 'B8:63:4D:A2:0E:13') ('Header', '48') ('Channel', 5) ('RSSI', -55)
Data:  24:0A:C4:23:C1:EC ('MAC', 'B8:63:4D:A2:0E:13') ('Header', '48') ('Channel', 5) ('RSSI', -55)
Data:  24:0A:C4:23:D9:B0 ('MAC', 'B8:63:4D:A2:0E:13') ('Header', '48') ('Channel', 5) ('RSSI', -56)
Data:  24:0A:C4:23:C1:EC ('MAC', 'B8:63:4D:A2:0E:13') ('Header', '48') ('Channel', 5) ('RSSI', -55)
Data:  24:0A:C4:23:D9:B0 ('MAC', 'B8:63:4D:A2:0E:13') ('Header', '48') ('Channel', 5) ('RSSI', -56)
Data:  24:0A:C4:23:D9:B0 ('MAC', 'B8:63:4D:A2:0E:13') ('Header', '48') ('Channel', 5) ('RSSI', -55)
Data:  24:0A:C4:23:C1:EC ('MAC', 'B8:63:4D:A2:0E:13') ('Header', '48') ('Channel', 5) ('RSSI', -55)
Data:  24:0A:C4:23:C1:EC ('MAC', 'B8:63:4D:A2:0E:13') ('Header', '48') ('Channel', 5) ('RSSI', -55)
Data:  24:0A:C4:23:D9:B0 ('MAC', 'B8:63:4D:A2:0E:13') ('Header', '48') ('Channel', 5) ('RSSI', -56)
Data:  24:0A:C4:23:D9:B0 ('MAC', 'B8:63:4D:A2:0E:13') ('Header', '48') ('Channel', 5) ('RSSI', -57)
Data:  24:0A:C4:23:C1:EC ('MAC', 'B8:63:4D:A2:0E:13') ('Header', '48') ('Channel', 5) ('RSSI', -56)
Data:  24:0A:C4:23:C1:EC ('MAC', 'B8:63:4D:A2:0E:13') ('Header', '48') ('Channel', 5) ('RSSI', -56)
Data:  24:0A:C4:23:D9:B0 ('MAC', 'B8:63:4D:A2:0E:13') ('Header', '48') ('Channel', 5) ('RSSI', -55)
Data:  24:0A:C4:23:C1:EC ('MAC', 'B8:63:4D:A2:0E:13') ('Header', '48') ('Channel', 5) ('RSSI', -55)
Data:  24:0A:C4:23:C1:EC ('MAC', 'B8:63:4D:A2:0E:13') ('Header', '48') ('Channel', 5) ('RSSI', -55)
Data:  24:0A:C4:23:D9:B0 ('MAC', 'B8:63:4D:A2:0E:13') ('Header', '48') ('Channel', 5) ('RSSI', -56)
Data:  24:0A:C4:23:D9:B0 ('MAC', 'B8:63:4D:A2:0E:13') ('Header', '48') ('Channel', 5) ('RSSI', -54)
Data:  24:0A:C4:23:C1:EC ('MAC', 'B8:63:4D:A2:0E:13') ('Header', '48') ('Channel', 5) ('RSSI', -55)
Data:  24:0A:C4:23:D9:B0 ('MAC', 'B8:63:4D:A2:0E:13') ('Header', '48') ('Channel', 5) ('RSSI', -56)
Data:  24:0A:C4:23:C1:EC ('MAC', 'B8:63:4D:A2:0E:13') ('Header', '48') ('Channel', 5) ('RSSI', -55)
Data:  24:0A:C4:23:C1:EC ('MAC', 'B8:63:4D:A2:0E:13') ('Header', '48') ('Channel', 5) ('RSSI', -55)
Data:  24:0A:C4:23:D9:B0 ('MAC', 'B8:63:4D:A2:0E:13') ('Header', '48') ('Channel', 5) ('RSSI', -55)
Data:  24:0A:C4:23:D9:B0 ('MAC', 'B8:63:4D:A2:0E:13') ('Header', '48') ('Channel', 5) ('RSSI', -56)
Data:  24:0A:C4:23:C1:EC ('MAC', 'B8:63:4D:A2:0E:13') ('Header', '48') ('Channel', 5) ('RSSI', -55)
Data:  24:0A:C4:23:D9:B0 ('MAC', 'B8:63:4D:A2:0E:13') ('Header', '48') ('Channel', 5) ('RSSI', -56)
Data:  24:0A:C4:23:C1:EC ('MAC', 'B8:63:4D:A2:0E:13') ('Header', '48') ('Channel', 5) ('RSSI', -55)
Data:  24:0A:C4:23:C1:EC ('MAC', 'B8:63:4D:A2:0E:13') ('Header', '48') ('Channel', 5) ('RSSI', -55)
Data:  24:0A:C4:23:D9:B0 ('MAC', 'B8:63:4D:A2:0E:13') ('Header', '48') ('Channel', 5) ('RSSI', -55)
Data:  24:0A:C4:23:D9:B0 ('MAC', 'B8:63:4D:A2:0E:13') ('Header', '48') ('Channel', 5) ('RSSI', -55)
Data:  24:0A:C4:23:D9:B0 ('MAC', 'B8:63:4D:A2:0E:13') ('Header', '48') ('Channel', 5) ('RSSI', -56)
Data:  24:0A:C4:23:D9:B0 ('MAC', 'B8:63:4D:A2:0E:13') ('Header', '48') ('Channel', 5) ('RSSI', -55)
Data:  24:0A:C4:23:D9:B0 ('MAC', 'B8:63:4D:A2:0E:13') ('Header', '48') ('Channel', 5) ('RSSI', -56)
Data:  24:0A:C4:23:D9:B0 ('MAC', 'B8:63:4D:A2:0E:13') ('Header', '48') ('Channel', 5) ('RSSI', -57)
Data:  24:0A:C4:23:D9:B0 ('MAC', 'B8:63:4D:A2:0E:13') ('Header', '48') ('Channel', 5) ('RSSI', -57)
Data:  24:0A:C4:23:C1:EC ('MAC', 'B8:63:4D:A2:0E:13') ('Header', '48') ('Channel', 5) ('RSSI', -55)
Data:  24:0A:C4:23:C1:EC ('MAC', 'B8:63:4D:A2:0E:13') ('Header', '48') ('Channel', 5) ('RSSI', -55)
Data:  24:0A:C4:23:C1:EC ('MAC', 'B8:63:4D:A2:0E:13') ('Header', '48') ('Channel', 5) ('RSSI', -55)
Data:  24:0A:C4:23:C1:EC ('MAC', 'B8:63:4D:A2:0E:13') ('Header', '48') ('Channel', 5) ('RSSI', -55)
Data:  24:0A:C4:23:C1:EC ('MAC', 'B8:63:4D:A2:0E:13') ('Header', '48') ('Channel', 5) ('RSSI', -56)
Data:  24:0A:C4:23:C1:EC ('MAC', 'B8:63:4D:A2:0E:13') ('Header', '48') ('Channel', 5) ('RSSI', -55)
Data:  24:0A:C4:23:D9:B0 ('MAC', 'B8:63:4D:A2:0E:13') ('Header', '48') ('Channel', 5) ('RSSI', -57)
Data:  24:0A:C4:23:C1:EC ('MAC', 'B8:63:4D:A2:0E:13') ('Header', '48') ('Channel', 5) ('RSSI', -56)
Data:  24:0A:C4:23:C1:EC ('MAC', 'B8:63:4D:A2:0E:13') ('Header', '48') ('Channel', 5) ('RSSI', -58)
Data:  24:0A:C4:23:D9:B0 ('MAC', 'B8:63:4D:A2:0E:13') ('Header', '48') ('Channel', 5) ('RSSI', -56)
Data:  24:0A:C4:23:C1:EC ('MAC', 'B8:63:4D:A2:0E:13') ('Header', '48') ('Channel', 5) ('RSSI', -56)
Data:  24:0A:C4:23:D9:B0 ('MAC', 'B8:63:4D:A2:0E:13') ('Header', '48') ('Channel', 5) ('RSSI', -56)
Data:  24:0A:C4:23:D9:B0 ('MAC', 'B8:63:4D:A2:0E:13') ('Header', '48') ('Channel', 5) ('RSSI', -57)
Data:  24:0A:C4:23:C1:EC ('MAC', 'B8:63:4D:A2:0E:13') ('Header', '48') ('Channel', 5) ('RSSI', -57)
Data:  24:0A:C4:23:C1:EC ('MAC', 'B8:63:4D:A2:0E:13') ('Header', '48') ('Channel', 5) ('RSSI', -55)
Data:  24:0A:C4:23:D9:B0 ('MAC', 'B8:63:4D:A2:0E:13') ('Header', '48') ('Channel', 5) ('RSSI', -56)
Data:  24:0A:C4:23:C1:EC ('MAC', 'B8:63:4D:A2:0E:13') ('Header', '48') ('Channel', 5) ('RSSI', -56)
Data:  24:0A:C4:23:D9:B0 ('MAC', 'B8:63:4D:A2:0E:13') ('Header', '48') ('Channel', 5) ('RSSI', -56)
Data:  24:0A:C4:23:C1:EC ('MAC', 'B8:63:4D:A2:0E:13') ('Header', '48') ('Channel', 5) ('RSSI', -56)
Data:  24:0A:C4:23:D9:B0 ('MAC', 'B8:63:4D:A2:0E:13') ('Header', '48') ('Channel', 5) ('RSSI', -57)
Data:  24:0A:C4:23:C1:EC ('MAC', 'B8:63:4D:A2:0E:13') ('Header', '48') ('Channel', 5) ('RSSI', -56)
Data:  24:0A:C4:23:D9:B0 ('MAC', 'B8:63:4D:A2:0E:13') ('Header', '48') ('Channel', 5) ('RSSI', -56)
Data:  24:0A:C4:23:C1:EC ('MAC', 'B8:63:4D:A2:0E:13') ('Header', '48') ('Channel', 5) ('RSSI', -56)
Data:  24:0A:C4:23:D9:B0 ('MAC', 'B8:63:4D:A2:0E:13') ('Header', '48') ('Channel', 5) ('RSSI', -57)
Summary:  3C:71:BF:99:F9:E0 1138 {}
Summary:  24:0A:C4:23:D9:B0 460 {'B8:63:4D:A2:0E:13': -56.0}
Summary:  24:0A:C4:23:C1:EC 580 {'B8:63:4D:A2:0E:13': -55.9}
Data:  24:0A:C4:23:C1:EC ('MAC', 'B8:63:4D:A2:0E:13') ('Header', '40') ('Channel', 5) ('RSSI', -64)
Data:  24:0A:C4:23:D9:B0 ('MAC', 'B8:63:4D:A2:0E:13') ('Header', '40') ('Channel', 5) ('RSSI', -56)
Data:  24:0A:C4:23:C1:EC ('MAC', 'B8:63:4D:A2:0E:13') ('Header', '48') ('Channel', 5) ('RSSI', -55)
Data:  24:0A:C4:23:D9:B0 ('MAC', 'B8:63:4D:A2:0E:13') ('Header', '48') ('Channel', 5) ('RSSI', -55)
Data:  24:0A:C4:23:C1:EC ('MAC', 'B8:63:4D:A2:0E:13') ('Header', '40') ('Channel', 5) ('RSSI', -64)
Data:  24:0A:C4:23:D9:B0 ('MAC', 'B8:63:4D:A2:0E:13') ('Header', '40') ('Channel', 5) ('RSSI', -56)
Data:  24:0A:C4:23:C1:EC ('MAC', 'B8:63:4D:A2:0E:13') ('Header', '48') ('Channel', 5) ('RSSI', -56)
Data:  24:0A:C4:23:D9:B0 ('MAC', 'B8:63:4D:A2:0E:13') ('Header', '48') ('Channel', 5) ('RSSI', -57)
Data:  24:0A:C4:23:D9:B0 ('MAC', 'B8:63:4D:A2:0E:13') ('Header', '48') ('Channel', 5) ('RSSI', -54)
Data:  24:0A:C4:23:C1:EC ('MAC', 'B8:63:4D:A2:0E:13') ('Header', '48') ('Channel', 5) ('RSSI', -55)
Data:  24:0A:C4:23:D9:B0 ('MAC', 'B8:63:4D:A2:0E:13') ('Header', '48') ('Channel', 5) ('RSSI', -54)
Data:  24:0A:C4:23:C1:EC ('MAC', 'B8:63:4D:A2:0E:13') ('Header', '48') ('Channel', 5) ('RSSI', -55)
Data:  24:0A:C4:23:D9:B0 ('MAC', 'B8:63:4D:A2:0E:13') ('Header', '48') ('Channel', 5) ('RSSI', -54)
Data:  24:0A:C4:23:C1:EC ('MAC', 'B8:63:4D:A2:0E:13') ('Header', '48') ('Channel', 5) ('RSSI', -55)
Data:  24:0A:C4:23:D9:B0 ('MAC', 'B8:63:4D:A2:0E:13') ('Header', '48') ('Channel', 5) ('RSSI', -56)
Data:  24:0A:C4:23:C1:EC ('MAC', 'B8:63:4D:A2:0E:13') ('Header', '48') ('Channel', 5) ('RSSI', -56)
Data:  24:0A:C4:23:D9:B0 ('MAC', 'B8:63:4D:A2:0E:13') ('Header', '48') ('Channel', 5) ('RSSI', -56)
Data:  24:0A:C4:23:C1:EC ('MAC', 'B8:63:4D:A2:0E:13') ('Header', '48') ('Channel', 5) ('RSSI', -55)
Data:  24:0A:C4:23:D9:B0 ('MAC', 'B8:63:4D:A2:0E:13') ('Header', '48') ('Channel', 5) ('RSSI', -56)
Data:  24:0A:C4:23:C1:EC ('MAC', 'B8:63:4D:A2:0E:13') ('Header', '48') ('Channel', 5) ('RSSI', -55)
Data:  24:0A:C4:23:D9:B0 ('MAC', 'B8:63:4D:A2:0E:13') ('Header', '48') ('Channel', 5) ('RSSI', -54)
Data:  24:0A:C4:23:C1:EC ('MAC', 'B8:63:4D:A2:0E:13') ('Header', '48') ('Channel', 5) ('RSSI', -55)
Data:  24:0A:C4:23:C1:EC ('MAC', 'B8:63:4D:A2:0E:13') ('Header', '48') ('Channel', 5) ('RSSI', -56)
Data:  24:0A:C4:23:D9:B0 ('MAC', 'B8:63:4D:A2:0E:13') ('Header', '48') ('Channel', 5) ('RSSI', -57)
Data:  24:0A:C4:23:C1:EC ('MAC', 'B8:63:4D:A2:0E:13') ('Header', '48') ('Channel', 5) ('RSSI', -55)
Data:  24:0A:C4:23:D9:B0 ('MAC', 'B8:63:4D:A2:0E:13') ('Header', '48') ('Channel', 5) ('RSSI', -56)
Data:  24:0A:C4:23:C1:EC ('MAC', 'B8:63:4D:A2:0E:13') ('Header', '48') ('Channel', 5) ('RSSI', -55)
Data:  24:0A:C4:23:D9:B0 ('MAC', 'B8:63:4D:A2:0E:13') ('Header', '48') ('Channel', 5) ('RSSI', -56)
Data:  24:0A:C4:23:C1:EC ('MAC', 'B8:63:4D:A2:0E:13') ('Header', '48') ('Channel', 5) ('RSSI', -57)
Data:  24:0A:C4:23:D9:B0 ('MAC', 'B8:63:4D:A2:0E:13') ('Header', '48') ('Channel', 5) ('RSSI', -57)
Data:  24:0A:C4:23:C1:EC ('MAC', 'B8:63:4D:A2:0E:13') ('Header', '48') ('Channel', 5) ('RSSI', -56)
Data:  24:0A:C4:23:D9:B0 ('MAC', 'B8:63:4D:A2:0E:13') ('Header', '48') ('Channel', 5) ('RSSI', -56)
Data:  24:0A:C4:23:D9:B0 ('MAC', 'B8:63:4D:A2:0E:13') ('Header', '48') ('Channel', 5) ('RSSI', -56)
Data:  24:0A:C4:23:C1:EC ('MAC', 'B8:63:4D:A2:0E:13') ('Header', '48') ('Channel', 5) ('RSSI', -55)
Data:  24:0A:C4:23:D9:B0 ('MAC', 'B8:63:4D:A2:0E:13') ('Header', '48') ('Channel', 5) ('RSSI', -56)
Data:  24:0A:C4:23:C1:EC ('MAC', 'B8:63:4D:A2:0E:13') ('Header', '48') ('Channel', 5) ('RSSI', -55)
Data:  24:0A:C4:23:D9:B0 ('MAC', 'B8:63:4D:A2:0E:13') ('Header', '48') ('Channel', 5) ('RSSI', -55)
Data:  24:0A:C4:23:C1:EC ('MAC', 'B8:63:4D:A2:0E:13') ('Header', '48') ('Channel', 5) ('RSSI', -55)
Data:  24:0A:C4:23:D9:B0 ('MAC', 'B8:63:4D:A2:0E:13') ('Header', '48') ('Channel', 5) ('RSSI', -56)
Data:  24:0A:C4:23:D9:B0 ('MAC', 'B8:63:4D:A2:0E:13') ('Header', '48') ('Channel', 5) ('RSSI', -57)
Data:  24:0A:C4:23:C1:EC ('MAC', 'B8:63:4D:A2:0E:13') ('Header', '48') ('Channel', 5) ('RSSI', -56)
Data:  24:0A:C4:23:C1:EC ('MAC', 'B8:63:4D:A2:0E:13') ('Header', '48') ('Channel', 5) ('RSSI', -56)
Data:  24:0A:C4:23:D9:B0 ('MAC', 'B8:63:4D:A2:0E:13') ('Header', '48') ('Channel', 5) ('RSSI', -56)
Data:  24:0A:C4:23:C1:EC ('MAC', 'B8:63:4D:A2:0E:13') ('Header', '48') ('Channel', 5) ('RSSI', -56)
Data:  24:0A:C4:23:C1:EC ('MAC', 'B8:63:4D:A2:0E:13') ('Header', '48') ('Channel', 5) ('RSSI', -55)
Data:  24:0A:C4:23:D9:B0 ('MAC', 'B8:63:4D:A2:0E:13') ('Header', '48') ('Channel', 5) ('RSSI', -56)
Data:  24:0A:C4:23:C1:EC ('MAC', 'B8:63:4D:A2:0E:13') ('Header', '48') ('Channel', 5) ('RSSI', -56)
Data:  24:0A:C4:23:D9:B0 ('MAC', 'B8:63:4D:A2:0E:13') ('Header', '48') ('Channel', 5) ('RSSI', -56)
Data:  24:0A:C4:23:D9:B0 ('MAC', 'B8:63:4D:A2:0E:13') ('Header', '48') ('Channel', 5) ('RSSI', -56)
Data:  24:0A:C4:23:C1:EC ('MAC', 'B8:63:4D:A2:0E:13') ('Header', '48') ('Channel', 5) ('RSSI', -55)
Data:  24:0A:C4:23:D9:B0 ('MAC', 'B8:63:4D:A2:0E:13') ('Header', '48') ('Channel', 5) ('RSSI', -56)
Data:  24:0A:C4:23:C1:EC ('MAC', 'B8:63:4D:A2:0E:13') ('Header', '48') ('Channel', 5) ('RSSI', -55)
Data:  24:0A:C4:23:D9:B0 ('MAC', 'B8:63:4D:A2:0E:13') ('Header', '48') ('Channel', 5) ('RSSI', -55)
Data:  24:0A:C4:23:C1:EC ('MAC', 'B8:63:4D:A2:0E:13') ('Header', '48') ('Channel', 5) ('RSSI', -55)
Data:  24:0A:C4:23:D9:B0 ('MAC', 'B8:63:4D:A2:0E:13') ('Header', '48') ('Channel', 5) ('RSSI', -55)
Data:  24:0A:C4:23:C1:EC ('MAC', 'B8:63:4D:A2:0E:13') ('Header', '48') ('Channel', 5) ('RSSI', -55)
Data:  24:0A:C4:23:D9:B0 ('MAC', 'B8:63:4D:A2:0E:13') ('Header', '48') ('Channel', 5) ('RSSI', -56)
Data:  24:0A:C4:23:C1:EC ('MAC', 'B8:63:4D:A2:0E:13') ('Header', '48') ('Channel', 5) ('RSSI', -56)
Data:  24:0A:C4:23:D9:B0 ('MAC', 'B8:63:4D:A2:0E:13') ('Header', '48') ('Channel', 5) ('RSSI', -56)
Data:  24:0A:C4:23:C1:EC ('MAC', 'B8:63:4D:A2:0E:13') ('Header', '48') ('Channel', 5) ('RSSI', -55)
Data:  24:0A:C4:23:D9:B0 ('MAC', 'B8:63:4D:A2:0E:13') ('Header', '48') ('Channel', 5) ('RSSI', -56)
Data:  24:0A:C4:23:C1:EC ('MAC', 'B8:63:4D:A2:0E:13') ('Header', '48') ('Channel', 5) ('RSSI', -55)
Data:  24:0A:C4:23:D9:B0 ('MAC', 'B8:63:4D:A2:0E:13') ('Header', '48') ('Channel', 5) ('RSSI', -57)
Data:  24:0A:C4:23:C1:EC ('MAC', 'B8:63:4D:A2:0E:13') ('Header', '48') ('Channel', 5) ('RSSI', -55)
Data:  24:0A:C4:23:D9:B0 ('MAC', 'B8:63:4D:A2:0E:13') ('Header', '48') ('Channel', 5) ('RSSI', -56)
Data:  24:0A:C4:23:C1:EC ('MAC', 'B8:63:4D:A2:0E:13') ('Header', '48') ('Channel', 5) ('RSSI', -56)
Data:  24:0A:C4:23:D9:B0 ('MAC', 'B8:63:4D:A2:0E:13') ('Header', '48') ('Channel', 5) ('RSSI', -57)
Data:  24:0A:C4:23:C1:EC ('MAC', 'B8:63:4D:A2:0E:13') ('Header', '48') ('Channel', 5) ('RSSI', -56)
Data:  24:0A:C4:23:D9:B0 ('MAC', 'B8:63:4D:A2:0E:13') ('Header', '48') ('Channel', 5) ('RSSI', -56)
Data:  24:0A:C4:23:D9:B0 ('MAC', 'B8:63:4D:A2:0E:13') ('Header', '48') ('Channel', 5) ('RSSI', -55)
Data:  24:0A:C4:23:C1:EC ('MAC', 'B8:63:4D:A2:0E:13') ('Header', '48') ('Channel', 5) ('RSSI', -55)
Data:  24:0A:C4:23:C1:EC ('MAC', 'B8:63:4D:A2:0E:13') ('Header', '48') ('Channel', 5) ('RSSI', -55)
Summary:  3C:71:BF:99:F9:E0 1138 {}
Summary:  24:0A:C4:23:D9:B0 460 {'B8:63:4D:A2:0E:13': -55.8}
Summary:  24:0A:C4:23:C1:EC 580 {'B8:63:4D:A2:0E:13': -55.9}
Data:  24:0A:C4:23:D9:B0 ('MAC', 'B8:63:4D:A2:0E:13') ('Header', '48') ('Channel', 5) ('RSSI', -56)
Data:  24:0A:C4:23:C1:EC ('MAC', 'B8:63:4D:A2:0E:13') ('Header', '48') ('Channel', 5) ('RSSI', -56)
Data:  24:0A:C4:23:D9:B0 ('MAC', 'B8:63:4D:A2:0E:13') ('Header', '48') ('Channel', 5) ('RSSI', -57)
Data:  24:0A:C4:23:C1:EC ('MAC', 'B8:63:4D:A2:0E:13') ('Header', '48') ('Channel', 5) ('RSSI', -55)
Data:  24:0A:C4:23:D9:B0 ('MAC', 'B8:63:4D:A2:0E:13') ('Header', '48') ('Channel', 5) ('RSSI', -56)
Data:  24:0A:C4:23:C1:EC ('MAC', 'B8:63:4D:A2:0E:13') ('Header', '48') ('Channel', 5) ('RSSI', -55)
Data:  24:0A:C4:23:D9:B0 ('MAC', 'B8:63:4D:A2:0E:13') ('Header', '48') ('Channel', 5) ('RSSI', -55)
Data:  24:0A:C4:23:D9:B0 ('MAC', 'B8:63:4D:A2:0E:13') ('Header', '48') ('Channel', 5) ('RSSI', -53)
Data:  24:0A:C4:23:D9:B0 ('MAC', 'B8:63:4D:A2:0E:13') ('Header', '48') ('Channel', 5) ('RSSI', -57)
Data:  24:0A:C4:23:C1:EC ('MAC', 'B8:63:4D:A2:0E:13') ('Header', '48') ('Channel', 5) ('RSSI', -64)
Data:  24:0A:C4:23:C1:EC ('MAC', 'B8:63:4D:A2:0E:13') ('Header', '48') ('Channel', 5) ('RSSI', -55)
Data:  24:0A:C4:23:D9:B0 ('MAC', 'B8:63:4D:A2:0E:13') ('Header', '48') ('Channel', 5) ('RSSI', -56)
Data:  24:0A:C4:23:D9:B0 ('MAC', 'B8:63:4D:A2:0E:13') ('Header', '48') ('Channel', 5) ('RSSI', -56)
Data:  24:0A:C4:23:C1:EC ('MAC', 'B8:63:4D:A2:0E:13') ('Header', '48') ('Channel', 5) ('RSSI', -55)
Data:  24:0A:C4:23:C1:EC ('MAC', 'B8:63:4D:A2:0E:13') ('Header', '48') ('Channel', 5) ('RSSI', -55)
Data:  24:0A:C4:23:D9:B0 ('MAC', 'B8:63:4D:A2:0E:13') ('Header', '48') ('Channel', 5) ('RSSI', -56)
Data:  24:0A:C4:23:C1:EC ('MAC', 'B8:63:4D:A2:0E:13') ('Header', '48') ('Channel', 5) ('RSSI', -55)
Data:  24:0A:C4:23:C1:EC ('MAC', 'B8:63:4D:A2:0E:13') ('Header', '48') ('Channel', 5) ('RSSI', -55)
Data:  24:0A:C4:23:D9:B0 ('MAC', 'B8:63:4D:A2:0E:13') ('Header', '48') ('Channel', 5) ('RSSI', -55)
Data:  24:0A:C4:23:D9:B0 ('MAC', 'B8:63:4D:A2:0E:13') ('Header', '48') ('Channel', 5) ('RSSI', -55)
Data:  24:0A:C4:23:D9:B0 ('MAC', 'B8:63:4D:A2:0E:13') ('Header', '48') ('Channel', 5) ('RSSI', -55)
Data:  24:0A:C4:23:C1:EC ('MAC', 'B8:63:4D:A2:0E:13') ('Header', '48') ('Channel', 5) ('RSSI', -55)
Data:  24:0A:C4:23:C1:EC ('MAC', 'B8:63:4D:A2:0E:13') ('Header', '48') ('Channel', 5) ('RSSI', -55)
Data:  24:0A:C4:23:C1:EC ('MAC', 'B8:63:4D:A2:0E:13') ('Header', '48') ('Channel', 5) ('RSSI', -54)
Data:  24:0A:C4:23:D9:B0 ('MAC', 'B8:63:4D:A2:0E:13') ('Header', '48') ('Channel', 5) ('RSSI', -55)
Data:  24:0A:C4:23:D9:B0 ('MAC', 'B8:63:4D:A2:0E:13') ('Header', '48') ('Channel', 5) ('RSSI', -55)
Data:  24:0A:C4:23:C1:EC ('MAC', 'B8:63:4D:A2:0E:13') ('Header', '48') ('Channel', 5) ('RSSI', -55)
Data:  24:0A:C4:23:D9:B0 ('MAC', 'B8:63:4D:A2:0E:13') ('Header', '48') ('Channel', 5) ('RSSI', -56)
Data:  24:0A:C4:23:C1:EC ('MAC', 'B8:63:4D:A2:0E:13') ('Header', '48') ('Channel', 5) ('RSSI', -56)
Data:  24:0A:C4:23:D9:B0 ('MAC', 'B8:63:4D:A2:0E:13') ('Header', '48') ('Channel', 5) ('RSSI', -57)
Data:  24:0A:C4:23:C1:EC ('MAC', 'B8:63:4D:A2:0E:13') ('Header', '48') ('Channel', 5) ('RSSI', -55)
Data:  24:0A:C4:23:D9:B0 ('MAC', 'B8:63:4D:A2:0E:13') ('Header', '48') ('Channel', 5) ('RSSI', -56)
Data:  24:0A:C4:23:C1:EC ('MAC', 'B8:63:4D:A2:0E:13') ('Header', '48') ('Channel', 5) ('RSSI', -55)
Data:  24:0A:C4:23:D9:B0 ('MAC', 'B8:63:4D:A2:0E:13') ('Header', '48') ('Channel', 5) ('RSSI', -55)
Data:  24:0A:C4:23:D9:B0 ('MAC', 'B8:63:4D:A2:0E:13') ('Header', '48') ('Channel', 5) ('RSSI', -55)
Data:  24:0A:C4:23:C1:EC ('MAC', 'B8:63:4D:A2:0E:13') ('Header', '48') ('Channel', 5) ('RSSI', -55)
Data:  24:0A:C4:23:D9:B0 ('MAC', 'B8:63:4D:A2:0E:13') ('Header', '48') ('Channel', 5) ('RSSI', -55)
Data:  24:0A:C4:23:C1:EC ('MAC', 'B8:63:4D:A2:0E:13') ('Header', '48') ('Channel', 5) ('RSSI', -55)
Data:  24:0A:C4:23:D9:B0 ('MAC', 'B8:63:4D:A2:0E:13') ('Header', '48') ('Channel', 5) ('RSSI', -56)
Data:  24:0A:C4:23:C1:EC ('MAC', 'B8:63:4D:A2:0E:13') ('Header', '48') ('Channel', 5) ('RSSI', -55)
Data:  24:0A:C4:23:D9:B0 ('MAC', 'B8:63:4D:A2:0E:13') ('Header', '48') ('Channel', 5) ('RSSI', -56)
Data:  24:0A:C4:23:C1:EC ('MAC', 'B8:63:4D:A2:0E:13') ('Header', '48') ('Channel', 5) ('RSSI', -55)
Data:  24:0A:C4:23:D9:B0 ('MAC', 'B8:63:4D:A2:0E:13') ('Header', '48') ('Channel', 5) ('RSSI', -57)
Data:  24:0A:C4:23:C1:EC ('MAC', 'B8:63:4D:A2:0E:13') ('Header', '48') ('Channel', 5) ('RSSI', -56)
Data:  24:0A:C4:23:D9:B0 ('MAC', 'B8:63:4D:A2:0E:13') ('Header', '48') ('Channel', 5) ('RSSI', -55)
Data:  24:0A:C4:23:C1:EC ('MAC', 'B8:63:4D:A2:0E:13') ('Header', '48') ('Channel', 5) ('RSSI', -54)
Data:  24:0A:C4:23:C1:EC ('MAC', 'B8:63:4D:A2:0E:13') ('Header', '48') ('Channel', 5) ('RSSI', -55)
Data:  24:0A:C4:23:D9:B0 ('MAC', 'B8:63:4D:A2:0E:13') ('Header', '48') ('Channel', 5) ('RSSI', -56)
Data:  24:0A:C4:23:C1:EC ('MAC', 'B8:63:4D:A2:0E:13') ('Header', '48') ('Channel', 5) ('RSSI', -56)
Data:  24:0A:C4:23:D9:B0 ('MAC', 'B8:63:4D:A2:0E:13') ('Header', '48') ('Channel', 5) ('RSSI', -56)
Data:  24:0A:C4:23:D9:B0 ('MAC', 'B8:63:4D:A2:0E:13') ('Header', '48') ('Channel', 5) ('RSSI', -56)
Data:  24:0A:C4:23:C1:EC ('MAC', 'B8:63:4D:A2:0E:13') ('Header', '48') ('Channel', 5) ('RSSI', -56)
Data:  24:0A:C4:23:D9:B0 ('MAC', 'B8:63:4D:A2:0E:13') ('Header', '48') ('Channel', 5) ('RSSI', -56)
Data:  24:0A:C4:23:C1:EC ('MAC', 'B8:63:4D:A2:0E:13') ('Header', '48') ('Channel', 5) ('RSSI', -56)
Data:  24:0A:C4:23:D9:B0 ('MAC', 'B8:63:4D:A2:0E:13') ('Header', '48') ('Channel', 5) ('RSSI', -56)
Data:  24:0A:C4:23:C1:EC ('MAC', 'B8:63:4D:A2:0E:13') ('Header', '48') ('Channel', 5) ('RSSI', -56)
Data:  24:0A:C4:23:D9:B0 ('MAC', 'B8:63:4D:A2:0E:13') ('Header', '48') ('Channel', 5) ('RSSI', -56)
Data:  24:0A:C4:23:C1:EC ('MAC', 'B8:63:4D:A2:0E:13') ('Header', '48') ('Channel', 5) ('RSSI', -55)
Data:  24:0A:C4:23:C1:EC ('MAC', 'B8:63:4D:A2:0E:13') ('Header', '48') ('Channel', 5) ('RSSI', -57)
Data:  24:0A:C4:23:D9:B0 ('MAC', 'B8:63:4D:A2:0E:13') ('Header', '48') ('Channel', 5) ('RSSI', -56)
Data:  24:0A:C4:23:C1:EC ('MAC', 'B8:63:4D:A2:0E:13') ('Header', '48') ('Channel', 5) ('RSSI', -55)
Data:  24:0A:C4:23:D9:B0 ('MAC', 'B8:63:4D:A2:0E:13') ('Header', '48') ('Channel', 5) ('RSSI', -56)
Data:  24:0A:C4:23:C1:EC ('MAC', 'B8:63:4D:A2:0E:13') ('Header', '48') ('Channel', 5) ('RSSI', -56)
Data:  24:0A:C4:23:D9:B0 ('MAC', 'B8:63:4D:A2:0E:13') ('Header', '48') ('Channel', 5) ('RSSI', -55)
Data:  24:0A:C4:23:C1:EC ('MAC', 'B8:63:4D:A2:0E:13') ('Header', '48') ('Channel', 5) ('RSSI', -56)
Data:  24:0A:C4:23:D9:B0 ('MAC', 'B8:63:4D:A2:0E:13') ('Header', '48') ('Channel', 5) ('RSSI', -56)
Data:  24:0A:C4:23:C1:EC ('MAC', 'B8:63:4D:A2:0E:13') ('Header', '48') ('Channel', 5) ('RSSI', -56)
Data:  24:0A:C4:23:D9:B0 ('MAC', 'B8:63:4D:A2:0E:13') ('Header', '48') ('Channel', 5) ('RSSI', -56)
Data:  24:0A:C4:23:C1:EC ('MAC', 'B8:63:4D:A2:0E:13') ('Header', '48') ('Channel', 5) ('RSSI', -55)
Data:  24:0A:C4:23:D9:B0 ('MAC', 'B8:63:4D:A2:0E:13') ('Header', '48') ('Channel', 5) ('RSSI', -55)
Data:  24:0A:C4:23:C1:EC ('MAC', 'B8:63:4D:A2:0E:13') ('Header', '48') ('Channel', 5) ('RSSI', -56)
Data:  24:0A:C4:23:D9:B0 ('MAC', 'B8:63:4D:A2:0E:13') ('Header', '48') ('Channel', 5) ('RSSI', -57)
Data:  24:0A:C4:23:C1:EC ('MAC', 'B8:63:4D:A2:0E:13') ('Header', '48') ('Channel', 5) ('RSSI', -56)
Data:  24:0A:C4:23:D9:B0 ('MAC', 'B8:63:4D:A2:0E:13') ('Header', '48') ('Channel', 5) ('RSSI', -57)
Data:  24:0A:C4:23:C1:EC ('MAC', 'B8:63:4D:A2:0E:13') ('Header', '48') ('Channel', 5) ('RSSI', -56)
Data:  24:0A:C4:23:D9:B0 ('MAC', 'B8:63:4D:A2:0E:13') ('Header', '48') ('Channel', 5) ('RSSI', -57)
Data:  24:0A:C4:23:C1:EC ('MAC', 'B8:63:4D:A2:0E:13') ('Header', '48') ('Channel', 5) ('RSSI', -55)
Data:  24:0A:C4:23:D9:B0 ('MAC', 'B8:63:4D:A2:0E:13') ('Header', '48') ('Channel', 5) ('RSSI', -56)
Data:  24:0A:C4:23:C1:EC ('MAC', 'B8:63:4D:A2:0E:13') ('Header', '48') ('Channel', 5) ('RSSI', -55)
Data:  24:0A:C4:23:D9:B0 ('MAC', 'B8:63:4D:A2:0E:13') ('Header', '48') ('Channel', 5) ('RSSI', -55)
Data:  24:0A:C4:23:C1:EC ('MAC', 'B8:63:4D:A2:0E:13') ('Header', '48') ('Channel', 5) ('RSSI', -56)
Data:  24:0A:C4:23:D9:B0 ('MAC', 'B8:63:4D:A2:0E:13') ('Header', '48') ('Channel', 5) ('RSSI', -55)
Data:  24:0A:C4:23:D9:B0 ('MAC', 'B8:63:4D:A2:0E:13') ('Header', '48') ('Channel', 5) ('RSSI', -57)
Data:  24:0A:C4:23:C1:EC ('MAC', 'B8:63:4D:A2:0E:13') ('Header', '48') ('Channel', 5) ('RSSI', -55)
Data:  24:0A:C4:23:D9:B0 ('MAC', 'B8:63:4D:A2:0E:13') ('Header', '48') ('Channel', 5) ('RSSI', -57)
Data:  24:0A:C4:23:D9:B0 ('MAC', 'B8:63:4D:A2:0E:13') ('Header', '48') ('Channel', 5) ('RSSI', -56)
Data:  24:0A:C4:23:C1:EC ('MAC', 'B8:63:4D:A2:0E:13') ('Header', '48') ('Channel', 5) ('RSSI', -55)
Data:  24:0A:C4:23:C1:EC ('MAC', 'B8:63:4D:A2:0E:13') ('Header', '48') ('Channel', 5) ('RSSI', -55)
Data:  24:0A:C4:23:C1:EC ('MAC', 'B8:63:4D:A2:0E:13') ('Header', '48') ('Channel', 5) ('RSSI', -55)
Data:  24:0A:C4:23:D9:B0 ('MAC', 'B8:63:4D:A2:0E:13') ('Header', '48') ('Channel', 5) ('RSSI', -56)
Summary:  3C:71:BF:99:F9:E0 1138 {}
Summary:  24:0A:C4:23:D9:B0 460 {'B8:63:4D:A2:0E:13': -55.8}
Summary:  24:0A:C4:23:C1:EC 580 {'B8:63:4D:A2:0E:13': -55.5}
Data:  24:0A:C4:23:C1:EC ('MAC', 'B8:63:4D:A2:0E:13') ('Header', '48') ('Channel', 5) ('RSSI', -55)
Data:  24:0A:C4:23:C1:EC ('MAC', 'B8:63:4D:A2:0E:13') ('Header', '48') ('Channel', 5) ('RSSI', -55)
Data:  24:0A:C4:23:D9:B0 ('MAC', 'B8:63:4D:A2:0E:13') ('Header', '48') ('Channel', 5) ('RSSI', -56)
Data:  24:0A:C4:23:D9:B0 ('MAC', 'B8:63:4D:A2:0E:13') ('Header', '48') ('Channel', 5) ('RSSI', -56)
Data:  24:0A:C4:23:D9:B0 ('MAC', 'B8:63:4D:A2:0E:13') ('Header', '48') ('Channel', 5) ('RSSI', -56)
Data:  24:0A:C4:23:C1:EC ('MAC', 'B8:63:4D:A2:0E:13') ('Header', '48') ('Channel', 5) ('RSSI', -56)
Data:  24:0A:C4:23:C1:EC ('MAC', 'B8:63:4D:A2:0E:13') ('Header', '48') ('Channel', 5) ('RSSI', -55)
Data:  24:0A:C4:23:D9:B0 ('MAC', 'B8:63:4D:A2:0E:13') ('Header', '48') ('Channel', 5) ('RSSI', -55)
Data:  24:0A:C4:23:C1:EC ('MAC', 'B8:63:4D:A2:0E:13') ('Header', '48') ('Channel', 5) ('RSSI', -55)
Data:  24:0A:C4:23:D9:B0 ('MAC', 'B8:63:4D:A2:0E:13') ('Header', '48') ('Channel', 5) ('RSSI', -56)
Data:  24:0A:C4:23:D9:B0 ('MAC', 'B8:63:4D:A2:0E:13') ('Header', '48') ('Channel', 5) ('RSSI', -55)
Data:  24:0A:C4:23:C1:EC ('MAC', 'B8:63:4D:A2:0E:13') ('Header', '48') ('Channel', 5) ('RSSI', -55)
Data:  24:0A:C4:23:C1:EC ('MAC', 'B8:63:4D:A2:0E:13') ('Header', '48') ('Channel', 5) ('RSSI', -55)
Data:  24:0A:C4:23:D9:B0 ('MAC', 'B8:63:4D:A2:0E:13') ('Header', '48') ('Channel', 5) ('RSSI', -54)
Data:  24:0A:C4:23:D9:B0 ('MAC', 'B8:63:4D:A2:0E:13') ('Header', '48') ('Channel', 5) ('RSSI', -55)
Data:  24:0A:C4:23:C1:EC ('MAC', 'B8:63:4D:A2:0E:13') ('Header', '48') ('Channel', 5) ('RSSI', -55)
Data:  24:0A:C4:23:D9:B0 ('MAC', 'B8:63:4D:A2:0E:13') ('Header', '48') ('Channel', 5) ('RSSI', -55)
Data:  24:0A:C4:23:C1:EC ('MAC', 'B8:63:4D:A2:0E:13') ('Header', '48') ('Channel', 5) ('RSSI', -55)
Data:  24:0A:C4:23:C1:EC ('MAC', 'B8:63:4D:A2:0E:13') ('Header', '48') ('Channel', 5) ('RSSI', -55)
Data:  24:0A:C4:23:D9:B0 ('MAC', 'B8:63:4D:A2:0E:13') ('Header', '48') ('Channel', 5) ('RSSI', -55)
Data:  24:0A:C4:23:C1:EC ('MAC', 'B8:63:4D:A2:0E:13') ('Header', '48') ('Channel', 5) ('RSSI', -55)
Data:  24:0A:C4:23:D9:B0 ('MAC', 'B8:63:4D:A2:0E:13') ('Header', '48') ('Channel', 5) ('RSSI', -55)
Data:  24:0A:C4:23:C1:EC ('MAC', 'B8:63:4D:A2:0E:13') ('Header', '48') ('Channel', 5) ('RSSI', -55)
Data:  24:0A:C4:23:D9:B0 ('MAC', 'B8:63:4D:A2:0E:13') ('Header', '48') ('Channel', 5) ('RSSI', -55)
Data:  24:0A:C4:23:C1:EC ('MAC', 'B8:63:4D:A2:0E:13') ('Header', '48') ('Channel', 5) ('RSSI', -55)
Data:  24:0A:C4:23:D9:B0 ('MAC', 'B8:63:4D:A2:0E:13') ('Header', '48') ('Channel', 5) ('RSSI', -56)
Data:  24:0A:C4:23:C1:EC ('MAC', 'B8:63:4D:A2:0E:13') ('Header', '48') ('Channel', 5) ('RSSI', -56)
Data:  24:0A:C4:23:D9:B0 ('MAC', 'B8:63:4D:A2:0E:13') ('Header', '48') ('Channel', 5) ('RSSI', -56)
Data:  24:0A:C4:23:C1:EC ('MAC', 'B8:63:4D:A2:0E:13') ('Header', '48') ('Channel', 5) ('RSSI', -56)
Data:  24:0A:C4:23:D9:B0 ('MAC', 'B8:63:4D:A2:0E:13') ('Header', '48') ('Channel', 5) ('RSSI', -56)
Data:  24:0A:C4:23:C1:EC ('MAC', 'B8:63:4D:A2:0E:13') ('Header', '48') ('Channel', 5) ('RSSI', -55)
Data:  24:0A:C4:23:D9:B0 ('MAC', 'B8:63:4D:A2:0E:13') ('Header', '48') ('Channel', 5) ('RSSI', -56)
Data:  24:0A:C4:23:D9:B0 ('MAC', 'B8:63:4D:A2:0E:13') ('Header', '48') ('Channel', 5) ('RSSI', -56)
Data:  24:0A:C4:23:C1:EC ('MAC', 'B8:63:4D:A2:0E:13') ('Header', '48') ('Channel', 5) ('RSSI', -55)
Data:  24:0A:C4:23:C1:EC ('MAC', 'B8:63:4D:A2:0E:13') ('Header', '48') ('Channel', 5) ('RSSI', -56)
Data:  24:0A:C4:23:D9:B0 ('MAC', 'B8:63:4D:A2:0E:13') ('Header', '48') ('Channel', 5) ('RSSI', -56)
Data:  24:0A:C4:23:C1:EC ('MAC', 'B8:63:4D:A2:0E:13') ('Header', '48') ('Channel', 5) ('RSSI', -55)
Data:  24:0A:C4:23:D9:B0 ('MAC', 'B8:63:4D:A2:0E:13') ('Header', '48') ('Channel', 5) ('RSSI', -56)
Data:  24:0A:C4:23:D9:B0 ('MAC', 'B8:63:4D:A2:0E:13') ('Header', '48') ('Channel', 5) ('RSSI', -56)
Data:  24:0A:C4:23:D9:B0 ('MAC', 'B8:63:4D:A2:0E:13') ('Header', '48') ('Channel', 5) ('RSSI', -56)
Data:  24:0A:C4:23:C1:EC ('MAC', 'B8:63:4D:A2:0E:13') ('Header', '48') ('Channel', 5) ('RSSI', -55)
Data:  24:0A:C4:23:C1:EC ('MAC', 'B8:63:4D:A2:0E:13') ('Header', '48') ('Channel', 5) ('RSSI', -56)
Data:  24:0A:C4:23:D9:B0 ('MAC', 'B8:63:4D:A2:0E:13') ('Header', '48') ('Channel', 5) ('RSSI', -56)
Data:  24:0A:C4:23:C1:EC ('MAC', 'B8:63:4D:A2:0E:13') ('Header', '48') ('Channel', 5) ('RSSI', -56)
Data:  24:0A:C4:23:C1:EC ('MAC', 'B8:63:4D:A2:0E:13') ('Header', '48') ('Channel', 5) ('RSSI', -55)
Data:  24:0A:C4:23:D9:B0 ('MAC', 'B8:63:4D:A2:0E:13') ('Header', '48') ('Channel', 5) ('RSSI', -55)
Data:  24:0A:C4:23:C1:EC ('MAC', 'B8:63:4D:A2:0E:13') ('Header', '48') ('Channel', 5) ('RSSI', -55)
Data:  24:0A:C4:23:D9:B0 ('MAC', 'B8:63:4D:A2:0E:13') ('Header', '48') ('Channel', 5) ('RSSI', -55)
Data:  24:0A:C4:23:C1:EC ('MAC', 'B8:63:4D:A2:0E:13') ('Header', '48') ('Channel', 5) ('RSSI', -56)
Data:  24:0A:C4:23:D9:B0 ('MAC', 'B8:63:4D:A2:0E:13') ('Header', '48') ('Channel', 5) ('RSSI', -57)
Data:  24:0A:C4:23:D9:B0 ('MAC', 'B8:63:4D:A2:0E:13') ('Header', '48') ('Channel', 5) ('RSSI', -55)
Data:  24:0A:C4:23:C1:EC ('MAC', 'B8:63:4D:A2:0E:13') ('Header', '48') ('Channel', 5) ('RSSI', -55)
Data:  24:0A:C4:23:D9:B0 ('MAC', 'B8:63:4D:A2:0E:13') ('Header', '48') ('Channel', 5) ('RSSI', -56)
Data:  24:0A:C4:23:C1:EC ('MAC', 'B8:63:4D:A2:0E:13') ('Header', '48') ('Channel', 5) ('RSSI', -56)
Data:  24:0A:C4:23:D9:B0 ('MAC', 'B8:63:4D:A2:0E:13') ('Header', '48') ('Channel', 5) ('RSSI', -56)
Data:  24:0A:C4:23:C1:EC ('MAC', 'B8:63:4D:A2:0E:13') ('Header', '48') ('Channel', 5) ('RSSI', -55)
Data:  24:0A:C4:23:D9:B0 ('MAC', 'B8:63:4D:A2:0E:13') ('Header', '48') ('Channel', 5) ('RSSI', -56)
Data:  24:0A:C4:23:C1:EC ('MAC', 'B8:63:4D:A2:0E:13') ('Header', '48') ('Channel', 5) ('RSSI', -55)
Data:  24:0A:C4:23:D9:B0 ('MAC', 'B8:63:4D:A2:0E:13') ('Header', '48') ('Channel', 5) ('RSSI', -56)
Data:  24:0A:C4:23:C1:EC ('MAC', 'B8:63:4D:A2:0E:13') ('Header', '48') ('Channel', 5) ('RSSI', -55)
Data:  24:0A:C4:23:D9:B0 ('MAC', 'B8:63:4D:A2:0E:13') ('Header', '48') ('Channel', 5) ('RSSI', -56)
Data:  24:0A:C4:23:C1:EC ('MAC', 'B8:63:4D:A2:0E:13') ('Header', '48') ('Channel', 5) ('RSSI', -55)
Data:  24:0A:C4:23:D9:B0 ('MAC', 'B8:63:4D:A2:0E:13') ('Header', '48') ('Channel', 5) ('RSSI', -56)
Data:  24:0A:C4:23:C1:EC ('MAC', 'B8:63:4D:A2:0E:13') ('Header', '48') ('Channel', 5) ('RSSI', -55)
Data:  24:0A:C4:23:D9:B0 ('MAC', 'B8:63:4D:A2:0E:13') ('Header', '48') ('Channel', 5) ('RSSI', -55)
Data:  24:0A:C4:23:C1:EC ('MAC', 'B8:63:4D:A2:0E:13') ('Header', '48') ('Channel', 5) ('RSSI', -55)
Data:  24:0A:C4:23:D9:B0 ('MAC', 'B8:63:4D:A2:0E:13') ('Header', '48') ('Channel', 5) ('RSSI', -55)
Data:  24:0A:C4:23:C1:EC ('MAC', 'B8:63:4D:A2:0E:13') ('Header', '48') ('Channel', 5) ('RSSI', -55)
Data:  24:0A:C4:23:D9:B0 ('MAC', 'B8:63:4D:A2:0E:13') ('Header', '48') ('Channel', 5) ('RSSI', -55)
Data:  24:0A:C4:23:C1:EC ('MAC', 'B8:63:4D:A2:0E:13') ('Header', '48') ('Channel', 5) ('RSSI', -56)
Data:  24:0A:C4:23:D9:B0 ('MAC', 'B8:63:4D:A2:0E:13') ('Header', '48') ('Channel', 5) ('RSSI', -56)
Data:  24:0A:C4:23:C1:EC ('MAC', 'B8:63:4D:A2:0E:13') ('Header', '48') ('Channel', 5) ('RSSI', -55)
Data:  24:0A:C4:23:D9:B0 ('MAC', 'B8:63:4D:A2:0E:13') ('Header', '48') ('Channel', 5) ('RSSI', -55)
Data:  24:0A:C4:23:D9:B0 ('MAC', 'B8:63:4D:A2:0E:13') ('Header', '48') ('Channel', 5) ('RSSI', -55)
Data:  24:0A:C4:23:C1:EC ('MAC', 'B8:63:4D:A2:0E:13') ('Header', '48') ('Channel', 5) ('RSSI', -55)
Data:  24:0A:C4:23:D9:B0 ('MAC', 'B8:63:4D:A2:0E:13') ('Header', '48') ('Channel', 5) ('RSSI', -55)
Data:  24:0A:C4:23:C1:EC ('MAC', 'B8:63:4D:A2:0E:13') ('Header', '48') ('Channel', 5) ('RSSI', -55)
Data:  24:0A:C4:23:D9:B0 ('MAC', 'B8:63:4D:A2:0E:13') ('Header', '48') ('Channel', 5) ('RSSI', -56)
Data:  24:0A:C4:23:C1:EC ('MAC', 'B8:63:4D:A2:0E:13') ('Header', '48') ('Channel', 5) ('RSSI', -56)
Data:  24:0A:C4:23:C1:EC ('MAC', 'B8:63:4D:A2:0E:13') ('Header', '48') ('Channel', 5) ('RSSI', -56)
Data:  24:0A:C4:23:D9:B0 ('MAC', 'B8:63:4D:A2:0E:13') ('Header', '48') ('Channel', 5) ('RSSI', -56)
Data:  24:0A:C4:23:C1:EC ('MAC', 'B8:63:4D:A2:0E:13') ('Header', '48') ('Channel', 5) ('RSSI', -55)
Data:  24:0A:C4:23:D9:B0 ('MAC', 'B8:63:4D:A2:0E:13') ('Header', '48') ('Channel', 5) ('RSSI', -55)
Summary:  3C:71:BF:99:F9:E0 1138 {}
Summary:  24:0A:C4:23:D9:B0 460 {'B8:63:4D:A2:0E:13': -55.6}
Summary:  24:0A:C4:23:C1:EC 580 {'B8:63:4D:A2:0E:13': -55.3}
Data:  24:0A:C4:23:C1:EC ('MAC', 'B8:63:4D:A2:0E:13') ('Header', '48') ('Channel', 5) ('RSSI', -54)
Data:  24:0A:C4:23:D9:B0 ('MAC', 'B8:63:4D:A2:0E:13') ('Header', '48') ('Channel', 5) ('RSSI', -56)
Data:  24:0A:C4:23:D9:B0 ('MAC', 'B8:63:4D:A2:0E:13') ('Header', '48') ('Channel', 5) ('RSSI', -54)
Data:  24:0A:C4:23:D9:B0 ('MAC', 'B8:63:4D:A2:0E:13') ('Header', '48') ('Channel', 5) ('RSSI', -55)
Data:  24:0A:C4:23:D9:B0 ('MAC', 'B8:63:4D:A2:0E:13') ('Header', '48') ('Channel', 5) ('RSSI', -55)
Data:  24:0A:C4:23:C1:EC ('MAC', 'B8:63:4D:A2:0E:13') ('Header', '48') ('Channel', 5) ('RSSI', -54)
Data:  24:0A:C4:23:C1:EC ('MAC', 'B8:63:4D:A2:0E:13') ('Header', '48') ('Channel', 5) ('RSSI', -55)
Data:  24:0A:C4:23:C1:EC ('MAC', 'B8:63:4D:A2:0E:13') ('Header', '48') ('Channel', 5) ('RSSI', -55)
Data:  24:0A:C4:23:D9:B0 ('MAC', 'B8:63:4D:A2:0E:13') ('Header', '48') ('Channel', 5) ('RSSI', -55)
Data:  24:0A:C4:23:C1:EC ('MAC', 'B8:63:4D:A2:0E:13') ('Header', '48') ('Channel', 5) ('RSSI', -55)
Data:  24:0A:C4:23:D9:B0 ('MAC', 'B8:63:4D:A2:0E:13') ('Header', '48') ('Channel', 5) ('RSSI', -55)
Data:  24:0A:C4:23:D9:B0 ('MAC', 'B8:63:4D:A2:0E:13') ('Header', '48') ('Channel', 5) ('RSSI', -54)
Data:  24:0A:C4:23:C1:EC ('MAC', 'B8:63:4D:A2:0E:13') ('Header', '48') ('Channel', 5) ('RSSI', -55)
Data:  24:0A:C4:23:C1:EC ('MAC', 'B8:63:4D:A2:0E:13') ('Header', '48') ('Channel', 5) ('RSSI', -55)
Data:  24:0A:C4:23:D9:B0 ('MAC', 'B8:63:4D:A2:0E:13') ('Header', '48') ('Channel', 5) ('RSSI', -55)
Data:  24:0A:C4:23:C1:EC ('MAC', 'B8:63:4D:A2:0E:13') ('Header', '48') ('Channel', 5) ('RSSI', -55)
Data:  24:0A:C4:23:D9:B0 ('MAC', 'B8:63:4D:A2:0E:13') ('Header', '48') ('Channel', 5) ('RSSI', -55)
Data:  24:0A:C4:23:C1:EC ('MAC', 'B8:63:4D:A2:0E:13') ('Header', '48') ('Channel', 5) ('RSSI', -55)
Data:  24:0A:C4:23:C1:EC ('MAC', 'B8:63:4D:A2:0E:13') ('Header', '48') ('Channel', 5) ('RSSI', -55)
Data:  24:0A:C4:23:D9:B0 ('MAC', 'B8:63:4D:A2:0E:13') ('Header', '48') ('Channel', 5) ('RSSI', -55)
Data:  24:0A:C4:23:C1:EC ('MAC', 'B8:63:4D:A2:0E:13') ('Header', '48') ('Channel', 5) ('RSSI', -64)
Data:  24:0A:C4:23:D9:B0 ('MAC', 'B8:63:4D:A2:0E:13') ('Header', '48') ('Channel', 5) ('RSSI', -58)
Data:  24:0A:C4:23:C1:EC ('MAC', 'B8:63:4D:A2:0E:13') ('Header', '48') ('Channel', 5) ('RSSI', -55)
Data:  24:0A:C4:23:D9:B0 ('MAC', 'B8:63:4D:A2:0E:13') ('Header', '48') ('Channel', 5) ('RSSI', -55)
Data:  24:0A:C4:23:C1:EC ('MAC', 'B8:63:4D:A2:0E:13') ('Header', '48') ('Channel', 5) ('RSSI', -55)
Data:  24:0A:C4:23:D9:B0 ('MAC', 'B8:63:4D:A2:0E:13') ('Header', '48') ('Channel', 5) ('RSSI', -55)
Data:  24:0A:C4:23:C1:EC ('MAC', 'B8:63:4D:A2:0E:13') ('Header', '48') ('Channel', 5) ('RSSI', -55)
Data:  24:0A:C4:23:D9:B0 ('MAC', 'B8:63:4D:A2:0E:13') ('Header', '48') ('Channel', 5) ('RSSI', -55)
Data:  24:0A:C4:23:D9:B0 ('MAC', 'B8:63:4D:A2:0E:13') ('Header', '48') ('Channel', 5) ('RSSI', -55)
Data:  24:0A:C4:23:C1:EC ('MAC', 'B8:63:4D:A2:0E:13') ('Header', '48') ('Channel', 5) ('RSSI', -55)
Data:  24:0A:C4:23:D9:B0 ('MAC', 'B8:63:4D:A2:0E:13') ('Header', '48') ('Channel', 5) ('RSSI', -56)
Data:  24:0A:C4:23:C1:EC ('MAC', 'B8:63:4D:A2:0E:13') ('Header', '48') ('Channel', 5) ('RSSI', -56)
Data:  24:0A:C4:23:C1:EC ('MAC', 'B8:63:4D:A2:0E:13') ('Header', '48') ('Channel', 5) ('RSSI', -55)
Data:  24:0A:C4:23:D9:B0 ('MAC', 'B8:63:4D:A2:0E:13') ('Header', '48') ('Channel', 5) ('RSSI', -55)
Data:  24:0A:C4:23:C1:EC ('MAC', 'B8:63:4D:A2:0E:13') ('Header', '48') ('Channel', 5) ('RSSI', -55)
Data:  24:0A:C4:23:D9:B0 ('MAC', 'B8:63:4D:A2:0E:13') ('Header', '48') ('Channel', 5) ('RSSI', -56)
Data:  24:0A:C4:23:C1:EC ('MAC', 'B8:63:4D:A2:0E:13') ('Header', '48') ('Channel', 5) ('RSSI', -55)
Data:  24:0A:C4:23:C1:EC ('MAC', 'B8:63:4D:A2:0E:13') ('Header', '48') ('Channel', 5) ('RSSI', -55)
Data:  24:0A:C4:23:D9:B0 ('MAC', 'B8:63:4D:A2:0E:13') ('Header', '48') ('Channel', 5) ('RSSI', -55)
Data:  24:0A:C4:23:C1:EC ('MAC', 'B8:63:4D:A2:0E:13') ('Header', '48') ('Channel', 5) ('RSSI', -56)
Data:  24:0A:C4:23:D9:B0 ('MAC', 'B8:63:4D:A2:0E:13') ('Header', '48') ('Channel', 5) ('RSSI', -55)
Data:  24:0A:C4:23:D9:B0 ('MAC', 'B8:63:4D:A2:0E:13') ('Header', '48') ('Channel', 5) ('RSSI', -56)
Data:  24:0A:C4:23:C1:EC ('MAC', 'B8:63:4D:A2:0E:13') ('Header', '48') ('Channel', 5) ('RSSI', -55)
Data:  24:0A:C4:23:C1:EC ('MAC', 'B8:63:4D:A2:0E:13') ('Header', '48') ('Channel', 5) ('RSSI', -55)
Data:  24:0A:C4:23:D9:B0 ('MAC', 'B8:63:4D:A2:0E:13') ('Header', '48') ('Channel', 5) ('RSSI', -55)
Data:  24:0A:C4:23:C1:EC ('MAC', 'B8:63:4D:A2:0E:13') ('Header', '48') ('Channel', 5) ('RSSI', -56)
Data:  24:0A:C4:23:D9:B0 ('MAC', 'B8:63:4D:A2:0E:13') ('Header', '48') ('Channel', 5) ('RSSI', -55)
Data:  24:0A:C4:23:D9:B0 ('MAC', 'B8:63:4D:A2:0E:13') ('Header', '48') ('Channel', 5) ('RSSI', -57)
Data:  24:0A:C4:23:C1:EC ('MAC', 'B8:63:4D:A2:0E:13') ('Header', '48') ('Channel', 5) ('RSSI', -55)
Data:  24:0A:C4:23:D9:B0 ('MAC', 'B8:63:4D:A2:0E:13') ('Header', '48') ('Channel', 5) ('RSSI', -55)
Data:  24:0A:C4:23:D9:B0 ('MAC', 'B8:63:4D:A2:0E:13') ('Header', '48') ('Channel', 5) ('RSSI', -55)
Data:  24:0A:C4:23:C1:EC ('MAC', 'B8:63:4D:A2:0E:13') ('Header', '48') ('Channel', 5) ('RSSI', -55)
Data:  24:0A:C4:23:D9:B0 ('MAC', 'B8:63:4D:A2:0E:13') ('Header', '48') ('Channel', 5) ('RSSI', -54)
Data:  24:0A:C4:23:C1:EC ('MAC', 'B8:63:4D:A2:0E:13') ('Header', '48') ('Channel', 5) ('RSSI', -55)
Data:  24:0A:C4:23:C1:EC ('MAC', 'B8:63:4D:A2:0E:13') ('Header', '48') ('Channel', 5) ('RSSI', -55)
Data:  24:0A:C4:23:C1:EC ('MAC', 'B8:63:4D:A2:0E:13') ('Header', '48') ('Channel', 5) ('RSSI', -55)
Data:  24:0A:C4:23:D9:B0 ('MAC', 'B8:63:4D:A2:0E:13') ('Header', '48') ('Channel', 5) ('RSSI', -55)
Data:  24:0A:C4:23:C1:EC ('MAC', 'B8:63:4D:A2:0E:13') ('Header', '48') ('Channel', 5) ('RSSI', -55)
Data:  24:0A:C4:23:D9:B0 ('MAC', 'B8:63:4D:A2:0E:13') ('Header', '48') ('Channel', 5) ('RSSI', -55)
Data:  24:0A:C4:23:C1:EC ('MAC', 'B8:63:4D:A2:0E:13') ('Header', '48') ('Channel', 5) ('RSSI', -55)
Data:  24:0A:C4:23:D9:B0 ('MAC', 'B8:63:4D:A2:0E:13') ('Header', '48') ('Channel', 5) ('RSSI', -55)
Data:  24:0A:C4:23:D9:B0 ('MAC', 'B8:63:4D:A2:0E:13') ('Header', '48') ('Channel', 5) ('RSSI', -55)
Data:  24:0A:C4:23:D9:B0 ('MAC', 'B8:63:4D:A2:0E:13') ('Header', '48') ('Channel', 5) ('RSSI', -55)
Data:  24:0A:C4:23:C1:EC ('MAC', 'B8:63:4D:A2:0E:13') ('Header', '48') ('Channel', 5) ('RSSI', -55)
Data:  24:0A:C4:23:C1:EC ('MAC', 'B8:63:4D:A2:0E:13') ('Header', '48') ('Channel', 5) ('RSSI', -55)
Data:  24:0A:C4:23:D9:B0 ('MAC', 'B8:63:4D:A2:0E:13') ('Header', '48') ('Channel', 5) ('RSSI', -55)
Data:  24:0A:C4:23:C1:EC ('MAC', 'B8:63:4D:A2:0E:13') ('Header', '48') ('Channel', 5) ('RSSI', -55)
Data:  24:0A:C4:23:D9:B0 ('MAC', 'B8:63:4D:A2:0E:13') ('Header', '48') ('Channel', 5) ('RSSI', -55)
Data:  24:0A:C4:23:C1:EC ('MAC', 'B8:63:4D:A2:0E:13') ('Header', '48') ('Channel', 5) ('RSSI', -55)
Data:  24:0A:C4:23:D9:B0 ('MAC', 'B8:63:4D:A2:0E:13') ('Header', '48') ('Channel', 5) ('RSSI', -55)
Data:  24:0A:C4:23:C1:EC ('MAC', 'B8:63:4D:A2:0E:13') ('Header', '48') ('Channel', 5) ('RSSI', -55)
Data:  24:0A:C4:23:D9:B0 ('MAC', 'B8:63:4D:A2:0E:13') ('Header', '48') ('Channel', 5) ('RSSI', -55)
Data:  24:0A:C4:23:D9:B0 ('MAC', 'B8:63:4D:A2:0E:13') ('Header', '48') ('Channel', 5) ('RSSI', -57)
Data:  24:0A:C4:23:C1:EC ('MAC', 'B8:63:4D:A2:0E:13') ('Header', '48') ('Channel', 5) ('RSSI', -56)
Data:  24:0A:C4:23:D9:B0 ('MAC', 'B8:63:4D:A2:0E:13') ('Header', '48') ('Channel', 5) ('RSSI', -56)
Data:  24:0A:C4:23:C1:EC ('MAC', 'B8:63:4D:A2:0E:13') ('Header', '48') ('Channel', 5) ('RSSI', -55)
Data:  24:0A:C4:23:D9:B0 ('MAC', 'B8:63:4D:A2:0E:13') ('Header', '48') ('Channel', 5) ('RSSI', -55)
Data:  24:0A:C4:23:C1:EC ('MAC', 'B8:63:4D:A2:0E:13') ('Header', '48') ('Channel', 5) ('RSSI', -55)
Data:  24:0A:C4:23:D9:B0 ('MAC', 'B8:63:4D:A2:0E:13') ('Header', '48') ('Channel', 5) ('RSSI', -55)
Data:  24:0A:C4:23:C1:EC ('MAC', 'B8:63:4D:A2:0E:13') ('Header', '48') ('Channel', 5) ('RSSI', -55)
Data:  24:0A:C4:23:D9:B0 ('MAC', 'B8:63:4D:A2:0E:13') ('Header', '48') ('Channel', 5) ('RSSI', -55)
Data:  24:0A:C4:23:C1:EC ('MAC', 'B8:63:4D:A2:0E:13') ('Header', '48') ('Channel', 5) ('RSSI', -55)
Data:  24:0A:C4:23:D9:B0 ('MAC', 'B8:63:4D:A2:0E:13') ('Header', '48') ('Channel', 5) ('RSSI', -56)
Data:  24:0A:C4:23:C1:EC ('MAC', 'B8:63:4D:A2:0E:13') ('Header', '48') ('Channel', 5) ('RSSI', -56)
Data:  24:0A:C4:23:C1:EC ('MAC', 'B8:63:4D:A2:0E:13') ('Header', '48') ('Channel', 5) ('RSSI', -55)
Data:  24:0A:C4:23:D9:B0 ('MAC', 'B8:63:4D:A2:0E:13') ('Header', '48') ('Channel', 5) ('RSSI', -55)
Data:  24:0A:C4:23:C1:EC ('MAC', 'B8:63:4D:A2:0E:13') ('Header', '48') ('Channel', 5) ('RSSI', -55)
Data:  24:0A:C4:23:D9:B0 ('MAC', 'B8:63:4D:A2:0E:13') ('Header', '48') ('Channel', 5) ('RSSI', -56)
Data:  24:0A:C4:23:C1:EC ('MAC', 'B8:63:4D:A2:0E:13') ('Header', '48') ('Channel', 5) ('RSSI', -55)
Data:  24:0A:C4:23:D9:B0 ('MAC', 'B8:63:4D:A2:0E:13') ('Header', '48') ('Channel', 5) ('RSSI', -56)
Data:  24:0A:C4:23:C1:EC ('MAC', 'B8:63:4D:A2:0E:13') ('Header', '48') ('Channel', 5) ('RSSI', -56)
Data:  24:0A:C4:23:C1:EC ('MAC', 'B8:63:4D:A2:0E:13') ('Header', '48') ('Channel', 5) ('RSSI', -57)
Data:  24:0A:C4:23:D9:B0 ('MAC', 'B8:63:4D:A2:0E:13') ('Header', '48') ('Channel', 5) ('RSSI', -55)
Data:  24:0A:C4:23:C1:EC ('MAC', 'B8:63:4D:A2:0E:13') ('Header', '48') ('Channel', 5) ('RSSI', -55)
Summary:  3C:71:BF:99:F9:E0 1138 {}
Summary:  24:0A:C4:23:D9:B0 460 {'B8:63:4D:A2:0E:13': -55.3}
Summary:  24:0A:C4:23:C1:EC 580 {'B8:63:4D:A2:0E:13': -55.3}
Data:  24:0A:C4:23:D9:B0 ('MAC', 'B8:63:4D:A2:0E:13') ('Header', '48') ('Channel', 5) ('RSSI', -55)
Data:  24:0A:C4:23:C1:EC ('MAC', 'B8:63:4D:A2:0E:13') ('Header', '48') ('Channel', 5) ('RSSI', -63)
Data:  24:0A:C4:23:D9:B0 ('MAC', 'B8:63:4D:A2:0E:13') ('Header', '48') ('Channel', 5) ('RSSI', -56)
Data:  24:0A:C4:23:C1:EC ('MAC', 'B8:63:4D:A2:0E:13') ('Header', '48') ('Channel', 5) ('RSSI', -55)
Data:  24:0A:C4:23:D9:B0 ('MAC', 'B8:63:4D:A2:0E:13') ('Header', '48') ('Channel', 5) ('RSSI', -55)
Data:  24:0A:C4:23:C1:EC ('MAC', 'B8:63:4D:A2:0E:13') ('Header', '48') ('Channel', 5) ('RSSI', -55)
Data:  24:0A:C4:23:D9:B0 ('MAC', 'B8:63:4D:A2:0E:13') ('Header', '48') ('Channel', 5) ('RSSI', -55)
Data:  24:0A:C4:23:D9:B0 ('MAC', 'B8:63:4D:A2:0E:13') ('Header', '48') ('Channel', 5) ('RSSI', -55)
Data:  24:0A:C4:23:D9:B0 ('MAC', 'B8:63:4D:A2:0E:13') ('Header', '48') ('Channel', 5) ('RSSI', -55)
Data:  24:0A:C4:23:C1:EC ('MAC', 'B8:63:4D:A2:0E:13') ('Header', '48') ('Channel', 5) ('RSSI', -55)
Data:  24:0A:C4:23:C1:EC ('MAC', 'B8:63:4D:A2:0E:13') ('Header', '48') ('Channel', 5) ('RSSI', -56)
Data:  24:0A:C4:23:D9:B0 ('MAC', 'B8:63:4D:A2:0E:13') ('Header', '48') ('Channel', 5) ('RSSI', -55)
Data:  24:0A:C4:23:C1:EC ('MAC', 'B8:63:4D:A2:0E:13') ('Header', '48') ('Channel', 5) ('RSSI', -55)
Data:  24:0A:C4:23:C1:EC ('MAC', 'B8:63:4D:A2:0E:13') ('Header', '48') ('Channel', 5) ('RSSI', -56)
Data:  24:0A:C4:23:C1:EC ('MAC', 'B8:63:4D:A2:0E:13') ('Header', '48') ('Channel', 5) ('RSSI', -55)
Data:  24:0A:C4:23:D9:B0 ('MAC', 'B8:63:4D:A2:0E:13') ('Header', '48') ('Channel', 5) ('RSSI', -56)
Data:  24:0A:C4:23:D9:B0 ('MAC', 'B8:63:4D:A2:0E:13') ('Header', '48') ('Channel', 5) ('RSSI', -55)
Data:  24:0A:C4:23:D9:B0 ('MAC', 'B8:63:4D:A2:0E:13') ('Header', '48') ('Channel', 5) ('RSSI', -55)
Data:  24:0A:C4:23:C1:EC ('MAC', 'B8:63:4D:A2:0E:13') ('Header', '48') ('Channel', 5) ('RSSI', -55)
Data:  24:0A:C4:23:C1:EC ('MAC', 'B8:63:4D:A2:0E:13') ('Header', '48') ('Channel', 5) ('RSSI', -56)
Data:  24:0A:C4:23:C1:EC ('MAC', 'B8:63:4D:A2:0E:13') ('Header', '48') ('Channel', 5) ('RSSI', -55)
Data:  24:0A:C4:23:C1:EC ('MAC', 'B8:63:4D:A2:0E:13') ('Header', '48') ('Channel', 5) ('RSSI', -55)
Data:  24:0A:C4:23:C1:EC ('MAC', 'B8:63:4D:A2:0E:13') ('Header', '48') ('Channel', 5) ('RSSI', -55)
Data:  24:0A:C4:23:D9:B0 ('MAC', 'B8:63:4D:A2:0E:13') ('Header', '48') ('Channel', 5) ('RSSI', -57)
Data:  24:0A:C4:23:D9:B0 ('MAC', 'B8:63:4D:A2:0E:13') ('Header', '48') ('Channel', 5) ('RSSI', -56)
Data:  24:0A:C4:23:D9:B0 ('MAC', 'B8:63:4D:A2:0E:13') ('Header', '48') ('Channel', 5) ('RSSI', -55)
Data:  24:0A:C4:23:D9:B0 ('MAC', 'B8:63:4D:A2:0E:13') ('Header', '48') ('Channel', 5) ('RSSI', -56)
Data:  24:0A:C4:23:C1:EC ('MAC', 'B8:63:4D:A2:0E:13') ('Header', '48') ('Channel', 5) ('RSSI', -55)
Data:  24:0A:C4:23:D9:B0 ('MAC', 'B8:63:4D:A2:0E:13') ('Header', '48') ('Channel', 5) ('RSSI', -56)
Data:  24:0A:C4:23:C1:EC ('MAC', 'B8:63:4D:A2:0E:13') ('Header', '48') ('Channel', 5) ('RSSI', -56)
Data:  24:0A:C4:23:D9:B0 ('MAC', 'B8:63:4D:A2:0E:13') ('Header', '48') ('Channel', 5) ('RSSI', -56)
Data:  24:0A:C4:23:C1:EC ('MAC', 'B8:63:4D:A2:0E:13') ('Header', '48') ('Channel', 5) ('RSSI', -55)
Data:  24:0A:C4:23:D9:B0 ('MAC', 'B8:63:4D:A2:0E:13') ('Header', '48') ('Channel', 5) ('RSSI', -55)
Data:  24:0A:C4:23:C1:EC ('MAC', 'B8:63:4D:A2:0E:13') ('Header', '48') ('Channel', 5) ('RSSI', -55)
Data:  24:0A:C4:23:D9:B0 ('MAC', 'B8:63:4D:A2:0E:13') ('Header', '48') ('Channel', 5) ('RSSI', -55)
Data:  24:0A:C4:23:C1:EC ('MAC', 'B8:63:4D:A2:0E:13') ('Header', '48') ('Channel', 5) ('RSSI', -55)
Data:  24:0A:C4:23:D9:B0 ('MAC', 'B8:63:4D:A2:0E:13') ('Header', '48') ('Channel', 5) ('RSSI', -55)
Data:  24:0A:C4:23:D9:B0 ('MAC', 'B8:63:4D:A2:0E:13') ('Header', '48') ('Channel', 5) ('RSSI', -55)
Data:  24:0A:C4:23:D9:B0 ('MAC', 'B8:63:4D:A2:0E:13') ('Header', '48') ('Channel', 5) ('RSSI', -55)
Data:  24:0A:C4:23:C1:EC ('MAC', 'B8:63:4D:A2:0E:13') ('Header', '48') ('Channel', 5) ('RSSI', -54)
Data:  24:0A:C4:23:C1:EC ('MAC', 'B8:63:4D:A2:0E:13') ('Header', '48') ('Channel', 5) ('RSSI', -55)
Data:  24:0A:C4:23:C1:EC ('MAC', 'B8:63:4D:A2:0E:13') ('Header', '48') ('Channel', 5) ('RSSI', -54)
Data:  24:0A:C4:23:D9:B0 ('MAC', 'B8:63:4D:A2:0E:13') ('Header', '48') ('Channel', 5) ('RSSI', -55)
Data:  24:0A:C4:23:C1:EC ('MAC', 'B8:63:4D:A2:0E:13') ('Header', '48') ('Channel', 5) ('RSSI', -55)
Data:  24:0A:C4:23:D9:B0 ('MAC', 'B8:63:4D:A2:0E:13') ('Header', '48') ('Channel', 5) ('RSSI', -55)
Data:  24:0A:C4:23:C1:EC ('MAC', 'B8:63:4D:A2:0E:13') ('Header', '48') ('Channel', 5) ('RSSI', -55)
Data:  24:0A:C4:23:D9:B0 ('MAC', 'B8:63:4D:A2:0E:13') ('Header', '48') ('Channel', 5) ('RSSI', -55)
Data:  24:0A:C4:23:C1:EC ('MAC', 'B8:63:4D:A2:0E:13') ('Header', '48') ('Channel', 5) ('RSSI', -55)
Data:  24:0A:C4:23:C1:EC ('MAC', 'B8:63:4D:A2:0E:13') ('Header', '48') ('Channel', 5) ('RSSI', -55)
Data:  24:0A:C4:23:D9:B0 ('MAC', 'B8:63:4D:A2:0E:13') ('Header', '48') ('Channel', 5) ('RSSI', -56)
Data:  24:0A:C4:23:C1:EC ('MAC', 'B8:63:4D:A2:0E:13') ('Header', '48') ('Channel', 5) ('RSSI', -55)
Data:  24:0A:C4:23:D9:B0 ('MAC', 'B8:63:4D:A2:0E:13') ('Header', '48') ('Channel', 5) ('RSSI', -56)
Data:  24:0A:C4:23:D9:B0 ('MAC', 'B8:63:4D:A2:0E:13') ('Header', '48') ('Channel', 5) ('RSSI', -55)
Data:  24:0A:C4:23:C1:EC ('MAC', 'B8:63:4D:A2:0E:13') ('Header', '48') ('Channel', 5) ('RSSI', -55)
Data:  24:0A:C4:23:C1:EC ('MAC', 'B8:63:4D:A2:0E:13') ('Header', '48') ('Channel', 5) ('RSSI', -55)
Data:  24:0A:C4:23:C1:EC ('MAC', 'B8:63:4D:A2:0E:13') ('Header', '48') ('Channel', 5) ('RSSI', -55)
Data:  24:0A:C4:23:D9:B0 ('MAC', 'B8:63:4D:A2:0E:13') ('Header', '48') ('Channel', 5) ('RSSI', -56)
Data:  24:0A:C4:23:C1:EC ('MAC', 'B8:63:4D:A2:0E:13') ('Header', '48') ('Channel', 5) ('RSSI', -55)
Data:  24:0A:C4:23:D9:B0 ('MAC', 'B8:63:4D:A2:0E:13') ('Header', '48') ('Channel', 5) ('RSSI', -56)
Data:  24:0A:C4:23:C1:EC ('MAC', 'B8:63:4D:A2:0E:13') ('Header', '48') ('Channel', 5) ('RSSI', -56)
Data:  24:0A:C4:23:D9:B0 ('MAC', 'B8:63:4D:A2:0E:13') ('Header', '48') ('Channel', 5) ('RSSI', -56)
Data:  24:0A:C4:23:D9:B0 ('MAC', 'B8:63:4D:A2:0E:13') ('Header', '48') ('Channel', 5) ('RSSI', -55)
Data:  24:0A:C4:23:C1:EC ('MAC', 'B8:63:4D:A2:0E:13') ('Header', '48') ('Channel', 5) ('RSSI', -55)
Data:  24:0A:C4:23:D9:B0 ('MAC', 'B8:63:4D:A2:0E:13') ('Header', '48') ('Channel', 5) ('RSSI', -55)
Data:  24:0A:C4:23:D9:B0 ('MAC', 'B8:63:4D:A2:0E:13') ('Header', '48') ('Channel', 5) ('RSSI', -55)
Data:  24:0A:C4:23:D9:B0 ('MAC', 'B8:63:4D:A2:0E:13') ('Header', '48') ('Channel', 5) ('RSSI', -55)
Data:  24:0A:C4:23:C1:EC ('MAC', 'B8:63:4D:A2:0E:13') ('Header', '48') ('Channel', 5) ('RSSI', -55)
Data:  24:0A:C4:23:C1:EC ('MAC', 'B8:63:4D:A2:0E:13') ('Header', '48') ('Channel', 5) ('RSSI', -55)
Data:  24:0A:C4:23:C1:EC ('MAC', 'B8:63:4D:A2:0E:13') ('Header', '48') ('Channel', 5) ('RSSI', -55)
Data:  24:0A:C4:23:D9:B0 ('MAC', 'B8:63:4D:A2:0E:13') ('Header', '48') ('Channel', 5) ('RSSI', -55)
Data:  24:0A:C4:23:C1:EC ('MAC', 'B8:63:4D:A2:0E:13') ('Header', '48') ('Channel', 5) ('RSSI', -55)
Data:  24:0A:C4:23:D9:B0 ('MAC', 'B8:63:4D:A2:0E:13') ('Header', '48') ('Channel', 5) ('RSSI', -56)
Data:  24:0A:C4:23:C1:EC ('MAC', 'B8:63:4D:A2:0E:13') ('Header', '48') ('Channel', 5) ('RSSI', -56)
Data:  24:0A:C4:23:C1:EC ('MAC', 'B8:63:4D:A2:0E:13') ('Header', '48') ('Channel', 5) ('RSSI', -55)
Data:  24:0A:C4:23:D9:B0 ('MAC', 'B8:63:4D:A2:0E:13') ('Header', '48') ('Channel', 5) ('RSSI', -57)
Data:  24:0A:C4:23:D9:B0 ('MAC', 'B8:63:4D:A2:0E:13') ('Header', '48') ('Channel', 5) ('RSSI', -55)
Data:  24:0A:C4:23:C1:EC ('MAC', 'B8:63:4D:A2:0E:13') ('Header', '48') ('Channel', 5) ('RSSI', -55)
Data:  24:0A:C4:23:D9:B0 ('MAC', 'B8:63:4D:A2:0E:13') ('Header', '48') ('Channel', 5) ('RSSI', -56)
Data:  24:0A:C4:23:C1:EC ('MAC', 'B8:63:4D:A2:0E:13') ('Header', '48') ('Channel', 5) ('RSSI', -55)
Data:  24:0A:C4:23:D9:B0 ('MAC', 'B8:63:4D:A2:0E:13') ('Header', '48') ('Channel', 5) ('RSSI', -55)
Data:  24:0A:C4:23:C1:EC ('MAC', 'B8:63:4D:A2:0E:13') ('Header', '48') ('Channel', 5) ('RSSI', -55)
Data:  24:0A:C4:23:D9:B0 ('MAC', 'B8:63:4D:A2:0E:13') ('Header', '48') ('Channel', 5) ('RSSI', -55)
Data:  24:0A:C4:23:C1:EC ('MAC', 'B8:63:4D:A2:0E:13') ('Header', '48') ('Channel', 5) ('RSSI', -55)
Data:  24:0A:C4:23:D9:B0 ('MAC', 'B8:63:4D:A2:0E:13') ('Header', '48') ('Channel', 5) ('RSSI', -55)
Data:  24:0A:C4:23:C1:EC ('MAC', 'B8:63:4D:A2:0E:13') ('Header', '48') ('Channel', 5) ('RSSI', -55)
Data:  24:0A:C4:23:D9:B0 ('MAC', 'B8:63:4D:A2:0E:13') ('Header', '48') ('Channel', 5) ('RSSI', -55)
Data:  24:0A:C4:23:C1:EC ('MAC', 'B8:63:4D:A2:0E:13') ('Header', '48') ('Channel', 5) ('RSSI', -55)
Data:  24:0A:C4:23:D9:B0 ('MAC', 'B8:63:4D:A2:0E:13') ('Header', '48') ('Channel', 5) ('RSSI', -55)
Summary:  3C:71:BF:99:F9:E0 1138 {}
Summary:  24:0A:C4:23:D9:B0 460 {'B8:63:4D:A2:0E:13': -55.4}
Summary:  24:0A:C4:23:C1:EC 580 {'B8:63:4D:A2:0E:13': -55.3}
Data:  24:0A:C4:23:C1:EC ('MAC', 'B8:63:4D:A2:0E:13') ('Header', '48') ('Channel', 5) ('RSSI', -55)
Data:  24:0A:C4:23:D9:B0 ('MAC', 'B8:63:4D:A2:0E:13') ('Header', '48') ('Channel', 5) ('RSSI', -55)
Data:  24:0A:C4:23:C1:EC ('MAC', 'B8:63:4D:A2:0E:13') ('Header', '48') ('Channel', 5) ('RSSI', -55)
Data:  24:0A:C4:23:D9:B0 ('MAC', 'B8:63:4D:A2:0E:13') ('Header', '48') ('Channel', 5) ('RSSI', -55)
Data:  24:0A:C4:23:C1:EC ('MAC', 'B8:63:4D:A2:0E:13') ('Header', '48') ('Channel', 5) ('RSSI', -55)
Data:  24:0A:C4:23:D9:B0 ('MAC', 'B8:63:4D:A2:0E:13') ('Header', '48') ('Channel', 5) ('RSSI', -55)
Data:  24:0A:C4:23:D9:B0 ('MAC', 'B8:63:4D:A2:0E:13') ('Header', '48') ('Channel', 5) ('RSSI', -56)
Data:  24:0A:C4:23:C1:EC ('MAC', 'B8:63:4D:A2:0E:13') ('Header', '48') ('Channel', 5) ('RSSI', -55)
Data:  24:0A:C4:23:C1:EC ('MAC', 'B8:63:4D:A2:0E:13') ('Header', '48') ('Channel', 5) ('RSSI', -55)
Data:  24:0A:C4:23:C1:EC ('MAC', 'B8:63:4D:A2:0E:13') ('Header', '48') ('Channel', 5) ('RSSI', -56)
Data:  24:0A:C4:23:D9:B0 ('MAC', 'B8:63:4D:A2:0E:13') ('Header', '48') ('Channel', 5) ('RSSI', -55)
Data:  24:0A:C4:23:D9:B0 ('MAC', 'B8:63:4D:A2:0E:13') ('Header', '48') ('Channel', 5) ('RSSI', -56)
Data:  24:0A:C4:23:D9:B0 ('MAC', 'B8:63:4D:A2:0E:13') ('Header', '48') ('Channel', 5) ('RSSI', -55)
Data:  24:0A:C4:23:C1:EC ('MAC', 'B8:63:4D:A2:0E:13') ('Header', '48') ('Channel', 5) ('RSSI', -57)
Data:  24:0A:C4:23:D9:B0 ('MAC', 'B8:63:4D:A2:0E:13') ('Header', '48') ('Channel', 5) ('RSSI', -56)
Data:  24:0A:C4:23:C1:EC ('MAC', 'B8:63:4D:A2:0E:13') ('Header', '48') ('Channel', 5) ('RSSI', -55)
Data:  24:0A:C4:23:C1:EC ('MAC', 'B8:63:4D:A2:0E:13') ('Header', '48') ('Channel', 5) ('RSSI', -57)
Data:  24:0A:C4:23:D9:B0 ('MAC', 'B8:63:4D:A2:0E:13') ('Header', '48') ('Channel', 5) ('RSSI', -56)
Data:  24:0A:C4:23:D9:B0 ('MAC', 'B8:63:4D:A2:0E:13') ('Header', '48') ('Channel', 5) ('RSSI', -55)
Data:  24:0A:C4:23:C1:EC ('MAC', 'B8:63:4D:A2:0E:13') ('Header', '48') ('Channel', 5) ('RSSI', -56)
Data:  24:0A:C4:23:D9:B0 ('MAC', 'B8:63:4D:A2:0E:13') ('Header', '48') ('Channel', 5) ('RSSI', -55)
Data:  24:0A:C4:23:C1:EC ('MAC', 'B8:63:4D:A2:0E:13') ('Header', '48') ('Channel', 5) ('RSSI', -55)
Data:  24:0A:C4:23:C1:EC ('MAC', 'B8:63:4D:A2:0E:13') ('Header', '48') ('Channel', 5) ('RSSI', -56)
Data:  24:0A:C4:23:D9:B0 ('MAC', 'B8:63:4D:A2:0E:13') ('Header', '48') ('Channel', 5) ('RSSI', -56)
Data:  24:0A:C4:23:C1:EC ('MAC', 'B8:63:4D:A2:0E:13') ('Header', '48') ('Channel', 5) ('RSSI', -55)
Data:  24:0A:C4:23:D9:B0 ('MAC', 'B8:63:4D:A2:0E:13') ('Header', '48') ('Channel', 5) ('RSSI', -55)
Data:  24:0A:C4:23:C1:EC ('MAC', 'B8:63:4D:A2:0E:13') ('Header', '48') ('Channel', 5) ('RSSI', -56)
Data:  24:0A:C4:23:D9:B0 ('MAC', 'B8:63:4D:A2:0E:13') ('Header', '48') ('Channel', 5) ('RSSI', -55)
Data:  24:0A:C4:23:C1:EC ('MAC', 'B8:63:4D:A2:0E:13') ('Header', '48') ('Channel', 5) ('RSSI', -56)
Data:  24:0A:C4:23:C1:EC ('MAC', 'B8:63:4D:A2:0E:13') ('Header', '48') ('Channel', 5) ('RSSI', -56)
Data:  24:0A:C4:23:D9:B0 ('MAC', 'B8:63:4D:A2:0E:13') ('Header', '48') ('Channel', 5) ('RSSI', -55)
Data:  24:0A:C4:23:C1:EC ('MAC', 'B8:63:4D:A2:0E:13') ('Header', '48') ('Channel', 5) ('RSSI', -56)
Data:  24:0A:C4:23:D9:B0 ('MAC', 'B8:63:4D:A2:0E:13') ('Header', '48') ('Channel', 5) ('RSSI', -54)
Data:  24:0A:C4:23:D9:B0 ('MAC', 'B8:63:4D:A2:0E:13') ('Header', '48') ('Channel', 5) ('RSSI', -56)
Data:  24:0A:C4:23:C1:EC ('MAC', 'B8:63:4D:A2:0E:13') ('Header', '48') ('Channel', 5) ('RSSI', -55)
Data:  24:0A:C4:23:D9:B0 ('MAC', 'B8:63:4D:A2:0E:13') ('Header', '48') ('Channel', 5) ('RSSI', -55)
Data:  24:0A:C4:23:D9:B0 ('MAC', 'B8:63:4D:A2:0E:13') ('Header', '48') ('Channel', 5) ('RSSI', -55)
Data:  24:0A:C4:23:C1:EC ('MAC', 'B8:63:4D:A2:0E:13') ('Header', '48') ('Channel', 5) ('RSSI', -55)
Data:  24:0A:C4:23:D9:B0 ('MAC', 'B8:63:4D:A2:0E:13') ('Header', '48') ('Channel', 5) ('RSSI', -57)
Data:  24:0A:C4:23:C1:EC ('MAC', 'B8:63:4D:A2:0E:13') ('Header', '48') ('Channel', 5) ('RSSI', -55)
Data:  24:0A:C4:23:D9:B0 ('MAC', 'B8:63:4D:A2:0E:13') ('Header', '48') ('Channel', 5) ('RSSI', -56)
Data:  24:0A:C4:23:C1:EC ('MAC', 'B8:63:4D:A2:0E:13') ('Header', '48') ('Channel', 5) ('RSSI', -55)
Data:  24:0A:C4:23:D9:B0 ('MAC', 'B8:63:4D:A2:0E:13') ('Header', '48') ('Channel', 5) ('RSSI', -55)
Data:  24:0A:C4:23:C1:EC ('MAC', 'B8:63:4D:A2:0E:13') ('Header', '48') ('Channel', 5) ('RSSI', -55)
Data:  24:0A:C4:23:D9:B0 ('MAC', 'B8:63:4D:A2:0E:13') ('Header', '48') ('Channel', 5) ('RSSI', -56)
Data:  24:0A:C4:23:C1:EC ('MAC', 'B8:63:4D:A2:0E:13') ('Header', '48') ('Channel', 5) ('RSSI', -56)
Data:  24:0A:C4:23:D9:B0 ('MAC', 'B8:63:4D:A2:0E:13') ('Header', '48') ('Channel', 5) ('RSSI', -57)
Data:  24:0A:C4:23:C1:EC ('MAC', 'B8:63:4D:A2:0E:13') ('Header', '48') ('Channel', 5) ('RSSI', -57)
Data:  24:0A:C4:23:D9:B0 ('MAC', 'B8:63:4D:A2:0E:13') ('Header', '48') ('Channel', 5) ('RSSI', -57)
Data:  24:0A:C4:23:C1:EC ('MAC', 'B8:63:4D:A2:0E:13') ('Header', '48') ('Channel', 5) ('RSSI', -56)
Data:  24:0A:C4:23:D9:B0 ('MAC', 'B8:63:4D:A2:0E:13') ('Header', '48') ('Channel', 5) ('RSSI', -57)
Data:  24:0A:C4:23:C1:EC ('MAC', 'B8:63:4D:A2:0E:13') ('Header', '48') ('Channel', 5) ('RSSI', -65)
Data:  24:0A:C4:23:D9:B0 ('MAC', 'B8:63:4D:A2:0E:13') ('Header', '48') ('Channel', 5) ('RSSI', -56)
Data:  24:0A:C4:23:C1:EC ('MAC', 'B8:63:4D:A2:0E:13') ('Header', '48') ('Channel', 5) ('RSSI', -64)
Data:  24:0A:C4:23:D9:B0 ('MAC', 'B8:63:4D:A2:0E:13') ('Header', '48') ('Channel', 5) ('RSSI', -56)
Data:  24:0A:C4:23:C1:EC ('MAC', 'B8:63:4D:A2:0E:13') ('Header', '48') ('Channel', 5) ('RSSI', -55)
Data:  24:0A:C4:23:D9:B0 ('MAC', 'B8:63:4D:A2:0E:13') ('Header', '48') ('Channel', 5) ('RSSI', -54)
Data:  24:0A:C4:23:C1:EC ('MAC', 'B8:63:4D:A2:0E:13') ('Header', '48') ('Channel', 5) ('RSSI', -55)
Data:  24:0A:C4:23:D9:B0 ('MAC', 'B8:63:4D:A2:0E:13') ('Header', '48') ('Channel', 5) ('RSSI', -55)
Data:  24:0A:C4:23:C1:EC ('MAC', 'B8:63:4D:A2:0E:13') ('Header', '48') ('Channel', 5) ('RSSI', -55)
Data:  24:0A:C4:23:D9:B0 ('MAC', 'B8:63:4D:A2:0E:13') ('Header', '48') ('Channel', 5) ('RSSI', -55)
Data:  24:0A:C4:23:C1:EC ('MAC', 'B8:63:4D:A2:0E:13') ('Header', '48') ('Channel', 5) ('RSSI', -55)
Data:  24:0A:C4:23:D9:B0 ('MAC', 'B8:63:4D:A2:0E:13') ('Header', '48') ('Channel', 5) ('RSSI', -55)
Data:  24:0A:C4:23:C1:EC ('MAC', 'B8:63:4D:A2:0E:13') ('Header', '48') ('Channel', 5) ('RSSI', -55)
Data:  24:0A:C4:23:C1:EC ('MAC', 'B8:63:4D:A2:0E:13') ('Header', '48') ('Channel', 5) ('RSSI', -55)
Data:  24:0A:C4:23:C1:EC ('MAC', 'B8:63:4D:A2:0E:13') ('Header', '48') ('Channel', 5) ('RSSI', -55)
Data:  24:0A:C4:23:C1:EC ('MAC', 'B8:63:4D:A2:0E:13') ('Header', '48') ('Channel', 5) ('RSSI', -55)
Data:  24:0A:C4:23:D9:B0 ('MAC', 'B8:63:4D:A2:0E:13') ('Header', '48') ('Channel', 5) ('RSSI', -54)
Data:  24:0A:C4:23:C1:EC ('MAC', 'B8:63:4D:A2:0E:13') ('Header', '48') ('Channel', 5) ('RSSI', -55)
Data:  24:0A:C4:23:D9:B0 ('MAC', 'B8:63:4D:A2:0E:13') ('Header', '48') ('Channel', 5) ('RSSI', -55)
Data:  24:0A:C4:23:C1:EC ('MAC', 'B8:63:4D:A2:0E:13') ('Header', '48') ('Channel', 5) ('RSSI', -55)
Data:  24:0A:C4:23:D9:B0 ('MAC', 'B8:63:4D:A2:0E:13') ('Header', '48') ('Channel', 5) ('RSSI', -55)
Data:  24:0A:C4:23:D9:B0 ('MAC', 'B8:63:4D:A2:0E:13') ('Header', '48') ('Channel', 5) ('RSSI', -55)
Data:  24:0A:C4:23:D9:B0 ('MAC', 'B8:63:4D:A2:0E:13') ('Header', '48') ('Channel', 5) ('RSSI', -56)
Data:  24:0A:C4:23:C1:EC ('MAC', 'B8:63:4D:A2:0E:13') ('Header', '48') ('Channel', 5) ('RSSI', -57)
Data:  24:0A:C4:23:D9:B0 ('MAC', 'B8:63:4D:A2:0E:13') ('Header', '48') ('Channel', 5) ('RSSI', -56)
Data:  24:0A:C4:23:C1:EC ('MAC', 'B8:63:4D:A2:0E:13') ('Header', '48') ('Channel', 5) ('RSSI', -59)
Data:  24:0A:C4:23:D9:B0 ('MAC', 'B8:63:4D:A2:0E:13') ('Header', '48') ('Channel', 5) ('RSSI', -56)
Data:  24:0A:C4:23:D9:B0 ('MAC', 'B8:63:4D:A2:0E:13') ('Header', '48') ('Channel', 5) ('RSSI', -55)
Data:  24:0A:C4:23:C1:EC ('MAC', 'B8:63:4D:A2:0E:13') ('Header', '48') ('Channel', 5) ('RSSI', -55)
Data:  24:0A:C4:23:D9:B0 ('MAC', 'B8:63:4D:A2:0E:13') ('Header', '48') ('Channel', 5) ('RSSI', -56)
Data:  24:0A:C4:23:C1:EC ('MAC', 'B8:63:4D:A2:0E:13') ('Header', '48') ('Channel', 5) ('RSSI', -55)
Data:  24:0A:C4:23:D9:B0 ('MAC', 'B8:63:4D:A2:0E:13') ('Header', '48') ('Channel', 5) ('RSSI', -56)
Data:  24:0A:C4:23:C1:EC ('MAC', 'B8:63:4D:A2:0E:13') ('Header', '48') ('Channel', 5) ('RSSI', -54)
Data:  24:0A:C4:23:D9:B0 ('MAC', 'B8:63:4D:A2:0E:13') ('Header', '48') ('Channel', 5) ('RSSI', -56)
Data:  24:0A:C4:23:C1:EC ('MAC', 'B8:63:4D:A2:0E:13') ('Header', '48') ('Channel', 5) ('RSSI', -55)
Data:  24:0A:C4:23:C1:EC ('MAC', 'B8:63:4D:A2:0E:13') ('Header', '48') ('Channel', 5) ('RSSI', -56)
Summary:  3C:71:BF:99:F9:E0 1138 {}
Summary:  24:0A:C4:23:D9:B0 460 {'B8:63:4D:A2:0E:13': -55.5}
Summary:  24:0A:C4:23:C1:EC 580 {'B8:63:4D:A2:0E:13': -55.9}
Data:  24:0A:C4:23:D9:B0 ('MAC', 'B8:63:4D:A2:0E:13') ('Header', '48') ('Channel', 5) ('RSSI', -56)
Data:  24:0A:C4:23:C1:EC ('MAC', 'B8:63:4D:A2:0E:13') ('Header', '48') ('Channel', 5) ('RSSI', -57)
Data:  24:0A:C4:23:D9:B0 ('MAC', 'B8:63:4D:A2:0E:13') ('Header', '48') ('Channel', 5) ('RSSI', -56)
Data:  24:0A:C4:23:C1:EC ('MAC', 'B8:63:4D:A2:0E:13') ('Header', '48') ('Channel', 5) ('RSSI', -58)